1.1869,Mouse.left,pressed,OTHSNI
1.2488,Mouse.left,released,OTHSNI
1.8918,Key.esc,pressed,OTHSNI
1.9538,Key.esc,released,OTHSNI
8.3829,'w',pressed,OTHSNI
8.6889,'d',pressed,OTHSNI
8.9489,'d',released,OTHSNI
9.0009,'w',released,OTHSNI
10.5289,'w',pressed,OTHSNI
10.6218,'w',released,OTHSNI
10.7179,'w',pressed,OTHSNI
11.0079,'a',pressed,OTHSNI
11.0819,'a',released,OTHSNI
11.1449,'w',released,OTHSNI
11.9399,'w',pressed,OTHSNI
12.0118,'w',released,OTHSNI
12.0899,'w',pressed,OTHSNI
12.5239,'w',released,OTHSNI
12.7070,'s',pressed,OTHSNI
13.3259,'d',pressed,OTHSNI
13.4879,'s',released,OTHSNI
13.6578,'w',pressed,OTHSNI
13.7499,'d',released,OTHSNI
13.7560,'w',released,OTHSNI
13.8339,'w',pressed,OTHSNI
14.3789,'a',pressed,OTHSNI
14.6840,'a',released,OTHSNI
14.8998,'d',pressed,OTHSNI
15.0379,'d',released,OTHSNI
15.1758,Key.space,pressed,OTHSNI
15.3137,Key.space,released,OTHSNI
15.6669,'a',pressed,OTHSNI
16.0008,'a',released,OTHSNI
16.4319,'w',released,OTHSNI
16.5458,'w',pressed,OTHSNI
16.5739,'d',pressed,OTHSNI
16.5939,'w',released,OTHSNI
17.2569,'w',pressed,OTHSNI
17.2789,'d',released,OTHSNI
17.3369,'w',released,OTHSNI
17.5838,'a',pressed,OTHSNI
17.6459,'a',released,OTHSNI
17.6959,'d',pressed,OTHSNI
18.0958,'a',pressed,OTHSNI
18.1659,'d',released,OTHSNI
18.2089,'s',pressed,OTHSNI
18.3789,'a',released,OTHSNI
18.5229,'d',pressed,OTHSNI
18.5889,'s',released,OTHSNI
18.7269,'d',released,OTHSNI
18.7509,'w',pressed,OTHSNI
18.9299,'a',pressed,OTHSNI
19.0978,'a',released,OTHSNI
19.3339,'a',pressed,OTHSNI
19.4838,'w',released,OTHSNI
19.5098,'a',released,OTHSNI
19.5229,'d',pressed,OTHSNI
19.7909,'d',released,OTHSNI
19.9759,'a',pressed,OTHSNI
20.1719,'w',pressed,OTHSNI
20.2199,'a',released,OTHSNI
20.2599,'w',released,OTHSNI
20.3539,'w',pressed,OTHSNI
20.6099,'a',pressed,OTHSNI
20.8430,'a',released,OTHSNI
20.9208,'d',pressed,OTHSNI
20.9668,'w',released,OTHSNI
21.5119,'d',released,OTHSNI
22.1779,'w',pressed,OTHSNI
22.2489,'w',released,OTHSNI
22.3250,'d',pressed,OTHSNI
22.7128,'w',pressed,OTHSNI
22.7709,'w',released,OTHSNI
22.8869,'w',pressed,OTHSNI
22.8919,'d',released,OTHSNI
23.0858,Key.space,pressed,OTHSNI
23.1879,'a',pressed,OTHSNI
23.2118,Key.space,released,OTHSNI
23.6389,'a',released,OTHSNI
23.6748,'w',released,OTHSNI
23.8549,'a',pressed,OTHSNI
24.2579,'a',released,OTHSNI
24.3279,'s',pressed,OTHSNI
24.6459,'s',released,OTHSNI
24.8551,'w',pressed,OTHSNI
24.9159,'w',released,OTHSNI
25.0149,'w',pressed,OTHSNI
25.4288,Key.space,pressed,OTHSNI
25.6519,'d',pressed,OTHSNI
25.6537,Key.space,released,OTHSNI
25.9779,'d',released,OTHSNI
26.2729,'d',pressed,OTHSNI
26.5869,'d',released,OTHSNI
27.1639,'d',pressed,OTHSNI
27.2259,'d',released,OTHSNI
27.3859,'d',pressed,OTHSNI
27.4619,'d',released,OTHSNI
27.6489,'d',pressed,OTHSNI
27.6889,'w',released,OTHSNI
27.7614,'d',released,OTHSNI
27.9129,'w',pressed,OTHSNI
27.9868,'w',released,OTHSNI
28.0728,'w',pressed,OTHSNI
28.1719,'d',pressed,OTHSNI
28.2998,'d',released,OTHSNI
29.0098,Mouse.right,pressed,OTHSNI
29.3458,Mouse.right,released,OTHSNI
30.2509,'d',pressed,OTHSNI
30.2929,'w',released,OTHSNI
30.4429,'s',pressed,OTHSNI
30.6268,'d',released,OTHSNI
30.6849,'s',released,OTHSNI
30.8168,'w',pressed,OTHSNI
30.8207,'d',pressed,OTHSNI
30.8470,'d',released,OTHSNI
31.5038,'a',pressed,OTHSNI
31.8829,'w',released,OTHSNI
32.2399,'w',pressed,OTHSNI
32.5641,'a',released,OTHSNI
32.6479,'a',pressed,OTHSNI
32.7419,'w',released,OTHSNI
32.9400,'w',pressed,OTHSNI
33.0149,'a',released,OTHSNI
33.0199,'w',released,OTHSNI
33.1210,'w',pressed,OTHSNI
33.1270,'a',pressed,OTHSNI
33.1470,'a',released,OTHSNI
33.5619,'d',pressed,OTHSNI
33.9880,'d',released,OTHSNI
34.0759,'w',released,OTHSNI
34.1859,'a',pressed,OTHSNI
34.6969,'a',released,OTHSNI
34.8939,'w',pressed,OTHSNI
34.9598,'w',released,OTHSNI
35.0739,'w',pressed,OTHSNI
35.4038,'a',pressed,OTHSNI
35.7949,'a',released,OTHSNI
36.0490,'a',pressed,OTHSNI
36.3720,'a',released,OTHSNI
36.4640,'d',pressed,OTHSNI
36.8198,'w',released,OTHSNI
37.1309,'w',pressed,OTHSNI
37.2909,'d',released,OTHSNI
37.4509,'d',pressed,OTHSNI
37.5249,'d',released,OTHSNI
37.7978,Key.shift,pressed,OTHSNI
38.1298,'W',released,OTHSNI
38.1599,Key.shift,released,OTHSNI
38.6509,'d',pressed,OTHSNI
38.6949,'d',released,OTHSNI
39.8189,'a',pressed,OTHSNI
39.9148,'a',released,OTHSNI
40.1989,'d',pressed,OTHSNI
40.2549,'d',released,OTHSNI
40.5658,'d',pressed,OTHSNI
40.6399,'d',released,OTHSNI
41.1719,'a',pressed,OTHSNI
41.1959,'a',released,OTHSNI
41.2909,'w',released,OTHSNI
42.0168,Mouse.right,pressed,OTHSNI
42.2008,Mouse.right,released,OTHSNI
44.6238,Mouse.right,pressed,OTHSNI
44.7609,Mouse.right,released,OTHSNI
44.7860,'s',pressed,OTHSNI
44.8799,'a',pressed,OTHSNI
44.9059,'s',released,OTHSNI
45.1549,'w',pressed,OTHSNI
45.5609,'w',released,OTHSNI
45.5969,'a',released,OTHSNI
46.1878,'w',pressed,OTHSNI
46.4179,'d',pressed,OTHSNI
46.5109,'w',released,OTHSNI
46.6328,'d',released,OTHSNI
47.3619,'d',pressed,OTHSNI
47.4339,'d',released,OTHSNI
47.4398,'w',pressed,OTHSNI
47.5278,'w',released,OTHSNI
47.9409,'s',pressed,OTHSNI
48.0009,'a',pressed,OTHSNI
48.0209,'s',released,OTHSNI
48.3248,'a',released,OTHSNI
48.4029,'d',pressed,OTHSNI
48.5369,'d',released,OTHSNI
48.6879,'a',pressed,OTHSNI
48.9838,'s',pressed,OTHSNI
49.0619,'a',released,OTHSNI
49.4010,'s',released,OTHSNI
49.4568,'a',pressed,OTHSNI
49.6549,'a',released,OTHSNI
50.0079,'w',pressed,OTHSNI
50.0269,'d',pressed,OTHSNI
50.2199,'w',released,OTHSNI
51.0368,Key.space,pressed,OTHSNI
51.2069,Key.space,released,OTHSNI
51.2589,'w',pressed,OTHSNI
51.3189,'d',released,OTHSNI
51.4118,'d',pressed,OTHSNI
51.5499,'d',released,OTHSNI
52.0868,Key.space,pressed,OTHSNI
52.1690,'d',pressed,OTHSNI
52.4348,Key.space,released,OTHSNI
52.9098,Key.space,pressed,OTHSNI
52.9461,'d',released,OTHSNI
53.0619,'a',pressed,OTHSNI
53.1418,Key.space,released,OTHSNI
53.3339,'a',released,OTHSNI
53.4378,Key.space,pressed,OTHSNI
53.5308,Key.space,released,OTHSNI
53.6388,Key.space,pressed,OTHSNI
53.7308,Key.space,released,OTHSNI
53.8308,Key.space,pressed,OTHSNI
53.9368,Key.space,released,OTHSNI
54.0389,'a',pressed,OTHSNI
54.0999,'a',released,OTHSNI
54.2979,'d',pressed,OTHSNI
54.4019,'w',released,OTHSNI
54.5519,'a',pressed,OTHSNI
54.6379,'a',released,OTHSNI
55.5019,'w',pressed,OTHSNI
55.7978,'d',released,OTHSNI
55.8638,'a',pressed,OTHSNI
56.0599,'w',released,OTHSNI
56.4329,'w',pressed,OTHSNI
57.1259,'a',released,OTHSNI
57.1559,'d',pressed,OTHSNI
57.1899,'w',released,OTHSNI
57.2459,'d',released,OTHSNI
57.5249,'a',pressed,OTHSNI
57.6109,'a',released,OTHSNI
57.7768,'d',pressed,OTHSNI
57.8459,Mouse.right,pressed,OTHSNI
57.9510,'d',released,OTHSNI
58.0018,Mouse.right,released,OTHSNI
58.2920,'s',pressed,OTHSNI
58.5420,'d',pressed,OTHSNI
58.6339,'d',released,OTHSNI
58.7099,Mouse.left,pressed,OTHSNI
58.8019,'s',released,OTHSNI
58.8428,Mouse.left,released,OTHSNI
59.0629,'s',pressed,OTHSNI
59.2629,'s',released,OTHSNI
59.3539,Mouse.right,pressed,OTHSNI
59.5108,Mouse.right,released,OTHSNI
59.7559,'d',pressed,OTHSNI
60.6549,'a',pressed,OTHSNI
60.7389,'d',released,OTHSNI
60.8919,'a',released,OTHSNI
61.0699,'w',pressed,OTHSNI
61.3619,'a',pressed,OTHSNI
61.7389,'w',released,OTHSNI
61.7869,'a',released,OTHSNI
61.9690,'a',pressed,OTHSNI
61.9850,'a',released,OTHSNI
62.3438,Mouse.right,pressed,OTHSNI
62.4650,Mouse.right,released,OTHSNI
62.4722,'d',pressed,OTHSNI
62.5078,Mouse.left,pressed,OTHSNI
62.5959,Mouse.left,released,OTHSNI
62.8119,'s',pressed,OTHSNI
62.8590,'d',released,OTHSNI
63.0709,'d',pressed,OTHSNI
63.1138,Mouse.right,pressed,OTHSNI
63.2628,Mouse.right,released,OTHSNI
63.2829,'s',released,OTHSNI
63.8259,'a',pressed,OTHSNI
63.8999,'a',released,OTHSNI
64.0020,'a',pressed,OTHSNI
64.0219,'w',pressed,OTHSNI
64.0459,'d',released,OTHSNI
64.4829,'w',released,OTHSNI
64.8299,'a',released,OTHSNI
64.8568,'w',pressed,OTHSNI
64.8608,'w',released,OTHSNI
65.0619,'d',pressed,OTHSNI
65.2829,Mouse.right,pressed,OTHSNI
65.3899,'s',pressed,OTHSNI
65.3928,Mouse.right,released,OTHSNI
65.3998,'d',released,OTHSNI
65.4479,'a',pressed,OTHSNI
65.4839,'s',released,OTHSNI
65.7069,'s',pressed,OTHSNI
65.7189,'a',released,OTHSNI
65.9259,Mouse.left,pressed,OTHSNI
66.0048,Mouse.left,released,OTHSNI
66.2278,Mouse.left,pressed,OTHSNI
66.2898,'s',released,OTHSNI
66.2968,Mouse.left,released,OTHSNI
68.6510,'w',pressed,OTHSNI
68.7428,'w',released,OTHSNI
68.8729,'w',pressed,OTHSNI
68.8968,'w',released,OTHSNI
71.3268,Mouse.right,pressed,OTHSNI
71.4528,Mouse.right,released,OTHSNI
91.2330,'w',pressed,OTHSNI
91.3129,'w',released,OTHSNI
91.4119,'w',pressed,OTHSNI
91.6119,'w',released,OTHSNI
91.7199,'a',pressed,OTHSNI
91.9139,'s',pressed,OTHSNI
92.0020,'a',released,OTHSNI
92.1529,'s',released,OTHSNI
92.1759,'d',pressed,OTHSNI
92.4269,'w',pressed,OTHSNI
92.4949,'w',released,OTHSNI
92.4989,'d',released,OTHSNI
92.6009,'w',pressed,OTHSNI
93.4140,'d',pressed,OTHSNI
93.6700,'d',released,OTHSNI
94.0030,'a',pressed,OTHSNI
94.1729,'w',released,OTHSNI
94.3269,'a',released,OTHSNI
94.6519,'a',pressed,OTHSNI
94.7119,'w',pressed,OTHSNI
94.8000,'w',released,OTHSNI
94.9119,'w',pressed,OTHSNI
95.0398,'a',released,OTHSNI
95.2069,'d',pressed,OTHSNI
95.5088,'w',released,OTHSNI
95.9559,'w',pressed,OTHSNI
96.0259,'w',released,OTHSNI
96.0779,'d',released,OTHSNI
96.1419,'w',pressed,OTHSNI
96.2861,'w',released,OTHSNI
96.2863,'d',pressed,OTHSNI
96.6729,'s',pressed,OTHSNI
96.8649,'s',released,OTHSNI
97.1089,'w',pressed,OTHSNI
97.2410,'w',released,OTHSNI
97.6880,'s',pressed,OTHSNI
97.8159,'s',released,OTHSNI
97.9659,'w',pressed,OTHSNI
98.0929,'d',released,OTHSNI
98.4630,'d',pressed,OTHSNI
98.5309,'d',released,OTHSNI
98.5549,'w',released,OTHSNI
98.6178,'a',pressed,OTHSNI
98.9359,'w',pressed,OTHSNI
99.0419,'w',released,OTHSNI
99.3520,'a',released,OTHSNI
99.4069,'s',pressed,OTHSNI
99.6389,'a',pressed,OTHSNI
99.6730,'s',released,OTHSNI
99.8228,'w',pressed,OTHSNI
99.9289,'w',released,OTHSNI
99.9809,'a',released,OTHSNI
100.0419,'w',pressed,OTHSNI
100.0569,'d',pressed,OTHSNI
100.2459,'d',released,OTHSNI
100.5199,'a',pressed,OTHSNI
100.6259,'a',released,OTHSNI
100.9189,'a',pressed,OTHSNI
101.1389,'a',released,OTHSNI
101.1769,'d',pressed,OTHSNI
101.6759,'d',released,OTHSNI
102.0579,'d',pressed,OTHSNI
102.2298,'d',released,OTHSNI
103.4559,'d',pressed,OTHSNI
103.4798,'w',released,OTHSNI
103.6219,'w',pressed,OTHSNI
103.6479,'d',released,OTHSNI
103.7081,'w',released,OTHSNI
103.9169,'d',pressed,OTHSNI
103.9308,'w',pressed,OTHSNI
103.9909,'d',released,OTHSNI
104.0089,'w',released,OTHSNI
104.0969,'w',pressed,OTHSNI
104.2929,'a',pressed,OTHSNI
104.6139,'w',released,OTHSNI
104.7819,Mouse.left,pressed,OTHSNI
104.8358,'s',pressed,OTHSNI
104.8948,Mouse.left,released,OTHSNI
104.8978,'a',released,OTHSNI
104.9398,Mouse.left,pressed,OTHSNI
104.9828,Mouse.left,released,OTHSNI
105.0140,'d',pressed,OTHSNI
105.2369,'s',released,OTHSNI
105.3229,'a',pressed,OTHSNI
105.3388,'d',released,OTHSNI
105.4669,'a',released,OTHSNI
105.5930,'q',pressed,OTHSNI
105.7048,Mouse.left,pressed,OTHSNI
105.7309,'q',released,OTHSNI
105.7989,Mouse.left,released,OTHSNI
105.8300,'d',pressed,OTHSNI
105.8559,Mouse.left,pressed,OTHSNI
105.9229,Mouse.left,released,OTHSNI
105.9859,Mouse.left,pressed,OTHSNI
106.1089,Mouse.left,released,OTHSNI
106.1999,Mouse.left,pressed,OTHSNI
106.2498,'s',pressed,OTHSNI
106.3138,Mouse.left,released,OTHSNI
106.3601,Mouse.left,pressed,OTHSNI
106.4350,Mouse.left,released,OTHSNI
106.4839,'a',pressed,OTHSNI
106.4939,'d',released,OTHSNI
106.4979,Mouse.left,pressed,OTHSNI
106.5739,Mouse.left,released,OTHSNI
106.6388,Mouse.left,pressed,OTHSNI
106.6970,Mouse.left,released,OTHSNI
106.7589,Mouse.left,pressed,OTHSNI
106.8108,Mouse.left,released,OTHSNI
106.8967,Mouse.left,pressed,OTHSNI
106.9469,Mouse.left,released,OTHSNI
107.0039,Mouse.left,pressed,OTHSNI
107.0359,Mouse.left,released,OTHSNI
107.0960,Mouse.left,pressed,OTHSNI
107.1170,'s',released,OTHSNI
107.1318,Mouse.left,released,OTHSNI
107.1969,Mouse.left,pressed,OTHSNI
107.2420,'d',pressed,OTHSNI
107.2439,Mouse.left,released,OTHSNI
107.2649,'w',pressed,OTHSNI
107.3029,Mouse.left,pressed,OTHSNI
107.3079,'d',released,OTHSNI
107.3359,'a',released,OTHSNI
107.3539,'w',released,OTHSNI
107.4278,Mouse.left,released,OTHSNI
107.4479,'w',pressed,OTHSNI
107.4979,'w',released,OTHSNI
107.5979,'w',pressed,OTHSNI
107.6859,'w',released,OTHSNI
131.3429,'w',pressed,OTHSNI
131.4109,'w',released,OTHSNI
132.0739,'s',pressed,OTHSNI
132.1859,'d',pressed,OTHSNI
132.3489,'s',released,OTHSNI
132.5110,'w',pressed,OTHSNI
132.5749,'w',released,OTHSNI
132.5829,'d',released,OTHSNI
132.6828,'w',pressed,OTHSNI
132.8009,'a',pressed,OTHSNI
132.9389,'a',released,OTHSNI
133.1719,'d',pressed,OTHSNI
133.5018,'d',released,OTHSNI
135.9759,'d',pressed,OTHSNI
136.0478,'w',released,OTHSNI
136.4719,'w',pressed,OTHSNI
136.5299,'d',released,OTHSNI
136.5320,'w',released,OTHSNI
136.6479,'w',pressed,OTHSNI
136.7909,'w',released,OTHSNI
136.8580,Mouse.right,pressed,OTHSNI
136.9070,'s',pressed,OTHSNI
137.0039,Mouse.right,released,OTHSNI
137.0138,Mouse.left,pressed,OTHSNI
137.0669,'a',pressed,OTHSNI
137.1299,Mouse.left,released,OTHSNI
137.2308,'a',released,OTHSNI
137.3588,'s',released,OTHSNI
137.4499,'e',pressed,OTHSNI
137.5539,'e',released,OTHSNI
137.9539,'s',pressed,OTHSNI
138.1059,Mouse.left,pressed,OTHSNI
138.1788,Mouse.left,released,OTHSNI
138.4130,'s',released,OTHSNI
161.6189,'d',pressed,OTHSNI
161.8888,'d',released,OTHSNI
162.3729,'a',pressed,OTHSNI
162.6199,'a',released,OTHSNI
162.8079,'q',pressed,OTHSNI
162.9299,'q',released,OTHSNI
163.0819,'w',pressed,OTHSNI
163.1520,'w',released,OTHSNI
163.2449,'w',pressed,OTHSNI
164.2478,'d',pressed,OTHSNI
165.1170,'d',released,OTHSNI
165.9420,'a',pressed,OTHSNI
166.3549,'a',released,OTHSNI
166.4369,'d',pressed,OTHSNI
166.5649,'d',released,OTHSNI
166.9019,'d',pressed,OTHSNI
167.1339,'w',released,OTHSNI
167.1839,'a',pressed,OTHSNI
167.2480,'w',pressed,OTHSNI
167.3059,'d',released,OTHSNI
167.7709,'a',released,OTHSNI
167.8589,'a',pressed,OTHSNI
168.5659,'a',released,OTHSNI
168.5959,'d',pressed,OTHSNI
168.7759,'d',released,OTHSNI
169.0229,'d',pressed,OTHSNI
169.1428,'w',released,OTHSNI
169.5569,'w',pressed,OTHSNI
170.1399,'w',released,OTHSNI
170.6349,'w',pressed,OTHSNI
171.0749,'a',pressed,OTHSNI
171.1139,'d',released,OTHSNI
171.3419,'a',released,OTHSNI
171.5019,'d',pressed,OTHSNI
171.5739,'w',released,OTHSNI
171.6599,'d',released,OTHSNI
171.9909,'a',pressed,OTHSNI
172.1149,'a',released,OTHSNI
172.1370,'w',pressed,OTHSNI
172.1850,'w',released,OTHSNI
172.5889,Mouse.left,pressed,OTHSNI
172.6748,Mouse.left,released,OTHSNI
172.7140,'d',pressed,OTHSNI
172.7979,'d',released,OTHSNI
172.8009,Mouse.left,pressed,OTHSNI
172.8688,Mouse.left,released,OTHSNI
172.9389,Mouse.left,pressed,OTHSNI
172.9949,Mouse.left,released,OTHSNI
173.0559,Mouse.left,pressed,OTHSNI
173.1230,Mouse.left,released,OTHSNI
173.1579,'a',pressed,OTHSNI
173.2379,'a',released,OTHSNI
173.3259,Mouse.left,pressed,OTHSNI
173.3448,'d',pressed,OTHSNI
173.4199,Mouse.left,released,OTHSNI
173.4209,'d',released,OTHSNI
173.4908,Mouse.left,pressed,OTHSNI
173.5638,Mouse.left,released,OTHSNI
173.6319,Mouse.left,pressed,OTHSNI
173.6630,'a',pressed,OTHSNI
173.6930,'a',released,OTHSNI
173.7028,Mouse.left,released,OTHSNI
173.7910,Mouse.left,pressed,OTHSNI
173.8609,Mouse.left,released,OTHSNI
173.9408,Mouse.left,pressed,OTHSNI
174.0190,Mouse.left,released,OTHSNI
174.0858,Mouse.left,pressed,OTHSNI
174.1619,Mouse.left,released,OTHSNI
174.2308,Mouse.left,pressed,OTHSNI
174.3179,Mouse.left,released,OTHSNI
174.3760,'s',pressed,OTHSNI
174.3858,Mouse.left,pressed,OTHSNI
174.4619,Mouse.left,released,OTHSNI
174.4979,'s',released,OTHSNI
174.5438,Mouse.left,pressed,OTHSNI
174.6179,Mouse.left,released,OTHSNI
174.6818,Mouse.left,pressed,OTHSNI
174.7559,Mouse.left,released,OTHSNI
174.8358,Mouse.left,pressed,OTHSNI
174.9109,Mouse.left,released,OTHSNI
175.0019,Mouse.left,pressed,OTHSNI
175.0028,'d',pressed,OTHSNI
175.0849,'s',pressed,OTHSNI
175.1098,Mouse.left,released,OTHSNI
175.1638,Mouse.left,pressed,OTHSNI
175.2508,Mouse.left,released,OTHSNI
175.2789,'d',released,OTHSNI
175.3311,Mouse.left,pressed,OTHSNI
175.4009,Mouse.left,released,OTHSNI
175.4199,'a',pressed,OTHSNI
175.4748,Mouse.left,pressed,OTHSNI
175.5039,'a',released,OTHSNI
175.5528,Mouse.left,released,OTHSNI
175.5680,'s',released,OTHSNI
175.6219,'d',pressed,OTHSNI
175.6279,Mouse.left,pressed,OTHSNI
175.6619,'d',released,OTHSNI
175.6879,'a',pressed,OTHSNI
175.6928,Mouse.left,released,OTHSNI
175.7718,Mouse.left,pressed,OTHSNI
175.8540,Mouse.left,released,OTHSNI
175.8680,'a',released,OTHSNI
175.9228,Mouse.left,pressed,OTHSNI
175.9499,'w',pressed,OTHSNI
176.0030,Mouse.left,released,OTHSNI
176.2489,'d',pressed,OTHSNI
176.2969,'d',released,OTHSNI
176.3208,Mouse.left,pressed,OTHSNI
176.4090,Mouse.left,released,OTHSNI
176.4739,Mouse.left,pressed,OTHSNI
176.5369,'w',released,OTHSNI
176.5379,Mouse.left,released,OTHSNI
176.5910,'d',pressed,OTHSNI
176.6309,Mouse.left,pressed,OTHSNI
176.7048,Mouse.left,released,OTHSNI
176.7651,'s',pressed,OTHSNI
176.7678,Mouse.left,pressed,OTHSNI
176.8158,Mouse.left,released,OTHSNI
176.8230,'d',released,OTHSNI
176.8798,Mouse.left,pressed,OTHSNI
176.9349,Mouse.left,released,OTHSNI
177.0038,Mouse.left,pressed,OTHSNI
177.0179,'a',pressed,OTHSNI
177.0599,Mouse.left,released,OTHSNI
177.2259,'s',released,OTHSNI
178.1938,Mouse.left,pressed,OTHSNI
178.2818,'a',released,OTHSNI
178.2848,Mouse.left,released,OTHSNI
178.2899,'d',pressed,OTHSNI
178.2938,'w',pressed,OTHSNI
178.3619,Mouse.left,pressed,OTHSNI
178.4180,'d',released,OTHSNI
178.4249,Mouse.left,released,OTHSNI
178.4899,Mouse.left,pressed,OTHSNI
178.5479,'a',pressed,OTHSNI
178.5670,Mouse.left,released,OTHSNI
178.6449,Mouse.left,pressed,OTHSNI
178.6780,'a',released,OTHSNI
178.7178,Mouse.left,released,OTHSNI
178.7989,Mouse.left,pressed,OTHSNI
178.8858,Mouse.left,released,OTHSNI
178.9313,'w',released,OTHSNI
178.9638,Mouse.left,pressed,OTHSNI
178.9999,Mouse.left,released,OTHSNI
179.0779,Mouse.left,pressed,OTHSNI
179.1520,Mouse.left,released,OTHSNI
179.2378,Mouse.left,pressed,OTHSNI
179.3288,Mouse.left,released,OTHSNI
179.4098,Mouse.left,pressed,OTHSNI
179.4799,Mouse.left,released,OTHSNI
179.5508,Mouse.left,pressed,OTHSNI
179.6290,Mouse.left,released,OTHSNI
179.6939,Mouse.left,pressed,OTHSNI
179.7599,Mouse.left,released,OTHSNI
179.8419,Mouse.left,pressed,OTHSNI
179.9248,Mouse.left,released,OTHSNI
179.9899,Mouse.left,pressed,OTHSNI
180.0649,Mouse.left,released,OTHSNI
180.1499,Mouse.left,pressed,OTHSNI
180.1719,'s',pressed,OTHSNI
180.2299,Mouse.left,released,OTHSNI
180.2801,Mouse.left,pressed,OTHSNI
180.3529,Mouse.left,released,OTHSNI
180.4130,Mouse.left,pressed,OTHSNI
180.5008,Mouse.left,released,OTHSNI
180.5709,'a',pressed,OTHSNI
180.5929,'s',released,OTHSNI
181.0459,'s',pressed,OTHSNI
181.1919,'s',released,OTHSNI
181.3699,'w',pressed,OTHSNI
181.3739,'a',released,OTHSNI
181.4699,'d',pressed,OTHSNI
181.4958,'w',released,OTHSNI
181.8548,'s',pressed,OTHSNI
182.0188,'d',released,OTHSNI
182.0337,Mouse.left,pressed,OTHSNI
182.1099,Mouse.left,released,OTHSNI
182.1908,Mouse.left,pressed,OTHSNI
182.2699,Mouse.left,released,OTHSNI
182.3199,'a',pressed,OTHSNI
182.3539,Mouse.left,pressed,OTHSNI
182.4359,Mouse.left,released,OTHSNI
182.4520,'s',released,OTHSNI
182.6959,'s',pressed,OTHSNI
182.9519,'a',released,OTHSNI
183.4509,'a',pressed,OTHSNI
183.6338,'a',released,OTHSNI
183.9659,'s',released,OTHSNI
184.0909,'w',pressed,OTHSNI
184.1778,'w',released,OTHSNI
184.2759,'w',pressed,OTHSNI
184.5468,'d',pressed,OTHSNI
184.8689,'d',released,OTHSNI
185.0049,'d',pressed,OTHSNI
185.3419,'w',released,OTHSNI
185.7409,'w',pressed,OTHSNI
186.1849,'d',released,OTHSNI
186.3949,'a',pressed,OTHSNI
186.5059,'a',released,OTHSNI
186.5359,'d',pressed,OTHSNI
186.5669,'w',released,OTHSNI
187.1400,'w',pressed,OTHSNI
187.2589,'d',released,OTHSNI
187.3919,Mouse.left,pressed,OTHSNI
187.4409,'a',pressed,OTHSNI
187.4489,'w',released,OTHSNI
187.4649,'a',released,OTHSNI
187.5049,'d',pressed,OTHSNI
187.5840,Mouse.left,released,OTHSNI
187.5849,'s',pressed,OTHSNI
187.6659,Mouse.left,pressed,OTHSNI
187.7049,Mouse.left,released,OTHSNI
187.7129,'s',released,OTHSNI
187.7518,Mouse.left,pressed,OTHSNI
187.7570,'d',released,OTHSNI
187.7799,'s',pressed,OTHSNI
187.8229,Mouse.left,released,OTHSNI
187.8819,Mouse.left,pressed,OTHSNI
187.8839,'a',pressed,OTHSNI
187.9159,Mouse.left,released,OTHSNI
187.9899,Mouse.left,pressed,OTHSNI
187.9959,'s',released,OTHSNI
188.0339,'a',released,OTHSNI
188.0659,'d',pressed,OTHSNI
188.0769,Mouse.left,released,OTHSNI
188.1071,Mouse.left,pressed,OTHSNI
188.1440,'s',pressed,OTHSNI
188.1759,Mouse.left,released,OTHSNI
188.2279,'d',released,OTHSNI
188.2449,Mouse.left,pressed,OTHSNI
188.3449,Mouse.left,released,OTHSNI
188.4469,'a',pressed,OTHSNI
188.5530,'a',released,OTHSNI
188.5619,Mouse.left,pressed,OTHSNI
188.6490,Mouse.left,released,OTHSNI
188.6889,'s',released,OTHSNI
188.7120,Mouse.left,pressed,OTHSNI
188.7828,Mouse.left,released,OTHSNI
188.8009,'w',pressed,OTHSNI
188.8749,'w',released,OTHSNI
188.9709,'w',pressed,OTHSNI
189.2249,'d',pressed,OTHSNI
189.4299,'d',released,OTHSNI
189.6420,'a',pressed,OTHSNI
190.0389,'a',released,OTHSNI
190.2850,'w',released,OTHSNI
190.6419,Mouse.left,pressed,OTHSNI
190.7118,Mouse.left,released,OTHSNI
190.7948,Mouse.left,pressed,OTHSNI
190.8569,Mouse.left,released,OTHSNI
190.9469,Mouse.left,pressed,OTHSNI
191.0030,Mouse.left,released,OTHSNI
191.0981,Mouse.left,pressed,OTHSNI
191.1799,Mouse.left,released,OTHSNI
191.2489,Mouse.left,pressed,OTHSNI
191.3108,Mouse.left,released,OTHSNI
191.4008,Mouse.left,pressed,OTHSNI
191.4680,Mouse.left,released,OTHSNI
191.5500,Mouse.left,pressed,OTHSNI
191.6468,Mouse.left,released,OTHSNI
191.7539,Mouse.left,pressed,OTHSNI
191.8269,Mouse.left,released,OTHSNI
191.9279,Mouse.left,pressed,OTHSNI
191.9829,Mouse.left,released,OTHSNI
192.1488,Mouse.left,pressed,OTHSNI
192.2199,Mouse.left,released,OTHSNI
192.4079,'s',pressed,OTHSNI
192.6569,'a',pressed,OTHSNI
192.6858,'s',released,OTHSNI
192.8849,'w',pressed,OTHSNI
192.9689,'w',released,OTHSNI
193.0869,'w',pressed,OTHSNI
194.0179,'a',released,OTHSNI
194.0929,'d',pressed,OTHSNI
194.4268,'w',released,OTHSNI
194.4409,'d',released,OTHSNI
194.7029,'a',pressed,OTHSNI
194.9219,'w',pressed,OTHSNI
194.9284,'w',released,OTHSNI
194.9481,'a',released,OTHSNI
195.1879,'d',pressed,OTHSNI
195.4119,'d',released,OTHSNI
195.6899,Mouse.left,pressed,OTHSNI
195.7789,Mouse.left,released,OTHSNI
195.8430,'a',pressed,OTHSNI
196.1070,'a',released,OTHSNI
196.1979,Mouse.left,pressed,OTHSNI
196.2798,Mouse.left,released,OTHSNI
196.3839,Mouse.left,pressed,OTHSNI
196.4519,Mouse.left,released,OTHSNI
196.5258,Mouse.left,pressed,OTHSNI
196.6069,Mouse.left,released,OTHSNI
196.6728,Mouse.left,pressed,OTHSNI
196.7708,Mouse.left,released,OTHSNI
196.8492,Mouse.left,pressed,OTHSNI
196.9219,Mouse.left,released,OTHSNI
196.9978,Mouse.left,pressed,OTHSNI
197.0839,Mouse.left,released,OTHSNI
197.1129,'d',pressed,OTHSNI
197.1589,Mouse.left,pressed,OTHSNI
197.2478,Mouse.left,released,OTHSNI
197.3340,Mouse.left,pressed,OTHSNI
197.3969,Mouse.left,released,OTHSNI
197.4589,Mouse.left,pressed,OTHSNI
197.4729,'s',pressed,OTHSNI
197.5149,Mouse.left,released,OTHSNI
197.5309,'d',released,OTHSNI
197.6589,'a',pressed,OTHSNI
197.7640,'s',released,OTHSNI
197.9180,'w',pressed,OTHSNI
198.0140,'w',released,OTHSNI
198.1339,'w',pressed,OTHSNI
198.1719,'a',released,OTHSNI
198.2639,'d',pressed,OTHSNI
198.6329,'w',released,OTHSNI
198.6409,'d',released,OTHSNI
198.8259,Mouse.left,pressed,OTHSNI
198.9059,Mouse.left,released,OTHSNI
199.0049,Mouse.left,pressed,OTHSNI
199.0669,Mouse.left,released,OTHSNI
199.1598,Mouse.left,pressed,OTHSNI
199.2359,Mouse.left,released,OTHSNI
199.2959,Mouse.left,pressed,OTHSNI
199.3648,Mouse.left,released,OTHSNI
199.4459,Mouse.left,pressed,OTHSNI
199.5519,Mouse.left,released,OTHSNI
199.5989,Mouse.left,pressed,OTHSNI
199.6379,'s',pressed,OTHSNI
199.6528,Mouse.left,released,OTHSNI
199.7359,Mouse.left,pressed,OTHSNI
199.7699,'s',released,OTHSNI
199.8599,Mouse.left,released,OTHSNI
200.1390,'w',pressed,OTHSNI
200.2428,'w',released,OTHSNI
200.2639,Mouse.left,pressed,OTHSNI
200.3549,Mouse.left,released,OTHSNI
200.4368,Mouse.left,pressed,OTHSNI
200.5019,Mouse.left,released,OTHSNI
200.5618,Mouse.left,pressed,OTHSNI
200.6350,Mouse.left,released,OTHSNI
200.7320,Mouse.left,pressed,OTHSNI
200.8139,Mouse.left,released,OTHSNI
200.8890,Mouse.left,pressed,OTHSNI
200.9559,Mouse.left,released,OTHSNI
201.0490,Mouse.left,pressed,OTHSNI
201.6789,Mouse.left,released,OTHSNI
201.7449,'s',pressed,OTHSNI
201.7809,'d',pressed,OTHSNI
201.8389,'s',released,OTHSNI
202.0699,'w',pressed,OTHSNI
202.1389,'w',released,OTHSNI
202.2559,'w',pressed,OTHSNI
202.5339,'d',released,OTHSNI
203.2269,'d',pressed,OTHSNI
203.3769,'d',released,OTHSNI
203.4688,'w',released,OTHSNI
204.5069,'s',pressed,OTHSNI
204.8269,'s',released,OTHSNI
219.3579,'w',pressed,OTHSNI
219.6599,'w',released,OTHSNI
221.9689,'w',pressed,OTHSNI
222.0489,'w',released,OTHSNI
222.1449,'w',pressed,OTHSNI
223.7779,'q',pressed,OTHSNI
223.9299,'q',released,OTHSNI
225.0730,'d',pressed,OTHSNI
225.4178,'d',released,OTHSNI
226.1569,Key.space,pressed,OTHSNI
226.4168,'d',pressed,OTHSNI
226.4290,Key.space,released,OTHSNI
227.1319,'d',released,OTHSNI
227.3290,'a',pressed,OTHSNI
227.4529,'a',released,OTHSNI
227.8169,'d',pressed,OTHSNI
228.0759,'d',released,OTHSNI
228.1321,'a',pressed,OTHSNI
228.7889,Mouse.left,pressed,OTHSNI
228.8688,Mouse.left,released,OTHSNI
228.9609,Mouse.left,pressed,OTHSNI
229.0070,Mouse.left,released,OTHSNI
229.1079,Mouse.left,pressed,OTHSNI
229.1209,'d',pressed,OTHSNI
229.1589,'a',released,OTHSNI
229.1709,'w',released,OTHSNI
229.2118,Mouse.left,released,OTHSNI
229.3018,Mouse.left,pressed,OTHSNI
229.3230,'a',pressed,OTHSNI
229.3291,'s',pressed,OTHSNI
229.3329,'d',released,OTHSNI
229.3489,'a',released,OTHSNI
229.3699,Mouse.left,released,OTHSNI
229.4139,Mouse.left,pressed,OTHSNI
229.9619,'d',pressed,OTHSNI
229.9779,Mouse.left,released,OTHSNI
230.0158,'s',released,OTHSNI
230.2029,'w',pressed,OTHSNI
230.3519,'d',released,OTHSNI
230.4329,'a',pressed,OTHSNI
230.5270,'w',released,OTHSNI
230.7808,Mouse.left,pressed,OTHSNI
230.8130,'w',pressed,OTHSNI
230.8469,'a',released,OTHSNI
230.8599,'d',pressed,OTHSNI
230.8669,'w',released,OTHSNI
230.9109,Mouse.left,released,OTHSNI
230.9859,Mouse.left,pressed,OTHSNI
231.0160,'s',pressed,OTHSNI
231.0890,Mouse.left,released,OTHSNI
231.1179,'d',released,OTHSNI
231.1359,Mouse.left,pressed,OTHSNI
231.2849,Mouse.left,released,OTHSNI
231.3558,Mouse.left,pressed,OTHSNI
231.5879,'a',pressed,OTHSNI
231.6709,Mouse.left,released,OTHSNI
231.7460,Mouse.left,pressed,OTHSNI
231.8069,'a',released,OTHSNI
231.8159,Mouse.left,released,OTHSNI
231.8829,Mouse.left,pressed,OTHSNI
232.0199,Mouse.left,released,OTHSNI
232.0819,Mouse.left,pressed,OTHSNI
232.1369,'d',pressed,OTHSNI
232.1689,Mouse.left,released,OTHSNI
232.2149,'s',released,OTHSNI
232.2299,Mouse.left,pressed,OTHSNI
232.3249,Mouse.left,released,OTHSNI
232.3879,Mouse.left,pressed,OTHSNI
232.4969,Mouse.left,released,OTHSNI
232.5580,Mouse.left,pressed,OTHSNI
232.6329,Mouse.left,released,OTHSNI
232.6978,Mouse.left,pressed,OTHSNI
232.7419,'d',released,OTHSNI
232.7939,'a',pressed,OTHSNI
232.8999,'a',released,OTHSNI
233.0659,Mouse.left,released,OTHSNI
233.1790,Mouse.left,pressed,OTHSNI
233.2599,Mouse.left,released,OTHSNI
233.3189,'d',pressed,OTHSNI
233.3379,Mouse.left,pressed,OTHSNI
233.4028,Mouse.left,released,OTHSNI
233.4509,Mouse.left,pressed,OTHSNI
233.5220,Mouse.left,released,OTHSNI
233.5249,'s',pressed,OTHSNI
234.3958,'s',released,OTHSNI
234.4119,Mouse.left,pressed,OTHSNI
234.4938,Mouse.left,released,OTHSNI
234.5518,Mouse.left,pressed,OTHSNI
234.5599,'w',pressed,OTHSNI
234.6209,Mouse.left,released,OTHSNI
234.6310,'d',released,OTHSNI
234.6312,'w',released,OTHSNI
234.6789,Mouse.left,pressed,OTHSNI
234.7509,'a',pressed,OTHSNI
234.9421,Mouse.x1,pressed,OTHSNI
234.9609,'s',pressed,OTHSNI
234.9929,'d',pressed,OTHSNI
234.9951,'a',released,OTHSNI
235.0849,'s',released,OTHSNI
235.1410,Mouse.x1,released,OTHSNI
235.2109,'w',pressed,OTHSNI
235.5919,'d',released,OTHSNI
235.8559,'a',pressed,OTHSNI
235.9480,'w',released,OTHSNI
236.2649,'a',released,OTHSNI
236.3329,'d',pressed,OTHSNI
236.3888,'d',released,OTHSNI
236.5509,'w',pressed,OTHSNI
236.6829,'w',released,OTHSNI
236.8270,'w',pressed,OTHSNI
236.8689,'d',pressed,OTHSNI
236.9128,Mouse.left,released,OTHSNI
236.9359,'w',released,OTHSNI
236.9559,'d',released,OTHSNI
236.9599,Mouse.left,pressed,OTHSNI
237.0480,'d',pressed,OTHSNI
237.0949,Mouse.left,released,OTHSNI
237.3678,'w',pressed,OTHSNI
237.4349,'d',released,OTHSNI
237.6929,'d',pressed,OTHSNI
237.7469,'w',released,OTHSNI
237.9329,'s',pressed,OTHSNI
238.2170,'d',released,OTHSNI
238.5359,'s',released,OTHSNI
238.6169,Mouse.left,pressed,OTHSNI
238.7069,Mouse.left,released,OTHSNI
238.8169,Mouse.left,pressed,OTHSNI
239.0649,'d',pressed,OTHSNI
239.2109,'d',released,OTHSNI
240.5369,'s',pressed,OTHSNI
240.7809,'a',pressed,OTHSNI
240.8009,'s',released,OTHSNI
240.8359,Mouse.left,released,OTHSNI
241.1779,Mouse.left,pressed,OTHSNI
241.2380,'a',released,OTHSNI
241.2418,'w',pressed,OTHSNI
241.2539,'w',released,OTHSNI
241.2558,'d',pressed,OTHSNI
241.2719,'d',released,OTHSNI
241.4599,'d',pressed,OTHSNI
241.5559,'d',released,OTHSNI
241.5739,'a',pressed,OTHSNI
241.6379,'s',pressed,OTHSNI
241.9209,Mouse.left,released,OTHSNI
241.9698,Mouse.left,pressed,OTHSNI
242.0480,Mouse.left,released,OTHSNI
242.1030,'a',released,OTHSNI
242.1468,Mouse.left,pressed,OTHSNI
242.2530,Mouse.left,released,OTHSNI
242.4348,'d',pressed,OTHSNI
242.5139,'s',released,OTHSNI
242.7799,'d',released,OTHSNI
261.2639,'w',pressed,OTHSNI
261.3099,'w',released,OTHSNI
261.4219,'w',pressed,OTHSNI
264.6179,'w',released,OTHSNI
264.6749,'w',pressed,OTHSNI
264.7150,Mouse.left,pressed,OTHSNI
264.7169,'w',released,OTHSNI
264.7889,Mouse.left,released,OTHSNI
264.7950,'a',pressed,OTHSNI
265.0190,'s',pressed,OTHSNI
265.0388,Mouse.left,pressed,OTHSNI
265.0729,'a',released,OTHSNI
265.1219,Mouse.left,released,OTHSNI
265.2109,Mouse.left,pressed,OTHSNI
265.2509,Mouse.left,released,OTHSNI
265.2869,'a',pressed,OTHSNI
265.3579,'s',released,OTHSNI
265.4339,'a',released,OTHSNI
265.5719,'q',pressed,OTHSNI
265.6519,'q',released,OTHSNI
265.9121,Mouse.left,pressed,OTHSNI
265.9809,Mouse.left,released,OTHSNI
266.0571,Mouse.left,pressed,OTHSNI
266.0931,'w',pressed,OTHSNI
266.3129,'d',pressed,OTHSNI
266.3749,'w',released,OTHSNI
266.6289,'s',pressed,OTHSNI
266.6759,Mouse.left,released,OTHSNI
266.7549,Mouse.left,pressed,OTHSNI
266.7960,'d',released,OTHSNI
266.8280,'a',pressed,OTHSNI
266.9339,Mouse.left,released,OTHSNI
266.9840,'s',released,OTHSNI
267.3139,'w',pressed,OTHSNI
267.4159,'w',released,OTHSNI
267.5409,'w',pressed,OTHSNI
267.6130,'w',released,OTHSNI
267.6869,'a',released,OTHSNI
267.7169,'w',pressed,OTHSNI
267.8209,'d',pressed,OTHSNI
268.0348,Key.shift,pressed,OTHSNI
268.1309,'D',released,OTHSNI
268.1549,Key.shift,released,OTHSNI
268.4339,'a',pressed,OTHSNI
268.8919,'w',released,OTHSNI
269.1789,'a',released,OTHSNI
269.7939,'w',pressed,OTHSNI
269.8739,'w',released,OTHSNI
269.9779,'w',pressed,OTHSNI
270.1920,'d',released,OTHSNI
270.4510,'d',pressed,OTHSNI
270.5850,'w',released,OTHSNI
270.6809,'a',pressed,OTHSNI
270.7009,'d',released,OTHSNI
270.7829,'w',pressed,OTHSNI
270.8789,'w',released,OTHSNI
270.9749,'w',pressed,OTHSNI
271.1029,'a',released,OTHSNI
271.6359,'a',pressed,OTHSNI
271.9970,'a',released,OTHSNI
272.0729,'d',pressed,OTHSNI
272.1849,'d',released,OTHSNI
272.3589,'d',pressed,OTHSNI
273.2059,'w',released,OTHSNI
273.6609,'w',pressed,OTHSNI
274.3019,'a',pressed,OTHSNI
274.3219,'d',released,OTHSNI
274.6339,'a',released,OTHSNI
274.7709,'w',released,OTHSNI
275.2829,'d',pressed,OTHSNI
275.7739,'d',released,OTHSNI
275.8599,'w',pressed,OTHSNI
276.0919,'d',pressed,OTHSNI
276.1699,'w',released,OTHSNI
276.2219,'d',released,OTHSNI
276.2618,Key.shift,pressed,OTHSNI
276.4007,Key.shift,released,OTHSNI
276.8809,'s',pressed,OTHSNI
277.1820,'a',pressed,OTHSNI
277.2480,'s',released,OTHSNI
277.3159,'a',released,OTHSNI
277.6489,'d',pressed,OTHSNI
277.7688,'w',pressed,OTHSNI
277.9688,'w',released,OTHSNI
278.0169,'d',released,OTHSNI
278.5060,'q',pressed,OTHSNI
278.6199,'q',released,OTHSNI
280.6549,'s',pressed,OTHSNI
280.8629,'s',released,OTHSNI
281.4918,'w',pressed,OTHSNI
281.7598,'w',released,OTHSNI
281.9499,Mouse.right,pressed,OTHSNI
282.1029,Mouse.right,released,OTHSNI
282.5630,Mouse.left,pressed,OTHSNI
282.6579,Mouse.left,released,OTHSNI
283.7890,'s',pressed,OTHSNI
284.2469,'s',released,OTHSNI
301.4060,'w',pressed,OTHSNI
301.4818,'w',released,OTHSNI
301.6219,'w',pressed,OTHSNI
302.3529,'a',pressed,OTHSNI
302.7630,'a',released,OTHSNI
303.2179,'a',pressed,OTHSNI
303.6489,'a',released,OTHSNI
304.0469,'q',pressed,OTHSNI
304.1610,'q',released,OTHSNI
304.1999,'w',released,OTHSNI
304.3239,'w',pressed,OTHSNI
305.0089,'d',pressed,OTHSNI
305.3849,'d',released,OTHSNI
305.7699,'d',pressed,OTHSNI
305.8879,'d',released,OTHSNI
306.2810,'d',pressed,OTHSNI
306.3529,'d',released,OTHSNI
306.7169,'a',pressed,OTHSNI
307.4299,'a',released,OTHSNI
307.5220,'w',released,OTHSNI
307.7079,'w',pressed,OTHSNI
307.9009,'w',released,OTHSNI
308.1510,'a',pressed,OTHSNI
308.5780,'a',released,OTHSNI
310.0999,'a',pressed,OTHSNI
310.2640,'w',pressed,OTHSNI
310.3879,'a',released,OTHSNI
310.5318,'d',pressed,OTHSNI
310.5590,'d',released,OTHSNI
310.7268,Mouse.left,pressed,OTHSNI
310.7429,'d',pressed,OTHSNI
310.8189,'w',released,OTHSNI
310.8989,'d',released,OTHSNI
311.2769,'s',pressed,OTHSNI
311.3449,'s',released,OTHSNI
311.5299,'s',pressed,OTHSNI
311.7420,'a',pressed,OTHSNI
311.7539,'s',released,OTHSNI
312.0008,Mouse.left,released,OTHSNI
312.1509,'a',released,OTHSNI
312.2869,'w',pressed,OTHSNI
312.6229,'d',pressed,OTHSNI
312.6510,'w',released,OTHSNI
312.6699,Mouse.left,pressed,OTHSNI
312.7099,'d',released,OTHSNI
312.9380,'d',pressed,OTHSNI
312.9980,'s',pressed,OTHSNI
313.2979,'d',released,OTHSNI
313.4389,'a',pressed,OTHSNI
313.4459,Mouse.left,released,OTHSNI
313.7348,'s',released,OTHSNI
314.3279,'w',pressed,OTHSNI
314.4759,'a',released,OTHSNI
315.1189,Mouse.left,pressed,OTHSNI
315.1389,'w',released,OTHSNI
317.0399,'s',pressed,OTHSNI
317.1279,'s',released,OTHSNI
317.3619,'s',pressed,OTHSNI
317.5079,Mouse.left,released,OTHSNI
317.5530,'a',pressed,OTHSNI
317.7249,'a',released,OTHSNI
317.9789,'s',released,OTHSNI
318.0010,'a',pressed,OTHSNI
318.2189,'a',released,OTHSNI
318.3539,'w',pressed,OTHSNI
318.4839,'a',pressed,OTHSNI
318.5499,'w',released,OTHSNI
318.9289,'s',pressed,OTHSNI
319.1633,'s',released,OTHSNI
319.3329,'w',pressed,OTHSNI
319.3950,'a',released,OTHSNI
319.5550,'w',released,OTHSNI
319.5571,'d',pressed,OTHSNI
319.6850,'d',released,OTHSNI
319.7371,'a',pressed,OTHSNI
319.7999,'a',released,OTHSNI
319.8499,Mouse.left,pressed,OTHSNI
320.7489,'s',pressed,OTHSNI
320.7559,Mouse.left,released,OTHSNI
320.8929,'d',pressed,OTHSNI
321.0129,'s',released,OTHSNI
322.0509,'d',released,OTHSNI
341.4689,'d',pressed,OTHSNI
341.8519,'w',pressed,OTHSNI
341.9039,'d',released,OTHSNI
343.2019,'a',pressed,OTHSNI
343.4999,'a',released,OTHSNI
345.6009,'d',pressed,OTHSNI
345.7409,'w',released,OTHSNI
345.9299,'d',released,OTHSNI
345.9380,'w',pressed,OTHSNI
346.1320,'a',pressed,OTHSNI
346.5159,'w',released,OTHSNI
346.7330,'w',pressed,OTHSNI
346.9030,'a',released,OTHSNI
347.1269,'a',pressed,OTHSNI
347.3859,'a',released,OTHSNI
347.9649,'d',pressed,OTHSNI
348.2489,'d',released,OTHSNI
348.3309,'w',released,OTHSNI
348.5449,'d',pressed,OTHSNI
348.6799,'d',released,OTHSNI
348.9359,'w',pressed,OTHSNI
349.1060,'w',released,OTHSNI
349.1420,'w',pressed,OTHSNI
349.2899,'w',released,OTHSNI
349.8949,'a',pressed,OTHSNI
349.9729,'a',released,OTHSNI
350.2319,'d',pressed,OTHSNI
350.4039,'d',released,OTHSNI
350.8809,'a',pressed,OTHSNI
350.9610,'a',released,OTHSNI
351.0480,Mouse.left,pressed,OTHSNI
351.1519,Mouse.left,released,OTHSNI
351.4100,'d',pressed,OTHSNI
351.5419,'d',released,OTHSNI
351.5959,Mouse.right,pressed,OTHSNI
351.8519,Mouse.right,released,OTHSNI
351.9099,'a',pressed,OTHSNI
352.2070,'w',pressed,OTHSNI
352.2529,'a',released,OTHSNI
352.6810,'w',released,OTHSNI
353.1079,'d',pressed,OTHSNI
353.4380,'w',pressed,OTHSNI
353.5430,'d',released,OTHSNI
353.5549,Mouse.right,pressed,OTHSNI
353.5850,'w',released,OTHSNI
353.7229,Mouse.right,released,OTHSNI
354.1469,'s',pressed,OTHSNI
354.4599,'a',pressed,OTHSNI
354.5720,'s',released,OTHSNI
354.6960,'a',released,OTHSNI
355.1149,'s',pressed,OTHSNI
355.2370,'a',pressed,OTHSNI
355.3529,'a',released,OTHSNI
355.3768,'s',released,OTHSNI
355.4749,'d',pressed,OTHSNI
355.7739,'d',released,OTHSNI
356.0719,Mouse.left,pressed,OTHSNI
356.1609,Mouse.left,released,OTHSNI
356.2299,Mouse.left,pressed,OTHSNI
356.3339,Mouse.left,released,OTHSNI
356.4109,Mouse.left,pressed,OTHSNI
356.4899,Mouse.left,released,OTHSNI
356.5409,Mouse.left,pressed,OTHSNI
356.5770,'s',pressed,OTHSNI
356.5959,Mouse.left,released,OTHSNI
356.6049,'a',pressed,OTHSNI
356.6469,'s',released,OTHSNI
357.0740,'w',pressed,OTHSNI
357.1280,'w',released,OTHSNI
357.2479,'w',pressed,OTHSNI
357.4981,'w',released,OTHSNI
357.7109,'a',released,OTHSNI
358.5139,'d',pressed,OTHSNI
358.5599,'d',released,OTHSNI
358.6399,Mouse.left,pressed,OTHSNI
358.7419,Mouse.left,released,OTHSNI
359.0070,Mouse.right,pressed,OTHSNI
359.1638,Mouse.right,released,OTHSNI
359.7840,'a',pressed,OTHSNI
360.0039,'a',released,OTHSNI
360.2099,'w',pressed,OTHSNI
360.2820,'d',pressed,OTHSNI
360.5989,'w',released,OTHSNI
360.6849,'d',released,OTHSNI
361.1750,'w',pressed,OTHSNI
361.2279,'d',pressed,OTHSNI
361.3519,'d',released,OTHSNI
361.4039,'w',released,OTHSNI
362.0669,'s',pressed,OTHSNI
362.3909,'a',pressed,OTHSNI
362.5189,'s',released,OTHSNI
362.6120,'a',released,OTHSNI
362.9020,'d',pressed,OTHSNI
364.2040,'d',released,OTHSNI
364.5060,'d',pressed,OTHSNI
364.8009,'d',released,OTHSNI
365.6079,'a',pressed,OTHSNI
365.6979,'a',released,OTHSNI
365.8200,'d',pressed,OTHSNI
365.8839,'d',released,OTHSNI
365.8959,'w',pressed,OTHSNI
366.0119,'w',released,OTHSNI
366.2339,'d',pressed,OTHSNI
366.2769,'d',released,OTHSNI
366.3850,'a',pressed,OTHSNI
366.6129,'a',released,OTHSNI
366.8600,'w',pressed,OTHSNI
367.2198,'d',pressed,OTHSNI
367.4579,'w',released,OTHSNI
367.4619,'d',released,OTHSNI
368.2449,'w',pressed,OTHSNI
368.3679,'w',released,OTHSNI
368.6589,Mouse.left,pressed,OTHSNI
368.7630,Mouse.left,released,OTHSNI
369.8200,'d',pressed,OTHSNI
369.8999,'d',released,OTHSNI
370.1929,Mouse.right,pressed,OTHSNI
370.3219,Mouse.right,released,OTHSNI
370.7699,Mouse.right,pressed,OTHSNI
370.9440,Mouse.right,released,OTHSNI
371.0190,'s',pressed,OTHSNI
371.4651,Mouse.left,pressed,OTHSNI
371.5539,Mouse.left,released,OTHSNI
371.9432,Mouse.right,pressed,OTHSNI
372.0909,Mouse.right,released,OTHSNI
372.5380,'d',pressed,OTHSNI
372.7799,'d',released,OTHSNI
373.3730,'q',pressed,OTHSNI
373.5150,'q',released,OTHSNI
373.5430,'s',released,OTHSNI
373.6960,'s',pressed,OTHSNI
373.7170,'s',released,OTHSNI
373.8219,'d',pressed,OTHSNI
373.8979,'w',pressed,OTHSNI
374.0700,'w',released,OTHSNI
374.4970,'s',pressed,OTHSNI
374.6271,'d',released,OTHSNI
374.8010,'s',released,OTHSNI
375.2261,'w',pressed,OTHSNI
375.3959,'w',released,OTHSNI
375.8260,'a',pressed,OTHSNI
375.9240,'w',pressed,OTHSNI
376.0060,'w',released,OTHSNI
376.1269,'w',pressed,OTHSNI
376.2409,'a',released,OTHSNI
376.3289,'w',released,OTHSNI
377.1119,'a',pressed,OTHSNI
377.3339,'w',pressed,OTHSNI
377.4339,'a',released,OTHSNI
377.5769,'d',pressed,OTHSNI
377.6810,'d',released,OTHSNI
377.7050,'w',released,OTHSNI
378.0210,'a',pressed,OTHSNI
378.1789,'a',released,OTHSNI
378.6890,'d',pressed,OTHSNI
378.8169,'d',released,OTHSNI
379.4150,'s',pressed,OTHSNI
379.7739,'a',pressed,OTHSNI
379.8439,'s',released,OTHSNI
380.1130,'w',pressed,OTHSNI
380.4189,'w',released,OTHSNI
380.6049,'a',released,OTHSNI
380.7290,'d',pressed,OTHSNI
380.9149,'s',pressed,OTHSNI
381.0219,'d',released,OTHSNI
381.0839,'a',pressed,OTHSNI
381.1879,'s',released,OTHSNI
381.6259,'w',pressed,OTHSNI
381.6829,'w',released,OTHSNI
381.8829,'w',pressed,OTHSNI
381.9109,'a',released,OTHSNI
382.4259,'d',pressed,OTHSNI
382.7600,'d',released,OTHSNI
382.7609,'w',released,OTHSNI
383.7679,Key.space,pressed,OTHSNI
383.8460,'w',pressed,OTHSNI
383.9479,Key.space,released,OTHSNI
384.0159,'w',released,OTHSNI
384.1221,'w',pressed,OTHSNI
384.5808,Key.space,pressed,OTHSNI
384.7410,'d',pressed,OTHSNI
384.7768,Key.space,released,OTHSNI
385.1289,'w',released,OTHSNI
385.3041,'s',pressed,OTHSNI
385.5340,'d',released,OTHSNI
385.7599,'d',pressed,OTHSNI
385.7799,'s',released,OTHSNI
386.1369,'s',pressed,OTHSNI
386.3130,'s',released,OTHSNI
386.4420,'w',pressed,OTHSNI
386.4949,'d',released,OTHSNI
386.5232,'w',released,OTHSNI
386.6060,'w',pressed,OTHSNI
387.3269,'a',pressed,OTHSNI
387.3610,'a',released,OTHSNI
387.6190,'a',pressed,OTHSNI
388.6489,'a',released,OTHSNI
390.6118,Key.space,pressed,OTHSNI
390.7158,Key.space,released,OTHSNI
391.8869,'d',pressed,OTHSNI
392.0108,Key.space,pressed,OTHSNI
392.1788,Key.space,released,OTHSNI
393.0769,'d',released,OTHSNI
393.4019,'d',pressed,OTHSNI
393.5679,'d',released,OTHSNI
394.1740,'a',pressed,OTHSNI
394.7609,'a',released,OTHSNI
395.3319,'a',pressed,OTHSNI
395.5500,'a',released,OTHSNI
395.8730,'a',pressed,OTHSNI
396.0109,'a',released,OTHSNI
396.4109,'d',pressed,OTHSNI
396.8101,'d',released,OTHSNI
397.2730,'d',pressed,OTHSNI
397.5929,'d',released,OTHSNI
397.9499,'d',pressed,OTHSNI
398.2639,'d',released,OTHSNI
398.6129,'a',pressed,OTHSNI
398.6590,'a',released,OTHSNI
398.9298,Mouse.left,pressed,OTHSNI
399.0439,Mouse.left,released,OTHSNI
399.0769,Mouse.left,pressed,OTHSNI
399.1618,Mouse.left,released,OTHSNI
399.2390,Mouse.left,pressed,OTHSNI
399.3050,Mouse.left,released,OTHSNI
399.3609,Mouse.left,pressed,OTHSNI
399.4368,Mouse.left,released,OTHSNI
399.4580,'d',pressed,OTHSNI
399.4839,Mouse.left,pressed,OTHSNI
399.5020,'d',released,OTHSNI
399.6279,Mouse.left,released,OTHSNI
399.6660,'a',pressed,OTHSNI
399.6809,Mouse.left,pressed,OTHSNI
399.7661,Mouse.left,released,OTHSNI
399.8340,Mouse.left,pressed,OTHSNI
399.9059,Mouse.left,released,OTHSNI
399.9140,'a',released,OTHSNI
399.9619,Mouse.left,pressed,OTHSNI
400.0381,Mouse.left,released,OTHSNI
400.0979,Mouse.left,pressed,OTHSNI
400.1780,Mouse.left,released,OTHSNI
400.2410,Mouse.left,pressed,OTHSNI
400.2849,'d',pressed,OTHSNI
400.3329,Mouse.left,released,OTHSNI
400.3890,Mouse.left,pressed,OTHSNI
400.4030,'d',released,OTHSNI
400.4769,Mouse.left,released,OTHSNI
400.5131,'d',pressed,OTHSNI
400.5409,Mouse.left,pressed,OTHSNI
400.6249,Mouse.left,released,OTHSNI
400.6290,'w',released,OTHSNI
400.6969,Mouse.left,pressed,OTHSNI
400.7879,Mouse.left,released,OTHSNI
400.8459,Mouse.left,pressed,OTHSNI
400.9090,Mouse.left,released,OTHSNI
400.9860,Mouse.left,pressed,OTHSNI
401.0480,'w',pressed,OTHSNI
401.1020,'d',released,OTHSNI
401.1180,Mouse.left,released,OTHSNI
401.2891,'w',released,OTHSNI
401.4189,'s',pressed,OTHSNI
401.7709,'a',pressed,OTHSNI
401.9629,'a',released,OTHSNI
402.0519,'s',released,OTHSNI
402.1679,'w',pressed,OTHSNI
402.2559,'w',released,OTHSNI
402.3440,'w',pressed,OTHSNI
402.4519,'d',pressed,OTHSNI
402.9630,'w',released,OTHSNI
403.0062,Mouse.left,pressed,OTHSNI
403.0690,'d',released,OTHSNI
403.1499,Mouse.left,released,OTHSNI
403.4450,'s',pressed,OTHSNI
403.9520,'a',pressed,OTHSNI
404.0060,'s',released,OTHSNI
404.2389,'a',released,OTHSNI
404.5369,'w',pressed,OTHSNI
405.3579,'a',pressed,OTHSNI
405.4600,'w',released,OTHSNI
405.7989,'w',pressed,OTHSNI
405.8470,'a',released,OTHSNI
406.1269,'w',released,OTHSNI
406.4859,'s',pressed,OTHSNI
406.9179,'d',pressed,OTHSNI
406.9649,'s',released,OTHSNI
407.2969,'d',released,OTHSNI
407.9480,'w',pressed,OTHSNI
408.0360,'a',pressed,OTHSNI
408.5309,'a',released,OTHSNI
408.5449,'w',released,OTHSNI
409.0049,'s',pressed,OTHSNI
409.2720,'d',pressed,OTHSNI
409.2750,Mouse.x1,pressed,OTHSNI
409.4390,Mouse.x1,released,OTHSNI
409.5439,'s',released,OTHSNI
410.1289,'w',pressed,OTHSNI
410.1750,'d',released,OTHSNI
410.1849,Key.space,pressed,OTHSNI
410.3408,Key.space,released,OTHSNI
410.5319,'a',pressed,OTHSNI
410.8419,'a',released,OTHSNI
411.1818,Key.space,pressed,OTHSNI
411.3119,'d',pressed,OTHSNI
411.5249,'w',released,OTHSNI
411.5868,Key.space,released,OTHSNI
411.6989,'s',pressed,OTHSNI
412.0359,'d',released,OTHSNI
412.0480,'s',released,OTHSNI
412.2939,'w',pressed,OTHSNI
412.3599,'d',pressed,OTHSNI
412.5419,'w',released,OTHSNI
412.7148,Key.space,pressed,OTHSNI
413.1790,'s',pressed,OTHSNI
413.2089,Key.space,released,OTHSNI
413.4049,'d',released,OTHSNI
413.9801,'d',pressed,OTHSNI
414.0650,'s',released,OTHSNI
414.4649,'s',pressed,OTHSNI
414.4849,'d',released,OTHSNI
414.9020,'d',pressed,OTHSNI
414.9139,'s',released,OTHSNI
415.0739,'w',pressed,OTHSNI
415.1119,'d',released,OTHSNI
415.5649,'d',pressed,OTHSNI
415.6450,'d',released,OTHSNI
415.8350,'a',pressed,OTHSNI
416.1629,'a',released,OTHSNI
416.5679,'a',pressed,OTHSNI
416.7220,'a',released,OTHSNI
417.1450,'w',released,OTHSNI
417.1489,'d',pressed,OTHSNI
417.4040,'d',released,OTHSNI
417.5779,'a',pressed,OTHSNI
417.6469,Mouse.left,pressed,OTHSNI
417.7329,Mouse.left,released,OTHSNI
417.9400,'a',released,OTHSNI
418.4070,Mouse.left,pressed,OTHSNI
418.4849,Mouse.left,released,OTHSNI
424.2239,Mouse.left,pressed,OTHSNI
424.3359,Mouse.left,released,OTHSNI
437.6629,Mouse.left,pressed,OTHSNI
438.2600,Mouse.left,released,OTHSNI
439.3110,Mouse.left,pressed,OTHSNI
439.4259,Mouse.left,released,OTHSNI
459.2149,Mouse.right,pressed,OTHSNI
459.3799,Mouse.right,released,OTHSNI
474.9069,Mouse.left,pressed,OTHSNI
475.0279,Mouse.left,released,OTHSNI
477.7519,Mouse.left,pressed,OTHSNI
477.8659,Mouse.left,released,OTHSNI
490.1639,Mouse.left,pressed,OTHSNI
490.3009,Mouse.left,released,OTHSNI
491.6830,'w',pressed,OTHSNI
491.7509,'w',released,OTHSNI
491.8551,'w',pressed,OTHSNI
494.7010,'d',pressed,OTHSNI
495.3560,'d',released,OTHSNI
495.8229,'d',pressed,OTHSNI
496.1009,'d',released,OTHSNI
496.8199,'d',pressed,OTHSNI
497.0759,'d',released,OTHSNI
497.3190,'a',pressed,OTHSNI
497.8490,'a',released,OTHSNI
498.0970,'a',pressed,OTHSNI
498.1449,'w',released,OTHSNI
498.4959,'w',pressed,OTHSNI
498.5639,'a',released,OTHSNI
498.9170,'a',pressed,OTHSNI
498.9550,'w',released,OTHSNI
499.2490,'w',pressed,OTHSNI
499.5009,'a',released,OTHSNI
499.7500,'w',released,OTHSNI
499.8300,'d',pressed,OTHSNI
499.9079,'d',released,OTHSNI
499.9320,'a',pressed,OTHSNI
500.1580,'a',released,OTHSNI
500.5009,'s',pressed,OTHSNI
500.7069,'d',pressed,OTHSNI
500.7630,'s',released,OTHSNI
501.0239,'d',released,OTHSNI
501.0319,'s',pressed,OTHSNI
501.1859,'s',released,OTHSNI
502.1150,'q',pressed,OTHSNI
502.1789,'q',released,OTHSNI
502.2889,Mouse.left,pressed,OTHSNI
502.3770,Mouse.left,released,OTHSNI
502.5579,'w',pressed,OTHSNI
502.7359,Mouse.left,pressed,OTHSNI
502.8400,Mouse.left,released,OTHSNI
502.9089,Mouse.left,pressed,OTHSNI
502.9549,Mouse.left,released,OTHSNI
503.0290,Mouse.left,pressed,OTHSNI
503.0311,'w',released,OTHSNI
503.0579,Mouse.left,released,OTHSNI
503.1100,Mouse.left,pressed,OTHSNI
503.1990,Mouse.left,released,OTHSNI
503.2799,Mouse.left,pressed,OTHSNI
503.3808,Mouse.left,released,OTHSNI
503.4670,Mouse.left,pressed,OTHSNI
503.4909,'s',pressed,OTHSNI
503.5439,Mouse.left,released,OTHSNI
503.5871,'a',pressed,OTHSNI
503.6120,Mouse.left,pressed,OTHSNI
503.6560,Mouse.left,released,OTHSNI
503.6932,'s',released,OTHSNI
503.7009,'a',released,OTHSNI
503.7030,Mouse.left,pressed,OTHSNI
503.7619,Mouse.left,released,OTHSNI
503.8460,'w',pressed,OTHSNI
503.8958,Mouse.left,pressed,OTHSNI
503.9100,'w',released,OTHSNI
503.9919,Mouse.left,released,OTHSNI
504.0300,'w',pressed,OTHSNI
504.0320,Mouse.left,pressed,OTHSNI
504.0859,'w',released,OTHSNI
504.1300,Mouse.left,released,OTHSNI
504.1679,Mouse.left,pressed,OTHSNI
504.2440,'w',pressed,OTHSNI
504.3119,'w',released,OTHSNI
504.3349,Mouse.left,released,OTHSNI
504.3880,Mouse.left,pressed,OTHSNI
504.4529,Mouse.left,released,OTHSNI
504.4819,Mouse.left,pressed,OTHSNI
504.5589,Mouse.left,released,OTHSNI
504.6089,Mouse.left,pressed,OTHSNI
504.7109,Mouse.left,released,OTHSNI
504.7660,Mouse.left,pressed,OTHSNI
504.9109,Mouse.left,released,OTHSNI
504.9970,Mouse.left,pressed,OTHSNI
505.0390,'w',pressed,OTHSNI
505.1070,'w',released,OTHSNI
505.1209,Mouse.left,released,OTHSNI
505.2300,'w',pressed,OTHSNI
505.3620,'w',released,OTHSNI
505.5399,'s',pressed,OTHSNI
506.0849,'s',released,OTHSNI
506.3769,'a',pressed,OTHSNI
506.5569,'w',pressed,OTHSNI
506.7740,'w',released,OTHSNI
506.7820,'a',released,OTHSNI
507.1799,'d',pressed,OTHSNI
507.3239,'d',released,OTHSNI
508.2379,'w',pressed,OTHSNI
508.4479,'w',released,OTHSNI
508.6180,'a',pressed,OTHSNI
508.8460,'a',released,OTHSNI
509.1390,'s',pressed,OTHSNI
509.2130,'d',pressed,OTHSNI
509.3590,'s',released,OTHSNI
509.7739,'w',pressed,OTHSNI
510.0841,'d',released,OTHSNI
510.6190,'a',pressed,OTHSNI
510.6370,'w',released,OTHSNI
510.6579,Mouse.left,pressed,OTHSNI
510.7311,'a',released,OTHSNI
510.7890,'s',pressed,OTHSNI
510.9799,Mouse.left,released,OTHSNI
511.0499,Mouse.left,pressed,OTHSNI
511.1449,Mouse.left,released,OTHSNI
511.1950,'a',pressed,OTHSNI
511.1989,'s',released,OTHSNI
511.2370,Mouse.left,pressed,OTHSNI
511.2779,Mouse.left,released,OTHSNI
512.4210,'s',pressed,OTHSNI
512.6470,'a',released,OTHSNI
513.0639,'s',released,OTHSNI
513.2059,'w',pressed,OTHSNI
513.2640,'w',released,OTHSNI
513.3791,'w',pressed,OTHSNI
513.6490,'w',released,OTHSNI
513.6929,Mouse.left,pressed,OTHSNI
513.7009,'d',pressed,OTHSNI
513.7430,'w',pressed,OTHSNI
513.8249,'w',released,OTHSNI
513.8920,Mouse.left,released,OTHSNI
513.9789,Mouse.left,pressed,OTHSNI
513.9810,'s',pressed,OTHSNI
514.0149,'d',released,OTHSNI
514.0310,Mouse.left,released,OTHSNI
514.0739,Mouse.left,pressed,OTHSNI
514.1350,Mouse.left,released,OTHSNI
514.1959,Mouse.left,pressed,OTHSNI
514.3129,Mouse.left,released,OTHSNI
514.3759,Mouse.left,pressed,OTHSNI
514.3799,'a',pressed,OTHSNI
514.4159,'a',released,OTHSNI
514.4659,Mouse.left,released,OTHSNI
514.5079,Mouse.left,pressed,OTHSNI
515.0231,'s',released,OTHSNI
515.0369,Mouse.left,released,OTHSNI
515.1730,'w',pressed,OTHSNI
515.2470,'w',released,OTHSNI
515.3510,'w',pressed,OTHSNI
515.5670,'w',released,OTHSNI
515.5800,'a',pressed,OTHSNI
515.9660,'s',pressed,OTHSNI
516.0460,'a',released,OTHSNI
516.3000,'d',pressed,OTHSNI
516.3119,'s',released,OTHSNI
516.4909,'w',pressed,OTHSNI
516.5190,'d',released,OTHSNI
516.5630,'w',released,OTHSNI
516.6689,'w',pressed,OTHSNI
517.1119,'d',pressed,OTHSNI
517.9010,'d',released,OTHSNI
518.0049,'d',pressed,OTHSNI
518.1229,'d',released,OTHSNI
518.3529,'d',pressed,OTHSNI
518.5499,'w',released,OTHSNI
518.9880,'d',released,OTHSNI
519.0639,'a',pressed,OTHSNI
519.3989,'a',released,OTHSNI
519.4049,'w',pressed,OTHSNI
519.4090,'d',pressed,OTHSNI
519.5091,'w',released,OTHSNI
519.8430,'s',pressed,OTHSNI
520.0780,'s',released,OTHSNI
520.0929,Mouse.left,pressed,OTHSNI
520.1200,'d',released,OTHSNI
521.6239,Mouse.left,released,OTHSNI
521.7279,Mouse.left,pressed,OTHSNI
521.7840,'w',pressed,OTHSNI
521.8109,Mouse.left,released,OTHSNI
521.8958,Mouse.left,pressed,OTHSNI
521.9040,'w',released,OTHSNI
521.9459,Mouse.left,released,OTHSNI
521.9720,'a',pressed,OTHSNI
522.4429,'a',released,OTHSNI
530.7069,'w',pressed,OTHSNI
530.7840,'w',released,OTHSNI
530.8839,'w',pressed,OTHSNI
531.4349,'w',released,OTHSNI
531.6340,'w',pressed,OTHSNI
531.7878,Key.space,pressed,OTHSNI
531.9800,Key.space,released,OTHSNI
532.8329,'w',released,OTHSNI
533.0229,'w',pressed,OTHSNI
533.0839,'w',released,OTHSNI
533.1960,'w',pressed,OTHSNI
533.8430,'w',released,OTHSNI
534.0449,'s',pressed,OTHSNI
534.4980,'d',pressed,OTHSNI
534.5820,'s',released,OTHSNI
535.1600,'w',pressed,OTHSNI
535.1969,'d',released,OTHSNI
535.2520,'w',released,OTHSNI
535.3589,'w',pressed,OTHSNI
535.5009,'a',pressed,OTHSNI
535.8800,'a',released,OTHSNI
536.2320,'a',pressed,OTHSNI
536.3759,'a',released,OTHSNI
537.3940,'q',pressed,OTHSNI
537.5560,'q',released,OTHSNI
539.3331,'d',pressed,OTHSNI
539.9149,'w',released,OTHSNI
540.1249,'s',pressed,OTHSNI
540.1559,'d',released,OTHSNI
540.6260,'a',pressed,OTHSNI
540.6800,'s',released,OTHSNI
540.7940,'s',pressed,OTHSNI
541.3350,'s',released,OTHSNI
541.5040,'w',pressed,OTHSNI
541.6020,'a',released,OTHSNI
541.8420,'a',pressed,OTHSNI
542.1650,'a',released,OTHSNI
542.2440,'d',pressed,OTHSNI
542.4589,'d',released,OTHSNI
542.5409,'w',released,OTHSNI
542.7030,'s',pressed,OTHSNI
543.0680,'s',released,OTHSNI
543.0920,'d',pressed,OTHSNI
543.3340,'d',released,OTHSNI
543.3609,Mouse.left,pressed,OTHSNI
543.4440,'a',pressed,OTHSNI
543.5730,Mouse.left,released,OTHSNI
543.6319,'w',pressed,OTHSNI
543.6389,'a',released,OTHSNI
544.0610,'d',pressed,OTHSNI
544.6559,'w',released,OTHSNI
544.6660,'d',released,OTHSNI
544.9099,'w',pressed,OTHSNI
545.1950,'d',pressed,OTHSNI
545.7069,Key.shift,pressed,OTHSNI
545.7298,Key.shift,released,OTHSNI
545.9960,'d',released,OTHSNI
546.2280,'d',pressed,OTHSNI
546.7350,'d',released,OTHSNI
546.9849,'w',released,OTHSNI
547.0950,'d',pressed,OTHSNI
547.2759,'d',released,OTHSNI
547.5780,'a',pressed,OTHSNI
547.6639,'a',released,OTHSNI
548.2870,'w',pressed,OTHSNI
548.5779,'w',released,OTHSNI
548.7080,'a',pressed,OTHSNI
548.8859,'a',released,OTHSNI
549.2020,'s',pressed,OTHSNI
549.3629,'a',pressed,OTHSNI
549.7230,'s',released,OTHSNI
550.1940,'w',pressed,OTHSNI
550.2581,'a',released,OTHSNI
550.6940,'w',released,OTHSNI
551.6659,'q',pressed,OTHSNI
551.7880,'q',released,OTHSNI
552.3519,Mouse.right,pressed,OTHSNI
552.9059,Mouse.right,released,OTHSNI
553.1349,Mouse.right,pressed,OTHSNI
553.4869,Mouse.left,pressed,OTHSNI
553.5929,Mouse.left,released,OTHSNI
553.9170,'s',pressed,OTHSNI
553.9399,Mouse.right,released,OTHSNI
554.0010,'a',pressed,OTHSNI
554.5499,'s',released,OTHSNI
554.6200,'a',released,OTHSNI
554.6939,'d',pressed,OTHSNI
554.7239,'d',released,OTHSNI
554.7500,'w',pressed,OTHSNI
555.2409,'d',pressed,OTHSNI
555.3831,'d',released,OTHSNI
555.7940,'a',pressed,OTHSNI
555.9159,'a',released,OTHSNI
555.9320,'w',released,OTHSNI
555.9739,Mouse.right,pressed,OTHSNI
557.2459,Mouse.right,released,OTHSNI
558.8160,Mouse.left,pressed,OTHSNI
558.8938,Mouse.left,released,OTHSNI
558.9841,Mouse.left,pressed,OTHSNI
559.0539,Mouse.left,released,OTHSNI
559.1259,Mouse.left,pressed,OTHSNI
559.2250,Mouse.left,released,OTHSNI
559.2969,Mouse.left,pressed,OTHSNI
559.3949,Mouse.left,released,OTHSNI
559.4740,Mouse.left,pressed,OTHSNI
559.5400,Mouse.left,released,OTHSNI
559.7590,'s',pressed,OTHSNI
560.0110,'s',released,OTHSNI
560.1840,'w',pressed,OTHSNI
560.5380,'w',released,OTHSNI
575.5389,Mouse.right,pressed,OTHSNI
575.6910,Mouse.right,released,OTHSNI
576.9539,Mouse.right,pressed,OTHSNI
577.1429,Mouse.right,released,OTHSNI
577.5369,Mouse.right,pressed,OTHSNI
577.6970,Mouse.right,released,OTHSNI
578.4170,Mouse.right,pressed,OTHSNI
578.5739,Mouse.right,released,OTHSNI
580.6071,Mouse.right,pressed,OTHSNI
580.7499,Mouse.right,released,OTHSNI
581.2829,Mouse.right,pressed,OTHSNI
581.4429,Mouse.right,released,OTHSNI
582.2740,Mouse.right,pressed,OTHSNI
582.4359,Mouse.right,released,OTHSNI
585.4449,'w',pressed,OTHSNI
585.4909,'w',released,OTHSNI
585.6029,'w',pressed,OTHSNI
586.2199,'q',pressed,OTHSNI
586.4099,'q',released,OTHSNI
587.4879,Key.space,pressed,OTHSNI
587.8059,Key.space,released,OTHSNI
588.9900,'a',pressed,OTHSNI
589.2820,'a',released,OTHSNI
589.6939,'a',pressed,OTHSNI
589.7470,Mouse.left,pressed,OTHSNI
589.8459,Mouse.left,released,OTHSNI
589.8690,'w',released,OTHSNI
589.9089,Mouse.left,pressed,OTHSNI
589.9870,Mouse.left,released,OTHSNI
590.0170,'s',pressed,OTHSNI
590.0510,Mouse.left,pressed,OTHSNI
590.0531,'a',released,OTHSNI
590.0970,'d',pressed,OTHSNI
590.1119,'s',released,OTHSNI
590.1910,'s',pressed,OTHSNI
590.1920,Mouse.left,released,OTHSNI
590.2230,'s',released,OTHSNI
590.2479,Mouse.left,pressed,OTHSNI
590.6381,'w',pressed,OTHSNI
590.6960,'d',released,OTHSNI
590.7580,'w',released,OTHSNI
590.8320,'d',pressed,OTHSNI
590.9062,'s',pressed,OTHSNI
590.9659,'d',released,OTHSNI
591.5810,'s',released,OTHSNI
591.7100,'w',pressed,OTHSNI
591.7790,'w',released,OTHSNI
591.8400,Mouse.left,released,OTHSNI
591.9100,'a',pressed,OTHSNI
592.0860,'a',released,OTHSNI
592.0879,'w',pressed,OTHSNI
592.1709,Mouse.left,pressed,OTHSNI
592.2760,'w',released,OTHSNI
592.3769,Mouse.left,released,OTHSNI
592.3940,'d',pressed,OTHSNI
592.4498,Mouse.left,pressed,OTHSNI
592.5499,Mouse.left,released,OTHSNI
592.6119,Mouse.left,pressed,OTHSNI
592.6211,'s',pressed,OTHSNI
592.6830,'d',released,OTHSNI
592.8569,Mouse.left,released,OTHSNI
592.9670,'d',pressed,OTHSNI
593.0269,'s',released,OTHSNI
593.5700,'w',pressed,OTHSNI
593.6280,'d',released,OTHSNI
593.6380,'w',released,OTHSNI
593.7400,'w',pressed,OTHSNI
593.9660,'a',pressed,OTHSNI
594.0210,'a',released,OTHSNI
594.2129,'a',pressed,OTHSNI
594.2470,'a',released,OTHSNI
594.6210,'a',pressed,OTHSNI
594.8479,'a',released,OTHSNI
595.0540,'d',pressed,OTHSNI
595.2666,'d',released,OTHSNI
595.6109,'d',pressed,OTHSNI
595.7330,'w',released,OTHSNI
597.2571,'w',pressed,OTHSNI
597.4230,'w',released,OTHSNI
597.7579,'w',pressed,OTHSNI
598.0680,'d',released,OTHSNI
598.4130,'w',released,OTHSNI
598.5740,'d',pressed,OTHSNI
598.7270,'d',released,OTHSNI
599.2239,'w',pressed,OTHSNI
599.3000,'w',released,OTHSNI
599.3980,'w',pressed,OTHSNI
599.5320,'a',pressed,OTHSNI
599.6780,'a',released,OTHSNI
599.7391,Key.space,pressed,OTHSNI
599.8689,Key.space,released,OTHSNI
600.5460,'a',pressed,OTHSNI
601.3669,'a',released,OTHSNI
603.9960,'d',pressed,OTHSNI
604.2310,'d',released,OTHSNI
604.7159,Mouse.left,pressed,OTHSNI
605.0640,'w',released,OTHSNI
605.1860,'w',pressed,OTHSNI
605.4500,'a',pressed,OTHSNI
605.7520,Mouse.left,released,OTHSNI
605.7751,'w',released,OTHSNI
605.8151,Mouse.left,pressed,OTHSNI
605.8330,'a',released,OTHSNI
605.8550,'d',pressed,OTHSNI
605.9059,Mouse.left,released,OTHSNI
605.9509,Mouse.left,pressed,OTHSNI
605.9940,'w',pressed,OTHSNI
606.0200,Mouse.left,released,OTHSNI
606.0720,Mouse.left,pressed,OTHSNI
606.0790,'w',released,OTHSNI
606.0850,'d',released,OTHSNI
606.1420,Mouse.left,released,OTHSNI
606.1710,'w',pressed,OTHSNI
606.1951,Mouse.left,pressed,OTHSNI
606.2310,Mouse.left,released,OTHSNI
606.2429,'w',released,OTHSNI
606.2609,Mouse.left,pressed,OTHSNI
606.2959,'w',pressed,OTHSNI
606.3400,Mouse.left,released,OTHSNI
606.3600,'d',pressed,OTHSNI
606.3899,'w',released,OTHSNI
606.4089,Mouse.left,pressed,OTHSNI
606.5192,Mouse.left,released,OTHSNI
606.5739,Mouse.left,pressed,OTHSNI
606.6619,Mouse.left,released,OTHSNI
606.7249,Mouse.left,pressed,OTHSNI
606.7520,'w',pressed,OTHSNI
606.7560,'d',released,OTHSNI
606.8348,Mouse.left,released,OTHSNI
606.8380,'w',released,OTHSNI
606.9049,Mouse.left,pressed,OTHSNI
606.9310,'w',pressed,OTHSNI
606.9469,Mouse.left,released,OTHSNI
606.9950,'a',pressed,OTHSNI
607.0089,Mouse.left,pressed,OTHSNI
607.0629,Mouse.left,released,OTHSNI
607.1210,'w',released,OTHSNI
607.1850,'a',released,OTHSNI
607.2450,'s',pressed,OTHSNI
607.3250,'d',pressed,OTHSNI
607.7980,'s',released,OTHSNI
608.0400,'s',pressed,OTHSNI
608.4090,'s',released,OTHSNI
608.7209,'s',pressed,OTHSNI
609.4660,'d',released,OTHSNI
609.5040,'a',pressed,OTHSNI
609.5861,'s',released,OTHSNI
609.7229,'w',pressed,OTHSNI
609.7990,'a',released,OTHSNI
609.8009,'w',released,OTHSNI
609.9150,'w',pressed,OTHSNI
610.1510,'d',pressed,OTHSNI
610.2031,'d',released,OTHSNI
610.4060,'d',pressed,OTHSNI
610.6320,'w',released,OTHSNI
610.9900,'w',pressed,OTHSNI
611.0520,'w',released,OTHSNI
611.0739,'d',released,OTHSNI
611.1550,'w',pressed,OTHSNI
611.2829,'d',pressed,OTHSNI
611.5549,'d',released,OTHSNI
611.8762,'d',pressed,OTHSNI
612.0879,'d',released,OTHSNI
612.6190,'d',pressed,OTHSNI
612.7430,'d',released,OTHSNI
612.8729,'d',pressed,OTHSNI
612.9530,'w',released,OTHSNI
613.2380,'d',released,OTHSNI
613.5000,'s',pressed,OTHSNI
613.6639,'a',pressed,OTHSNI
613.8349,'s',released,OTHSNI
613.9770,'w',pressed,OTHSNI
614.0130,'a',released,OTHSNI
614.0491,'w',released,OTHSNI
614.1430,'w',pressed,OTHSNI
614.5159,'d',pressed,OTHSNI
614.5860,'d',released,OTHSNI
614.6500,'w',released,OTHSNI
614.6700,'a',pressed,OTHSNI
614.7641,'a',released,OTHSNI
615.0420,'w',pressed,OTHSNI
615.2770,'d',pressed,OTHSNI
615.3430,'d',released,OTHSNI
615.3750,'a',pressed,OTHSNI
615.7829,'w',released,OTHSNI
615.8170,'a',released,OTHSNI
616.4520,'w',pressed,OTHSNI
616.5079,'w',released,OTHSNI
616.8590,'w',pressed,OTHSNI
616.9209,'w',released,OTHSNI
617.0249,'w',pressed,OTHSNI
617.4520,'a',pressed,OTHSNI
617.5940,'a',released,OTHSNI
617.9240,'a',pressed,OTHSNI
618.5250,'a',released,OTHSNI
618.8292,'a',pressed,OTHSNI
618.9560,'a',released,OTHSNI
620.1009,'d',pressed,OTHSNI
620.4638,'d',released,OTHSNI
620.8800,'d',pressed,OTHSNI
621.2309,'d',released,OTHSNI
621.5031,'d',pressed,OTHSNI
621.6190,'d',released,OTHSNI
622.1901,'d',pressed,OTHSNI
622.6710,'d',released,OTHSNI
622.8250,'d',pressed,OTHSNI
623.5180,'d',released,OTHSNI
623.6780,'a',pressed,OTHSNI
623.8520,'a',released,OTHSNI
624.2430,'a',pressed,OTHSNI
624.2529,'w',released,OTHSNI
624.8199,'w',pressed,OTHSNI
625.4261,'a',released,OTHSNI
625.9550,'a',pressed,OTHSNI
626.1839,'a',released,OTHSNI
627.1550,'a',pressed,OTHSNI
627.3631,'a',released,OTHSNI
628.5290,'a',pressed,OTHSNI
629.5100,'a',released,OTHSNI
629.8390,'a',pressed,OTHSNI
630.2429,'a',released,OTHSNI
630.9440,'a',pressed,OTHSNI
631.1420,'a',released,OTHSNI
631.5030,'d',pressed,OTHSNI
631.7350,'d',released,OTHSNI
632.0840,'d',pressed,OTHSNI
632.2780,'d',released,OTHSNI
632.6871,'d',pressed,OTHSNI
633.6400,'d',released,OTHSNI
634.4390,'d',pressed,OTHSNI
634.5910,'d',released,OTHSNI
635.6069,Key.space,pressed,OTHSNI
636.3680,'d',pressed,OTHSNI
636.5660,'d',released,OTHSNI
637.4829,Key.space,released,OTHSNI
637.6309,Key.space,pressed,OTHSNI
638.0640,'d',pressed,OTHSNI
638.2760,'d',released,OTHSNI
638.3659,Key.space,released,OTHSNI
638.6329,'d',pressed,OTHSNI
638.8730,'d',released,OTHSNI
638.9609,Key.space,pressed,OTHSNI
639.4219,Key.space,released,OTHSNI
639.8990,'w',released,OTHSNI
640.1249,'s',pressed,OTHSNI
640.2690,'s',released,OTHSNI
640.4090,'w',pressed,OTHSNI
640.4890,'d',pressed,OTHSNI
640.6620,'d',released,OTHSNI
641.0161,'d',pressed,OTHSNI
641.0621,'w',released,OTHSNI
641.3100,'s',pressed,OTHSNI
641.3339,'d',released,OTHSNI
641.5929,'s',released,OTHSNI
641.9490,'d',pressed,OTHSNI
642.4160,'w',pressed,OTHSNI
642.4881,'w',released,OTHSNI
642.4961,'d',released,OTHSNI
642.5922,'w',pressed,OTHSNI
642.6718,Key.space,pressed,OTHSNI
642.8019,'a',pressed,OTHSNI
642.9630,Key.space,released,OTHSNI
643.1210,'w',released,OTHSNI
643.5280,'w',pressed,OTHSNI
643.5999,'a',released,OTHSNI
643.6319,'w',released,OTHSNI
643.7220,'w',pressed,OTHSNI
644.1159,Key.space,pressed,OTHSNI
644.1670,'d',pressed,OTHSNI
644.4529,Key.space,released,OTHSNI
644.5550,'w',released,OTHSNI
644.7850,'a',pressed,OTHSNI
644.7870,'d',released,OTHSNI
644.9879,'w',pressed,OTHSNI
645.0520,'w',released,OTHSNI
645.0920,'a',released,OTHSNI
645.1560,'w',pressed,OTHSNI
645.2621,'a',pressed,OTHSNI
645.3880,'a',released,OTHSNI
645.3900,Key.space,pressed,OTHSNI
645.6350,'a',pressed,OTHSNI
645.8209,Key.space,released,OTHSNI
645.8491,'a',released,OTHSNI
646.0909,Key.space,pressed,OTHSNI
646.7438,Key.space,released,OTHSNI
646.8639,Key.space,pressed,OTHSNI
648.0239,Key.space,released,OTHSNI
648.1659,Key.space,pressed,OTHSNI
648.8909,Key.space,released,OTHSNI
649.0409,Key.space,pressed,OTHSNI
649.1179,Key.space,released,OTHSNI
649.2219,Key.space,pressed,OTHSNI
649.6749,Key.space,released,OTHSNI
649.8049,Key.space,pressed,OTHSNI
650.1410,'a',pressed,OTHSNI
650.2049,Key.space,released,OTHSNI
650.3570,'a',released,OTHSNI
650.4929,Key.space,pressed,OTHSNI
650.7260,'a',pressed,OTHSNI
650.9819,Key.space,released,OTHSNI
651.1400,'a',released,OTHSNI
651.4169,'a',pressed,OTHSNI
651.8290,'a',released,OTHSNI
651.8960,'d',pressed,OTHSNI
652.0660,'d',released,OTHSNI
652.5170,'d',pressed,OTHSNI
652.7170,'d',released,OTHSNI
653.0891,'d',pressed,OTHSNI
653.2451,'d',released,OTHSNI
653.7161,'d',pressed,OTHSNI
654.1850,'d',released,OTHSNI
654.6050,'d',pressed,OTHSNI
655.4889,'d',released,OTHSNI
656.2461,'a',pressed,OTHSNI
656.6739,'a',released,OTHSNI
657.3570,'d',pressed,OTHSNI
657.6060,'d',released,OTHSNI
658.1890,Key.space,pressed,OTHSNI
658.3389,Key.space,released,OTHSNI
658.8129,Key.space,pressed,OTHSNI
659.0919,Key.space,released,OTHSNI
659.3639,Key.space,pressed,OTHSNI
659.5559,Key.space,released,OTHSNI
660.5761,'a',pressed,OTHSNI
660.6140,'a',released,OTHSNI
661.0790,'a',pressed,OTHSNI
662.2020,'a',released,OTHSNI
662.3620,'d',pressed,OTHSNI
662.5390,'d',released,OTHSNI
662.8710,'d',pressed,OTHSNI
663.2540,'d',released,OTHSNI
663.5020,'a',pressed,OTHSNI
663.6740,'a',released,OTHSNI
664.2230,'d',pressed,OTHSNI
664.2490,'w',released,OTHSNI
664.5200,'s',pressed,OTHSNI
664.9320,Mouse.left,pressed,OTHSNI
665.1080,'a',pressed,OTHSNI
665.1081,Mouse.left,released,OTHSNI
665.1201,'d',released,OTHSNI
665.1739,Mouse.left,pressed,OTHSNI
665.2192,Mouse.left,released,OTHSNI
665.2931,Mouse.left,pressed,OTHSNI
665.3570,Mouse.left,released,OTHSNI
665.5630,'a',released,OTHSNI
665.6329,'s',released,OTHSNI
665.6332,'d',pressed,OTHSNI
666.1980,'d',released,OTHSNI
666.2080,'a',pressed,OTHSNI
666.2800,Mouse.left,pressed,OTHSNI
666.2920,'a',released,OTHSNI
666.3790,Mouse.left,released,OTHSNI
666.4852,'a',pressed,OTHSNI
666.5880,'w',pressed,OTHSNI
666.6300,'a',released,OTHSNI
666.6950,'w',released,OTHSNI
666.7710,'w',pressed,OTHSNI
666.8770,'a',pressed,OTHSNI
667.2510,'w',released,OTHSNI
667.4521,'w',pressed,OTHSNI
667.4560,'a',released,OTHSNI
667.4879,'d',pressed,OTHSNI
667.7220,'d',released,OTHSNI
667.9740,'d',pressed,OTHSNI
668.1049,'d',released,OTHSNI
669.2339,'d',pressed,OTHSNI
669.5890,'d',released,OTHSNI
669.9030,'d',pressed,OTHSNI
670.0140,'d',released,OTHSNI
670.2700,'a',pressed,OTHSNI
670.4960,'a',released,OTHSNI
671.5171,'d',pressed,OTHSNI
671.7919,'d',released,OTHSNI
672.0540,'a',pressed,OTHSNI
672.2021,'a',released,OTHSNI
672.3040,'w',released,OTHSNI
672.7430,'w',pressed,OTHSNI
672.8170,'w',released,OTHSNI
672.9130,'w',pressed,OTHSNI
673.2300,'d',pressed,OTHSNI
673.5039,'d',released,OTHSNI
673.6080,'a',pressed,OTHSNI
673.7990,'a',released,OTHSNI
675.0239,'d',pressed,OTHSNI
675.3690,'d',released,OTHSNI
676.5730,'a',pressed,OTHSNI
676.7110,'a',released,OTHSNI
676.7330,'w',released,OTHSNI
677.0330,'w',pressed,OTHSNI
677.1131,'d',pressed,OTHSNI
677.1891,'w',released,OTHSNI
677.3460,'d',released,OTHSNI
677.4900,'w',pressed,OTHSNI
677.5780,'w',released,OTHSNI
677.6740,'a',pressed,OTHSNI
677.6920,'w',pressed,OTHSNI
677.8380,'a',released,OTHSNI
678.3870,'a',pressed,OTHSNI
678.5909,'a',released,OTHSNI
678.9781,'d',pressed,OTHSNI
679.2649,'d',released,OTHSNI
679.4490,'a',pressed,OTHSNI
679.6250,'a',released,OTHSNI
680.7010,'d',pressed,OTHSNI
680.7510,'w',released,OTHSNI
680.9890,'d',released,OTHSNI
681.0770,'a',pressed,OTHSNI
681.2590,'w',pressed,OTHSNI
681.2830,'a',released,OTHSNI
681.3520,'w',released,OTHSNI
681.4400,'w',pressed,OTHSNI
681.6480,'a',pressed,OTHSNI
682.1481,'a',released,OTHSNI
682.7220,'a',pressed,OTHSNI
683.1360,'a',released,OTHSNI
683.4180,'d',pressed,OTHSNI
683.7110,'d',released,OTHSNI
684.2140,'d',pressed,OTHSNI
684.2239,'w',released,OTHSNI
684.2940,'d',released,OTHSNI
684.4140,'w',pressed,OTHSNI
684.4821,'w',released,OTHSNI
684.5859,'w',pressed,OTHSNI
684.8001,'d',pressed,OTHSNI
684.8919,'d',released,OTHSNI
685.0190,'a',pressed,OTHSNI
685.3490,'a',released,OTHSNI
687.4201,'a',pressed,OTHSNI
687.6061,'a',released,OTHSNI
687.9270,'w',released,OTHSNI
689.0800,'w',pressed,OTHSNI
689.1460,'w',released,OTHSNI
689.2380,'w',pressed,OTHSNI
689.3810,'a',pressed,OTHSNI
689.8649,'a',released,OTHSNI
690.2580,'a',pressed,OTHSNI
690.6640,'a',released,OTHSNI
690.9631,'a',pressed,OTHSNI
691.2849,'a',released,OTHSNI
692.0620,'a',pressed,OTHSNI
692.4891,'a',released,OTHSNI
692.9560,'d',pressed,OTHSNI
693.3140,'d',released,OTHSNI
693.6851,'d',pressed,OTHSNI
693.8890,'d',released,OTHSNI
695.4880,'d',pressed,OTHSNI
695.6049,'d',released,OTHSNI
696.1340,'a',pressed,OTHSNI
696.3360,'a',released,OTHSNI
696.7791,'d',pressed,OTHSNI
697.0730,'d',released,OTHSNI
697.7210,'d',pressed,OTHSNI
697.9210,'d',released,OTHSNI
698.0789,'a',pressed,OTHSNI
698.2010,'a',released,OTHSNI
698.8880,'a',pressed,OTHSNI
698.9140,'a',released,OTHSNI
699.0360,'d',pressed,OTHSNI
699.1320,'d',released,OTHSNI
700.3621,'a',pressed,OTHSNI
700.4461,'a',released,OTHSNI
700.7270,'d',pressed,OTHSNI
700.8370,'d',released,OTHSNI
701.2150,'d',pressed,OTHSNI
701.3440,'d',released,OTHSNI
701.7200,'d',pressed,OTHSNI
701.8080,'d',released,OTHSNI
702.5849,Key.space,pressed,OTHSNI
702.7040,'d',pressed,OTHSNI
702.7639,Key.space,released,OTHSNI
703.6110,'d',released,OTHSNI
704.2479,Key.space,pressed,OTHSNI
704.4319,Key.space,released,OTHSNI
704.4459,'a',pressed,OTHSNI
705.1430,'a',released,OTHSNI
705.5759,Key.space,pressed,OTHSNI
705.6879,Key.space,released,OTHSNI
706.5510,'d',pressed,OTHSNI
706.9779,'d',released,OTHSNI
710.1739,Key.space,pressed,OTHSNI
710.2499,Key.space,released,OTHSNI
711.2240,'d',pressed,OTHSNI
711.3720,'d',released,OTHSNI
712.7760,'a',pressed,OTHSNI
713.1580,'a',released,OTHSNI
713.6670,'a',pressed,OTHSNI
714.4281,'a',released,OTHSNI
715.1210,'a',pressed,OTHSNI
715.2890,'a',released,OTHSNI
715.9140,'d',pressed,OTHSNI
715.9880,'d',released,OTHSNI
716.6990,'a',pressed,OTHSNI
717.1699,'a',released,OTHSNI
717.6372,'a',pressed,OTHSNI
717.8190,'d',pressed,OTHSNI
717.8209,'a',released,OTHSNI
718.2769,'w',released,OTHSNI
718.4920,'w',pressed,OTHSNI
718.5680,'w',released,OTHSNI
718.6020,'d',released,OTHSNI
718.6660,'w',pressed,OTHSNI
719.0329,'a',pressed,OTHSNI
719.1250,'a',released,OTHSNI
719.4790,'d',pressed,OTHSNI
719.9339,'d',released,OTHSNI
720.1740,'d',pressed,OTHSNI
720.3380,'d',released,OTHSNI
720.6092,'d',pressed,OTHSNI
720.8251,'d',released,OTHSNI
721.0050,'d',pressed,OTHSNI
721.1150,'d',released,OTHSNI
721.2360,'d',pressed,OTHSNI
721.5680,'d',released,OTHSNI
722.3090,'a',pressed,OTHSNI
722.7120,'a',released,OTHSNI
723.1220,'a',pressed,OTHSNI
723.3040,'a',released,OTHSNI
724.0359,Key.space,pressed,OTHSNI
724.1900,'d',pressed,OTHSNI
724.2179,Key.space,released,OTHSNI
725.4979,'w',released,OTHSNI
725.5020,'d',released,OTHSNI
745.4250,'w',pressed,OTHSNI
745.4670,'w',released,OTHSNI
745.5849,'w',pressed,OTHSNI
745.7819,Key.space,pressed,OTHSNI
745.9018,Key.space,released,OTHSNI
746.2500,'d',pressed,OTHSNI
746.8370,'d',released,OTHSNI
747.3160,'a',pressed,OTHSNI
747.4180,'a',released,OTHSNI
749.0040,'d',pressed,OTHSNI
749.4050,'d',released,OTHSNI
749.5230,'a',pressed,OTHSNI
749.7370,'a',released,OTHSNI
750.0120,'d',pressed,OTHSNI
750.0960,'d',released,OTHSNI
750.1300,'w',released,OTHSNI
750.3989,'d',pressed,OTHSNI
750.8310,'w',pressed,OTHSNI
750.8911,'w',released,OTHSNI
751.0110,'w',pressed,OTHSNI
751.0139,'d',released,OTHSNI
751.5660,'d',pressed,OTHSNI
751.6890,'d',released,OTHSNI
751.9590,'d',pressed,OTHSNI
752.0750,'d',released,OTHSNI
752.5620,'q',pressed,OTHSNI
752.6920,'q',released,OTHSNI
753.0340,'a',pressed,OTHSNI
753.4350,'a',released,OTHSNI
753.7440,'d',pressed,OTHSNI
753.8600,'d',released,OTHSNI
754.3910,'a',pressed,OTHSNI
754.5550,'a',released,OTHSNI
754.8510,'d',pressed,OTHSNI
756.4700,'d',released,OTHSNI
756.5450,'w',released,OTHSNI
756.9400,'d',pressed,OTHSNI
757.4630,'w',pressed,OTHSNI
757.4731,'d',released,OTHSNI
757.5490,'d',pressed,OTHSNI
757.6190,'w',released,OTHSNI
757.9939,'w',pressed,OTHSNI
757.9942,'a',pressed,OTHSNI
758.0300,'d',released,OTHSNI
758.3759,'a',released,OTHSNI
758.6770,'w',released,OTHSNI
758.8831,'d',pressed,OTHSNI
759.1410,'d',released,OTHSNI
759.2501,'w',pressed,OTHSNI
759.5280,'d',pressed,OTHSNI
759.5600,'w',released,OTHSNI
759.7040,'d',released,OTHSNI
759.7220,'w',pressed,OTHSNI
760.0510,'a',pressed,OTHSNI
760.2790,'w',released,OTHSNI
760.6470,'a',released,OTHSNI
760.9600,'w',pressed,OTHSNI
761.0300,'w',released,OTHSNI
761.1340,'w',pressed,OTHSNI
761.2610,'a',pressed,OTHSNI
761.3440,'a',released,OTHSNI
761.3820,'w',released,OTHSNI
761.6071,'a',pressed,OTHSNI
761.9700,'w',pressed,OTHSNI
761.9799,'a',released,OTHSNI
762.0580,'w',released,OTHSNI
762.1401,'w',pressed,OTHSNI
762.8530,'d',pressed,OTHSNI
762.8930,'w',released,OTHSNI
762.9190,'d',released,OTHSNI
763.1690,'s',pressed,OTHSNI
763.5180,'d',pressed,OTHSNI
763.6119,'s',released,OTHSNI
763.8879,'w',pressed,OTHSNI
763.9560,'d',released,OTHSNI
763.9599,'w',released,OTHSNI
764.0629,'w',pressed,OTHSNI
764.5800,'a',pressed,OTHSNI
764.7590,'a',released,OTHSNI
765.2520,'d',pressed,OTHSNI
765.7890,'d',released,OTHSNI
766.4440,'d',pressed,OTHSNI
766.8290,'d',released,OTHSNI
767.0550,'d',pressed,OTHSNI
767.2909,'d',released,OTHSNI
767.3670,Key.space,pressed,OTHSNI
768.4070,Key.space,released,OTHSNI
768.5210,'d',pressed,OTHSNI
768.7950,'d',released,OTHSNI
768.8740,'a',pressed,OTHSNI
769.0760,'a',released,OTHSNI
769.4380,'w',released,OTHSNI
769.5029,Mouse.left,pressed,OTHSNI
769.6120,Mouse.left,released,OTHSNI
769.6610,'s',pressed,OTHSNI
769.6670,'a',pressed,OTHSNI
769.6969,Mouse.left,pressed,OTHSNI
769.7609,'s',released,OTHSNI
769.7722,Mouse.left,released,OTHSNI
769.8580,Mouse.left,pressed,OTHSNI
769.8911,'a',released,OTHSNI
769.8974,'w',pressed,OTHSNI
769.9189,Mouse.left,released,OTHSNI
770.0101,Mouse.left,pressed,OTHSNI
770.0331,'d',pressed,OTHSNI
770.0800,Mouse.left,released,OTHSNI
770.1459,Mouse.left,pressed,OTHSNI
770.2050,'d',released,OTHSNI
770.2260,'w',released,OTHSNI
770.2610,Mouse.left,released,OTHSNI
770.2650,'d',pressed,OTHSNI
770.3301,Mouse.left,pressed,OTHSNI
770.3921,'s',pressed,OTHSNI
770.4242,Mouse.left,released,OTHSNI
770.4661,'d',released,OTHSNI
770.4839,Mouse.left,pressed,OTHSNI
770.5309,Mouse.left,released,OTHSNI
770.6150,Mouse.left,pressed,OTHSNI
770.6220,'a',pressed,OTHSNI
770.7420,Mouse.left,released,OTHSNI
770.7700,'s',released,OTHSNI
770.8120,'a',released,OTHSNI
770.8319,Mouse.left,pressed,OTHSNI
770.8901,Mouse.left,released,OTHSNI
770.9151,'w',pressed,OTHSNI
770.9789,Mouse.left,pressed,OTHSNI
771.0610,Mouse.left,released,OTHSNI
771.1450,Mouse.left,pressed,OTHSNI
771.2420,Mouse.left,released,OTHSNI
771.2909,Mouse.left,pressed,OTHSNI
771.3950,'d',pressed,OTHSNI
771.3990,Mouse.left,released,OTHSNI
771.4350,'w',released,OTHSNI
771.4541,Mouse.left,pressed,OTHSNI
771.5310,'d',released,OTHSNI
772.6270,'w',pressed,OTHSNI
772.7169,'d',pressed,OTHSNI
772.8790,'d',released,OTHSNI
772.9470,'w',released,OTHSNI
773.0980,Mouse.left,released,OTHSNI
773.4960,'s',pressed,OTHSNI
773.8650,'s',released,OTHSNI
774.4320,'w',pressed,OTHSNI
774.6910,Mouse.left,pressed,OTHSNI
774.7100,'w',released,OTHSNI
775.6400,Mouse.left,released,OTHSNI
775.7350,'s',pressed,OTHSNI
775.8260,'s',released,OTHSNI
775.9839,'w',pressed,OTHSNI
776.0360,'d',pressed,OTHSNI
776.3980,'d',released,OTHSNI
776.9180,'a',pressed,OTHSNI
777.0330,'w',released,OTHSNI
777.2940,'w',pressed,OTHSNI
777.5200,'w',released,OTHSNI
777.5980,'a',released,OTHSNI
777.6360,'w',pressed,OTHSNI
777.9949,'w',released,OTHSNI
778.0170,'a',pressed,OTHSNI
778.2190,'w',pressed,OTHSNI
778.2990,'w',released,OTHSNI
778.3450,'a',released,OTHSNI
778.4040,'w',pressed,OTHSNI
778.7239,'a',pressed,OTHSNI
779.2171,'a',released,OTHSNI
780.0980,Key.space,pressed,OTHSNI
781.3099,Key.space,released,OTHSNI
781.6119,Key.space,pressed,OTHSNI
781.7740,'a',pressed,OTHSNI
781.9159,Key.space,released,OTHSNI
782.6389,'a',released,OTHSNI
782.8860,'d',pressed,OTHSNI
783.0621,'d',released,OTHSNI
783.2261,'d',pressed,OTHSNI
783.7090,'d',released,OTHSNI
783.8711,'w',released,OTHSNI
784.2320,'a',pressed,OTHSNI
784.3500,'a',released,OTHSNI
784.5040,'a',pressed,OTHSNI
784.6450,'w',pressed,OTHSNI
784.7610,'a',released,OTHSNI
785.1611,'d',pressed,OTHSNI
785.2319,'d',released,OTHSNI
785.4501,'a',pressed,OTHSNI
785.5740,'a',released,OTHSNI
785.8260,'d',pressed,OTHSNI
785.8780,'d',released,OTHSNI
786.4190,'a',pressed,OTHSNI
786.7901,'a',released,OTHSNI
787.0300,'d',pressed,OTHSNI
787.1200,'w',released,OTHSNI
787.7090,'d',released,OTHSNI
787.8451,'a',pressed,OTHSNI
787.9990,'a',released,OTHSNI
788.2460,'w',pressed,OTHSNI
788.5140,'a',pressed,OTHSNI
788.7690,'a',released,OTHSNI
789.1911,'a',pressed,OTHSNI
789.2211,'w',released,OTHSNI
789.3330,'a',released,OTHSNI
789.8500,'w',pressed,OTHSNI
789.9280,'w',released,OTHSNI
790.0270,'w',pressed,OTHSNI
790.1191,'d',pressed,OTHSNI
790.2430,'d',released,OTHSNI
790.3190,'a',pressed,OTHSNI
790.5890,'a',released,OTHSNI
790.8240,'w',released,OTHSNI
790.9760,'s',pressed,OTHSNI
791.0880,'a',pressed,OTHSNI
791.2840,'s',released,OTHSNI
791.8470,'w',pressed,OTHSNI
792.1110,'a',released,OTHSNI
792.3920,'a',pressed,OTHSNI
792.5660,'a',released,OTHSNI
793.0130,'w',released,OTHSNI
793.2990,'s',pressed,OTHSNI
793.4650,'d',pressed,OTHSNI
793.5490,'s',released,OTHSNI
793.7740,'w',pressed,OTHSNI
794.0939,'w',released,OTHSNI
794.4050,'w',pressed,OTHSNI
794.5211,'d',released,OTHSNI
795.1060,'a',pressed,OTHSNI
795.2581,'a',released,OTHSNI
796.0790,'d',pressed,OTHSNI
796.4530,'d',released,OTHSNI
797.1409,Key.space,pressed,OTHSNI
797.3329,Key.space,released,OTHSNI
797.4091,'d',pressed,OTHSNI
797.5910,'d',released,OTHSNI
797.6969,Key.space,pressed,OTHSNI
797.9180,'d',pressed,OTHSNI
798.1179,Key.space,released,OTHSNI
798.1241,'d',released,OTHSNI
798.3459,Key.space,pressed,OTHSNI
798.5550,Key.space,released,OTHSNI
798.7572,'d',pressed,OTHSNI
798.7590,'d',released,OTHSNI
799.1550,'d',pressed,OTHSNI
799.2580,'w',released,OTHSNI
799.8280,'s',pressed,OTHSNI
800.0890,'d',released,OTHSNI
800.2350,'d',pressed,OTHSNI
800.4470,'s',released,OTHSNI
800.7320,'w',pressed,OTHSNI
800.8021,'w',released,OTHSNI
800.9220,'w',pressed,OTHSNI
801.0020,'w',released,OTHSNI
801.2540,'s',pressed,OTHSNI
801.3970,'d',released,OTHSNI
801.7210,'s',released,OTHSNI
802.8000,'w',pressed,OTHSNI
803.7198,Key.space,pressed,OTHSNI
804.0021,'d',pressed,OTHSNI
804.1359,Key.space,released,OTHSNI
804.5230,'w',released,OTHSNI
804.7990,'w',pressed,OTHSNI
804.9330,'d',released,OTHSNI
805.5800,'w',released,OTHSNI
805.6600,'a',pressed,OTHSNI
805.7930,'a',released,OTHSNI
805.9170,'w',pressed,OTHSNI
806.1130,'d',pressed,OTHSNI
806.3070,'d',released,OTHSNI
807.4511,'w',released,OTHSNI
807.6211,'s',pressed,OTHSNI
807.9640,'d',pressed,OTHSNI
808.0721,'s',released,OTHSNI
808.3260,'s',pressed,OTHSNI
808.6199,'s',released,OTHSNI
808.6220,'d',released,OTHSNI
809.7561,'w',pressed,OTHSNI
809.8540,'d',pressed,OTHSNI
810.0140,'w',released,OTHSNI
810.3890,'d',released,OTHSNI
810.5970,'w',pressed,OTHSNI
810.6110,'a',pressed,OTHSNI
810.7231,'a',released,OTHSNI
810.8621,'d',pressed,OTHSNI
811.1261,'d',released,OTHSNI
812.0991,'w',released,OTHSNI
812.2270,'w',pressed,OTHSNI
812.2301,'a',pressed,OTHSNI
812.2410,'w',released,OTHSNI
812.4979,'w',pressed,OTHSNI
812.5439,Mouse.left,pressed,OTHSNI
812.5440,'a',released,OTHSNI
812.8580,'a',pressed,OTHSNI
813.1671,'w',released,OTHSNI
813.1911,'a',released,OTHSNI
813.3471,Mouse.left,released,OTHSNI
813.3931,'a',pressed,OTHSNI
813.3932,Mouse.left,pressed,OTHSNI
813.4690,'a',released,OTHSNI
813.6490,'s',pressed,OTHSNI
814.0620,'s',released,OTHSNI
814.5549,'w',pressed,OTHSNI
815.1290,'w',released,OTHSNI
815.2390,'d',pressed,OTHSNI
815.5620,Mouse.left,released,OTHSNI
817.0381,'a',pressed,OTHSNI
817.1222,'a',released,OTHSNI
817.1981,'a',pressed,OTHSNI
817.2120,'d',released,OTHSNI
817.3002,Mouse.left,pressed,OTHSNI
817.6010,Mouse.left,released,OTHSNI
817.8430,'a',released,OTHSNI
835.4931,'w',pressed,OTHSNI
835.5520,'w',released,OTHSNI
835.6760,'w',pressed,OTHSNI
836.3310,'q',pressed,OTHSNI
836.4770,'q',released,OTHSNI
836.9130,'a',pressed,OTHSNI
837.1320,'a',released,OTHSNI
837.4199,Key.space,pressed,OTHSNI
838.8180,Key.space,released,OTHSNI
839.4790,'d',pressed,OTHSNI
839.4990,'w',released,OTHSNI
839.9240,'w',pressed,OTHSNI
839.9390,'d',released,OTHSNI
839.9900,'w',released,OTHSNI
840.0840,'w',pressed,OTHSNI
840.2620,'a',pressed,OTHSNI
840.6460,'a',released,OTHSNI
840.9991,'a',pressed,OTHSNI
841.2249,'a',released,OTHSNI
841.7200,'d',pressed,OTHSNI
841.8220,'d',released,OTHSNI
842.0570,'d',pressed,OTHSNI
842.6209,'w',released,OTHSNI
843.0520,'w',pressed,OTHSNI
843.3140,'d',released,OTHSNI
843.8670,'w',released,OTHSNI
844.1090,'w',pressed,OTHSNI
844.1911,'w',released,OTHSNI
844.2820,'w',pressed,OTHSNI
844.3901,'a',pressed,OTHSNI
844.4480,'a',released,OTHSNI
844.5700,'d',pressed,OTHSNI
845.1210,'d',released,OTHSNI
845.4070,'a',pressed,OTHSNI
845.9000,'a',released,OTHSNI
846.1941,'a',pressed,OTHSNI
846.5878,'a',released,OTHSNI
847.1160,'d',pressed,OTHSNI
847.1980,'d',released,OTHSNI
847.3360,'d',pressed,OTHSNI
847.3720,'d',released,OTHSNI
847.3800,Mouse.left,pressed,OTHSNI
847.5840,Mouse.left,released,OTHSNI
847.6891,'a',pressed,OTHSNI
848.6480,'a',released,OTHSNI
848.7560,'a',pressed,OTHSNI
848.7980,'a',released,OTHSNI
849.0401,'a',pressed,OTHSNI
849.1920,Mouse.left,pressed,OTHSNI
849.2530,'a',released,OTHSNI
849.2730,'w',released,OTHSNI
849.2950,'d',pressed,OTHSNI
849.5190,'a',pressed,OTHSNI
849.5369,'d',released,OTHSNI
849.6941,'s',pressed,OTHSNI
849.6951,Mouse.left,released,OTHSNI
849.7170,'a',released,OTHSNI
849.8020,'d',pressed,OTHSNI
849.8830,'s',released,OTHSNI
850.1921,'a',pressed,OTHSNI
850.2699,'a',released,OTHSNI
850.5270,'a',pressed,OTHSNI
850.5610,'d',released,OTHSNI
851.1530,'s',pressed,OTHSNI
851.2130,'a',released,OTHSNI
851.3600,'d',pressed,OTHSNI
851.3700,'d',released,OTHSNI
851.7280,'s',released,OTHSNI
875.4000,'w',pressed,OTHSNI
875.4700,'w',released,OTHSNI
875.5500,'w',pressed,OTHSNI
875.8251,'q',pressed,OTHSNI
875.9690,'q',released,OTHSNI
878.3340,'d',pressed,OTHSNI
878.4360,'d',released,OTHSNI
879.1130,'a',pressed,OTHSNI
879.2320,'w',released,OTHSNI
879.5840,'w',pressed,OTHSNI
879.6360,'a',released,OTHSNI
879.7540,Mouse.left,pressed,OTHSNI
879.8301,'w',released,OTHSNI
879.8400,'d',pressed,OTHSNI
879.8640,Mouse.left,released,OTHSNI
879.8760,'d',released,OTHSNI
879.9080,Mouse.left,pressed,OTHSNI
879.9540,'s',pressed,OTHSNI
880.1770,Mouse.left,released,OTHSNI
880.2350,Mouse.left,pressed,OTHSNI
880.3050,'d',pressed,OTHSNI
880.4910,'d',released,OTHSNI
880.8620,'a',pressed,OTHSNI
880.8902,Mouse.left,released,OTHSNI
881.0141,'s',released,OTHSNI
881.1080,'s',pressed,OTHSNI
881.1920,'s',released,OTHSNI
881.4120,'w',pressed,OTHSNI
881.4770,'a',released,OTHSNI
881.5871,'w',released,OTHSNI
881.7791,'w',pressed,OTHSNI
882.0010,'w',released,OTHSNI
897.0559,Key.tab,pressed,OTHSNI
906.9699,Key.tab,released,OTHSNI
907.2019,Key.esc,pressed,OTHSNI
907.3059,Key.esc,released,OTHSNI
909.1820,Mouse.left,pressed,OTHSNI
909.2561,Mouse.left,released,OTHSNI
