5.6138,Key.cmd,pressed,OTHSNI
5.9561,Key.tab,pressed,OTHSNI
6.0508,Key.cmd,released,OTHSNI
6.1024,Key.tab,released,OTHSNI
38.5560,'w',pressed,OTHSNI
38.5588,Key.shift,pressed,OTHSNI
39.1258,Key.shift,released,OTHSNI
39.5842,Key.shift,pressed,OTHSNI
40.2619,Key.shift,released,OTHSNI
40.3719,Key.ctrl_l,pressed,OTHSNI
41.0108,Key.ctrl_l,released,OTHSNI
41.3718,Key.shift,pressed,OTHSNI
41.6138,Key.shift,released,OTHSNI
41.6689,'w',released,OTHSNI
41.7749,Key.shift,pressed,OTHSNI
42.0997,'W',pressed,OTHSNI
42.1787,Key.shift,released,OTHSNI
42.6914,'w',pressed,OTHSNI
43.6717,Key.shift,pressed,OTHSNI
43.9968,Key.shift,released,OTHSNI
44.5399,Key.space,pressed,OTHSNI
44.6988,Key.space,released,OTHSNI
45.0032,Key.space,pressed,OTHSNI
45.4923,Key.space,released,OTHSNI
45.8028,Key.space,pressed,OTHSNI
45.9529,Key.space,released,OTHSNI
46.0118,Key.space,pressed,OTHSNI
46.5888,Key.space,released,OTHSNI
46.8758,Key.space,pressed,OTHSNI
46.9828,Key.space,released,OTHSNI
47.0519,Key.space,pressed,OTHSNI
47.6498,Key.space,released,OTHSNI
48.4769,Key.shift,pressed,OTHSNI
50.2631,'A',pressed,OTHSNI
50.6091,'A',released,OTHSNI
55.4111,Key.shift,released,OTHSNI
55.4137,'w',released,OTHSNI
57.0299,'s',pressed,OTHSNI
57.3840,'s',released,OTHSNI
57.6580,'w',pressed,OTHSNI
59.1121,'d',pressed,OTHSNI
59.4873,'d',released,OTHSNI
61.7332,'d',pressed,OTHSNI
62.0531,'d',released,OTHSNI
63.1892,'d',pressed,OTHSNI
64.1798,'d',released,OTHSNI
66.5279,Key.space,pressed,OTHSNI
67.2258,'w',released,OTHSNI
69.2489,'w',pressed,OTHSNI
69.4668,Key.space,released,OTHSNI
69.7438,Key.space,pressed,OTHSNI
70.3099,Key.space,released,OTHSNI
70.4559,Key.space,pressed,OTHSNI
71.1098,Key.space,released,OTHSNI
71.8878,Key.space,pressed,OTHSNI
72.0810,Key.space,released,OTHSNI
72.1350,Key.space,pressed,OTHSNI
72.4869,Key.space,released,OTHSNI
73.2541,'a',pressed,OTHSNI
73.2830,'w',released,OTHSNI
73.5309,'a',released,OTHSNI
73.6308,'s',pressed,OTHSNI
74.0138,'d',pressed,OTHSNI
74.1251,'s',released,OTHSNI
74.3378,'s',pressed,OTHSNI
74.4818,'d',released,OTHSNI
74.5820,'a',pressed,OTHSNI
74.9909,'s',released,OTHSNI
75.4168,'s',pressed,OTHSNI
75.4608,'d',pressed,OTHSNI
75.5659,'s',released,OTHSNI
75.6019,'a',released,OTHSNI
75.9218,'w',pressed,OTHSNI
76.0518,'d',released,OTHSNI
76.4858,Key.space,pressed,OTHSNI
77.6681,Key.space,released,OTHSNI
77.7831,'w',released,OTHSNI
77.8768,'s',pressed,OTHSNI
78.6130,'d',pressed,OTHSNI
78.7190,'s',released,OTHSNI
78.7778,Key.space,pressed,OTHSNI
79.7108,'w',pressed,OTHSNI
80.2543,'d',released,OTHSNI
80.3062,'w',released,OTHSNI
80.7060,'a',pressed,OTHSNI
81.7850,'d',pressed,OTHSNI
81.8510,'a',released,OTHSNI
82.1404,'w',pressed,OTHSNI
82.3478,Key.space,released,OTHSNI
82.7698,'w',released,OTHSNI
83.2141,'w',pressed,OTHSNI
83.4248,Key.space,pressed,OTHSNI
84.6079,'w',released,OTHSNI
85.1883,'w',pressed,OTHSNI
85.2241,Key.shift,pressed,OTHSNI
85.3562,Key.space,released,OTHSNI
85.4499,'D',released,OTHSNI
85.8058,'A',pressed,OTHSNI
86.6258,Key.shift,released,OTHSNI
87.1356,'a',pressed,OTHSNI
87.8007,Key.shift,pressed,OTHSNI
88.0128,Key.space,pressed,OTHSNI
88.2211,Key.space,released,OTHSNI
88.2488,Key.space,pressed,OTHSNI
88.4027,Key.shift,released,OTHSNI
88.9681,Key.space,released,OTHSNI
89.3970,'a',released,OTHSNI
89.9487,Key.space,pressed,OTHSNI
90.1850,'w',released,OTHSNI
90.8709,'w',pressed,OTHSNI
91.0350,'w',released,OTHSNI
91.0488,'w',pressed,OTHSNI
91.6035,Key.space,released,OTHSNI
91.7289,'a',pressed,OTHSNI
92.3039,'a',released,OTHSNI
92.4878,'a',pressed,OTHSNI
93.4888,'a',released,OTHSNI
94.2268,Key.space,pressed,OTHSNI
94.3718,Key.space,released,OTHSNI
94.4208,Key.space,pressed,OTHSNI
94.7351,'w',released,OTHSNI
94.8338,'s',pressed,OTHSNI
94.9207,Key.space,released,OTHSNI
95.2250,'a',pressed,OTHSNI
95.2388,Key.space,pressed,OTHSNI
95.5222,Key.space,released,OTHSNI
96.1790,'a',released,OTHSNI
96.1959,'s',released,OTHSNI
98.7498,Key.shift,pressed,OTHSNI
98.8573,Key.shift,released,OTHSNI
102.5118,Key.space,pressed,OTHSNI
102.6948,Key.space,released,OTHSNI
103.9088,Key.space,pressed,OTHSNI
104.1098,Key.space,released,OTHSNI
113.2520,'w',pressed,OTHSNI
113.9569,Key.shift,pressed,OTHSNI
114.9538,Key.shift,released,OTHSNI
115.2518,'w',released,OTHSNI
115.2748,Key.ctrl_l,pressed,OTHSNI
115.4658,Key.ctrl_l,released,OTHSNI
115.6671,Key.caps_lock,pressed,OTHSNI
115.7318,Key.caps_lock,released,OTHSNI
115.9708,Key.shift,pressed,OTHSNI
116.4908,Key.shift,released,OTHSNI
117.0024,'w',pressed,OTHSNI
117.5637,Key.space,pressed,OTHSNI
117.8539,Key.space,released,OTHSNI
124.5078,'w',released,OTHSNI
124.8699,'w',pressed,OTHSNI
125.1950,'d',released,OTHSNI
128.0119,'d',pressed,OTHSNI
128.2225,'w',released,OTHSNI
128.3388,'a',pressed,OTHSNI
128.4110,'d',released,OTHSNI
128.7701,Key.space,pressed,OTHSNI
128.8370,'w',pressed,OTHSNI
129.2807,Key.space,released,OTHSNI
129.8341,Key.space,pressed,OTHSNI
129.9707,Key.space,released,OTHSNI
130.1173,'w',released,OTHSNI
130.8239,'d',pressed,OTHSNI
130.9048,'a',released,OTHSNI
131.6771,Key.space,pressed,OTHSNI
133.1318,Key.space,released,OTHSNI
133.1840,Key.space,pressed,OTHSNI
133.7437,Key.space,released,OTHSNI
133.7858,Key.space,pressed,OTHSNI
134.1600,'s',pressed,OTHSNI
134.2488,Key.space,released,OTHSNI
134.2948,'d',released,OTHSNI
134.3118,'a',pressed,OTHSNI
135.0418,'s',released,OTHSNI
136.0869,'d',pressed,OTHSNI
136.1583,'a',released,OTHSNI
136.9689,'w',pressed,OTHSNI
137.0638,'d',released,OTHSNI
137.1631,'r',pressed,OTHSNI
137.2869,'r',released,OTHSNI
137.4903,'d',pressed,OTHSNI
137.5612,'w',released,OTHSNI
137.7491,'s',pressed,OTHSNI
138.6408,'s',released,OTHSNI
140.2598,'w',pressed,OTHSNI
140.3969,'d',released,OTHSNI
140.4448,Key.space,pressed,OTHSNI
140.4739,'a',pressed,OTHSNI
141.4048,Key.space,released,OTHSNI
141.8911,'d',pressed,OTHSNI
141.9738,'a',released,OTHSNI
142.0347,'w',released,OTHSNI
142.1510,Key.space,pressed,OTHSNI
142.4541,Key.space,released,OTHSNI
142.4758,Key.space,pressed,OTHSNI
142.8968,'a',pressed,OTHSNI
142.9837,Key.space,released,OTHSNI
143.0401,'d',released,OTHSNI
143.3110,'s',pressed,OTHSNI
144.2821,'d',pressed,OTHSNI
144.3161,'a',released,OTHSNI
144.4068,Key.space,pressed,OTHSNI
144.4842,'s',released,OTHSNI
144.6857,Key.space,released,OTHSNI
144.7267,Key.space,pressed,OTHSNI
144.9188,Key.space,released,OTHSNI
144.9432,Key.space,pressed,OTHSNI
146.0127,'w',pressed,OTHSNI
146.0778,Key.space,released,OTHSNI
146.3862,'a',pressed,OTHSNI
146.4701,'d',released,OTHSNI
146.7740,Key.space,pressed,OTHSNI
146.7891,'d',pressed,OTHSNI
146.9438,Key.space,released,OTHSNI
146.9798,Key.space,pressed,OTHSNI
147.0541,'a',released,OTHSNI
147.4780,Key.space,released,OTHSNI
147.7024,'w',released,OTHSNI
148.1848,'a',pressed,OTHSNI
148.2609,'d',released,OTHSNI
148.5028,'d',pressed,OTHSNI
148.5788,'a',released,OTHSNI
149.1138,'a',pressed,OTHSNI
149.2010,'d',released,OTHSNI
149.3071,'d',pressed,OTHSNI
149.4020,'a',released,OTHSNI
149.5258,'w',pressed,OTHSNI
149.8758,'d',released,OTHSNI
149.9450,'a',pressed,OTHSNI
151.1938,'d',pressed,OTHSNI
151.2728,'a',released,OTHSNI
151.2757,'w',released,OTHSNI
151.3098,'a',pressed,OTHSNI
151.3593,'d',released,OTHSNI
152.5641,'d',pressed,OTHSNI
152.6458,'a',released,OTHSNI
153.1018,'a',pressed,OTHSNI
153.1748,'d',released,OTHSNI
153.3858,'w',pressed,OTHSNI
154.0649,'d',pressed,OTHSNI
154.0920,'a',released,OTHSNI
154.1339,'w',released,OTHSNI
154.6858,'w',pressed,OTHSNI
154.8038,'a',pressed,OTHSNI
154.8308,'d',released,OTHSNI
154.8908,'w',released,OTHSNI
155.0159,'s',pressed,OTHSNI
155.2149,'d',pressed,OTHSNI
155.2520,'a',released,OTHSNI
155.2830,'s',released,OTHSNI
155.4172,'w',pressed,OTHSNI
155.5359,'d',released,OTHSNI
155.8519,'d',pressed,OTHSNI
156.0540,'d',released,OTHSNI
156.7260,'a',pressed,OTHSNI
157.1778,'r',pressed,OTHSNI
157.2889,'a',released,OTHSNI
157.3239,'r',released,OTHSNI
160.4779,'d',pressed,OTHSNI
161.0501,'d',released,OTHSNI
162.1328,'e',pressed,OTHSNI
162.2437,'w',released,OTHSNI
162.2619,'e',released,OTHSNI
162.3780,'s',pressed,OTHSNI
162.5808,'s',released,OTHSNI
162.8021,'w',pressed,OTHSNI
163.1047,'w',released,OTHSNI
163.3009,'s',pressed,OTHSNI
163.4208,'s',released,OTHSNI
165.6128,'h',pressed,OTHSNI
165.7308,'h',released,OTHSNI
166.0968,'w',pressed,OTHSNI
166.2858,Key.shift,pressed,OTHSNI
166.5670,Key.shift,released,OTHSNI
169.1543,'d',pressed,OTHSNI
170.3364,'d',released,OTHSNI
170.3649,'a',pressed,OTHSNI
170.4533,'w',released,OTHSNI
170.6162,'s',pressed,OTHSNI
170.7733,'a',released,OTHSNI
170.7979,'d',pressed,OTHSNI
170.9338,'s',released,OTHSNI
171.4828,'w',pressed,OTHSNI
172.1217,'d',released,OTHSNI
172.4700,'a',pressed,OTHSNI
172.5788,'w',released,OTHSNI
172.9167,'w',pressed,OTHSNI
174.3478,Key.space,pressed,OTHSNI
174.5317,Key.space,released,OTHSNI
174.5829,Key.space,pressed,OTHSNI
174.7581,'w',released,OTHSNI
175.0679,Key.space,released,OTHSNI
175.3948,'d',pressed,OTHSNI
175.5149,'a',released,OTHSNI
175.5442,'a',pressed,OTHSNI
175.5999,'d',released,OTHSNI
175.7453,'d',pressed,OTHSNI
175.8340,'a',released,OTHSNI
176.2209,'s',pressed,OTHSNI
176.3510,'a',pressed,OTHSNI
176.3726,'d',released,OTHSNI
176.4751,'s',released,OTHSNI
176.9678,'w',pressed,OTHSNI
177.2958,'d',pressed,OTHSNI
177.3939,'a',released,OTHSNI
177.5891,'d',released,OTHSNI
177.7369,'a',pressed,OTHSNI
177.8908,Key.shift,pressed,OTHSNI
178.3468,Key.shift,released,OTHSNI
179.4068,'a',released,OTHSNI
180.2868,'q',pressed,OTHSNI
180.4589,'q',released,OTHSNI
180.6589,'a',pressed,OTHSNI
180.8479,'a',released,OTHSNI
180.9066,'d',pressed,OTHSNI
180.9471,'w',released,OTHSNI
181.1420,'s',pressed,OTHSNI
181.2703,'d',released,OTHSNI
181.3361,Key.space,pressed,OTHSNI
181.3991,'a',pressed,OTHSNI
181.6971,Key.space,released,OTHSNI
182.8100,'a',released,OTHSNI
182.8858,'d',pressed,OTHSNI
183.0028,'s',released,OTHSNI
184.8838,'w',pressed,OTHSNI
184.9858,Key.space,pressed,OTHSNI
186.3068,'w',released,OTHSNI
186.8408,'a',pressed,OTHSNI
186.9347,'d',released,OTHSNI
186.9878,Key.space,released,OTHSNI
187.5819,'d',pressed,OTHSNI
187.6786,'a',released,OTHSNI
188.2078,'a',pressed,OTHSNI
188.2608,'d',released,OTHSNI
188.4790,'w',pressed,OTHSNI
188.7337,Key.space,pressed,OTHSNI
188.8462,Key.space,released,OTHSNI
189.9230,Key.space,pressed,OTHSNI
191.3968,'w',released,OTHSNI
191.4378,Key.space,released,OTHSNI
191.7649,'w',pressed,OTHSNI
192.2830,'d',pressed,OTHSNI
192.3712,'w',released,OTHSNI
192.3740,'a',released,OTHSNI
192.7281,'s',pressed,OTHSNI
192.8049,'d',released,OTHSNI
192.8338,'a',pressed,OTHSNI
193.0510,'a',released,OTHSNI
193.4878,'a',pressed,OTHSNI
193.6258,'s',released,OTHSNI
193.6638,'s',pressed,OTHSNI
193.7528,'a',released,OTHSNI
193.8578,'d',pressed,OTHSNI
193.9547,'s',released,OTHSNI
194.1878,'a',pressed,OTHSNI
194.2678,'a',released,OTHSNI
194.3768,'a',pressed,OTHSNI
194.4258,'d',released,OTHSNI
194.8560,'d',pressed,OTHSNI
194.9221,'a',released,OTHSNI
195.0909,'a',pressed,OTHSNI
195.1357,'d',released,OTHSNI
195.2268,'s',pressed,OTHSNI
195.2997,'a',released,OTHSNI
195.5220,'s',released,OTHSNI
195.5749,'d',pressed,OTHSNI
195.7328,'d',released,OTHSNI
195.7874,'s',pressed,OTHSNI
196.2170,'d',pressed,OTHSNI
196.5039,'s',released,OTHSNI
196.8179,'s',pressed,OTHSNI
196.9108,'d',released,OTHSNI
197.0922,'d',pressed,OTHSNI
197.1889,'s',released,OTHSNI
197.6358,'w',pressed,OTHSNI
197.7362,'d',released,OTHSNI
197.8603,'a',pressed,OTHSNI
198.0838,Key.shift,pressed,OTHSNI
199.1778,Key.shift,released,OTHSNI
199.1868,'a',released,OTHSNI
201.2968,'a',pressed,OTHSNI
202.6958,'w',released,OTHSNI
203.1018,'w',pressed,OTHSNI
203.2618,'a',released,OTHSNI
203.6198,'a',pressed,OTHSNI
203.7349,'w',released,OTHSNI
203.9299,'d',pressed,OTHSNI
203.9901,'a',released,OTHSNI
204.3451,'a',pressed,OTHSNI
204.4111,'d',released,OTHSNI
204.9009,'w',pressed,OTHSNI
205.4028,'d',pressed,OTHSNI
205.4319,'a',released,OTHSNI
205.8989,'d',released,OTHSNI
206.3277,'d',pressed,OTHSNI
207.2301,'w',released,OTHSNI
207.3521,'s',pressed,OTHSNI
207.3989,'d',released,OTHSNI
207.7578,'a',pressed,OTHSNI
207.9080,'d',pressed,OTHSNI
207.9428,'a',released,OTHSNI
208.1388,'a',pressed,OTHSNI
208.1478,'s',released,OTHSNI
208.1917,'d',released,OTHSNI
208.5548,'d',pressed,OTHSNI
208.7200,'d',released,OTHSNI
208.7538,'a',released,OTHSNI
208.8850,'s',pressed,OTHSNI
209.0378,'d',pressed,OTHSNI
209.1888,'s',released,OTHSNI
209.3868,'d',released,OTHSNI
213.5098,'w',pressed,OTHSNI
213.9937,'w',released,OTHSNI
215.7612,'w',pressed,OTHSNI
215.9939,Key.shift,pressed,OTHSNI
216.2838,Key.shift,released,OTHSNI
216.4299,'w',released,OTHSNI
233.3039,'w',pressed,OTHSNI
233.5007,Key.shift,pressed,OTHSNI
233.9540,Key.shift,released,OTHSNI
236.0470,'d',pressed,OTHSNI
236.4705,'d',released,OTHSNI
237.8968,'d',pressed,OTHSNI
238.0920,'d',released,OTHSNI
238.7838,'q',pressed,OTHSNI
238.9608,'q',released,OTHSNI
239.3928,'q',pressed,OTHSNI
239.5749,'q',released,OTHSNI
240.7258,'q',pressed,OTHSNI
240.9228,'q',released,OTHSNI
241.5817,Key.space,pressed,OTHSNI
241.8187,Key.space,released,OTHSNI
241.9218,'1',pressed,OTHSNI
242.1207,'1',released,OTHSNI
242.8216,'1',pressed,OTHSNI
243.0150,'1',released,OTHSNI
243.2388,'2',pressed,OTHSNI
243.4191,'2',released,OTHSNI
243.5978,'3',pressed,OTHSNI
243.8038,'3',released,OTHSNI
243.9967,'1',pressed,OTHSNI
244.1477,'1',released,OTHSNI
244.4408,'w',released,OTHSNI
244.5408,'s',pressed,OTHSNI
244.9178,'d',pressed,OTHSNI
245.0077,'s',released,OTHSNI
245.1909,'w',pressed,OTHSNI
245.2574,Key.shift,pressed,OTHSNI
245.5917,'D',released,OTHSNI
246.0609,'D',pressed,OTHSNI
246.1333,'D',released,OTHSNI
247.5408,Key.shift,released,OTHSNI
248.1438,'d',released,OTHSNI
248.3234,'d',pressed,OTHSNI
248.5079,'d',released,OTHSNI
249.3001,'a',pressed,OTHSNI
250.4008,'a',released,OTHSNI
250.8613,'d',pressed,OTHSNI
251.2708,'w',released,OTHSNI
251.3666,'a',pressed,OTHSNI
251.4186,'d',released,OTHSNI
251.5288,'w',pressed,OTHSNI
251.7272,'a',released,OTHSNI
258.3577,'d',pressed,OTHSNI
258.4677,'w',released,OTHSNI
258.9552,'a',pressed,OTHSNI
259.0432,'d',released,OTHSNI
259.1348,'w',pressed,OTHSNI
259.5330,'a',released,OTHSNI
259.5590,'d',pressed,OTHSNI
260.8803,'w',released,OTHSNI
261.2809,'s',pressed,OTHSNI
261.4662,'d',released,OTHSNI
261.5673,'a',pressed,OTHSNI
261.6898,'s',released,OTHSNI
262.1309,'w',pressed,OTHSNI
262.2351,'a',released,OTHSNI
262.6998,'a',pressed,OTHSNI
262.8487,'w',released,OTHSNI
262.9297,'s',pressed,OTHSNI
263.0280,'a',released,OTHSNI
263.0759,'d',pressed,OTHSNI
263.1827,'s',released,OTHSNI
263.3629,'w',pressed,OTHSNI
263.6062,'d',released,OTHSNI
263.7081,'1',pressed,OTHSNI
263.7249,'2',pressed,OTHSNI
263.8077,'1',released,OTHSNI
263.8247,'2',released,OTHSNI
263.9070,'2',pressed,OTHSNI
264.0380,'2',released,OTHSNI
264.3526,'1',pressed,OTHSNI
264.4181,'1',released,OTHSNI
264.5420,'2',pressed,OTHSNI
264.7086,'2',released,OTHSNI
265.1462,'1',pressed,OTHSNI
265.3257,'1',released,OTHSNI
265.6343,'2',pressed,OTHSNI
265.7857,'2',released,OTHSNI
266.2311,'w',released,OTHSNI
271.9437,Key.space,pressed,OTHSNI
272.0947,Key.space,released,OTHSNI
272.4428,Key.space,pressed,OTHSNI
272.5497,Key.space,released,OTHSNI
275.3818,Key.comma,pressed,OTHSNI
275.4697,Key.comma,released,OTHSNI
283.3648,'w',pressed,OTHSNI
283.4991,Key.shift,pressed,OTHSNI
283.8158,Key.shift,released,OTHSNI
285.5809,'w',released,OTHSNI
285.9628,'w',pressed,OTHSNI
286.2788,Key.shift,pressed,OTHSNI
286.6397,Key.shift,released,OTHSNI
289.4279,'d',pressed,OTHSNI
289.8597,'d',released,OTHSNI
290.0557,'a',pressed,OTHSNI
290.8867,'a',released,OTHSNI
291.1258,'a',pressed,OTHSNI
291.3867,'a',released,OTHSNI
291.5747,'w',released,OTHSNI
291.6231,'d',pressed,OTHSNI
291.8124,'a',pressed,OTHSNI
291.8687,'d',released,OTHSNI
291.9871,'s',pressed,OTHSNI
292.0967,'a',released,OTHSNI
292.1872,'d',pressed,OTHSNI
292.5717,'a',pressed,OTHSNI
292.6583,'d',released,OTHSNI
292.6727,'d',pressed,OTHSNI
292.7328,'a',released,OTHSNI
292.8668,'s',released,OTHSNI
293.2039,'d',released,OTHSNI
293.6017,Key.space,pressed,OTHSNI
293.7717,Key.space,released,OTHSNI
297.7957,Key.comma,pressed,OTHSNI
297.8787,Key.comma,released,OTHSNI
305.5357,'w',pressed,OTHSNI
305.9327,Key.space,pressed,OTHSNI
306.1257,Key.space,released,OTHSNI
306.3997,'w',released,OTHSNI
310.1407,Key.ctrl_l,pressed,OTHSNI
310.2156,Key.ctrl_l,released,OTHSNI
312.1607,'w',pressed,OTHSNI
312.8767,Key.space,pressed,OTHSNI
312.8816,Key.shift,pressed,OTHSNI
312.9827,Key.shift,released,OTHSNI
313.0707,Key.space,released,OTHSNI
313.8466,Key.shift,pressed,OTHSNI
314.0384,Key.shift,released,OTHSNI
315.0060,'a',pressed,OTHSNI
315.2027,'w',released,OTHSNI
315.2980,'w',pressed,OTHSNI
315.3880,'a',released,OTHSNI
316.6707,'2',pressed,OTHSNI
316.8477,'2',released,OTHSNI
318.0961,'q',pressed,OTHSNI
318.2521,'q',released,OTHSNI
319.2248,'q',pressed,OTHSNI
319.4017,'q',released,OTHSNI
321.6510,'q',pressed,OTHSNI
321.8158,'q',released,OTHSNI
322.0642,'a',pressed,OTHSNI
322.2099,Key.shift,pressed,OTHSNI
323.0279,'A',released,OTHSNI
323.7721,Key.shift,released,OTHSNI
327.7557,'d',pressed,OTHSNI
327.8633,'a',released,OTHSNI
327.9290,'w',released,OTHSNI
328.0929,'s',pressed,OTHSNI
328.4038,'d',released,OTHSNI
328.5807,'a',pressed,OTHSNI
328.7259,'s',released,OTHSNI
328.8327,'w',pressed,OTHSNI
328.9597,'a',released,OTHSNI
329.4317,'d',pressed,OTHSNI
330.1430,'w',released,OTHSNI
331.3581,'a',pressed,OTHSNI
331.4327,'d',released,OTHSNI
331.5570,'w',pressed,OTHSNI
331.7077,'a',released,OTHSNI
331.9689,'d',pressed,OTHSNI
332.0449,'w',released,OTHSNI
332.2140,'s',pressed,OTHSNI
332.3272,'d',released,OTHSNI
332.3547,'a',pressed,OTHSNI
332.4588,'s',released,OTHSNI
332.6027,'d',pressed,OTHSNI
332.6808,'a',released,OTHSNI
333.0169,'s',pressed,OTHSNI
333.1140,'d',released,OTHSNI
333.4938,'a',pressed,OTHSNI
333.5988,'s',released,OTHSNI
333.8200,'w',pressed,OTHSNI
333.8900,'a',released,OTHSNI
334.1018,'d',pressed,OTHSNI
334.1559,'w',released,OTHSNI
334.2638,'s',pressed,OTHSNI
334.3867,'d',released,OTHSNI
334.9521,'a',pressed,OTHSNI
335.0477,'s',released,OTHSNI
335.3051,'d',pressed,OTHSNI
335.3851,'a',released,OTHSNI
335.5748,'a',pressed,OTHSNI
335.6737,'a',released,OTHSNI
335.8096,'w',pressed,OTHSNI
335.8757,'d',released,OTHSNI
335.9427,'a',pressed,OTHSNI
336.2628,'a',released,OTHSNI
337.2027,'a',pressed,OTHSNI
337.3177,'w',released,OTHSNI
337.3277,'d',pressed,OTHSNI
337.3797,'a',released,OTHSNI
337.5017,'s',pressed,OTHSNI
337.5737,'d',released,OTHSNI
337.7404,'a',pressed,OTHSNI
338.2247,'a',released,OTHSNI
338.2547,'d',pressed,OTHSNI
338.3370,'s',released,OTHSNI
338.4230,'a',pressed,OTHSNI
338.4969,'d',released,OTHSNI
338.6530,'w',pressed,OTHSNI
339.0517,'d',pressed,OTHSNI
339.1317,'a',released,OTHSNI
339.1327,'w',released,OTHSNI
339.5593,'a',pressed,OTHSNI
339.6190,'d',released,OTHSNI
340.1769,'d',pressed,OTHSNI
340.2517,'a',released,OTHSNI
340.6721,'s',pressed,OTHSNI
341.0507,'s',released,OTHSNI
341.2118,'s',pressed,OTHSNI
341.2997,'a',pressed,OTHSNI
341.3257,'d',released,OTHSNI
341.4117,'s',released,OTHSNI
341.6490,'w',pressed,OTHSNI
341.8187,'a',released,OTHSNI
342.0707,'d',pressed,OTHSNI
342.1187,'w',released,OTHSNI
342.1867,'a',pressed,OTHSNI
342.2547,'s',pressed,OTHSNI
342.3121,'a',released,OTHSNI
342.3889,'d',released,OTHSNI
342.4382,'a',pressed,OTHSNI
342.5309,'s',released,OTHSNI
343.1628,'d',pressed,OTHSNI
343.2298,'a',released,OTHSNI
343.6429,'a',pressed,OTHSNI
343.7231,'d',released,OTHSNI
344.1799,'d',pressed,OTHSNI
344.2848,'a',released,OTHSNI
344.7299,'a',pressed,OTHSNI
344.8030,'d',released,OTHSNI
344.9477,'d',pressed,OTHSNI
345.0216,'a',released,OTHSNI
345.1167,'a',pressed,OTHSNI
345.1844,'d',released,OTHSNI
345.4378,'w',pressed,OTHSNI
345.5578,'a',released,OTHSNI
345.7787,'d',pressed,OTHSNI
345.8602,'w',released,OTHSNI
346.2067,'s',pressed,OTHSNI
346.4722,'2',pressed,OTHSNI
346.6427,'2',released,OTHSNI
346.8648,'d',released,OTHSNI
346.9341,'a',pressed,OTHSNI
347.1181,'a',released,OTHSNI
347.1697,'a',pressed,OTHSNI
347.2370,'a',released,OTHSNI
347.3120,'d',pressed,OTHSNI
348.1689,'d',released,OTHSNI
348.3966,'a',pressed,OTHSNI
348.6881,'a',released,OTHSNI
348.7208,'d',pressed,OTHSNI
348.8249,'s',released,OTHSNI
349.2167,'a',pressed,OTHSNI
349.2897,'d',released,OTHSNI
349.4417,'w',pressed,OTHSNI
349.5500,'a',released,OTHSNI
349.5768,'d',pressed,OTHSNI
349.6441,'w',released,OTHSNI
349.7767,'s',pressed,OTHSNI
349.8486,'d',released,OTHSNI
350.2011,'a',pressed,OTHSNI
350.6339,'a',released,OTHSNI
350.6757,'s',released,OTHSNI
360.4427,Key.comma,pressed,OTHSNI
360.5258,Key.comma,released,OTHSNI
374.5446,Key.esc,pressed,OTHSNI
374.6787,Key.esc,released,OTHSNI
376.6187,Key.esc,pressed,OTHSNI
376.7256,Key.esc,released,OTHSNI
378.7781,'w',pressed,OTHSNI
379.4918,'w',released,OTHSNI
383.2591,'w',pressed,OTHSNI
383.3949,Key.shift,pressed,OTHSNI
383.6516,Key.shift,released,OTHSNI
385.7392,'d',pressed,OTHSNI
385.8157,'w',released,OTHSNI
385.9476,'w',pressed,OTHSNI
386.3346,'d',released,OTHSNI
386.5636,'d',pressed,OTHSNI
386.7486,'d',released,OTHSNI
388.1739,'d',pressed,OTHSNI
388.6411,'w',released,OTHSNI
388.9620,'w',pressed,OTHSNI
389.0601,'d',released,OTHSNI
389.1936,Key.shift,pressed,OTHSNI
389.5487,'A',pressed,OTHSNI
389.6626,Key.shift,released,OTHSNI
389.7398,'w',released,OTHSNI
389.8781,'w',pressed,OTHSNI
389.9799,'a',released,OTHSNI
390.1027,'d',pressed,OTHSNI
390.1572,'w',released,OTHSNI
390.2507,'s',pressed,OTHSNI
390.3388,'d',released,OTHSNI
390.4152,'a',pressed,OTHSNI
390.5089,'s',released,OTHSNI
390.6108,'w',pressed,OTHSNI
391.2227,'a',released,OTHSNI
391.2620,'d',pressed,OTHSNI
391.3618,'w',released,OTHSNI
391.5356,'w',pressed,OTHSNI
391.6291,'a',pressed,OTHSNI
391.6958,'d',released,OTHSNI
391.8877,'w',released,OTHSNI
392.7707,'w',pressed,OTHSNI
392.8527,'a',released,OTHSNI
392.9046,'d',pressed,OTHSNI
393.1670,'d',released,OTHSNI
393.5927,'d',pressed,OTHSNI
393.7328,'w',released,OTHSNI
393.9007,'s',pressed,OTHSNI
394.0138,'d',released,OTHSNI
394.4237,'d',pressed,OTHSNI
394.5273,'s',released,OTHSNI
394.8527,'w',pressed,OTHSNI
394.8796,Key.shift,pressed,OTHSNI
395.0590,'D',released,OTHSNI
395.2707,'D',pressed,OTHSNI
395.9043,'D',released,OTHSNI
397.5558,'W',released,OTHSNI
397.8278,'W',pressed,OTHSNI
398.5978,'A',released,OTHSNI
398.8737,'D',pressed,OTHSNI
399.0662,'D',released,OTHSNI
399.2069,'A',pressed,OTHSNI
399.2807,'W',released,OTHSNI
399.5913,'S',pressed,OTHSNI
399.8449,'S',released,OTHSNI
399.9698,'W',pressed,OTHSNI
400.0717,'A',released,OTHSNI
400.0938,'D',pressed,OTHSNI
400.2068,'W',released,OTHSNI
400.2766,Key.shift,released,OTHSNI
401.1607,'a',pressed,OTHSNI
401.2420,'d',released,OTHSNI
401.6746,'s',pressed,OTHSNI
401.9721,'d',pressed,OTHSNI
402.0240,'a',released,OTHSNI
402.0770,'s',released,OTHSNI
402.5948,'d',released,OTHSNI
403.0318,'d',pressed,OTHSNI
403.0788,'w',released,OTHSNI
403.1898,'s',pressed,OTHSNI
403.2848,'d',released,OTHSNI
403.3356,'a',pressed,OTHSNI
403.6533,'s',released,OTHSNI
403.9470,'s',pressed,OTHSNI
404.1342,'s',released,OTHSNI
404.5058,'s',pressed,OTHSNI
404.9437,'d',pressed,OTHSNI
405.0057,'a',released,OTHSNI
405.0123,'s',released,OTHSNI
405.1187,'a',pressed,OTHSNI
405.1752,'d',released,OTHSNI
405.2856,'d',pressed,OTHSNI
405.3316,'a',released,OTHSNI
405.5471,'w',pressed,OTHSNI
405.6165,'d',released,OTHSNI
405.8517,'d',pressed,OTHSNI
405.9077,'w',released,OTHSNI
406.0587,'s',pressed,OTHSNI
406.1477,'d',released,OTHSNI
406.3649,'d',pressed,OTHSNI
406.4389,'s',released,OTHSNI
406.5849,'w',pressed,OTHSNI
406.7467,'d',released,OTHSNI
406.9440,Key.shift,pressed,OTHSNI
407.2086,Key.shift,released,OTHSNI
407.3339,'d',pressed,OTHSNI
409.2026,'a',pressed,OTHSNI
409.2787,'d',released,OTHSNI
409.3058,'w',released,OTHSNI
409.4849,'s',pressed,OTHSNI
409.5760,'a',released,OTHSNI
409.6079,'d',pressed,OTHSNI
409.7038,'s',released,OTHSNI
410.7205,'w',pressed,OTHSNI
410.8969,'d',released,OTHSNI
411.0317,'r',pressed,OTHSNI
411.1688,'r',released,OTHSNI
413.9030,Key.space,pressed,OTHSNI
414.4741,Key.space,released,OTHSNI
414.5336,Key.space,pressed,OTHSNI
414.7997,Key.space,released,OTHSNI
415.2300,Key.shift,pressed,OTHSNI
415.8815,Key.shift,released,OTHSNI
416.0172,'w',released,OTHSNI
416.5195,'d',pressed,OTHSNI
418.1238,'a',pressed,OTHSNI
418.2846,'d',released,OTHSNI
418.5754,'d',pressed,OTHSNI
418.6568,'a',released,OTHSNI
418.8446,'a',pressed,OTHSNI
418.9167,'d',released,OTHSNI
419.7387,'d',pressed,OTHSNI
419.8096,'a',released,OTHSNI
420.5916,'a',pressed,OTHSNI
420.6537,'d',released,OTHSNI
420.9508,'d',pressed,OTHSNI
421.0276,'a',released,OTHSNI
421.1086,'a',pressed,OTHSNI
421.1722,'d',released,OTHSNI
421.6710,'d',pressed,OTHSNI
421.7397,'a',released,OTHSNI
421.8117,'a',pressed,OTHSNI
421.8626,'d',released,OTHSNI
421.9347,'d',pressed,OTHSNI
421.9759,'a',released,OTHSNI
422.1947,'w',pressed,OTHSNI
422.2787,'d',released,OTHSNI
422.3788,'d',pressed,OTHSNI
422.4407,'d',released,OTHSNI
422.5147,'a',pressed,OTHSNI
423.2810,'a',released,OTHSNI
423.5150,'a',pressed,OTHSNI
423.7228,'a',released,OTHSNI
423.8347,'a',pressed,OTHSNI
423.8999,'w',released,OTHSNI
424.2156,'d',pressed,OTHSNI
424.2657,'a',released,OTHSNI
424.4559,'a',pressed,OTHSNI
424.5291,'d',released,OTHSNI
424.5728,'d',pressed,OTHSNI
424.6570,'d',released,OTHSNI
424.7027,'d',pressed,OTHSNI
424.7878,'d',released,OTHSNI
425.2199,'s',pressed,OTHSNI
425.3228,'d',pressed,OTHSNI
425.3686,'a',released,OTHSNI
425.4306,'s',released,OTHSNI
425.8117,'a',pressed,OTHSNI
425.8637,'d',released,OTHSNI
425.9288,'s',pressed,OTHSNI
426.0847,'d',pressed,OTHSNI
426.0937,'a',released,OTHSNI
426.1639,'s',released,OTHSNI
426.2616,'w',pressed,OTHSNI
426.4937,'d',released,OTHSNI
426.6229,'d',pressed,OTHSNI
427.1981,'a',pressed,OTHSNI
427.2428,'d',released,OTHSNI
427.2468,'w',released,OTHSNI
427.3568,'s',pressed,OTHSNI
427.4626,'a',released,OTHSNI
427.5038,'d',pressed,OTHSNI
427.6137,'s',released,OTHSNI
427.6326,'a',pressed,OTHSNI
427.7260,'a',released,OTHSNI
427.9720,'a',pressed,OTHSNI
428.0490,'d',released,OTHSNI
428.2007,'d',pressed,OTHSNI
428.3538,'d',released,OTHSNI
428.3948,'d',pressed,OTHSNI
428.4548,'a',released,OTHSNI
428.5228,'a',pressed,OTHSNI
428.5758,'d',released,OTHSNI
429.3601,'d',pressed,OTHSNI
429.4358,'a',released,OTHSNI
429.9577,'a',pressed,OTHSNI
430.0280,'d',released,OTHSNI
430.9320,'d',pressed,OTHSNI
431.0107,'a',released,OTHSNI
431.3610,'w',pressed,OTHSNI
431.5766,'w',released,OTHSNI
431.7549,'s',pressed,OTHSNI
431.8627,'d',released,OTHSNI
432.0261,'a',pressed,OTHSNI
432.2776,'s',released,OTHSNI
432.4033,'d',pressed,OTHSNI
432.4877,'a',released,OTHSNI
433.0748,'a',pressed,OTHSNI
433.1466,'d',released,OTHSNI
433.6002,'w',pressed,OTHSNI
433.7379,Key.shift,pressed,OTHSNI
433.9349,'A',released,OTHSNI
434.7708,Key.shift,released,OTHSNI
435.1707,Key.shift,pressed,OTHSNI
435.5156,Key.shift,released,OTHSNI
436.3657,Key.shift,pressed,OTHSNI
437.9446,Key.shift,released,OTHSNI
437.9936,'a',released,OTHSNI
438.2119,'w',released,OTHSNI
438.3777,'a',pressed,OTHSNI
438.4560,'d',released,OTHSNI
438.7407,'d',pressed,OTHSNI
438.8132,'a',released,OTHSNI
438.9346,'w',pressed,OTHSNI
439.0373,'d',released,OTHSNI
439.0846,'a',pressed,OTHSNI
439.1677,'w',released,OTHSNI
439.3296,'s',pressed,OTHSNI
439.4401,'a',released,OTHSNI
439.7519,'a',pressed,OTHSNI
439.8260,'s',released,OTHSNI
439.9297,'d',pressed,OTHSNI
439.9948,'a',released,OTHSNI
440.7497,'w',pressed,OTHSNI
441.2097,'w',released,OTHSNI
441.6200,'w',pressed,OTHSNI
441.8717,'d',released,OTHSNI
442.2560,'a',pressed,OTHSNI
442.2676,'w',released,OTHSNI
442.7422,'d',pressed,OTHSNI
442.8209,'a',released,OTHSNI
443.2726,'s',pressed,OTHSNI
443.3699,'d',released,OTHSNI
444.4490,'d',pressed,OTHSNI
444.5938,'s',released,OTHSNI
445.1702,'w',pressed,OTHSNI
445.2926,'d',released,OTHSNI
446.1759,'d',pressed,OTHSNI
446.3011,'w',released,OTHSNI
448.2596,'a',pressed,OTHSNI
448.3198,'d',released,OTHSNI
448.7918,'d',pressed,OTHSNI
448.8669,'a',released,OTHSNI
450.1746,'s',pressed,OTHSNI
450.2696,Key.space,pressed,OTHSNI
450.4500,Key.space,released,OTHSNI
450.5406,'s',released,OTHSNI
451.5708,'w',pressed,OTHSNI
451.9216,'d',released,OTHSNI
452.0270,'r',pressed,OTHSNI
452.1546,'a',pressed,OTHSNI
452.1757,'r',released,OTHSNI
452.3027,'w',released,OTHSNI
452.4410,'s',pressed,OTHSNI
452.5663,'d',pressed,OTHSNI
452.5948,'a',released,OTHSNI
452.6319,'s',released,OTHSNI
453.0788,'w',pressed,OTHSNI
453.4589,'w',released,OTHSNI
454.7307,'a',pressed,OTHSNI
454.8708,'d',released,OTHSNI
455.5346,'w',pressed,OTHSNI
456.1598,'d',pressed,OTHSNI
456.2097,'a',released,OTHSNI
456.2297,'w',released,OTHSNI
456.3847,'s',pressed,OTHSNI
456.6997,'s',released,OTHSNI
456.8106,'a',pressed,OTHSNI
456.8866,'d',released,OTHSNI
456.9646,'w',pressed,OTHSNI
457.5257,'d',pressed,OTHSNI
457.5970,'a',released,OTHSNI
457.8390,'w',released,OTHSNI
458.1366,'a',pressed,OTHSNI
458.2431,'d',released,OTHSNI
459.1324,'d',pressed,OTHSNI
459.2378,'a',released,OTHSNI
459.3327,'s',pressed,OTHSNI
459.3948,'d',released,OTHSNI
459.4152,'a',pressed,OTHSNI
459.5257,'s',released,OTHSNI
460.1868,'d',pressed,OTHSNI
460.2640,'a',released,OTHSNI
460.6136,'a',pressed,OTHSNI
460.6777,'d',released,OTHSNI
460.8288,'d',pressed,OTHSNI
460.9008,'a',released,OTHSNI
461.1006,'a',pressed,OTHSNI
461.1641,'d',released,OTHSNI
461.2917,'d',pressed,OTHSNI
461.3776,'a',released,OTHSNI
461.7446,'s',pressed,OTHSNI
461.8629,'d',released,OTHSNI
462.1496,'a',pressed,OTHSNI
462.7460,'s',released,OTHSNI
463.3156,'a',released,OTHSNI
465.1207,Key.comma,pressed,OTHSNI
465.2306,Key.comma,released,OTHSNI
482.3596,Key.space,pressed,OTHSNI
482.5336,Key.space,released,OTHSNI
483.3546,'w',pressed,OTHSNI
483.4576,Key.shift,pressed,OTHSNI
483.7390,Key.shift,released,OTHSNI
484.4270,Key.space,pressed,OTHSNI
484.5996,Key.space,released,OTHSNI
484.6856,Key.space,pressed,OTHSNI
484.8306,Key.space,released,OTHSNI
486.2576,Key.shift,pressed,OTHSNI
486.9895,Key.shift,released,OTHSNI
489.2856,Key.space,pressed,OTHSNI
489.4306,Key.space,released,OTHSNI
489.5636,Key.space,pressed,OTHSNI
489.9056,Key.space,released,OTHSNI
489.9776,Key.space,pressed,OTHSNI
490.4177,Key.space,released,OTHSNI
490.9978,Key.space,pressed,OTHSNI
491.1338,Key.space,released,OTHSNI
491.1829,Key.space,pressed,OTHSNI
491.4526,Key.space,released,OTHSNI
491.5240,Key.space,pressed,OTHSNI
491.9471,Key.space,released,OTHSNI
492.7326,Key.space,pressed,OTHSNI
492.9266,Key.space,released,OTHSNI
493.1266,Key.space,pressed,OTHSNI
493.5489,Key.space,released,OTHSNI
493.6125,'a',pressed,OTHSNI
494.2646,'a',released,OTHSNI
494.6498,Key.space,pressed,OTHSNI
494.7777,Key.space,released,OTHSNI
494.8259,Key.space,pressed,OTHSNI
494.9816,Key.space,released,OTHSNI
495.0815,Key.space,pressed,OTHSNI
495.2636,Key.space,released,OTHSNI
495.5976,Key.space,pressed,OTHSNI
495.7535,Key.space,released,OTHSNI
495.7746,Key.space,pressed,OTHSNI
495.9408,Key.space,released,OTHSNI
496.0275,Key.space,pressed,OTHSNI
496.1819,Key.space,released,OTHSNI
496.3346,Key.space,pressed,OTHSNI
496.6616,Key.space,released,OTHSNI
496.7095,Key.space,pressed,OTHSNI
496.8498,Key.space,released,OTHSNI
496.9166,Key.space,pressed,OTHSNI
497.0549,Key.space,released,OTHSNI
497.5169,'d',pressed,OTHSNI
497.7209,'w',released,OTHSNI
497.8140,'d',released,OTHSNI
497.8366,'a',pressed,OTHSNI
498.1440,'d',pressed,OTHSNI
498.1606,'a',released,OTHSNI
498.3702,'d',released,OTHSNI
498.5000,'w',pressed,OTHSNI
498.8584,'w',released,OTHSNI
498.8733,'d',pressed,OTHSNI
499.0187,'d',released,OTHSNI
499.0397,'a',pressed,OTHSNI
499.1841,'s',pressed,OTHSNI
499.3019,'s',released,OTHSNI
499.3448,'a',released,OTHSNI
499.4760,'w',pressed,OTHSNI
499.6296,'d',pressed,OTHSNI
499.6777,'w',released,OTHSNI
499.9936,'w',pressed,OTHSNI
500.0547,'d',released,OTHSNI
500.2239,'a',pressed,OTHSNI
500.5460,'w',released,OTHSNI
500.8396,'w',pressed,OTHSNI
501.1642,'a',released,OTHSNI
501.6035,'d',pressed,OTHSNI
501.6529,'w',released,OTHSNI
501.9458,'s',pressed,OTHSNI
502.0347,'d',released,OTHSNI
502.0448,'a',pressed,OTHSNI
503.0376,'a',released,OTHSNI
503.2509,'d',pressed,OTHSNI
503.3438,'s',released,OTHSNI
503.4298,'a',pressed,OTHSNI
503.4857,'d',released,OTHSNI
503.8620,'d',pressed,OTHSNI
503.9069,'a',released,OTHSNI
504.1237,'a',pressed,OTHSNI
504.1986,'d',released,OTHSNI
504.6946,'d',pressed,OTHSNI
504.7676,'a',released,OTHSNI
505.3367,'a',pressed,OTHSNI
505.4346,'d',released,OTHSNI
505.5879,'w',pressed,OTHSNI
506.1636,'a',released,OTHSNI
506.6716,Key.space,pressed,OTHSNI
507.2951,Key.space,released,OTHSNI
507.3079,Key.space,pressed,OTHSNI
507.7220,Key.space,released,OTHSNI
508.0329,'d',pressed,OTHSNI
508.2309,'d',released,OTHSNI
508.7709,Key.space,pressed,OTHSNI
509.0076,Key.space,released,OTHSNI
509.0937,Key.space,pressed,OTHSNI
509.2971,Key.space,released,OTHSNI
509.7165,Key.space,pressed,OTHSNI
509.8895,Key.space,released,OTHSNI
509.9216,Key.space,pressed,OTHSNI
510.0967,Key.space,released,OTHSNI
510.1547,Key.space,pressed,OTHSNI
510.3406,'w',released,OTHSNI
510.3608,Key.space,released,OTHSNI
593.7455,Key.alt_l,pressed,OTHSNI
593.8523,Key.cmd,pressed,OTHSNI
593.8645,Key.alt_l,released,OTHSNI
594.0044,Key.tab,pressed,OTHSNI
594.1583,Key.cmd,released,OTHSNI
594.1876,Key.tab,released,OTHSNI
602.2723,Key.cmd,pressed,OTHSNI
602.4954,Key.tab,pressed,OTHSNI
602.6240,Key.cmd,released,OTHSNI
602.6361,Key.tab,released,OTHSNI
602.6845,Key.cmd,pressed,OTHSNI
602.7766,Key.cmd,released,OTHSNI
603.7833,Key.cmd,pressed,OTHSNI
603.9953,Key.tab,pressed,OTHSNI
604.0916,Key.cmd,released,OTHSNI
604.1031,Key.tab,released,OTHSNI
623.7152,'w',pressed,OTHSNI
624.0289,'w',released,OTHSNI
624.8981,'w',pressed,OTHSNI
625.4189,'w',released,OTHSNI
625.5900,'w',pressed,OTHSNI
625.8639,Key.shift,pressed,OTHSNI
626.0819,Key.shift,released,OTHSNI
627.9573,'q',pressed,OTHSNI
628.1190,'q',released,OTHSNI
628.9242,'q',pressed,OTHSNI
629.1083,'q',released,OTHSNI
629.6825,'w',released,OTHSNI
629.8550,'q',pressed,OTHSNI
630.0399,'q',released,OTHSNI
630.6471,'w',pressed,OTHSNI
631.1471,'1',pressed,OTHSNI
631.3149,'1',released,OTHSNI
631.7072,'w',released,OTHSNI
631.7829,'d',pressed,OTHSNI
631.9801,'s',pressed,OTHSNI
632.0361,'d',released,OTHSNI
632.0510,'a',pressed,OTHSNI
632.1510,'s',released,OTHSNI
632.5060,'a',released,OTHSNI
633.2429,'3',pressed,OTHSNI
633.4080,'3',released,OTHSNI
634.2069,'3',pressed,OTHSNI
634.3550,'3',released,OTHSNI
634.6951,'4',pressed,OTHSNI
634.8629,'4',released,OTHSNI
635.4331,'w',pressed,OTHSNI
635.7443,'w',released,OTHSNI
635.9752,'w',pressed,OTHSNI
636.0962,'w',released,OTHSNI
636.4281,'s',pressed,OTHSNI
636.6811,'d',pressed,OTHSNI
636.6889,'s',released,OTHSNI
636.7891,'d',released,OTHSNI
636.8699,'w',pressed,OTHSNI
637.0059,'w',released,OTHSNI
637.0840,'a',pressed,OTHSNI
637.2630,'a',released,OTHSNI
638.0791,'w',pressed,OTHSNI
638.4231,'w',released,OTHSNI
639.3961,'w',pressed,OTHSNI
639.9425,'w',released,OTHSNI
640.5632,'w',pressed,OTHSNI
640.5979,'1',pressed,OTHSNI
640.8061,'1',released,OTHSNI
641.0750,'w',released,OTHSNI
641.3971,'w',pressed,OTHSNI
641.8473,'w',released,OTHSNI
642.2503,'a',pressed,OTHSNI
642.7503,'w',pressed,OTHSNI
643.2323,'a',released,OTHSNI
643.5554,'w',released,OTHSNI
643.6009,'a',pressed,OTHSNI
643.7950,'w',pressed,OTHSNI
644.1790,'a',released,OTHSNI
645.8561,'d',pressed,OTHSNI
646.3540,'d',released,OTHSNI
646.4040,'1',pressed,OTHSNI
646.5901,'1',released,OTHSNI
647.3999,Key.shift,pressed,OTHSNI
647.6505,Key.shift,released,OTHSNI
647.7947,'a',pressed,OTHSNI
647.9508,Key.shift,pressed,OTHSNI
648.2579,Key.shift,released,OTHSNI
648.3420,'a',released,OTHSNI
649.4162,'w',released,OTHSNI
649.4201,'d',pressed,OTHSNI
649.8072,'w',pressed,OTHSNI
649.9862,'d',released,OTHSNI
650.0424,'d',pressed,OTHSNI
650.5621,'d',released,OTHSNI
653.0419,Key.space,pressed,OTHSNI
653.2340,Key.space,released,OTHSNI
653.4254,'w',released,OTHSNI
654.0389,'w',pressed,OTHSNI
654.0929,Key.space,pressed,OTHSNI
654.6889,Key.space,released,OTHSNI
654.7379,'w',released,OTHSNI
655.3813,'w',pressed,OTHSNI
655.8469,Key.space,pressed,OTHSNI
656.0612,Key.space,released,OTHSNI
656.4973,'w',released,OTHSNI
656.8322,'w',pressed,OTHSNI
657.2709,Key.space,pressed,OTHSNI
657.4379,Key.space,released,OTHSNI
657.7011,'w',released,OTHSNI
657.9053,'a',pressed,OTHSNI
658.3071,'w',pressed,OTHSNI
658.6200,'w',released,OTHSNI
658.8972,'a',released,OTHSNI
659.1889,'w',pressed,OTHSNI
659.7549,'w',released,OTHSNI
659.8290,'a',pressed,OTHSNI
660.0152,'w',pressed,OTHSNI
660.1429,'a',released,OTHSNI
660.3792,'w',released,OTHSNI
660.8820,'a',pressed,OTHSNI
661.1382,'w',pressed,OTHSNI
661.5090,'w',released,OTHSNI
661.5261,'a',released,OTHSNI
661.6940,'d',pressed,OTHSNI
661.8952,'a',pressed,OTHSNI
661.9380,'d',released,OTHSNI
662.0661,'w',pressed,OTHSNI
662.1830,'a',released,OTHSNI
662.2631,'d',pressed,OTHSNI
662.3451,'w',released,OTHSNI
662.4810,'a',pressed,OTHSNI
662.5110,'d',released,OTHSNI
662.6649,'d',pressed,OTHSNI
662.7171,'a',released,OTHSNI
662.8750,'a',pressed,OTHSNI
662.8960,'d',released,OTHSNI
663.0533,'d',pressed,OTHSNI
663.1090,'a',released,OTHSNI
663.2430,'a',pressed,OTHSNI
663.2770,'d',released,OTHSNI
663.4790,'d',pressed,OTHSNI
663.5000,'a',released,OTHSNI
663.7580,'d',released,OTHSNI
663.9931,'a',pressed,OTHSNI
664.1730,'w',pressed,OTHSNI
664.2791,'a',released,OTHSNI
664.3899,'w',released,OTHSNI
664.9401,'4',pressed,OTHSNI
665.1011,'4',released,OTHSNI
665.2181,'w',pressed,OTHSNI
665.4640,'w',released,OTHSNI
665.9591,'d',pressed,OTHSNI
666.2789,'d',released,OTHSNI
666.2952,'a',pressed,OTHSNI
666.5361,'a',released,OTHSNI
666.6020,'d',pressed,OTHSNI
666.7709,'w',pressed,OTHSNI
666.8590,'d',released,OTHSNI
666.9771,'w',released,OTHSNI
667.1379,'1',pressed,OTHSNI
667.2689,'1',released,OTHSNI
667.5311,'s',pressed,OTHSNI
667.7301,'s',released,OTHSNI
667.8871,'a',pressed,OTHSNI
668.2889,'w',pressed,OTHSNI
668.7578,'a',released,OTHSNI
669.0491,'w',released,OTHSNI
669.2409,'a',pressed,OTHSNI
669.8324,'a',released,OTHSNI
670.2719,'a',pressed,OTHSNI
670.8637,'s',pressed,OTHSNI
670.9689,'a',released,OTHSNI
671.1070,'1',pressed,OTHSNI
671.2505,'1',released,OTHSNI
671.4449,'d',pressed,OTHSNI
671.5489,'s',released,OTHSNI
672.1143,'w',pressed,OTHSNI
672.2071,Key.shift,pressed,OTHSNI
672.5948,Key.shift,released,OTHSNI
672.7532,'w',released,OTHSNI
673.1901,'w',pressed,OTHSNI
673.3111,'d',released,OTHSNI
673.3480,'a',pressed,OTHSNI
673.5901,'a',released,OTHSNI
673.6632,'a',pressed,OTHSNI
673.7330,'w',released,OTHSNI
673.8530,'s',pressed,OTHSNI
673.9202,'s',released,OTHSNI
674.4781,'d',pressed,OTHSNI
674.5482,'a',released,OTHSNI
674.7151,'a',pressed,OTHSNI
674.7588,'d',released,OTHSNI
674.9019,'d',pressed,OTHSNI
674.9659,'a',released,OTHSNI
675.0599,'a',pressed,OTHSNI
675.1242,'d',released,OTHSNI
675.1610,'d',pressed,OTHSNI
675.1951,'a',released,OTHSNI
675.2499,'a',pressed,OTHSNI
675.2889,'d',released,OTHSNI
675.5951,'d',pressed,OTHSNI
675.7043,'a',released,OTHSNI
675.8889,'a',pressed,OTHSNI
675.9499,'d',released,OTHSNI
676.1121,'d',pressed,OTHSNI
676.1791,'a',released,OTHSNI
676.6491,'a',pressed,OTHSNI
676.7158,'d',released,OTHSNI
677.0471,'d',pressed,OTHSNI
677.1255,'a',released,OTHSNI
677.1829,'a',pressed,OTHSNI
677.2452,'d',released,OTHSNI
677.5221,'d',pressed,OTHSNI
677.5951,'a',released,OTHSNI
677.7202,'a',pressed,OTHSNI
677.7779,'d',released,OTHSNI
677.9950,'a',released,OTHSNI
679.3161,Key.comma,pressed,OTHSNI
679.4102,Key.comma,released,OTHSNI
687.5531,'w',pressed,OTHSNI
687.5548,Key.shift,pressed,OTHSNI
687.7339,Key.shift,released,OTHSNI
689.5929,'2',pressed,OTHSNI
689.7570,'2',released,OTHSNI
692.3025,'1',pressed,OTHSNI
692.4610,'1',released,OTHSNI
692.7640,'3',pressed,OTHSNI
692.8769,'3',released,OTHSNI
693.3300,'1',pressed,OTHSNI
693.5119,'1',released,OTHSNI
694.8549,'3',pressed,OTHSNI
695.0080,'3',released,OTHSNI
700.4030,'1',pressed,OTHSNI
700.6129,'1',released,OTHSNI
702.3091,Key.shift,pressed,OTHSNI
702.5109,Key.shift,released,OTHSNI
705.9150,'a',pressed,OTHSNI
709.0509,'d',pressed,OTHSNI
709.0739,'a',released,OTHSNI
709.1690,'w',released,OTHSNI
709.7621,'s',pressed,OTHSNI
710.0257,'d',released,OTHSNI
710.1813,'a',pressed,OTHSNI
710.8168,'a',released,OTHSNI
710.8419,'d',pressed,OTHSNI
711.1519,'s',released,OTHSNI
712.0471,'2',pressed,OTHSNI
712.1632,'2',released,OTHSNI
713.4499,'w',pressed,OTHSNI
713.5298,'d',released,OTHSNI
713.8500,'a',pressed,OTHSNI
714.0221,'w',released,OTHSNI
714.1339,'s',pressed,OTHSNI
714.4610,'a',released,OTHSNI
714.5041,'d',pressed,OTHSNI
714.5909,'s',released,OTHSNI
714.7370,'w',pressed,OTHSNI
715.0289,'a',pressed,OTHSNI
715.0841,'d',released,OTHSNI
715.1199,'w',released,OTHSNI
715.5122,'d',pressed,OTHSNI
715.5860,'a',released,OTHSNI
715.6914,'s',pressed,OTHSNI
715.7939,'d',released,OTHSNI
715.8944,'d',pressed,OTHSNI
716.0981,'a',pressed,OTHSNI
716.1459,'d',released,OTHSNI
716.2189,'s',released,OTHSNI
716.6499,'d',pressed,OTHSNI
716.7260,'a',released,OTHSNI
717.3089,'s',pressed,OTHSNI
717.4622,'d',released,OTHSNI
717.6260,'a',pressed,OTHSNI
717.8010,'s',released,OTHSNI
717.9740,'2',pressed,OTHSNI
718.0952,'2',released,OTHSNI
718.6838,'w',pressed,OTHSNI
719.0099,'a',released,OTHSNI
719.0729,'d',pressed,OTHSNI
719.1689,'w',released,OTHSNI
719.5578,'s',pressed,OTHSNI
719.7163,'d',released,OTHSNI
719.9930,'a',pressed,OTHSNI
720.2390,'a',released,OTHSNI
720.6669,'d',pressed,OTHSNI
720.8473,'s',released,OTHSNI
721.2062,'w',pressed,OTHSNI
722.0302,'d',released,OTHSNI
722.0459,'a',pressed,OTHSNI
722.1148,'w',released,OTHSNI
722.1991,'s',pressed,OTHSNI
722.2689,'a',released,OTHSNI
722.4431,'d',pressed,OTHSNI
722.5038,'s',released,OTHSNI
722.5878,'w',pressed,OTHSNI
722.7940,'d',released,OTHSNI
723.6411,'d',pressed,OTHSNI
724.0719,'d',released,OTHSNI
724.1668,'d',pressed,OTHSNI
724.3099,'a',pressed,OTHSNI
724.3280,'w',released,OTHSNI
724.3450,'d',released,OTHSNI
724.4809,'d',pressed,OTHSNI
724.5369,'a',released,OTHSNI
724.9688,'w',pressed,OTHSNI
725.0509,'d',released,OTHSNI
725.1971,'d',pressed,OTHSNI
725.2940,'w',released,OTHSNI
725.3793,'a',pressed,OTHSNI
725.5632,'d',released,OTHSNI
725.6398,'w',pressed,OTHSNI
725.8915,'a',released,OTHSNI
725.9863,'d',pressed,OTHSNI
726.0762,'w',released,OTHSNI
726.4960,'a',pressed,OTHSNI
726.6489,'d',released,OTHSNI
726.7690,'s',pressed,OTHSNI
726.8710,'a',released,OTHSNI
727.3090,'d',pressed,OTHSNI
727.3581,'s',released,OTHSNI
727.4577,'w',pressed,OTHSNI
727.5328,'d',released,OTHSNI
727.9361,'d',pressed,OTHSNI
728.5999,'w',released,OTHSNI
728.8322,'w',pressed,OTHSNI
729.1569,'d',released,OTHSNI
729.2130,'d',pressed,OTHSNI
729.6803,'w',released,OTHSNI
730.1943,'a',pressed,OTHSNI
730.2271,'d',released,OTHSNI
730.3408,'d',pressed,OTHSNI
730.3958,'a',released,OTHSNI
731.1929,'a',pressed,OTHSNI
731.2749,'d',released,OTHSNI
731.5058,'d',pressed,OTHSNI
731.5790,'a',released,OTHSNI
731.9198,'a',pressed,OTHSNI
731.9970,'d',released,OTHSNI
732.2191,'d',pressed,OTHSNI
732.2951,'a',released,OTHSNI
732.4970,'a',pressed,OTHSNI
732.5539,'d',released,OTHSNI
732.7949,'d',pressed,OTHSNI
732.8638,'a',released,OTHSNI
733.0479,'a',pressed,OTHSNI
733.1110,'d',released,OTHSNI
733.2310,'d',pressed,OTHSNI
733.3040,'a',released,OTHSNI
733.3840,'a',pressed,OTHSNI
733.4169,'d',released,OTHSNI
733.7215,'d',pressed,OTHSNI
733.7899,'a',released,OTHSNI
734.0600,'a',pressed,OTHSNI
734.1220,'d',released,OTHSNI
734.2519,'d',pressed,OTHSNI
734.3130,'a',released,OTHSNI
734.5200,'a',pressed,OTHSNI
734.5750,'d',released,OTHSNI
734.7029,'d',pressed,OTHSNI
734.7619,'a',released,OTHSNI
735.0843,'w',pressed,OTHSNI
735.1280,'d',released,OTHSNI
735.5130,'w',released,OTHSNI
735.5980,'s',pressed,OTHSNI
735.7099,'a',pressed,OTHSNI
736.2238,'a',released,OTHSNI
736.6599,'a',pressed,OTHSNI
736.7031,'s',released,OTHSNI
736.8940,'w',pressed,OTHSNI
737.0321,'a',released,OTHSNI
737.3940,'w',released,OTHSNI
737.4961,'s',pressed,OTHSNI
738.1042,'d',pressed,OTHSNI
738.2078,'s',released,OTHSNI
738.3048,'a',pressed,OTHSNI
738.3830,'d',released,OTHSNI
738.5348,'w',pressed,OTHSNI
738.6230,'a',released,OTHSNI
738.6948,'d',pressed,OTHSNI
738.7689,'w',released,OTHSNI
739.4819,'a',pressed,OTHSNI
739.5241,'d',released,OTHSNI
739.8160,'d',pressed,OTHSNI
739.8968,'a',released,OTHSNI
740.0529,'a',pressed,OTHSNI
740.1382,'d',released,OTHSNI
740.4530,'d',pressed,OTHSNI
740.5440,'a',released,OTHSNI
741.3430,'a',pressed,OTHSNI
741.4228,'d',released,OTHSNI
741.8752,'d',pressed,OTHSNI
741.9629,'a',released,OTHSNI
742.3450,'a',pressed,OTHSNI
742.4300,'d',released,OTHSNI
742.5878,'s',pressed,OTHSNI
742.9841,'a',released,OTHSNI
743.2288,'d',pressed,OTHSNI
743.3250,'s',released,OTHSNI
743.6718,'w',pressed,OTHSNI
743.9212,'d',released,OTHSNI
744.0273,'1',pressed,OTHSNI
744.2109,'1',released,OTHSNI
746.1268,'d',pressed,OTHSNI
746.5142,'w',released,OTHSNI
747.7538,'w',pressed,OTHSNI
748.6758,'d',released,OTHSNI
748.9469,'a',pressed,OTHSNI
749.1439,'w',released,OTHSNI
749.3211,'d',pressed,OTHSNI
749.4660,'d',released,OTHSNI
749.6518,'s',pressed,OTHSNI
749.7120,'a',released,OTHSNI
749.8708,'s',released,OTHSNI
750.0488,'d',pressed,OTHSNI
750.8699,'s',pressed,OTHSNI
750.8929,'d',released,OTHSNI
751.2268,'a',pressed,OTHSNI
751.6140,'a',released,OTHSNI
751.6142,'d',pressed,OTHSNI
751.7901,'a',pressed,OTHSNI
751.8109,'d',released,OTHSNI
751.8920,'s',released,OTHSNI
752.1911,'d',pressed,OTHSNI
752.2663,'a',released,OTHSNI
752.4529,'w',pressed,OTHSNI
752.6739,'d',released,OTHSNI
753.4792,Key.space,pressed,OTHSNI
754.5709,Key.space,released,OTHSNI
754.6899,Key.space,pressed,OTHSNI
754.7941,Key.space,released,OTHSNI
755.8640,'1',pressed,OTHSNI
756.0378,'1',released,OTHSNI
756.6188,'a',pressed,OTHSNI
756.7958,Key.shift,pressed,OTHSNI
757.0822,Key.shift,released,OTHSNI
757.1043,'a',released,OTHSNI
757.3650,'r',pressed,OTHSNI
757.5180,'r',released,OTHSNI
757.6329,'a',pressed,OTHSNI
757.7000,'w',released,OTHSNI
757.7960,'s',pressed,OTHSNI
757.8640,'a',released,OTHSNI
757.9189,'d',pressed,OTHSNI
757.9949,'s',released,OTHSNI
758.2180,'s',pressed,OTHSNI
758.2808,'d',released,OTHSNI
758.3519,'d',pressed,OTHSNI
758.3999,'s',released,OTHSNI
758.5239,'w',pressed,OTHSNI
758.6710,'d',released,OTHSNI
758.8648,'d',pressed,OTHSNI
758.9189,'d',released,OTHSNI
759.0699,'r',pressed,OTHSNI
759.2328,'r',released,OTHSNI
759.2828,'w',released,OTHSNI
759.2999,'a',pressed,OTHSNI
759.4538,'s',pressed,OTHSNI
759.5342,'a',released,OTHSNI
759.5518,'d',pressed,OTHSNI
759.6208,'s',released,OTHSNI
759.9610,'d',released,OTHSNI
759.9709,'w',pressed,OTHSNI
760.1841,'a',pressed,OTHSNI
760.4318,'a',released,OTHSNI
760.6100,'d',pressed,OTHSNI
760.7219,'d',released,OTHSNI
760.8098,'d',pressed,OTHSNI
760.9348,'d',released,OTHSNI
761.3889,'a',pressed,OTHSNI
761.5598,'w',released,OTHSNI
761.6574,'s',pressed,OTHSNI
761.7220,'a',released,OTHSNI
761.7522,'a',pressed,OTHSNI
762.0351,'s',released,OTHSNI
762.1526,'w',pressed,OTHSNI
762.8871,'a',released,OTHSNI
763.3859,'d',pressed,OTHSNI
763.5119,'w',released,OTHSNI
763.7839,'d',released,OTHSNI
763.8809,'w',pressed,OTHSNI
764.0870,'a',pressed,OTHSNI
764.1508,'w',released,OTHSNI
764.4601,'w',pressed,OTHSNI
764.5310,'a',released,OTHSNI
764.9889,'d',pressed,OTHSNI
764.9949,'w',released,OTHSNI
765.3432,'d',released,OTHSNI
765.6450,'d',pressed,OTHSNI
765.8062,'w',pressed,OTHSNI
766.0461,'d',released,OTHSNI
766.0759,'d',pressed,OTHSNI
766.1831,'w',released,OTHSNI
766.3569,'a',pressed,OTHSNI
766.3919,'d',released,OTHSNI
766.5149,'w',pressed,OTHSNI
766.6500,'a',released,OTHSNI
766.7141,'d',pressed,OTHSNI
766.8929,'w',released,OTHSNI
767.1462,'a',pressed,OTHSNI
767.2000,'d',released,OTHSNI
767.3109,'d',pressed,OTHSNI
767.3819,'a',released,OTHSNI
767.5989,'w',pressed,OTHSNI
767.9728,'w',released,OTHSNI
767.9790,'d',released,OTHSNI
768.0360,'a',pressed,OTHSNI
768.2470,'d',pressed,OTHSNI
768.2919,'a',released,OTHSNI
768.4318,'2',pressed,OTHSNI
768.5100,'d',released,OTHSNI
768.5528,'2',released,OTHSNI
768.6548,'a',pressed,OTHSNI
768.7698,'a',released,OTHSNI
768.7909,'w',pressed,OTHSNI
769.0002,'w',released,OTHSNI
769.1541,'d',pressed,OTHSNI
769.3374,'a',pressed,OTHSNI
769.3780,'d',released,OTHSNI
769.4900,'d',pressed,OTHSNI
769.5530,'a',released,OTHSNI
769.6149,'a',pressed,OTHSNI
769.6480,'d',released,OTHSNI
770.2379,'d',pressed,OTHSNI
770.3124,'a',released,OTHSNI
770.5708,'a',pressed,OTHSNI
770.6409,'d',released,OTHSNI
770.7909,'w',pressed,OTHSNI
771.5243,'w',released,OTHSNI
771.6058,'d',pressed,OTHSNI
771.6900,'a',released,OTHSNI
771.8000,'a',pressed,OTHSNI
771.8658,'d',released,OTHSNI
772.0519,'w',pressed,OTHSNI
772.2719,'w',released,OTHSNI
772.3570,'s',pressed,OTHSNI
772.4463,'a',released,OTHSNI
772.5248,'d',pressed,OTHSNI
772.6352,'s',released,OTHSNI
772.7891,'a',pressed,OTHSNI
772.8523,'d',released,OTHSNI
772.9499,'w',pressed,OTHSNI
773.2290,'a',released,OTHSNI
773.3708,'d',pressed,OTHSNI
773.4428,'w',released,OTHSNI
773.7161,'a',pressed,OTHSNI
773.7754,'d',released,OTHSNI
773.8998,'w',pressed,OTHSNI
774.1458,'d',pressed,OTHSNI
774.1761,'a',released,OTHSNI
774.2189,'w',released,OTHSNI
774.5890,'a',pressed,OTHSNI
774.6678,'d',released,OTHSNI
774.9138,'s',pressed,OTHSNI
775.0090,'a',released,OTHSNI
775.1411,'d',pressed,OTHSNI
775.2349,'s',released,OTHSNI
775.5282,'s',pressed,OTHSNI
775.7153,'d',released,OTHSNI
776.1330,'a',pressed,OTHSNI
776.4423,'s',released,OTHSNI
776.5502,'w',pressed,OTHSNI
776.6548,'a',released,OTHSNI
776.7201,'d',pressed,OTHSNI
777.1208,'d',released,OTHSNI
777.1242,'1',pressed,OTHSNI
777.2789,'1',released,OTHSNI
777.4448,'a',pressed,OTHSNI
777.4730,'w',released,OTHSNI
777.6009,'s',pressed,OTHSNI
777.7018,'a',released,OTHSNI
777.9518,'d',pressed,OTHSNI
778.0478,'s',released,OTHSNI
778.1469,'w',pressed,OTHSNI
778.3098,'d',released,OTHSNI
778.6658,'d',pressed,OTHSNI
778.8178,'w',released,OTHSNI
779.3192,'w',pressed,OTHSNI
779.5261,Key.shift,pressed,OTHSNI
779.5899,'D',released,OTHSNI
779.7391,Key.shift,released,OTHSNI
779.8920,'w',released,OTHSNI
779.9720,'s',pressed,OTHSNI
780.1541,'a',pressed,OTHSNI
780.4209,'a',released,OTHSNI
780.5048,'s',released,OTHSNI
780.5798,'a',pressed,OTHSNI
780.6620,'d',released,OTHSNI
780.7571,'d',pressed,OTHSNI
780.8442,'a',released,OTHSNI
780.9548,'a',pressed,OTHSNI
781.0359,'d',released,OTHSNI
781.1741,'w',pressed,OTHSNI
781.7208,'a',released,OTHSNI
781.7349,'d',pressed,OTHSNI
781.8986,'w',released,OTHSNI
782.1940,'a',pressed,OTHSNI
782.2773,'d',released,OTHSNI
782.4080,'w',pressed,OTHSNI
782.7389,'d',pressed,OTHSNI
782.7941,'a',released,OTHSNI
782.9510,'w',released,OTHSNI
783.9808,'w',pressed,OTHSNI
784.1482,'d',released,OTHSNI
784.4208,'d',pressed,OTHSNI
784.6079,'w',released,OTHSNI
784.6270,'a',pressed,OTHSNI
784.6500,'d',released,OTHSNI
784.8228,'d',pressed,OTHSNI
784.9260,'d',released,OTHSNI
785.0430,'d',pressed,OTHSNI
785.0978,'a',released,OTHSNI
785.2208,'a',pressed,OTHSNI
785.2778,'d',released,OTHSNI
785.3550,'d',pressed,OTHSNI
785.4089,'a',released,OTHSNI
785.5830,'a',pressed,OTHSNI
785.6559,'d',released,OTHSNI
785.7500,'d',pressed,OTHSNI
785.8150,'a',released,OTHSNI
785.9048,'a',pressed,OTHSNI
785.9610,'d',released,OTHSNI
786.1009,'w',pressed,OTHSNI
786.3218,'a',released,OTHSNI
786.3550,'d',pressed,OTHSNI
786.6208,'w',released,OTHSNI
787.0601,'2',pressed,OTHSNI
787.2188,'2',released,OTHSNI
787.3649,'a',pressed,OTHSNI
787.4329,'d',released,OTHSNI
787.6028,'w',pressed,OTHSNI
787.7128,'a',released,OTHSNI
788.0989,'r',pressed,OTHSNI
788.2469,'r',released,OTHSNI
788.3402,'w',released,OTHSNI
788.4274,'s',pressed,OTHSNI
788.9211,'a',pressed,OTHSNI
789.0508,'s',released,OTHSNI
789.6188,'a',released,OTHSNI
798.9558,'w',pressed,OTHSNI
799.0478,Key.shift,pressed,OTHSNI
799.2788,Key.shift,released,OTHSNI
813.3032,'d',pressed,OTHSNI
814.5318,'d',released,OTHSNI
814.9307,'2',pressed,OTHSNI
815.0989,'2',released,OTHSNI
815.4382,'d',pressed,OTHSNI
815.4900,'w',released,OTHSNI
815.5972,'a',pressed,OTHSNI
815.6938,'d',released,OTHSNI
815.8219,'d',pressed,OTHSNI
815.8968,'a',released,OTHSNI
816.6020,'w',pressed,OTHSNI
816.6442,'d',released,OTHSNI
816.8321,'d',pressed,OTHSNI
816.9582,'w',released,OTHSNI
817.5119,'w',pressed,OTHSNI
818.0205,'d',released,OTHSNI
818.6508,'w',released,OTHSNI
818.9111,'a',pressed,OTHSNI
819.5284,'w',pressed,OTHSNI
819.8479,'w',released,OTHSNI
820.2978,'d',pressed,OTHSNI
820.3840,'a',released,OTHSNI
821.1038,'a',pressed,OTHSNI
821.1769,'d',released,OTHSNI
821.3168,'w',pressed,OTHSNI
821.7867,'w',released,OTHSNI
821.9211,'w',pressed,OTHSNI
822.0258,'a',released,OTHSNI
822.3379,'w',released,OTHSNI
822.4198,'s',pressed,OTHSNI
823.3540,'d',pressed,OTHSNI
823.4299,'s',released,OTHSNI
823.7258,'w',pressed,OTHSNI
823.8982,'d',released,OTHSNI
823.9940,'d',pressed,OTHSNI
824.2058,'w',released,OTHSNI
824.5298,'s',pressed,OTHSNI
824.7202,'s',released,OTHSNI
824.8309,'w',pressed,OTHSNI
824.9040,'d',released,OTHSNI
824.9811,'a',pressed,OTHSNI
825.0579,'w',released,OTHSNI
825.2311,'s',pressed,OTHSNI
825.4243,'a',released,OTHSNI
825.6657,'a',pressed,OTHSNI
825.8838,'s',released,OTHSNI
826.0641,'w',pressed,OTHSNI
826.2091,'a',released,OTHSNI
826.4027,'d',pressed,OTHSNI
826.9381,'d',released,OTHSNI
828.0417,'d',pressed,OTHSNI
828.1363,'w',released,OTHSNI
828.3808,'a',pressed,OTHSNI
828.4370,'d',released,OTHSNI
828.5761,'s',pressed,OTHSNI
829.2318,'s',released,OTHSNI
829.4188,'d',pressed,OTHSNI
829.4778,'a',released,OTHSNI
829.5731,'a',pressed,OTHSNI
829.6338,'d',released,OTHSNI
829.6548,'d',pressed,OTHSNI
829.6778,'a',released,OTHSNI
829.9439,'s',pressed,OTHSNI
830.0271,'d',released,OTHSNI
830.0808,'a',pressed,OTHSNI
830.2282,'a',released,OTHSNI
830.7100,'a',pressed,OTHSNI
830.7128,'s',released,OTHSNI
830.9520,'d',pressed,OTHSNI
830.9968,'a',released,OTHSNI
831.1848,'w',pressed,OTHSNI
831.6178,'d',released,OTHSNI
831.8178,'a',pressed,OTHSNI
831.9328,'w',released,OTHSNI
832.1834,'d',pressed,OTHSNI
832.2569,'a',released,OTHSNI
832.3512,'a',pressed,OTHSNI
832.4529,'a',released,OTHSNI
832.6259,'a',pressed,OTHSNI
832.7308,'d',released,OTHSNI
833.3490,'s',pressed,OTHSNI
833.5564,'a',released,OTHSNI
833.7429,'d',pressed,OTHSNI
833.8858,'s',released,OTHSNI
834.6210,'a',pressed,OTHSNI
834.6791,'d',released,OTHSNI
834.8329,'w',pressed,OTHSNI
835.0378,'a',released,OTHSNI
835.2687,'1',pressed,OTHSNI
835.4319,'1',released,OTHSNI
836.6679,'a',pressed,OTHSNI
836.7528,'w',released,OTHSNI
837.0464,'d',pressed,OTHSNI
837.1128,'a',released,OTHSNI
837.4708,'a',pressed,OTHSNI
837.7020,'d',released,OTHSNI
837.8668,'w',pressed,OTHSNI
839.0429,'d',pressed,OTHSNI
839.1400,'a',released,OTHSNI
839.1498,'w',released,OTHSNI
839.4220,'a',pressed,OTHSNI
839.5024,'d',released,OTHSNI
839.6032,'d',pressed,OTHSNI
839.6828,'a',released,OTHSNI
840.3181,'s',pressed,OTHSNI
840.5990,'d',released,OTHSNI
840.7018,'a',pressed,OTHSNI
840.7970,'s',released,OTHSNI
841.0598,'w',pressed,OTHSNI
841.4691,'w',released,OTHSNI
841.6390,'s',pressed,OTHSNI
841.9821,'a',released,OTHSNI
842.1709,'d',pressed,OTHSNI
842.4011,'s',released,OTHSNI
842.5787,'s',pressed,OTHSNI
842.7022,'d',released,OTHSNI
842.8880,'d',pressed,OTHSNI
843.0249,'s',released,OTHSNI
843.7157,'s',pressed,OTHSNI
843.8411,'a',pressed,OTHSNI
843.8488,'d',released,OTHSNI
843.9361,'s',released,OTHSNI
844.4808,'d',pressed,OTHSNI
844.5748,'a',released,OTHSNI
845.1719,'s',pressed,OTHSNI
845.3248,'d',released,OTHSNI
845.6982,'d',pressed,OTHSNI
845.8111,'s',released,OTHSNI
845.9471,'w',pressed,OTHSNI
846.1189,'d',released,OTHSNI
846.2868,'r',pressed,OTHSNI
846.4539,'r',released,OTHSNI
846.4598,'a',pressed,OTHSNI
846.5618,'w',released,OTHSNI
847.3948,'w',pressed,OTHSNI
848.1102,'d',pressed,OTHSNI
848.1582,'w',released,OTHSNI
848.1809,'a',released,OTHSNI
848.3458,'a',pressed,OTHSNI
848.3989,'d',released,OTHSNI
848.5498,'d',pressed,OTHSNI
848.6237,'a',released,OTHSNI
848.7679,'a',pressed,OTHSNI
848.8180,'d',released,OTHSNI
848.8641,'d',pressed,OTHSNI
848.8969,'a',released,OTHSNI
849.9369,'a',pressed,OTHSNI
850.0002,'d',released,OTHSNI
850.1027,'d',pressed,OTHSNI
850.1752,'a',released,OTHSNI
850.3528,'a',pressed,OTHSNI
850.4208,'d',released,OTHSNI
850.5850,'d',pressed,OTHSNI
850.6719,'a',released,OTHSNI
850.7347,'a',pressed,OTHSNI
850.7889,'d',released,OTHSNI
851.0401,'d',pressed,OTHSNI
851.1529,'a',released,OTHSNI
851.5430,'a',pressed,OTHSNI
851.6074,'d',released,OTHSNI
851.8690,'d',pressed,OTHSNI
851.9409,'a',released,OTHSNI
852.3008,'a',pressed,OTHSNI
852.3788,'d',released,OTHSNI
852.7101,'d',pressed,OTHSNI
852.7952,'a',released,OTHSNI
853.1468,'a',pressed,OTHSNI
853.2204,'d',released,OTHSNI
853.5833,'d',pressed,OTHSNI
853.7538,'d',released,OTHSNI
853.8744,'d',pressed,OTHSNI
853.9429,'a',released,OTHSNI
854.2381,'a',pressed,OTHSNI
854.3071,'d',released,OTHSNI
854.4839,'w',pressed,OTHSNI
854.7168,'d',pressed,OTHSNI
854.7878,'a',released,OTHSNI
854.7939,'w',released,OTHSNI
854.9678,'a',pressed,OTHSNI
855.0501,'d',released,OTHSNI
855.1979,'d',pressed,OTHSNI
855.2878,'a',released,OTHSNI
855.6870,'a',pressed,OTHSNI
855.7458,'d',released,OTHSNI
856.3402,'s',pressed,OTHSNI
856.4128,'a',released,OTHSNI
856.7538,'d',pressed,OTHSNI
856.8908,'s',released,OTHSNI
857.1002,'a',pressed,OTHSNI
857.1610,'d',released,OTHSNI
857.2440,'w',pressed,OTHSNI
857.2538,'a',released,OTHSNI
857.4257,'d',pressed,OTHSNI
857.5253,'w',released,OTHSNI
857.5937,'a',pressed,OTHSNI
857.6528,'d',released,OTHSNI
857.7168,'d',pressed,OTHSNI
857.7379,'a',released,OTHSNI
857.9418,'s',pressed,OTHSNI
858.0059,'d',released,OTHSNI
858.0869,'a',pressed,OTHSNI
858.1779,'s',released,OTHSNI
858.3360,'w',pressed,OTHSNI
858.4098,'a',released,OTHSNI
858.6238,'a',pressed,OTHSNI
858.7080,'w',released,OTHSNI
858.7258,'d',pressed,OTHSNI
858.7748,'a',released,OTHSNI
859.1258,'a',pressed,OTHSNI
859.2050,'d',released,OTHSNI
859.6243,'d',pressed,OTHSNI
859.7208,'a',released,OTHSNI
860.3770,'a',pressed,OTHSNI
860.4634,'d',released,OTHSNI
860.7109,'d',pressed,OTHSNI
860.8077,'a',released,OTHSNI
860.9399,'a',pressed,OTHSNI
861.0720,'a',released,OTHSNI
861.1328,'a',pressed,OTHSNI
861.1958,'d',released,OTHSNI
861.3359,'w',pressed,OTHSNI
861.5059,'r',pressed,OTHSNI
861.6369,'r',released,OTHSNI
861.8790,'w',released,OTHSNI
861.9869,'s',pressed,OTHSNI
862.0978,'a',released,OTHSNI
862.1118,'d',pressed,OTHSNI
862.2038,'s',released,OTHSNI
862.4418,'w',pressed,OTHSNI
862.6150,'d',released,OTHSNI
862.8988,'d',pressed,OTHSNI
863.0999,'d',released,OTHSNI
863.2819,'d',pressed,OTHSNI
864.5147,'d',released,OTHSNI
864.6499,'2',pressed,OTHSNI
864.7709,'2',released,OTHSNI
864.9889,'d',pressed,OTHSNI
865.0479,'w',released,OTHSNI
865.1791,'a',pressed,OTHSNI
865.2079,'d',released,OTHSNI
865.3749,'s',pressed,OTHSNI
865.4680,'a',released,OTHSNI
865.5198,'d',pressed,OTHSNI
865.6188,'s',released,OTHSNI
866.2449,'w',pressed,OTHSNI
866.5049,'d',released,OTHSNI
866.7348,'d',pressed,OTHSNI
867.8442,'d',released,OTHSNI
868.1772,'w',released,OTHSNI
868.2628,'s',pressed,OTHSNI
868.5164,'a',pressed,OTHSNI
868.9250,'s',released,OTHSNI
869.2112,'w',pressed,OTHSNI
869.3549,'a',released,OTHSNI
871.7417,'d',pressed,OTHSNI
872.1120,'d',released,OTHSNI
872.8319,'a',pressed,OTHSNI
873.3197,'a',released,OTHSNI
873.4591,'d',pressed,OTHSNI
873.5049,'w',released,OTHSNI
873.5929,'w',pressed,OTHSNI
873.9282,'d',released,OTHSNI
874.4424,'a',pressed,OTHSNI
874.8187,Key.space,pressed,OTHSNI
874.8371,'a',released,OTHSNI
875.0250,'w',released,OTHSNI
875.3731,'d',pressed,OTHSNI
875.7299,'w',pressed,OTHSNI
875.9340,'d',released,OTHSNI
875.9563,Key.space,released,OTHSNI
877.0678,Key.space,pressed,OTHSNI
877.5501,Key.space,released,OTHSNI
879.9898,Key.space,pressed,OTHSNI
880.9927,Key.space,released,OTHSNI
882.6908,Key.space,pressed,OTHSNI
883.7319,Key.space,released,OTHSNI
886.0397,'a',pressed,OTHSNI
886.6879,'a',released,OTHSNI
887.6388,'a',pressed,OTHSNI
888.2948,'a',released,OTHSNI
889.0321,'d',pressed,OTHSNI
890.3829,'d',released,OTHSNI
890.5317,'2',pressed,OTHSNI
890.6862,'2',released,OTHSNI
892.0960,'d',pressed,OTHSNI
893.5718,'a',pressed,OTHSNI
893.5808,'d',released,OTHSNI
894.0438,'a',released,OTHSNI
894.0588,'w',released,OTHSNI
894.2150,'s',pressed,OTHSNI
894.8657,'a',pressed,OTHSNI
895.4517,'a',released,OTHSNI
895.4768,'d',pressed,OTHSNI
895.5742,'s',released,OTHSNI
896.5432,'w',pressed,OTHSNI
896.9899,'d',released,OTHSNI
897.2889,'d',pressed,OTHSNI
897.8337,'a',pressed,OTHSNI
897.8738,'d',released,OTHSNI
897.9388,'w',released,OTHSNI
898.6829,'s',pressed,OTHSNI
898.7598,'a',released,OTHSNI
898.8157,'d',pressed,OTHSNI
899.0158,'s',released,OTHSNI
899.1609,'s',pressed,OTHSNI
899.1941,'a',pressed,OTHSNI
899.2339,'d',released,OTHSNI
899.4401,'a',released,OTHSNI
899.5030,'a',pressed,OTHSNI
899.5929,'s',released,OTHSNI
899.9379,'d',pressed,OTHSNI
900.0019,'a',released,OTHSNI
900.3090,'a',pressed,OTHSNI
900.3748,'d',released,OTHSNI
900.6470,'d',pressed,OTHSNI
900.7382,'a',released,OTHSNI
901.3731,'a',pressed,OTHSNI
901.4407,'d',released,OTHSNI
901.5619,'w',pressed,OTHSNI
902.0597,'w',released,OTHSNI
902.0978,'a',released,OTHSNI
902.1369,'s',pressed,OTHSNI
902.5869,'d',pressed,OTHSNI
902.6348,'s',released,OTHSNI
902.7049,'w',pressed,OTHSNI
902.7533,'d',released,OTHSNI
903.1098,'a',pressed,OTHSNI
903.2253,'w',released,OTHSNI
903.4518,'d',pressed,OTHSNI
903.4768,'a',released,OTHSNI
903.7950,'s',pressed,OTHSNI
903.8238,'a',pressed,OTHSNI
903.8659,'d',released,OTHSNI
903.8998,'s',released,OTHSNI
904.1040,'d',pressed,OTHSNI
904.1979,'a',released,OTHSNI
904.5450,'a',pressed,OTHSNI
904.6007,'d',released,OTHSNI
904.8058,'w',pressed,OTHSNI
905.1858,'w',released,OTHSNI
905.2068,'d',pressed,OTHSNI
905.2409,'a',released,OTHSNI
905.5594,'a',pressed,OTHSNI
905.6298,'d',released,OTHSNI
905.6889,'s',pressed,OTHSNI
905.9149,'a',released,OTHSNI
906.2850,'d',pressed,OTHSNI
906.3201,'s',released,OTHSNI
906.7752,'w',pressed,OTHSNI
906.8799,'d',released,OTHSNI
906.9488,'d',pressed,OTHSNI
907.3132,'1',pressed,OTHSNI
907.3568,'d',released,OTHSNI
907.4888,'1',released,OTHSNI
908.1390,'d',pressed,OTHSNI
908.1882,'w',released,OTHSNI
908.2923,'a',pressed,OTHSNI
908.3619,'d',released,OTHSNI
908.4327,'s',pressed,OTHSNI
908.6818,'d',pressed,OTHSNI
908.7327,'a',released,OTHSNI
908.7780,'s',released,OTHSNI
909.2003,'a',pressed,OTHSNI
909.2597,'d',released,OTHSNI
909.4227,'w',pressed,OTHSNI
909.4930,'a',released,OTHSNI
910.0817,'d',pressed,OTHSNI
910.1953,'w',released,OTHSNI
910.4147,'w',pressed,OTHSNI
910.4757,'d',released,OTHSNI
910.8937,'w',released,OTHSNI
910.9837,'s',pressed,OTHSNI
911.1579,'a',pressed,OTHSNI
911.3593,'a',released,OTHSNI
911.6308,'a',pressed,OTHSNI
911.8190,'d',pressed,OTHSNI
911.8206,'a',released,OTHSNI
911.9151,'s',released,OTHSNI
912.0189,'w',pressed,OTHSNI
912.1010,'d',released,OTHSNI
912.2509,'a',pressed,OTHSNI
912.5921,'d',pressed,OTHSNI
912.5952,'a',released,OTHSNI
913.5217,Key.space,pressed,OTHSNI
913.9253,Key.space,released,OTHSNI
913.9821,'a',pressed,OTHSNI
914.0307,'d',released,OTHSNI
914.0409,'w',released,OTHSNI
914.5373,'s',pressed,OTHSNI
914.9929,'a',released,OTHSNI
914.9938,'d',pressed,OTHSNI
915.2811,'d',released,OTHSNI
915.4411,'a',pressed,OTHSNI
915.5316,'r',pressed,OTHSNI
915.6258,'s',released,OTHSNI
915.6869,'r',released,OTHSNI
915.7637,'w',pressed,OTHSNI
915.9113,'a',released,OTHSNI
918.4697,'1',pressed,OTHSNI
918.6167,'1',released,OTHSNI
919.0842,'2',pressed,OTHSNI
919.2647,'2',released,OTHSNI
919.8480,'a',pressed,OTHSNI
920.2548,'a',released,OTHSNI
920.3889,'1',pressed,OTHSNI
920.5378,'1',released,OTHSNI
921.9657,'2',pressed,OTHSNI
922.1220,'2',released,OTHSNI
922.3430,'a',pressed,OTHSNI
923.1260,'w',released,OTHSNI
923.2369,'s',pressed,OTHSNI
923.6458,'s',released,OTHSNI
924.0239,'a',released,OTHSNI
934.8627,'w',pressed,OTHSNI
938.8296,'a',pressed,OTHSNI
939.3499,'a',released,OTHSNI
945.9651,'a',pressed,OTHSNI
946.5666,'a',released,OTHSNI
947.1377,'a',pressed,OTHSNI
947.5021,'a',released,OTHSNI
947.9507,'d',pressed,OTHSNI
948.4169,'d',released,OTHSNI
950.4292,'d',pressed,OTHSNI
950.4729,'w',released,OTHSNI
950.5618,'s',pressed,OTHSNI
950.6238,'d',released,OTHSNI
950.8257,'a',pressed,OTHSNI
951.3877,'a',released,OTHSNI
951.5906,'a',pressed,OTHSNI
951.7626,'d',pressed,OTHSNI
951.7638,'a',released,OTHSNI
952.5301,'a',pressed,OTHSNI
952.6209,'d',released,OTHSNI
953.0877,'d',pressed,OTHSNI
953.1787,'a',released,OTHSNI
953.2418,'s',released,OTHSNI
953.4833,'w',pressed,OTHSNI
953.6867,'d',released,OTHSNI
953.8868,'a',pressed,OTHSNI
954.5847,'d',pressed,OTHSNI
954.6529,'a',released,OTHSNI
954.9397,'a',pressed,OTHSNI
955.0099,'d',released,OTHSNI
955.0307,'w',released,OTHSNI
955.1877,'s',pressed,OTHSNI
955.4048,'d',pressed,OTHSNI
955.4540,'a',released,OTHSNI
955.6088,'s',released,OTHSNI
955.9387,'a',pressed,OTHSNI
956.0098,'d',released,OTHSNI
956.2698,'s',pressed,OTHSNI
956.7087,'a',released,OTHSNI
957.0259,'d',pressed,OTHSNI
957.1268,'s',released,OTHSNI
957.2277,'s',pressed,OTHSNI
957.2548,'d',released,OTHSNI
957.3807,'a',pressed,OTHSNI
957.5368,'s',released,OTHSNI
957.6917,'a',released,OTHSNI
957.7317,'d',pressed,OTHSNI
957.8467,'a',pressed,OTHSNI
957.8998,'d',released,OTHSNI
957.9817,'d',pressed,OTHSNI
958.0217,'a',released,OTHSNI
958.2468,'w',pressed,OTHSNI
958.3176,'d',released,OTHSNI
958.5080,'d',pressed,OTHSNI
958.8879,'d',released,OTHSNI
959.0009,'w',released,OTHSNI
959.1337,'a',pressed,OTHSNI
959.3640,'d',pressed,OTHSNI
959.4239,'a',released,OTHSNI
959.5588,'a',pressed,OTHSNI
959.6529,'s',pressed,OTHSNI
959.6616,'d',released,OTHSNI
959.8357,'a',released,OTHSNI
959.8787,'d',pressed,OTHSNI
959.9838,'s',released,OTHSNI
960.4309,'w',pressed,OTHSNI
960.5788,'d',released,OTHSNI
960.6797,'a',pressed,OTHSNI
961.2688,'d',pressed,OTHSNI
961.3099,'a',released,OTHSNI
961.3538,'w',released,OTHSNI
961.8848,'a',pressed,OTHSNI
961.9798,'d',released,OTHSNI
962.1197,'w',pressed,OTHSNI
962.5665,'d',pressed,OTHSNI
962.6037,'a',released,OTHSNI
962.8637,'d',released,OTHSNI
963.9058,'a',pressed,OTHSNI
965.9927,'a',released,OTHSNI
966.4738,'a',pressed,OTHSNI
967.6971,'w',released,OTHSNI
967.8812,'d',pressed,OTHSNI
968.0491,'a',released,OTHSNI
968.2109,'a',pressed,OTHSNI
968.2737,'d',released,OTHSNI
968.4416,'d',pressed,OTHSNI
968.6195,'d',released,OTHSNI
969.0227,'d',pressed,OTHSNI
969.1879,'a',released,OTHSNI
969.6131,'a',pressed,OTHSNI
969.7058,'d',released,OTHSNI
969.9098,'w',pressed,OTHSNI
970.3268,'d',pressed,OTHSNI
970.4428,'a',released,OTHSNI
970.9621,'d',released,OTHSNI
971.1658,'r',pressed,OTHSNI
971.3179,'r',released,OTHSNI
971.6307,'d',pressed,OTHSNI
972.1357,'d',released,OTHSNI
972.2377,'d',pressed,OTHSNI
972.2707,'w',released,OTHSNI
972.4367,'a',pressed,OTHSNI
972.4908,'d',released,OTHSNI
972.6468,'d',pressed,OTHSNI
972.7148,'a',released,OTHSNI
973.0666,'a',pressed,OTHSNI
973.1287,'d',released,OTHSNI
973.6787,'a',released,OTHSNI
982.1527,'w',pressed,OTHSNI
999.2447,'w',released,OTHSNI
999.4116,Key.esc,pressed,OTHSNI
999.5082,Key.esc,released,OTHSNI
1000.6489,Key.cmd,pressed,OTHSNI
1000.8638,Key.tab,pressed,OTHSNI
1000.9734,Key.cmd,released,OTHSNI
1001.0062,Key.tab,released,OTHSNI
