0.9152,'w',pressed,Joseph
1.5871,'d',pressed,Joseph
2.2754,'d',released,Joseph
2.8512,'d',pressed,Joseph
3.8761,'d',released,Joseph
5.7152,'d',pressed,Joseph
6.7554,'d',released,Joseph
8.4033,'d',pressed,Joseph
9.6354,'1',pressed,Joseph
9.7951,'1',released,Joseph
9.9873,'d',released,Joseph
10.2594,'d',pressed,Joseph
10.6755,'d',released,Joseph
10.7718,'w',released,Joseph
10.9634,'a',pressed,Joseph
11.2513,'w',pressed,Joseph
11.5075,'a',released,Joseph
15.3792,'d',pressed,Joseph
15.9234,'d',released,Joseph
16.8672,'a',pressed,Joseph
17.0273,'a',released,Joseph
18.0672,'a',pressed,Joseph
18.4032,'a',released,Joseph
19.5550,Key.space,pressed,Joseph
19.7149,Key.space,released,Joseph
22.4513,Key.space,pressed,Joseph
22.6278,Key.space,released,Joseph
22.7872,'a',pressed,Joseph
23.0119,'a',released,Joseph
24.8997,'w',released,Joseph
33.9393,'w',pressed,Joseph
35.6031,'a',pressed,Joseph
35.9394,'a',released,Joseph
36.7553,Key.space,pressed,Joseph
37.0114,'d',pressed,Joseph
37.2994,'a',pressed,Joseph
37.3153,'d',released,Joseph
37.9713,'a',released,Joseph
38.4829,Key.space,released,Joseph
39.9713,'a',pressed,Joseph
39.9869,Key.space,pressed,Joseph
40.1472,Key.space,released,Joseph
40.9473,Key.space,pressed,Joseph
41.0433,Key.space,released,Joseph
41.6989,Key.space,pressed,Joseph
41.8269,Key.space,released,Joseph
42.4032,Key.space,pressed,Joseph
42.5310,Key.space,released,Joseph
42.8994,'a',released,Joseph
43.2351,Key.space,pressed,Joseph
43.3629,Key.space,released,Joseph
44.0194,'d',pressed,Joseph
44.1957,'d',released,Joseph
44.2753,Key.space,pressed,Joseph
44.4189,Key.space,released,Joseph
44.5635,'a',pressed,Joseph
44.8035,'a',released,Joseph
45.0430,Key.space,pressed,Joseph
45.1869,Key.space,released,Joseph
45.7631,Key.space,pressed,Joseph
45.8751,'a',pressed,Joseph
45.9229,Key.space,released,Joseph
46.5151,Key.space,pressed,Joseph
46.6751,Key.space,released,Joseph
46.7234,'a',released,Joseph
47.1713,Key.space,pressed,Joseph
47.3793,Key.space,released,Joseph
49.7478,'d',pressed,Joseph
50.6432,'d',released,Joseph
52.5313,'s',pressed,Joseph
52.5794,'w',released,Joseph
52.7078,'s',released,Joseph
52.7393,'w',pressed,Joseph
52.9152,'s',pressed,Joseph
52.9471,'w',released,Joseph
53.1232,'w',pressed,Joseph
53.1392,'s',released,Joseph
53.3152,'s',pressed,Joseph
53.3312,'w',released,Joseph
53.5073,'s',released,Joseph
53.5091,'w',pressed,Joseph
53.6672,'s',pressed,Joseph
53.6833,'w',released,Joseph
53.8432,'s',released,Joseph
53.8438,'w',pressed,Joseph
54.0192,'w',released,Joseph
54.0352,'s',pressed,Joseph
54.1952,'s',released,Joseph
54.2114,'w',pressed,Joseph
54.3713,'w',released,Joseph
54.4191,'s',pressed,Joseph
54.5472,'s',released,Joseph
54.5631,'w',pressed,Joseph
54.7072,'s',pressed,Joseph
54.7234,'w',released,Joseph
54.8832,'s',released,Joseph
54.8992,'w',pressed,Joseph
55.0272,'w',released,Joseph
55.0599,'s',pressed,Joseph
55.2036,'s',released,Joseph
55.2353,'w',pressed,Joseph
55.3791,'w',released,Joseph
55.4114,'s',pressed,Joseph
55.5232,'s',released,Joseph
55.5552,'w',pressed,Joseph
55.7313,'s',pressed,Joseph
55.7471,'w',released,Joseph
55.9072,'s',released,Joseph
55.9395,'w',pressed,Joseph
56.0353,'w',released,Joseph
56.0512,'s',pressed,Joseph
56.9796,'a',pressed,Joseph
57.3480,'s',released,Joseph
57.6352,'w',pressed,Joseph
57.9397,'a',released,Joseph
60.8674,'a',pressed,Joseph
61.3794,'w',released,Joseph
61.9713,'w',pressed,Joseph
62.0034,'a',released,Joseph
62.1952,'d',pressed,Joseph
62.7552,'d',released,Joseph
63.7471,'d',pressed,Joseph
63.8593,'w',released,Joseph
64.3233,'w',pressed,Joseph
64.4195,'d',released,Joseph
65.6991,'a',pressed,Joseph
66.4671,'w',released,Joseph
67.0914,'w',pressed,Joseph
68.2111,'a',released,Joseph
68.2272,'w',released,Joseph
68.8192,'2',pressed,Joseph
68.9474,'2',released,Joseph
69.0594,'d',pressed,Joseph
69.1871,'w',pressed,Joseph
69.2192,'d',released,Joseph
71.0911,'d',pressed,Joseph
71.2351,'w',released,Joseph
71.7803,'w',pressed,Joseph
71.9873,'w',released,Joseph
73.0914,'w',pressed,Joseph
73.2351,'d',released,Joseph
75.5715,'a',pressed,Joseph
77.1230,Key.space,pressed,Joseph
77.3154,Key.space,released,Joseph
78.0511,'w',released,Joseph
79.0431,Key.space,pressed,Joseph
79.0592,'w',pressed,Joseph
79.2033,Key.space,released,Joseph
80.6114,'w',released,Joseph
81.0111,'a',released,Joseph
82.4192,'d',pressed,Joseph
82.4669,Key.space,pressed,Joseph
82.6910,Key.space,released,Joseph
83.0274,'s',pressed,Joseph
83.8915,'s',released,Joseph
84.0990,Key.space,pressed,Joseph
84.1793,'w',pressed,Joseph
84.3230,Key.space,released,Joseph
84.7714,'w',released,Joseph
84.9795,'d',released,Joseph
85.1713,'a',pressed,Joseph
85.5553,'a',released,Joseph
85.5713,'d',pressed,Joseph
85.9873,'d',released,Joseph
86.0192,'a',pressed,Joseph
86.5152,'a',released,Joseph
86.5632,'d',pressed,Joseph
86.9792,'a',pressed,Joseph
87.0272,'d',released,Joseph
87.4594,'s',pressed,Joseph
87.4758,'a',released,Joseph
87.5557,'d',pressed,Joseph
88.0671,'d',released,Joseph
88.1313,'a',pressed,Joseph
88.6112,'a',released,Joseph
88.6914,'d',pressed,Joseph
89.2671,'d',released,Joseph
89.3152,'a',pressed,Joseph
89.7794,'a',released,Joseph
89.9236,'d',pressed,Joseph
90.1472,'s',released,Joseph
90.3873,'a',pressed,Joseph
90.4032,'d',released,Joseph
90.8191,'a',released,Joseph
90.8353,'w',pressed,Joseph
91.8432,'w',released,Joseph
92.1154,'a',pressed,Joseph
92.4194,'a',released,Joseph
92.6115,'s',pressed,Joseph
92.7714,'s',released,Joseph
93.1392,'d',pressed,Joseph
93.2192,'w',pressed,Joseph
93.4271,'w',released,Joseph
93.4432,'d',released,Joseph
93.5712,'a',pressed,Joseph
93.8753,'a',released,Joseph
94.0671,'s',pressed,Joseph
94.2432,'s',released,Joseph
94.4353,'d',pressed,Joseph
94.9471,'d',released,Joseph
95.4112,'a',pressed,Joseph
95.5235,'a',released,Joseph
95.7632,'d',pressed,Joseph
96.3552,'d',released,Joseph
96.4996,'w',pressed,Joseph
96.7552,'w',released,Joseph
96.7713,'d',pressed,Joseph
96.9955,'d',released,Joseph
97.0113,'w',pressed,Joseph
97.3954,'a',pressed,Joseph
97.4752,'a',released,Joseph
97.5394,'w',released,Joseph
97.6515,'s',pressed,Joseph
97.7472,'a',pressed,Joseph
98.3075,'s',released,Joseph
98.5314,'s',pressed,Joseph
98.5477,'a',released,Joseph
98.6751,'d',pressed,Joseph
98.7232,'s',released,Joseph
98.8671,'w',pressed,Joseph
98.9950,'d',released,Joseph
99.0752,'a',pressed,Joseph
99.2041,'w',released,Joseph
99.3474,'a',released,Joseph
99.3793,'s',pressed,Joseph
99.4754,'d',pressed,Joseph
99.7954,'s',released,Joseph
99.9074,'d',released,Joseph
100.0832,'w',pressed,Joseph
100.4191,'w',released,Joseph
100.5792,'a',pressed,Joseph
100.7714,'a',released,Joseph
101.2672,'d',pressed,Joseph
101.3152,'d',released,Joseph
102.1633,'d',pressed,Joseph
102.4352,'w',pressed,Joseph
102.6435,'d',released,Joseph
102.6447,'w',released,Joseph
102.7715,'a',pressed,Joseph
102.8352,'s',pressed,Joseph
103.7632,'s',released,Joseph
104.3233,'a',released,Joseph
113.9555,'w',pressed,Joseph
114.8037,'d',pressed,Joseph
114.9954,'d',released,Joseph
115.3314,'d',pressed,Joseph
115.5391,'d',released,Joseph
115.8914,'w',released,Joseph
116.7075,'s',pressed,Joseph
116.7876,'d',pressed,Joseph
116.8194,'s',released,Joseph
117.0115,'w',pressed,Joseph
117.0595,'d',released,Joseph
117.4594,'d',pressed,Joseph
117.5875,'d',released,Joseph
117.8918,'w',released,Joseph
117.9236,'a',pressed,Joseph
117.9714,'a',released,Joseph
118.3072,'w',pressed,Joseph
119.1243,'d',pressed,Joseph
119.4918,'w',released,Joseph
119.6034,'d',released,Joseph
119.7475,'w',pressed,Joseph
120.0832,'w',released,Joseph
120.1151,'d',pressed,Joseph
120.2594,'d',released,Joseph
120.7233,'w',pressed,Joseph
121.3471,'w',released,Joseph
121.6516,'a',pressed,Joseph
121.7152,'a',released,Joseph
121.7311,'s',pressed,Joseph
123.1231,'s',released,Joseph
123.7473,'w',pressed,Joseph
124.4191,'a',pressed,Joseph
124.5312,'a',released,Joseph
124.6272,'w',released,Joseph
124.8033,'d',pressed,Joseph
124.8352,'d',released,Joseph
125.9072,'w',pressed,Joseph
126.0191,'a',pressed,Joseph
126.1479,'w',released,Joseph
126.2911,'s',pressed,Joseph
126.3232,'a',released,Joseph
126.6755,'a',pressed,Joseph
126.8517,'s',released,Joseph
127.0274,'w',pressed,Joseph
127.0914,'a',released,Joseph
127.1393,'w',released,Joseph
129.2838,'w',pressed,Joseph
129.2994,'d',pressed,Joseph
130.0196,'d',released,Joseph
130.2915,'a',pressed,Joseph
130.4521,'a',released,Joseph
130.8197,'d',pressed,Joseph
130.8358,'w',released,Joseph
130.9794,'w',pressed,Joseph
131.8114,'d',released,Joseph
132.8516,'d',pressed,Joseph
133.5875,'d',released,Joseph
133.9394,'d',pressed,Joseph
134.3397,'d',released,Joseph
134.9792,'a',pressed,Joseph
134.9952,'w',released,Joseph
135.3634,'2',pressed,Joseph
135.4754,'2',released,Joseph
135.6835,'w',pressed,Joseph
136.6594,'w',released,Joseph
136.8033,'a',released,Joseph
136.9474,'w',pressed,Joseph
137.4762,'d',pressed,Joseph
137.8756,'d',released,Joseph
138.3075,'d',pressed,Joseph
138.7394,'d',released,Joseph
139.2994,'d',pressed,Joseph
141.1552,'d',released,Joseph
141.3153,'a',pressed,Joseph
141.4273,'w',released,Joseph
141.5237,'a',released,Joseph
141.7953,'w',pressed,Joseph
142.8834,'w',released,Joseph
142.8995,'d',pressed,Joseph
143.4272,'a',pressed,Joseph
143.4434,'d',released,Joseph
143.6991,'a',released,Joseph
143.7473,'d',pressed,Joseph
144.0676,'d',released,Joseph
144.1951,'a',pressed,Joseph
144.5315,'1',pressed,Joseph
144.6432,'1',released,Joseph
144.9012,'a',released,Joseph
144.9476,'s',pressed,Joseph
145.0914,'d',pressed,Joseph
145.3152,'s',released,Joseph
145.3164,'d',released,Joseph
145.6355,'d',pressed,Joseph
145.7473,'w',pressed,Joseph
146.2272,'d',released,Joseph
146.4835,'a',pressed,Joseph
146.5154,'w',released,Joseph
146.7554,'a',released,Joseph
147.4111,'w',pressed,Joseph
147.8114,'a',pressed,Joseph
147.8596,'w',released,Joseph
147.9714,'a',released,Joseph
148.4359,'s',pressed,Joseph
148.4996,'s',released,Joseph
149.1232,'s',pressed,Joseph
149.3152,'a',pressed,Joseph
149.9719,'a',released,Joseph
150.4352,'a',pressed,Joseph
150.9631,'s',released,Joseph
151.3155,'w',pressed,Joseph
151.3633,'a',released,Joseph
151.5074,'a',pressed,Joseph
152.1151,'a',released,Joseph
152.4673,'a',pressed,Joseph
152.5635,'a',released,Joseph
152.7243,'d',pressed,Joseph
152.8673,'w',released,Joseph
153.4111,'d',released,Joseph
153.4271,'a',pressed,Joseph
153.4591,'s',pressed,Joseph
154.7233,'r',pressed,Joseph
154.8353,'r',released,Joseph
155.0438,'s',released,Joseph
155.2992,'w',pressed,Joseph
155.5237,'a',released,Joseph
156.1955,'a',pressed,Joseph
156.4036,'a',released,Joseph
156.6751,'a',pressed,Joseph
157.1877,'w',released,Joseph
157.5718,'w',pressed,Joseph
157.7631,'a',released,Joseph
157.8117,'w',released,Joseph
158.6274,'d',pressed,Joseph
159.1552,'d',released,Joseph
159.3480,'a',pressed,Joseph
159.4432,'s',pressed,Joseph
159.5074,'a',released,Joseph
159.7634,'d',pressed,Joseph
159.9392,'d',released,Joseph
160.1479,'d',pressed,Joseph
160.1952,'d',released,Joseph
160.7232,'s',released,Joseph
161.2672,'w',pressed,Joseph
161.9395,'d',pressed,Joseph
162.7231,'w',released,Joseph
162.8993,'w',pressed,Joseph
162.9952,'w',released,Joseph
163.0912,'d',released,Joseph
163.8913,'s',pressed,Joseph
164.1152,'a',pressed,Joseph
164.7235,'r',pressed,Joseph
164.8354,'r',released,Joseph
165.0273,'s',released,Joseph
165.3472,'w',pressed,Joseph
165.6832,'a',released,Joseph
165.9074,'a',pressed,Joseph
166.0354,'w',released,Joseph
166.3233,'a',released,Joseph
166.3882,'s',pressed,Joseph
166.5634,'s',released,Joseph
166.6915,'w',pressed,Joseph
168.7238,'2',pressed,Joseph
168.8353,'2',released,Joseph
169.0756,'a',pressed,Joseph
169.1555,'a',released,Joseph
169.2833,'d',pressed,Joseph
169.5082,'d',released,Joseph
169.5714,'w',released,Joseph
169.7793,'w',pressed,Joseph
170.2117,'a',pressed,Joseph
170.2434,'w',released,Joseph
170.3392,'a',released,Joseph
170.3554,'s',pressed,Joseph
170.6114,'a',pressed,Joseph
171.2675,'a',released,Joseph
171.2834,'s',released,Joseph
171.3474,'d',pressed,Joseph
171.4915,'w',pressed,Joseph
171.8434,'d',released,Joseph
171.8443,'w',released,Joseph
171.8451,'a',pressed,Joseph
172.4514,'s',pressed,Joseph
172.4672,'a',released,Joseph
172.8674,'a',pressed,Joseph
173.1391,'a',released,Joseph
173.2352,'a',pressed,Joseph
173.2992,'s',released,Joseph
173.3313,'a',released,Joseph
173.5552,'1',pressed,Joseph
173.6512,'1',released,Joseph
173.8272,'d',pressed,Joseph
174.9952,'w',pressed,Joseph
175.2992,'d',released,Joseph
176.0671,'a',pressed,Joseph
176.0832,'w',released,Joseph
176.2275,'s',pressed,Joseph
176.2594,'a',released,Joseph
176.3235,'d',pressed,Joseph
177.0592,'s',released,Joseph
177.5714,'w',pressed,Joseph
177.8919,'d',released,Joseph
177.9394,'a',pressed,Joseph
178.0032,'w',released,Joseph
178.2278,'s',pressed,Joseph
178.3715,'a',released,Joseph
178.9632,'2',pressed,Joseph
179.0754,'2',released,Joseph
179.9394,'d',pressed,Joseph
180.3074,'s',released,Joseph
180.5473,'w',pressed,Joseph
181.0114,'w',released,Joseph
181.6832,'s',pressed,Joseph
182.0353,'s',released,Joseph
182.2111,'w',pressed,Joseph
182.4672,'d',released,Joseph
182.8038,'a',pressed,Joseph
183.4272,'w',released,Joseph
183.8432,'w',pressed,Joseph
185.5715,'a',released,Joseph
185.9552,'a',pressed,Joseph
186.0356,'a',released,Joseph
186.2592,'w',released,Joseph
186.4192,'s',pressed,Joseph
186.8033,'s',released,Joseph
186.9472,'w',pressed,Joseph
187.5554,'d',pressed,Joseph
187.6994,'d',released,Joseph
188.0514,'1',pressed,Joseph
188.1315,'1',released,Joseph
188.3236,'a',pressed,Joseph
188.3392,'w',released,Joseph
188.4834,'s',pressed,Joseph
188.7712,'a',released,Joseph
188.8033,'s',released,Joseph
188.8354,'d',pressed,Joseph
188.9314,'w',pressed,Joseph
189.0439,'d',released,Joseph
189.6352,'a',pressed,Joseph
189.9713,'w',released,Joseph
190.5791,'w',pressed,Joseph
190.6273,'a',released,Joseph
190.7554,'d',pressed,Joseph
191.2033,'d',released,Joseph
191.3956,'d',pressed,Joseph
191.8592,'d',released,Joseph
192.5953,'d',pressed,Joseph
192.9632,'d',released,Joseph
193.4435,'a',pressed,Joseph
193.6515,'a',released,Joseph
194.1000,'d',pressed,Joseph
194.1474,'d',released,Joseph
194.1794,'w',released,Joseph
194.1954,'a',pressed,Joseph
194.2434,'w',pressed,Joseph
194.3073,'a',released,Joseph
194.4832,'d',pressed,Joseph
194.6119,'w',released,Joseph
194.8512,'d',released,Joseph
195.0114,'a',pressed,Joseph
195.2353,'w',pressed,Joseph
195.3155,'a',released,Joseph
195.7474,'a',pressed,Joseph
195.8114,'w',released,Joseph
195.9871,'a',released,Joseph
196.2752,'w',pressed,Joseph
196.5634,'d',pressed,Joseph
196.8992,'w',released,Joseph
197.2998,'w',pressed,Joseph
197.3635,'d',released,Joseph
197.6515,'d',pressed,Joseph
197.9713,'w',released,Joseph
198.1792,'s',pressed,Joseph
198.3237,'s',released,Joseph
198.5632,'w',pressed,Joseph
198.6912,'d',released,Joseph
198.7715,'w',released,Joseph
198.7725,'a',pressed,Joseph
199.4917,'w',pressed,Joseph
200.0675,'w',released,Joseph
200.2435,'s',pressed,Joseph
200.3232,'a',released,Joseph
200.4513,'d',pressed,Joseph
200.9793,'s',released,Joseph
201.1232,'w',pressed,Joseph
201.1562,'d',released,Joseph
201.2352,'a',pressed,Joseph
201.2992,'w',released,Joseph
201.5234,'w',pressed,Joseph
201.5714,'a',released,Joseph
201.6359,'w',released,Joseph
201.7152,'d',pressed,Joseph
202.0192,'d',released,Joseph
202.0512,'d',pressed,Joseph
202.1152,'s',pressed,Joseph
202.3556,'d',released,Joseph
202.4834,'s',released,Joseph
202.5154,'d',pressed,Joseph
202.6272,'w',pressed,Joseph
202.6591,'d',released,Joseph
202.8031,'a',pressed,Joseph
203.0592,'a',released,Joseph
203.1233,'d',pressed,Joseph
203.1873,'w',released,Joseph
203.2996,'d',released,Joseph
203.3151,'a',pressed,Joseph
203.4918,'w',pressed,Joseph
203.5715,'a',released,Joseph
203.7631,'a',pressed,Joseph
204.0995,'a',released,Joseph
204.2762,'d',pressed,Joseph
204.4034,'w',released,Joseph
204.6601,'w',pressed,Joseph
205.3633,'w',released,Joseph
206.1312,'w',pressed,Joseph
206.1636,'d',released,Joseph
206.3072,'a',pressed,Joseph
206.4032,'w',released,Joseph
207.2195,'w',pressed,Joseph
207.5073,'a',released,Joseph
207.7156,'d',pressed,Joseph
207.9235,'d',released,Joseph
207.9554,'a',pressed,Joseph
208.4994,'a',released,Joseph
208.7236,'a',pressed,Joseph
208.8193,'w',released,Joseph
209.0755,'a',released,Joseph
209.1873,'d',pressed,Joseph
209.3795,'w',pressed,Joseph
209.4754,'d',released,Joseph
210.0033,'d',pressed,Joseph
210.4835,'d',released,Joseph
210.6912,'d',pressed,Joseph
211.0754,'w',released,Joseph
211.5393,'w',pressed,Joseph
211.9391,'d',released,Joseph
212.2112,'a',pressed,Joseph
212.6592,'a',released,Joseph
212.7554,'d',pressed,Joseph
212.8840,'w',released,Joseph
213.1075,'s',pressed,Joseph
213.3635,'d',released,Joseph
213.5716,'a',pressed,Joseph
213.8114,'s',released,Joseph
214.0194,'w',pressed,Joseph
214.1634,'a',released,Joseph
214.3072,'a',pressed,Joseph
214.8200,'w',released,Joseph
215.1712,'w',pressed,Joseph
215.4272,'a',released,Joseph
215.6512,'d',pressed,Joseph
215.8432,'d',released,Joseph
215.9072,'a',pressed,Joseph
216.4993,'w',released,Joseph
217.4113,'d',pressed,Joseph
217.4431,'d',released,Joseph
217.6836,'a',released,Joseph
217.6992,'w',pressed,Joseph
217.8432,'d',pressed,Joseph
219.7154,'a',pressed,Joseph
219.7313,'d',released,Joseph
219.8272,'w',released,Joseph
220.3232,'s',pressed,Joseph
220.3552,'a',released,Joseph
220.5472,'d',pressed,Joseph
220.5951,'s',released,Joseph
220.7712,'w',pressed,Joseph
220.9952,'a',pressed,Joseph
221.0272,'d',released,Joseph
221.0436,'w',released,Joseph
221.5234,'a',released,Joseph
221.5394,'d',pressed,Joseph
221.9551,'w',pressed,Joseph
222.0994,'d',released,Joseph
222.1000,'w',released,Joseph
222.1153,'a',pressed,Joseph
222.4193,'s',pressed,Joseph
222.4512,'a',released,Joseph
222.8992,'a',pressed,Joseph
224.0033,'s',released,Joseph
224.8352,'a',released,Joseph
225.0431,'w',pressed,Joseph
225.2672,'d',pressed,Joseph
225.2832,'w',released,Joseph
225.3953,'d',released,Joseph
226.4032,'d',pressed,Joseph
226.5952,'w',pressed,Joseph
226.8672,'d',released,Joseph
226.8677,'w',released,Joseph
227.3160,'d',pressed,Joseph
227.3959,'d',released,Joseph
227.5074,'a',pressed,Joseph
227.5555,'s',pressed,Joseph
227.5714,'a',released,Joseph
228.1951,'s',released,Joseph
228.2594,'d',pressed,Joseph
228.3551,'d',released,Joseph
228.3714,'w',pressed,Joseph
229.4592,'d',pressed,Joseph
229.9712,'w',released,Joseph
231.4272,'s',pressed,Joseph
231.7632,'d',released,Joseph
232.0198,'d',pressed,Joseph
232.4199,'s',released,Joseph
232.6914,'w',pressed,Joseph
232.8032,'d',released,Joseph
232.9795,'a',pressed,Joseph
233.2835,'a',released,Joseph
233.5550,Key.space,pressed,Joseph
233.7471,Key.space,released,Joseph
233.7478,'a',pressed,Joseph
234.4673,'a',released,Joseph
234.7555,'2',pressed,Joseph
234.8196,'2',released,Joseph
234.9633,'w',released,Joseph
234.9793,'a',pressed,Joseph
235.2512,'s',pressed,Joseph
235.4114,'s',released,Joseph
235.5872,'w',pressed,Joseph
235.8433,'a',released,Joseph
236.0034,'d',pressed,Joseph
236.2432,'d',released,Joseph
236.5472,'a',pressed,Joseph
237.1392,'a',released,Joseph
237.6514,'a',pressed,Joseph
240.9635,'a',released,Joseph
241.1394,'w',released,Joseph
241.1554,'d',pressed,Joseph
241.3158,'w',pressed,Joseph
241.8595,'d',released,Joseph
241.9394,'a',pressed,Joseph
242.0512,'a',released,Joseph
242.6274,'a',pressed,Joseph
242.9795,'a',released,Joseph
243.2033,'a',pressed,Joseph
243.5232,'a',released,Joseph
244.9313,'d',pressed,Joseph
244.9472,'w',released,Joseph
245.2355,'w',pressed,Joseph
245.6999,'d',released,Joseph
245.7952,'d',pressed,Joseph
245.9554,'d',released,Joseph
246.1952,'d',pressed,Joseph
246.4520,'d',released,Joseph
247.4435,'a',pressed,Joseph
247.6514,'a',released,Joseph
249.3313,'d',pressed,Joseph
250.3401,'d',released,Joseph
251.3154,'a',pressed,Joseph
251.4114,'a',released,Joseph
251.6993,'w',released,Joseph
253.2353,'a',pressed,Joseph
253.2993,'a',released,Joseph
253.9556,'d',pressed,Joseph
254.3714,'w',pressed,Joseph
254.5473,'w',released,Joseph
254.5953,'d',released,Joseph
255.1075,'s',pressed,Joseph
255.1555,'d',pressed,Joseph
255.5555,'s',released,Joseph
255.9715,'w',pressed,Joseph
256.2912,'w',released,Joseph
256.3071,'d',released,Joseph
256.7875,'d',pressed,Joseph
256.9955,'w',pressed,Joseph
257.1233,'d',released,Joseph
257.1394,'w',released,Joseph
258.5315,'w',pressed,Joseph
258.7231,'d',pressed,Joseph
258.8514,'d',released,Joseph
258.8834,'a',pressed,Joseph
259.1232,'a',released,Joseph
259.5074,'a',pressed,Joseph
259.6992,'a',released,Joseph
260.1316,Key.space,pressed,Joseph
260.3071,Key.space,released,Joseph
260.5473,'a',pressed,Joseph
261.6514,'a',released,Joseph
261.8272,'a',pressed,Joseph
262.5471,Key.space,pressed,Joseph
262.7710,Key.space,released,Joseph
263.3153,Key.space,pressed,Joseph
263.4751,Key.space,released,Joseph
263.5712,'a',released,Joseph
263.6674,'d',pressed,Joseph
264.3071,'w',released,Joseph
264.5314,'w',pressed,Joseph
264.7872,'d',released,Joseph
265.0592,'d',pressed,Joseph
265.2037,'d',released,Joseph
265.3638,'w',released,Joseph
265.6351,'s',pressed,Joseph
265.9551,'d',pressed,Joseph
266.0192,'s',released,Joseph
266.1801,'d',released,Joseph
266.1954,'w',pressed,Joseph
266.3072,'w',released,Joseph
266.9474,'s',pressed,Joseph
267.0272,'a',pressed,Joseph
267.1722,'a',released,Joseph
267.7793,'s',released,Joseph
268.0033,'w',pressed,Joseph
268.0353,'w',released,Joseph
268.5792,'w',pressed,Joseph
268.7237,'w',released,Joseph
269.1240,'w',pressed,Joseph
269.2673,'w',released,Joseph
269.6352,'a',pressed,Joseph
270.1473,'a',released,Joseph
270.2759,'w',pressed,Joseph
270.5634,'w',released,Joseph
271.6998,'w',pressed,Joseph
271.7635,'a',pressed,Joseph
271.8113,'w',released,Joseph
272.1154,'s',pressed,Joseph
272.2281,'s',released,Joseph
272.2754,'a',released,Joseph
272.9153,'w',pressed,Joseph
272.9314,'d',pressed,Joseph
273.0914,'w',released,Joseph
273.2835,'d',released,Joseph
273.3956,'w',pressed,Joseph
273.4754,'w',released,Joseph
275.8115,'d',pressed,Joseph
275.8274,'w',pressed,Joseph
276.4352,'d',released,Joseph
276.5316,'w',released,Joseph
276.9636,'d',pressed,Joseph
277.2195,'d',released,Joseph
277.2832,'w',pressed,Joseph
277.7952,'a',pressed,Joseph
277.8753,'a',released,Joseph
278.2115,'d',pressed,Joseph
278.2594,'w',released,Joseph
278.3874,'d',released,Joseph
278.5472,'w',pressed,Joseph
278.7872,'a',pressed,Joseph
279.4915,'w',released,Joseph
280.1951,'1',pressed,Joseph
280.3074,'1',released,Joseph
281.5877,'w',pressed,Joseph
282.1154,'a',released,Joseph
282.1792,'d',pressed,Joseph
282.2112,'w',released,Joseph
282.7715,'w',pressed,Joseph
284.1952,'d',released,Joseph
284.2113,'a',pressed,Joseph
284.7559,'a',released,Joseph
284.8991,'w',released,Joseph
285.0913,'a',pressed,Joseph
285.2193,'s',pressed,Joseph
285.2839,'a',released,Joseph
285.3952,'d',pressed,Joseph
285.8114,'s',released,Joseph
285.8754,'d',released,Joseph
285.9394,'w',pressed,Joseph
286.2116,'a',pressed,Joseph
286.2432,'a',released,Joseph
287.0924,'a',pressed,Joseph
287.1079,'w',released,Joseph
287.1874,'s',pressed,Joseph
287.2036,'a',released,Joseph
287.4274,'w',pressed,Joseph
287.8118,'w',released,Joseph
288.1155,'d',pressed,Joseph
288.5635,'d',released,Joseph
288.9472,'a',pressed,Joseph
290.4832,'s',released,Joseph
290.6754,'w',pressed,Joseph
291.1394,'w',released,Joseph
291.3961,'s',pressed,Joseph
291.6192,'a',released,Joseph
291.8431,'d',pressed,Joseph
292.0195,'d',released,Joseph
292.1318,'a',pressed,Joseph
292.2911,'s',released,Joseph
292.6432,'w',pressed,Joseph
293.3955,'w',released,Joseph
294.4192,'a',released,Joseph
294.4352,'w',pressed,Joseph
294.7711,'d',pressed,Joseph
294.9312,'d',released,Joseph
295.4912,'w',released,Joseph
295.7791,'d',pressed,Joseph
296.4678,'d',released,Joseph
297.0112,'d',pressed,Joseph
297.0912,'w',pressed,Joseph
297.1871,'d',released,Joseph
297.6997,'d',pressed,Joseph
297.7955,'w',released,Joseph
298.0832,'d',released,Joseph
298.2755,'a',pressed,Joseph
298.4198,'a',released,Joseph
298.6273,'w',pressed,Joseph
298.8514,'a',pressed,Joseph
298.9476,'a',released,Joseph
299.2197,'d',pressed,Joseph
299.3632,'d',released,Joseph
299.4274,'a',pressed,Joseph
299.7953,'a',released,Joseph
300.0038,'w',released,Joseph
300.2274,Key.space,pressed,Joseph
300.3870,Key.space,released,Joseph
300.5477,'w',pressed,Joseph
300.7234,'w',released,Joseph
301.5236,'w',pressed,Joseph
301.6352,'a',pressed,Joseph
301.6832,'w',released,Joseph
301.7312,'a',released,Joseph
302.6115,'a',pressed,Joseph
303.2513,'w',pressed,Joseph
303.9234,'a',released,Joseph
304.3075,'a',pressed,Joseph
304.6915,'a',released,Joseph
304.9954,'a',pressed,Joseph
305.1714,'a',released,Joseph
305.4273,'a',pressed,Joseph
305.8114,'a',released,Joseph
305.8434,'w',released,Joseph
306.3395,'d',pressed,Joseph
306.8834,'w',pressed,Joseph
307.0115,'d',released,Joseph
307.0592,'w',released,Joseph
307.3961,'w',pressed,Joseph
307.7958,'d',pressed,Joseph
307.9236,'d',released,Joseph
308.2112,'d',pressed,Joseph
308.2435,'w',released,Joseph
308.3711,'d',released,Joseph
309.0915,'w',pressed,Joseph
309.5552,'a',pressed,Joseph
309.6033,'w',released,Joseph
309.7633,'s',pressed,Joseph
309.7792,'a',released,Joseph
310.2435,'d',pressed,Joseph
310.3713,'d',released,Joseph
310.8033,'d',pressed,Joseph
311.2034,'d',released,Joseph
311.3476,'d',pressed,Joseph
311.6834,'s',released,Joseph
313.4436,'w',pressed,Joseph
313.5715,'d',released,Joseph
313.6993,'a',pressed,Joseph
314.0038,'a',released,Joseph
314.0514,'w',released,Joseph
314.3391,'w',pressed,Joseph
314.4834,'a',pressed,Joseph
314.5312,'w',released,Joseph
315.1872,'a',released,Joseph
315.4752,'a',pressed,Joseph
315.6831,'a',released,Joseph
315.7152,'w',pressed,Joseph
315.9232,'w',released,Joseph
316.3232,'a',pressed,Joseph
316.5792,'a',released,Joseph
317.0432,'d',pressed,Joseph
317.7475,'d',released,Joseph
317.8912,'a',pressed,Joseph
318.1156,'w',pressed,Joseph
318.7242,'a',released,Joseph
319.1874,'a',pressed,Joseph
319.7475,'a',released,Joseph
320.4195,'a',pressed,Joseph
320.5313,'a',released,Joseph
320.8035,'d',pressed,Joseph
320.9633,'w',released,Joseph
321.2676,'s',pressed,Joseph
321.6033,'d',released,Joseph
321.7951,'a',pressed,Joseph
322.1474,'s',released,Joseph
322.4674,'w',pressed,Joseph
322.6118,'a',released,Joseph
324.1958,'a',pressed,Joseph
325.7152,'a',released,Joseph
327.0755,'d',pressed,Joseph
327.6998,'d',released,Joseph
328.0514,'d',pressed,Joseph
328.1792,'d',released,Joseph
330.0674,'2',pressed,Joseph
330.1792,'2',released,Joseph
330.7072,'a',pressed,Joseph
330.9796,'a',released,Joseph
331.4113,'d',pressed,Joseph
332.9638,'d',released,Joseph
333.0757,'w',released,Joseph
402.9317,'w',pressed,Joseph
403.0277,'w',released,Joseph
403.2198,'2',pressed,Joseph
403.2675,'d',pressed,Joseph
403.2995,'2',released,Joseph
403.5873,'w',pressed,Joseph
404.6756,'d',released,Joseph
405.4273,'w',released,Joseph
405.9874,'d',pressed,Joseph
406.0832,'w',pressed,Joseph
406.2117,'d',released,Joseph
406.7392,'d',pressed,Joseph
407.4754,'d',released,Joseph
410.6272,'d',pressed,Joseph
410.9633,'d',released,Joseph
411.2512,'d',pressed,Joseph
412.0679,'d',released,Joseph
412.2750,Key.space,pressed,Joseph
412.4510,Key.space,released,Joseph
412.4671,'a',pressed,Joseph
412.6592,'a',released,Joseph
413.1394,'a',pressed,Joseph
413.5391,'a',released,Joseph
415.0593,'d',pressed,Joseph
415.3956,'d',released,Joseph
415.8432,'d',pressed,Joseph
415.9713,'d',released,Joseph
417.0272,'a',pressed,Joseph
417.1873,'a',released,Joseph
417.8593,'a',pressed,Joseph
418.6276,'a',released,Joseph
419.0116,'d',pressed,Joseph
419.0272,'w',released,Joseph
419.2512,'s',pressed,Joseph
419.5874,'d',released,Joseph
419.6672,'a',pressed,Joseph
419.8273,'a',released,Joseph
420.6113,'a',pressed,Joseph
420.7872,'a',released,Joseph
421.1872,'a',pressed,Joseph
421.7794,'s',released,Joseph
422.0352,'w',pressed,Joseph
422.9954,'a',released,Joseph
423.0756,'d',pressed,Joseph
423.8275,'w',released,Joseph
423.9238,'d',released,Joseph
424.9954,'1',pressed,Joseph
425.1072,'1',released,Joseph
425.2832,'w',pressed,Joseph
425.3952,'d',pressed,Joseph
426.2913,'d',released,Joseph
426.8194,'d',pressed,Joseph
426.9155,'d',released,Joseph
427.2835,'d',pressed,Joseph
427.4592,'d',released,Joseph
427.8753,'d',pressed,Joseph
428.0192,'d',released,Joseph
428.3392,'d',pressed,Joseph
429.2033,'w',released,Joseph
430.4993,'w',pressed,Joseph
431.5715,'d',released,Joseph
432.0352,'a',pressed,Joseph
432.2432,'a',released,Joseph
433.2354,'a',pressed,Joseph
433.3473,'a',released,Joseph
433.6032,Key.space,pressed,Joseph
433.7792,Key.space,released,Joseph
435.3955,'a',pressed,Joseph
435.5872,'a',released,Joseph
435.9712,'r',pressed,Joseph
436.0832,'r',released,Joseph
436.2918,'a',pressed,Joseph
436.4673,'a',released,Joseph
436.5956,'d',pressed,Joseph
437.0433,'d',released,Joseph
437.2672,'a',pressed,Joseph
437.6836,'a',released,Joseph
437.8597,'w',released,Joseph
438.3079,'a',pressed,Joseph
438.5151,'w',pressed,Joseph
438.6598,'a',released,Joseph
438.8835,'a',pressed,Joseph
439.1556,'w',released,Joseph
439.1715,'a',released,Joseph
439.2514,'d',pressed,Joseph
439.7157,'w',pressed,Joseph
439.7794,'d',released,Joseph
439.9719,'a',pressed,Joseph
442.5957,'w',released,Joseph
442.7553,'s',pressed,Joseph
443.2674,'s',released,Joseph
443.6832,'w',pressed,Joseph
445.2999,'a',released,Joseph
445.5713,'a',pressed,Joseph
445.5872,'w',released,Joseph
445.9872,'w',pressed,Joseph
446.0030,Key.space,pressed,Joseph
446.1792,Key.space,released,Joseph
446.1955,'a',released,Joseph
446.4353,'d',pressed,Joseph
447.2356,Key.space,pressed,Joseph
447.3950,Key.space,released,Joseph
447.8754,'d',released,Joseph
447.9075,'w',released,Joseph
462.4836,'a',pressed,Joseph
462.8840,'a',released,Joseph
464.7072,'s',pressed,Joseph
464.8195,'d',pressed,Joseph
465.0432,'s',released,Joseph
465.9392,'w',pressed,Joseph
466.0194,'d',released,Joseph
466.3232,'w',released,Joseph
467.5716,'a',pressed,Joseph
467.6034,'w',pressed,Joseph
467.7472,'a',released,Joseph
467.8113,'w',released,Joseph
468.7076,'a',pressed,Joseph
468.7399,'s',pressed,Joseph
468.8513,'a',released,Joseph
468.9472,'s',released,Joseph
469.1715,'d',pressed,Joseph
469.6192,'d',released,Joseph
470.1152,'a',pressed,Joseph
470.5634,'a',released,Joseph
470.7393,'d',pressed,Joseph
471.2193,'d',released,Joseph
471.4274,'a',pressed,Joseph
471.8753,'a',released,Joseph
471.9713,'d',pressed,Joseph
472.3232,'d',released,Joseph
473.3792,'a',pressed,Joseph
473.4917,'a',released,Joseph
474.4192,'a',pressed,Joseph
474.8191,'w',pressed,Joseph
475.2032,'a',released,Joseph
475.3317,'w',released,Joseph
475.5392,'d',pressed,Joseph
475.7314,'d',released,Joseph
476.0352,'w',pressed,Joseph
476.1793,'a',pressed,Joseph
476.2112,'w',released,Joseph
476.2432,'a',released,Joseph
477.0752,'c',pressed,Joseph
477.8117,'c',released,Joseph
478.5632,'x',pressed,Joseph
479.1556,'x',released,Joseph
480.7712,'z',pressed,Joseph
481.4114,'z',released,Joseph
482.0993,'a',pressed,Joseph
482.4515,'w',pressed,Joseph
482.6433,'w',released,Joseph
482.6756,'a',released,Joseph
483.9233,'g',pressed,Joseph
484.9794,'g',released,Joseph
488.1473,'f',pressed,Joseph
489.5554,'f',released,Joseph
490.0832,'h',pressed,Joseph
490.6913,'h',released,Joseph
491.4432,'t',pressed,Joseph
491.8113,'t',released,Joseph
492.1152,'r',pressed,Joseph
492.7073,'r',released,Joseph
493.3795,'y',pressed,Joseph
493.7952,'y',released,Joseph
494.8995,Key.alt_l,pressed,Joseph
495.7634,Key.alt_l,released,Joseph
499.4436,'r',pressed,Joseph
499.5880,'r',released,Joseph
500.4193,'w',pressed,Joseph
500.7395,'d',pressed,Joseph
500.8674,'d',released,Joseph
500.9955,'w',released,Joseph
502.0034,'a',pressed,Joseph
502.2272,'a',released,Joseph
502.4995,'w',pressed,Joseph
502.6914,'a',pressed,Joseph
502.8033,'w',released,Joseph
502.8192,'a',released,Joseph
503.4593,'3',pressed,Joseph
503.5873,'3',released,Joseph
504.4193,'w',pressed,Joseph
504.7715,'w',released,Joseph
507.8593,'w',pressed,Joseph
508.0515,'w',released,Joseph
511.4913,'w',pressed,Joseph
511.9877,'w',released,Joseph
513.0912,'w',pressed,Joseph
513.2992,'w',released,Joseph
514.5316,'d',pressed,Joseph
514.6754,'d',released,Joseph
516.0832,'w',pressed,Joseph
516.2916,'d',pressed,Joseph
516.3881,'w',released,Joseph
516.4194,'d',released,Joseph
517.3156,'1',pressed,Joseph
517.4273,'1',released,Joseph
517.9872,'w',pressed,Joseph
519.2676,'w',released,Joseph
519.2837,'s',pressed,Joseph
519.8592,'w',pressed,Joseph
519.8915,'s',released,Joseph
520.3713,'w',released,Joseph
520.3719,'s',pressed,Joseph
520.8352,'s',released,Joseph
520.8358,'w',pressed,Joseph
521.1551,'a',pressed,Joseph
521.3634,'a',released,Joseph
521.6033,'d',pressed,Joseph
521.8112,'d',released,Joseph
521.9234,'w',released,Joseph
522.7872,'g',pressed,Joseph
522.8993,'g',released,Joseph
529.9712,'a',pressed,Joseph
530.4996,'w',pressed,Joseph
531.1074,'w',released,Joseph
532.0200,'s',pressed,Joseph
532.0992,'a',released,Joseph
532.6594,'d',pressed,Joseph
532.7713,'s',released,Joseph
532.7880,'d',released,Joseph
533.3155,'w',pressed,Joseph
533.4595,'a',pressed,Joseph
533.5398,'w',released,Joseph
533.6036,'a',released,Joseph
533.9873,'w',pressed,Joseph
534.2752,'a',pressed,Joseph
534.2912,'w',released,Joseph
534.9793,'w',pressed,Joseph
535.1874,'a',released,Joseph
535.4275,'a',pressed,Joseph
535.5717,'w',released,Joseph
535.7473,'s',pressed,Joseph
536.0676,'s',released,Joseph
536.5475,'w',pressed,Joseph
537.6518,'w',released,Joseph
538.1312,'s',pressed,Joseph
540.5635,'s',released,Joseph
540.7073,'a',released,Joseph
549.3794,'w',pressed,Joseph
549.8914,'a',pressed,Joseph
550.2273,'a',released,Joseph
550.4192,'w',released,Joseph
550.4352,'d',pressed,Joseph
550.6915,'s',pressed,Joseph
550.7237,'d',released,Joseph
550.7558,'a',pressed,Joseph
550.8198,'s',released,Joseph
551.0432,'w',pressed,Joseph
551.1715,'a',released,Joseph
551.3313,'a',pressed,Joseph
551.4595,'w',released,Joseph
551.8912,'w',pressed,Joseph
551.9874,'a',released,Joseph
552.1475,'d',pressed,Joseph
552.3553,'d',released,Joseph
552.5793,'d',pressed,Joseph
553.2353,'d',released,Joseph
553.7952,'a',pressed,Joseph
553.9392,'w',released,Joseph
554.9312,'a',released,Joseph
555.1874,'a',pressed,Joseph
556.0513,'a',released,Joseph
556.0672,'w',pressed,Joseph
556.1312,'a',pressed,Joseph
556.1634,'a',released,Joseph
556.3552,'w',released,Joseph
556.6434,'d',pressed,Joseph
556.9955,'d',released,Joseph
557.0755,'a',pressed,Joseph
557.4435,'w',pressed,Joseph
557.7151,'w',released,Joseph
558.3713,'s',pressed,Joseph
561.5075,'s',released,Joseph
561.7472,'w',pressed,Joseph
562.1156,Key.space,pressed,Joseph
562.2913,Key.space,released,Joseph
562.7392,'r',pressed,Joseph
562.8523,'r',released,Joseph
562.9632,'a',released,Joseph
563.0753,'d',pressed,Joseph
563.4434,'a',pressed,Joseph
563.4594,'d',released,Joseph
563.7954,'a',released,Joseph
563.8434,'d',pressed,Joseph
564.1154,'a',pressed,Joseph
564.1313,'d',released,Joseph
564.3714,'w',released,Joseph
564.6913,'w',pressed,Joseph
564.9797,'w',released,Joseph
565.2200,'w',pressed,Joseph
565.2355,'a',released,Joseph
565.9714,Key.space,pressed,Joseph
566.0514,'a',pressed,Joseph
566.1470,Key.space,released,Joseph
567.3312,'a',released,Joseph
567.7154,'a',pressed,Joseph
569.0754,'a',released,Joseph
569.6997,'2',pressed,Joseph
569.8437,'2',released,Joseph
570.0034,'d',pressed,Joseph
570.3875,'d',released,Joseph
570.9479,'a',pressed,Joseph
571.3474,'a',released,Joseph
571.8272,'a',pressed,Joseph
572.2112,'a',released,Joseph
572.4192,'d',pressed,Joseph
572.5154,'d',released,Joseph
573.0289,'d',pressed,Joseph
573.2835,'w',released,Joseph
574.0672,'w',pressed,Joseph
574.1632,'d',released,Joseph
574.3235,'a',pressed,Joseph
574.4513,'a',released,Joseph
574.6752,'w',released,Joseph
575.0593,'a',pressed,Joseph
575.3801,'a',released,Joseph
575.4755,'w',pressed,Joseph
575.7316,'d',pressed,Joseph
575.8591,'d',released,Joseph
575.8754,'w',released,Joseph
576.2595,'a',pressed,Joseph
576.3717,'a',released,Joseph
576.5319,'w',pressed,Joseph
576.6753,'w',released,Joseph
577.4755,'1',pressed,Joseph
577.6195,'1',released,Joseph
580.0353,'w',pressed,Joseph
580.1156,'w',released,Joseph
581.4275,'a',pressed,Joseph
581.6035,'s',pressed,Joseph
581.7635,'a',released,Joseph
581.9234,'d',pressed,Joseph
582.0995,'s',released,Joseph
582.2115,'w',pressed,Joseph
582.3395,'d',released,Joseph
582.4674,'r',pressed,Joseph
582.6115,'r',released,Joseph
583.2195,'d',pressed,Joseph
583.2519,'w',released,Joseph
583.4594,'s',pressed,Joseph
583.5234,'d',released,Joseph
583.6035,'a',pressed,Joseph
583.7793,'s',released,Joseph
584.0995,'a',released,Joseph
584.3074,'w',pressed,Joseph
584.4356,'a',pressed,Joseph
584.6274,'a',released,Joseph
585.1872,'a',pressed,Joseph
585.2672,'a',released,Joseph
585.6515,'w',released,Joseph
585.9555,'a',pressed,Joseph
586.2756,'a',released,Joseph
586.4674,'d',pressed,Joseph
586.7082,'w',pressed,Joseph
586.7398,'d',released,Joseph
587.0755,'w',released,Joseph
587.6193,'s',pressed,Joseph
587.7633,'a',pressed,Joseph
587.8923,'s',released,Joseph
587.9395,'a',released,Joseph
588.0676,'w',pressed,Joseph
588.0835,'d',pressed,Joseph
588.2758,'d',released,Joseph
588.4517,'w',released,Joseph
588.8996,'d',pressed,Joseph
588.9314,'w',pressed,Joseph
589.0115,'w',released,Joseph
589.0276,'d',released,Joseph
589.1072,'s',pressed,Joseph
589.2356,'a',pressed,Joseph
589.4114,'a',released,Joseph
589.6514,'2',pressed,Joseph
589.7474,'2',released,Joseph
589.8755,'d',pressed,Joseph
589.9553,'s',released,Joseph
590.5791,'s',pressed,Joseph
590.6438,'d',released,Joseph
591.2992,'d',pressed,Joseph
591.3472,'s',released,Joseph
591.5873,'w',pressed,Joseph
591.6993,'d',released,Joseph
591.8754,'r',pressed,Joseph
591.9714,'w',released,Joseph
591.9874,'r',released,Joseph
591.9882,'a',pressed,Joseph
592.1314,'s',pressed,Joseph
592.2593,'a',released,Joseph
592.8673,'a',pressed,Joseph
593.1072,'a',released,Joseph
593.3318,'s',released,Joseph
594.1162,'d',pressed,Joseph
594.3713,'w',pressed,Joseph
594.5160,'d',released,Joseph
594.6751,'r',pressed,Joseph
594.7712,'r',released,Joseph
594.8352,'w',released,Joseph
594.9474,'d',pressed,Joseph
595.4598,'d',released,Joseph
598.3073,'1',pressed,Joseph
598.4200,'1',released,Joseph
598.5472,'r',pressed,Joseph
598.6436,'r',released,Joseph
599.3152,'r',pressed,Joseph
599.4275,'r',released,Joseph
599.6355,'a',pressed,Joseph
599.7633,'w',pressed,Joseph
599.8434,'a',released,Joseph
599.8595,'w',released,Joseph
600.4833,'d',pressed,Joseph
600.6432,'d',released,Joseph
600.9313,'a',pressed,Joseph
601.0754,'w',pressed,Joseph
601.1393,'a',released,Joseph
601.2033,'w',released,Joseph
601.4275,'w',pressed,Joseph
602.2753,'a',pressed,Joseph
602.3236,'w',released,Joseph
602.4032,'a',released,Joseph
602.8672,'w',pressed,Joseph
603.0272,'a',pressed,Joseph
603.1240,'w',released,Joseph
603.1873,'a',released,Joseph
603.3793,'w',pressed,Joseph
603.6193,'w',released,Joseph
603.6675,'a',pressed,Joseph
603.7954,'a',released,Joseph
604.3554,'a',pressed,Joseph
604.4995,'a',released,Joseph
604.5634,'w',pressed,Joseph
604.7396,'a',pressed,Joseph
604.7872,'w',released,Joseph
604.8032,'w',pressed,Joseph
604.8518,'w',released,Joseph
604.9312,'w',pressed,Joseph
605.8752,'a',released,Joseph
606.0837,'a',pressed,Joseph
606.3075,'w',released,Joseph
607.5232,'a',released,Joseph
607.5715,'w',pressed,Joseph
608.1477,'d',pressed,Joseph
608.4995,'w',released,Joseph
608.6752,'s',pressed,Joseph
608.7557,'d',released,Joseph
609.5239,'a',pressed,Joseph
610.2592,'s',released,Joseph
610.6114,'2',pressed,Joseph
610.6755,'2',released,Joseph
610.8035,'w',pressed,Joseph
610.8194,'a',released,Joseph
611.4280,'a',pressed,Joseph
611.8595,'w',released,Joseph
612.2277,'w',pressed,Joseph
612.9792,'a',released,Joseph
613.2352,'1',pressed,Joseph
613.3477,'1',released,Joseph
613.4593,'r',pressed,Joseph
613.5712,'r',released,Joseph
613.6835,'a',pressed,Joseph
614.1314,'a',released,Joseph
614.3072,'w',released,Joseph
615.4116,'w',pressed,Joseph
615.4435,'a',pressed,Joseph
615.9715,'a',released,Joseph
616.7392,'d',pressed,Joseph
617.0913,'d',released,Joseph
617.6832,'w',released,Joseph
618.1632,'2',pressed,Joseph
618.2593,'2',released,Joseph
618.4994,'a',pressed,Joseph
618.6916,'w',pressed,Joseph
618.7713,'a',released,Joseph
618.7729,'w',released,Joseph
618.9955,'s',pressed,Joseph
619.1400,'s',released,Joseph
619.3155,'s',pressed,Joseph
619.4918,'a',pressed,Joseph
619.5085,'s',released,Joseph
619.5241,'a',released,Joseph
619.6833,'w',pressed,Joseph
619.9717,'w',released,Joseph
620.2278,'d',pressed,Joseph
620.2434,'s',pressed,Joseph
620.3237,'s',released,Joseph
620.5474,'w',pressed,Joseph
620.6433,'d',released,Joseph
621.2994,'d',pressed,Joseph
621.3475,'w',released,Joseph
621.4917,'s',pressed,Joseph
621.5716,'d',released,Joseph
621.9076,'d',pressed,Joseph
622.0515,'d',released,Joseph
622.7873,'d',pressed,Joseph
623.4597,'s',released,Joseph
623.6352,'w',pressed,Joseph
623.7152,'d',released,Joseph
624.4359,'1',pressed,Joseph
624.4837,'1',released,Joseph
624.6917,'a',pressed,Joseph
624.7072,'w',released,Joseph
625.3802,'a',released,Joseph
625.4113,'s',pressed,Joseph
625.4913,'d',pressed,Joseph
626.0832,'s',released,Joseph
626.2593,'w',pressed,Joseph
626.8192,'w',released,Joseph
627.0432,'s',pressed,Joseph
627.1553,'d',released,Joseph
627.2513,'a',pressed,Joseph
627.5073,'s',released,Joseph
627.8437,'s',pressed,Joseph
627.8594,'a',released,Joseph
627.8757,'d',pressed,Joseph
629.2032,'d',released,Joseph
629.9554,'2',pressed,Joseph
629.9872,'2',released,Joseph
630.0359,'d',pressed,Joseph
630.1152,'d',released,Joseph
630.4993,'s',released,Joseph
630.5312,'d',pressed,Joseph
630.6113,'w',pressed,Joseph
630.7235,'d',released,Joseph
631.5392,'a',pressed,Joseph
631.5874,'a',released,Joseph
632.1954,'w',released,Joseph
632.2752,'s',pressed,Joseph
632.6113,'d',pressed,Joseph
633.4113,'s',released,Joseph
634.4195,'d',released,Joseph
634.5476,'s',pressed,Joseph
634.7234,'s',released,Joseph
635.4592,'s',pressed,Joseph
636.1153,'1',pressed,Joseph
636.1472,'s',released,Joseph
636.2112,'1',released,Joseph
636.4352,'d',pressed,Joseph
636.5472,'w',pressed,Joseph
637.2992,'2',pressed,Joseph
637.3792,'2',released,Joseph
637.5395,'w',released,Joseph
637.6992,'d',released,Joseph
638.4833,'s',pressed,Joseph
638.7555,'d',pressed,Joseph
638.7712,'d',released,Joseph
638.9634,'s',released,Joseph
647.9716,'w',pressed,Joseph
649.1235,'d',pressed,Joseph
649.2514,'d',released,Joseph
649.7796,'d',pressed,Joseph
650.0836,'d',released,Joseph
650.3876,'d',pressed,Joseph
651.1073,'d',released,Joseph
652.2596,'a',pressed,Joseph
652.5156,'a',released,Joseph
652.6113,'w',released,Joseph
652.7075,'w',pressed,Joseph
652.9796,'d',pressed,Joseph
653.9073,'d',released,Joseph
654.9313,'d',pressed,Joseph
655.5552,'d',released,Joseph
655.5715,'a',pressed,Joseph
655.9073,'a',released,Joseph
656.0673,'d',pressed,Joseph
656.7073,'w',released,Joseph
656.9957,'w',pressed,Joseph
657.0120,'d',released,Joseph
657.1874,'r',pressed,Joseph
657.3153,'r',released,Joseph
657.3472,'w',released,Joseph
657.3793,'a',pressed,Joseph
657.4593,'a',released,Joseph
658.6753,'a',pressed,Joseph
658.9157,'w',pressed,Joseph
659.2511,'a',released,Joseph
659.2835,'w',released,Joseph
659.4754,'s',pressed,Joseph
659.9873,'s',released,Joseph
660.1317,'w',pressed,Joseph
660.4998,'w',released,Joseph
660.8194,'w',pressed,Joseph
661.6677,'d',pressed,Joseph
661.8112,'d',released,Joseph
662.1792,'w',released,Joseph
662.2437,'a',pressed,Joseph
662.3393,'a',released,Joseph
662.5953,'s',pressed,Joseph
662.8033,'d',pressed,Joseph
663.0277,'d',released,Joseph
663.2516,'a',pressed,Joseph
663.3792,'a',released,Joseph
663.7633,'a',pressed,Joseph
663.9715,'s',released,Joseph
664.1954,'a',released,Joseph
664.3872,'d',pressed,Joseph
664.6112,'w',pressed,Joseph
665.1554,'d',released,Joseph
665.2996,'a',pressed,Joseph
665.3312,'w',released,Joseph
665.7632,'s',pressed,Joseph
666.1635,'a',released,Joseph
666.7073,'a',pressed,Joseph
666.8833,'a',released,Joseph
667.1234,'a',pressed,Joseph
667.2196,'s',released,Joseph
667.9232,'w',pressed,Joseph
668.0033,'w',released,Joseph
668.0512,'w',pressed,Joseph
668.3076,'a',released,Joseph
669.3472,Key.f1,pressed,Joseph
669.4432,Key.f1,released,Joseph
670.2752,'a',pressed,Joseph
673.4595,'a',released,Joseph
673.8119,'d',pressed,Joseph
674.2595,'d',released,Joseph
674.5474,'a',pressed,Joseph
674.8675,'a',released,Joseph
674.9961,'a',pressed,Joseph
675.2672,'a',released,Joseph
675.8593,'d',pressed,Joseph
676.0833,'d',released,Joseph
676.8193,'a',pressed,Joseph
676.9155,'a',released,Joseph
677.0753,'a',pressed,Joseph
677.1872,'a',released,Joseph
677.2512,'d',pressed,Joseph
678.9952,'d',released,Joseph
679.1720,'w',released,Joseph
679.2834,'s',pressed,Joseph
679.9558,'a',pressed,Joseph
680.3398,'a',released,Joseph
680.5956,'s',released,Joseph
680.7073,'w',pressed,Joseph
680.9955,'w',released,Joseph
681.3954,'d',pressed,Joseph
681.8595,'d',released,Joseph
681.8759,'w',pressed,Joseph
682.0352,'a',pressed,Joseph
682.2752,'a',released,Joseph
682.3552,'w',released,Joseph
682.4353,'r',pressed,Joseph
682.5472,'a',pressed,Joseph
682.5632,'r',released,Joseph
682.9792,'a',released,Joseph
682.9798,'w',pressed,Joseph
683.3153,'w',released,Joseph
683.3792,'a',pressed,Joseph
683.5553,'a',released,Joseph
683.7953,'w',pressed,Joseph
684.6915,'d',pressed,Joseph
685.8113,'d',released,Joseph
686.2114,'d',pressed,Joseph
686.5152,'d',released,Joseph
686.8513,'a',pressed,Joseph
686.9477,'a',released,Joseph
687.5392,'w',released,Joseph
688.0193,'s',pressed,Joseph
688.9472,'s',released,Joseph
689.0913,'w',pressed,Joseph
689.6358,'w',released,Joseph
689.7633,'s',pressed,Joseph
691.1552,'a',pressed,Joseph
691.5555,'s',released,Joseph
691.6035,'a',released,Joseph
692.0035,'a',pressed,Joseph
692.0832,'a',released,Joseph
695.0433,'d',pressed,Joseph
695.0593,'w',pressed,Joseph
695.3160,'d',released,Joseph
695.9872,'d',pressed,Joseph
696.0994,'d',released,Joseph
696.9476,'w',released,Joseph
697.9712,'w',pressed,Joseph
698.5793,'a',pressed,Joseph
699.1392,'a',released,Joseph
700.8993,'r',pressed,Joseph
701.0593,'r',released,Joseph
701.6032,'a',pressed,Joseph
702.0032,'a',released,Joseph
702.1152,'a',pressed,Joseph
702.3406,'w',released,Joseph
702.4835,'a',released,Joseph
702.9154,'w',pressed,Joseph
703.1554,'a',pressed,Joseph
703.2192,'w',released,Joseph
703.2198,'a',released,Joseph
703.4433,'d',pressed,Joseph
704.2763,'d',released,Joseph
704.4352,'s',pressed,Joseph
704.6596,'a',pressed,Joseph
704.7234,'a',released,Joseph
704.8519,'s',released,Joseph
706.3713,'w',pressed,Joseph
706.8038,'d',pressed,Joseph
707.0433,'w',released,Joseph
707.3796,'w',pressed,Joseph
707.4123,'d',released,Joseph
707.5555,'a',pressed,Joseph
707.7634,'a',released,Joseph
707.8436,'d',pressed,Joseph
708.3713,'2',pressed,Joseph
708.4674,'2',released,Joseph
708.5473,'w',released,Joseph
708.7074,'s',pressed,Joseph
708.7395,'d',released,Joseph
709.1075,'a',pressed,Joseph
709.1398,'s',released,Joseph
709.3798,'d',pressed,Joseph
709.3955,'a',released,Joseph
709.6192,'d',released,Joseph
709.6355,'a',pressed,Joseph
709.8593,'s',pressed,Joseph
709.9392,'a',released,Joseph
710.1637,'s',released,Joseph
710.3232,'w',pressed,Joseph
710.3876,'a',pressed,Joseph
710.4995,'w',released,Joseph
710.5321,'a',released,Joseph
710.6597,'s',pressed,Joseph
711.5552,'s',released,Joseph
711.8913,'d',pressed,Joseph
711.9233,'w',pressed,Joseph
712.1156,'d',released,Joseph
712.1793,'w',released,Joseph
722.3233,'w',pressed,Joseph
723.4279,'1',pressed,Joseph
723.5555,'1',released,Joseph
723.7957,'a',pressed,Joseph
724.0674,'a',released,Joseph
724.9635,'a',pressed,Joseph
725.8272,'a',released,Joseph
726.0515,'d',pressed,Joseph
726.4993,'d',released,Joseph
727.1873,'d',pressed,Joseph
729.0752,'d',released,Joseph
729.6355,'a',pressed,Joseph
729.8272,'a',released,Joseph
730.1475,'w',released,Joseph
730.2916,'s',pressed,Joseph
730.4994,'2',pressed,Joseph
730.5955,'2',released,Joseph
730.7714,'s',released,Joseph
730.9313,'w',pressed,Joseph
731.7315,'w',released,Joseph
731.8595,'a',pressed,Joseph
731.9715,'w',pressed,Joseph
732.0202,'a',released,Joseph
732.4045,'d',pressed,Joseph
732.6754,'d',released,Joseph
733.0752,'a',pressed,Joseph
733.3952,'a',released,Joseph
733.7478,'w',released,Joseph
733.8913,'s',pressed,Joseph
735.3475,'d',pressed,Joseph
735.7152,'d',released,Joseph
736.2752,'s',released,Joseph
736.6273,'r',pressed,Joseph
736.7712,'r',released,Joseph
737.2677,'w',pressed,Joseph
737.5072,'d',pressed,Joseph
738.2116,'d',released,Joseph
738.6112,'a',pressed,Joseph
738.7713,'a',released,Joseph
739.4276,'1',pressed,Joseph
739.5233,'1',released,Joseph
739.7313,'w',released,Joseph
739.9232,'r',pressed,Joseph
740.1314,'s',pressed,Joseph
740.1476,'a',pressed,Joseph
740.1634,'r',released,Joseph
740.2754,'s',released,Joseph
740.5476,'w',pressed,Joseph
741.3967,'a',released,Joseph
741.4118,'w',released,Joseph
741.4754,'d',pressed,Joseph
741.7635,'d',released,Joseph
742.0834,'a',pressed,Joseph
742.2272,'a',released,Joseph
742.3394,'w',pressed,Joseph
742.5313,'d',pressed,Joseph
742.6594,'w',released,Joseph
742.7392,'d',released,Joseph
743.0913,'d',pressed,Joseph
743.2354,'w',pressed,Joseph
743.6197,'d',released,Joseph
743.6831,'w',released,Joseph
744.0354,'w',pressed,Joseph
744.0996,'d',pressed,Joseph
744.2913,'d',released,Joseph
744.9160,'a',pressed,Joseph
745.0594,'a',released,Joseph
745.6037,'d',pressed,Joseph
746.1801,'d',released,Joseph
746.6753,'d',pressed,Joseph
746.8682,'d',released,Joseph
746.9952,'2',pressed,Joseph
747.1074,'2',released,Joseph
747.4433,'d',pressed,Joseph
747.6034,'w',released,Joseph
747.7794,'s',pressed,Joseph
747.7954,'d',released,Joseph
747.8432,'a',pressed,Joseph
747.8596,'s',released,Joseph
748.2916,'w',pressed,Joseph
748.4035,'w',released,Joseph
748.5315,'s',pressed,Joseph
748.9475,'s',released,Joseph
749.2996,'s',pressed,Joseph
749.6994,'a',released,Joseph
749.9232,'d',pressed,Joseph
750.0516,'d',released,Joseph
750.3722,'a',pressed,Joseph
750.6436,'s',released,Joseph
751.5559,'s',pressed,Joseph
752.3554,'s',released,Joseph
752.7395,'w',pressed,Joseph
753.2034,'a',released,Joseph
753.5721,'a',pressed,Joseph
753.6194,'w',released,Joseph
753.7632,'s',pressed,Joseph
753.8272,'a',released,Joseph
753.8276,Key.space,pressed,Joseph
753.8758,'d',pressed,Joseph
754.0355,Key.space,released,Joseph
754.3876,'a',pressed,Joseph
754.4195,'d',released,Joseph
755.9072,'a',released,Joseph
755.9076,Key.space,pressed,Joseph
755.9874,'d',pressed,Joseph
756.0352,'s',released,Joseph
756.0990,Key.space,released,Joseph
756.2115,'w',pressed,Joseph
756.4033,'a',pressed,Joseph
756.4994,'a',released,Joseph
756.6434,'a',pressed,Joseph
756.6914,'d',released,Joseph
756.8835,'a',released,Joseph
756.8992,Key.space,pressed,Joseph
757.0751,Key.space,released,Joseph
757.2515,'a',pressed,Joseph
757.5875,'w',released,Joseph
757.6994,'a',released,Joseph
757.7155,'d',pressed,Joseph
758.0035,'w',pressed,Joseph
758.0834,'d',released,Joseph
758.2437,'a',pressed,Joseph
758.5153,'a',released,Joseph
758.7395,'3',pressed,Joseph
758.8356,'3',released,Joseph
759.0598,'a',pressed,Joseph
760.1319,'a',released,Joseph
760.1480,Key.space,pressed,Joseph
760.2435,'d',pressed,Joseph
760.3713,Key.space,released,Joseph
760.3875,'d',released,Joseph
760.4837,'a',pressed,Joseph
760.6436,'a',released,Joseph
760.6754,'w',released,Joseph
760.8998,'a',pressed,Joseph
760.9161,'w',pressed,Joseph
760.9635,'a',released,Joseph
761.1235,'d',pressed,Joseph
761.2354,'a',pressed,Joseph
761.2515,'d',released,Joseph
761.3632,Key.space,pressed,Joseph
761.5233,Key.space,released,Joseph
761.6355,'a',released,Joseph
761.6837,'d',pressed,Joseph
762.1314,'a',pressed,Joseph
762.1475,'d',released,Joseph
762.3072,Key.space,pressed,Joseph
762.3718,'a',released,Joseph
762.4832,Key.space,released,Joseph
762.6436,'d',pressed,Joseph
762.8516,'w',released,Joseph
762.9475,'w',pressed,Joseph
763.0915,'w',released,Joseph
763.2995,'s',pressed,Joseph
763.3635,'d',released,Joseph
763.3791,'a',pressed,Joseph
763.3952,'s',released,Joseph
763.5553,'w',pressed,Joseph
763.6035,'a',released,Joseph
763.6358,'d',pressed,Joseph
763.8274,'2',pressed,Joseph
763.8434,'d',released,Joseph
763.9394,'d',pressed,Joseph
763.9555,'2',released,Joseph
764.0519,'w',released,Joseph
764.3554,'w',pressed,Joseph
764.4522,'d',released,Joseph
764.6277,'r',pressed,Joseph
764.7392,'r',released,Joseph
764.9154,'d',pressed,Joseph
765.1714,'d',released,Joseph
765.1875,'a',pressed,Joseph
765.6035,'w',released,Joseph
766.1951,'a',released,Joseph
766.9793,'w',pressed,Joseph
767.2673,'w',released,Joseph
767.5075,'s',pressed,Joseph
767.6197,'s',released,Joseph
768.1153,'1',pressed,Joseph
768.2433,'1',released,Joseph
768.9793,'s',pressed,Joseph
769.1073,'a',pressed,Joseph
769.5392,'a',released,Joseph
769.5872,'r',pressed,Joseph
769.6998,'r',released,Joseph
769.8595,'d',pressed,Joseph
769.8754,'s',released,Joseph
770.0352,'w',pressed,Joseph
770.0673,'d',released,Joseph
770.2275,'a',pressed,Joseph
770.5795,'a',released,Joseph
771.0112,'a',pressed,Joseph
772.1954,'w',released,Joseph
772.8196,'w',pressed,Joseph
773.1232,'a',released,Joseph
773.6036,'a',pressed,Joseph
773.8119,'a',released,Joseph
774.4033,'2',pressed,Joseph
774.5474,'2',released,Joseph
775.0113,'a',pressed,Joseph
775.1554,'a',released,Joseph
775.3154,'d',pressed,Joseph
775.5074,'d',released,Joseph
775.6032,'a',pressed,Joseph
775.9396,'a',released,Joseph
776.1474,'d',pressed,Joseph
776.2752,'d',released,Joseph
777.2034,'a',pressed,Joseph
777.2992,'a',released,Joseph
777.5713,'a',pressed,Joseph
778.2592,'a',released,Joseph
778.8838,'a',pressed,Joseph
780.9952,'a',released,Joseph
781.5712,'a',pressed,Joseph
781.6834,'w',released,Joseph
782.2757,'w',pressed,Joseph
782.4199,'a',released,Joseph
783.0912,'d',pressed,Joseph
783.4755,'w',released,Joseph
783.6991,'d',released,Joseph
783.8272,'w',pressed,Joseph
784.0356,'w',released,Joseph
785.8592,'r',pressed,Joseph
785.9715,'w',pressed,Joseph
786.0034,'r',released,Joseph
786.2757,'a',pressed,Joseph
786.6753,'a',released,Joseph
787.2350,Key.f1,pressed,Joseph
787.3310,Key.f1,released,Joseph
788.1312,'d',pressed,Joseph
788.6914,'d',released,Joseph
789.0603,'d',pressed,Joseph
789.3472,'d',released,Joseph
790.2915,'d',pressed,Joseph
790.7874,'d',released,Joseph
790.9317,'w',released,Joseph
791.7476,'w',pressed,Joseph
791.9072,'a',pressed,Joseph
792.4192,'w',released,Joseph
792.6273,'2',pressed,Joseph
792.7073,'2',released,Joseph
792.9154,'1',pressed,Joseph
793.0117,'1',released,Joseph
793.3794,'a',released,Joseph
793.4120,'d',pressed,Joseph
794.2913,'d',released,Joseph
803.8759,'w',pressed,Joseph
804.1953,'d',pressed,Joseph
804.4032,'d',released,Joseph
804.8672,'d',pressed,Joseph
805.0916,'d',released,Joseph
805.6192,'a',pressed,Joseph
808.1475,'a',released,Joseph
810.0836,'a',pressed,Joseph
810.4512,'a',released,Joseph
811.1393,'2',pressed,Joseph
811.2993,'2',released,Joseph
811.6512,'a',pressed,Joseph
812.1003,'a',released,Joseph
812.3396,'a',pressed,Joseph
812.7714,'a',released,Joseph
813.3795,'d',pressed,Joseph
814.8365,'d',released,Joseph
815.1073,'d',pressed,Joseph
815.4435,'d',released,Joseph
815.6516,'d',pressed,Joseph
815.9553,'d',released,Joseph
816.2113,'d',pressed,Joseph
816.9315,'d',released,Joseph
817.1554,'w',released,Joseph
817.7316,'w',pressed,Joseph
817.9561,'a',pressed,Joseph
818.5792,'a',released,Joseph
819.3318,'d',pressed,Joseph
819.4272,'d',released,Joseph
819.5553,'a',pressed,Joseph
820.5156,'a',released,Joseph
821.0432,'a',pressed,Joseph
821.3475,'a',released,Joseph
821.6993,'a',pressed,Joseph
822.2917,'w',released,Joseph
822.5474,'w',pressed,Joseph
822.7712,'a',released,Joseph
823.3793,'r',pressed,Joseph
823.5073,'r',released,Joseph
823.8433,'a',pressed,Joseph
825.9713,'a',released,Joseph
826.1952,'a',pressed,Joseph
826.4833,'w',released,Joseph
826.6914,'s',pressed,Joseph
826.8678,'s',released,Joseph
827.7641,'w',pressed,Joseph
828.4352,'a',released,Joseph
828.7395,'1',pressed,Joseph
828.8192,'1',released,Joseph
828.9473,'a',pressed,Joseph
828.9952,'w',released,Joseph
829.3316,'a',released,Joseph
838.8354,'w',pressed,Joseph
839.6355,'a',pressed,Joseph
840.9794,'w',released,Joseph
841.6993,'w',pressed,Joseph
842.1473,'w',released,Joseph
842.9479,'w',pressed,Joseph
843.4114,'w',released,Joseph
844.1159,'w',pressed,Joseph
844.5157,'w',released,Joseph
844.8196,'w',pressed,Joseph
845.1874,'w',released,Joseph
845.3953,'w',pressed,Joseph
845.6836,'a',released,Joseph
845.7794,'a',pressed,Joseph
846.2914,'a',released,Joseph
846.5314,'2',pressed,Joseph
846.6915,'2',released,Joseph
846.9312,'a',pressed,Joseph
847.1074,'a',released,Joseph
847.5076,'d',pressed,Joseph
848.6913,'d',released,Joseph
850.3075,'d',pressed,Joseph
850.8995,'d',released,Joseph
851.0436,'w',released,Joseph
852.2273,'w',pressed,Joseph
852.4193,'a',pressed,Joseph
852.4672,'w',released,Joseph
852.5952,'a',released,Joseph
852.9313,'a',pressed,Joseph
853.0115,'w',pressed,Joseph
853.3313,'w',released,Joseph
853.5237,'a',released,Joseph
853.5713,'w',pressed,Joseph
853.7960,'d',pressed,Joseph
853.9553,'d',released,Joseph
854.2594,'d',pressed,Joseph
855.2354,'1',pressed,Joseph
855.3316,'1',released,Joseph
855.4759,'w',released,Joseph
856.9956,'w',pressed,Joseph
857.1233,'d',released,Joseph
857.3472,'r',pressed,Joseph
857.4596,'r',released,Joseph
857.6513,'d',pressed,Joseph
859.6992,'d',released,Joseph
860.1154,'d',pressed,Joseph
860.5486,'d',released,Joseph
861.2192,'d',pressed,Joseph
861.5236,'d',released,Joseph
861.9075,'d',pressed,Joseph
862.1161,'d',released,Joseph
862.2275,'a',pressed,Joseph
862.2919,'w',released,Joseph
862.3074,'a',released,Joseph
862.4353,'s',pressed,Joseph
863.2354,'s',released,Joseph
863.7953,'w',pressed,Joseph
864.4033,Key.space,pressed,Joseph
864.8991,Key.space,released,Joseph
864.9476,'a',pressed,Joseph
864.9632,'w',released,Joseph
865.0432,'a',released,Joseph
865.1717,'s',pressed,Joseph
865.9713,'s',released,Joseph
866.0995,'w',pressed,Joseph
866.7393,Key.space,pressed,Joseph
866.8833,Key.space,released,Joseph
868.5958,'a',pressed,Joseph
868.6275,'w',released,Joseph
868.9792,'w',pressed,Joseph
869.3473,'a',released,Joseph
869.4433,'d',pressed,Joseph
869.7474,'d',released,Joseph
869.9875,'d',pressed,Joseph
870.2752,'d',released,Joseph
870.5956,'a',pressed,Joseph
870.8675,'a',released,Joseph
870.9954,'d',pressed,Joseph
871.3792,'d',released,Joseph
871.6198,'a',pressed,Joseph
871.7473,'a',released,Joseph
871.8759,'d',pressed,Joseph
871.9872,'d',released,Joseph
872.3233,'d',pressed,Joseph
872.4517,'d',released,Joseph
873.1713,'a',pressed,Joseph
873.2994,'a',released,Joseph
873.3951,Key.space,pressed,Joseph
873.5553,Key.space,released,Joseph
874.2591,Key.space,pressed,Joseph
874.4032,Key.space,released,Joseph
874.4994,'2',pressed,Joseph
874.6121,'2',released,Joseph
875.3315,'a',pressed,Joseph
875.3961,'w',released,Joseph
875.5714,'s',pressed,Joseph
875.5875,'a',released,Joseph
875.9072,'s',released,Joseph
876.0992,'w',pressed,Joseph
876.4356,'a',pressed,Joseph
876.7397,'w',released,Joseph
876.7406,'a',released,Joseph
877.2513,'w',pressed,Joseph
877.7476,'1',pressed,Joseph
877.8592,'1',released,Joseph
878.1161,'a',pressed,Joseph
879.3316,'a',released,Joseph
879.4273,'a',pressed,Joseph
880.8523,'a',released,Joseph
880.8683,'w',released,Joseph
880.8837,'d',pressed,Joseph
881.3153,'s',pressed,Joseph
881.6520,'d',released,Joseph
881.7473,'a',pressed,Joseph
881.7795,'a',released,Joseph
882.1153,'d',pressed,Joseph
884.3553,'d',released,Joseph
884.7240,'d',pressed,Joseph
884.8673,'s',released,Joseph
885.0917,'w',pressed,Joseph
885.4913,'w',released,Joseph
885.8914,'d',released,Joseph
885.8923,'s',pressed,Joseph
885.9240,'s',released,Joseph
887.8273,'a',pressed,Joseph
888.1474,'s',pressed,Joseph
889.4115,'s',released,Joseph
889.7953,'w',pressed,Joseph
889.8913,'a',released,Joseph
890.6122,'a',pressed,Joseph
891.4754,'a',released,Joseph
891.6833,'a',pressed,Joseph
892.4193,'a',released,Joseph
892.5952,'a',pressed,Joseph
892.8195,'w',released,Joseph
892.8672,'a',released,Joseph
892.8998,'d',pressed,Joseph
893.3635,'d',released,Joseph
893.3794,'w',pressed,Joseph
893.5395,'a',pressed,Joseph
894.0192,'w',released,Joseph
894.0674,'w',pressed,Joseph
894.3712,'a',released,Joseph
894.4355,'d',pressed,Joseph
894.4514,'w',released,Joseph
894.6273,'s',pressed,Joseph
895.0433,'d',released,Joseph
895.6513,'a',pressed,Joseph
895.7313,'a',released,Joseph
895.8594,'a',pressed,Joseph
896.5472,'s',released,Joseph
896.5793,'a',released,Joseph
905.2355,'w',pressed,Joseph
906.0676,'d',pressed,Joseph
906.1316,'d',released,Joseph
906.2916,'d',pressed,Joseph
906.7232,'d',released,Joseph
907.2193,'d',pressed,Joseph
907.4118,'d',released,Joseph
908.7554,'d',pressed,Joseph
909.9555,'d',released,Joseph
910.2273,'d',pressed,Joseph
910.6593,'d',released,Joseph
911.0273,'d',pressed,Joseph
911.5712,'d',released,Joseph
911.8592,'d',pressed,Joseph
912.0192,'d',released,Joseph
912.3553,'d',pressed,Joseph
912.5003,'d',released,Joseph
912.8356,'d',pressed,Joseph
913.1392,'d',released,Joseph
913.4753,'d',pressed,Joseph
913.6993,'d',released,Joseph
914.0353,'d',pressed,Joseph
914.3876,'w',released,Joseph
914.4835,'w',pressed,Joseph
914.5474,'w',released,Joseph
914.9636,'w',pressed,Joseph
915.0114,'d',released,Joseph
915.2673,'d',pressed,Joseph
916.0198,'d',released,Joseph
916.0353,'w',released,Joseph
916.0834,'a',pressed,Joseph
916.2435,'s',pressed,Joseph
916.3073,'a',released,Joseph
916.6914,'a',pressed,Joseph
916.8513,'s',released,Joseph
916.9635,'a',released,Joseph
917.0273,'w',pressed,Joseph
917.1553,'d',pressed,Joseph
917.5231,'d',released,Joseph
917.9393,'d',pressed,Joseph
918.2753,'w',released,Joseph
919.4117,'s',pressed,Joseph
919.8754,'s',released,Joseph
920.3235,'d',released,Joseph
920.3712,'w',pressed,Joseph
921.3633,'a',pressed,Joseph
921.8919,'a',released,Joseph
922.1313,'a',pressed,Joseph
922.2438,'a',released,Joseph
922.3077,'d',pressed,Joseph
922.5474,'d',released,Joseph
922.6915,'a',pressed,Joseph
923.6033,'a',released,Joseph
923.7315,'a',pressed,Joseph
923.8755,'a',released,Joseph
924.4038,'s',pressed,Joseph
924.4352,'w',released,Joseph
925.9873,'w',pressed,Joseph
926.0832,'s',released,Joseph
926.0836,'a',pressed,Joseph
926.5314,'r',pressed,Joseph
926.6593,'r',released,Joseph
927.6033,'w',released,Joseph
927.6674,'a',released,Joseph
927.7314,'d',pressed,Joseph
927.9554,'s',pressed,Joseph
928.2441,'d',released,Joseph
928.6592,'d',pressed,Joseph
928.8032,'d',released,Joseph
929.2514,'a',pressed,Joseph
929.3953,'a',released,Joseph
931.6036,'d',pressed,Joseph
931.6358,'s',released,Joseph
931.8753,'w',pressed,Joseph
932.1152,'d',released,Joseph
932.3235,'r',pressed,Joseph
932.4201,'r',released,Joseph
932.5794,'d',pressed,Joseph
933.1075,'w',released,Joseph
933.3794,'s',pressed,Joseph
933.4754,'d',released,Joseph
933.5397,'a',pressed,Joseph
934.5633,'a',released,Joseph
935.2993,'s',released,Joseph
935.5553,'w',pressed,Joseph
935.6833,'a',pressed,Joseph
936.7074,'w',released,Joseph
937.5235,'a',released,Joseph
937.7473,'w',pressed,Joseph
937.8436,'a',pressed,Joseph
938.5637,'a',released,Joseph
938.8353,'a',pressed,Joseph
939.5074,'w',released,Joseph
939.6835,'r',pressed,Joseph
939.7953,'r',released,Joseph
939.9874,'a',released,Joseph
941.8753,'d',pressed,Joseph
942.0994,'d',released,Joseph
942.4992,'w',pressed,Joseph
942.9152,Key.space,pressed,Joseph
942.9794,'a',pressed,Joseph
943.0913,Key.space,released,Joseph
944.4512,'a',released,Joseph
944.5953,'a',pressed,Joseph
947.7632,'w',released,Joseph
948.0996,'a',released,Joseph
948.7553,'d',pressed,Joseph
949.1399,'d',released,Joseph
949.3952,'a',pressed,Joseph
949.4755,'w',pressed,Joseph
949.7318,'a',released,Joseph
949.7473,'w',released,Joseph
953.0273,'d',pressed,Joseph
953.6355,'s',pressed,Joseph
954.1633,'d',released,Joseph
955.8753,'a',pressed,Joseph
955.8915,'s',released,Joseph
956.1313,'w',pressed,Joseph
956.3392,'a',released,Joseph
956.5792,'a',pressed,Joseph
956.9314,'a',released,Joseph
957.1716,'a',pressed,Joseph
957.8273,'a',released,Joseph
958.0992,'a',pressed,Joseph
958.2592,'w',released,Joseph
958.4999,'a',released,Joseph
959.4915,'d',pressed,Joseph
959.9073,'d',released,Joseph
960.0034,'a',pressed,Joseph
960.2113,'w',pressed,Joseph
960.4832,'a',released,Joseph
960.4993,'w',released,Joseph
960.5959,'d',pressed,Joseph
960.9635,'d',released,Joseph
961.0113,'a',pressed,Joseph
961.5553,'a',released,Joseph
961.6354,'d',pressed,Joseph
962.2914,'s',pressed,Joseph
962.3552,'d',released,Joseph
963.1556,'r',pressed,Joseph
963.2841,'r',released,Joseph
964.4830,Key.f1,pressed,Joseph
964.5630,Key.f1,released,Joseph
965.3480,'a',pressed,Joseph
965.5873,'s',released,Joseph
966.1793,'a',released,Joseph
966.1953,'s',pressed,Joseph
966.3393,'d',pressed,Joseph
966.8512,'s',released,Joseph
967.0113,'w',pressed,Joseph
967.1074,'d',released,Joseph
967.3952,'a',pressed,Joseph
968.4672,'a',released,Joseph
968.7873,'a',pressed,Joseph
969.5392,'a',released,Joseph
969.9873,'d',pressed,Joseph
970.0192,'w',released,Joseph
970.2116,'s',pressed,Joseph
970.6273,'d',released,Joseph
972.1473,'d',pressed,Joseph
972.4192,'d',released,Joseph
972.8833,'d',pressed,Joseph
973.3313,'s',released,Joseph
973.5881,'w',pressed,Joseph
973.6354,'d',released,Joseph
973.9393,'r',pressed,Joseph
974.0832,'r',released,Joseph
974.2114,'a',pressed,Joseph
974.5793,'a',released,Joseph
975.0274,'a',pressed,Joseph
975.1712,'a',released,Joseph
975.6195,'a',pressed,Joseph
976.4992,'w',released,Joseph
976.9316,'s',pressed,Joseph
977.5232,'s',released,Joseph
977.8914,'w',pressed,Joseph
978.0353,'a',released,Joseph
978.3552,'a',pressed,Joseph
978.4032,'w',released,Joseph
978.9955,'2',pressed,Joseph
979.1392,'2',released,Joseph
979.7473,'s',pressed,Joseph
980.3233,'s',released,Joseph
980.8353,'1',pressed,Joseph
980.9635,'1',released,Joseph
982.9154,'s',pressed,Joseph
983.3153,'a',released,Joseph
983.4272,'s',released,Joseph
993.7795,'w',pressed,Joseph
994.3873,'a',pressed,Joseph
996.0997,'a',released,Joseph
996.5153,'a',pressed,Joseph
996.7234,'a',released,Joseph
997.2034,'a',pressed,Joseph
997.3633,'a',released,Joseph
998.1632,'a',pressed,Joseph
998.3553,'a',released,Joseph
998.7073,'a',pressed,Joseph
998.9793,'a',released,Joseph
1000.3073,'a',pressed,Joseph
1001.3475,'a',released,Joseph
1001.6193,'a',pressed,Joseph
1001.9399,'a',released,Joseph
1002.6273,'d',pressed,Joseph
1002.9156,'d',released,Joseph
1003.2193,'w',released,Joseph
