0.3979,Key.alt_l,pressed,JOSSOL
0.4545,Key.tab,pressed,JOSSOL
0.5222,Key.tab,released,JOSSOL
0.5306,Key.alt_l,released,JOSSOL
3.8770,'w',pressed,JOSSOL
4.0399,'d',pressed,JOSSOL
4.4147,'w',released,JOSSOL
4.6270,'s',pressed,JOSSOL
4.9026,'s',released,JOSSOL
5.0468,'w',pressed,JOSSOL
5.0748,'d',released,JOSSOL
5.4180,'a',pressed,JOSSOL
5.7140,'a',released,JOSSOL
6.1861,'a',pressed,JOSSOL
6.2940,'a',released,JOSSOL
6.5141,'d',pressed,JOSSOL
6.6340,'d',released,JOSSOL
7.5181,'d',pressed,JOSSOL
7.6340,'d',released,JOSSOL
7.8981,'d',pressed,JOSSOL
8.0300,'d',released,JOSSOL
8.4341,'d',pressed,JOSSOL
9.1900,'w',released,JOSSOL
9.6303,'w',pressed,JOSSOL
9.7501,'d',released,JOSSOL
9.9781,'a',pressed,JOSSOL
10.0342,'w',released,JOSSOL
10.8302,'w',pressed,JOSSOL
11.3464,'w',released,JOSSOL
11.7101,'a',released,JOSSOL
12.0577,'w',pressed,JOSSOL
12.3219,'a',pressed,JOSSOL
12.3780,'w',released,JOSSOL
12.6059,'a',released,JOSSOL
12.6379,'w',pressed,JOSSOL
12.8105,'d',pressed,JOSSOL
12.8979,'d',released,JOSSOL
12.9663,'w',released,JOSSOL
13.1467,Mouse.left,pressed,JOSSOL
13.2358,Mouse.left,released,JOSSOL
13.2420,'d',pressed,JOSSOL
13.7860,'s',pressed,JOSSOL
13.8220,'d',released,JOSSOL
14.0300,'d',pressed,JOSSOL
14.1590,'s',released,JOSSOL
14.5108,'s',pressed,JOSSOL
14.5460,'d',released,JOSSOL
14.7501,'r',pressed,JOSSOL
14.8542,'r',released,JOSSOL
15.0667,'a',pressed,JOSSOL
15.1259,'s',released,JOSSOL
15.4781,'w',pressed,JOSSOL
15.5984,'w',released,JOSSOL
16.1029,'w',pressed,JOSSOL
16.1699,'a',released,JOSSOL
18.4383,'d',pressed,JOSSOL
18.6020,'d',released,JOSSOL
18.8666,'a',pressed,JOSSOL
19.5944,'a',released,JOSSOL
20.3584,'w',released,JOSSOL
21.0303,'s',pressed,JOSSOL
21.3031,'d',pressed,JOSSOL
21.3463,'s',released,JOSSOL
21.6798,'w',pressed,JOSSOL
21.8540,'d',released,JOSSOL
22.1591,'d',pressed,JOSSOL
22.2462,'w',released,JOSSOL
22.5740,'w',pressed,JOSSOL
22.6142,'d',released,JOSSOL
22.6861,'a',pressed,JOSSOL
23.2743,'a',released,JOSSOL
25.0622,'d',pressed,JOSSOL
25.1860,'d',released,JOSSOL
25.6541,'d',pressed,JOSSOL
25.7262,'d',released,JOSSOL
26.2023,'a',pressed,JOSSOL
27.6300,'a',released,JOSSOL
27.8540,'a',pressed,JOSSOL
27.9101,'w',released,JOSSOL
28.2538,Mouse.left,pressed,JOSSOL
28.2620,'s',pressed,JOSSOL
28.2980,'a',released,JOSSOL
28.3608,Mouse.left,released,JOSSOL
28.4941,'a',pressed,JOSSOL
28.5702,'s',released,JOSSOL
28.9340,'w',pressed,JOSSOL
29.0939,'r',pressed,JOSSOL
29.1022,'a',released,JOSSOL
29.1302,'w',released,JOSSOL
29.1784,'r',released,JOSSOL
29.4858,'d',pressed,JOSSOL
29.6099,'d',released,JOSSOL
29.9699,'d',pressed,JOSSOL
30.0539,'w',pressed,JOSSOL
30.2219,'d',released,JOSSOL
30.6862,'d',pressed,JOSSOL
30.8221,'d',released,JOSSOL
31.2489,Mouse.left,pressed,JOSSOL
31.3747,Mouse.left,released,JOSSOL
31.4304,'d',pressed,JOSSOL
31.6779,'w',released,JOSSOL
32.1500,'s',pressed,JOSSOL
32.2567,Mouse.left,pressed,JOSSOL
32.3587,Mouse.left,released,JOSSOL
32.4220,'a',pressed,JOSSOL
32.4460,'d',released,JOSSOL
32.4579,'s',released,JOSSOL
33.1317,Mouse.left,pressed,JOSSOL
33.2250,Mouse.left,released,JOSSOL
33.4864,'w',pressed,JOSSOL
33.5146,'a',released,JOSSOL
33.7343,'r',pressed,JOSSOL
33.8108,'r',released,JOSSOL
33.8419,'a',pressed,JOSSOL
33.8621,'w',released,JOSSOL
34.5142,Mouse.left,pressed,JOSSOL
34.5749,Mouse.left,released,JOSSOL
34.6409,Mouse.left,pressed,JOSSOL
34.7174,Mouse.left,released,JOSSOL
34.7748,Mouse.left,pressed,JOSSOL
34.8720,Mouse.left,released,JOSSOL
34.9671,Mouse.left,pressed,JOSSOL
35.0643,Mouse.left,released,JOSSOL
35.1502,'s',pressed,JOSSOL
35.8215,Mouse.left,pressed,JOSSOL
35.9070,Mouse.left,released,JOSSOL
36.0902,'s',released,JOSSOL
36.1343,'d',pressed,JOSSOL
36.1747,'a',released,JOSSOL
36.2741,'w',pressed,JOSSOL
36.4162,'d',released,JOSSOL
36.6822,'a',pressed,JOSSOL
36.7620,'w',released,JOSSOL
36.9901,'s',pressed,JOSSOL
37.0987,'s',released,JOSSOL
37.1343,'a',released,JOSSOL
37.1392,'d',pressed,JOSSOL
37.2702,'d',released,JOSSOL
37.3101,'w',pressed,JOSSOL
37.5066,'a',pressed,JOSSOL
37.7504,'a',released,JOSSOL
37.8299,'w',released,JOSSOL
38.1619,'w',pressed,JOSSOL
38.4541,'d',pressed,JOSSOL
38.5260,'d',released,JOSSOL
38.8981,'d',pressed,JOSSOL
39.3905,'w',released,JOSSOL
39.4545,'d',released,JOSSOL
40.4300,'2',pressed,JOSSOL
40.5420,'2',released,JOSSOL
40.7501,'s',pressed,JOSSOL
41.0830,'d',pressed,JOSSOL
41.2060,'s',released,JOSSOL
41.2302,'d',released,JOSSOL
41.5858,'2',pressed,JOSSOL
41.6821,'2',released,JOSSOL
41.9261,'2',pressed,JOSSOL
42.0260,'2',released,JOSSOL
42.2021,'1',pressed,JOSSOL
42.3300,'1',released,JOSSOL
42.6302,'2',pressed,JOSSOL
42.7506,'2',released,JOSSOL
43.5639,Mouse.left,pressed,JOSSOL
43.6612,Mouse.left,released,JOSSOL
43.9788,Mouse.left,pressed,JOSSOL
44.0936,Mouse.left,released,JOSSOL
44.2338,Mouse.right,pressed,JOSSOL
44.4258,Mouse.right,released,JOSSOL
44.5180,'a',pressed,JOSSOL
44.8947,Mouse.right,pressed,JOSSOL
45.0622,Mouse.right,released,JOSSOL
45.3102,'s',pressed,JOSSOL
45.4965,'a',released,JOSSOL
45.5464,'s',released,JOSSOL
46.8140,'w',pressed,JOSSOL
47.0542,'d',pressed,JOSSOL
47.2558,Mouse.left,pressed,JOSSOL
47.2593,'w',released,JOSSOL
47.3506,Mouse.left,released,JOSSOL
47.8949,Key.space,pressed,JOSSOL
48.0377,Key.space,released,JOSSOL
48.2390,Mouse.left,pressed,JOSSOL
48.3322,Mouse.left,released,JOSSOL
48.4019,Mouse.left,pressed,JOSSOL
48.4638,Mouse.left,released,JOSSOL
48.8827,'s',pressed,JOSSOL
49.0699,'d',released,JOSSOL
49.1619,Key.space,pressed,JOSSOL
49.1818,'a',pressed,JOSSOL
49.2540,'s',released,JOSSOL
49.2817,Key.space,released,JOSSOL
49.7169,Mouse.left,pressed,JOSSOL
49.7738,Mouse.left,released,JOSSOL
49.9579,'a',released,JOSSOL
58.6979,'m',pressed,JOSSOL
58.7023,'m',released,JOSSOL
64.4667,Mouse.left,pressed,JOSSOL
64.5788,Mouse.left,released,JOSSOL
69.1737,Key.esc,pressed,JOSSOL
69.1817,Key.esc,released,JOSSOL
71.4782,'w',pressed,JOSSOL
75.1140,'a',pressed,JOSSOL
75.6422,'a',released,JOSSOL
76.0699,'a',pressed,JOSSOL
76.1661,'w',released,JOSSOL
76.5828,'w',pressed,JOSSOL
76.8538,'a',released,JOSSOL
76.9663,'a',pressed,JOSSOL
77.0664,'w',released,JOSSOL
77.5662,'w',pressed,JOSSOL
77.6504,'a',released,JOSSOL
78.0700,'d',pressed,JOSSOL
78.8100,'d',released,JOSSOL
79.4100,'d',pressed,JOSSOL
79.4460,'w',released,JOSSOL
79.7981,'w',pressed,JOSSOL
79.8181,'d',released,JOSSOL
79.8624,'w',released,JOSSOL
79.8663,'a',pressed,JOSSOL
79.8703,'w',pressed,JOSSOL
79.8820,'w',released,JOSSOL
80.0758,'a',released,JOSSOL
80.5247,Mouse.left,pressed,JOSSOL
80.5861,'a',pressed,JOSSOL
80.6347,Mouse.left,released,JOSSOL
80.8781,'a',released,JOSSOL
81.1218,'s',pressed,JOSSOL
81.2141,'s',released,JOSSOL
81.2701,'d',pressed,JOSSOL
81.4100,'w',pressed,JOSSOL
81.4260,'d',released,JOSSOL
82.2340,'d',pressed,JOSSOL
82.4501,'d',released,JOSSOL
82.8580,'d',pressed,JOSSOL
83.0462,'w',released,JOSSOL
83.4020,'w',pressed,JOSSOL
83.4500,'d',released,JOSSOL
83.7539,'a',pressed,JOSSOL
83.8059,'w',released,JOSSOL
84.0019,'a',released,JOSSOL
84.0059,'d',pressed,JOSSOL
84.0099,'w',pressed,JOSSOL
84.1051,Mouse.left,pressed,JOSSOL
84.1860,Mouse.left,released,JOSSOL
84.2179,'w',released,JOSSOL
84.5421,'d',released,JOSSOL
84.5548,Mouse.left,pressed,JOSSOL
84.5702,'s',pressed,JOSSOL
84.5907,'a',pressed,JOSSOL
84.6717,Mouse.left,released,JOSSOL
84.7462,'s',released,JOSSOL
84.9901,'a',released,JOSSOL
85.0427,Mouse.left,pressed,JOSSOL
85.1259,Mouse.left,released,JOSSOL
85.1540,'d',pressed,JOSSOL
85.2011,Mouse.left,pressed,JOSSOL
85.2747,Mouse.left,released,JOSSOL
85.7901,Mouse.left,pressed,JOSSOL
85.9155,Mouse.left,released,JOSSOL
85.9760,Mouse.left,pressed,JOSSOL
86.0237,Mouse.left,released,JOSSOL
86.3219,'s',pressed,JOSSOL
86.4826,'d',released,JOSSOL
86.5219,'d',pressed,JOSSOL
86.5660,'s',released,JOSSOL
87.0659,'w',pressed,JOSSOL
87.1901,'w',released,JOSSOL
87.2778,'d',released,JOSSOL
87.7345,'a',pressed,JOSSOL
89.3217,'a',released,JOSSOL
107.4941,'w',pressed,JOSSOL
107.6660,'a',pressed,JOSSOL
107.8230,'a',released,JOSSOL
112.0345,'d',pressed,JOSSOL
112.5699,'w',released,JOSSOL
112.8380,'w',pressed,JOSSOL
113.3939,'d',released,JOSSOL
113.9939,'d',pressed,JOSSOL
114.2701,'w',released,JOSSOL
114.9138,'w',pressed,JOSSOL
115.0267,'d',released,JOSSOL
116.4184,'a',pressed,JOSSOL
116.8541,'a',released,JOSSOL
117.1100,'a',pressed,JOSSOL
117.3386,'a',released,JOSSOL
118.4100,'d',pressed,JOSSOL
118.7181,'d',released,JOSSOL
119.1341,'d',pressed,JOSSOL
119.4675,'d',released,JOSSOL
119.6540,'d',pressed,JOSSOL
119.9233,'w',released,JOSSOL
120.1107,'w',pressed,JOSSOL
120.1826,'d',released,JOSSOL
120.3587,'d',pressed,JOSSOL
120.6380,'d',released,JOSSOL
120.7902,'d',pressed,JOSSOL
121.0019,'d',released,JOSSOL
121.0660,'d',pressed,JOSSOL
121.0941,'d',released,JOSSOL
121.1309,'w',released,JOSSOL
121.1384,'a',pressed,JOSSOL
121.4468,'a',released,JOSSOL
121.6302,'s',pressed,JOSSOL
121.8661,'d',pressed,JOSSOL
121.9861,'s',released,JOSSOL
122.0220,'d',released,JOSSOL
122.1300,'w',pressed,JOSSOL
122.2660,'w',released,JOSSOL
122.4141,'a',pressed,JOSSOL
122.5390,'w',pressed,JOSSOL
122.5661,'a',released,JOSSOL
122.9781,'d',pressed,JOSSOL
123.2062,'d',released,JOSSOL
123.5422,'d',pressed,JOSSOL
124.2020,'w',released,JOSSOL
124.4460,'w',pressed,JOSSOL
124.5020,'d',released,JOSSOL
124.7901,'w',released,JOSSOL
125.0859,'w',pressed,JOSSOL
125.3541,'w',released,JOSSOL
125.3619,'d',pressed,JOSSOL
125.4780,'d',released,JOSSOL
125.5385,'d',pressed,JOSSOL
125.7220,'d',released,JOSSOL
125.7381,'a',pressed,JOSSOL
125.8086,Mouse.left,pressed,JOSSOL
125.8809,Mouse.left,released,JOSSOL
126.3593,'a',released,JOSSOL
126.3625,'s',pressed,JOSSOL
126.5382,'s',released,JOSSOL
126.7861,'a',pressed,JOSSOL
127.3060,'s',pressed,JOSSOL
128.0786,'s',released,JOSSOL
128.5503,'a',released,JOSSOL
128.5784,'w',pressed,JOSSOL
128.9502,'d',pressed,JOSSOL
129.1821,'d',released,JOSSOL
129.6904,'a',pressed,JOSSOL
129.9343,'w',released,JOSSOL
130.4786,'w',pressed,JOSSOL
130.6538,'a',released,JOSSOL
130.9139,'a',pressed,JOSSOL
130.9661,'w',released,JOSSOL
131.0579,Mouse.left,pressed,JOSSOL
131.1424,'s',pressed,JOSSOL
131.1440,Mouse.left,released,JOSSOL
131.2386,'s',released,JOSSOL
131.6063,'a',released,JOSSOL
131.8421,'w',pressed,JOSSOL
132.1103,'d',pressed,JOSSOL
132.1540,'w',released,JOSSOL
133.1146,'d',released,JOSSOL
133.1179,'a',pressed,JOSSOL
133.4304,'a',released,JOSSOL
133.4340,'d',pressed,JOSSOL
134.0946,'w',pressed,JOSSOL
134.8459,'d',released,JOSSOL
134.8940,'d',pressed,JOSSOL
135.0460,'d',released,JOSSOL
135.1699,'w',released,JOSSOL
135.1781,'d',pressed,JOSSOL
135.2301,'d',released,JOSSOL
135.2826,'s',pressed,JOSSOL
135.3860,'a',pressed,JOSSOL
135.5420,'a',released,JOSSOL
135.7540,'d',pressed,JOSSOL
136.1149,'d',released,JOSSOL
136.4786,'a',pressed,JOSSOL
136.6101,'a',released,JOSSOL
136.9101,'a',pressed,JOSSOL
137.0101,'s',released,JOSSOL
137.4742,'w',pressed,JOSSOL
137.5380,'a',released,JOSSOL
137.7060,'d',pressed,JOSSOL
137.8821,'d',released,JOSSOL
138.4781,'d',pressed,JOSSOL
138.7859,'d',released,JOSSOL
138.9266,'a',pressed,JOSSOL
139.0821,'a',released,JOSSOL
139.1980,'w',released,JOSSOL
139.4661,'a',pressed,JOSSOL
139.5796,'s',pressed,JOSSOL
139.8822,'a',released,JOSSOL
140.1979,'s',released,JOSSOL
140.2940,'d',pressed,JOSSOL
140.5820,'w',pressed,JOSSOL
140.8061,'d',released,JOSSOL
141.3701,'d',pressed,JOSSOL
141.5060,'d',released,JOSSOL
141.5900,'d',pressed,JOSSOL
142.2182,'w',released,JOSSOL
142.7100,'w',pressed,JOSSOL
142.9582,'w',released,JOSSOL
143.3940,'d',released,JOSSOL
144.7703,'a',pressed,JOSSOL
144.9141,'w',pressed,JOSSOL
145.1826,'a',released,JOSSOL
145.7387,'w',released,JOSSOL
146.3181,'d',pressed,JOSSOL
146.4541,'s',pressed,JOSSOL
146.5388,'d',released,JOSSOL
146.6350,Mouse.left,pressed,JOSSOL
146.7128,Mouse.left,released,JOSSOL
146.7824,'d',pressed,JOSSOL
146.8900,'s',released,JOSSOL
147.1821,'d',released,JOSSOL
147.4660,'a',pressed,JOSSOL
147.6101,'w',pressed,JOSSOL
147.9660,'a',released,JOSSOL
147.9786,'w',released,JOSSOL
148.0380,'d',pressed,JOSSOL
148.0700,Mouse.left,pressed,JOSSOL
148.1717,Mouse.left,released,JOSSOL
148.4981,'d',released,JOSSOL
148.7907,'a',pressed,JOSSOL
148.9699,'a',released,JOSSOL
149.0462,'s',pressed,JOSSOL
149.3304,'a',pressed,JOSSOL
149.5819,'s',released,JOSSOL
149.5980,'a',released,JOSSOL
151.4621,'a',pressed,JOSSOL
152.7979,'s',pressed,JOSSOL
153.5900,'a',released,JOSSOL
153.9460,'a',pressed,JOSSOL
154.1500,'s',released,JOSSOL
154.2820,'a',released,JOSSOL
154.8061,'w',pressed,JOSSOL
155.9861,'a',pressed,JOSSOL
156.0461,'w',released,JOSSOL
156.7741,'w',pressed,JOSSOL
157.6624,'w',released,JOSSOL
157.7221,'a',released,JOSSOL
157.8300,'d',pressed,JOSSOL
157.9620,'w',pressed,JOSSOL
158.1544,'d',released,JOSSOL
158.1981,'w',released,JOSSOL
158.2877,Mouse.left,pressed,JOSSOL
158.3708,Mouse.left,released,JOSSOL
158.4902,'d',pressed,JOSSOL
158.7142,'d',released,JOSSOL
158.8351,Mouse.left,pressed,JOSSOL
158.9308,Mouse.left,released,JOSSOL
158.9848,Mouse.left,pressed,JOSSOL
159.0572,Mouse.left,released,JOSSOL
159.1582,'d',pressed,JOSSOL
159.3540,'w',pressed,JOSSOL
159.9824,'w',released,JOSSOL
160.3988,'s',pressed,JOSSOL
160.5820,'d',released,JOSSOL
160.9979,'d',pressed,JOSSOL
162.2462,'s',released,JOSSOL
162.8660,'d',released,JOSSOL
162.9740,'a',pressed,JOSSOL
163.0785,'a',released,JOSSOL
163.3177,'w',pressed,JOSSOL
163.7067,'a',pressed,JOSSOL
163.8340,'a',released,JOSSOL
164.2861,'a',pressed,JOSSOL
164.3220,'w',released,JOSSOL
164.4943,'a',released,JOSSOL
164.5102,'w',pressed,JOSSOL
164.6260,'a',pressed,JOSSOL
164.8380,'w',released,JOSSOL
164.8867,'a',released,JOSSOL
164.9628,'w',pressed,JOSSOL
165.4820,'d',pressed,JOSSOL
165.8820,'w',released,JOSSOL
166.2820,'w',pressed,JOSSOL
166.4180,'d',released,JOSSOL
166.6462,'d',pressed,JOSSOL
166.7984,'w',released,JOSSOL
167.0501,'a',pressed,JOSSOL
167.0739,'d',released,JOSSOL
167.0830,Mouse.left,pressed,JOSSOL
167.1437,Mouse.left,released,JOSSOL
167.4257,Key.space,pressed,JOSSOL
167.5737,Key.space,released,JOSSOL
167.9621,'d',pressed,JOSSOL
167.9659,'a',released,JOSSOL
168.0607,Mouse.left,pressed,JOSSOL
168.1577,Mouse.left,released,JOSSOL
168.2918,Mouse.left,pressed,JOSSOL
168.3728,Mouse.left,released,JOSSOL
168.4749,Mouse.left,pressed,JOSSOL
168.5287,Mouse.left,released,JOSSOL
168.8540,'d',released,JOSSOL
187.0581,'w',pressed,JOSSOL
190.2819,'1',pressed,JOSSOL
190.4019,'1',released,JOSSOL
190.7899,'2',pressed,JOSSOL
190.9100,'2',released,JOSSOL
191.3703,'3',pressed,JOSSOL
191.5342,'3',released,JOSSOL
191.9260,'1',pressed,JOSSOL
192.0339,'1',released,JOSSOL
192.3261,'a',pressed,JOSSOL
192.5303,'a',released,JOSSOL
192.7900,'a',pressed,JOSSOL
193.0259,'a',released,JOSSOL
193.3217,'d',pressed,JOSSOL
194.3259,'w',released,JOSSOL
194.4341,'w',pressed,JOSSOL
194.4820,'d',released,JOSSOL
194.6584,'a',pressed,JOSSOL
194.8101,'a',released,JOSSOL
195.0259,'d',pressed,JOSSOL
195.1744,'w',released,JOSSOL
195.2421,'d',released,JOSSOL
195.4978,Mouse.left,pressed,JOSSOL
195.5221,'s',pressed,JOSSOL
195.5381,'a',pressed,JOSSOL
195.6027,Mouse.left,released,JOSSOL
195.7863,'s',released,JOSSOL
196.7942,'w',pressed,JOSSOL
197.0660,'a',released,JOSSOL
197.7220,'a',pressed,JOSSOL
197.9260,'a',released,JOSSOL
198.1218,'d',pressed,JOSSOL
199.5781,'d',released,JOSSOL
200.9586,'d',pressed,JOSSOL
201.1181,'d',released,JOSSOL
201.2980,'d',pressed,JOSSOL
201.8024,'d',released,JOSSOL
202.0181,'w',released,JOSSOL
202.0300,'w',pressed,JOSSOL
202.1505,'d',pressed,JOSSOL
202.2788,'w',released,JOSSOL
202.3022,'d',released,JOSSOL
202.3100,'a',pressed,JOSSOL
202.9621,'w',pressed,JOSSOL
203.0380,'w',released,JOSSOL
203.2586,'w',pressed,JOSSOL
203.7621,'w',released,JOSSOL
204.2021,'w',pressed,JOSSOL
204.3420,'a',released,JOSSOL
204.6821,'a',pressed,JOSSOL
205.0822,'a',released,JOSSOL
205.2621,'a',pressed,JOSSOL
205.8061,'a',released,JOSSOL
205.8540,'a',pressed,JOSSOL
206.2860,'a',released,JOSSOL
206.9779,'a',pressed,JOSSOL
207.1421,'a',released,JOSSOL
207.2941,'a',pressed,JOSSOL
207.4427,'a',released,JOSSOL
207.5540,'d',pressed,JOSSOL
207.6740,'d',released,JOSSOL
207.9581,'d',pressed,JOSSOL
209.3310,Mouse.left,pressed,JOSSOL
209.4360,Mouse.left,released,JOSSOL
209.5061,'d',released,JOSSOL
209.8702,'a',pressed,JOSSOL
210.1258,Mouse.left,pressed,JOSSOL
210.1932,Mouse.left,released,JOSSOL
210.2685,Mouse.left,pressed,JOSSOL
210.3408,Mouse.left,released,JOSSOL
211.1969,Mouse.left,pressed,JOSSOL
211.2059,'w',released,JOSSOL
211.2698,Mouse.left,released,JOSSOL
211.4118,Mouse.left,pressed,JOSSOL
211.4180,'d',pressed,JOSSOL
211.4500,'a',released,JOSSOL
211.4997,Mouse.left,released,JOSSOL
211.9937,'s',pressed,JOSSOL
212.1367,Mouse.left,pressed,JOSSOL
212.3341,Mouse.left,released,JOSSOL
212.3740,'d',released,JOSSOL
212.4118,Mouse.left,pressed,JOSSOL
212.5044,Mouse.left,released,JOSSOL
212.6821,'a',pressed,JOSSOL
212.9182,'a',released,JOSSOL
212.9780,'d',pressed,JOSSOL
213.6749,'d',released,JOSSOL
213.6980,'a',pressed,JOSSOL
214.0582,'a',released,JOSSOL
214.0822,'d',pressed,JOSSOL
214.2259,'d',released,JOSSOL
214.2667,'a',pressed,JOSSOL
214.4023,'s',released,JOSSOL
215.2428,'a',released,JOSSOL
215.2462,'s',pressed,JOSSOL
215.5620,'s',released,JOSSOL
217.3981,'d',pressed,JOSSOL
217.6140,'d',released,JOSSOL
217.7541,'d',pressed,JOSSOL
217.8019,'s',pressed,JOSSOL
218.0420,'d',released,JOSSOL
218.0860,'d',pressed,JOSSOL
218.2861,'s',released,JOSSOL
218.5179,'w',pressed,JOSSOL
218.7459,'w',released,JOSSOL
219.1699,'w',pressed,JOSSOL
219.7819,'w',released,JOSSOL
220.6060,'s',pressed,JOSSOL
220.8982,'d',released,JOSSOL
221.3942,'d',pressed,JOSSOL
221.6184,'d',released,JOSSOL
221.7619,'d',pressed,JOSSOL
221.8027,'s',released,JOSSOL
221.9179,'d',released,JOSSOL
222.3980,'a',pressed,JOSSOL
222.5061,'w',pressed,JOSSOL
222.6300,'a',released,JOSSOL
222.7260,'w',released,JOSSOL
222.8220,'d',pressed,JOSSOL
222.9460,'d',released,JOSSOL
223.2619,'a',pressed,JOSSOL
223.4900,'a',released,JOSSOL
223.6060,'d',pressed,JOSSOL
223.6860,'d',released,JOSSOL
224.0300,'d',pressed,JOSSOL
224.2942,'s',pressed,JOSSOL
224.3139,'d',released,JOSSOL
224.4102,'s',released,JOSSOL
224.5620,'a',pressed,JOSSOL
224.7740,'w',pressed,JOSSOL
224.8261,'a',released,JOSSOL
225.1622,'w',released,JOSSOL
225.4748,'a',pressed,JOSSOL
225.8021,'s',pressed,JOSSOL
226.2825,'s',released,JOSSOL
226.4064,'a',released,JOSSOL
226.5782,'w',pressed,JOSSOL
226.7582,'d',pressed,JOSSOL
226.8458,'w',released,JOSSOL
226.8980,'d',released,JOSSOL
227.1660,'s',pressed,JOSSOL
227.4620,'a',pressed,JOSSOL
227.6577,'s',released,JOSSOL
228.0862,'a',released,JOSSOL
228.1861,'d',pressed,JOSSOL
228.3020,'w',pressed,JOSSOL
228.5781,'d',released,JOSSOL
228.8460,'d',pressed,JOSSOL
229.2101,'w',released,JOSSOL
229.7739,'w',pressed,JOSSOL
229.8301,'d',released,JOSSOL
230.0540,'a',pressed,JOSSOL
230.1539,'a',released,JOSSOL
230.4103,'d',pressed,JOSSOL
230.5143,'d',released,JOSSOL
230.8431,'w',released,JOSSOL
230.9059,'a',pressed,JOSSOL
230.9743,'s',pressed,JOSSOL
231.0270,Mouse.left,pressed,JOSSOL
231.1341,Mouse.left,released,JOSSOL
231.5218,Key.space,pressed,JOSSOL
231.6536,Key.space,released,JOSSOL
231.8172,Mouse.left,pressed,JOSSOL
231.9001,Mouse.left,released,JOSSOL
231.9543,Mouse.left,pressed,JOSSOL
232.0061,'a',released,JOSSOL
232.0350,Mouse.left,released,JOSSOL
232.1029,Mouse.left,pressed,JOSSOL
232.1703,Key.space,pressed,JOSSOL
232.1940,Mouse.left,released,JOSSOL
232.2023,'a',pressed,JOSSOL
232.2721,Mouse.left,pressed,JOSSOL
232.2745,Key.space,released,JOSSOL
232.3477,Mouse.left,released,JOSSOL
232.6661,'s',released,JOSSOL
232.7299,'a',released,JOSSOL
244.4137,Key.tab,pressed,JOSSOL
245.8097,Key.tab,released,JOSSOL
246.0418,Key.tab,pressed,JOSSOL
246.1098,Key.tab,released,JOSSOL
246.1738,Key.tab,pressed,JOSSOL
246.2338,Key.tab,released,JOSSOL
246.2858,Key.tab,pressed,JOSSOL
246.3657,Key.tab,released,JOSSOL
246.4496,Key.tab,pressed,JOSSOL
246.4858,Key.tab,released,JOSSOL
246.5338,Key.tab,pressed,JOSSOL
246.6137,Key.tab,released,JOSSOL
246.8140,'a',pressed,JOSSOL
246.8420,'a',released,JOSSOL
255.3820,'w',pressed,JOSSOL
256.6418,'d',pressed,JOSSOL
256.8100,'q',pressed,JOSSOL
256.9102,'q',released,JOSSOL
256.9580,'d',released,JOSSOL
257.2340,'a',pressed,JOSSOL
257.3181,'a',released,JOSSOL
257.4344,'q',pressed,JOSSOL
257.5425,'q',released,JOSSOL
257.6782,'a',pressed,JOSSOL
257.8541,'a',released,JOSSOL
257.9781,'q',pressed,JOSSOL
258.0540,'q',released,JOSSOL
258.1697,'a',pressed,JOSSOL
258.2540,'a',released,JOSSOL
258.3861,'q',pressed,JOSSOL
258.4740,'q',released,JOSSOL
258.5540,'a',pressed,JOSSOL
258.7506,'a',released,JOSSOL
259.3421,'a',pressed,JOSSOL
259.9262,'a',released,JOSSOL
262.2940,'w',released,JOSSOL
262.3230,'d',pressed,JOSSOL
262.7900,'w',pressed,JOSSOL
262.9781,'w',released,JOSSOL
263.1660,'w',pressed,JOSSOL
263.2021,'d',released,JOSSOL
264.4423,'a',pressed,JOSSOL
264.6180,'a',released,JOSSOL
264.8260,'w',released,JOSSOL
264.9020,'a',pressed,JOSSOL
265.1780,'a',released,JOSSOL
265.3779,'w',pressed,JOSSOL
265.4940,'a',pressed,JOSSOL
265.5622,'w',released,JOSSOL
265.5943,'a',released,JOSSOL
265.7120,Mouse.left,pressed,JOSSOL
265.7708,Mouse.left,released,JOSSOL
265.7821,'s',pressed,JOSSOL
265.8757,'d',pressed,JOSSOL
266.0500,'s',released,JOSSOL
266.0582,'d',released,JOSSOL
266.5547,Mouse.left,pressed,JOSSOL
266.6230,Mouse.left,released,JOSSOL
266.6310,'d',pressed,JOSSOL
266.8742,'d',released,JOSSOL
267.0582,'a',pressed,JOSSOL
267.2580,'a',released,JOSSOL
267.4228,Mouse.left,pressed,JOSSOL
267.4949,Mouse.left,released,JOSSOL
267.5802,Mouse.left,pressed,JOSSOL
267.5831,'d',pressed,JOSSOL
267.6348,Mouse.left,released,JOSSOL
268.1222,'d',released,JOSSOL
268.2461,'r',pressed,JOSSOL
268.3061,'r',released,JOSSOL
268.5180,'s',pressed,JOSSOL
268.6626,'a',pressed,JOSSOL
268.7983,'a',released,JOSSOL
268.8059,'s',released,JOSSOL
269.1104,'a',pressed,JOSSOL
269.2701,'a',released,JOSSOL
269.5940,'a',pressed,JOSSOL
270.0343,'a',released,JOSSOL
270.2303,'d',pressed,JOSSOL
270.8677,'d',released,JOSSOL
270.9180,'d',pressed,JOSSOL
271.0700,'d',released,JOSSOL
271.1745,'w',pressed,JOSSOL
271.5980,'a',pressed,JOSSOL
272.1383,'a',released,JOSSOL
272.9298,'d',pressed,JOSSOL
272.9460,'w',released,JOSSOL
273.1151,'s',pressed,JOSSOL
273.2550,Mouse.left,pressed,JOSSOL
273.3769,Mouse.left,released,JOSSOL
273.8105,'d',released,JOSSOL
274.0196,Mouse.left,pressed,JOSSOL
274.0739,'a',pressed,JOSSOL
274.1200,Mouse.left,released,JOSSOL
274.1582,'s',released,JOSSOL
274.3028,'w',pressed,JOSSOL
274.3863,'a',released,JOSSOL
274.5835,'a',pressed,JOSSOL
274.6666,'a',released,JOSSOL
274.7901,'a',pressed,JOSSOL
274.8650,Mouse.left,pressed,JOSSOL
274.9550,Mouse.left,released,JOSSOL
274.9826,'w',released,JOSSOL
275.0239,Mouse.left,pressed,JOSSOL
275.1121,Mouse.left,released,JOSSOL
275.6345,'s',pressed,JOSSOL
275.9844,Mouse.left,pressed,JOSSOL
276.0559,Mouse.left,released,JOSSOL
276.1210,Mouse.left,pressed,JOSSOL
276.2089,Mouse.left,released,JOSSOL
277.0663,'a',released,JOSSOL
277.1740,'d',pressed,JOSSOL
277.4664,'d',released,JOSSOL
277.7420,'s',released,JOSSOL
296.8140,'w',pressed,JOSSOL
300.9460,'d',pressed,JOSSOL
301.0860,'d',released,JOSSOL
301.2021,'d',pressed,JOSSOL
301.8862,'d',released,JOSSOL
302.1581,'d',pressed,JOSSOL
302.4981,'d',released,JOSSOL
302.6820,'d',pressed,JOSSOL
303.0421,'d',released,JOSSOL
303.2300,'d',pressed,JOSSOL
303.6579,'d',released,JOSSOL
303.7940,'d',pressed,JOSSOL
303.9540,'d',released,JOSSOL
304.0825,'d',pressed,JOSSOL
304.4943,'d',released,JOSSOL
304.9781,'d',pressed,JOSSOL
305.0236,'w',released,JOSSOL
305.3221,'w',pressed,JOSSOL
305.3661,'d',released,JOSSOL
305.5029,'w',released,JOSSOL
305.8220,'a',pressed,JOSSOL
306.3858,Key.shift,pressed,JOSSOL
306.4259,'A',released,JOSSOL
306.7499,'A',pressed,JOSSOL
306.7583,'W',pressed,JOSSOL
306.9743,'A',released,JOSSOL
306.9867,'W',released,JOSSOL
307.4058,Key.shift,released,JOSSOL
307.7022,'s',pressed,JOSSOL
307.7338,'d',pressed,JOSSOL
307.7983,'d',released,JOSSOL
307.8378,'s',released,JOSSOL
308.5698,Key.ctrl_l,pressed,JOSSOL
309.3503,'\x01',pressed,JOSSOL
309.3540,'\x17',pressed,JOSSOL
309.5860,'\x17',released,JOSSOL
309.5987,'\x01',released,JOSSOL
310.1701,'\x04',pressed,JOSSOL
310.7390,'\x17',pressed,JOSSOL
310.7505,'\x04',released,JOSSOL
310.8740,'\x01',pressed,JOSSOL
311.2912,'\x17',released,JOSSOL
312.7902,'\x13',pressed,JOSSOL
313.0541,'\x01',released,JOSSOL
313.2503,'\x01',pressed,JOSSOL
313.6260,'\x01',released,JOSSOL
313.9460,'\x13',released,JOSSOL
314.5699,'\x17',pressed,JOSSOL
314.5791,'\x04',pressed,JOSSOL
315.0310,'\x17',released,JOSSOL
315.8548,'\x13',pressed,JOSSOL
316.3381,'\x13',released,JOSSOL
316.3863,'\x13',pressed,JOSSOL
316.4827,'\x04',released,JOSSOL
316.4943,'\x01',pressed,JOSSOL
316.6620,'\x01',released,JOSSOL
316.7341,'\x04',pressed,JOSSOL
317.1665,'\x13',released,JOSSOL
317.4981,'\x17',pressed,JOSSOL
317.8944,'\x04',released,JOSSOL
318.2343,'\x04',pressed,JOSSOL
318.6220,'\x17',released,JOSSOL
319.3301,'\x17',pressed,JOSSOL
319.3943,'\x17',released,JOSSOL
319.6386,'\x13',pressed,JOSSOL
319.8101,'\x04',released,JOSSOL
319.9261,'\x01',pressed,JOSSOL
320.6581,'\x01',released,JOSSOL
320.9104,'\x13',released,JOSSOL
322.3541,'\x17',pressed,JOSSOL
322.3941,'\x04',pressed,JOSSOL
322.5422,'\x17',released,JOSSOL
322.6621,'\x04',released,JOSSOL
322.7261,'\x04',pressed,JOSSOL
322.9778,Key.ctrl_l,released,JOSSOL
323.4262,'s',pressed,JOSSOL
323.6825,'d',released,JOSSOL
323.8186,Mouse.left,pressed,JOSSOL
323.9154,Mouse.left,released,JOSSOL
323.9742,'s',released,JOSSOL
324.1783,'d',pressed,JOSSOL
324.6986,'s',pressed,JOSSOL
324.7148,'d',released,JOSSOL
324.7708,'s',released,JOSSOL
324.8560,Mouse.left,pressed,JOSSOL
324.9530,Mouse.left,released,JOSSOL
325.0099,Mouse.left,pressed,JOSSOL
325.1048,Mouse.left,released,JOSSOL
325.7624,'a',released,JOSSOL
325.8810,Mouse.left,pressed,JOSSOL
325.9692,Mouse.left,released,JOSSOL
326.3062,'a',pressed,JOSSOL
326.4541,'w',pressed,JOSSOL
326.7101,'w',released,JOSSOL
327.1300,'s',pressed,JOSSOL
327.2702,'a',released,JOSSOL
327.4180,'a',pressed,JOSSOL
327.5580,'s',released,JOSSOL
327.7540,'a',released,JOSSOL
328.3777,Key.shift,pressed,JOSSOL
328.4458,Key.shift,released,JOSSOL
328.6417,Key.ctrl_l,pressed,JOSSOL
328.8064,'\x01',pressed,JOSSOL
328.8661,'\x17',pressed,JOSSOL
330.1541,'\x01',released,JOSSOL
330.6540,'\x17',released,JOSSOL
331.0901,'\x04',released,JOSSOL
331.2662,'\x01',pressed,JOSSOL
331.4345,'\x13',pressed,JOSSOL
331.7180,'\x01',released,JOSSOL
332.1218,Key.ctrl_l,released,JOSSOL
332.1305,'d',pressed,JOSSOL
332.5381,'d',released,JOSSOL
332.5624,'s',released,JOSSOL
332.5859,'a',pressed,JOSSOL
332.9060,'a',released,JOSSOL
333.0741,'d',pressed,JOSSOL
333.3545,'w',pressed,JOSSOL
333.4879,'d',released,JOSSOL
333.8464,Key.ctrl_l,pressed,JOSSOL
333.8709,'\x17',released,JOSSOL
333.9502,'\x04',pressed,JOSSOL
335.6192,'\x04',released,JOSSOL
335.6418,Mouse.left,pressed,JOSSOL
335.6942,'\x04',pressed,JOSSOL
335.7685,Mouse.left,released,JOSSOL
335.9387,'\x04',released,JOSSOL
336.0100,'\x13',released,JOSSOL
336.1102,'\x17',pressed,JOSSOL
336.4504,'\x01',pressed,JOSSOL
336.5960,Mouse.left,pressed,JOSSOL
336.6745,'\x17',released,JOSSOL
336.6957,Mouse.left,released,JOSSOL
336.7728,Mouse.left,pressed,JOSSOL
336.8382,'\x13',pressed,JOSSOL
336.8450,Mouse.left,released,JOSSOL
337.1299,Key.space,pressed,JOSSOL
337.2743,Key.space,released,JOSSOL
337.4098,Key.ctrl_l,released,JOSSOL
337.5821,'s',released,JOSSOL
338.4821,'a',released,JOSSOL
339.2142,'a',pressed,JOSSOL
339.9780,'w',released,JOSSOL
340.3227,'a',released,JOSSOL
340.4658,'a',pressed,JOSSOL
340.7221,'a',released,JOSSOL
340.7907,'a',pressed,JOSSOL
341.1581,'a',released,JOSSOL
341.2552,Mouse.left,pressed,JOSSOL
341.3614,Mouse.left,released,JOSSOL
341.7620,'d',pressed,JOSSOL
341.9259,'d',released,JOSSOL
343.6705,'a',pressed,JOSSOL
343.9501,'a',released,JOSSOL
343.9661,'s',pressed,JOSSOL
344.1780,'d',pressed,JOSSOL
344.2860,'s',released,JOSSOL
344.3542,'d',released,JOSSOL
345.2980,'a',pressed,JOSSOL
345.4507,'w',pressed,JOSSOL
345.7660,'a',released,JOSSOL
345.8582,'w',released,JOSSOL
346.7542,'a',pressed,JOSSOL
346.9300,'a',released,JOSSOL
347.1301,'s',pressed,JOSSOL
347.4021,'s',released,JOSSOL
347.6381,'d',pressed,JOSSOL
347.7542,'d',released,JOSSOL
348.1020,'w',pressed,JOSSOL
348.3500,'d',pressed,JOSSOL
348.4141,'w',released,JOSSOL
349.0540,'d',released,JOSSOL
349.5787,'d',pressed,JOSSOL
349.7306,'w',pressed,JOSSOL
349.8261,'d',released,JOSSOL
349.9060,'w',released,JOSSOL
350.8982,'w',pressed,JOSSOL
350.9704,'a',pressed,JOSSOL
351.1146,'w',released,JOSSOL
351.2940,'a',released,JOSSOL
351.3102,'s',pressed,JOSSOL
351.8384,'d',pressed,JOSSOL
351.9183,'s',released,JOSSOL
352.0780,'w',pressed,JOSSOL
352.1221,'d',released,JOSSOL
352.9462,'d',pressed,JOSSOL
353.3987,'w',released,JOSSOL
353.5540,'d',released,JOSSOL
353.7026,'d',pressed,JOSSOL
353.9703,'d',released,JOSSOL
354.1020,'d',pressed,JOSSOL
354.2102,'w',pressed,JOSSOL
354.3222,'w',released,JOSSOL
354.3582,'d',released,JOSSOL
354.5760,Mouse.left,pressed,JOSSOL
354.6450,Mouse.left,released,JOSSOL
354.6661,'a',pressed,JOSSOL
354.9983,'a',released,JOSSOL
355.2260,'d',pressed,JOSSOL
355.2901,'d',released,JOSSOL
355.5578,Mouse.left,pressed,JOSSOL
355.6098,Mouse.left,released,JOSSOL
355.6300,'a',pressed,JOSSOL
355.6658,Mouse.left,pressed,JOSSOL
355.7299,Mouse.left,released,JOSSOL
356.4265,'s',pressed,JOSSOL
356.5740,'a',released,JOSSOL
357.0900,'a',pressed,JOSSOL
357.1580,'a',released,JOSSOL
357.5423,'d',pressed,JOSSOL
358.1301,'2',pressed,JOSSOL
358.2740,'2',released,JOSSOL
358.3626,'d',released,JOSSOL
358.8540,'a',pressed,JOSSOL
358.8848,Mouse.left,pressed,JOSSOL
358.9809,Mouse.left,released,JOSSOL
359.3060,'s',released,JOSSOL
359.4526,Mouse.left,pressed,JOSSOL
359.5370,Mouse.left,released,JOSSOL
359.6371,Mouse.left,pressed,JOSSOL
359.7104,Mouse.left,released,JOSSOL
359.9262,'w',pressed,JOSSOL
360.1861,'r',pressed,JOSSOL
360.2821,'r',released,JOSSOL
360.3061,'w',released,JOSSOL
360.4705,'s',pressed,JOSSOL
361.7940,'a',released,JOSSOL
361.8820,'d',pressed,JOSSOL
362.6598,'s',released,JOSSOL
362.9248,Mouse.left,pressed,JOSSOL
362.9908,Mouse.left,released,JOSSOL
363.2101,'s',pressed,JOSSOL
363.4797,Mouse.left,pressed,JOSSOL
363.5578,Mouse.left,released,JOSSOL
363.6662,'s',released,JOSSOL
363.7558,Mouse.left,pressed,JOSSOL
363.8158,Mouse.left,released,JOSSOL
363.9238,Mouse.left,pressed,JOSSOL
364.0060,Mouse.left,released,JOSSOL
364.1383,'s',pressed,JOSSOL
364.2139,'d',released,JOSSOL
364.2979,'d',pressed,JOSSOL
364.3902,'d',released,JOSSOL
364.6112,Mouse.left,pressed,JOSSOL
364.7520,Mouse.left,released,JOSSOL
364.7544,'d',pressed,JOSSOL
365.0267,'s',released,JOSSOL
365.5220,'s',pressed,JOSSOL
365.6580,'d',released,JOSSOL
366.3143,'a',pressed,JOSSOL
366.4380,'a',released,JOSSOL
366.7345,'a',pressed,JOSSOL
367.7181,'s',released,JOSSOL
368.1070,Mouse.left,pressed,JOSSOL
368.2300,Mouse.left,released,JOSSOL
368.3541,'w',pressed,JOSSOL
368.4062,'a',released,JOSSOL
368.9462,'r',pressed,JOSSOL
369.0140,'r',released,JOSSOL
369.5386,'d',pressed,JOSSOL
369.8342,'d',released,JOSSOL
371.0901,'a',pressed,JOSSOL
371.1862,'a',released,JOSSOL
372.0302,'d',pressed,JOSSOL
372.4986,'w',released,JOSSOL
372.5502,'w',pressed,JOSSOL
372.6779,'d',released,JOSSOL
372.8941,'d',pressed,JOSSOL
373.1862,'w',released,JOSSOL
373.3626,'w',pressed,JOSSOL
373.3831,'d',released,JOSSOL
373.4703,'a',pressed,JOSSOL
373.9311,'a',released,JOSSOL
374.2699,'a',pressed,JOSSOL
374.3901,'a',released,JOSSOL
374.9664,'1',pressed,JOSSOL
375.0262,'1',released,JOSSOL
375.4147,'a',pressed,JOSSOL
375.9665,'a',released,JOSSOL
376.3659,'d',pressed,JOSSOL
376.4820,'d',released,JOSSOL
376.7821,'d',pressed,JOSSOL
376.9661,'d',released,JOSSOL
377.4381,'d',pressed,JOSSOL
377.4900,'w',released,JOSSOL
378.2840,Mouse.left,pressed,JOSSOL
378.3690,Mouse.left,released,JOSSOL
379.6248,Mouse.left,pressed,JOSSOL
379.7278,Mouse.left,released,JOSSOL
380.2984,'w',pressed,JOSSOL
380.6349,'w',released,JOSSOL
381.0768,Mouse.left,pressed,JOSSOL
381.1797,Mouse.left,released,JOSSOL
381.7065,'w',pressed,JOSSOL
381.9339,'w',released,JOSSOL
382.4346,'d',released,JOSSOL
382.6340,'r',pressed,JOSSOL
382.7099,'r',released,JOSSOL
385.3861,'a',pressed,JOSSOL
385.4181,'w',pressed,JOSSOL
385.7781,'a',released,JOSSOL
385.9660,'w',released,JOSSOL
386.5542,'a',pressed,JOSSOL
386.6179,'w',pressed,JOSSOL
386.7302,'a',released,JOSSOL
386.7820,'w',released,JOSSOL
386.9300,'w',pressed,JOSSOL
387.2261,'d',pressed,JOSSOL
387.2740,'w',released,JOSSOL
387.2979,'w',pressed,JOSSOL
387.3621,'d',released,JOSSOL
387.3823,'a',pressed,JOSSOL
387.7301,'a',released,JOSSOL
387.9423,'a',pressed,JOSSOL
388.1318,'a',released,JOSSOL
388.3142,'d',pressed,JOSSOL
388.4421,'w',released,JOSSOL
388.9503,'w',pressed,JOSSOL
389.1587,'d',released,JOSSOL
389.5424,'a',pressed,JOSSOL
390.7297,Key.space,pressed,JOSSOL
391.1700,'w',released,JOSSOL
391.1866,Key.space,released,JOSSOL
391.2580,'w',pressed,JOSSOL
391.3823,'w',released,JOSSOL
391.6380,'w',pressed,JOSSOL
391.8018,Key.space,pressed,JOSSOL
391.9743,Key.space,released,JOSSOL
392.3056,Key.space,pressed,JOSSOL
392.4300,Key.space,released,JOSSOL
392.5580,'a',released,JOSSOL
392.6778,Key.space,pressed,JOSSOL
393.0337,Key.space,released,JOSSOL
393.1937,Key.space,pressed,JOSSOL
393.3338,Key.space,released,JOSSOL
393.4058,Key.space,pressed,JOSSOL
393.5417,Key.space,released,JOSSOL
393.6178,Key.space,pressed,JOSSOL
393.7577,Key.space,released,JOSSOL
393.8297,Key.space,pressed,JOSSOL
393.9743,Key.space,released,JOSSOL
394.1057,Key.space,pressed,JOSSOL
394.2537,Key.space,released,JOSSOL
394.3978,Key.space,pressed,JOSSOL
394.6981,'d',pressed,JOSSOL
394.9500,'d',released,JOSSOL
395.0944,'d',pressed,JOSSOL
395.3981,Key.space,released,JOSSOL
395.5822,'d',released,JOSSOL
395.7503,'a',pressed,JOSSOL
395.8861,'a',released,JOSSOL
396.3941,'a',pressed,JOSSOL
396.7463,'a',released,JOSSOL
396.9703,'a',pressed,JOSSOL
397.6301,'a',released,JOSSOL
397.9181,'d',pressed,JOSSOL
398.0944,'d',released,JOSSOL
398.3539,'d',pressed,JOSSOL
399.2671,'w',released,JOSSOL
399.5943,'w',pressed,JOSSOL
399.7141,'d',released,JOSSOL
400.3341,'a',pressed,JOSSOL
400.7186,'a',released,JOSSOL
401.5589,Key.ctrl_l,pressed,JOSSOL
401.6829,'\x04',pressed,JOSSOL
401.9900,'\x17',released,JOSSOL
402.0467,'\x04',released,JOSSOL
402.1505,'\x17',pressed,JOSSOL
402.1704,Key.ctrl_l,released,JOSSOL
402.1864,'a',pressed,JOSSOL
402.2102,'w',released,JOSSOL
402.5983,'w',pressed,JOSSOL
402.6544,'a',released,JOSSOL
404.8820,'a',pressed,JOSSOL
405.0700,'a',released,JOSSOL
406.6781,'a',pressed,JOSSOL
406.8226,'w',released,JOSSOL
407.0022,'s',pressed,JOSSOL
407.1021,'a',released,JOSSOL
407.4184,'a',pressed,JOSSOL
407.4901,'s',released,JOSSOL
407.7302,'w',pressed,JOSSOL
407.7541,'a',released,JOSSOL
408.0023,'a',pressed,JOSSOL
409.2508,'w',released,JOSSOL
409.5021,'s',pressed,JOSSOL
410.0387,'s',released,JOSSOL
410.5506,Key.shift,pressed,JOSSOL
410.8822,'W',pressed,JOSSOL
411.1137,Key.shift,released,JOSSOL
411.1581,'a',released,JOSSOL
411.6102,'a',pressed,JOSSOL
411.8190,'w',released,JOSSOL
412.0264,'w',pressed,JOSSOL
412.3577,Key.ctrl_l,pressed,JOSSOL
412.8148,'\x17',released,JOSSOL
412.8182,'\x01',released,JOSSOL
413.0240,Mouse.left,pressed,JOSSOL
413.0263,'\x04',pressed,JOSSOL
413.1378,Mouse.left,released,JOSSOL
413.1664,'\x04',released,JOSSOL
413.3102,'\x04',pressed,JOSSOL
413.4821,'\x04',released,JOSSOL
413.4983,'\x13',released,JOSSOL
413.6461,'\x17',pressed,JOSSOL
413.7620,'\x04',pressed,JOSSOL
413.8537,'\x17',released,JOSSOL
413.9958,Mouse.left,pressed,JOSSOL
414.0020,'\x13',pressed,JOSSOL
414.0143,'\x04',released,JOSSOL
414.0832,Mouse.left,released,JOSSOL
414.1540,Mouse.left,pressed,JOSSOL
414.1907,'\x13',released,JOSSOL
414.2154,Mouse.left,released,JOSSOL
414.3583,'\x04',pressed,JOSSOL
414.3864,'\x17',pressed,JOSSOL
414.6462,'\x04',released,JOSSOL
414.8901,'\x17',released,JOSSOL
414.9301,Mouse.left,pressed,JOSSOL
414.9781,'\x13',pressed,JOSSOL
415.0568,Mouse.left,released,JOSSOL
415.1822,'\x04',pressed,JOSSOL
415.2500,'\x04',released,JOSSOL
415.2543,'\x04',pressed,JOSSOL
415.2983,'\x13',released,JOSSOL
415.4181,'\x04',released,JOSSOL
415.4261,'\x17',pressed,JOSSOL
415.5581,'\x01',pressed,JOSSOL
415.8461,'\x17',released,JOSSOL
415.8784,'\x01',released,JOSSOL
415.8989,Mouse.left,pressed,JOSSOL
415.9504,'\x13',pressed,JOSSOL
415.9709,Mouse.left,released,JOSSOL
416.2758,Mouse.left,pressed,JOSSOL
416.3708,Mouse.left,released,JOSSOL
416.4386,'\x04',pressed,JOSSOL
416.5181,Key.ctrl_l,released,JOSSOL
416.7708,'s',released,JOSSOL
417.4900,'w',released,JOSSOL
417.9141,'s',pressed,JOSSOL
418.2300,'s',released,JOSSOL
418.3779,'w',pressed,JOSSOL
418.4946,'d',released,JOSSOL
418.9073,'d',pressed,JOSSOL
418.9985,'d',released,JOSSOL
419.5106,'a',released,JOSSOL
419.7021,'a',pressed,JOSSOL
419.7948,'w',released,JOSSOL
420.0984,'s',pressed,JOSSOL
420.2782,'a',released,JOSSOL
420.4426,'d',pressed,JOSSOL
420.7623,'d',released,JOSSOL
420.7861,'s',released,JOSSOL
421.5981,'2',pressed,JOSSOL
421.6861,'2',released,JOSSOL
422.9899,Key.ctrl_l,pressed,JOSSOL
424.3101,'\x17',pressed,JOSSOL
424.3181,'\x01',pressed,JOSSOL
425.0959,'\x17',released,JOSSOL
425.4623,'\x01',released,JOSSOL
425.8620,Mouse.left,pressed,JOSSOL
425.9361,Mouse.left,released,JOSSOL
426.3390,Mouse.left,pressed,JOSSOL
426.4140,Mouse.left,released,JOSSOL
426.4737,Mouse.left,pressed,JOSSOL
426.5560,Mouse.left,released,JOSSOL
426.5675,'\x04',released,JOSSOL
426.6020,'\x17',pressed,JOSSOL
426.7545,'\x01',pressed,JOSSOL
426.8741,'\x17',released,JOSSOL
427.4420,Key.ctrl_l,released,JOSSOL
427.8787,Mouse.left,pressed,JOSSOL
427.9466,Mouse.left,released,JOSSOL
427.9569,'s',pressed,JOSSOL
428.0184,Mouse.left,pressed,JOSSOL
428.1020,Mouse.left,released,JOSSOL
428.6141,'s',released,JOSSOL
428.6620,'a',released,JOSSOL
446.9740,'w',pressed,JOSSOL
450.7103,'a',pressed,JOSSOL
450.8819,'a',released,JOSSOL
451.4460,'a',pressed,JOSSOL
451.5781,'a',released,JOSSOL
452.2379,'a',pressed,JOSSOL
453.1302,'a',released,JOSSOL
453.2943,'d',pressed,JOSSOL
454.0382,'w',released,JOSSOL
454.2620,'w',pressed,JOSSOL
454.2659,'d',released,JOSSOL
454.4502,'a',pressed,JOSSOL
454.6301,'a',released,JOSSOL
454.7142,'d',pressed,JOSSOL
454.9086,'w',released,JOSSOL
455.4387,Mouse.left,pressed,JOSSOL
455.5160,Mouse.left,released,JOSSOL
456.1299,'w',pressed,JOSSOL
456.2141,'w',released,JOSSOL
456.5342,'w',pressed,JOSSOL
456.8262,'w',released,JOSSOL
457.0452,Mouse.left,pressed,JOSSOL
457.1279,Mouse.left,released,JOSSOL
457.7620,'w',pressed,JOSSOL
458.0741,'w',released,JOSSOL
458.1057,Mouse.left,pressed,JOSSOL
458.1788,Mouse.left,released,JOSSOL
458.6183,'w',pressed,JOSSOL
458.8021,'w',released,JOSSOL
459.0064,'d',released,JOSSOL
459.3219,'r',pressed,JOSSOL
459.3781,'r',released,JOSSOL
460.2260,'a',pressed,JOSSOL
460.6620,'a',released,JOSSOL
461.0979,'s',pressed,JOSSOL
461.2824,'a',pressed,JOSSOL
461.4178,'s',released,JOSSOL
461.7940,'s',pressed,JOSSOL
461.8341,'a',released,JOSSOL
462.1783,'s',released,JOSSOL
462.2904,'w',pressed,JOSSOL
462.6060,'a',pressed,JOSSOL
462.7303,'a',released,JOSSOL
463.2348,'a',pressed,JOSSOL
463.6660,'a',released,JOSSOL
463.6740,'w',released,JOSSOL
464.0420,'d',pressed,JOSSOL
464.1060,'s',pressed,JOSSOL
464.1382,'d',released,JOSSOL
464.3620,'s',released,JOSSOL
464.3983,'a',pressed,JOSSOL
464.5668,'a',released,JOSSOL
464.5780,'w',pressed,JOSSOL
465.0461,'w',released,JOSSOL
465.0749,Mouse.left,pressed,JOSSOL
465.1301,'d',pressed,JOSSOL
465.1498,Mouse.left,released,JOSSOL
465.5263,'s',pressed,JOSSOL
465.6061,'d',released,JOSSOL
465.8822,'s',released,JOSSOL
466.6980,'d',pressed,JOSSOL
467.1342,'d',released,JOSSOL
467.4420,'d',pressed,JOSSOL
467.5864,'d',released,JOSSOL
467.6380,'s',pressed,JOSSOL
467.8421,'s',released,JOSSOL
467.8740,'a',pressed,JOSSOL
468.1072,'w',pressed,JOSSOL
468.1460,'a',released,JOSSOL
468.3021,'w',released,JOSSOL
468.3861,'d',pressed,JOSSOL
468.6260,'d',released,JOSSOL
468.6541,'a',pressed,JOSSOL
468.9267,'w',pressed,JOSSOL
469.1823,'a',released,JOSSOL
469.4022,'a',pressed,JOSSOL
469.7820,'a',released,JOSSOL
469.9132,Mouse.left,pressed,JOSSOL
470.0227,Mouse.left,released,JOSSOL
470.2263,'d',pressed,JOSSOL
470.3047,Mouse.left,pressed,JOSSOL
470.3911,Mouse.left,released,JOSSOL
470.6697,Mouse.left,pressed,JOSSOL
470.7319,Mouse.left,released,JOSSOL
470.7383,'w',released,JOSSOL
470.8248,Mouse.left,pressed,JOSSOL
470.8927,Mouse.left,released,JOSSOL
470.9428,Mouse.left,pressed,JOSSOL
471.0191,Mouse.left,released,JOSSOL
471.0859,Mouse.left,pressed,JOSSOL
471.1189,Mouse.left,released,JOSSOL
471.3782,'s',pressed,JOSSOL
471.6260,'d',released,JOSSOL
471.6372,Mouse.left,pressed,JOSSOL
471.6580,'a',pressed,JOSSOL
471.6887,Mouse.left,released,JOSSOL
471.6981,'s',released,JOSSOL
471.7529,Mouse.left,pressed,JOSSOL
471.8180,Mouse.left,released,JOSSOL
471.8871,Mouse.left,pressed,JOSSOL
471.9500,Mouse.left,released,JOSSOL
472.3749,Mouse.left,pressed,JOSSOL
472.3862,'s',pressed,JOSSOL
472.4508,Mouse.left,released,JOSSOL
472.4540,'a',released,JOSSOL
472.5238,Mouse.left,pressed,JOSSOL
472.6057,Mouse.left,released,JOSSOL
472.6621,'a',pressed,JOSSOL
472.6678,Mouse.left,pressed,JOSSOL
472.7290,Mouse.left,released,JOSSOL
472.8941,'s',released,JOSSOL
473.1980,'s',pressed,JOSSOL
473.2141,'a',released,JOSSOL
473.3420,'d',pressed,JOSSOL
473.3780,'s',released,JOSSOL
473.8763,'d',released,JOSSOL
474.2822,'a',pressed,JOSSOL
474.3943,'w',pressed,JOSSOL
474.5146,'w',released,JOSSOL
474.7140,'w',pressed,JOSSOL
474.7741,'a',released,JOSSOL
475.6505,'a',pressed,JOSSOL
476.8020,'w',released,JOSSOL
477.5460,'w',pressed,JOSSOL
478.1064,'w',released,JOSSOL
478.1859,'a',released,JOSSOL
478.4860,'a',pressed,JOSSOL
478.6223,'w',pressed,JOSSOL
478.8427,'a',released,JOSSOL
478.8467,'w',released,JOSSOL
478.9620,'a',pressed,JOSSOL
479.3941,'a',released,JOSSOL
480.0942,'a',pressed,JOSSOL
480.3614,'a',released,JOSSOL
481.2865,'2',pressed,JOSSOL
481.3662,'2',released,JOSSOL
481.9461,'w',pressed,JOSSOL
481.9580,'d',pressed,JOSSOL
482.0901,'w',released,JOSSOL
482.1220,'d',released,JOSSOL
482.3502,'a',pressed,JOSSOL
482.6021,'a',released,JOSSOL
482.7742,'d',pressed,JOSSOL
482.8020,'d',released,JOSSOL
483.0781,'d',pressed,JOSSOL
483.2062,'w',pressed,JOSSOL
483.2583,'d',released,JOSSOL
483.2941,'w',released,JOSSOL
483.7421,'a',pressed,JOSSOL
483.8779,'s',pressed,JOSSOL
483.9787,'a',released,JOSSOL
484.0346,'s',released,JOSSOL
484.4500,'d',pressed,JOSSOL
484.6106,'d',released,JOSSOL
485.2418,'d',pressed,JOSSOL
485.2459,'w',pressed,JOSSOL
485.3341,'d',released,JOSSOL
485.3500,'w',released,JOSSOL
486.1142,'d',pressed,JOSSOL
486.1860,'d',released,JOSSOL
486.3661,'a',pressed,JOSSOL
486.5816,Mouse.left,pressed,JOSSOL
486.6579,Mouse.left,released,JOSSOL
486.8756,'a',released,JOSSOL
487.1380,'d',pressed,JOSSOL
487.4548,'w',pressed,JOSSOL
487.6382,'w',released,JOSSOL
487.6729,Mouse.left,pressed,JOSSOL
487.7621,Mouse.left,released,JOSSOL
488.4627,'w',pressed,JOSSOL
488.5142,'d',released,JOSSOL
488.8861,'d',pressed,JOSSOL
489.6701,'w',released,JOSSOL
489.9779,'s',pressed,JOSSOL
490.2145,'d',released,JOSSOL
490.4821,'d',pressed,JOSSOL
490.8024,'d',released,JOSSOL
491.1500,'d',pressed,JOSSOL
491.2261,'s',released,JOSSOL
491.3380,'d',released,JOSSOL
492.2180,'w',pressed,JOSSOL
492.4220,'d',pressed,JOSSOL
492.4418,'w',released,JOSSOL
492.5229,'d',released,JOSSOL
492.7503,'s',pressed,JOSSOL
492.8781,'s',released,JOSSOL
493.5858,Key.shift,pressed,JOSSOL
493.6297,Key.shift,released,JOSSOL
493.8099,Key.ctrl_l,pressed,JOSSOL
494.0141,'\x17',pressed,JOSSOL
494.3381,'\x17',released,JOSSOL
494.3663,'\x01',released,JOSSOL
494.5181,'\x04',pressed,JOSSOL
494.8699,'\x04',released,JOSSOL
495.0140,'\x01',pressed,JOSSOL
495.0259,Key.ctrl_l,released,JOSSOL
495.3022,'w',pressed,JOSSOL
495.3498,Key.ctrl_l,pressed,JOSSOL
495.7104,'\x01',released,JOSSOL
495.7861,'\x04',pressed,JOSSOL
495.8260,'\x17',released,JOSSOL
495.8387,'\x17',pressed,JOSSOL
496.1180,'\x17',released,JOSSOL
496.6860,'\x13',released,JOSSOL
497.0660,'\x04',released,JOSSOL
497.5018,Key.ctrl_l,released,JOSSOL
497.6461,'a',pressed,JOSSOL
497.9260,'a',released,JOSSOL
498.0377,'w',released,JOSSOL
498.3101,'s',pressed,JOSSOL
498.6101,'1',pressed,JOSSOL
498.6781,'1',released,JOSSOL
498.8821,'a',pressed,JOSSOL
498.9420,'s',released,JOSSOL
499.6861,'a',released,JOSSOL
499.6982,'s',pressed,JOSSOL
499.8941,'a',pressed,JOSSOL
500.0621,'a',released,JOSSOL
500.0900,'s',released,JOSSOL
500.2662,'a',pressed,JOSSOL
500.4419,Mouse.left,pressed,JOSSOL
500.5291,Mouse.left,released,JOSSOL
500.7742,'s',pressed,JOSSOL
500.8101,'a',released,JOSSOL
500.9823,'s',released,JOSSOL
501.1901,'a',pressed,JOSSOL
501.6390,'a',released,JOSSOL
502.5181,'w',pressed,JOSSOL
502.6661,'d',pressed,JOSSOL
502.9543,'d',released,JOSSOL
503.2501,'d',pressed,JOSSOL
503.3903,'d',released,JOSSOL
503.8943,'d',pressed,JOSSOL
503.9906,'w',released,JOSSOL
504.0892,Mouse.left,pressed,JOSSOL
504.1841,Mouse.left,released,JOSSOL
504.6267,'d',released,JOSSOL
504.9741,'w',pressed,JOSSOL
505.0021,'a',pressed,JOSSOL
505.2660,'w',released,JOSSOL
505.6540,'s',pressed,JOSSOL
505.7385,'a',released,JOSSOL
505.8168,Mouse.left,pressed,JOSSOL
505.9299,Mouse.left,released,JOSSOL
506.4499,'s',released,JOSSOL
506.6763,Mouse.left,pressed,JOSSOL
506.7608,Mouse.left,released,JOSSOL
506.8501,'w',pressed,JOSSOL
507.0060,'w',released,JOSSOL
507.2541,'w',pressed,JOSSOL
507.4140,'w',released,JOSSOL
507.5300,'s',pressed,JOSSOL
507.7221,'s',released,JOSSOL
507.7278,Mouse.left,pressed,JOSSOL
507.7928,Mouse.left,released,JOSSOL
508.1301,'w',pressed,JOSSOL
508.1743,'a',pressed,JOSSOL
508.3503,'w',released,JOSSOL
508.5020,'s',pressed,JOSSOL
508.5061,'a',released,JOSSOL
508.5768,Mouse.left,pressed,JOSSOL
508.6652,Mouse.left,released,JOSSOL
508.9221,'a',pressed,JOSSOL
508.9740,'s',released,JOSSOL
509.4302,'a',released,JOSSOL
509.4383,'r',pressed,JOSSOL
509.5222,'r',released,JOSSOL
513.4981,'d',pressed,JOSSOL
513.5265,'w',pressed,JOSSOL
513.8425,'2',pressed,JOSSOL
513.8582,'d',released,JOSSOL
513.9502,'2',released,JOSSOL
514.0941,'d',pressed,JOSSOL
514.1743,'d',released,JOSSOL
514.3302,'a',pressed,JOSSOL
514.4425,'a',released,JOSSOL
515.3618,'d',pressed,JOSSOL
515.6028,'d',released,JOSSOL
516.1701,'a',pressed,JOSSOL
516.2821,'w',released,JOSSOL
516.6500,'w',pressed,JOSSOL
517.1981,'w',released,JOSSOL
517.5099,'a',released,JOSSOL
517.5407,Mouse.left,pressed,JOSSOL
517.6463,'d',pressed,JOSSOL
517.6715,Mouse.left,released,JOSSOL
517.9660,'w',pressed,JOSSOL
518.9140,'w',released,JOSSOL
519.1140,'a',pressed,JOSSOL
519.1261,'d',released,JOSSOL
519.4504,'d',pressed,JOSSOL
519.4702,'a',released,JOSSOL
519.6061,'w',pressed,JOSSOL
519.8742,'d',released,JOSSOL
520.2300,'d',pressed,JOSSOL
520.6820,'d',released,JOSSOL
520.9742,'d',pressed,JOSSOL
521.1660,'d',released,JOSSOL
521.4820,'a',pressed,JOSSOL
522.0661,'a',released,JOSSOL
522.1905,'w',released,JOSSOL
522.2059,'d',pressed,JOSSOL
522.3425,'s',pressed,JOSSOL
522.3867,'d',released,JOSSOL
522.8220,'a',pressed,JOSSOL
523.2718,Mouse.left,pressed,JOSSOL
523.3449,Mouse.left,released,JOSSOL
523.4863,'s',released,JOSSOL
523.5784,'a',released,JOSSOL
523.7341,'d',pressed,JOSSOL
523.8742,'w',pressed,JOSSOL
523.9460,'d',released,JOSSOL
523.9503,'a',pressed,JOSSOL
523.9743,'w',released,JOSSOL
524.2338,'w',pressed,JOSSOL
524.4422,'w',released,JOSSOL
524.5341,'a',released,JOSSOL
524.5663,'d',pressed,JOSSOL
524.7260,'w',pressed,JOSSOL
524.8858,'d',released,JOSSOL
524.9426,'a',pressed,JOSSOL
524.9663,'w',released,JOSSOL
525.0867,Mouse.left,pressed,JOSSOL
525.0945,'s',pressed,JOSSOL
525.1223,'a',released,JOSSOL
525.1989,Mouse.left,released,JOSSOL
525.2183,'a',pressed,JOSSOL
525.3422,'a',released,JOSSOL
525.4620,'a',pressed,JOSSOL
525.4984,'s',released,JOSSOL
525.5343,'a',released,JOSSOL
525.5499,'d',pressed,JOSSOL
525.6420,'w',pressed,JOSSOL
525.6783,'d',released,JOSSOL
525.8260,'a',pressed,JOSSOL
525.9740,'a',released,JOSSOL
526.0540,'d',pressed,JOSSOL
526.1982,'w',released,JOSSOL
526.4020,'d',released,JOSSOL
526.4581,'a',pressed,JOSSOL
526.6738,Mouse.left,pressed,JOSSOL
526.7570,Mouse.left,released,JOSSOL
526.8460,'a',released,JOSSOL
526.8541,'s',pressed,JOSSOL
526.9303,'a',pressed,JOSSOL
526.9617,'s',released,JOSSOL
527.2188,Mouse.left,pressed,JOSSOL
527.2517,Mouse.left,released,JOSSOL
527.5581,'r',pressed,JOSSOL
527.6665,'r',released,JOSSOL
527.6860,'w',pressed,JOSSOL
528.0022,'a',released,JOSSOL
528.2266,'a',pressed,JOSSOL
528.5620,'w',released,JOSSOL
528.7380,'s',pressed,JOSSOL
529.9513,'a',released,JOSSOL
530.1899,'a',pressed,JOSSOL
530.2582,'s',released,JOSSOL
530.6220,'s',pressed,JOSSOL
530.6379,'a',released,JOSSOL
530.7262,'s',released,JOSSOL
531.2511,'1',pressed,JOSSOL
531.3342,'1',released,JOSSOL
531.5180,'d',pressed,JOSSOL
531.9941,'w',pressed,JOSSOL
532.3223,'w',released,JOSSOL
532.3546,'d',released,JOSSOL
532.3948,Mouse.left,pressed,JOSSOL
532.4338,Mouse.left,released,JOSSOL
532.4663,'s',pressed,JOSSOL
532.8459,'d',pressed,JOSSOL
533.0821,'s',released,JOSSOL
533.2023,'d',released,JOSSOL
534.2581,'a',pressed,JOSSOL
534.3260,'w',pressed,JOSSOL
534.5750,'a',released,JOSSOL
534.8224,'a',pressed,JOSSOL
535.0505,'a',released,JOSSOL
535.4621,'a',pressed,JOSSOL
535.8143,'a',released,JOSSOL
536.0219,'2',pressed,JOSSOL
536.1380,'2',released,JOSSOL
536.2983,'a',pressed,JOSSOL
536.4469,'a',released,JOSSOL
536.5180,'d',pressed,JOSSOL
536.5541,'w',released,JOSSOL
537.2700,'w',pressed,JOSSOL
538.0663,'w',released,JOSSOL
538.1901,'d',released,JOSSOL
538.3104,'a',pressed,JOSSOL
538.5380,'w',pressed,JOSSOL
538.5978,'a',released,JOSSOL
538.6382,'a',pressed,JOSSOL
538.6662,'w',released,JOSSOL
538.8830,Mouse.left,pressed,JOSSOL
538.8983,'s',pressed,JOSSOL
538.9823,Mouse.left,released,JOSSOL
539.5819,Key.space,pressed,JOSSOL
539.6937,Key.space,released,JOSSOL
540.0301,'s',released,JOSSOL
540.0520,Mouse.left,pressed,JOSSOL
540.1350,Mouse.left,released,JOSSOL
540.7304,'s',pressed,JOSSOL
540.7625,'a',released,JOSSOL
540.9141,'d',pressed,JOSSOL
541.0501,'d',released,JOSSOL
541.2380,'d',pressed,JOSSOL
541.7821,'d',released,JOSSOL
542.5741,'d',pressed,JOSSOL
542.7830,'d',released,JOSSOL
542.8862,'d',pressed,JOSSOL
542.9820,'s',released,JOSSOL
543.7462,'w',pressed,JOSSOL
544.5421,'d',released,JOSSOL
544.6822,'a',pressed,JOSSOL
545.1181,'a',released,JOSSOL
545.2222,'w',released,JOSSOL
545.8265,'w',pressed,JOSSOL
546.6501,'a',pressed,JOSSOL
546.7701,'a',released,JOSSOL
546.9541,'a',pressed,JOSSOL
547.0904,'a',released,JOSSOL
547.3941,'a',pressed,JOSSOL
548.0628,'a',released,JOSSOL
548.2662,'a',pressed,JOSSOL
548.2980,'w',released,JOSSOL
548.8310,'a',released,JOSSOL
549.0500,'s',pressed,JOSSOL
549.1624,'s',released,JOSSOL
549.1663,'a',pressed,JOSSOL
549.3140,'w',pressed,JOSSOL
549.3221,'a',released,JOSSOL
549.5822,'a',pressed,JOSSOL
549.7780,'a',released,JOSSOL
549.9384,'d',pressed,JOSSOL
549.9905,'w',released,JOSSOL
550.3942,'w',pressed,JOSSOL
550.4901,'d',released,JOSSOL
550.7023,'a',pressed,JOSSOL
550.9584,'w',released,JOSSOL
551.2505,'a',released,JOSSOL
551.2581,'w',pressed,JOSSOL
551.6780,'a',pressed,JOSSOL
552.0305,'w',released,JOSSOL
552.4426,'s',pressed,JOSSOL
552.5628,'s',released,JOSSOL
552.8582,'w',pressed,JOSSOL
552.8820,'a',released,JOSSOL
553.1299,Mouse.left,pressed,JOSSOL
553.1348,'w',released,JOSSOL
553.1502,'a',pressed,JOSSOL
553.1961,Mouse.left,released,JOSSOL
553.2822,'a',released,JOSSOL
553.2984,'d',pressed,JOSSOL
553.4179,'d',released,JOSSOL
553.6461,'a',pressed,JOSSOL
553.7268,Mouse.left,pressed,JOSSOL
553.7900,Mouse.left,released,JOSSOL
553.8222,'a',released,JOSSOL
554.0222,'d',pressed,JOSSOL
554.0741,'d',released,JOSSOL
554.2940,'a',pressed,JOSSOL
554.5301,'a',released,JOSSOL
555.6426,'1',pressed,JOSSOL
555.7420,'1',released,JOSSOL
555.9219,Mouse.left,pressed,JOSSOL
555.9958,Mouse.left,released,JOSSOL
556.0878,Mouse.left,pressed,JOSSOL
556.1497,Mouse.left,released,JOSSOL
556.2268,Mouse.left,pressed,JOSSOL
556.2899,Mouse.left,released,JOSSOL
556.3679,Mouse.left,pressed,JOSSOL
556.3984,'d',pressed,JOSSOL
556.4139,Mouse.left,released,JOSSOL
556.5223,'w',pressed,JOSSOL
556.8859,Mouse.left,pressed,JOSSOL
556.9261,'d',released,JOSSOL
556.9502,'w',released,JOSSOL
556.9558,Mouse.left,released,JOSSOL
557.0759,Mouse.left,pressed,JOSSOL
557.0793,'a',pressed,JOSSOL
557.1280,Mouse.left,released,JOSSOL
557.2177,Mouse.left,pressed,JOSSOL
557.2940,'s',pressed,JOSSOL
557.2958,Mouse.left,released,JOSSOL
557.3822,Mouse.left,pressed,JOSSOL
557.4328,Mouse.left,released,JOSSOL
557.6620,'s',released,JOSSOL
557.7827,Mouse.left,pressed,JOSSOL
557.8222,'w',pressed,JOSSOL
557.8257,'d',pressed,JOSSOL
557.8420,'a',released,JOSSOL
557.8678,Mouse.left,released,JOSSOL
557.9407,Mouse.left,pressed,JOSSOL
558.0188,Mouse.left,released,JOSSOL
558.1500,'w',released,JOSSOL
558.7010,Mouse.left,pressed,JOSSOL
558.7101,'w',pressed,JOSSOL
558.7761,Mouse.left,released,JOSSOL
558.8442,Mouse.left,pressed,JOSSOL
558.9150,Mouse.left,released,JOSSOL
558.9304,'w',released,JOSSOL
559.0110,Mouse.left,pressed,JOSSOL
559.0697,Mouse.left,released,JOSSOL
559.0990,'a',pressed,JOSSOL
559.1339,'d',released,JOSSOL
559.2341,'w',pressed,JOSSOL
559.3498,Key.space,pressed,JOSSOL
559.4657,Key.space,released,JOSSOL
559.5369,Mouse.left,pressed,JOSSOL
559.6303,Mouse.left,released,JOSSOL
559.6662,'w',released,JOSSOL
559.8390,Mouse.left,pressed,JOSSOL
559.9170,Mouse.left,released,JOSSOL
559.9835,Mouse.left,pressed,JOSSOL
560.0482,Mouse.left,released,JOSSOL
560.1080,Mouse.left,pressed,JOSSOL
560.1900,Mouse.left,released,JOSSOL
560.5622,'w',pressed,JOSSOL
560.8382,'a',released,JOSSOL
561.0822,'w',released,JOSSOL
561.1261,'d',pressed,JOSSOL
561.3301,'w',pressed,JOSSOL
561.7182,'d',released,JOSSOL
561.9869,'d',pressed,JOSSOL
562.0987,'d',released,JOSSOL
562.6742,'a',pressed,JOSSOL
563.1421,'a',released,JOSSOL
563.3421,'a',pressed,JOSSOL
563.4740,'a',released,JOSSOL
564.2308,'d',pressed,JOSSOL
564.7902,'d',released,JOSSOL
565.2186,'d',pressed,JOSSOL
565.3180,'d',released,JOSSOL
565.6200,Mouse.left,pressed,JOSSOL
565.7224,'d',pressed,JOSSOL
565.7261,Mouse.left,released,JOSSOL
566.0793,'w',released,JOSSOL
566.2902,'d',released,JOSSOL
566.3099,'a',pressed,JOSSOL
566.4071,Mouse.left,pressed,JOSSOL
566.4703,'w',pressed,JOSSOL
566.4861,'a',released,JOSSOL
566.5081,Mouse.left,released,JOSSOL
566.5690,Mouse.left,pressed,JOSSOL
566.5865,'d',pressed,JOSSOL
566.6407,Mouse.left,released,JOSSOL
566.8101,'d',released,JOSSOL
566.9350,'a',pressed,JOSSOL
566.9541,'w',released,JOSSOL
567.1168,Mouse.left,pressed,JOSSOL
567.1626,'s',pressed,JOSSOL
567.1790,Mouse.left,released,JOSSOL
567.2680,Mouse.left,pressed,JOSSOL
567.3210,Mouse.left,released,JOSSOL
567.4051,Mouse.left,pressed,JOSSOL
567.4690,Mouse.left,released,JOSSOL
567.5025,'a',released,JOSSOL
567.6180,'d',pressed,JOSSOL
567.7859,'2',pressed,JOSSOL
567.8785,'2',released,JOSSOL
567.9611,Mouse.left,pressed,JOSSOL
568.0140,Mouse.left,released,JOSSOL
568.0852,Mouse.left,pressed,JOSSOL
568.1550,Mouse.left,released,JOSSOL
568.2101,Mouse.left,pressed,JOSSOL
568.2772,Mouse.left,released,JOSSOL
568.3399,Mouse.left,pressed,JOSSOL
568.3808,Mouse.left,released,JOSSOL
568.6023,'s',released,JOSSOL
568.6061,'d',released,JOSSOL
573.9618,Key.tab,pressed,JOSSOL
578.0976,Key.tab,released,JOSSOL
587.2187,'w',pressed,JOSSOL
587.3101,'a',pressed,JOSSOL
587.4741,'a',released,JOSSOL
587.8821,'a',pressed,JOSSOL
588.0222,'a',released,JOSSOL
588.2578,'a',pressed,JOSSOL
588.3699,'a',released,JOSSOL
589.4021,'a',pressed,JOSSOL
589.4740,'a',released,JOSSOL
593.0980,'s',pressed,JOSSOL
593.1265,'w',released,JOSSOL
593.3702,'s',released,JOSSOL
593.4430,'w',pressed,JOSSOL
593.8703,'w',released,JOSSOL
593.9984,'s',pressed,JOSSOL
594.0585,'s',released,JOSSOL
616.0861,'w',pressed,JOSSOL
617.0020,'d',pressed,JOSSOL
617.1822,'d',released,JOSSOL
617.8102,'a',pressed,JOSSOL
617.9941,'a',released,JOSSOL
618.1061,'d',pressed,JOSSOL
618.2266,'d',released,JOSSOL
621.4344,'a',pressed,JOSSOL
621.8460,'w',released,JOSSOL
622.1306,'w',pressed,JOSSOL
622.2222,'a',released,JOSSOL
622.6429,'d',pressed,JOSSOL
622.7860,'d',released,JOSSOL
623.0102,'d',pressed,JOSSOL
623.4859,'w',released,JOSSOL
623.8422,'w',pressed,JOSSOL
624.0301,'d',released,JOSSOL
624.4181,'w',released,JOSSOL
624.4260,'d',pressed,JOSSOL
624.5768,Mouse.left,pressed,JOSSOL
624.6657,Mouse.left,released,JOSSOL
624.7662,'s',pressed,JOSSOL
624.7862,'d',released,JOSSOL
624.9141,'a',pressed,JOSSOL
624.9420,'s',released,JOSSOL
625.1545,'a',released,JOSSOL
625.2461,'d',pressed,JOSSOL
625.2640,Mouse.left,pressed,JOSSOL
625.3128,Mouse.left,released,JOSSOL
625.3384,'d',released,JOSSOL
625.3501,'d',pressed,JOSSOL
625.3797,Mouse.left,pressed,JOSSOL
625.4879,Mouse.left,released,JOSSOL
625.6303,'d',released,JOSSOL
625.7100,'a',pressed,JOSSOL
625.9820,'a',released,JOSSOL
626.1210,Mouse.left,pressed,JOSSOL
626.2078,Mouse.left,released,JOSSOL
626.2578,Mouse.left,pressed,JOSSOL
626.3519,Mouse.left,released,JOSSOL
626.6942,'d',pressed,JOSSOL
626.8500,'d',released,JOSSOL
627.2861,'a',pressed,JOSSOL
627.4060,Mouse.left,pressed,JOSSOL
627.5192,Mouse.left,released,JOSSOL
627.8621,'s',pressed,JOSSOL
628.4100,'s',released,JOSSOL
628.4860,'s',pressed,JOSSOL
628.6260,'a',released,JOSSOL
628.8461,'s',released,JOSSOL
631.4184,'w',pressed,JOSSOL
631.5024,'a',pressed,JOSSOL
632.0181,'w',released,JOSSOL
632.0301,'a',released,JOSSOL
632.2986,'d',pressed,JOSSOL
632.4221,'d',released,JOSSOL
632.5940,'s',pressed,JOSSOL
632.7822,'d',pressed,JOSSOL
632.8461,'s',released,JOSSOL
633.1419,'w',pressed,JOSSOL
633.2422,'w',released,JOSSOL
633.2744,'d',released,JOSSOL
633.7501,'d',pressed,JOSSOL
633.8502,'w',pressed,JOSSOL
633.9940,'d',released,JOSSOL
634.2020,'a',pressed,JOSSOL
634.3060,'a',released,JOSSOL
635.2820,'d',pressed,JOSSOL
635.5100,'w',released,JOSSOL
635.6471,Mouse.left,pressed,JOSSOL
635.7309,Mouse.left,released,JOSSOL
635.8425,'s',pressed,JOSSOL
636.0460,'s',released,JOSSOL
636.3711,Mouse.left,pressed,JOSSOL
636.4431,Mouse.left,released,JOSSOL
636.5309,Mouse.left,pressed,JOSSOL
636.5960,Mouse.left,released,JOSSOL
636.6668,Mouse.left,pressed,JOSSOL
636.7408,Mouse.left,released,JOSSOL
637.6661,'w',pressed,JOSSOL
638.0919,Mouse.left,pressed,JOSSOL
638.2213,Mouse.left,released,JOSSOL
638.5458,'d',released,JOSSOL
638.7700,'d',pressed,JOSSOL
639.2089,Mouse.left,pressed,JOSSOL
639.3019,Mouse.left,released,JOSSOL
639.4860,'d',released,JOSSOL
640.0827,'r',pressed,JOSSOL
640.1740,'r',released,JOSSOL
640.8540,'a',pressed,JOSSOL
641.1862,Key.space,pressed,JOSSOL
641.7342,'a',released,JOSSOL
641.8337,Key.space,released,JOSSOL
641.8539,'a',pressed,JOSSOL
641.9139,'a',released,JOSSOL
642.0300,'a',pressed,JOSSOL
642.2824,'w',released,JOSSOL
642.6137,Key.space,pressed,JOSSOL
642.8777,Key.space,released,JOSSOL
643.2778,'w',pressed,JOSSOL
643.6781,'a',released,JOSSOL
643.7946,'a',pressed,JOSSOL
644.0297,Key.space,pressed,JOSSOL
644.0782,'a',released,JOSSOL
644.1898,Key.space,released,JOSSOL
644.4577,Key.space,pressed,JOSSOL
644.5937,Key.space,released,JOSSOL
644.7218,Key.space,pressed,JOSSOL
644.8697,Key.space,released,JOSSOL
644.9658,Key.space,pressed,JOSSOL
644.9980,'d',pressed,JOSSOL
645.1179,Key.space,released,JOSSOL
645.3545,'a',pressed,JOSSOL
645.5105,'d',released,JOSSOL
645.6425,'w',released,JOSSOL
645.8783,'s',pressed,JOSSOL
646.2662,'a',released,JOSSOL
646.3620,'a',pressed,JOSSOL
646.4105,'s',released,JOSSOL
646.8502,'w',pressed,JOSSOL
647.6381,'w',released,JOSSOL
647.7189,'a',released,JOSSOL
647.7579,'d',pressed,JOSSOL
647.7641,Mouse.left,pressed,JOSSOL
647.8425,Mouse.left,released,JOSSOL
648.1181,'s',pressed,JOSSOL
648.2541,'d',released,JOSSOL
648.3822,'s',released,JOSSOL
648.4904,'2',pressed,JOSSOL
648.5507,'2',released,JOSSOL
648.6423,'s',pressed,JOSSOL
648.6505,Mouse.left,pressed,JOSSOL
648.7111,Mouse.left,released,JOSSOL
648.7822,'a',pressed,JOSSOL
648.7941,Mouse.left,pressed,JOSSOL
648.8550,Mouse.left,released,JOSSOL
648.9308,Mouse.left,pressed,JOSSOL
648.9939,Mouse.left,released,JOSSOL
649.0511,Mouse.left,pressed,JOSSOL
649.1000,Mouse.left,released,JOSSOL
649.3500,'a',released,JOSSOL
649.5022,'d',pressed,JOSSOL
649.6330,Mouse.left,pressed,JOSSOL
649.7170,Mouse.left,released,JOSSOL
649.7761,Mouse.left,pressed,JOSSOL
649.8549,Mouse.left,released,JOSSOL
650.2724,Mouse.left,pressed,JOSSOL
650.4747,Mouse.left,released,JOSSOL
650.5068,Mouse.left,pressed,JOSSOL
650.5868,Mouse.left,released,JOSSOL
650.9140,'d',released,JOSSOL
650.9180,'a',pressed,JOSSOL
651.1323,Mouse.left,pressed,JOSSOL
651.2011,Mouse.left,released,JOSSOL
651.7521,Mouse.left,pressed,JOSSOL
651.8529,Mouse.left,released,JOSSOL
652.3341,'a',released,JOSSOL
652.3632,Mouse.left,pressed,JOSSOL
652.4488,Mouse.left,released,JOSSOL
652.5130,Mouse.left,pressed,JOSSOL
652.5908,Mouse.left,released,JOSSOL
652.9263,'d',pressed,JOSSOL
652.9950,Mouse.left,pressed,JOSSOL
653.0730,Mouse.left,released,JOSSOL
653.2028,Mouse.left,pressed,JOSSOL
653.2728,Mouse.left,released,JOSSOL
653.5151,Mouse.left,pressed,JOSSOL
653.5974,Mouse.left,released,JOSSOL
653.7201,Mouse.left,pressed,JOSSOL
653.7943,Mouse.left,released,JOSSOL
653.9397,Mouse.left,pressed,JOSSOL
654.0108,Mouse.left,released,JOSSOL
654.1021,'d',released,JOSSOL
654.4299,'s',released,JOSSOL
677.4620,'w',pressed,JOSSOL
678.4900,'a',pressed,JOSSOL
678.5941,'a',released,JOSSOL
679.2662,'a',pressed,JOSSOL
679.3501,'a',released,JOSSOL
683.8584,'d',pressed,JOSSOL
683.9980,'d',released,JOSSOL
684.3904,'a',pressed,JOSSOL
685.3943,'w',released,JOSSOL
685.6423,'w',pressed,JOSSOL
685.7105,'a',released,JOSSOL
686.1178,'w',released,JOSSOL
686.2941,'s',pressed,JOSSOL
686.6581,'s',released,JOSSOL
686.6865,'a',pressed,JOSSOL
686.7779,'a',released,JOSSOL
687.1021,'w',pressed,JOSSOL
687.2780,'w',released,JOSSOL
687.4822,'w',pressed,JOSSOL
688.2182,'a',pressed,JOSSOL
688.6702,'w',released,JOSSOL
689.6258,'a',released,JOSSOL
689.6502,'w',pressed,JOSSOL
689.6784,'d',pressed,JOSSOL
689.6991,Mouse.left,pressed,JOSSOL
689.8071,Mouse.left,released,JOSSOL
689.9063,'d',released,JOSSOL
690.1262,'d',pressed,JOSSOL
690.1666,'w',released,JOSSOL
690.5061,'s',pressed,JOSSOL
690.7672,Mouse.left,pressed,JOSSOL
690.8831,Mouse.left,released,JOSSOL
690.9741,'d',released,JOSSOL
691.1942,'a',pressed,JOSSOL
691.3621,'a',released,JOSSOL
691.5293,Mouse.left,pressed,JOSSOL
691.5833,'d',pressed,JOSSOL
691.6195,Mouse.left,released,JOSSOL
691.6818,Mouse.left,pressed,JOSSOL
691.7101,'d',released,JOSSOL
691.7719,Mouse.left,released,JOSSOL
691.9823,'a',pressed,JOSSOL
692.3150,Mouse.left,pressed,JOSSOL
692.3881,Mouse.left,released,JOSSOL
692.3940,'s',released,JOSSOL
692.4647,Mouse.left,pressed,JOSSOL
692.5414,Mouse.left,released,JOSSOL
692.5461,'w',pressed,JOSSOL
692.5786,'w',released,JOSSOL
692.6659,'w',pressed,JOSSOL
692.6979,'a',released,JOSSOL
692.9302,'2',pressed,JOSSOL
693.0387,'2',released,JOSSOL
693.7240,Mouse.left,pressed,JOSSOL
693.8341,'d',pressed,JOSSOL
693.8372,Mouse.left,released,JOSSOL
694.0581,'w',released,JOSSOL
694.2862,'s',pressed,JOSSOL
694.4740,Mouse.left,pressed,JOSSOL
694.5927,Mouse.left,released,JOSSOL
695.0944,'d',released,JOSSOL
695.1260,Mouse.left,pressed,JOSSOL
695.1343,'a',pressed,JOSSOL
695.2297,Mouse.left,released,JOSSOL
695.3697,Key.space,pressed,JOSSOL
695.5342,Key.space,released,JOSSOL
695.7940,'a',released,JOSSOL
695.8307,'s',released,JOSSOL
717.0260,'w',pressed,JOSSOL
720.2622,'d',pressed,JOSSOL
720.4700,'d',released,JOSSOL
723.4421,'d',pressed,JOSSOL
723.8660,'d',released,JOSSOL
724.0299,'d',pressed,JOSSOL
724.2140,'d',released,JOSSOL
724.4302,'d',pressed,JOSSOL
724.8662,'w',released,JOSSOL
724.9104,'d',released,JOSSOL
725.2220,Key.ctrl_l,pressed,JOSSOL
725.4866,'\x17',pressed,JOSSOL
725.5221,'\x01',pressed,JOSSOL
725.8465,'\x17',released,JOSSOL
726.0386,'\x13',pressed,JOSSOL
726.7780,'\x04',pressed,JOSSOL
726.7988,'\x01',released,JOSSOL
727.2061,'\x13',released,JOSSOL
727.3582,'\x17',pressed,JOSSOL
727.4102,'\x04',released,JOSSOL
727.7940,'\x17',released,JOSSOL
727.9701,'\x01',pressed,JOSSOL
728.1782,'\x01',released,JOSSOL
728.7701,'\x04',pressed,JOSSOL
728.8904,'\x04',released,JOSSOL
728.9503,'\x17',pressed,JOSSOL
729.1341,'\x17',released,JOSSOL
733.2460,'\x01',pressed,JOSSOL
733.2620,'\x17',pressed,JOSSOL
733.3860,'\x01',released,JOSSOL
733.4062,'\x17',released,JOSSOL
736.5821,Mouse.left,pressed,JOSSOL
736.6681,Mouse.left,released,JOSSOL
736.7586,'\x17',pressed,JOSSOL
737.0383,'\x01',pressed,JOSSOL
737.1021,'\x17',released,JOSSOL
737.2341,Key.ctrl_l,released,JOSSOL
737.4182,'2',pressed,JOSSOL
737.5181,'2',released,JOSSOL
737.6388,'a',released,JOSSOL
737.6424,'w',pressed,JOSSOL
737.9711,'d',pressed,JOSSOL
738.0571,Mouse.left,pressed,JOSSOL
738.1023,'d',released,JOSSOL
738.1341,Mouse.left,released,JOSSOL
738.1788,'d',pressed,JOSSOL
738.3340,'d',released,JOSSOL
738.3702,'d',pressed,JOSSOL
738.4661,'d',released,JOSSOL
739.0824,'a',pressed,JOSSOL
739.3638,Mouse.left,pressed,JOSSOL
739.4679,Mouse.left,released,JOSSOL
739.5202,Mouse.left,pressed,JOSSOL
739.5663,'a',released,JOSSOL
739.6068,Mouse.left,released,JOSSOL
739.8568,Mouse.left,pressed,JOSSOL
739.9269,Mouse.left,released,JOSSOL
739.9739,Mouse.left,pressed,JOSSOL
740.0411,Mouse.left,released,JOSSOL
740.1200,Mouse.left,pressed,JOSSOL
740.1749,Mouse.left,released,JOSSOL
740.2950,Mouse.left,pressed,JOSSOL
740.3671,Mouse.left,released,JOSSOL
740.4340,Mouse.left,pressed,JOSSOL
740.4969,Mouse.left,released,JOSSOL
740.5658,Mouse.left,pressed,JOSSOL
740.5902,Mouse.left,released,JOSSOL
740.8506,'a',pressed,JOSSOL
741.1461,'a',released,JOSSOL
741.4371,Mouse.left,pressed,JOSSOL
741.5101,Mouse.left,released,JOSSOL
741.5187,'w',released,JOSSOL
741.6185,'s',pressed,JOSSOL
741.7061,'a',pressed,JOSSOL
742.1344,'a',released,JOSSOL
742.1544,'s',released,JOSSOL
763.7858,Mouse.left,pressed,JOSSOL
763.8922,Mouse.left,released,JOSSOL
764.8816,Mouse.left,pressed,JOSSOL
764.9788,Mouse.left,released,JOSSOL
765.6569,Mouse.left,pressed,JOSSOL
765.7679,Mouse.left,released,JOSSOL
766.6690,Mouse.left,pressed,JOSSOL
766.7744,Mouse.left,released,JOSSOL
767.1262,'w',pressed,JOSSOL
767.9181,'r',pressed,JOSSOL
768.0300,'r',released,JOSSOL
768.8140,Key.space,pressed,JOSSOL
768.8939,Mouse.left,pressed,JOSSOL
768.9300,Key.space,released,JOSSOL
769.0080,Mouse.left,released,JOSSOL
769.6782,'d',pressed,JOSSOL
770.0939,'d',released,JOSSOL
770.3420,'w',released,JOSSOL
770.6383,'d',pressed,JOSSOL
771.5542,'d',released,JOSSOL
771.5583,'a',pressed,JOSSOL
771.6745,'w',pressed,JOSSOL
771.9581,'a',released,JOSSOL
772.2700,'a',pressed,JOSSOL
772.9140,'a',released,JOSSOL
773.7429,Mouse.left,pressed,JOSSOL
773.8453,Mouse.left,released,JOSSOL
774.2782,'w',released,JOSSOL
774.4941,'w',pressed,JOSSOL
775.0860,'a',pressed,JOSSOL
775.1941,'a',released,JOSSOL
775.2301,'w',released,JOSSOL
775.7180,'w',pressed,JOSSOL
776.2344,'d',pressed,JOSSOL
776.3581,'d',released,JOSSOL
776.5261,'a',pressed,JOSSOL
776.8901,'a',released,JOSSOL
777.3222,'a',pressed,JOSSOL
777.3506,'w',released,JOSSOL
777.8184,'w',pressed,JOSSOL
778.0861,'w',released,JOSSOL
778.1772,Mouse.left,pressed,JOSSOL
778.2542,Mouse.left,released,JOSSOL
778.2862,'s',pressed,JOSSOL
778.5301,'s',released,JOSSOL
778.7544,'a',released,JOSSOL
778.9501,'d',pressed,JOSSOL
779.1648,Mouse.left,pressed,JOSSOL
779.2389,Mouse.left,released,JOSSOL
779.5662,'d',released,JOSSOL
779.5820,'a',pressed,JOSSOL
779.5864,'w',pressed,JOSSOL
779.6222,'w',released,JOSSOL
779.9740,'a',released,JOSSOL
779.9998,Mouse.left,pressed,JOSSOL
780.0949,Mouse.left,released,JOSSOL
780.2021,'d',pressed,JOSSOL
780.4901,'d',released,JOSSOL
780.5222,'a',pressed,JOSSOL
780.7221,'a',released,JOSSOL
780.8028,Mouse.left,pressed,JOSSOL
780.8541,'s',pressed,JOSSOL
780.8879,Mouse.left,released,JOSSOL
780.9683,Mouse.left,pressed,JOSSOL
781.0560,Mouse.left,released,JOSSOL
781.0824,'a',pressed,JOSSOL
781.1263,'s',released,JOSSOL
781.3705,'a',released,JOSSOL
781.4381,'r',pressed,JOSSOL
781.5222,'r',released,JOSSOL
781.7863,'d',pressed,JOSSOL
781.8821,'d',released,JOSSOL
783.2742,'d',pressed,JOSSOL
783.4622,'d',released,JOSSOL
783.9301,'a',pressed,JOSSOL
786.6589,'w',pressed,JOSSOL
786.8981,'a',released,JOSSOL
787.3741,'d',pressed,JOSSOL
787.4867,'d',released,JOSSOL
787.7503,'a',pressed,JOSSOL
787.9220,'a',released,JOSSOL
788.2428,'d',pressed,JOSSOL
788.6301,'d',released,JOSSOL
788.6819,'a',pressed,JOSSOL
788.9900,'a',released,JOSSOL
789.3661,'a',pressed,JOSSOL
790.6901,'a',released,JOSSOL
791.1903,'d',pressed,JOSSOL
791.3060,'d',released,JOSSOL
791.5421,'d',pressed,JOSSOL
791.7303,'d',released,JOSSOL
792.3900,'d',pressed,JOSSOL
792.4584,'w',released,JOSSOL
792.5742,'d',released,JOSSOL
792.7222,'s',pressed,JOSSOL
792.9581,'s',released,JOSSOL
793.0940,Key.ctrl_l,pressed,JOSSOL
793.3904,'\x17',pressed,JOSSOL
794.4583,'\x17',released,JOSSOL
794.5220,'\x01',released,JOSSOL
796.8543,'\x17',pressed,JOSSOL
796.8747,'\x01',pressed,JOSSOL
796.9463,'\x01',released,JOSSOL
796.9592,'\x17',released,JOSSOL
798.2984,'\x17',pressed,JOSSOL
798.3380,'\x04',pressed,JOSSOL
798.4220,'\x17',released,JOSSOL
798.4580,'\x04',released,JOSSOL
798.7660,'\x01',pressed,JOSSOL
798.8823,'\x01',released,JOSSOL
801.2662,'\x04',pressed,JOSSOL
801.3105,'\x17',pressed,JOSSOL
801.6387,'\x04',released,JOSSOL
801.7107,'\x17',released,JOSSOL
801.7784,'\x01',pressed,JOSSOL
801.9949,'\x13',pressed,JOSSOL
802.0543,'\x01',released,JOSSOL
802.2418,'\x04',pressed,JOSSOL
802.3621,'\x04',released,JOSSOL
802.3781,'\x13',released,JOSSOL
802.6581,'\x04',pressed,JOSSOL
802.7741,'\x17',pressed,JOSSOL
802.9311,'\x04',released,JOSSOL
803.0700,'\x17',released,JOSSOL
803.2141,'\x01',pressed,JOSSOL
803.4061,'\x01',released,JOSSOL
804.1390,'\x04',pressed,JOSSOL
804.1983,'\x04',released,JOSSOL
804.2823,'\x13',pressed,JOSSOL
804.4663,'\x01',pressed,JOSSOL
804.5222,'\x13',released,JOSSOL
804.5701,'\x01',released,JOSSOL
804.7510,'\x04',pressed,JOSSOL
804.8902,'\x04',released,JOSSOL
807.0979,Key.ctrl_l,released,JOSSOL
807.6143,Key.ctrl_l,pressed,JOSSOL
808.2624,'\x17',pressed,JOSSOL
808.8302,'\x17',released,JOSSOL
809.0579,Key.tab,pressed,JOSSOL
809.5178,Key.tab,released,JOSSOL
809.9662,'\x13',pressed,JOSSOL
810.4383,'\x13',released,JOSSOL
810.5902,'\x01',pressed,JOSSOL
810.8751,'\x01',released,JOSSOL
811.0144,'\x17',pressed,JOSSOL
811.4551,'\x17',released,JOSSOL
811.4674,'\x04',pressed,JOSSOL
811.8422,'\x04',released,JOSSOL
812.2308,'\x04',pressed,JOSSOL
812.4224,'\x04',released,JOSSOL
812.5942,'\x13',pressed,JOSSOL
812.6583,'\x01',pressed,JOSSOL
812.7549,'\x13',released,JOSSOL
813.4621,'\x01',released,JOSSOL
813.5501,'\x17',pressed,JOSSOL
813.8343,'\x01',pressed,JOSSOL
814.0542,'\x17',released,JOSSOL
814.2462,'\x01',released,JOSSOL
814.3742,'\x04',pressed,JOSSOL
814.4944,'\x04',released,JOSSOL
814.5183,'\x13',pressed,JOSSOL
814.5662,'\x13',released,JOSSOL
814.7581,'\x01',pressed,JOSSOL
814.7941,'\x17',pressed,JOSSOL
814.9981,'\x17',released,JOSSOL
815.1312,'\x13',pressed,JOSSOL
815.1942,'\x01',released,JOSSOL
815.4977,Key.ctrl_l,released,JOSSOL
815.5784,'d',pressed,JOSSOL
816.2067,'s',released,JOSSOL
816.4429,'w',pressed,JOSSOL
816.7262,'w',released,JOSSOL
817.0902,'d',released,JOSSOL
817.4741,'w',pressed,JOSSOL
817.5862,'a',pressed,JOSSOL
817.6503,'w',released,JOSSOL
817.6623,'a',released,JOSSOL
817.9420,'w',pressed,JOSSOL
818.0384,'a',pressed,JOSSOL
818.0784,'w',released,JOSSOL
818.1102,'a',released,JOSSOL
818.8181,'d',pressed,JOSSOL
818.8783,'s',pressed,JOSSOL
818.9504,'d',released,JOSSOL
819.0067,'s',released,JOSSOL
819.6741,'a',pressed,JOSSOL
819.7380,'a',released,JOSSOL
821.4181,'w',pressed,JOSSOL
821.8224,'a',pressed,JOSSOL
822.7702,'a',released,JOSSOL
823.4306,'a',pressed,JOSSOL
823.6103,'w',released,JOSSOL
824.3148,'w',pressed,JOSSOL
824.3902,'a',released,JOSSOL
824.6381,'a',pressed,JOSSOL
824.8066,'w',released,JOSSOL
824.8543,'a',released,JOSSOL
825.2102,'w',pressed,JOSSOL
825.5303,'a',pressed,JOSSOL
825.6274,'w',released,JOSSOL
825.6543,'a',released,JOSSOL
825.7941,'s',pressed,JOSSOL
825.9831,Mouse.left,pressed,JOSSOL
826.0702,'a',pressed,JOSSOL
826.0939,Mouse.left,released,JOSSOL
826.3660,'a',released,JOSSOL
826.3941,'s',released,JOSSOL
826.5381,'d',pressed,JOSSOL
826.7138,'w',pressed,JOSSOL
826.7941,'d',released,JOSSOL
826.9300,'a',pressed,JOSSOL
827.0184,'w',released,JOSSOL
827.0781,'a',released,JOSSOL
827.1778,'s',pressed,JOSSOL
827.2802,Mouse.left,pressed,JOSSOL
827.4102,Mouse.left,released,JOSSOL
827.4946,'s',released,JOSSOL
827.6581,'d',pressed,JOSSOL
827.8503,'w',pressed,JOSSOL
828.5986,'d',released,JOSSOL
829.3142,'d',pressed,JOSSOL
829.7344,'w',released,JOSSOL
830.1424,'w',pressed,JOSSOL
830.3381,'w',released,JOSSOL
830.5940,'w',pressed,JOSSOL
830.6301,'d',released,JOSSOL
830.7383,'a',pressed,JOSSOL
830.7984,'w',released,JOSSOL
830.9023,'a',released,JOSSOL
831.9161,Mouse.left,pressed,JOSSOL
832.0239,Mouse.left,released,JOSSOL
832.0302,'d',pressed,JOSSOL
832.1340,'d',released,JOSSOL
832.2900,'a',pressed,JOSSOL
832.3820,'w',pressed,JOSSOL
832.3861,'a',released,JOSSOL
832.8021,'w',released,JOSSOL
833.0341,'s',pressed,JOSSOL
833.1901,'s',released,JOSSOL
833.3329,Mouse.left,pressed,JOSSOL
833.4540,Mouse.left,released,JOSSOL
833.9066,'a',pressed,JOSSOL
834.0142,'a',released,JOSSOL
834.2184,Mouse.left,pressed,JOSSOL
834.2968,Mouse.left,released,JOSSOL
834.3739,Mouse.left,pressed,JOSSOL
834.4428,Mouse.left,released,JOSSOL
834.4823,'d',pressed,JOSSOL
834.6344,'d',released,JOSSOL
835.0060,'a',pressed,JOSSOL
835.0739,Mouse.left,pressed,JOSSOL
835.1182,'a',released,JOSSOL
835.1500,Mouse.left,released,JOSSOL
835.2171,Mouse.left,pressed,JOSSOL
835.3188,Mouse.left,released,JOSSOL
835.5385,'d',pressed,JOSSOL
835.7139,'w',pressed,JOSSOL
835.8304,'d',released,JOSSOL
835.8740,'a',pressed,JOSSOL
835.9308,Mouse.left,pressed,JOSSOL
835.9424,'w',released,JOSSOL
835.9958,Mouse.left,released,JOSSOL
836.5660,'2',pressed,JOSSOL
836.6581,'2',released,JOSSOL
836.8748,'w',pressed,JOSSOL
837.0020,'a',released,JOSSOL
837.2620,'a',pressed,JOSSOL
837.3929,Mouse.left,pressed,JOSSOL
837.5050,Mouse.left,released,JOSSOL
837.5502,'a',released,JOSSOL
837.9184,'a',pressed,JOSSOL
838.0778,'r',pressed,JOSSOL
838.0978,'a',released,JOSSOL
838.1500,'r',released,JOSSOL
838.1982,'w',released,JOSSOL
839.0661,'a',pressed,JOSSOL
839.6142,'a',released,JOSSOL
839.6781,'w',pressed,JOSSOL
839.8821,'a',pressed,JOSSOL
840.2183,'a',released,JOSSOL
840.3862,'w',released,JOSSOL
840.4008,Mouse.left,pressed,JOSSOL
840.5018,Mouse.left,released,JOSSOL
840.8306,'s',pressed,JOSSOL
841.0621,'d',pressed,JOSSOL
841.0822,'s',released,JOSSOL
841.1771,Mouse.left,pressed,JOSSOL
841.2183,'d',released,JOSSOL
841.2544,'w',pressed,JOSSOL
841.2693,Mouse.left,released,JOSSOL
841.4421,'a',pressed,JOSSOL
841.5061,'w',released,JOSSOL
841.9430,'r',pressed,JOSSOL
841.9821,'r',released,JOSSOL
842.0349,'a',released,JOSSOL
842.9661,'d',pressed,JOSSOL
843.0224,'w',pressed,JOSSOL
843.1702,'d',released,JOSSOL
843.2541,'w',released,JOSSOL
843.4662,'1',pressed,JOSSOL
843.5542,'1',released,JOSSOL
843.9942,'d',pressed,JOSSOL
844.1381,'w',pressed,JOSSOL
844.1658,'d',released,JOSSOL
845.1982,'d',pressed,JOSSOL
845.4141,'d',released,JOSSOL
845.6482,Mouse.left,pressed,JOSSOL
845.7180,'w',released,JOSSOL
845.7250,Mouse.left,released,JOSSOL
845.7784,'a',pressed,JOSSOL
845.8158,Mouse.left,pressed,JOSSOL
845.8660,'s',pressed,JOSSOL
845.8881,Mouse.left,released,JOSSOL
846.1383,'a',released,JOSSOL
846.2422,'d',pressed,JOSSOL
846.6288,Mouse.left,pressed,JOSSOL
846.6792,Mouse.left,released,JOSSOL
846.7262,'d',released,JOSSOL
846.7702,Mouse.left,pressed,JOSSOL
846.8568,Mouse.left,released,JOSSOL
846.9118,Mouse.left,pressed,JOSSOL
847.0001,Mouse.left,released,JOSSOL
847.1001,Mouse.left,pressed,JOSSOL
847.1731,Mouse.left,released,JOSSOL
847.3598,Mouse.left,pressed,JOSSOL
847.4528,Mouse.left,released,JOSSOL
847.5298,Mouse.left,pressed,JOSSOL
847.6228,Mouse.left,released,JOSSOL
847.6665,'d',pressed,JOSSOL
847.6712,Mouse.left,pressed,JOSSOL
847.7641,Mouse.left,released,JOSSOL
847.7941,'s',released,JOSSOL
847.9861,'w',pressed,JOSSOL
848.2621,'w',released,JOSSOL
848.3941,'2',pressed,JOSSOL
848.4622,'2',released,JOSSOL
848.5540,'d',released,JOSSOL
848.6541,'a',pressed,JOSSOL
848.9261,'w',pressed,JOSSOL
849.0422,'a',released,JOSSOL
849.3520,Mouse.left,pressed,JOSSOL
849.3580,'w',released,JOSSOL
849.4419,Mouse.left,released,JOSSOL
849.4660,'a',pressed,JOSSOL
849.9321,Mouse.left,pressed,JOSSOL
850.0193,Mouse.left,released,JOSSOL
850.5262,'a',released,JOSSOL
850.7143,'d',pressed,JOSSOL
850.8575,Mouse.left,pressed,JOSSOL
850.9609,Mouse.left,released,JOSSOL
851.0580,Mouse.left,pressed,JOSSOL
851.1424,Mouse.left,released,JOSSOL
851.5071,Mouse.left,pressed,JOSSOL
851.5882,Mouse.left,released,JOSSOL
851.6292,Mouse.left,pressed,JOSSOL
851.7038,Mouse.left,released,JOSSOL
851.7560,Mouse.left,pressed,JOSSOL
851.8230,Mouse.left,released,JOSSOL
851.8446,'w',pressed,JOSSOL
851.9980,'d',released,JOSSOL
852.1260,'w',released,JOSSOL
877.4261,'w',pressed,JOSSOL
880.2351,'a',pressed,JOSSOL
880.5862,'a',released,JOSSOL
881.3461,'d',pressed,JOSSOL
881.4741,'d',released,JOSSOL
882.5180,'w',released,JOSSOL
882.9902,'w',pressed,JOSSOL
883.3222,'d',pressed,JOSSOL
883.4785,'d',released,JOSSOL
884.1461,'a',pressed,JOSSOL
884.6821,'a',released,JOSSOL
884.9947,'a',pressed,JOSSOL
885.5062,'a',released,JOSSOL
886.0313,Mouse.left,pressed,JOSSOL
886.1421,Mouse.left,released,JOSSOL
886.1460,'d',pressed,JOSSOL
886.2621,'d',released,JOSSOL
886.2902,'a',pressed,JOSSOL
886.3620,'w',released,JOSSOL
887.8901,'w',pressed,JOSSOL
888.3580,'w',released,JOSSOL
888.6381,'w',pressed,JOSSOL
889.0223,'a',released,JOSSOL
889.1021,'d',pressed,JOSSOL
889.7062,'w',released,JOSSOL
889.7338,Mouse.left,pressed,JOSSOL
889.8031,Mouse.left,released,JOSSOL
890.0303,'w',pressed,JOSSOL
890.2460,'d',released,JOSSOL
890.3780,'d',pressed,JOSSOL
890.5543,'d',released,JOSSOL
890.7264,'r',pressed,JOSSOL
890.8261,'r',released,JOSSOL
890.9103,'a',pressed,JOSSOL
890.9660,'a',released,JOSSOL
891.0099,Key.space,pressed,JOSSOL
891.3820,Key.space,released,JOSSOL
891.6818,Key.space,pressed,JOSSOL
891.7980,Key.space,released,JOSSOL
891.9059,Key.space,pressed,JOSSOL
892.0138,Key.space,released,JOSSOL
892.1257,Key.space,pressed,JOSSOL
892.8500,'a',pressed,JOSSOL
892.9178,'w',released,JOSSOL
893.1582,'s',pressed,JOSSOL
893.4389,'s',released,JOSSOL
893.6061,'w',pressed,JOSSOL
893.6348,'a',released,JOSSOL
894.3101,'a',pressed,JOSSOL
894.3581,'a',released,JOSSOL
894.5023,'a',pressed,JOSSOL
894.8100,Key.space,released,JOSSOL
894.8624,'a',released,JOSSOL
895.3900,'2',pressed,JOSSOL
895.4826,'2',released,JOSSOL
895.7303,'a',pressed,JOSSOL
896.9142,'a',released,JOSSOL
897.9463,'d',pressed,JOSSOL
898.0583,'d',released,JOSSOL
898.0749,'w',released,JOSSOL
898.0821,Mouse.left,pressed,JOSSOL
898.0985,'a',pressed,JOSSOL
898.1619,Mouse.left,released,JOSSOL
898.2352,'s',pressed,JOSSOL
898.3785,'a',released,JOSSOL
898.5062,'d',pressed,JOSSOL
898.6488,Mouse.left,pressed,JOSSOL
898.7526,Mouse.left,released,JOSSOL
898.7784,'d',released,JOSSOL
899.0026,'d',pressed,JOSSOL
899.0971,Mouse.left,pressed,JOSSOL
899.1858,Mouse.left,released,JOSSOL
899.2509,Mouse.left,pressed,JOSSOL
899.3258,Mouse.left,released,JOSSOL
899.5491,Mouse.left,pressed,JOSSOL
899.6320,Mouse.left,released,JOSSOL
899.6841,Mouse.left,pressed,JOSSOL
899.7877,Mouse.left,released,JOSSOL
899.9101,'1',pressed,JOSSOL
899.9662,'1',released,JOSSOL
900.0980,'s',released,JOSSOL
900.1221,'d',released,JOSSOL
900.2021,'a',pressed,JOSSOL
900.3064,'w',pressed,JOSSOL
900.4786,'w',released,JOSSOL
900.5293,Mouse.left,pressed,JOSSOL
900.5543,'d',pressed,JOSSOL
900.5741,'a',released,JOSSOL
900.5826,'w',pressed,JOSSOL
900.6201,Mouse.left,released,JOSSOL
900.7827,'w',released,JOSSOL
901.0067,'a',pressed,JOSSOL
901.0261,'d',released,JOSSOL
901.3742,'d',pressed,JOSSOL
901.3821,'a',released,JOSSOL
901.4240,Mouse.left,pressed,JOSSOL
901.5002,Mouse.left,released,JOSSOL
901.8063,'w',pressed,JOSSOL
901.8867,'d',released,JOSSOL
902.0063,'r',pressed,JOSSOL
902.0300,'w',released,JOSSOL
902.0703,'r',released,JOSSOL
902.3141,'d',pressed,JOSSOL
902.5539,'s',pressed,JOSSOL
902.6662,'d',released,JOSSOL
902.8272,'s',released,JOSSOL
904.3979,'a',pressed,JOSSOL
904.6101,'w',pressed,JOSSOL
904.7262,'a',released,JOSSOL
904.9148,'w',released,JOSSOL
905.1622,'a',pressed,JOSSOL
905.5502,'2',pressed,JOSSOL
905.6585,'2',released,JOSSOL
905.8022,'w',pressed,JOSSOL
905.9862,'a',released,JOSSOL
906.6181,'r',pressed,JOSSOL
906.7061,'r',released,JOSSOL
907.2542,'d',pressed,JOSSOL
907.9142,'w',released,JOSSOL
908.4143,'w',pressed,JOSSOL
908.4780,'d',released,JOSSOL
909.1232,'a',pressed,JOSSOL
909.2544,'a',released,JOSSOL
910.0501,'a',pressed,JOSSOL
910.1902,'a',released,JOSSOL
910.2862,'a',pressed,JOSSOL
910.3022,'w',released,JOSSOL
910.5822,'a',released,JOSSOL
910.6106,'d',pressed,JOSSOL
910.7382,'w',pressed,JOSSOL
910.8822,'d',released,JOSSOL
911.1101,'a',pressed,JOSSOL
911.4511,'a',released,JOSSOL
911.7304,'1',pressed,JOSSOL
911.8620,'1',released,JOSSOL
916.4073,'a',pressed,JOSSOL
916.5305,'w',released,JOSSOL
916.6745,'2',pressed,JOSSOL
916.7548,'2',released,JOSSOL
916.8913,'w',pressed,JOSSOL
917.4310,'w',released,JOSSOL
917.6226,'s',pressed,JOSSOL
918.6780,'s',released,JOSSOL
919.0308,'w',pressed,JOSSOL
919.3101,'w',released,JOSSOL
919.3501,'a',released,JOSSOL
919.7262,'a',pressed,JOSSOL
919.9262,'w',pressed,JOSSOL
919.9630,'a',released,JOSSOL
920.3541,'a',pressed,JOSSOL
920.4901,'a',released,JOSSOL
920.7902,'a',pressed,JOSSOL
920.9065,'w',released,JOSSOL
921.0663,'s',pressed,JOSSOL
921.1304,'a',released,JOSSOL
921.3154,'s',released,JOSSOL
921.3192,'a',pressed,JOSSOL
921.4903,'w',pressed,JOSSOL
921.5067,'a',released,JOSSOL
921.8062,'1',pressed,JOSSOL
921.8743,'d',pressed,JOSSOL
921.8824,'1',released,JOSSOL
922.0302,'w',released,JOSSOL
922.6502,'a',pressed,JOSSOL
922.6521,Mouse.left,pressed,JOSSOL
922.6583,'d',released,JOSSOL
922.7590,Mouse.left,released,JOSSOL
923.2620,'s',pressed,JOSSOL
923.2902,'a',released,JOSSOL
923.3649,Mouse.left,pressed,JOSSOL
923.3941,'d',pressed,JOSSOL
923.4430,Mouse.left,released,JOSSOL
923.7300,'d',released,JOSSOL
923.8981,Mouse.left,pressed,JOSSOL
923.9709,Mouse.left,released,JOSSOL
924.5981,'d',pressed,JOSSOL
924.8663,'d',released,JOSSOL
925.0380,'s',released,JOSSOL
925.2501,'w',pressed,JOSSOL
926.0779,'w',released,JOSSOL
927.3942,'w',pressed,JOSSOL
927.8221,'d',pressed,JOSSOL
927.8783,'w',released,JOSSOL
928.1231,'w',pressed,JOSSOL
928.1947,'d',released,JOSSOL
928.4378,Mouse.left,pressed,JOSSOL
928.4466,'a',pressed,JOSSOL
928.4830,'w',released,JOSSOL
928.5201,Mouse.left,released,JOSSOL
928.6267,'a',released,JOSSOL
928.7661,'d',pressed,JOSSOL
928.8502,'d',released,JOSSOL
929.0879,Mouse.left,pressed,JOSSOL
929.1529,Mouse.left,released,JOSSOL
929.2739,Mouse.left,pressed,JOSSOL
929.3341,'w',pressed,JOSSOL
929.3379,Mouse.left,released,JOSSOL
929.4226,Mouse.left,pressed,JOSSOL
929.5038,Mouse.left,released,JOSSOL
929.5700,'w',released,JOSSOL
929.7701,'d',pressed,JOSSOL
929.8698,'d',released,JOSSOL
930.0059,Mouse.left,pressed,JOSSOL
930.0888,Mouse.left,released,JOSSOL
930.1639,Mouse.left,pressed,JOSSOL
930.2369,Mouse.left,released,JOSSOL
930.3098,Mouse.left,pressed,JOSSOL
930.3688,Mouse.left,released,JOSSOL
930.4420,Mouse.left,pressed,JOSSOL
930.4428,'w',pressed,JOSSOL
930.5240,Mouse.left,released,JOSSOL
930.6942,'d',pressed,JOSSOL
931.0261,'d',released,JOSSOL
931.1342,Mouse.left,pressed,JOSSOL
931.2008,Mouse.left,released,JOSSOL
931.2224,'a',pressed,JOSSOL
931.2719,Mouse.left,pressed,JOSSOL
931.3631,Mouse.left,released,JOSSOL
931.3978,Mouse.left,pressed,JOSSOL
931.4899,Mouse.left,released,JOSSOL
931.9431,'a',released,JOSSOL
932.1824,'a',pressed,JOSSOL
932.2633,'w',released,JOSSOL
932.4022,'2',pressed,JOSSOL
932.4828,'2',released,JOSSOL
932.5942,'w',pressed,JOSSOL
932.7261,'w',released,JOSSOL
932.8301,'s',pressed,JOSSOL
932.8504,'a',released,JOSSOL
933.1339,Mouse.left,pressed,JOSSOL
933.2300,Mouse.left,released,JOSSOL
933.5985,'a',pressed,JOSSOL
933.8023,'s',released,JOSSOL
933.9462,'w',pressed,JOSSOL
934.0582,'w',released,JOSSOL
934.4141,'a',released,JOSSOL
934.4385,'d',pressed,JOSSOL
934.6903,'w',pressed,JOSSOL
934.9592,'d',released,JOSSOL
935.0426,'d',pressed,JOSSOL
935.1701,'d',released,JOSSOL
935.3679,'d',pressed,JOSSOL
935.5980,'d',released,JOSSOL
935.6181,'d',pressed,JOSSOL
935.8707,'d',released,JOSSOL
936.1341,'d',pressed,JOSSOL
936.3824,'d',released,JOSSOL
936.5142,'a',pressed,JOSSOL
936.5460,'w',released,JOSSOL
936.7303,'s',pressed,JOSSOL
936.7469,'a',released,JOSSOL
937.1140,'a',pressed,JOSSOL
937.2184,'s',released,JOSSOL
937.6942,'w',pressed,JOSSOL
938.4265,'a',released,JOSSOL
940.4158,Mouse.left,pressed,JOSSOL
940.4821,'d',pressed,JOSSOL
940.5004,Mouse.left,released,JOSSOL
940.5144,'a',pressed,JOSSOL
940.5263,'w',released,JOSSOL
940.5501,'d',released,JOSSOL
940.5622,'d',pressed,JOSSOL
940.5700,'d',released,JOSSOL
940.6861,'w',pressed,JOSSOL
940.7067,Key.space,pressed,JOSSOL
940.8262,'w',released,JOSSOL
940.8661,Key.space,released,JOSSOL
940.9303,'s',pressed,JOSSOL
940.9583,'a',released,JOSSOL
940.9982,'d',pressed,JOSSOL
941.0671,'s',released,JOSSOL
941.0808,Mouse.left,pressed,JOSSOL
941.1969,Mouse.left,released,JOSSOL
941.1981,'w',pressed,JOSSOL
941.4781,'d',released,JOSSOL
941.6631,'d',pressed,JOSSOL
941.7102,'w',released,JOSSOL
941.9141,'s',pressed,JOSSOL
942.1062,'d',released,JOSSOL
942.2947,'d',pressed,JOSSOL
942.3482,Mouse.left,pressed,JOSSOL
942.4562,Mouse.left,released,JOSSOL
942.8421,'s',released,JOSSOL
942.8659,'d',released,JOSSOL
953.1419,Key.tab,pressed,JOSSOL
957.9698,Key.tab,released,JOSSOL
959.4700,Key.alt_l,pressed,JOSSOL
959.5218,Key.tab,pressed,JOSSOL
959.6801,Key.tab,released,JOSSOL
959.7567,Key.alt_l,released,JOSSOL
