1.5072,Mouse.left,pressed,OTHSOL
1.6133,Mouse.left,released,OTHSOL
3.7224,'w',pressed,OTHSOL
5.0023,'d',pressed,OTHSOL
5.0943,'d',released,OTHSOL
5.2623,'a',pressed,OTHSOL
5.3623,'a',released,OTHSOL
5.5464,Key.shift,pressed,OTHSOL
5.9463,Key.shift,released,OTHSOL
6.2784,'a',pressed,OTHSOL
6.4984,'a',released,OTHSOL
6.7264,'a',pressed,OTHSOL
6.9663,'a',released,OTHSOL
7.1144,'a',pressed,OTHSOL
8.0023,'a',released,OTHSOL
8.4944,'a',pressed,OTHSOL
8.5904,'a',released,OTHSOL
9.3785,'d',pressed,OTHSOL
9.4904,'d',released,OTHSOL
10.3623,'d',pressed,OTHSOL
10.5984,'d',released,OTHSOL
11.2223,'a',pressed,OTHSOL
11.8784,'w',released,OTHSOL
12.1146,'w',pressed,OTHSOL
12.3263,'a',released,OTHSOL
12.4943,'a',pressed,OTHSOL
12.5463,'w',released,OTHSOL
12.7192,Mouse.left,pressed,OTHSOL
12.8195,Mouse.left,released,OTHSOL
13.1224,'w',pressed,OTHSOL
13.1584,'d',pressed,OTHSOL
13.1985,'a',released,OTHSOL
13.4823,'w',released,OTHSOL
13.9263,'w',pressed,OTHSOL
14.2025,'d',released,OTHSOL
14.2183,Key.space,pressed,OTHSOL
14.2944,'a',pressed,OTHSOL
14.3663,'w',released,OTHSOL
14.3982,Key.space,released,OTHSOL
14.7344,'w',pressed,OTHSOL
14.7624,'d',pressed,OTHSOL
14.7985,'a',released,OTHSOL
14.8983,'d',released,OTHSOL
15.0423,'d',pressed,OTHSOL
15.2304,'d',released,OTHSOL
15.2453,Mouse.left,pressed,OTHSOL
15.3182,Key.space,pressed,OTHSOL
15.3313,Mouse.left,released,OTHSOL
15.3542,Key.space,released,OTHSOL
15.4104,'d',pressed,OTHSOL
15.4663,'d',released,OTHSOL
15.9663,'a',pressed,OTHSOL
16.0672,Mouse.left,pressed,OTHSOL
16.0746,'a',released,OTHSOL
16.1615,Mouse.left,released,OTHSOL
16.5788,'d',pressed,OTHSOL
16.8343,'d',released,OTHSOL
16.8663,'d',pressed,OTHSOL
17.4742,Key.shift,pressed,OTHSOL
17.6623,'D',released,OTHSOL
17.7862,Key.shift,released,OTHSOL
18.7343,'d',released,OTHSOL
18.7983,'a',pressed,OTHSOL
18.8192,Mouse.left,pressed,OTHSOL
18.9232,Mouse.left,released,OTHSOL
18.9344,'w',released,OTHSOL
19.0503,'a',released,OTHSOL
37.3843,'w',pressed,OTHSOL
37.5403,Key.shift,pressed,OTHSOL
37.8003,Key.shift,released,OTHSOL
38.4523,'d',pressed,OTHSOL
38.7246,'w',released,OTHSOL
38.9284,'w',pressed,OTHSOL
39.0644,'d',released,OTHSOL
39.2963,Key.shift,pressed,OTHSOL
39.4963,Key.shift,released,OTHSOL
40.5562,Key.space,pressed,OTHSOL
40.6842,Key.space,released,OTHSOL
40.8606,'d',pressed,OTHSOL
41.1444,'a',pressed,OTHSOL
41.1884,'d',released,OTHSOL
41.3243,Key.space,pressed,OTHSOL
41.4004,'a',released,OTHSOL
41.4043,'d',pressed,OTHSOL
41.5283,Key.space,released,OTHSOL
41.8925,'d',released,OTHSOL
42.1164,'d',pressed,OTHSOL
42.5525,'d',released,OTHSOL
42.6804,'a',pressed,OTHSOL
43.3126,'a',released,OTHSOL
43.6285,'d',pressed,OTHSOL
43.8605,'d',released,OTHSOL
44.0483,'d',pressed,OTHSOL
44.4804,'w',released,OTHSOL
45.5042,Key.f2,pressed,OTHSOL
45.6042,Key.f2,released,OTHSOL
45.7524,'d',released,OTHSOL
45.8204,'w',pressed,OTHSOL
46.0923,'a',pressed,OTHSOL
46.4124,'a',released,OTHSOL
46.5964,'a',pressed,OTHSOL
46.6524,'w',released,OTHSOL
47.0683,'d',pressed,OTHSOL
47.1085,'a',released,OTHSOL
47.9205,'s',pressed,OTHSOL
48.0284,'d',released,OTHSOL
48.3564,'d',pressed,OTHSOL
48.6364,'s',released,OTHSOL
49.0144,'w',pressed,OTHSOL
49.2404,'w',released,OTHSOL
49.3944,'w',pressed,OTHSOL
49.5324,'a',pressed,OTHSOL
49.5644,'d',released,OTHSOL
49.8024,'a',released,OTHSOL
50.1144,'d',pressed,OTHSOL
50.2365,'d',released,OTHSOL
50.3064,'a',pressed,OTHSOL
50.4023,'w',released,OTHSOL
51.0664,'d',pressed,OTHSOL
51.0824,'a',released,OTHSOL
51.5805,'a',pressed,OTHSOL
51.6704,'d',released,OTHSOL
51.8925,'d',pressed,OTHSOL
51.9284,'a',released,OTHSOL
52.0383,'s',pressed,OTHSOL
52.2644,'d',released,OTHSOL
52.5784,'d',pressed,OTHSOL
52.7704,'s',released,OTHSOL
53.2904,'s',pressed,OTHSOL
53.3665,'s',released,OTHSOL
53.4984,'w',pressed,OTHSOL
53.8126,'d',released,OTHSOL
54.0426,'a',pressed,OTHSOL
54.6284,'a',released,OTHSOL
54.9145,'d',pressed,OTHSOL
55.5224,'a',pressed,OTHSOL
55.5545,'d',released,OTHSOL
56.5823,'a',released,OTHSOL
56.8024,'d',pressed,OTHSOL
57.5624,'d',released,OTHSOL
58.0585,'d',pressed,OTHSOL
58.1704,'d',released,OTHSOL
58.4784,'d',pressed,OTHSOL
58.6824,'d',released,OTHSOL
58.9345,'a',pressed,OTHSOL
59.1904,'a',released,OTHSOL
59.7904,'d',pressed,OTHSOL
59.8664,'d',released,OTHSOL
59.9666,'a',pressed,OTHSOL
60.5905,'w',released,OTHSOL
60.7944,'w',pressed,OTHSOL
61.0664,'a',released,OTHSOL
61.4504,'a',pressed,OTHSOL
61.5544,'a',released,OTHSOL
61.7144,'a',pressed,OTHSOL
62.0866,'a',released,OTHSOL
62.3024,'a',pressed,OTHSOL
62.4183,'w',released,OTHSOL
62.4634,Mouse.left,pressed,OTHSOL
62.5812,Mouse.left,released,OTHSOL
63.2024,'d',pressed,OTHSOL
63.2344,'a',released,OTHSOL
63.4784,'a',pressed,OTHSOL
63.5545,'a',released,OTHSOL
63.7744,'2',pressed,OTHSOL
63.9104,'2',released,OTHSOL
64.4913,Mouse.left,pressed,OTHSOL
64.5544,'2',pressed,OTHSOL
64.5713,Mouse.left,released,OTHSOL
64.6105,'2',released,OTHSOL
64.8664,'d',released,OTHSOL
70.0944,Key.f2,pressed,OTHSOL
70.2383,Key.f2,released,OTHSOL
83.2364,'w',pressed,OTHSOL
83.8186,'a',pressed,OTHSOL
83.9364,'a',released,OTHSOL
84.9884,'d',pressed,OTHSOL
85.3365,'d',released,OTHSOL
86.7765,'a',pressed,OTHSOL
86.8925,'a',released,OTHSOL
87.5804,'d',pressed,OTHSOL
87.7605,'d',released,OTHSOL
88.1964,'a',pressed,OTHSOL
88.5804,'a',released,OTHSOL
88.7886,'a',pressed,OTHSOL
88.8247,'a',released,OTHSOL
88.9924,'d',pressed,OTHSOL
90.3766,'d',released,OTHSOL
90.5764,'d',pressed,OTHSOL
91.0044,'d',released,OTHSOL
91.2486,'a',pressed,OTHSOL
91.2613,Mouse.left,pressed,OTHSOL
91.3374,Mouse.left,released,OTHSOL
91.3685,'a',released,OTHSOL
91.6124,'d',pressed,OTHSOL
91.6645,'d',released,OTHSOL
94.0604,'d',pressed,OTHSOL
94.3006,'a',pressed,OTHSOL
94.3565,'d',released,OTHSOL
95.4685,'a',released,OTHSOL
95.8094,Mouse.left,pressed,OTHSOL
95.8776,Mouse.left,released,OTHSOL
96.0284,'a',pressed,OTHSOL
96.7805,'a',released,OTHSOL
96.8886,'a',pressed,OTHSOL
97.0484,'a',released,OTHSOL
97.1684,'a',pressed,OTHSOL
97.4044,'w',released,OTHSOL
97.8485,'w',pressed,OTHSOL
98.3044,'a',released,OTHSOL
98.6725,'d',pressed,OTHSOL
99.0284,'w',released,OTHSOL
99.0327,'a',pressed,OTHSOL
99.1124,'d',released,OTHSOL
99.8164,'s',pressed,OTHSOL
100.0125,'s',released,OTHSOL
100.2244,'w',pressed,OTHSOL
100.3886,'a',released,OTHSOL
100.4004,'d',pressed,OTHSOL
100.6044,'w',released,OTHSOL
100.9285,'w',pressed,OTHSOL
101.0605,'d',released,OTHSOL
101.0728,'a',pressed,OTHSOL
101.1724,'a',released,OTHSOL
101.2565,'d',pressed,OTHSOL
101.3684,'d',released,OTHSOL
101.4525,'a',pressed,OTHSOL
101.5605,'w',released,OTHSOL
101.7444,'d',pressed,OTHSOL
101.7765,'a',released,OTHSOL
102.1075,Mouse.left,pressed,OTHSOL
102.1444,'s',pressed,OTHSOL
102.2074,Mouse.left,released,OTHSOL
102.3925,'s',released,OTHSOL
102.7724,'a',pressed,OTHSOL
102.8525,'d',released,OTHSOL
103.5204,'s',pressed,OTHSOL
104.1564,'d',pressed,OTHSOL
104.1844,'s',released,OTHSOL
104.2084,'a',released,OTHSOL
104.4965,'w',pressed,OTHSOL
105.2630,'a',pressed,OTHSOL
105.3125,'d',released,OTHSOL
106.0206,'a',released,OTHSOL
106.0945,'d',pressed,OTHSOL
106.2545,'d',released,OTHSOL
106.3585,'d',pressed,OTHSOL
106.6864,'a',pressed,OTHSOL
106.7685,'d',released,OTHSOL
106.9044,'w',released,OTHSOL
107.0744,'s',pressed,OTHSOL
107.3867,'s',released,OTHSOL
107.6425,'w',pressed,OTHSOL
108.4179,Mouse.left,pressed,OTHSOL
108.4425,'a',released,OTHSOL
108.5154,Mouse.left,released,OTHSOL
108.7065,'a',pressed,OTHSOL
108.9785,'a',released,OTHSOL
109.7526,'d',pressed,OTHSOL
110.2106,'d',released,OTHSOL
110.4385,'d',pressed,OTHSOL
110.7005,'d',released,OTHSOL
111.4263,Key.space,pressed,OTHSOL
111.5705,Key.space,released,OTHSOL
111.6305,'a',pressed,OTHSOL
111.7665,'a',released,OTHSOL
112.2025,'d',pressed,OTHSOL
112.3410,'d',released,OTHSOL
112.4786,'a',pressed,OTHSOL
112.6387,'a',released,OTHSOL
112.7407,'a',pressed,OTHSOL
112.8665,'a',released,OTHSOL
113.2464,'a',pressed,OTHSOL
113.2945,'a',released,OTHSOL
113.9005,'a',pressed,OTHSOL
114.0205,'a',released,OTHSOL
114.5705,Key.shift,pressed,OTHSOL
114.8724,Key.shift,released,OTHSOL
114.9526,'d',pressed,OTHSOL
115.0406,'w',released,OTHSOL
115.1884,'w',pressed,OTHSOL
115.2847,'d',released,OTHSOL
115.4307,'d',pressed,OTHSOL
115.6745,'w',released,OTHSOL
115.8905,'d',released,OTHSOL
116.0264,'w',pressed,OTHSOL
116.0547,'w',released,OTHSOL
116.0665,'w',pressed,OTHSOL
116.1227,'a',pressed,OTHSOL
116.1824,'w',released,OTHSOL
116.2505,'w',pressed,OTHSOL
116.4465,'a',released,OTHSOL
116.5586,'d',pressed,OTHSOL
116.7984,'d',released,OTHSOL
116.8464,'a',pressed,OTHSOL
116.9704,'a',released,OTHSOL
117.1544,Key.shift,pressed,OTHSOL
117.3745,'D',pressed,OTHSOL
117.5025,'D',released,OTHSOL
117.6065,Key.shift,released,OTHSOL
118.0305,'a',pressed,OTHSOL
118.2986,'a',released,OTHSOL
118.8705,'a',pressed,OTHSOL
119.0185,'a',released,OTHSOL
119.4344,'a',pressed,OTHSOL
119.6585,'a',released,OTHSOL
119.9744,'a',pressed,OTHSOL
120.5308,'a',released,OTHSOL
120.6944,'a',pressed,OTHSOL
120.9625,'a',released,OTHSOL
121.1506,'a',pressed,OTHSOL
121.2948,'a',released,OTHSOL
122.0986,'d',pressed,OTHSOL
122.2505,'d',released,OTHSOL
123.0027,'a',pressed,OTHSOL
123.3144,'a',released,OTHSOL
124.0584,Key.f1,pressed,OTHSOL
124.1623,Key.f1,released,OTHSOL
124.3585,'d',pressed,OTHSOL
124.7226,'d',released,OTHSOL
124.8945,'d',pressed,OTHSOL
125.4305,'d',released,OTHSOL
125.6066,'d',pressed,OTHSOL
126.2265,'d',released,OTHSOL
126.5544,'a',pressed,OTHSOL
126.8587,'w',released,OTHSOL
127.0145,'w',pressed,OTHSOL
127.8265,'a',released,OTHSOL
128.2104,'a',pressed,OTHSOL
128.4145,'a',released,OTHSOL
128.6185,'a',pressed,OTHSOL
128.8144,'w',released,OTHSOL
129.0509,'d',pressed,OTHSOL
129.1184,'a',released,OTHSOL
129.2545,'a',pressed,OTHSOL
129.3585,'w',pressed,OTHSOL
129.3750,'d',released,OTHSOL
129.3866,'w',released,OTHSOL
129.4346,'w',pressed,OTHSOL
129.6533,'a',released,OTHSOL
129.6986,'d',pressed,OTHSOL
129.9346,'d',released,OTHSOL
130.0785,'d',pressed,OTHSOL
130.8145,'d',released,OTHSOL
131.1185,'d',pressed,OTHSOL
131.5184,'d',released,OTHSOL
131.6064,'d',pressed,OTHSOL
131.8904,'d',released,OTHSOL
132.3305,'d',pressed,OTHSOL
132.4625,'d',released,OTHSOL
132.7345,'d',pressed,OTHSOL
132.9183,'d',released,OTHSOL
133.4514,Mouse.left,pressed,OTHSOL
133.4587,'a',pressed,OTHSOL
133.5067,'w',released,OTHSOL
133.5236,Mouse.left,released,OTHSOL
134.0344,'d',pressed,OTHSOL
134.0946,'a',released,OTHSOL
134.5534,Mouse.left,pressed,OTHSOL
134.6457,Mouse.left,released,OTHSOL
134.9965,'d',released,OTHSOL
154.1565,'w',pressed,OTHSOL
155.3245,'d',pressed,OTHSOL
155.4129,'d',released,OTHSOL
155.7207,'a',pressed,OTHSOL
155.8005,'a',released,OTHSOL
156.0183,'d',pressed,OTHSOL
156.1287,'d',released,OTHSOL
157.8366,'a',pressed,OTHSOL
157.9806,'a',released,OTHSOL
158.2725,'d',pressed,OTHSOL
158.4325,'d',released,OTHSOL
159.8045,'d',pressed,OTHSOL
159.9926,'d',released,OTHSOL
160.4286,'d',pressed,OTHSOL
160.9644,'d',released,OTHSOL
161.4325,'d',pressed,OTHSOL
161.5248,'d',released,OTHSOL
161.5964,'a',pressed,OTHSOL
161.9047,'w',released,OTHSOL
161.9874,Mouse.left,pressed,OTHSOL
162.0915,Mouse.left,released,OTHSOL
162.1208,'d',pressed,OTHSOL
162.1606,'a',released,OTHSOL
162.9125,'2',pressed,OTHSOL
163.0407,'2',released,OTHSOL
163.1886,'w',pressed,OTHSOL
163.2444,'d',released,OTHSOL
163.3125,'a',pressed,OTHSOL
163.4653,Mouse.left,pressed,OTHSOL
163.5614,Mouse.left,released,OTHSOL
163.6727,'a',released,OTHSOL
163.9305,'a',pressed,OTHSOL
164.5666,'a',released,OTHSOL
164.7914,Mouse.left,pressed,OTHSOL
164.8426,'w',released,OTHSOL
164.8874,Mouse.left,released,OTHSOL
184.0227,'w',pressed,OTHSOL
184.4466,'d',pressed,OTHSOL
184.5824,'d',released,OTHSOL
185.8785,Key.shift,pressed,OTHSOL
186.3544,Key.shift,released,OTHSOL
187.1906,'d',pressed,OTHSOL
187.2104,'d',released,OTHSOL
187.4185,'a',pressed,OTHSOL
187.6425,'a',released,OTHSOL
188.0027,'d',pressed,OTHSOL
188.0624,Key.space,pressed,OTHSOL
188.0746,'w',released,OTHSOL
188.4464,Key.space,released,OTHSOL
188.4585,'a',pressed,OTHSOL
188.5347,'d',released,OTHSOL
188.8104,Key.space,pressed,OTHSOL
189.0145,'d',pressed,OTHSOL
189.0505,'a',released,OTHSOL
189.0624,Key.space,released,OTHSOL
189.5304,Key.space,pressed,OTHSOL
189.5947,'a',pressed,OTHSOL
189.6985,'d',released,OTHSOL
189.7064,Key.space,released,OTHSOL
190.2345,'d',pressed,OTHSOL
190.2586,Key.space,pressed,OTHSOL
190.2825,'a',released,OTHSOL
190.4065,Key.space,released,OTHSOL
190.5425,'w',pressed,OTHSOL
190.9227,'w',released,OTHSOL
191.1267,'w',pressed,OTHSOL
191.6227,'d',released,OTHSOL
191.8465,'d',pressed,OTHSOL
191.9626,'d',released,OTHSOL
192.1105,'a',pressed,OTHSOL
192.2625,'a',released,OTHSOL
192.4185,'a',pressed,OTHSOL
192.5487,'a',released,OTHSOL
192.6889,'a',pressed,OTHSOL
192.7865,'w',released,OTHSOL
193.3965,'w',pressed,OTHSOL
193.4406,'a',released,OTHSOL
193.5045,'d',pressed,OTHSOL
193.5645,'w',released,OTHSOL
193.9113,Mouse.left,pressed,OTHSOL
193.9210,'a',pressed,OTHSOL
193.9785,'d',released,OTHSOL
194.0115,Mouse.left,released,OTHSOL
194.4887,'d',pressed,OTHSOL
194.6405,'a',released,OTHSOL
194.7286,'2',pressed,OTHSOL
194.8127,'2',released,OTHSOL
195.2206,'w',pressed,OTHSOL
195.3405,'d',released,OTHSOL
195.7205,'d',pressed,OTHSOL
196.0466,'w',released,OTHSOL
196.2235,Mouse.left,pressed,OTHSOL
196.2626,'w',pressed,OTHSOL
196.3115,Mouse.left,released,OTHSOL
196.4585,'d',released,OTHSOL
196.5347,'a',pressed,OTHSOL
196.9887,'a',released,OTHSOL
197.0564,Key.shift,pressed,OTHSOL
197.0766,'A',pressed,OTHSOL
197.3227,'A',released,OTHSOL
197.3326,Key.shift,released,OTHSOL
197.6586,'a',pressed,OTHSOL
197.8405,'a',released,OTHSOL
198.3765,'a',pressed,OTHSOL
198.5487,'a',released,OTHSOL
199.3706,'d',pressed,OTHSOL
199.4825,'d',released,OTHSOL
199.7566,Key.space,pressed,OTHSOL
199.8205,'d',pressed,OTHSOL
199.8725,Key.space,released,OTHSOL
200.1828,'a',pressed,OTHSOL
200.2325,'d',released,OTHSOL
200.4666,Key.space,pressed,OTHSOL
200.5248,'d',pressed,OTHSOL
200.5568,'a',released,OTHSOL
200.6725,Key.space,released,OTHSOL
200.9125,'a',pressed,OTHSOL
200.9208,'d',released,OTHSOL
201.0965,'d',pressed,OTHSOL
201.1665,'a',released,OTHSOL
201.1885,'w',released,OTHSOL
201.2225,Key.space,pressed,OTHSOL
201.4368,'a',pressed,OTHSOL
201.4725,Key.space,released,OTHSOL
201.5526,'d',released,OTHSOL
201.9206,'d',pressed,OTHSOL
201.9964,Key.space,pressed,OTHSOL
202.0407,'a',released,OTHSOL
202.3085,Key.space,released,OTHSOL
202.6805,Key.space,pressed,OTHSOL
202.7805,'a',pressed,OTHSOL
202.8366,Key.space,released,OTHSOL
202.8605,'d',released,OTHSOL
203.0965,'w',pressed,OTHSOL
203.1529,'a',released,OTHSOL
203.6165,'d',pressed,OTHSOL
204.9528,'d',released,OTHSOL
205.0246,'a',pressed,OTHSOL
205.4007,'w',released,OTHSOL
205.7485,'w',pressed,OTHSOL
205.9045,'a',released,OTHSOL
206.1206,'d',pressed,OTHSOL
206.7286,'w',released,OTHSOL
207.0686,'w',pressed,OTHSOL
207.3074,'w',released,OTHSOL
207.5805,'a',pressed,OTHSOL
207.6407,'d',released,OTHSOL
207.8285,'w',pressed,OTHSOL
208.0204,'w',released,OTHSOL
208.1527,'w',pressed,OTHSOL
208.2405,'a',released,OTHSOL
208.4327,'a',pressed,OTHSOL
208.5245,'w',released,OTHSOL
208.7086,'w',pressed,OTHSOL
208.7926,'a',released,OTHSOL
208.9046,'d',pressed,OTHSOL
210.5966,'d',released,OTHSOL
210.8247,'d',pressed,OTHSOL
210.9606,'d',released,OTHSOL
211.1805,'a',pressed,OTHSOL
211.5605,'w',released,OTHSOL
211.6406,'w',pressed,OTHSOL
211.7285,'a',released,OTHSOL
211.7526,'d',pressed,OTHSOL
211.8485,'w',released,OTHSOL
212.1726,'s',pressed,OTHSOL
212.5885,'s',released,OTHSOL
213.1246,'s',pressed,OTHSOL
213.4207,'s',released,OTHSOL
213.6085,'s',pressed,OTHSOL
214.1927,'d',released,OTHSOL
214.3086,'d',pressed,OTHSOL
214.5362,'s',released,OTHSOL
214.5685,'s',pressed,OTHSOL
214.9005,'s',released,OTHSOL
215.0327,'w',pressed,OTHSOL
215.2164,Key.space,pressed,OTHSOL
215.2925,'w',released,OTHSOL
215.4086,Key.space,released,OTHSOL
215.4645,'w',pressed,OTHSOL
215.8968,'w',released,OTHSOL
216.1725,'d',released,OTHSOL
216.3605,'a',pressed,OTHSOL
216.3727,'w',pressed,OTHSOL
216.4048,'a',released,OTHSOL
216.6764,Key.space,pressed,OTHSOL
216.8365,'d',pressed,OTHSOL
216.9084,Key.space,released,OTHSOL
217.3446,'w',released,OTHSOL
217.5755,'s',pressed,OTHSOL
217.7285,'s',released,OTHSOL
217.7685,Key.space,pressed,OTHSOL
217.8765,'w',pressed,OTHSOL
217.9485,Key.space,released,OTHSOL
218.0447,'d',released,OTHSOL
218.1125,'a',pressed,OTHSOL
218.1607,'a',released,OTHSOL
218.3846,'d',pressed,OTHSOL
218.8766,'d',released,OTHSOL
218.9925,'d',pressed,OTHSOL
219.2846,'d',released,OTHSOL
219.4925,'d',pressed,OTHSOL
219.8725,'w',released,OTHSOL
220.0442,'w',pressed,OTHSOL
220.1645,'d',released,OTHSOL
220.5205,'a',pressed,OTHSOL
220.7165,'w',released,OTHSOL
221.2387,'w',pressed,OTHSOL
221.3065,'a',released,OTHSOL
221.4645,'d',pressed,OTHSOL
221.8525,'a',pressed,OTHSOL
221.9365,'d',released,OTHSOL
222.0465,'a',released,OTHSOL
222.3765,'d',pressed,OTHSOL
222.5208,'d',released,OTHSOL
222.9245,'a',pressed,OTHSOL
223.2106,'a',released,OTHSOL
223.3865,'a',pressed,OTHSOL
223.5025,'a',released,OTHSOL
223.6046,'a',pressed,OTHSOL
223.8965,'a',released,OTHSOL
224.1125,'a',pressed,OTHSOL
224.4185,'w',released,OTHSOL
224.7945,'w',pressed,OTHSOL
224.8265,'a',released,OTHSOL
224.8905,'d',pressed,OTHSOL
225.0766,'w',released,OTHSOL
225.2006,'w',pressed,OTHSOL
225.3108,'d',released,OTHSOL
225.3986,'d',pressed,OTHSOL
225.8846,'d',released,OTHSOL
226.1106,'a',pressed,OTHSOL
226.7065,'a',released,OTHSOL
227.0926,'d',pressed,OTHSOL
227.2285,'d',released,OTHSOL
227.3465,'a',pressed,OTHSOL
227.7865,'a',released,OTHSOL
227.8286,'d',pressed,OTHSOL
228.1286,'a',pressed,OTHSOL
228.1606,'d',released,OTHSOL
228.5126,'a',released,OTHSOL
228.7028,'d',pressed,OTHSOL
228.9345,'d',released,OTHSOL
228.9445,'a',pressed,OTHSOL
228.9747,'a',released,OTHSOL
229.0985,'a',pressed,OTHSOL
229.1785,'w',released,OTHSOL
229.5054,Mouse.left,pressed,OTHSOL
229.6015,Mouse.left,released,OTHSOL
229.7645,'a',released,OTHSOL
230.2465,'d',pressed,OTHSOL
230.7747,'s',pressed,OTHSOL
230.9509,'s',released,OTHSOL
231.1585,'a',pressed,OTHSOL
231.1866,'d',released,OTHSOL
231.2180,Mouse.left,pressed,OTHSOL
231.3494,Mouse.left,released,OTHSOL
231.8665,'2',pressed,OTHSOL
231.9708,'2',released,OTHSOL
232.1548,'w',pressed,OTHSOL
232.2266,'a',released,OTHSOL
232.3865,'w',released,OTHSOL
232.4066,'a',pressed,OTHSOL
232.4275,Mouse.left,pressed,OTHSOL
232.5037,Mouse.left,released,OTHSOL
232.5148,'a',released,OTHSOL
232.8506,'d',pressed,OTHSOL
233.1626,'w',pressed,OTHSOL
233.1945,'w',released,OTHSOL
233.4266,'w',pressed,OTHSOL
233.5147,'w',released,OTHSOL
233.7625,'w',pressed,OTHSOL
233.8467,'a',pressed,OTHSOL
233.8948,'d',released,OTHSOL
234.0507,'w',released,OTHSOL
234.3065,'w',pressed,OTHSOL
234.4626,'a',released,OTHSOL
234.7437,'d',pressed,OTHSOL
234.9665,'d',released,OTHSOL
235.0265,'a',pressed,OTHSOL
235.3145,'w',released,OTHSOL
235.5735,Mouse.left,pressed,OTHSOL
235.6757,Mouse.left,released,OTHSOL
236.2186,'s',pressed,OTHSOL
236.3707,'a',released,OTHSOL
236.7746,'a',pressed,OTHSOL
236.9547,'s',released,OTHSOL
236.9667,'a',released,OTHSOL
259.2508,'w',pressed,OTHSOL
259.9925,'a',pressed,OTHSOL
260.1206,'a',released,OTHSOL
260.7005,'d',pressed,OTHSOL
260.7285,'d',released,OTHSOL
261.5486,'a',pressed,OTHSOL
261.7366,'a',released,OTHSOL
262.0086,'a',pressed,OTHSOL
262.2568,'a',released,OTHSOL
264.1725,'a',pressed,OTHSOL
264.4007,'a',released,OTHSOL
265.0930,'a',pressed,OTHSOL
265.1165,'w',released,OTHSOL
265.3008,'a',released,OTHSOL
265.4126,'w',pressed,OTHSOL
266.0647,'a',pressed,OTHSOL
266.7247,'a',released,OTHSOL
267.1646,'a',pressed,OTHSOL
267.3448,'a',released,OTHSOL
267.6446,'a',pressed,OTHSOL
267.7767,'a',released,OTHSOL
268.8206,'d',pressed,OTHSOL
268.9327,'d',released,OTHSOL
269.1046,'d',pressed,OTHSOL
269.3126,'d',released,OTHSOL
269.3725,'a',pressed,OTHSOL
269.9725,'w',released,OTHSOL
270.3367,'s',pressed,OTHSOL
270.5651,'a',released,OTHSOL
271.4285,'d',pressed,OTHSOL
271.6285,'d',released,OTHSOL
271.7166,'a',pressed,OTHSOL
271.8888,'s',released,OTHSOL
272.0846,'w',pressed,OTHSOL
272.4807,'a',released,OTHSOL
272.9606,Key.tab,pressed,OTHSOL
273.7327,'w',released,OTHSOL
274.0369,'s',pressed,OTHSOL
274.4927,'s',released,OTHSOL
274.5486,'d',pressed,OTHSOL
274.5766,'d',released,OTHSOL
274.7566,'w',pressed,OTHSOL
275.3085,Key.tab,released,OTHSOL
275.3449,'d',pressed,OTHSOL
275.6366,'d',released,OTHSOL
275.9648,'a',pressed,OTHSOL
276.1245,'w',released,OTHSOL
276.4007,'w',pressed,OTHSOL
276.4686,'a',released,OTHSOL
276.7328,'a',pressed,OTHSOL
276.9169,'a',released,OTHSOL
277.0087,'d',pressed,OTHSOL
277.1126,'w',released,OTHSOL
277.4406,'w',pressed,OTHSOL
277.5045,'a',pressed,OTHSOL
277.5366,'d',released,OTHSOL
277.5405,'a',released,OTHSOL
277.6046,'d',pressed,OTHSOL
277.7286,'d',released,OTHSOL
278.1926,'a',pressed,OTHSOL
278.8046,'w',released,OTHSOL
279.1226,'w',pressed,OTHSOL
279.4846,'a',released,OTHSOL
279.6787,'d',pressed,OTHSOL
279.9072,'w',released,OTHSOL
280.1627,'w',pressed,OTHSOL
280.3826,'d',released,OTHSOL
280.5266,'d',pressed,OTHSOL
280.7225,'d',released,OTHSOL
281.9747,'d',pressed,OTHSOL
282.0526,'w',released,OTHSOL
282.5448,'w',pressed,OTHSOL
282.7586,'a',pressed,OTHSOL
282.7687,'d',released,OTHSOL
282.9329,'a',released,OTHSOL
283.1286,'a',pressed,OTHSOL
283.2327,'a',released,OTHSOL
283.3186,'d',pressed,OTHSOL
283.6166,'d',released,OTHSOL
284.2506,'a',pressed,OTHSOL
284.3466,'a',released,OTHSOL
284.7026,'d',pressed,OTHSOL
285.7947,'a',pressed,OTHSOL
285.8586,'d',released,OTHSOL
286.0406,'a',released,OTHSOL
286.1167,'d',pressed,OTHSOL
286.6966,'d',released,OTHSOL
286.7026,'a',pressed,OTHSOL
287.2666,'a',released,OTHSOL
287.3026,'d',pressed,OTHSOL
287.5666,'d',released,OTHSOL
288.1386,'a',pressed,OTHSOL
288.4305,'a',released,OTHSOL
288.8106,'a',pressed,OTHSOL
289.0706,'a',released,OTHSOL
289.9226,'a',pressed,OTHSOL
290.6186,'a',released,OTHSOL
290.7547,'d',pressed,OTHSOL
290.9306,'a',pressed,OTHSOL
290.9986,'d',released,OTHSOL
291.0307,'a',released,OTHSOL
291.0747,'a',pressed,OTHSOL
291.9826,'a',released,OTHSOL
292.2666,'a',pressed,OTHSOL
292.3349,'a',released,OTHSOL
293.1506,'d',pressed,OTHSOL
293.4626,'a',pressed,OTHSOL
293.4906,'d',released,OTHSOL
293.6426,'w',released,OTHSOL
294.2546,'w',pressed,OTHSOL
294.5466,'a',released,OTHSOL
294.5906,'d',pressed,OTHSOL
294.8188,'w',released,OTHSOL
295.0106,'w',pressed,OTHSOL
295.1666,'d',released,OTHSOL
295.8586,'d',pressed,OTHSOL
296.2625,'d',released,OTHSOL
296.7066,'a',pressed,OTHSOL
297.0347,'w',released,OTHSOL
297.5948,'w',pressed,OTHSOL
297.7868,'a',released,OTHSOL
298.0428,'a',pressed,OTHSOL
298.5026,'a',released,OTHSOL
298.6506,'a',pressed,OTHSOL
299.0466,'a',released,OTHSOL
299.1506,'a',pressed,OTHSOL
299.2506,'a',released,OTHSOL
299.3306,'d',pressed,OTHSOL
299.5905,'d',released,OTHSOL
299.6946,'a',pressed,OTHSOL
299.9550,'a',released,OTHSOL
300.2625,'a',pressed,OTHSOL
300.4626,'w',released,OTHSOL
300.5626,'w',pressed,OTHSOL
300.7706,'w',released,OTHSOL
300.9706,'s',pressed,OTHSOL
301.0506,'s',released,OTHSOL
301.1186,'d',pressed,OTHSOL
301.2268,'d',released,OTHSOL
301.2868,'w',pressed,OTHSOL
301.3748,'a',released,OTHSOL
301.5508,'d',pressed,OTHSOL
301.6188,'d',released,OTHSOL
301.6746,'a',pressed,OTHSOL
301.7106,'a',released,OTHSOL
302.1987,'d',pressed,OTHSOL
302.3108,'d',released,OTHSOL
302.8705,Key.space,pressed,OTHSOL
303.0147,Key.space,released,OTHSOL
303.1308,'d',pressed,OTHSOL
303.4267,'d',released,OTHSOL
303.7271,'d',pressed,OTHSOL
304.1666,'d',released,OTHSOL
304.3507,'d',pressed,OTHSOL
304.4986,'d',released,OTHSOL
305.2066,'d',pressed,OTHSOL
305.3426,'d',released,OTHSOL
305.5986,Key.shift,pressed,OTHSOL
305.8828,Key.shift,released,OTHSOL
306.0307,'d',pressed,OTHSOL
306.2946,'d',released,OTHSOL
308.3326,'d',pressed,OTHSOL
309.3909,'d',released,OTHSOL
309.5566,'d',pressed,OTHSOL
310.4307,'w',released,OTHSOL
310.5968,'d',released,OTHSOL
314.5845,Key.esc,pressed,OTHSOL
314.7148,Key.esc,released,OTHSOL
316.5655,Mouse.left,pressed,OTHSOL
316.6576,Mouse.left,released,OTHSOL
317.8266,Mouse.left,pressed,OTHSOL
317.9250,Mouse.left,released,OTHSOL
318.5147,Mouse.left,pressed,OTHSOL
318.5827,Mouse.left,released,OTHSOL
320.2700,'w',pressed,OTHSOL
320.3999,'w',released,OTHSOL
320.5118,'w',pressed,OTHSOL
322.3617,'a',pressed,OTHSOL
322.4758,'a',released,OTHSOL
323.7979,'a',pressed,OTHSOL
324.1017,'a',released,OTHSOL
326.2738,'d',pressed,OTHSOL
326.4158,'d',released,OTHSOL
326.4820,'a',pressed,OTHSOL
326.6779,'a',released,OTHSOL
326.7397,'d',pressed,OTHSOL
327.0698,'d',released,OTHSOL
327.5937,'a',pressed,OTHSOL
327.7419,'a',released,OTHSOL
328.4257,'a',pressed,OTHSOL
329.0780,'w',released,OTHSOL
329.3338,'s',pressed,OTHSOL
329.5701,'a',released,OTHSOL
329.6819,'d',pressed,OTHSOL
329.8498,'s',released,OTHSOL
329.9978,'w',pressed,OTHSOL
330.4939,'w',released,OTHSOL
330.5017,'a',pressed,OTHSOL
330.6338,'d',released,OTHSOL
331.1980,'d',pressed,OTHSOL
331.2738,'a',released,OTHSOL
331.9421,'a',pressed,OTHSOL
332.0138,'d',released,OTHSOL
332.1260,'a',released,OTHSOL
332.1538,'d',pressed,OTHSOL
332.2338,'a',pressed,OTHSOL
332.2458,'d',released,OTHSOL
332.6262,Mouse.left,pressed,OTHSOL
332.7127,Mouse.left,released,OTHSOL
332.8698,'s',pressed,OTHSOL
333.0419,'a',released,OTHSOL
333.2378,'a',pressed,OTHSOL
333.4618,'s',released,OTHSOL
333.5303,'a',released,OTHSOL
338.3738,Key.tab,pressed,OTHSOL
339.7983,Key.tab,released,OTHSOL
352.6579,'w',pressed,OTHSOL
352.8557,Key.shift,pressed,OTHSOL
353.2177,Key.shift,released,OTHSOL
354.9197,Key.space,pressed,OTHSOL
354.9241,'a',pressed,OTHSOL
355.0139,'w',released,OTHSOL
355.0776,Key.space,released,OTHSOL
355.1599,'d',pressed,OTHSOL
355.2240,'a',released,OTHSOL
355.6536,Key.space,pressed,OTHSOL
355.8519,Key.space,released,OTHSOL
355.9041,'a',pressed,OTHSOL
355.9838,'d',released,OTHSOL
356.4539,Key.space,pressed,OTHSOL
356.4681,'d',pressed,OTHSOL
356.5338,'a',released,OTHSOL
356.6158,Key.space,released,OTHSOL
356.8298,'w',pressed,OTHSOL
357.1162,'d',released,OTHSOL
357.6757,Key.space,pressed,OTHSOL
357.6877,'a',pressed,OTHSOL
357.7479,'w',released,OTHSOL
357.8436,Key.space,released,OTHSOL
358.3158,'w',pressed,OTHSOL
358.3718,'a',released,OTHSOL
358.9559,'d',pressed,OTHSOL
359.0000,Key.space,pressed,OTHSOL
359.0479,'w',released,OTHSOL
359.3917,Key.space,released,OTHSOL
359.7437,Key.space,pressed,OTHSOL
359.9078,Key.space,released,OTHSOL
359.9616,'a',pressed,OTHSOL
360.0158,'d',released,OTHSOL
360.4877,Key.space,pressed,OTHSOL
360.6678,Key.space,released,OTHSOL
360.7960,'d',pressed,OTHSOL
360.8438,'a',released,OTHSOL
361.1799,'w',pressed,OTHSOL
362.0198,'d',released,OTHSOL
362.8518,'d',pressed,OTHSOL
363.5318,'d',released,OTHSOL
363.8998,'d',pressed,OTHSOL
364.0518,'d',released,OTHSOL
365.2320,'a',pressed,OTHSOL
365.5838,'a',released,OTHSOL
365.8040,'a',pressed,OTHSOL
366.1521,'a',released,OTHSOL
366.4678,'a',pressed,OTHSOL
366.5558,'a',released,OTHSOL
366.9599,'a',pressed,OTHSOL
367.2159,'a',released,OTHSOL
367.4041,'a',pressed,OTHSOL
367.4322,'a',released,OTHSOL
367.4798,'d',pressed,OTHSOL
367.7638,'d',released,OTHSOL
367.9758,'a',pressed,OTHSOL
368.1278,'w',released,OTHSOL
368.3321,'d',pressed,OTHSOL
368.3558,'a',released,OTHSOL
368.6646,Mouse.left,pressed,OTHSOL
368.7239,'w',pressed,OTHSOL
368.7528,Mouse.left,released,OTHSOL
368.7563,'w',released,OTHSOL
368.8840,'w',pressed,OTHSOL
369.3238,Key.space,pressed,OTHSOL
369.3478,'w',released,OTHSOL
369.5318,Key.space,released,OTHSOL
369.8919,'w',pressed,OTHSOL
370.0038,'a',pressed,OTHSOL
370.0838,'d',released,OTHSOL
370.2200,'a',released,OTHSOL
370.3918,'d',pressed,OTHSOL
370.6400,'w',released,OTHSOL
370.6758,'a',pressed,OTHSOL
370.7718,'d',released,OTHSOL
371.1401,'w',pressed,OTHSOL
371.6721,'w',released,OTHSOL
371.8318,'s',pressed,OTHSOL
371.9278,'a',released,OTHSOL
372.4532,'d',pressed,OTHSOL
372.5079,'d',released,OTHSOL
372.5600,'a',pressed,OTHSOL
372.6238,'s',released,OTHSOL
372.7038,'w',pressed,OTHSOL
372.7838,'a',released,OTHSOL
372.9558,'d',pressed,OTHSOL
373.0039,'a',pressed,OTHSOL
373.0642,'w',released,OTHSOL
373.0999,'a',released,OTHSOL
373.4439,'a',pressed,OTHSOL
373.5721,'s',pressed,OTHSOL
373.5998,'d',released,OTHSOL
373.8278,'s',released,OTHSOL
374.0440,'s',pressed,OTHSOL
374.2718,'s',released,OTHSOL
374.3639,'w',pressed,OTHSOL
374.4519,'a',released,OTHSOL
374.5078,'d',pressed,OTHSOL
374.8918,'d',released,OTHSOL
374.9398,'a',pressed,OTHSOL
374.9599,'a',released,OTHSOL
375.0478,'d',pressed,OTHSOL
375.2238,'a',pressed,OTHSOL
375.2758,'d',released,OTHSOL
375.4559,'w',released,OTHSOL
375.6438,'s',pressed,OTHSOL
375.9359,'s',released,OTHSOL
376.0398,'w',pressed,OTHSOL
376.1601,'a',released,OTHSOL
376.2800,'a',pressed,OTHSOL
376.3720,'w',released,OTHSOL
376.5779,'s',pressed,OTHSOL
376.5908,Mouse.left,pressed,OTHSOL
376.6450,Mouse.left,released,OTHSOL
376.7380,'a',released,OTHSOL
376.7738,'d',pressed,OTHSOL
377.1080,'s',released,OTHSOL
377.6322,'w',pressed,OTHSOL
377.7518,'d',released,OTHSOL
377.8218,'a',pressed,OTHSOL
377.8938,'w',released,OTHSOL
379.0499,'d',pressed,OTHSOL
379.0598,'a',released,OTHSOL
379.1699,'w',pressed,OTHSOL
379.5080,'w',released,OTHSOL
379.5899,'w',pressed,OTHSOL
379.7060,'d',released,OTHSOL
379.7781,'a',pressed,OTHSOL
379.9778,'a',released,OTHSOL
380.2098,'a',pressed,OTHSOL
380.3339,'a',released,OTHSOL
380.4261,'d',pressed,OTHSOL
380.4619,'d',released,OTHSOL
380.5947,Mouse.left,pressed,OTHSOL
380.6320,'a',pressed,OTHSOL
380.7148,Mouse.left,released,OTHSOL
380.7420,'w',released,OTHSOL
381.0001,'d',pressed,OTHSOL
381.0141,'a',released,OTHSOL
381.8339,'2',pressed,OTHSOL
381.9140,'2',released,OTHSOL
382.0699,'w',pressed,OTHSOL
382.1180,'d',released,OTHSOL
382.3467,Mouse.left,pressed,OTHSOL
382.4748,Mouse.left,released,OTHSOL
382.5040,'a',pressed,OTHSOL
382.6438,'w',released,OTHSOL
383.5101,'w',pressed,OTHSOL
383.6657,'a',released,OTHSOL
383.9879,'a',pressed,OTHSOL
384.1319,'d',pressed,OTHSOL
384.1461,'a',released,OTHSOL
384.1638,'w',released,OTHSOL
384.3238,'w',pressed,OTHSOL
384.4599,'d',released,OTHSOL
384.7658,'d',pressed,OTHSOL
384.9119,'w',released,OTHSOL
385.5938,'w',pressed,OTHSOL
385.8219,'d',released,OTHSOL
386.4419,'d',pressed,OTHSOL
386.8498,'d',released,OTHSOL
387.0899,'a',pressed,OTHSOL
387.3779,'a',released,OTHSOL
387.3858,'d',pressed,OTHSOL
387.5140,'d',released,OTHSOL
387.5261,'a',pressed,OTHSOL
387.8500,'a',released,OTHSOL
387.9100,'d',pressed,OTHSOL
388.0379,'d',released,OTHSOL
388.1978,'d',pressed,OTHSOL
389.1580,'a',pressed,OTHSOL
389.2219,'d',released,OTHSOL
389.2258,'w',released,OTHSOL
389.3500,'w',pressed,OTHSOL
389.6338,'a',released,OTHSOL
389.7100,'d',pressed,OTHSOL
389.7979,'w',released,OTHSOL
389.9345,'w',pressed,OTHSOL
390.4259,'d',released,OTHSOL
390.4700,'a',pressed,OTHSOL
390.5338,'a',released,OTHSOL
390.7219,'a',pressed,OTHSOL
390.8179,'a',released,OTHSOL
391.0819,'a',pressed,OTHSOL
391.8378,'a',released,OTHSOL
392.0141,'a',pressed,OTHSOL
392.5180,'w',released,OTHSOL
392.7139,'s',pressed,OTHSOL
392.9139,'s',released,OTHSOL
393.0458,'w',pressed,OTHSOL
393.5262,'a',released,OTHSOL
395.0739,'a',pressed,OTHSOL
395.2739,'a',released,OTHSOL
395.5860,'a',pressed,OTHSOL
395.8820,'a',released,OTHSOL
396.4020,'a',pressed,OTHSOL
396.7099,'a',released,OTHSOL
396.8338,'a',pressed,OTHSOL
397.6058,'a',released,OTHSOL
397.6819,'d',pressed,OTHSOL
397.8939,'a',pressed,OTHSOL
397.9058,'d',released,OTHSOL
398.1700,'w',released,OTHSOL
398.3821,'s',pressed,OTHSOL
398.7538,'a',released,OTHSOL
398.9779,'d',pressed,OTHSOL
399.0618,'d',released,OTHSOL
399.1979,'a',pressed,OTHSOL
399.4218,'s',released,OTHSOL
399.6260,'w',pressed,OTHSOL
399.9258,Key.space,pressed,OTHSOL
399.9380,'w',released,OTHSOL
400.0698,Key.space,released,OTHSOL
400.4259,'w',pressed,OTHSOL
400.7219,'a',released,OTHSOL
401.0901,'d',pressed,OTHSOL
401.2019,'d',released,OTHSOL
401.3178,'d',pressed,OTHSOL
401.5779,'d',released,OTHSOL
401.6701,'a',pressed,OTHSOL
402.3220,'a',released,OTHSOL
402.5219,'a',pressed,OTHSOL
402.7098,'a',released,OTHSOL
402.9818,'a',pressed,OTHSOL
403.7939,'a',released,OTHSOL
403.9698,'d',pressed,OTHSOL
404.0570,Mouse.left,pressed,OTHSOL
404.0659,'a',pressed,OTHSOL
404.0939,'d',released,OTHSOL
404.1179,'w',released,OTHSOL
404.1628,Mouse.left,released,OTHSOL
404.5180,'a',released,OTHSOL
414.3961,Key.f1,pressed,OTHSOL
414.4759,Key.f1,released,OTHSOL
422.8720,'w',pressed,OTHSOL
423.8919,'a',pressed,OTHSOL
424.0519,'a',released,OTHSOL
424.6919,'a',pressed,OTHSOL
424.8405,'a',released,OTHSOL
425.1561,'a',pressed,OTHSOL
425.4081,'a',released,OTHSOL
425.5800,'a',pressed,OTHSOL
425.9278,'a',released,OTHSOL
428.0639,'a',pressed,OTHSOL
428.3520,'w',released,OTHSOL
428.7839,'w',pressed,OTHSOL
428.9360,'a',released,OTHSOL
429.2360,'a',pressed,OTHSOL
429.4160,'a',released,OTHSOL
430.0601,'a',pressed,OTHSOL
430.3439,'a',released,OTHSOL
430.6639,'a',pressed,OTHSOL
430.8160,'a',released,OTHSOL
431.2361,'d',pressed,OTHSOL
431.3519,'d',released,OTHSOL
431.5119,'a',pressed,OTHSOL
431.8039,'a',released,OTHSOL
432.0120,'a',pressed,OTHSOL
432.5399,'a',released,OTHSOL
432.7832,'d',pressed,OTHSOL
432.9279,'d',released,OTHSOL
433.6659,'a',pressed,OTHSOL
434.2778,Key.space,pressed,OTHSOL
434.3498,'a',released,OTHSOL
434.4098,Key.space,released,OTHSOL
435.9898,Key.f1,pressed,OTHSOL
436.1397,Key.f1,released,OTHSOL
436.6299,'a',pressed,OTHSOL
436.9159,'w',released,OTHSOL
437.0218,'w',pressed,OTHSOL
437.1859,'a',released,OTHSOL
437.4798,'d',pressed,OTHSOL
437.5720,'d',released,OTHSOL
437.8542,'d',pressed,OTHSOL
437.9478,'d',released,OTHSOL
438.0420,'a',pressed,OTHSOL
438.2419,'a',released,OTHSOL
438.4262,'a',pressed,OTHSOL
438.7118,'a',released,OTHSOL
439.0739,'d',pressed,OTHSOL
439.4459,'d',released,OTHSOL
439.6078,'d',pressed,OTHSOL
440.3220,'w',released,OTHSOL
440.5599,'w',pressed,OTHSOL
441.1939,'d',released,OTHSOL
441.4019,'d',pressed,OTHSOL
442.0342,'d',released,OTHSOL
442.2119,'d',pressed,OTHSOL
442.7898,'d',released,OTHSOL
443.0945,'a',pressed,OTHSOL
443.2540,'a',released,OTHSOL
443.5019,'a',pressed,OTHSOL
443.5247,Mouse.left,pressed,OTHSOL
443.6347,Mouse.left,released,OTHSOL
443.6780,'a',released,OTHSOL
443.9419,'a',pressed,OTHSOL
444.7418,'a',released,OTHSOL
444.7500,'d',pressed,OTHSOL
445.1261,'a',pressed,OTHSOL
445.1951,'d',released,OTHSOL
445.2979,'w',released,OTHSOL
445.6259,'w',pressed,OTHSOL
445.8179,'a',released,OTHSOL
446.0901,'d',pressed,OTHSOL
446.2458,'d',released,OTHSOL
446.4779,'a',pressed,OTHSOL
446.7618,'a',released,OTHSOL
446.9539,'a',pressed,OTHSOL
447.0059,'a',released,OTHSOL
447.1528,Mouse.left,pressed,OTHSOL
447.2550,Mouse.left,released,OTHSOL
447.4742,'a',pressed,OTHSOL
447.5622,'w',released,OTHSOL
447.8820,'w',pressed,OTHSOL
447.8979,'d',pressed,OTHSOL
447.9220,'a',released,OTHSOL
447.9540,'w',released,OTHSOL
448.0179,'w',pressed,OTHSOL
448.2659,'w',released,OTHSOL
448.7339,'s',pressed,OTHSOL
448.8219,'d',released,OTHSOL
448.9059,'a',pressed,OTHSOL
449.0300,'s',released,OTHSOL
449.2461,'w',pressed,OTHSOL
449.4102,'a',released,OTHSOL
449.4219,'d',pressed,OTHSOL
449.4781,'w',released,OTHSOL
449.6059,'2',pressed,OTHSOL
449.6900,'2',released,OTHSOL
449.8139,'w',pressed,OTHSOL
449.8781,'d',released,OTHSOL
449.9498,'a',pressed,OTHSOL
450.1699,'a',released,OTHSOL
450.2659,'a',pressed,OTHSOL
450.3699,'w',released,OTHSOL
450.3910,Mouse.left,pressed,OTHSOL
450.5088,Mouse.left,released,OTHSOL
450.5780,'w',pressed,OTHSOL
450.7304,'a',released,OTHSOL
450.7699,'d',pressed,OTHSOL
451.0130,Mouse.left,pressed,OTHSOL
451.1101,'a',pressed,OTHSOL
451.1110,Mouse.left,released,OTHSOL
451.1499,'d',released,OTHSOL
451.1539,'w',released,OTHSOL
451.4099,'d',pressed,OTHSOL
451.4501,'a',released,OTHSOL
451.5699,'w',pressed,OTHSOL
451.5817,Key.space,pressed,OTHSOL
451.6899,'d',released,OTHSOL
451.7258,Key.space,released,OTHSOL
451.7618,'a',pressed,OTHSOL
452.1219,'a',released,OTHSOL
452.1499,'d',pressed,OTHSOL
452.3021,'w',released,OTHSOL
452.3578,Key.space,pressed,OTHSOL
452.4779,'w',pressed,OTHSOL
452.5499,Key.shift,pressed,OTHSOL
452.7300,'D',released,OTHSOL
452.7301,Key.space,released,OTHSOL
452.8058,Key.shift,released,OTHSOL
453.2618,'a',pressed,OTHSOL
453.3059,'a',released,OTHSOL
453.3219,'w',released,OTHSOL
453.3620,'a',pressed,OTHSOL
453.4383,'d',released,OTHSOL
453.6237,'w',pressed,OTHSOL
453.9148,Mouse.left,pressed,OTHSOL
453.9989,Mouse.left,released,OTHSOL
454.0139,'w',released,OTHSOL
454.3219,'d',pressed,OTHSOL
454.3301,'d',released,OTHSOL
454.3901,'d',pressed,OTHSOL
454.4219,'a',released,OTHSOL
454.6179,'w',pressed,OTHSOL
454.9340,'d',released,OTHSOL
455.1458,Key.space,pressed,OTHSOL
455.4058,Key.space,released,OTHSOL
456.3501,'d',pressed,OTHSOL
456.4021,'d',released,OTHSOL
456.7219,'r',pressed,OTHSOL
456.8380,'r',released,OTHSOL
457.2580,'q',pressed,OTHSOL
457.3819,'q',released,OTHSOL
458.1980,'a',pressed,OTHSOL
458.7739,'w',released,OTHSOL
458.9459,'s',pressed,OTHSOL
459.0218,'s',released,OTHSOL
459.1739,'w',pressed,OTHSOL
459.2538,'a',released,OTHSOL
459.7940,'d',pressed,OTHSOL
460.7898,'d',released,OTHSOL
460.9338,Key.tab,pressed,OTHSOL
461.4339,'d',pressed,OTHSOL
462.1457,Key.tab,released,OTHSOL
462.1959,'d',released,OTHSOL
462.4119,'d',pressed,OTHSOL
462.7779,'d',released,OTHSOL
462.8619,'a',pressed,OTHSOL
462.9238,'w',released,OTHSOL
463.0719,'s',pressed,OTHSOL
463.2239,'a',released,OTHSOL
463.5939,'a',pressed,OTHSOL
463.7240,'s',released,OTHSOL
463.8179,'w',pressed,OTHSOL
463.9140,'a',released,OTHSOL
464.4918,Key.tab,pressed,OTHSOL
465.3958,Key.tab,released,OTHSOL
467.0141,'a',pressed,OTHSOL
467.3403,'a',released,OTHSOL
468.8600,'a',pressed,OTHSOL
468.9559,'a',released,OTHSOL
469.9079,'a',pressed,OTHSOL
470.8540,'a',released,OTHSOL
471.3619,'d',pressed,OTHSOL
471.5580,'d',released,OTHSOL
472.7002,'d',pressed,OTHSOL
473.6599,'d',released,OTHSOL
473.8361,'d',pressed,OTHSOL
474.2119,'d',released,OTHSOL
474.6159,'d',pressed,OTHSOL
474.7920,'d',released,OTHSOL
474.7998,'a',pressed,OTHSOL
475.2201,'a',released,OTHSOL
475.2640,'d',pressed,OTHSOL
475.3520,'d',released,OTHSOL
475.3522,'a',pressed,OTHSOL
475.4959,'w',released,OTHSOL
475.7601,'w',pressed,OTHSOL
475.8198,'a',released,OTHSOL
475.9242,'d',pressed,OTHSOL
476.1160,'d',released,OTHSOL
476.2639,'a',pressed,OTHSOL
476.3879,'a',released,OTHSOL
476.6398,'a',pressed,OTHSOL
477.0000,'a',released,OTHSOL
477.1439,'a',pressed,OTHSOL
477.5119,'a',released,OTHSOL
478.0039,'w',released,OTHSOL
502.9702,'w',pressed,OTHSOL
503.9659,'a',pressed,OTHSOL
504.1259,'a',released,OTHSOL
506.0099,'d',pressed,OTHSOL
506.1060,'d',released,OTHSOL
508.9262,'d',pressed,OTHSOL
509.0303,'d',released,OTHSOL
510.2860,'a',pressed,OTHSOL
511.0980,'a',released,OTHSOL
511.2420,'a',pressed,OTHSOL
511.5428,'a',released,OTHSOL
511.6580,'w',released,OTHSOL
516.4219,Key.tab,pressed,OTHSOL
519.6179,Key.tab,released,OTHSOL
522.2222,Key.tab,pressed,OTHSOL
526.2058,Key.tab,released,OTHSOL
526.3059,Key.tab,pressed,OTHSOL
526.3458,Key.tab,released,OTHSOL
532.7600,'w',pressed,OTHSOL
533.4001,'d',pressed,OTHSOL
533.5999,'d',released,OTHSOL
534.2601,'a',pressed,OTHSOL
534.3759,'a',released,OTHSOL
534.5200,'a',pressed,OTHSOL
534.8519,'a',released,OTHSOL
536.0304,'d',pressed,OTHSOL
536.2121,'d',released,OTHSOL
537.1748,'d',pressed,OTHSOL
537.5680,'d',released,OTHSOL
538.3167,'a',pressed,OTHSOL
538.7161,'a',released,OTHSOL
538.9042,'d',pressed,OTHSOL
539.7282,'w',released,OTHSOL
539.9399,'w',pressed,OTHSOL
540.5439,'d',released,OTHSOL
541.2881,'d',pressed,OTHSOL
541.3881,'d',released,OTHSOL
541.5000,'d',pressed,OTHSOL
541.7480,'w',released,OTHSOL
541.9001,'w',pressed,OTHSOL
542.4561,'d',released,OTHSOL
543.6320,'a',pressed,OTHSOL
543.7481,'a',released,OTHSOL
544.4120,'d',pressed,OTHSOL
544.5560,'d',released,OTHSOL
544.6921,'a',pressed,OTHSOL
545.0879,'a',released,OTHSOL
545.6079,'a',pressed,OTHSOL
545.6560,'a',released,OTHSOL
546.1119,'a',pressed,OTHSOL
546.6599,'w',released,OTHSOL
547.0439,'w',pressed,OTHSOL
547.1321,'a',released,OTHSOL
547.1922,'d',pressed,OTHSOL
547.2000,'w',released,OTHSOL
547.2128,Mouse.left,pressed,OTHSOL
547.2929,Mouse.left,released,OTHSOL
547.3681,'a',pressed,OTHSOL
547.3762,'w',pressed,OTHSOL
547.3842,'d',released,OTHSOL
547.8560,'a',released,OTHSOL
547.8840,'d',pressed,OTHSOL
548.1200,'w',released,OTHSOL
548.2319,'w',pressed,OTHSOL
548.4220,'w',released,OTHSOL
548.6880,'w',pressed,OTHSOL
548.7379,'w',released,OTHSOL
549.2339,'w',pressed,OTHSOL
549.3860,'d',released,OTHSOL
549.4080,'a',pressed,OTHSOL
549.7561,'a',released,OTHSOL
549.9000,'w',released,OTHSOL
566.0701,Key.tab,pressed,OTHSOL
568.9579,Key.tab,released,OTHSOL
571.8903,Key.tab,pressed,OTHSOL
572.8059,Key.tab,released,OTHSOL
572.9781,'w',pressed,OTHSOL
573.4860,'d',pressed,OTHSOL
573.7261,'d',released,OTHSOL
573.8621,'a',pressed,OTHSOL
574.2141,'a',released,OTHSOL
574.6863,'a',pressed,OTHSOL
574.8501,'a',released,OTHSOL
575.4379,Key.tab,pressed,OTHSOL
575.8418,Key.tab,released,OTHSOL
576.3262,'d',pressed,OTHSOL
576.4741,'d',released,OTHSOL
576.7102,'a',pressed,OTHSOL
576.8540,'a',released,OTHSOL
577.3102,'a',pressed,OTHSOL
577.5000,'a',released,OTHSOL
578.8743,'d',pressed,OTHSOL
578.9644,'d',released,OTHSOL
579.9360,'d',pressed,OTHSOL
580.0980,'d',released,OTHSOL
580.4882,'a',pressed,OTHSOL
582.0941,'a',released,OTHSOL
582.3440,'a',pressed,OTHSOL
582.5161,'a',released,OTHSOL
582.5204,Key.space,pressed,OTHSOL
582.6759,Key.space,released,OTHSOL
582.9080,'a',pressed,OTHSOL
583.8322,'d',pressed,OTHSOL
583.8681,'a',released,OTHSOL
584.2502,'w',released,OTHSOL
584.7981,'s',pressed,OTHSOL
585.5023,'s',released,OTHSOL
585.8420,'w',pressed,OTHSOL
585.8589,Mouse.left,pressed,OTHSOL
585.9080,'a',pressed,OTHSOL
585.9480,'w',released,OTHSOL
585.9610,Mouse.left,released,OTHSOL
585.9681,'d',released,OTHSOL
587.3441,'d',pressed,OTHSOL
587.4161,'a',released,OTHSOL
587.6523,'2',pressed,OTHSOL
587.7240,'2',released,OTHSOL
587.9362,'w',pressed,OTHSOL
588.0608,Mouse.left,pressed,OTHSOL
588.1451,Mouse.left,released,OTHSOL
588.2322,'d',released,OTHSOL
588.4440,'d',pressed,OTHSOL
588.5840,'d',released,OTHSOL
588.7202,'a',pressed,OTHSOL
588.8000,'w',released,OTHSOL
588.9760,'a',released,OTHSOL
589.0970,Mouse.left,pressed,OTHSOL
589.2389,Mouse.left,released,OTHSOL
589.4274,'d',pressed,OTHSOL
589.5040,'w',pressed,OTHSOL
589.8841,'d',released,OTHSOL
590.0644,'d',pressed,OTHSOL
590.1160,'d',released,OTHSOL
590.3319,'d',pressed,OTHSOL
590.7759,Key.space,pressed,OTHSOL
590.9361,'d',released,OTHSOL
590.9559,Key.space,released,OTHSOL
591.2451,Mouse.left,pressed,OTHSOL
591.3410,Mouse.left,released,OTHSOL
591.4641,'a',pressed,OTHSOL
591.5279,'w',released,OTHSOL
591.6240,'w',pressed,OTHSOL
591.6800,'a',released,OTHSOL
591.9159,Key.shift,pressed,OTHSOL
592.2322,'A',pressed,OTHSOL
592.2559,Key.shift,released,OTHSOL
592.7563,'a',pressed,OTHSOL
593.2079,Key.space,pressed,OTHSOL
593.3438,Key.space,released,OTHSOL
593.6960,'a',released,OTHSOL
594.0759,Key.shift,pressed,OTHSOL
594.2961,Key.shift,released,OTHSOL
594.3881,'d',pressed,OTHSOL
596.3640,'d',released,OTHSOL
596.6200,'d',pressed,OTHSOL
597.2600,'d',released,OTHSOL
597.5723,'d',pressed,OTHSOL
597.6241,'d',released,OTHSOL
597.6560,'a',pressed,OTHSOL
597.9000,'a',released,OTHSOL
598.0760,'a',pressed,OTHSOL
598.2241,'w',released,OTHSOL
598.3881,'s',pressed,OTHSOL
598.4882,'s',released,OTHSOL
598.5800,'w',pressed,OTHSOL
598.6320,'a',released,OTHSOL
598.7601,'d',pressed,OTHSOL
598.9800,'d',released,OTHSOL
599.0239,'a',pressed,OTHSOL
599.0600,'a',released,OTHSOL
599.2384,'a',pressed,OTHSOL
599.4802,'w',released,OTHSOL
599.5921,'d',pressed,OTHSOL
599.6440,'a',released,OTHSOL
599.7120,'w',pressed,OTHSOL
600.7000,'d',released,OTHSOL
600.9480,'d',pressed,OTHSOL
601.0400,'d',released,OTHSOL
601.4248,Mouse.left,pressed,OTHSOL
601.5041,'d',pressed,OTHSOL
601.5249,Mouse.left,released,OTHSOL
601.5640,'w',released,OTHSOL
601.6802,'a',pressed,OTHSOL
601.7563,'d',released,OTHSOL
601.9920,'s',pressed,OTHSOL
602.1240,'a',released,OTHSOL
602.5201,'a',pressed,OTHSOL
602.7160,'s',released,OTHSOL
602.8642,'w',pressed,OTHSOL
602.9681,'a',released,OTHSOL
604.3640,'s',pressed,OTHSOL
604.3762,'s',released,OTHSOL
605.3679,Key.f2,pressed,OTHSOL
605.5079,Key.f2,released,OTHSOL
606.6280,'d',pressed,OTHSOL
606.8161,'d',released,OTHSOL
606.9101,'d',pressed,OTHSOL
607.2143,'d',released,OTHSOL
608.7288,Mouse.left,pressed,OTHSOL
608.8083,Mouse.left,released,OTHSOL
608.8171,'a',pressed,OTHSOL
608.9861,'a',released,OTHSOL
609.3240,'a',pressed,OTHSOL
609.3981,'a',released,OTHSOL
609.5141,'a',pressed,OTHSOL
609.7423,'a',released,OTHSOL
611.1660,'a',pressed,OTHSOL
611.2680,'a',released,OTHSOL
611.6739,Key.space,pressed,OTHSOL
611.9023,'a',pressed,OTHSOL
612.1639,Key.space,released,OTHSOL
612.2163,'a',released,OTHSOL
612.3823,'a',pressed,OTHSOL
612.4164,'a',released,OTHSOL
612.5380,'d',pressed,OTHSOL
612.6780,'d',released,OTHSOL
612.7939,Key.space,pressed,OTHSOL
613.2980,Key.space,released,OTHSOL
613.3040,'a',pressed,OTHSOL
613.4982,'a',released,OTHSOL
613.9060,Key.space,pressed,OTHSOL
613.9883,'a',pressed,OTHSOL
614.1499,Key.space,released,OTHSOL
614.1741,'a',released,OTHSOL
614.4680,Key.space,pressed,OTHSOL
614.5741,'w',released,OTHSOL
614.6519,Key.space,released,OTHSOL
614.8181,Key.space,pressed,OTHSOL
615.1629,Mouse.left,pressed,OTHSOL
615.2590,Mouse.left,released,OTHSOL
615.4259,Key.space,released,OTHSOL
615.5422,Key.space,pressed,OTHSOL
615.6863,'w',pressed,OTHSOL
615.8459,Key.space,released,OTHSOL
616.0061,'a',pressed,OTHSOL
617.3980,'w',released,OTHSOL
617.4820,'a',released,OTHSOL
643.0180,'w',pressed,OTHSOL
644.4203,'d',pressed,OTHSOL
644.4760,'d',released,OTHSOL
645.6242,Key.f1,pressed,OTHSOL
645.7240,Key.f1,released,OTHSOL
646.2601,'a',pressed,OTHSOL
646.3362,'a',released,OTHSOL
647.5410,'d',pressed,OTHSOL
647.6041,'d',released,OTHSOL
647.7920,'d',pressed,OTHSOL
647.9084,'d',released,OTHSOL
648.4801,'a',pressed,OTHSOL
648.8482,'a',released,OTHSOL
649.1080,'d',pressed,OTHSOL
649.3481,'d',released,OTHSOL
649.4921,'d',pressed,OTHSOL
650.9523,'d',released,OTHSOL
651.4520,'d',pressed,OTHSOL
651.4639,Key.space,pressed,OTHSOL
651.6360,Key.space,released,OTHSOL
651.7560,'d',released,OTHSOL
651.8440,'a',pressed,OTHSOL
651.9840,'a',released,OTHSOL
652.0440,'d',pressed,OTHSOL
653.0002,'d',released,OTHSOL
653.4321,'a',pressed,OTHSOL
653.5761,'a',released,OTHSOL
654.6160,'a',pressed,OTHSOL
655.0722,'a',released,OTHSOL
655.0801,'d',pressed,OTHSOL
655.1009,Mouse.left,pressed,OTHSOL
655.1323,'w',released,OTHSOL
655.1870,Mouse.left,released,OTHSOL
655.5564,'w',pressed,OTHSOL
655.7561,'a',pressed,OTHSOL
655.8081,'w',released,OTHSOL
655.8522,'d',released,OTHSOL
656.4842,'w',pressed,OTHSOL
656.5601,'d',pressed,OTHSOL
656.5803,'a',released,OTHSOL
656.8320,Key.space,pressed,OTHSOL
656.8601,'w',released,OTHSOL
657.0439,Key.space,released,OTHSOL
657.3961,'d',released,OTHSOL
677.3860,Key.f1,pressed,OTHSOL
677.4460,Key.f1,released,OTHSOL
682.9381,'w',pressed,OTHSOL
683.8942,'d',pressed,OTHSOL
684.0661,'d',released,OTHSOL
685.0182,'d',pressed,OTHSOL
685.1621,'d',released,OTHSOL
688.2262,'a',pressed,OTHSOL
688.9301,'a',released,OTHSOL
689.1384,'d',pressed,OTHSOL
689.6860,'d',released,OTHSOL
689.7982,'d',pressed,OTHSOL
690.5661,'d',released,OTHSOL
691.0939,Key.space,pressed,OTHSOL
691.1220,'a',pressed,OTHSOL
691.1662,'w',released,OTHSOL
691.2539,Key.space,released,OTHSOL
691.5731,Mouse.left,pressed,OTHSOL
691.6571,Mouse.left,released,OTHSOL
692.1621,'2',pressed,OTHSOL
692.2761,'2',released,OTHSOL
692.5511,Mouse.left,pressed,OTHSOL
692.6374,Mouse.left,released,OTHSOL
692.7503,'w',pressed,OTHSOL
692.8521,'a',released,OTHSOL
693.0391,'d',pressed,OTHSOL
694.7001,'w',released,OTHSOL
694.8883,'w',pressed,OTHSOL
695.3002,'w',released,OTHSOL
695.3541,'d',released,OTHSOL
695.6202,'w',pressed,OTHSOL
695.7982,'d',pressed,OTHSOL
695.8681,'1',pressed,OTHSOL
695.9963,'1',released,OTHSOL
696.2403,'d',released,OTHSOL
696.2491,Mouse.left,pressed,OTHSOL
696.3351,Mouse.left,released,OTHSOL
696.4641,'d',pressed,OTHSOL
698.1941,'w',released,OTHSOL
698.2778,'a',pressed,OTHSOL
698.4001,'d',released,OTHSOL
698.5281,'w',pressed,OTHSOL
699.1120,'a',released,OTHSOL
699.2761,'a',pressed,OTHSOL
699.5942,'a',released,OTHSOL
699.7480,'d',pressed,OTHSOL
700.4561,'a',pressed,OTHSOL
700.5801,'d',released,OTHSOL
700.9124,'w',released,OTHSOL
701.4081,'w',pressed,OTHSOL
701.6642,'a',released,OTHSOL
701.8921,'a',pressed,OTHSOL
701.9839,Key.space,pressed,OTHSOL
702.0841,'a',released,OTHSOL
702.1639,Key.space,released,OTHSOL
702.5201,'d',pressed,OTHSOL
702.6162,'w',released,OTHSOL
702.6922,Key.space,pressed,OTHSOL
702.8801,Key.space,released,OTHSOL
703.0721,'w',pressed,OTHSOL
703.1641,'a',pressed,OTHSOL
703.2160,'a',released,OTHSOL
703.5085,'w',released,OTHSOL
703.7881,'s',pressed,OTHSOL
704.0844,'s',released,OTHSOL
704.1842,Key.ctrl_l,pressed,OTHSOL
704.3880,Key.ctrl_l,released,OTHSOL
704.5001,'w',pressed,OTHSOL
704.5440,Key.space,pressed,OTHSOL
704.6402,'w',released,OTHSOL
704.7321,Key.space,released,OTHSOL
705.1763,'w',pressed,OTHSOL
705.3881,'d',released,OTHSOL
705.4082,'a',pressed,OTHSOL
705.6521,'w',released,OTHSOL
705.7440,'w',pressed,OTHSOL
705.8121,'a',released,OTHSOL
705.9362,'d',pressed,OTHSOL
706.2921,Key.space,pressed,OTHSOL
706.3960,Key.space,released,OTHSOL
706.9681,'w',released,OTHSOL
707.2204,'w',pressed,OTHSOL
707.2361,'a',pressed,OTHSOL
707.2881,'w',released,OTHSOL
707.3041,'d',released,OTHSOL
707.5404,'w',pressed,OTHSOL
707.5441,'d',pressed,OTHSOL
707.5562,'a',released,OTHSOL
707.6081,'d',released,OTHSOL
707.7161,'a',pressed,OTHSOL
707.8201,'a',released,OTHSOL
707.8881,'d',pressed,OTHSOL
708.2801,'d',released,OTHSOL
708.7241,Key.space,pressed,OTHSOL
708.8482,'d',pressed,OTHSOL
708.9040,Key.space,released,OTHSOL
709.0281,'d',released,OTHSOL
709.1641,'d',pressed,OTHSOL
709.4042,'d',released,OTHSOL
710.1601,'d',pressed,OTHSOL
710.3201,'d',released,OTHSOL
710.5002,Key.space,pressed,OTHSOL
710.6800,Key.space,released,OTHSOL
711.7240,Key.shift,pressed,OTHSOL
711.9880,Key.shift,released,OTHSOL
713.4123,'a',pressed,OTHSOL
714.2923,'a',released,OTHSOL
714.7722,'d',pressed,OTHSOL
715.0441,'d',released,OTHSOL
715.1962,'d',pressed,OTHSOL
716.4803,'d',released,OTHSOL
717.2962,'a',pressed,OTHSOL
717.6041,'a',released,OTHSOL
717.7881,'a',pressed,OTHSOL
718.1121,'w',released,OTHSOL
718.4201,'d',pressed,OTHSOL
718.4402,'a',released,OTHSOL
718.5121,'w',pressed,OTHSOL
719.0483,'a',pressed,OTHSOL
719.0523,'d',released,OTHSOL
719.2842,'w',released,OTHSOL
719.4481,'s',pressed,OTHSOL
719.5161,'a',released,OTHSOL
719.6362,'a',pressed,OTHSOL
719.6880,'s',released,OTHSOL
719.7841,'w',pressed,OTHSOL
719.8961,'a',released,OTHSOL
720.1001,'a',pressed,OTHSOL
720.2601,'a',released,OTHSOL
722.7263,'a',pressed,OTHSOL
723.0163,'a',released,OTHSOL
723.5101,'d',pressed,OTHSOL
723.8061,'d',released,OTHSOL
724.5062,'a',pressed,OTHSOL
724.8421,'a',released,OTHSOL
725.2504,'a',pressed,OTHSOL
725.6621,'a',released,OTHSOL
725.7741,'a',pressed,OTHSOL
726.5644,'a',released,OTHSOL
726.8104,'a',pressed,OTHSOL
726.9361,'a',released,OTHSOL
727.8462,'a',pressed,OTHSOL
728.0901,'w',released,OTHSOL
728.2261,'s',pressed,OTHSOL
728.3046,'a',released,OTHSOL
728.4301,'d',pressed,OTHSOL
728.8023,'d',released,OTHSOL
728.8901,'a',pressed,OTHSOL
728.9942,'s',released,OTHSOL
729.3183,'s',pressed,OTHSOL
729.3421,'s',released,OTHSOL
729.4421,'w',pressed,OTHSOL
729.4801,'a',released,OTHSOL
729.4901,'d',pressed,OTHSOL
730.2341,'d',released,OTHSOL
730.3184,'d',pressed,OTHSOL
730.4461,'d',released,OTHSOL
730.4467,'a',pressed,OTHSOL
730.5064,'w',released,OTHSOL
730.6862,'w',pressed,OTHSOL
731.0016,'w',released,OTHSOL
731.1981,'w',pressed,OTHSOL
731.2661,'a',released,OTHSOL
731.3261,'d',pressed,OTHSOL
731.9061,'a',pressed,OTHSOL
731.9262,'d',released,OTHSOL
732.0022,'a',released,OTHSOL
732.1340,'a',pressed,OTHSOL
732.2302,'w',released,OTHSOL
732.4741,'w',pressed,OTHSOL
733.3060,'a',released,OTHSOL
733.6750,'a',pressed,OTHSOL
733.8181,'a',released,OTHSOL
734.0262,'a',pressed,OTHSOL
734.2181,'w',released,OTHSOL
734.3581,'s',pressed,OTHSOL
734.4544,'a',released,OTHSOL
734.6669,'a',pressed,OTHSOL
734.9021,'a',released,OTHSOL
735.7830,Mouse.left,pressed,OTHSOL
735.8770,Mouse.left,released,OTHSOL
736.2981,'d',pressed,OTHSOL
736.3469,'s',released,OTHSOL
737.1143,'w',pressed,OTHSOL
737.3385,'d',released,OTHSOL
738.1903,'a',pressed,OTHSOL
738.9261,'w',released,OTHSOL
738.9982,'w',pressed,OTHSOL
739.1181,'a',released,OTHSOL
739.2461,'d',pressed,OTHSOL
739.3583,'d',released,OTHSOL
739.6902,'a',pressed,OTHSOL
739.9821,'a',released,OTHSOL
740.0462,'a',pressed,OTHSOL
740.5500,Key.space,pressed,OTHSOL
740.5543,'w',released,OTHSOL
740.6900,Key.space,released,OTHSOL
741.2823,'s',pressed,OTHSOL
741.4303,'a',released,OTHSOL
741.5383,'a',pressed,OTHSOL
741.5861,'s',released,OTHSOL
741.6223,'a',released,OTHSOL
741.6901,'d',pressed,OTHSOL
741.7144,'w',pressed,OTHSOL
742.0424,'d',released,OTHSOL
742.3102,'d',pressed,OTHSOL
742.3946,'d',released,OTHSOL
742.4543,'a',pressed,OTHSOL
742.4873,Mouse.left,pressed,OTHSOL
742.4944,'w',released,OTHSOL
742.5553,Mouse.left,released,OTHSOL
742.7142,'s',pressed,OTHSOL
742.8062,'a',released,OTHSOL
743.0822,'2',pressed,OTHSOL
743.2343,'2',released,OTHSOL
743.2981,'s',released,OTHSOL
743.3650,Mouse.left,pressed,OTHSOL
743.4342,'a',pressed,OTHSOL
743.4670,Mouse.left,released,OTHSOL
743.5381,'w',pressed,OTHSOL
743.5781,'a',released,OTHSOL
743.6942,'d',pressed,OTHSOL
744.0743,'d',released,OTHSOL
744.1743,'a',pressed,OTHSOL
744.2501,'w',released,OTHSOL
744.2510,Mouse.left,pressed,OTHSOL
744.3672,Mouse.left,released,OTHSOL
744.4142,'d',pressed,OTHSOL
744.4543,'s',pressed,OTHSOL
744.4941,'a',released,OTHSOL
744.6261,'s',released,OTHSOL
744.7302,'w',pressed,OTHSOL
744.7423,'d',released,OTHSOL
745.0983,'a',pressed,OTHSOL
745.1501,'a',released,OTHSOL
745.1503,'w',released,OTHSOL
745.2061,'a',pressed,OTHSOL
745.3631,Mouse.left,pressed,OTHSOL
745.3742,'a',released,OTHSOL
745.3743,'s',pressed,OTHSOL
745.4855,Mouse.left,released,OTHSOL
745.6701,'d',pressed,OTHSOL
745.6983,'s',released,OTHSOL
745.7704,'w',pressed,OTHSOL
746.0344,'d',released,OTHSOL
746.3662,'d',pressed,OTHSOL
746.4263,'a',pressed,OTHSOL
746.4541,'d',released,OTHSOL
746.6461,'a',released,OTHSOL
746.6541,'d',pressed,OTHSOL
746.6781,'w',released,OTHSOL
746.6830,Mouse.left,pressed,OTHSOL
746.7144,'a',pressed,OTHSOL
746.7783,'s',pressed,OTHSOL
746.8141,'d',released,OTHSOL
746.8192,Mouse.left,released,OTHSOL
746.9541,'d',pressed,OTHSOL
746.9741,'a',released,OTHSOL
747.0101,'s',released,OTHSOL
747.1503,'w',pressed,OTHSOL
747.3021,'d',released,OTHSOL
747.5423,'a',pressed,OTHSOL
747.6862,'w',released,OTHSOL
747.8902,'s',pressed,OTHSOL
748.0021,'s',released,OTHSOL
748.0901,'w',pressed,OTHSOL
748.1466,'a',released,OTHSOL
748.1982,'d',pressed,OTHSOL
748.6124,'w',released,OTHSOL
748.7541,'s',pressed,OTHSOL
748.8822,'d',released,OTHSOL
748.8826,'a',pressed,OTHSOL
749.0570,Mouse.left,pressed,OTHSOL
749.1672,Mouse.left,released,OTHSOL
749.1783,'s',released,OTHSOL
749.4902,'w',pressed,OTHSOL
749.5561,'w',released,OTHSOL
749.6821,'s',pressed,OTHSOL
750.1921,'a',released,OTHSOL
750.2362,'d',pressed,OTHSOL
750.6561,'s',released,OTHSOL
751.0422,'1',pressed,OTHSOL
751.2022,'1',released,OTHSOL
751.2923,'s',pressed,OTHSOL
751.3802,'d',released,OTHSOL
751.4190,Mouse.left,pressed,OTHSOL
751.4930,Mouse.left,released,OTHSOL
751.5722,'d',pressed,OTHSOL
751.6166,'d',released,OTHSOL
751.7544,'a',pressed,OTHSOL
751.8321,'s',released,OTHSOL
751.9363,'w',pressed,OTHSOL
752.0701,'a',released,OTHSOL
752.5421,'a',pressed,OTHSOL
752.6894,'w',released,OTHSOL
752.8420,Key.space,pressed,OTHSOL
752.9981,'s',pressed,OTHSOL
753.0241,Key.space,released,OTHSOL
753.0861,'a',released,OTHSOL
753.1162,'d',pressed,OTHSOL
753.1563,'s',released,OTHSOL
753.3541,'a',pressed,OTHSOL
753.3630,Mouse.left,pressed,OTHSOL
753.4082,'d',released,OTHSOL
753.4931,Mouse.left,released,OTHSOL
753.5522,'d',pressed,OTHSOL
753.5681,'a',released,OTHSOL
753.6541,'s',pressed,OTHSOL
753.6585,'a',pressed,OTHSOL
753.7082,'d',released,OTHSOL
753.7482,'a',released,OTHSOL
753.7801,'a',pressed,OTHSOL
754.2162,'a',released,OTHSOL
754.3284,'d',pressed,OTHSOL
754.4342,'d',released,OTHSOL
754.4523,'s',released,OTHSOL
754.7041,'a',pressed,OTHSOL
754.9862,'d',pressed,OTHSOL
754.9904,'a',released,OTHSOL
755.3341,'a',pressed,OTHSOL
755.3762,'d',released,OTHSOL
755.5441,'w',pressed,OTHSOL
755.6723,'a',released,OTHSOL
755.8182,'d',pressed,OTHSOL
756.0921,'d',released,OTHSOL
756.2802,'a',pressed,OTHSOL
756.3663,'a',released,OTHSOL
756.3681,'d',pressed,OTHSOL
756.4761,'d',released,OTHSOL
756.5724,'a',pressed,OTHSOL
756.5882,'w',released,OTHSOL
756.6742,'a',released,OTHSOL
756.6922,'d',pressed,OTHSOL
756.8443,'d',released,OTHSOL
756.8503,'w',pressed,OTHSOL
756.9645,'d',pressed,OTHSOL
757.1282,'w',released,OTHSOL
757.2301,'d',released,OTHSOL
757.2321,'a',pressed,OTHSOL
757.3402,'a',released,OTHSOL
757.4241,'a',pressed,OTHSOL
757.4943,'a',released,OTHSOL
757.5862,'a',pressed,OTHSOL
757.6341,'a',released,OTHSOL
757.6409,Mouse.left,pressed,OTHSOL
757.6962,'a',pressed,OTHSOL
757.7513,Mouse.left,released,OTHSOL
757.8003,'s',pressed,OTHSOL
757.8662,'a',released,OTHSOL
757.9222,'d',pressed,OTHSOL
758.0482,'d',released,OTHSOL
758.2281,'a',pressed,OTHSOL
758.4121,'s',released,OTHSOL
758.5623,'a',released,OTHSOL
758.6242,'d',pressed,OTHSOL
758.8303,'d',released,OTHSOL
758.9201,'a',pressed,OTHSOL
758.9442,'s',pressed,OTHSOL
759.2042,'s',released,OTHSOL
759.2482,'a',released,OTHSOL
759.3401,'d',pressed,OTHSOL
759.4482,'w',pressed,OTHSOL
759.6042,'d',released,OTHSOL
759.9922,'d',pressed,OTHSOL
760.1282,'d',released,OTHSOL
760.2321,'a',pressed,OTHSOL
760.2683,'w',released,OTHSOL
760.4041,'d',pressed,OTHSOL
760.4281,'a',released,OTHSOL
760.5843,'d',released,OTHSOL
760.5922,'a',pressed,OTHSOL
760.6644,'a',released,OTHSOL
760.7001,'d',pressed,OTHSOL
760.7922,'w',pressed,OTHSOL
761.0483,'d',released,OTHSOL
761.0602,'a',pressed,OTHSOL
761.2603,'w',released,OTHSOL
761.4401,'s',pressed,OTHSOL
761.5001,'a',released,OTHSOL
761.5563,'a',pressed,OTHSOL
761.6041,'s',released,OTHSOL
761.6681,'a',released,OTHSOL
761.6962,'d',pressed,OTHSOL
761.7361,'d',released,OTHSOL
761.7563,'a',pressed,OTHSOL
761.7831,Mouse.left,pressed,OTHSOL
761.8325,'a',released,OTHSOL
761.8482,'d',pressed,OTHSOL
761.8971,Mouse.left,released,OTHSOL
762.4403,'a',pressed,OTHSOL
762.4642,'d',released,OTHSOL
762.8605,'d',pressed,OTHSOL
762.8842,'a',released,OTHSOL
763.1601,'s',pressed,OTHSOL
763.4002,'d',released,OTHSOL
763.4243,'a',pressed,OTHSOL
763.5042,'s',released,OTHSOL
763.5822,'a',released,OTHSOL
763.5853,'d',pressed,OTHSOL
763.6361,'a',pressed,OTHSOL
763.6642,'d',released,OTHSOL
763.7802,'d',pressed,OTHSOL
763.7881,'a',released,OTHSOL
763.9001,'w',pressed,OTHSOL
764.1041,'d',released,OTHSOL
764.2281,'d',pressed,OTHSOL
764.5280,Key.space,pressed,OTHSOL
764.5441,'w',released,OTHSOL
764.7000,Key.space,released,OTHSOL
764.8841,'w',pressed,OTHSOL
765.1602,'w',released,OTHSOL
765.3441,'s',pressed,OTHSOL
765.8176,Mouse.left,pressed,OTHSOL
765.9351,Mouse.left,released,OTHSOL
765.9881,'d',released,OTHSOL
766.6442,'a',pressed,OTHSOL
766.8002,'s',released,OTHSOL
766.9802,'w',pressed,OTHSOL
767.0801,Key.space,pressed,OTHSOL
767.1362,'a',released,OTHSOL
767.2282,Key.space,released,OTHSOL
767.5164,'d',pressed,OTHSOL
767.6243,'d',released,OTHSOL
767.8563,'d',pressed,OTHSOL
768.2282,'d',released,OTHSOL
768.4042,'d',pressed,OTHSOL
768.9682,'w',released,OTHSOL
769.2922,'w',pressed,OTHSOL
769.4883,'d',released,OTHSOL
769.5162,'a',pressed,OTHSOL
770.1841,'a',released,OTHSOL
770.3202,'a',pressed,OTHSOL
770.4482,'a',released,OTHSOL
770.6603,'d',pressed,OTHSOL
770.8201,'d',released,OTHSOL
771.1321,'d',pressed,OTHSOL
771.6481,'d',released,OTHSOL
771.8003,'d',pressed,OTHSOL
772.0722,'d',released,OTHSOL
772.8361,'d',pressed,OTHSOL
773.0641,'d',released,OTHSOL
773.3123,'d',pressed,OTHSOL
773.6162,'d',released,OTHSOL
773.8081,'d',pressed,OTHSOL
774.5321,'d',released,OTHSOL
775.6444,'a',pressed,OTHSOL
775.7322,'a',released,OTHSOL
776.2962,'d',pressed,OTHSOL
776.5721,'d',released,OTHSOL
776.7002,'d',pressed,OTHSOL
776.9443,'d',released,OTHSOL
777.4442,'d',pressed,OTHSOL
777.6201,'d',released,OTHSOL
777.7482,'d',pressed,OTHSOL
777.9082,'d',released,OTHSOL
778.0401,'d',pressed,OTHSOL
778.3161,'d',released,OTHSOL
778.7442,'a',pressed,OTHSOL
778.9423,'a',released,OTHSOL
779.2504,'a',pressed,OTHSOL
779.5341,'a',released,OTHSOL
779.8742,'a',pressed,OTHSOL
780.0122,'a',released,OTHSOL
780.0841,'d',pressed,OTHSOL
780.5702,'d',released,OTHSOL
780.7182,'d',pressed,OTHSOL
781.4462,'d',released,OTHSOL
781.5441,'d',pressed,OTHSOL
781.7982,'d',released,OTHSOL
781.9901,'d',pressed,OTHSOL
782.5941,'d',released,OTHSOL
782.7861,'d',pressed,OTHSOL
783.1982,'a',pressed,OTHSOL
783.2523,'d',released,OTHSOL
783.4481,'w',released,OTHSOL
783.5824,'s',pressed,OTHSOL
783.6541,'a',released,OTHSOL
783.8623,'a',pressed,OTHSOL
784.0102,'s',released,OTHSOL
784.1281,'w',pressed,OTHSOL
784.2463,'a',released,OTHSOL
784.9222,'a',pressed,OTHSOL
785.0942,'a',released,OTHSOL
785.3922,'a',pressed,OTHSOL
785.5182,'a',released,OTHSOL
786.0242,'a',pressed,OTHSOL
786.3282,'a',released,OTHSOL
786.4942,'a',pressed,OTHSOL
786.6582,'w',released,OTHSOL
786.8463,'d',pressed,OTHSOL
786.9181,'w',pressed,OTHSOL
786.9282,'a',released,OTHSOL
787.4382,'d',released,OTHSOL
787.6421,'d',pressed,OTHSOL
788.0902,'d',released,OTHSOL
788.1025,'a',pressed,OTHSOL
788.2261,'w',released,OTHSOL
788.4823,'s',pressed,OTHSOL
788.5902,'s',released,OTHSOL
788.6981,'w',pressed,OTHSOL
788.7701,'a',released,OTHSOL
788.9581,'d',pressed,OTHSOL
789.1662,'d',released,OTHSOL
789.7022,'a',pressed,OTHSOL
789.8303,'a',released,OTHSOL
790.0341,'a',pressed,OTHSOL
790.2381,'a',released,OTHSOL
790.3981,'d',pressed,OTHSOL
790.7984,'d',released,OTHSOL
792.0261,Key.space,pressed,OTHSOL
792.1862,Key.space,released,OTHSOL
792.2702,'d',pressed,OTHSOL
792.4383,'d',released,OTHSOL
793.0822,'d',pressed,OTHSOL
793.3424,'d',released,OTHSOL
793.6673,'a',pressed,OTHSOL
793.8941,'a',released,OTHSOL
794.7821,'a',pressed,OTHSOL
795.0239,'a',released,OTHSOL
795.3302,'a',pressed,OTHSOL
795.5663,'a',released,OTHSOL
795.7621,'a',pressed,OTHSOL
796.2663,'a',released,OTHSOL
796.4985,'a',pressed,OTHSOL
796.9141,'a',released,OTHSOL
797.3622,'a',pressed,OTHSOL
797.5782,'a',released,OTHSOL
797.7263,'a',pressed,OTHSOL
797.9264,'a',released,OTHSOL
798.1864,'a',pressed,OTHSOL
798.3901,'a',released,OTHSOL
798.6502,'a',pressed,OTHSOL
798.8421,'a',released,OTHSOL
799.0983,'a',pressed,OTHSOL
799.6381,'a',released,OTHSOL
799.8101,'a',pressed,OTHSOL
800.5441,'a',released,OTHSOL
800.6941,'a',pressed,OTHSOL
800.8742,'a',released,OTHSOL
801.0663,'a',pressed,OTHSOL
801.3702,'a',released,OTHSOL
801.7062,'a',pressed,OTHSOL
801.9741,'a',released,OTHSOL
802.3621,'a',pressed,OTHSOL
802.5305,'a',released,OTHSOL
802.8061,'a',pressed,OTHSOL
803.0462,'a',released,OTHSOL
803.2342,'a',pressed,OTHSOL
804.4982,'a',released,OTHSOL
804.7421,'a',pressed,OTHSOL
805.0902,'a',released,OTHSOL
805.3862,'a',pressed,OTHSOL
805.4062,'a',released,OTHSOL
805.7903,'d',pressed,OTHSOL
805.9623,'d',released,OTHSOL
806.1902,'a',pressed,OTHSOL
806.2542,'a',released,OTHSOL
806.7061,'a',pressed,OTHSOL
806.8662,'a',released,OTHSOL
807.0522,'a',pressed,OTHSOL
807.3282,'w',released,OTHSOL
807.4482,'w',pressed,OTHSOL
807.5187,'a',released,OTHSOL
807.6505,'d',pressed,OTHSOL
808.1762,'d',released,OTHSOL
808.4102,'d',pressed,OTHSOL
809.3023,'w',released,OTHSOL
809.6702,'d',released,OTHSOL
810.2321,'d',pressed,OTHSOL
810.2982,'d',released,OTHSOL
810.7282,'a',pressed,OTHSOL
810.8364,'a',released,OTHSOL
811.6882,'a',pressed,OTHSOL
811.8951,Mouse.left,pressed,OTHSOL
811.9323,'a',released,OTHSOL
812.0072,Mouse.left,released,OTHSOL
812.2765,'d',pressed,OTHSOL
812.5403,'d',released,OTHSOL
813.1824,'d',pressed,OTHSOL
813.6022,'a',pressed,OTHSOL
813.6102,'d',released,OTHSOL
813.9721,'d',pressed,OTHSOL
814.0043,'a',released,OTHSOL
814.2542,'a',pressed,OTHSOL
814.2703,'d',released,OTHSOL
814.3391,Mouse.left,pressed,OTHSOL
814.4853,Mouse.left,released,OTHSOL
815.2105,'d',pressed,OTHSOL
815.2543,'a',released,OTHSOL
815.5563,'a',pressed,OTHSOL
815.6204,'d',released,OTHSOL
816.1803,'d',pressed,OTHSOL
816.2364,'a',released,OTHSOL
816.2662,'w',pressed,OTHSOL
816.3003,'w',released,OTHSOL
816.5823,'w',pressed,OTHSOL
816.6082,'w',released,OTHSOL
817.0083,'w',pressed,OTHSOL
817.2562,'w',released,OTHSOL
817.4402,'a',pressed,OTHSOL
817.4805,'d',released,OTHSOL
817.7214,Mouse.left,pressed,OTHSOL
817.8453,Mouse.left,released,OTHSOL
818.6483,'d',pressed,OTHSOL
818.7283,'d',released,OTHSOL
818.8722,'w',pressed,OTHSOL
818.9242,'a',released,OTHSOL
819.1724,'a',pressed,OTHSOL
819.2765,'a',released,OTHSOL
819.6163,'d',pressed,OTHSOL
819.6442,'w',released,OTHSOL
819.9232,Mouse.left,pressed,OTHSOL
820.0572,Mouse.left,released,OTHSOL
820.4525,'a',pressed,OTHSOL
820.5002,'d',released,OTHSOL
820.9561,Key.space,pressed,OTHSOL
821.1121,Key.space,released,OTHSOL
821.4364,'a',released,OTHSOL
835.3361,Key.f1,pressed,OTHSOL
835.3921,Key.f1,released,OTHSOL
842.9583,'w',pressed,OTHSOL
844.7961,Key.shift,pressed,OTHSOL
845.1080,Key.shift,released,OTHSOL
845.6943,Key.space,pressed,OTHSOL
845.8583,Key.space,released,OTHSOL
846.9103,'d',pressed,OTHSOL
847.0624,'d',released,OTHSOL
848.4705,'a',pressed,OTHSOL
848.7064,'a',released,OTHSOL
849.1182,'d',pressed,OTHSOL
850.0902,'d',released,OTHSOL
850.2423,'d',pressed,OTHSOL
850.3463,'w',released,OTHSOL
850.6184,'w',pressed,OTHSOL
850.9426,'a',pressed,OTHSOL
850.9622,'d',released,OTHSOL
851.0303,'w',released,OTHSOL
851.3184,'d',pressed,OTHSOL
851.3423,'a',released,OTHSOL
851.6226,'w',pressed,OTHSOL
851.7022,'d',released,OTHSOL
851.7423,'a',pressed,OTHSOL
851.7862,'w',released,OTHSOL
851.9252,Mouse.left,pressed,OTHSOL
851.9906,'d',pressed,OTHSOL
852.0022,'a',released,OTHSOL
852.0311,Mouse.left,released,OTHSOL
852.4383,'a',pressed,OTHSOL
852.4823,'d',released,OTHSOL
852.6862,'d',pressed,OTHSOL
852.7109,'a',released,OTHSOL
852.7983,'s',pressed,OTHSOL
852.8662,'d',released,OTHSOL
852.9464,'d',pressed,OTHSOL
852.9822,'s',released,OTHSOL
853.0502,'d',released,OTHSOL
853.0743,'a',pressed,OTHSOL
853.1662,'s',pressed,OTHSOL
853.3345,'s',released,OTHSOL
853.6141,'s',pressed,OTHSOL
853.9182,'d',pressed,OTHSOL
853.9546,'a',released,OTHSOL
854.0263,'s',released,OTHSOL
854.2782,'w',pressed,OTHSOL
854.7862,'d',released,OTHSOL
854.8103,'a',pressed,OTHSOL
855.1027,'a',released,OTHSOL
855.5702,Key.space,pressed,OTHSOL
855.7382,Key.space,released,OTHSOL
855.9422,'d',pressed,OTHSOL
856.9145,'d',released,OTHSOL
857.1742,'d',pressed,OTHSOL
857.2705,'d',released,OTHSOL
857.7024,'a',pressed,OTHSOL
857.8665,'a',released,OTHSOL
860.1982,'a',pressed,OTHSOL
860.7543,'a',released,OTHSOL
861.0462,'d',pressed,OTHSOL
861.4221,Key.space,pressed,OTHSOL
861.4303,'d',released,OTHSOL
861.5981,Key.space,released,OTHSOL
862.1342,'d',pressed,OTHSOL
862.8384,'d',released,OTHSOL
863.0903,'d',pressed,OTHSOL
863.2064,'d',released,OTHSOL
863.4501,Key.space,pressed,OTHSOL
863.4822,'w',released,OTHSOL
863.6051,Mouse.left,pressed,OTHSOL
863.6972,Mouse.left,released,OTHSOL
863.8703,'s',pressed,OTHSOL
863.9623,Key.space,released,OTHSOL
864.1742,'s',released,OTHSOL
864.2984,'d',pressed,OTHSOL
864.3142,'w',pressed,OTHSOL
864.3622,'d',released,OTHSOL
864.5664,'d',pressed,OTHSOL
864.8545,'w',released,OTHSOL
864.9782,'2',pressed,OTHSOL
865.0524,'2',released,OTHSOL
865.2523,'w',pressed,OTHSOL
865.4242,'a',pressed,OTHSOL
865.4343,'w',released,OTHSOL
865.4542,'d',released,OTHSOL
865.5063,'w',pressed,OTHSOL
865.6983,'a',released,OTHSOL
865.9044,'1',pressed,OTHSOL
866.0284,'d',pressed,OTHSOL
866.0324,'1',released,OTHSOL
866.2644,'d',released,OTHSOL
866.2805,'a',pressed,OTHSOL
866.6804,'w',released,OTHSOL
866.9042,'s',pressed,OTHSOL
866.9743,'a',released,OTHSOL
866.9761,'d',pressed,OTHSOL
867.0263,'s',released,OTHSOL
867.1226,'d',released,OTHSOL
867.3561,Key.space,pressed,OTHSOL
867.4671,Mouse.left,pressed,OTHSOL
867.5401,Key.space,released,OTHSOL
867.5751,Mouse.left,released,OTHSOL
867.6605,'a',pressed,OTHSOL
867.8875,Mouse.left,pressed,OTHSOL
868.0072,Mouse.left,released,OTHSOL
868.0683,'a',released,OTHSOL
868.1264,Key.space,pressed,OTHSOL
868.3683,Key.space,released,OTHSOL
868.5261,'d',pressed,OTHSOL
868.6402,'d',released,OTHSOL
868.6742,'a',pressed,OTHSOL
869.1804,'a',released,OTHSOL
869.1806,'w',pressed,OTHSOL
869.1884,'d',pressed,OTHSOL
869.3843,'2',pressed,OTHSOL
869.4882,'2',released,OTHSOL
869.6912,Mouse.left,pressed,OTHSOL
869.7222,'w',released,OTHSOL
869.7322,'w',pressed,OTHSOL
869.7622,'w',released,OTHSOL
869.7811,Mouse.left,released,OTHSOL
869.8943,'w',pressed,OTHSOL
870.7645,'w',released,OTHSOL
870.8603,'w',pressed,OTHSOL
871.2842,'w',released,OTHSOL
871.4563,'a',pressed,OTHSOL
871.4642,'d',released,OTHSOL
871.5911,Mouse.left,pressed,OTHSOL
871.7032,Mouse.left,released,OTHSOL
871.9722,'d',pressed,OTHSOL
872.0242,'a',released,OTHSOL
872.3203,'w',pressed,OTHSOL
872.4642,'w',released,OTHSOL
872.5963,'a',pressed,OTHSOL
872.6004,'d',released,OTHSOL
872.8072,Mouse.left,pressed,OTHSOL
872.9493,Mouse.left,released,OTHSOL
873.0904,'d',pressed,OTHSOL
873.1384,'a',released,OTHSOL
873.4922,'1',pressed,OTHSOL
873.6105,'1',released,OTHSOL
873.9291,Mouse.left,pressed,OTHSOL
873.9303,'a',pressed,OTHSOL
873.9684,'d',released,OTHSOL
874.0392,Mouse.left,released,OTHSOL
874.4632,Mouse.left,pressed,OTHSOL
874.4926,'a',released,OTHSOL
874.5164,'d',pressed,OTHSOL
874.5852,Mouse.left,released,OTHSOL
874.6044,'s',pressed,OTHSOL
874.6604,'d',released,OTHSOL
874.7522,'a',pressed,OTHSOL
875.1924,'s',released,OTHSOL
875.4162,'w',pressed,OTHSOL
875.4845,'a',released,OTHSOL
875.5081,Key.space,pressed,OTHSOL
875.5685,'d',pressed,OTHSOL
875.6642,Key.space,released,OTHSOL
875.7162,'2',pressed,OTHSOL
875.8323,'2',released,OTHSOL
875.9005,'w',released,OTHSOL
875.9051,Mouse.left,pressed,OTHSOL
876.0072,Mouse.left,released,OTHSOL
876.1082,'a',pressed,OTHSOL
876.1842,'d',released,OTHSOL
876.4082,'w',pressed,OTHSOL
876.4843,'w',released,OTHSOL
876.6122,'s',pressed,OTHSOL
877.1122,'s',released,OTHSOL
877.1884,'d',pressed,OTHSOL
877.2563,'w',pressed,OTHSOL
877.3162,'d',released,OTHSOL
877.4764,'a',released,OTHSOL
877.5683,'d',pressed,OTHSOL
877.6244,'d',released,OTHSOL
877.6842,'d',pressed,OTHSOL
877.8762,'d',released,OTHSOL
878.0324,'d',pressed,OTHSOL
878.1442,'w',released,OTHSOL
879.0364,'w',pressed,OTHSOL
879.0682,'a',pressed,OTHSOL
879.0963,'a',released,OTHSOL
879.2524,'d',released,OTHSOL
879.3122,'a',pressed,OTHSOL
879.6523,'a',released,OTHSOL
879.8445,'a',pressed,OTHSOL
880.0444,'a',released,OTHSOL
880.3723,'d',pressed,OTHSOL
880.5242,'a',pressed,OTHSOL
880.5445,'d',released,OTHSOL
880.6402,'w',released,OTHSOL
880.9164,'w',pressed,OTHSOL
880.9685,'a',released,OTHSOL
881.0163,'d',pressed,OTHSOL
881.7564,'d',released,OTHSOL
881.8123,'a',pressed,OTHSOL
881.9323,'a',released,OTHSOL
881.9483,'d',pressed,OTHSOL
882.0044,'w',released,OTHSOL
882.3682,'s',pressed,OTHSOL
882.6404,'s',released,OTHSOL
882.7522,'w',pressed,OTHSOL
882.8762,'d',released,OTHSOL
883.0603,'a',pressed,OTHSOL
883.5604,'a',released,OTHSOL
883.9444,'a',pressed,OTHSOL
884.0044,'a',released,OTHSOL
884.6255,'a',pressed,OTHSOL
884.6845,'w',released,OTHSOL
884.8122,'s',pressed,OTHSOL
884.8803,'a',released,OTHSOL
885.0485,'1',pressed,OTHSOL
885.1524,'1',released,OTHSOL
885.6402,'d',pressed,OTHSOL
885.6925,'s',released,OTHSOL
886.4841,Key.f1,pressed,OTHSOL
886.5722,Key.f1,released,OTHSOL
886.7644,'d',released,OTHSOL
886.9202,'w',pressed,OTHSOL
886.9767,'a',pressed,OTHSOL
887.2924,'a',released,OTHSOL
887.4084,'a',pressed,OTHSOL
887.7003,'a',released,OTHSOL
888.1282,'a',pressed,OTHSOL
888.4322,'a',released,OTHSOL
888.6083,'d',pressed,OTHSOL
888.7643,'d',released,OTHSOL
888.9444,'a',pressed,OTHSOL
889.1327,'a',released,OTHSOL
889.3083,'a',pressed,OTHSOL
889.5284,'a',released,OTHSOL
890.0003,'a',pressed,OTHSOL
890.0801,Key.space,pressed,OTHSOL
890.2442,Key.space,released,OTHSOL
890.3167,'w',released,OTHSOL
890.8124,'w',pressed,OTHSOL
891.3247,'a',released,OTHSOL
891.9402,'a',pressed,OTHSOL
892.1123,'w',released,OTHSOL
892.5203,'w',pressed,OTHSOL
892.6204,'a',released,OTHSOL
892.7882,'a',pressed,OTHSOL
892.9643,'a',released,OTHSOL
893.2043,'d',pressed,OTHSOL
893.8063,'d',released,OTHSOL
893.9322,'d',pressed,OTHSOL
894.3103,'w',released,OTHSOL
894.5263,'a',pressed,OTHSOL
894.5413,Mouse.left,pressed,OTHSOL
894.6402,'s',pressed,OTHSOL
894.6532,Mouse.left,released,OTHSOL
894.6542,'d',released,OTHSOL
894.7462,'s',released,OTHSOL
894.9922,'d',pressed,OTHSOL
895.0603,'a',released,OTHSOL
895.2004,'w',pressed,OTHSOL
895.4882,'a',pressed,OTHSOL
895.5102,'w',released,OTHSOL
895.5543,'d',released,OTHSOL
895.6412,Mouse.left,pressed,OTHSOL
895.7754,Mouse.left,released,OTHSOL
896.3263,'d',pressed,OTHSOL
896.3622,'a',released,OTHSOL
896.7583,'a',pressed,OTHSOL
896.9033,Mouse.left,pressed,OTHSOL
896.9182,'d',released,OTHSOL
897.0113,Mouse.left,released,OTHSOL
897.3125,'s',pressed,OTHSOL
897.4105,'d',pressed,OTHSOL
897.4363,'a',released,OTHSOL
897.4583,'s',released,OTHSOL
897.7262,'w',pressed,OTHSOL
898.1602,'a',pressed,OTHSOL
898.2123,'w',released,OTHSOL
898.2262,'d',released,OTHSOL
898.3352,Mouse.left,pressed,OTHSOL
898.4632,Mouse.left,released,OTHSOL
898.7323,'s',pressed,OTHSOL
898.8224,'a',released,OTHSOL
899.0403,'1',pressed,OTHSOL
899.1624,'1',released,OTHSOL
899.2563,'d',pressed,OTHSOL
899.3265,'s',released,OTHSOL
899.3732,Mouse.left,pressed,OTHSOL
899.4442,'w',pressed,OTHSOL
899.4672,Mouse.left,released,OTHSOL
899.6743,'d',released,OTHSOL
899.7862,'d',pressed,OTHSOL
900.2125,'w',released,OTHSOL
900.7063,'a',pressed,OTHSOL
900.7251,Mouse.left,pressed,OTHSOL
900.7466,'w',pressed,OTHSOL
900.8112,Mouse.left,released,OTHSOL
900.8242,'d',released,OTHSOL
900.8342,'w',released,OTHSOL
901.1643,'s',pressed,OTHSOL
901.6585,'a',released,OTHSOL
901.6703,'s',released,OTHSOL
905.0821,Key.esc,pressed,OTHSOL
905.1663,Key.esc,released,OTHSOL
907.0872,Mouse.left,pressed,OTHSOL
907.1933,Mouse.left,released,OTHSOL
