3.9970,Mouse.left,pressed,OTHHEA
4.1089,Mouse.left,released,OTHHEA
5.3659,Mouse.left,pressed,OTHHEA
5.4620,Mouse.left,released,OTHHEA
7.0689,Mouse.left,pressed,OTHHEA
7.1540,Mouse.left,released,OTHHEA
8.5036,'w',pressed,OTHHEA
8.5071,'a',pressed,OTHHEA
8.6593,'a',released,OTHHEA
9.1272,'d',pressed,OTHHEA
9.4472,'d',released,OTHHEA
9.5913,'a',pressed,OTHHEA
9.7877,'a',released,OTHHEA
9.9179,'d',pressed,OTHHEA
10.0715,'d',released,OTHHEA
10.1035,'a',pressed,OTHHEA
10.2832,'d',pressed,OTHHEA
10.3115,'a',released,OTHHEA
10.4552,'d',released,OTHHEA
10.4591,'a',pressed,OTHHEA
10.7718,'a',released,OTHHEA
10.8388,Key.shift,pressed,OTHHEA
13.1404,'D',pressed,OTHHEA
13.4193,'D',released,OTHHEA
13.5560,'A',pressed,OTHHEA
13.7240,'A',released,OTHHEA
13.7833,'D',pressed,OTHHEA
14.5752,'D',released,OTHHEA
14.9674,'D',pressed,OTHHEA
16.0193,Key.shift,released,OTHHEA
16.0916,'w',released,OTHHEA
16.2395,'s',pressed,OTHHEA
16.3754,'a',pressed,OTHHEA
16.4954,'a',released,OTHHEA
16.5316,'s',released,OTHHEA
16.6432,'s',pressed,OTHHEA
17.0113,'s',released,OTHHEA
17.1204,'s',pressed,OTHHEA
17.2120,'s',released,OTHHEA
17.3038,'w',pressed,OTHHEA
17.3835,Key.shift,pressed,OTHHEA
17.5275,'D',released,OTHHEA
18.0558,'A',pressed,OTHHEA
18.9034,'D',pressed,OTHHEA
19.0991,'A',released,OTHHEA
19.4354,'D',released,OTHHEA
20.8674,'A',pressed,OTHHEA
21.1192,'A',released,OTHHEA
21.2692,'D',pressed,OTHHEA
21.4553,'D',released,OTHHEA
22.4714,'A',pressed,OTHHEA
23.6992,'A',released,OTHHEA
23.8236,'D',pressed,OTHHEA
24.1156,'A',pressed,OTHHEA
24.2072,'D',released,OTHHEA
24.4992,'W',released,OTHHEA
24.6393,'S',pressed,OTHHEA
24.8799,'S',released,OTHHEA
25.3200,'W',pressed,OTHHEA
25.4107,Key.shift,released,OTHHEA
25.4553,'a',released,OTHHEA
25.4911,'d',pressed,OTHHEA
25.6589,Key.shift,pressed,OTHHEA
25.7313,'D',released,OTHHEA
26.0035,'A',released,OTHHEA
26.0431,'D',pressed,OTHHEA
26.0749,Key.shift,released,OTHHEA
26.3773,Mouse.right,pressed,OTHHEA
28.0954,'w',released,OTHHEA
28.3272,'s',pressed,OTHHEA
28.5036,'s',released,OTHHEA
28.6831,'w',pressed,OTHHEA
30.0075,'a',pressed,OTHHEA
30.1190,'d',released,OTHHEA
30.6231,'w',released,OTHHEA
31.0234,'d',pressed,OTHHEA
31.0911,'a',released,OTHHEA
31.7201,'a',pressed,OTHHEA
31.8391,'d',released,OTHHEA
32.3547,Key.shift,pressed,OTHHEA
32.6920,Mouse.right,released,OTHHEA
33.3698,Mouse.right,pressed,OTHHEA
33.4472,Key.shift,released,OTHHEA
33.4596,'a',released,OTHHEA
33.5312,'w',released,OTHHEA
33.6090,Mouse.left,pressed,OTHHEA
33.6676,'a',pressed,OTHHEA
33.6756,'s',pressed,OTHHEA
33.8111,'a',released,OTHHEA
33.9272,'d',released,OTHHEA
34.2551,'a',pressed,OTHHEA
34.5112,'a',released,OTHHEA
34.5154,'d',pressed,OTHHEA
34.7552,'a',pressed,OTHHEA
34.8068,'a',released,OTHHEA
35.0473,'s',released,OTHHEA
36.5072,'a',pressed,OTHHEA
36.5877,'d',released,OTHHEA
37.2035,'d',pressed,OTHHEA
37.2392,'a',released,OTHHEA
38.0895,'a',pressed,OTHHEA
38.1471,'d',released,OTHHEA
38.4871,'d',pressed,OTHHEA
38.5190,'a',released,OTHHEA
38.9912,'a',pressed,OTHHEA
39.0234,'d',released,OTHHEA
40.1034,'w',pressed,OTHHEA
40.8791,'w',released,OTHHEA
41.8956,'d',pressed,OTHHEA
42.0755,'s',pressed,OTHHEA
42.1313,'s',released,OTHHEA
42.2314,'s',pressed,OTHHEA
42.3512,'a',released,OTHHEA
42.3992,'s',released,OTHHEA
44.3074,'w',pressed,OTHHEA
44.5031,'a',pressed,OTHHEA
44.5514,Mouse.left,released,OTHHEA
44.7549,Key.shift,pressed,OTHHEA
44.9312,'W',released,OTHHEA
45.0870,'D',released,OTHHEA
45.3908,Key.shift,released,OTHHEA
45.3962,Mouse.left,pressed,OTHHEA
45.6269,Mouse.left,released,OTHHEA
45.8268,Key.shift,pressed,OTHHEA
46.0838,Mouse.left,pressed,OTHHEA
46.8151,Key.shift,released,OTHHEA
46.9071,'w',released,OTHHEA
46.9636,'a',released,OTHHEA
47.0473,'s',pressed,OTHHEA
47.0752,'a',pressed,OTHHEA
47.0871,'a',released,OTHHEA
47.1474,'a',pressed,OTHHEA
47.2191,'d',released,OTHHEA
47.4551,'a',released,OTHHEA
47.4632,'s',released,OTHHEA
47.5018,Mouse.left,released,OTHHEA
47.5078,Mouse.right,released,OTHHEA
64.3034,'w',pressed,OTHHEA
64.5309,Key.shift,pressed,OTHHEA
65.1634,'D',pressed,OTHHEA
65.3170,'D',released,OTHHEA
66.0631,'A',pressed,OTHHEA
66.8611,'A',released,OTHHEA
66.9188,Key.shift,released,OTHHEA
66.9472,'d',pressed,OTHHEA
67.0992,'d',released,OTHHEA
69.5311,'a',pressed,OTHHEA
70.1350,'a',released,OTHHEA
70.8271,'d',pressed,OTHHEA
72.6032,'a',pressed,OTHHEA
72.6271,'d',released,OTHHEA
72.8476,'a',released,OTHHEA
72.8555,'d',pressed,OTHHEA
73.0193,'a',pressed,OTHHEA
73.0275,'d',released,OTHHEA
73.1192,'a',released,OTHHEA
73.4551,'d',pressed,OTHHEA
74.4591,'d',released,OTHHEA
74.7246,Mouse.right,pressed,OTHHEA
75.0878,'d',pressed,OTHHEA
75.1412,Mouse.right,released,OTHHEA
75.4312,Key.shift,pressed,OTHHEA
75.6232,Key.shift,released,OTHHEA
76.0953,'a',pressed,OTHHEA
76.1314,'d',released,OTHHEA
77.2351,'a',released,OTHHEA
77.3351,'d',pressed,OTHHEA
77.9361,'a',pressed,OTHHEA
77.9631,'d',released,OTHHEA
78.3671,'a',released,OTHHEA
78.6394,'a',pressed,OTHHEA
79.1638,'a',released,OTHHEA
81.4416,Mouse.right,pressed,OTHHEA
82.3353,'a',pressed,OTHHEA
82.4476,'a',released,OTHHEA
82.6192,'d',pressed,OTHHEA
82.7516,'d',released,OTHHEA
82.7632,'a',pressed,OTHHEA
83.1713,'d',pressed,OTHHEA
83.3391,'a',released,OTHHEA
83.3712,'a',pressed,OTHHEA
83.6035,'d',released,OTHHEA
83.6713,'d',pressed,OTHHEA
83.6993,'a',released,OTHHEA
84.1279,'w',released,OTHHEA
84.4751,'w',pressed,OTHHEA
84.6112,'a',pressed,OTHHEA
84.7191,'d',released,OTHHEA
89.8753,'a',released,OTHHEA
89.8957,'d',pressed,OTHHEA
90.7477,'w',released,OTHHEA
91.0515,'w',pressed,OTHHEA
91.3000,'a',pressed,OTHHEA
91.3871,'a',released,OTHHEA
91.9032,'d',released,OTHHEA
91.9351,'a',pressed,OTHHEA
92.6116,'a',released,OTHHEA
92.6410,Mouse.left,pressed,OTHHEA
92.6593,'d',pressed,OTHHEA
93.7983,Mouse.left,released,OTHHEA
93.8969,Mouse.left,pressed,OTHHEA
96.0839,Mouse.left,released,OTHHEA
99.2395,'d',released,OTHHEA
99.3590,'a',pressed,OTHHEA
99.5182,Mouse.left,pressed,OTHHEA
99.8355,'w',released,OTHHEA
100.3114,'d',pressed,OTHHEA
100.3634,'a',released,OTHHEA
100.8833,'a',pressed,OTHHEA
100.9434,'d',released,OTHHEA
101.3234,'d',pressed,OTHHEA
101.3996,'a',released,OTHHEA
101.8632,'a',pressed,OTHHEA
101.9191,'d',released,OTHHEA
102.5523,'s',pressed,OTHHEA
102.7673,'a',released,OTHHEA
102.8351,'d',pressed,OTHHEA
103.0590,'a',pressed,OTHHEA
103.2200,'a',released,OTHHEA
104.1432,'a',pressed,OTHHEA
104.2873,'d',released,OTHHEA
104.3554,'s',released,OTHHEA
104.7994,'w',pressed,OTHHEA
105.0193,'d',pressed,OTHHEA
105.0721,'a',released,OTHHEA
105.4952,'w',released,OTHHEA
105.8470,'s',pressed,OTHHEA
106.1759,'a',pressed,OTHHEA
106.3110,'d',released,OTHHEA
107.0911,'s',released,OTHHEA
107.4514,'d',pressed,OTHHEA
107.5070,'a',released,OTHHEA
107.6551,'a',pressed,OTHHEA
107.8276,'d',released,OTHHEA
107.8737,'w',pressed,OTHHEA
108.1312,'d',pressed,OTHHEA
108.3473,'a',released,OTHHEA
109.1355,'a',pressed,OTHHEA
109.1630,'d',released,OTHHEA
109.2511,'d',pressed,OTHHEA
109.2551,'a',released,OTHHEA
109.4431,'a',pressed,OTHHEA
109.6031,'a',released,OTHHEA
109.9551,'w',released,OTHHEA
110.1475,'a',pressed,OTHHEA
110.5793,'d',released,OTHHEA
111.1237,'d',pressed,OTHHEA
111.1550,'a',released,OTHHEA
111.3151,'a',pressed,OTHHEA
111.3832,'d',released,OTHHEA
111.5551,'a',released,OTHHEA
111.6271,'w',pressed,OTHHEA
111.6869,Mouse.left,released,OTHHEA
111.7071,'a',pressed,OTHHEA
111.7209,Mouse.right,released,OTHHEA
111.7955,'w',released,OTHHEA
111.8041,'a',released,OTHHEA
117.9951,'w',pressed,OTHHEA
118.3431,'w',released,OTHHEA
134.5114,'d',pressed,OTHHEA
134.5152,'w',pressed,OTHHEA
134.6388,Key.shift,pressed,OTHHEA
134.6556,'D',released,OTHHEA
135.4234,Key.shift,released,OTHHEA
135.9194,'a',pressed,OTHHEA
136.1071,'a',released,OTHHEA
136.5835,'a',pressed,OTHHEA
136.6593,'a',released,OTHHEA
137.5111,'a',pressed,OTHHEA
138.1230,'a',released,OTHHEA
138.2779,'a',pressed,OTHHEA
138.4371,Mouse.right,pressed,OTHHEA
138.5564,Mouse.right,released,OTHHEA
138.9190,'a',released,OTHHEA
139.3578,Mouse.right,pressed,OTHHEA
139.4367,Mouse.right,released,OTHHEA
142.7272,'a',pressed,OTHHEA
143.8913,'a',released,OTHHEA
144.4354,'a',pressed,OTHHEA
144.5552,'a',released,OTHHEA
144.9593,'a',pressed,OTHHEA
145.3990,'a',released,OTHHEA
145.4870,'w',released,OTHHEA
149.6753,Mouse.right,pressed,OTHHEA
149.7498,Mouse.left,pressed,OTHHEA
149.8121,Mouse.right,released,OTHHEA
149.8238,Mouse.left,released,OTHHEA
151.4259,Mouse.left,pressed,OTHHEA
151.5198,Mouse.left,released,OTHHEA
153.3649,Mouse.left,pressed,OTHHEA
153.3962,Mouse.left,released,OTHHEA
160.7312,'w',pressed,OTHHEA
160.8351,'w',released,OTHHEA
161.2432,'w',pressed,OTHHEA
161.7431,'d',released,OTHHEA
161.8988,Key.shift,pressed,OTHHEA
161.9428,Key.shift,released,OTHHEA
162.0074,'a',pressed,OTHHEA
162.0711,'a',released,OTHHEA
162.1953,'d',pressed,OTHHEA
162.4352,'d',released,OTHHEA
162.4915,'a',pressed,OTHHEA
162.7712,'a',released,OTHHEA
164.3867,'a',pressed,OTHHEA
164.8310,'a',released,OTHHEA
165.4951,'a',pressed,OTHHEA
165.6875,'a',released,OTHHEA
166.5071,'w',released,OTHHEA
176.9032,'w',pressed,OTHHEA
177.0310,'w',released,OTHHEA
177.0991,'d',pressed,OTHHEA
177.1751,'w',pressed,OTHHEA
177.1949,'d',released,OTHHEA
177.2670,'d',pressed,OTHHEA
177.3677,Mouse.left,pressed,OTHHEA
177.3714,'w',released,OTHHEA
177.3950,'a',pressed,OTHHEA
177.4032,'d',released,OTHHEA
177.4070,'w',pressed,OTHHEA
177.4215,Mouse.right,pressed,OTHHEA
177.4842,Mouse.left,released,OTHHEA
177.5348,'d',pressed,OTHHEA
177.5703,Mouse.right,released,OTHHEA
177.6073,'a',released,OTHHEA
177.6116,'w',released,OTHHEA
177.7191,'a',pressed,OTHHEA
177.7234,'w',pressed,OTHHEA
177.7472,'d',released,OTHHEA
177.8390,'d',pressed,OTHHEA
177.9071,'a',released,OTHHEA
177.9311,'w',released,OTHHEA
178.0512,'a',pressed,OTHHEA
178.1991,'a',released,OTHHEA
178.2350,'d',released,OTHHEA
179.5192,'a',pressed,OTHHEA
179.6471,'a',released,OTHHEA
181.7150,'w',pressed,OTHHEA
181.9271,'a',pressed,OTHHEA
181.9710,'a',released,OTHHEA
182.0791,'d',pressed,OTHHEA
182.2592,'w',released,OTHHEA
182.4479,'d',released,OTHHEA
183.9790,Mouse.left,pressed,OTHHEA
184.2439,Mouse.left,released,OTHHEA
184.3356,'w',pressed,OTHHEA
184.6067,Key.shift,pressed,OTHHEA
189.1439,'A',pressed,OTHHEA
190.2315,'A',released,OTHHEA
190.3031,'D',pressed,OTHHEA
190.4599,Mouse.right,pressed,OTHHEA
191.7150,Key.shift,released,OTHHEA
192.2288,'d',pressed,OTHHEA
193.8110,'w',released,OTHHEA
193.8910,'a',pressed,OTHHEA
193.9430,'d',released,OTHHEA
193.9849,Mouse.left,pressed,OTHHEA
194.2202,'d',pressed,OTHHEA
194.2350,'a',released,OTHHEA
194.4030,'a',pressed,OTHHEA
194.4712,'d',released,OTHHEA
194.6470,'d',pressed,OTHHEA
194.6830,'a',released,OTHHEA
195.0150,'a',pressed,OTHHEA
195.0831,'d',released,OTHHEA
195.6750,'d',pressed,OTHHEA
195.9350,'w',pressed,OTHHEA
196.2271,'a',released,OTHHEA
196.5235,'w',released,OTHHEA
196.6077,'a',pressed,OTHHEA
196.7511,'w',pressed,OTHHEA
196.8672,'d',released,OTHHEA
196.8872,'a',released,OTHHEA
197.4710,'w',released,OTHHEA
197.4952,'a',pressed,OTHHEA
197.5872,'s',pressed,OTHHEA
197.9751,'s',released,OTHHEA
198.0152,'d',pressed,OTHHEA
198.3231,'a',released,OTHHEA
198.4799,'a',pressed,OTHHEA
198.5472,'a',released,OTHHEA
198.6351,'a',pressed,OTHHEA
198.7550,'d',released,OTHHEA
198.9430,'d',pressed,OTHHEA
198.9990,'d',released,OTHHEA
199.1232,'d',pressed,OTHHEA
199.1750,'a',released,OTHHEA
199.2352,'s',pressed,OTHHEA
199.3512,'a',pressed,OTHHEA
199.3830,'d',released,OTHHEA
199.9357,'d',pressed,OTHHEA
200.0271,'a',released,OTHHEA
200.6110,'s',released,OTHHEA
201.0990,'a',pressed,OTHHEA
201.1354,'w',pressed,OTHHEA
201.3870,'d',released,OTHHEA
202.2271,'d',pressed,OTHHEA
202.2791,'a',released,OTHHEA
202.3533,Mouse.left,released,OTHHEA
202.3706,Key.shift,pressed,OTHHEA
202.3997,Mouse.right,released,OTHHEA
202.7153,'A',pressed,OTHHEA
202.8511,'D',released,OTHHEA
203.0646,Mouse.right,pressed,OTHHEA
203.2909,Key.shift,released,OTHHEA
203.5686,Mouse.left,pressed,OTHHEA
203.8033,'a',pressed,OTHHEA
203.9233,'a',released,OTHHEA
205.0397,Mouse.left,released,OTHHEA
205.6139,Mouse.right,released,OTHHEA
206.2107,Key.shift,pressed,OTHHEA
206.9550,'D',released,OTHHEA
207.5750,'A',released,OTHHEA
207.6039,'D',pressed,OTHHEA
208.0911,'A',pressed,OTHHEA
208.1197,'D',released,OTHHEA
209.4591,'D',pressed,OTHHEA
209.5031,'A',released,OTHHEA
209.7871,'A',pressed,OTHHEA
209.8229,Key.shift,released,OTHHEA
209.9350,Mouse.right,pressed,OTHHEA
210.0997,'a',released,OTHHEA
210.3870,'a',pressed,OTHHEA
210.4318,'d',released,OTHHEA
210.7271,'d',pressed,OTHHEA
210.7551,'a',released,OTHHEA
210.9913,'a',pressed,OTHHEA
211.0310,'d',released,OTHHEA
211.0670,'d',pressed,OTHHEA
211.1634,'d',released,OTHHEA
212.2636,'a',released,OTHHEA
212.2716,'d',pressed,OTHHEA
212.6711,'a',pressed,OTHHEA
212.8632,'a',released,OTHHEA
213.4395,'a',pressed,OTHHEA
213.8150,'a',released,OTHHEA
214.0009,Mouse.right,released,OTHHEA
214.0028,Key.shift,pressed,OTHHEA
214.8712,'D',released,OTHHEA
215.0193,'D',pressed,OTHHEA
215.1150,'D',released,OTHHEA
215.2350,Key.shift,released,OTHHEA
215.2594,'a',pressed,OTHHEA
215.3112,'a',released,OTHHEA
216.4435,'d',released,OTHHEA
216.5031,'a',pressed,OTHHEA
216.9952,'a',released,OTHHEA
216.9989,'d',pressed,OTHHEA
217.0179,Mouse.right,pressed,OTHHEA
217.0581,Mouse.right,released,OTHHEA
217.3799,'a',pressed,OTHHEA
217.9786,Mouse.right,pressed,OTHHEA
218.1950,'d',released,OTHHEA
218.9472,'w',released,OTHHEA
219.3452,Mouse.left,pressed,OTHHEA
219.4512,'d',pressed,OTHHEA
219.5511,'a',released,OTHHEA
220.7021,Mouse.left,released,OTHHEA
220.7191,Mouse.right,released,OTHHEA
220.7513,'d',released,OTHHEA
227.3431,'w',pressed,OTHHEA
227.4072,'d',pressed,OTHHEA
227.5790,'a',pressed,OTHHEA
227.7268,'a',released,OTHHEA
227.8111,'w',released,OTHHEA
228.1831,'d',released,OTHHEA
229.4308,Key.shift,pressed,OTHHEA
229.5947,Key.shift,released,OTHHEA
242.3595,'w',pressed,OTHHEA
242.4431,'d',pressed,OTHHEA
242.6418,Mouse.left,pressed,OTHHEA
242.6751,'d',released,OTHHEA
242.7030,'w',released,OTHHEA
242.7688,Mouse.left,released,OTHHEA
243.1497,Mouse.left,pressed,OTHHEA
243.1699,Mouse.right,pressed,OTHHEA
243.2378,Mouse.left,released,OTHHEA
243.3309,Mouse.right,released,OTHHEA
244.1073,'w',pressed,OTHHEA
244.4113,'a',pressed,OTHHEA
244.4509,Key.shift,pressed,OTHHEA
244.8153,'A',released,OTHHEA
245.2513,'A',pressed,OTHHEA
245.5831,'A',released,OTHHEA
248.4230,'D',pressed,OTHHEA
248.7551,'D',released,OTHHEA
250.7751,'D',pressed,OTHHEA
251.0070,'D',released,OTHHEA
251.3271,'A',pressed,OTHHEA
251.8674,'A',released,OTHHEA
252.2114,'A',pressed,OTHHEA
253.3236,'A',released,OTHHEA
253.4147,Key.shift,released,OTHHEA
253.6666,Key.space,pressed,OTHHEA
253.8467,Key.space,released,OTHHEA
254.1712,Key.shift,pressed,OTHHEA
254.9738,Mouse.right,pressed,OTHHEA
255.0627,Key.shift,released,OTHHEA
255.2270,'a',released,OTHHEA
255.2740,Mouse.left,pressed,OTHHEA
255.5632,'d',pressed,OTHHEA
255.5794,'w',released,OTHHEA
255.8550,'a',pressed,OTHHEA
255.9111,'d',released,OTHHEA
256.8710,'w',pressed,OTHHEA
257.2070,'d',pressed,OTHHEA
257.2151,'a',released,OTHHEA
257.7711,'a',pressed,OTHHEA
257.9356,'a',released,OTHHEA
258.0030,'a',pressed,OTHHEA
258.1591,'a',released,OTHHEA
258.1908,Mouse.left,released,OTHHEA
258.2528,Mouse.right,released,OTHHEA
258.2907,Key.shift,pressed,OTHHEA
258.7785,Mouse.right,pressed,OTHHEA
258.9274,'A',pressed,OTHHEA
258.9546,Key.shift,released,OTHHEA
259.0161,'d',released,OTHHEA
259.1378,Mouse.left,pressed,OTHHEA
259.3633,'w',released,OTHHEA
259.8660,'a',pressed,OTHHEA
260.2310,'d',pressed,OTHHEA
260.3031,'a',released,OTHHEA
260.8672,'a',pressed,OTHHEA
260.9790,'a',released,OTHHEA
261.1196,'w',pressed,OTHHEA
261.3914,'a',pressed,OTHHEA
261.4474,'a',released,OTHHEA
261.6711,'a',pressed,OTHHEA
261.7192,'d',released,OTHHEA
262.3711,'d',pressed,OTHHEA
262.3831,'a',released,OTHHEA
262.5190,'w',released,OTHHEA
262.6471,'a',pressed,OTHHEA
262.7230,'d',released,OTHHEA
263.6077,'d',pressed,OTHHEA
263.7909,'s',pressed,OTHHEA
263.8194,'s',released,OTHHEA
264.2312,'a',released,OTHHEA
264.3800,'w',pressed,OTHHEA
264.3835,Mouse.left,released,OTHHEA
264.3997,Mouse.right,released,OTHHEA
264.4192,'a',pressed,OTHHEA
264.4231,'d',released,OTHHEA
264.5070,'w',released,OTHHEA
264.5431,'a',released,OTHHEA
269.8947,Key.f5,pressed,OTHHEA
269.9267,Key.f5,released,OTHHEA
271.0471,'w',pressed,OTHHEA
271.0754,'d',pressed,OTHHEA
271.2353,'a',pressed,OTHHEA
271.3391,'d',released,OTHHEA
271.4069,'a',released,OTHHEA
271.4391,'w',released,OTHHEA
276.6225,Mouse.right,pressed,OTHHEA
276.6267,Mouse.left,pressed,OTHHEA
276.6928,Mouse.right,released,OTHHEA
276.7678,Mouse.left,released,OTHHEA
276.7738,Mouse.right,pressed,OTHHEA
276.8577,Mouse.left,pressed,OTHHEA
276.9557,Mouse.right,released,OTHHEA
276.9798,Mouse.left,released,OTHHEA
277.0077,Mouse.right,pressed,OTHHEA
277.1389,Mouse.right,released,OTHHEA
277.9558,Mouse.right,pressed,OTHHEA
278.0377,Mouse.left,pressed,OTHHEA
278.0423,Mouse.right,released,OTHHEA
278.1048,Mouse.left,released,OTHHEA
278.1397,Mouse.right,pressed,OTHHEA
278.1633,'w',pressed,OTHHEA
278.2258,Mouse.left,pressed,OTHHEA
278.2548,Mouse.right,released,OTHHEA
278.2870,'w',released,OTHHEA
278.3152,Mouse.left,released,OTHHEA
278.3528,Mouse.right,pressed,OTHHEA
278.4508,Mouse.left,pressed,OTHHEA
278.4627,Mouse.right,released,OTHHEA
278.5188,Mouse.left,released,OTHHEA
278.6156,Mouse.right,pressed,OTHHEA
278.6897,Mouse.right,released,OTHHEA
278.7358,Mouse.left,pressed,OTHHEA
278.8209,Mouse.left,released,OTHHEA
278.8388,Mouse.right,pressed,OTHHEA
278.9529,Mouse.left,pressed,OTHHEA
278.9967,Mouse.right,released,OTHHEA
279.0197,Mouse.left,released,OTHHEA
279.1108,Mouse.right,pressed,OTHHEA
279.1988,Mouse.left,pressed,OTHHEA
279.2148,Mouse.right,released,OTHHEA
279.2677,Mouse.left,released,OTHHEA
280.0672,'w',pressed,OTHHEA
280.6918,'w',released,OTHHEA
287.0714,'w',pressed,OTHHEA
287.0792,'w',released,OTHHEA
287.3150,'w',pressed,OTHHEA
288.2030,'w',released,OTHHEA
288.4870,'w',pressed,OTHHEA
288.6746,Key.shift,pressed,OTHHEA
289.8269,Key.shift,released,OTHHEA
292.3475,'d',pressed,OTHHEA
293.0314,'d',released,OTHHEA
293.2262,Mouse.right,pressed,OTHHEA
293.3077,'a',pressed,OTHHEA
293.3634,'w',released,OTHHEA
293.3971,Mouse.left,pressed,OTHHEA
293.4273,'d',pressed,OTHHEA
293.4792,'s',pressed,OTHHEA
293.7072,'a',released,OTHHEA
293.8391,'a',pressed,OTHHEA
294.1804,'d',released,OTHHEA
294.4154,'s',released,OTHHEA
294.4392,'d',pressed,OTHHEA
294.5110,'s',pressed,OTHHEA
294.5710,'d',released,OTHHEA
294.6750,'d',pressed,OTHHEA
294.7032,'a',released,OTHHEA
294.7951,'s',released,OTHHEA
295.0431,'a',pressed,OTHHEA
295.0910,'w',pressed,OTHHEA
295.1516,'a',released,OTHHEA
295.7030,'a',pressed,OTHHEA
295.8793,'w',released,OTHHEA
295.8957,'d',released,OTHHEA
296.6153,'d',pressed,OTHHEA
296.6713,'a',released,OTHHEA
296.8715,'s',pressed,OTHHEA
297.0354,'a',pressed,OTHHEA
297.0750,'d',released,OTHHEA
297.1191,'s',released,OTHHEA
297.2230,'s',pressed,OTHHEA
297.3390,'d',pressed,OTHHEA
297.4038,'a',released,OTHHEA
297.5550,'s',released,OTHHEA
297.6509,'a',pressed,OTHHEA
297.6992,'d',released,OTHHEA
297.8792,'w',pressed,OTHHEA
297.9549,'d',pressed,OTHHEA
297.9836,'a',released,OTHHEA
298.0989,'a',pressed,OTHHEA
298.1651,Mouse.left,released,OTHHEA
298.1835,'a',released,OTHHEA
298.2951,'a',pressed,OTHHEA
298.5469,'w',released,OTHHEA
298.7790,'s',pressed,OTHHEA
298.8668,'a',released,OTHHEA
299.0102,Mouse.left,pressed,OTHHEA
300.1672,'s',released,OTHHEA
300.1954,'a',pressed,OTHHEA
300.3029,'d',released,OTHHEA
302.1233,'d',pressed,OTHHEA
302.1551,'a',released,OTHHEA
302.4271,'a',pressed,OTHHEA
302.4915,'d',released,OTHHEA
302.6190,'d',pressed,OTHHEA
302.6834,'a',released,OTHHEA
303.1110,'a',pressed,OTHHEA
303.1593,'d',released,OTHHEA
303.3954,'w',pressed,OTHHEA
303.5239,'d',pressed,OTHHEA
303.5471,'a',released,OTHHEA
303.7030,'a',pressed,OTHHEA
303.8070,'d',released,OTHHEA
303.9313,'d',pressed,OTHHEA
304.1111,'d',released,OTHHEA
304.1309,'d',pressed,OTHHEA
304.2192,'w',released,OTHHEA
304.2509,'a',released,OTHHEA
304.2951,'a',pressed,OTHHEA
304.5030,'a',released,OTHHEA
304.6833,'s',pressed,OTHHEA
304.9271,'a',pressed,OTHHEA
305.0029,'d',released,OTHHEA
305.4770,'s',released,OTHHEA
305.5352,'d',pressed,OTHHEA
305.5990,'a',released,OTHHEA
305.6350,'w',pressed,OTHHEA
305.7790,'a',pressed,OTHHEA
305.8149,'a',released,OTHHEA
305.9550,'a',pressed,OTHHEA
306.0271,'d',released,OTHHEA
306.0788,'w',released,OTHHEA
306.4430,'d',pressed,OTHHEA
306.5152,'a',released,OTHHEA
306.7631,'a',pressed,OTHHEA
306.7675,'w',pressed,OTHHEA
306.7996,'a',released,OTHHEA
306.9150,'a',pressed,OTHHEA
306.9709,'d',released,OTHHEA
307.0992,'w',released,OTHHEA
307.1871,'d',pressed,OTHHEA
307.2180,'s',pressed,OTHHEA
307.2514,'d',released,OTHHEA
307.8391,'d',pressed,OTHHEA
307.8753,'a',released,OTHHEA
308.1513,'a',pressed,OTHHEA
308.1592,'a',released,OTHHEA
308.2911,'a',pressed,OTHHEA
308.3271,'d',released,OTHHEA
308.8109,'d',pressed,OTHHEA
308.9673,'a',released,OTHHEA
309.0118,'s',released,OTHHEA
309.0951,'a',pressed,OTHHEA
309.0989,'s',pressed,OTHHEA
309.1946,'a',released,OTHHEA
309.3430,'s',released,OTHHEA
309.4753,'w',pressed,OTHHEA
309.6792,'a',pressed,OTHHEA
309.8919,Mouse.left,released,OTHHEA
310.2297,Mouse.left,pressed,OTHHEA
310.7992,'w',released,OTHHEA
310.8916,'s',pressed,OTHHEA
310.9273,'d',released,OTHHEA
311.1991,'d',pressed,OTHHEA
311.2437,'a',released,OTHHEA
311.4797,'s',released,OTHHEA
312.2679,'w',pressed,OTHHEA
312.4109,'a',pressed,OTHHEA
312.8158,Mouse.left,released,OTHHEA
312.8692,Mouse.left,pressed,OTHHEA
312.9213,Mouse.left,released,OTHHEA
313.7997,'w',released,OTHHEA
313.9764,Mouse.left,pressed,OTHHEA
314.0234,'s',pressed,OTHHEA
314.0555,'d',released,OTHHEA
314.0791,'s',released,OTHHEA
314.1709,'d',pressed,OTHHEA
314.1791,'w',pressed,OTHHEA
314.2033,'d',released,OTHHEA
314.2832,'a',released,OTHHEA
314.3950,'a',pressed,OTHHEA
314.4590,'a',released,OTHHEA
314.4599,Mouse.left,released,OTHHEA
314.5632,'d',pressed,OTHHEA
314.7271,'w',released,OTHHEA
314.7640,Mouse.left,pressed,OTHHEA
314.8632,'s',pressed,OTHHEA
314.9549,'a',pressed,OTHHEA
314.9750,'d',released,OTHHEA
315.4431,'d',pressed,OTHHEA
315.5235,'a',released,OTHHEA
315.7398,'s',released,OTHHEA
315.8671,'w',pressed,OTHHEA
315.9830,'a',pressed,OTHHEA
316.0589,'d',released,OTHHEA
316.5236,'d',pressed,OTHHEA
316.5712,'a',released,OTHHEA
316.7109,'a',pressed,OTHHEA
316.8833,'d',released,OTHHEA
317.0030,'d',pressed,OTHHEA
317.1590,'d',released,OTHHEA
317.1871,'d',pressed,OTHHEA
317.2472,'a',released,OTHHEA
317.5154,'d',released,OTHHEA
317.6553,'a',pressed,OTHHEA
318.1270,'a',released,OTHHEA
318.1309,'d',pressed,OTHHEA
318.3313,'w',released,OTHHEA
318.4109,'a',pressed,OTHHEA
318.4297,Mouse.left,released,OTHHEA
318.4432,'s',pressed,OTHHEA
318.7314,'a',released,OTHHEA
319.0751,'s',released,OTHHEA
319.2432,'s',pressed,OTHHEA
319.5391,'s',released,OTHHEA
320.0193,'s',pressed,OTHHEA
320.0211,Mouse.right,released,OTHHEA
320.1036,'a',pressed,OTHHEA
320.2349,'d',released,OTHHEA
320.2870,'d',pressed,OTHHEA
320.3110,'a',released,OTHHEA
320.5071,'a',pressed,OTHHEA
320.5433,'d',released,OTHHEA
320.7434,'d',pressed,OTHHEA
320.7920,'a',released,OTHHEA
320.8835,'s',released,OTHHEA
321.1350,'w',pressed,OTHHEA
321.1551,'a',pressed,OTHHEA
321.2672,'d',released,OTHHEA
321.5669,'d',pressed,OTHHEA
321.6870,'a',released,OTHHEA
321.7992,'a',pressed,OTHHEA
321.9590,'a',released,OTHHEA
322.3710,'a',pressed,OTHHEA
322.6639,'d',released,OTHHEA
323.8209,Mouse.right,pressed,OTHHEA
323.9594,Mouse.right,released,OTHHEA
324.0529,Mouse.right,pressed,OTHHEA
324.9235,Mouse.right,released,OTHHEA
325.2796,'w',released,OTHHEA
325.4111,'s',pressed,OTHHEA
325.6470,'d',pressed,OTHHEA
325.6830,'a',released,OTHHEA
326.2073,'s',released,OTHHEA
326.3834,'w',pressed,OTHHEA
326.4750,'a',pressed,OTHHEA
327.7392,'a',released,OTHHEA
328.1116,'w',released,OTHHEA
328.3598,'w',pressed,OTHHEA
328.5109,Key.shift,pressed,OTHHEA
328.7189,'D',released,OTHHEA
328.7387,Key.shift,released,OTHHEA
328.7551,'a',pressed,OTHHEA
329.1311,'a',released,OTHHEA
329.4709,'d',released,OTHHEA
329.5309,'a',pressed,OTHHEA
329.7551,'a',released,OTHHEA
329.8189,'d',pressed,OTHHEA
330.1270,'d',released,OTHHEA
330.5992,'d',pressed,OTHHEA
331.3795,'d',released,OTHHEA
331.4350,'a',pressed,OTHHEA
331.5552,'a',released,OTHHEA
331.6435,'d',pressed,OTHHEA
332.5471,'a',pressed,OTHHEA
332.5834,'d',released,OTHHEA
332.6709,'w',released,OTHHEA
332.9186,Key.alt_l,pressed,OTHHEA
332.9386,Key.alt_l,released,OTHHEA
332.9586,Key.space,pressed,OTHHEA
333.3950,Key.space,released,OTHHEA
333.5156,'w',pressed,OTHHEA
333.7747,Key.shift,pressed,OTHHEA
334.1475,'D',pressed,OTHHEA
334.1671,Key.shift,released,OTHHEA
334.2434,'a',released,OTHHEA
334.3351,'a',pressed,OTHHEA
334.8435,'a',released,OTHHEA
334.9429,'a',pressed,OTHHEA
334.9873,'a',released,OTHHEA
335.1869,'a',pressed,OTHHEA
335.2271,'d',released,OTHHEA
335.6931,'a',released,OTHHEA
335.8310,'d',pressed,OTHHEA
335.9470,'d',released,OTHHEA
336.0150,'a',pressed,OTHHEA
336.3908,'d',pressed,OTHHEA
336.3991,'a',released,OTHHEA
336.5475,'d',released,OTHHEA
336.7445,'a',pressed,OTHHEA
337.0710,'a',released,OTHHEA
337.4276,'a',pressed,OTHHEA
338.4677,'a',released,OTHHEA
339.1696,'a',pressed,OTHHEA
339.6352,'w',released,OTHHEA
340.1362,'d',pressed,OTHHEA
340.1391,'a',released,OTHHEA
341.0229,'w',pressed,OTHHEA
341.0831,'a',pressed,OTHHEA
341.1069,'d',released,OTHHEA
341.7190,'d',pressed,OTHHEA
341.7457,'a',released,OTHHEA
342.6314,'a',pressed,OTHHEA
342.6991,'d',released,OTHHEA
342.8076,'a',released,OTHHEA
342.9151,'d',pressed,OTHHEA
343.4548,'a',pressed,OTHHEA
343.4990,'d',released,OTHHEA
343.5440,'w',released,OTHHEA
344.0236,'d',pressed,OTHHEA
344.1197,'a',released,OTHHEA
344.2152,'s',pressed,OTHHEA
344.5394,'s',released,OTHHEA
344.9359,'w',pressed,OTHHEA
345.5030,'d',released,OTHHEA
345.6910,'d',pressed,OTHHEA
345.8596,'w',released,OTHHEA
346.4636,'w',pressed,OTHHEA
346.5393,'a',pressed,OTHHEA
346.6230,'w',released,OTHHEA
346.6269,'d',released,OTHHEA
346.9831,'w',pressed,OTHHEA
347.5991,'a',released,OTHHEA
347.6030,'w',released,OTHHEA
352.8641,'w',pressed,OTHHEA
352.9992,'w',released,OTHHEA
353.2225,Mouse.right,pressed,OTHHEA
353.2887,Mouse.right,released,OTHHEA
353.3107,Mouse.left,pressed,OTHHEA
353.3538,Mouse.left,released,OTHHEA
353.3917,Mouse.right,pressed,OTHHEA
353.4909,Mouse.left,pressed,OTHHEA
353.5118,Mouse.right,released,OTHHEA
353.5607,Mouse.left,released,OTHHEA
356.6106,Key.f1,pressed,OTHHEA
356.6908,Key.f1,released,OTHHEA
358.8556,'w',pressed,OTHHEA
359.0592,'d',pressed,OTHHEA
359.5553,'w',released,OTHHEA
359.6190,'d',released,OTHHEA
360.4269,'w',pressed,OTHHEA
360.8790,'w',released,OTHHEA
364.0511,'v',pressed,OTHHEA
364.8630,'v',released,OTHHEA
365.5789,'b',pressed,OTHHEA
366.3711,'b',released,OTHHEA
368.6510,'w',pressed,OTHHEA
368.7189,'d',pressed,OTHHEA
368.8432,'d',released,OTHHEA
368.8670,'a',pressed,OTHHEA
368.9949,'a',released,OTHHEA
369.0266,Key.shift,pressed,OTHHEA
369.1465,Key.shift,released,OTHHEA
369.2791,'d',pressed,OTHHEA
369.3590,'d',released,OTHHEA
369.8754,'v',pressed,OTHHEA
370.8589,'v',released,OTHHEA
370.9110,'a',pressed,OTHHEA
370.9949,'a',released,OTHHEA
371.2787,Key.shift,pressed,OTHHEA
371.5511,'A',released,OTHHEA
371.6031,'A',pressed,OTHHEA
371.8669,Key.shift,released,OTHHEA
372.0592,'a',released,OTHHEA
373.0550,'d',pressed,OTHHEA
373.8678,'a',pressed,OTHHEA
374.2469,'a',released,OTHHEA
374.5630,'w',released,OTHHEA
374.7231,'s',pressed,OTHHEA
374.8670,'a',pressed,OTHHEA
375.0910,'a',released,OTHHEA
375.3846,Mouse.right,pressed,OTHHEA
375.5116,'s',released,OTHHEA
375.5160,'a',pressed,OTHHEA
375.6270,'w',pressed,OTHHEA
376.0393,'a',released,OTHHEA
376.1910,'d',released,OTHHEA
376.4957,'a',pressed,OTHHEA
376.5950,'a',released,OTHHEA
376.7151,'d',pressed,OTHHEA
376.9470,'a',pressed,OTHHEA
376.9709,'d',released,OTHHEA
376.9992,'d',pressed,OTHHEA
377.0017,Mouse.right,released,OTHHEA
377.4752,'a',released,OTHHEA
377.8594,'a',pressed,OTHHEA
377.8914,'d',released,OTHHEA
378.3380,Mouse.right,pressed,OTHHEA
378.8909,'a',released,OTHHEA
379.0150,'d',pressed,OTHHEA
379.0458,Mouse.right,released,OTHHEA
379.0994,'d',released,OTHHEA
379.1345,Key.shift,pressed,OTHHEA
380.1190,Mouse.right,pressed,OTHHEA
380.2026,Key.shift,released,OTHHEA
380.2751,Mouse.left,pressed,OTHHEA
380.2914,'w',released,OTHHEA
380.2954,'a',pressed,OTHHEA
380.3071,'d',pressed,OTHHEA
380.3350,'d',released,OTHHEA
380.4069,'s',pressed,OTHHEA
382.3870,'s',released,OTHHEA
382.5909,'w',pressed,OTHHEA
382.5990,'d',pressed,OTHHEA
382.6710,'a',released,OTHHEA
383.4396,'a',pressed,OTHHEA
383.4989,'d',released,OTHHEA
383.7469,'w',released,OTHHEA
383.9436,'d',pressed,OTHHEA
383.9989,'a',released,OTHHEA
384.3311,'w',pressed,OTHHEA
384.3835,'w',released,OTHHEA
384.9269,'a',pressed,OTHHEA
384.9837,'d',released,OTHHEA
386.2070,'w',pressed,OTHHEA
386.2270,'d',pressed,OTHHEA
386.2748,'a',released,OTHHEA
388.4189,'a',pressed,OTHHEA
388.4591,'d',released,OTHHEA
389.2191,'d',pressed,OTHHEA
389.4832,'a',released,OTHHEA
389.6955,'a',pressed,OTHHEA
389.8082,Mouse.left,released,OTHHEA
389.8911,'a',released,OTHHEA
391.5429,Mouse.right,released,OTHHEA
391.8834,'d',released,OTHHEA
392.8469,'d',pressed,OTHHEA
393.1433,'a',pressed,OTHHEA
393.2033,'d',released,OTHHEA
394.1149,'d',pressed,OTHHEA
394.1555,'a',released,OTHHEA
394.2183,'a',pressed,OTHHEA
394.3990,'d',released,OTHHEA
394.5355,'a',released,OTHHEA
395.5509,'d',pressed,OTHHEA
396.0750,'d',released,OTHHEA
396.4184,Key.space,pressed,OTHHEA
396.4390,'d',pressed,OTHHEA
396.5915,Key.space,released,OTHHEA
396.7874,'w',released,OTHHEA
396.8159,Mouse.right,pressed,OTHHEA
396.8764,Mouse.right,released,OTHHEA
396.9965,'s',pressed,OTHHEA
397.1110,'a',pressed,OTHHEA
397.1950,Mouse.right,pressed,OTHHEA
397.2637,'a',released,OTHHEA
397.8710,'s',released,OTHHEA
398.1830,'w',pressed,OTHHEA
398.8388,Key.space,pressed,OTHHEA
399.1151,Key.space,released,OTHHEA
399.2470,'w',released,OTHHEA
399.4397,'s',pressed,OTHHEA
401.2637,'s',released,OTHHEA
401.3909,'w',pressed,OTHHEA
401.7432,'d',released,OTHHEA
401.8787,Mouse.right,released,OTHHEA
402.1946,Key.shift,pressed,OTHHEA
403.7059,Mouse.right,pressed,OTHHEA
403.7348,Key.shift,released,OTHHEA
403.7601,'a',released,OTHHEA
403.9996,'d',pressed,OTHHEA
404.1110,'d',released,OTHHEA
405.7868,Mouse.right,released,OTHHEA
405.7872,Key.shift,pressed,OTHHEA
406.2998,Mouse.right,pressed,OTHHEA
406.3598,Key.shift,released,OTHHEA
406.4152,'a',pressed,OTHHEA
406.4577,Mouse.left,pressed,OTHHEA
406.8830,'a',released,OTHHEA
407.3787,Mouse.left,released,OTHHEA
407.5152,'d',pressed,OTHHEA
408.1349,'d',released,OTHHEA
409.2069,'a',pressed,OTHHEA
409.3628,Mouse.right,released,OTHHEA
409.5595,Key.shift,pressed,OTHHEA
409.6111,'A',released,OTHHEA
410.7416,Mouse.right,pressed,OTHHEA
411.0678,Mouse.right,released,OTHHEA
411.0987,Key.shift,released,OTHHEA
411.3881,Key.shift,pressed,OTHHEA
411.8032,'D',released,OTHHEA
412.1391,'A',pressed,OTHHEA
412.5267,Key.shift,released,OTHHEA
412.5713,'a',released,OTHHEA
413.2315,'a',pressed,OTHHEA
413.3392,'a',released,OTHHEA
414.5910,'a',pressed,OTHHEA
415.0801,Mouse.right,pressed,OTHHEA
415.9769,Mouse.right,released,OTHHEA
415.9793,'a',released,OTHHEA
416.1511,'a',pressed,OTHHEA
416.2230,Key.shift,pressed,OTHHEA
416.3632,'A',released,OTHHEA
416.5309,Key.shift,released,OTHHEA
416.6989,'d',pressed,OTHHEA
416.9189,'d',released,OTHHEA
417.6192,'d',pressed,OTHHEA
418.0350,Mouse.right,pressed,OTHHEA
418.3670,'d',released,OTHHEA
418.8512,'d',pressed,OTHHEA
419.6944,Mouse.left,pressed,OTHHEA
419.9757,Mouse.left,released,OTHHEA
420.3430,'d',released,OTHHEA
420.6230,Key.shift,pressed,OTHHEA
420.7986,Key.shift,released,OTHHEA
421.2790,'a',released,OTHHEA
421.3391,'d',pressed,OTHHEA
422.3989,'a',pressed,OTHHEA
422.4309,'d',released,OTHHEA
423.4673,'a',released,OTHHEA
423.5630,'d',pressed,OTHHEA
424.2598,Mouse.right,released,OTHHEA
424.2748,'d',released,OTHHEA
424.3306,Key.shift,pressed,OTHHEA
428.1507,Key.space,pressed,OTHHEA
428.3386,Key.space,released,OTHHEA
429.2467,Key.space,pressed,OTHHEA
429.4386,Key.space,released,OTHHEA
430.7352,'A',pressed,OTHHEA
431.5079,Mouse.right,pressed,OTHHEA
431.7554,Key.shift,released,OTHHEA
431.7747,Key.shift,pressed,OTHHEA
432.6596,Key.shift,released,OTHHEA
432.9510,'a',released,OTHHEA
432.9886,Mouse.right,released,OTHHEA
433.0386,Key.shift,pressed,OTHHEA
433.2871,'D',pressed,OTHHEA
433.4953,'D',released,OTHHEA
433.6552,'D',pressed,OTHHEA
434.8135,Mouse.right,pressed,OTHHEA
434.9554,Key.shift,released,OTHHEA
435.4331,Mouse.left,pressed,OTHHEA
435.4602,'d',pressed,OTHHEA
435.5149,'a',pressed,OTHHEA
435.5357,'w',released,OTHHEA
435.5479,'d',released,OTHHEA
435.6989,'d',pressed,OTHHEA
435.7469,'a',released,OTHHEA
436.0549,'a',pressed,OTHHEA
436.0914,'d',released,OTHHEA
436.3549,Mouse.left,released,OTHHEA
436.3791,'d',pressed,OTHHEA
436.4390,'a',released,OTHHEA
436.5071,'a',pressed,OTHHEA
436.5597,'d',released,OTHHEA
436.9870,'d',pressed,OTHHEA
437.0229,'a',released,OTHHEA
437.6397,'w',pressed,OTHHEA
438.0709,'a',pressed,OTHHEA
438.1110,'d',released,OTHHEA
438.1551,'w',released,OTHHEA
438.2872,'s',pressed,OTHHEA
438.8789,'s',released,OTHHEA
439.1753,'d',pressed,OTHHEA
439.1833,'a',released,OTHHEA
439.4471,'a',pressed,OTHHEA
439.4988,'d',released,OTHHEA
439.5229,'d',pressed,OTHHEA
439.5671,'w',pressed,OTHHEA
439.6071,'a',released,OTHHEA
439.7709,Mouse.left,pressed,OTHHEA
439.8390,'a',pressed,OTHHEA
439.8709,'d',released,OTHHEA
439.8909,'w',released,OTHHEA
440.0191,'s',pressed,OTHHEA
440.2872,'a',released,OTHHEA
440.2909,'d',pressed,OTHHEA
440.4710,'a',pressed,OTHHEA
440.4799,'d',released,OTHHEA
441.0100,Mouse.left,released,OTHHEA
441.3549,'d',pressed,OTHHEA
441.4109,'d',released,OTHHEA
441.4829,'s',released,OTHHEA
441.4874,'d',pressed,OTHHEA
441.5276,'a',released,OTHHEA
441.5989,'w',pressed,OTHHEA
441.9715,Mouse.left,pressed,OTHHEA
442.3589,'a',pressed,OTHHEA
442.3745,'d',released,OTHHEA
442.4910,'d',pressed,OTHHEA
442.5229,'a',released,OTHHEA
442.6789,'w',released,OTHHEA
442.7589,'a',pressed,OTHHEA
442.9308,'s',pressed,OTHHEA
443.0111,'a',released,OTHHEA
443.0671,'d',released,OTHHEA
443.1229,'a',pressed,OTHHEA
443.2594,'s',released,OTHHEA
443.6268,'d',pressed,OTHHEA
443.6447,Mouse.left,released,OTHHEA
443.8069,'a',released,OTHHEA
444.5016,Mouse.left,pressed,OTHHEA
444.6433,'a',pressed,OTHHEA
444.7108,'a',released,OTHHEA
444.8793,'a',pressed,OTHHEA
445.0316,'d',released,OTHHEA
445.1949,'d',pressed,OTHHEA
445.2226,'a',released,OTHHEA
446.0873,'a',pressed,OTHHEA
446.1636,'d',released,OTHHEA
446.5083,'d',pressed,OTHHEA
446.5472,'a',released,OTHHEA
446.6869,'a',pressed,OTHHEA
446.7670,'d',released,OTHHEA
446.8230,'d',pressed,OTHHEA
446.9910,'w',pressed,OTHHEA
447.0309,'d',released,OTHHEA
447.3157,Mouse.left,released,OTHHEA
447.4310,Mouse.left,pressed,OTHHEA
447.6112,'w',released,OTHHEA
448.1109,Mouse.left,released,OTHHEA
448.2312,'s',pressed,OTHHEA
448.4312,'d',pressed,OTHHEA
448.4830,'a',released,OTHHEA
448.4866,'s',released,OTHHEA
448.9279,Mouse.left,pressed,OTHHEA
450.1551,'a',pressed,OTHHEA
450.2113,'d',released,OTHHEA
450.4602,Mouse.left,released,OTHHEA
450.6189,'w',pressed,OTHHEA
451.0314,'w',released,OTHHEA
451.0576,Mouse.left,pressed,OTHHEA
451.3429,Mouse.left,released,OTHHEA
451.4238,Mouse.left,pressed,OTHHEA
451.5642,Mouse.left,released,OTHHEA
452.0230,'d',pressed,OTHHEA
452.0510,'a',released,OTHHEA
452.3509,'w',pressed,OTHHEA
453.0598,Mouse.left,pressed,OTHHEA
453.2200,Mouse.left,released,OTHHEA
453.2657,Mouse.right,released,OTHHEA
453.3108,Key.shift,pressed,OTHHEA
455.1578,Mouse.right,pressed,OTHHEA
455.7428,Mouse.right,released,OTHHEA
455.8030,Key.shift,released,OTHHEA
455.9468,Key.shift,pressed,OTHHEA
456.1827,Key.shift,released,OTHHEA
456.6476,'a',pressed,OTHHEA
456.6975,'d',released,OTHHEA
456.7798,'w',released,OTHHEA
456.9269,'s',pressed,OTHHEA
457.0550,'s',released,OTHHEA
457.0709,'d',pressed,OTHHEA
457.1513,'w',pressed,OTHHEA
457.2036,'d',released,OTHHEA
457.7550,'w',released,OTHHEA
457.9072,'s',pressed,OTHHEA
458.0030,'d',pressed,OTHHEA
458.1352,'a',released,OTHHEA
458.3989,'s',released,OTHHEA
458.5749,'w',pressed,OTHHEA
458.7631,'a',pressed,OTHHEA
458.9069,'d',released,OTHHEA
458.9791,'d',pressed,OTHHEA
459.0388,'d',released,OTHHEA
459.0546,Key.shift,pressed,OTHHEA
460.2791,'A',released,OTHHEA
460.2906,Key.shift,released,OTHHEA
460.3077,'w',released,OTHHEA
460.4195,'s',pressed,OTHHEA
460.9751,'d',released,OTHHEA
461.0151,'s',released,OTHHEA
461.3069,'w',pressed,OTHHEA
461.4346,Key.shift,pressed,OTHHEA
461.6106,Key.shift,released,OTHHEA
461.7313,'d',pressed,OTHHEA
461.8151,'w',released,OTHHEA
461.8977,'a',released,OTHHEA
462.0430,'s',pressed,OTHHEA
462.3477,'s',released,OTHHEA
462.4638,'w',pressed,OTHHEA
462.6309,'a',pressed,OTHHEA
462.6350,'w',released,OTHHEA
462.8111,'d',released,OTHHEA
462.9431,'w',pressed,OTHHEA
463.1990,'a',released,OTHHEA
463.9590,'d',pressed,OTHHEA
464.1309,'a',pressed,OTHHEA
464.3272,'w',released,OTHHEA
464.3953,'d',released,OTHHEA
464.4549,'s',pressed,OTHHEA
464.5710,'d',pressed,OTHHEA
464.6669,'a',released,OTHHEA
464.9995,'s',released,OTHHEA
465.2669,'w',pressed,OTHHEA
465.8434,'a',pressed,OTHHEA
466.0841,'a',released,OTHHEA
466.3995,'a',pressed,OTHHEA
466.7273,'a',released,OTHHEA
467.1429,'a',pressed,OTHHEA
467.3194,'d',released,OTHHEA
467.6441,Mouse.right,pressed,OTHHEA
467.8070,'a',released,OTHHEA
467.8908,'d',pressed,OTHHEA
468.0110,Mouse.left,pressed,OTHHEA
468.4147,'d',released,OTHHEA
468.5151,'d',pressed,OTHHEA
468.6516,'d',released,OTHHEA
469.1236,Mouse.left,released,OTHHEA
469.3952,'a',pressed,OTHHEA
469.5471,'a',released,OTHHEA
469.9887,Mouse.right,released,OTHHEA
470.4871,'a',pressed,OTHHEA
470.5471,'a',released,OTHHEA
470.6232,Key.shift,pressed,OTHHEA
471.9029,'D',released,OTHHEA
472.2469,'A',pressed,OTHHEA
472.3827,Mouse.right,pressed,OTHHEA
472.4707,Key.shift,released,OTHHEA
472.5066,Mouse.left,pressed,OTHHEA
472.6271,'w',released,OTHHEA
473.1270,'a',pressed,OTHHEA
473.2077,'d',pressed,OTHHEA
473.2632,'a',released,OTHHEA
473.3480,'a',pressed,OTHHEA
473.4028,'w',pressed,OTHHEA
473.4709,'a',released,OTHHEA
473.5509,'a',pressed,OTHHEA
473.6755,'a',released,OTHHEA
473.9473,'a',pressed,OTHHEA
474.2795,'d',released,OTHHEA
474.7417,'a',released,OTHHEA
474.9251,Mouse.left,released,OTHHEA
475.2590,'d',pressed,OTHHEA
476.0034,'d',released,OTHHEA
476.0270,'a',pressed,OTHHEA
476.3469,'d',pressed,OTHHEA
476.4549,'a',released,OTHHEA
476.5669,'w',released,OTHHEA
476.6630,'a',pressed,OTHHEA
476.6792,'s',pressed,OTHHEA
476.7709,'d',released,OTHHEA
477.2833,'d',pressed,OTHHEA
477.2993,'a',released,OTHHEA
477.3508,Mouse.left,pressed,OTHHEA
477.3954,'a',pressed,OTHHEA
477.4115,'d',released,OTHHEA
477.7875,'d',pressed,OTHHEA
478.1019,'d',released,OTHHEA
478.1469,'s',released,OTHHEA
478.2590,'w',pressed,OTHHEA
478.5589,'a',released,OTHHEA
478.5630,'d',pressed,OTHHEA
478.6777,Mouse.left,released,OTHHEA
478.7950,'d',released,OTHHEA
478.8032,'a',pressed,OTHHEA
479.0349,'a',released,OTHHEA
479.0404,'d',pressed,OTHHEA
479.5591,'a',pressed,OTHHEA
479.6790,'a',released,OTHHEA
479.7630,'a',pressed,OTHHEA
480.0072,'d',released,OTHHEA
480.2112,'w',released,OTHHEA
480.7791,'w',pressed,OTHHEA
481.2670,'d',pressed,OTHHEA
481.2749,'w',released,OTHHEA
481.3842,'s',pressed,OTHHEA
481.4467,'d',released,OTHHEA
481.5031,'a',released,OTHHEA
481.5714,'d',pressed,OTHHEA
481.8271,'s',released,OTHHEA
481.9472,'w',pressed,OTHHEA
482.1391,'a',pressed,OTHHEA
482.1600,Mouse.left,pressed,OTHHEA
482.4021,'d',released,OTHHEA
482.6189,'w',released,OTHHEA
482.9430,'d',pressed,OTHHEA
482.9855,'a',released,OTHHEA
483.1388,Mouse.left,released,OTHHEA
483.1708,'a',pressed,OTHHEA
483.2192,'d',released,OTHHEA
483.3589,Mouse.left,pressed,OTHHEA
484.0629,'d',pressed,OTHHEA
484.1297,Mouse.left,released,OTHHEA
484.2313,'w',pressed,OTHHEA
484.3227,Mouse.right,released,OTHHEA
485.0960,'w',released,OTHHEA
485.1269,'d',released,OTHHEA
485.1796,'d',pressed,OTHHEA
485.2196,'d',released,OTHHEA
485.2231,'s',pressed,OTHHEA
485.3639,'s',released,OTHHEA
485.5269,'w',pressed,OTHHEA
485.9387,'w',released,OTHHEA
486.0670,'s',pressed,OTHHEA
486.4190,'d',pressed,OTHHEA
486.7183,Mouse.right,pressed,OTHHEA
486.8163,'a',released,OTHHEA
486.8469,'a',pressed,OTHHEA
487.1672,Mouse.left,pressed,OTHHEA
487.2114,'a',released,OTHHEA
487.2548,'a',pressed,OTHHEA
487.4111,'s',released,OTHHEA
487.4295,'d',released,OTHHEA
487.5873,'w',pressed,OTHHEA
487.7032,Mouse.left,released,OTHHEA
488.2275,'w',released,OTHHEA
488.4031,'w',pressed,OTHHEA
489.4430,'w',released,OTHHEA
489.6972,'d',pressed,OTHHEA
489.7315,'a',released,OTHHEA
490.0269,'a',pressed,OTHHEA
490.0511,'d',released,OTHHEA
490.1114,'w',pressed,OTHHEA
490.2668,'a',released,OTHHEA
490.4833,'a',pressed,OTHHEA
490.5629,'w',released,OTHHEA
490.6629,'d',pressed,OTHHEA
490.7590,'s',pressed,OTHHEA
490.7668,'a',released,OTHHEA
490.7789,'s',released,OTHHEA
490.8702,'s',pressed,OTHHEA
490.9791,'d',released,OTHHEA
491.0669,'a',pressed,OTHHEA
491.2550,'s',released,OTHHEA
491.2587,'d',pressed,OTHHEA
491.3072,'a',released,OTHHEA
491.3790,'w',pressed,OTHHEA
491.5752,'a',pressed,OTHHEA
491.6071,'d',released,OTHHEA
491.7137,Mouse.right,released,OTHHEA
491.8066,Key.shift,pressed,OTHHEA
492.0985,Key.shift,released,OTHHEA
492.1751,'a',released,OTHHEA
492.6589,'a',pressed,OTHHEA
492.9037,'w',released,OTHHEA
493.0352,'s',pressed,OTHHEA
494.1989,'s',released,OTHHEA
494.2710,'d',pressed,OTHHEA
494.3149,'w',pressed,OTHHEA
494.3511,'a',released,OTHHEA
494.7549,'a',pressed,OTHHEA
494.8995,'a',released,OTHHEA
495.2047,Mouse.right,pressed,OTHHEA
495.2311,'d',released,OTHHEA
495.4029,'a',pressed,OTHHEA
495.4270,'w',released,OTHHEA
495.5990,'a',released,OTHHEA
495.6513,Mouse.right,released,OTHHEA
509.8945,Key.f1,pressed,OTHHEA
509.9705,Key.f1,released,OTHHEA
512.7911,'a',pressed,OTHHEA
512.9469,'a',released,OTHHEA
513.0028,'d',pressed,OTHHEA
513.1789,'a',pressed,OTHHEA
513.1950,'w',pressed,OTHHEA
513.2709,'d',released,OTHHEA
513.3469,'w',released,OTHHEA
513.3829,'a',released,OTHHEA
515.8231,'w',pressed,OTHHEA
515.9707,'w',released,OTHHEA
516.9637,'w',pressed,OTHHEA
516.9748,'d',pressed,OTHHEA
517.1750,'d',released,OTHHEA
517.2147,Key.shift,pressed,OTHHEA
517.8185,Key.shift,released,OTHHEA
517.9790,'a',released,OTHHEA
518.1909,'a',pressed,OTHHEA
518.2874,'a',released,OTHHEA
518.3950,'d',pressed,OTHHEA
518.7632,'a',pressed,OTHHEA
518.7949,'d',released,OTHHEA
518.9709,'a',released,OTHHEA
519.1749,'w',released,OTHHEA
519.1905,Key.tab,pressed,OTHHEA
521.4030,'w',pressed,OTHHEA
521.4187,Key.tab,released,OTHHEA
521.9224,Key.shift,pressed,OTHHEA
522.2586,Key.shift,released,OTHHEA
523.8198,'d',pressed,OTHHEA
524.3433,'d',released,OTHHEA
524.4238,'a',pressed,OTHHEA
524.7636,'a',released,OTHHEA
524.7918,'d',pressed,OTHHEA
525.3479,'a',pressed,OTHHEA
525.4593,'a',released,OTHHEA
525.6150,'a',pressed,OTHHEA
525.6429,'w',released,OTHHEA
525.7069,'d',released,OTHHEA
525.8231,'s',pressed,OTHHEA
525.8430,'d',pressed,OTHHEA
526.0070,'a',released,OTHHEA
526.0669,'s',released,OTHHEA
526.2711,'w',pressed,OTHHEA
526.4428,'a',pressed,OTHHEA
526.5238,'d',released,OTHHEA
526.5625,Key.shift,pressed,OTHHEA
526.9070,'A',released,OTHHEA
526.9232,'D',pressed,OTHHEA
527.2079,'A',pressed,OTHHEA
527.2797,'D',released,OTHHEA
527.5470,'W',released,OTHHEA
527.8689,Mouse.right,pressed,OTHHEA
527.9030,'W',pressed,OTHHEA
528.0511,'D',pressed,OTHHEA
528.1666,Mouse.left,pressed,OTHHEA
528.1912,'D',released,OTHHEA
528.2148,'D',pressed,OTHHEA
528.2286,Mouse.left,released,OTHHEA
528.2948,Key.shift,released,OTHHEA
528.3558,'a',released,OTHHEA
528.4588,Key.shift,pressed,OTHHEA
528.4660,Mouse.right,released,OTHHEA
528.7746,Key.shift,released,OTHHEA
528.9869,'a',released,OTHHEA
529.1709,'d',released,OTHHEA
529.2707,Key.shift,pressed,OTHHEA
531.1912,Key.shift,released,OTHHEA
531.6975,'d',pressed,OTHHEA
531.8708,'d',released,OTHHEA
532.6556,'d',pressed,OTHHEA
532.7552,'d',released,OTHHEA
532.9028,'d',pressed,OTHHEA
533.3069,'d',released,OTHHEA
533.3430,'a',pressed,OTHHEA
533.4468,'a',released,OTHHEA
533.6149,'a',pressed,OTHHEA
533.9954,'w',released,OTHHEA
534.3739,Mouse.right,pressed,OTHHEA
535.1158,'w',pressed,OTHHEA
535.1237,'d',pressed,OTHHEA
535.1356,'a',released,OTHHEA
535.1589,'d',released,OTHHEA
535.2229,'d',pressed,OTHHEA
535.3312,'d',released,OTHHEA
535.4428,'d',pressed,OTHHEA
535.4951,'d',released,OTHHEA
535.5030,'a',pressed,OTHHEA
535.5990,'w',released,OTHHEA
535.9512,'d',pressed,OTHHEA
535.9793,'a',released,OTHHEA
536.1868,'a',pressed,OTHHEA
536.2233,'a',released,OTHHEA
536.6229,'a',pressed,OTHHEA
536.6358,'s',pressed,OTHHEA
536.6629,'d',released,OTHHEA
536.6748,'s',released,OTHHEA
537.2231,'d',pressed,OTHHEA
537.2432,'a',released,OTHHEA
537.7155,'a',pressed,OTHHEA
537.7468,'d',released,OTHHEA
537.9348,'w',pressed,OTHHEA
538.0149,'a',released,OTHHEA
538.0736,Mouse.right,released,OTHHEA
538.1031,'d',pressed,OTHHEA
538.1226,Key.shift,pressed,OTHHEA
538.1550,'D',released,OTHHEA
538.2708,'D',pressed,OTHHEA
538.3066,Key.shift,released,OTHHEA
538.4065,Key.shift,pressed,OTHHEA
538.4671,'D',released,OTHHEA
538.8993,'D',pressed,OTHHEA
539.1989,'D',released,OTHHEA
539.7634,'D',pressed,OTHHEA
540.2470,'D',released,OTHHEA
541.8390,'A',released,OTHHEA
545.5030,'A',pressed,OTHHEA
545.9510,'A',released,OTHHEA
546.2282,'A',pressed,OTHHEA
546.9065,Key.space,pressed,OTHHEA
547.0866,Key.shift,released,OTHHEA
547.0947,Key.space,released,OTHHEA
547.1719,Mouse.right,pressed,OTHHEA
547.1912,'a',released,OTHHEA
547.4229,Mouse.left,pressed,OTHHEA
547.8991,'a',pressed,OTHHEA
547.9912,'a',released,OTHHEA
548.2948,'w',released,OTHHEA
549.1432,'s',pressed,OTHHEA
549.5017,Mouse.left,released,OTHHEA
549.5355,'a',pressed,OTHHEA
549.5949,'d',released,OTHHEA
550.3069,'s',released,OTHHEA
550.3592,'a',released,OTHHEA
550.7212,Mouse.right,released,OTHHEA
557.1927,Mouse.left,pressed,OTHHEA
557.2398,Mouse.right,pressed,OTHHEA
557.3106,Mouse.left,released,OTHHEA
557.4807,Mouse.left,pressed,OTHHEA
557.4927,Mouse.right,released,OTHHEA
557.5026,Mouse.left,released,OTHHEA
558.1505,Key.shift,pressed,OTHHEA
558.2426,Key.shift,released,OTHHEA
558.3472,'w',pressed,OTHHEA
558.5670,'w',released,OTHHEA
558.7256,Mouse.left,pressed,OTHHEA
558.8006,Mouse.left,released,OTHHEA
565.2308,Key.tab,pressed,OTHHEA
566.9228,Key.tab,released,OTHHEA
566.9708,'w',pressed,OTHHEA
567.3585,Key.shift,pressed,OTHHEA
571.3697,'D',pressed,OTHHEA
571.8873,'D',released,OTHHEA
572.1345,Key.shift,released,OTHHEA
572.1390,'d',pressed,OTHHEA
572.1789,'a',released,OTHHEA
572.4749,Key.shift,pressed,OTHHEA
572.7112,'W',released,OTHHEA
572.7707,Key.shift,released,OTHHEA
572.8277,'s',pressed,OTHHEA
572.9231,'a',pressed,OTHHEA
573.0710,'d',released,OTHHEA
573.1998,'s',released,OTHHEA
573.2032,'d',pressed,OTHHEA
573.2389,'a',released,OTHHEA
573.3629,'d',released,OTHHEA
573.4345,Key.shift,pressed,OTHHEA
573.8128,Mouse.right,pressed,OTHHEA
573.8792,'D',pressed,OTHHEA
573.8950,'W',released,OTHHEA
573.9031,'A',released,OTHHEA
573.9171,Key.shift,released,OTHHEA
573.9223,Mouse.left,pressed,OTHHEA
573.9913,'a',pressed,OTHHEA
573.9992,'s',pressed,OTHHEA
574.3350,'a',released,OTHHEA
574.6636,'a',pressed,OTHHEA
574.6921,'d',released,OTHHEA
574.8916,'s',released,OTHHEA
574.9835,'d',pressed,OTHHEA
575.2228,'d',released,OTHHEA
575.4032,'d',pressed,OTHHEA
575.6632,'a',released,OTHHEA
576.6509,'s',pressed,OTHHEA
576.7753,'s',released,OTHHEA
577.4346,'s',pressed,OTHHEA
577.4588,'a',pressed,OTHHEA
577.6470,'s',released,OTHHEA
577.6590,'a',released,OTHHEA
577.7870,'s',pressed,OTHHEA
577.8950,'a',pressed,OTHHEA
579.0432,'a',released,OTHHEA
579.5630,'s',released,OTHHEA
579.8310,'s',pressed,OTHHEA
580.4316,Mouse.left,released,OTHHEA
580.4487,Mouse.right,released,OTHHEA
580.4829,'s',released,OTHHEA
580.4910,'d',released,OTHHEA
580.8596,Mouse.left,pressed,OTHHEA
580.8691,Mouse.right,pressed,OTHHEA
580.8911,Mouse.right,released,OTHHEA
580.9617,Mouse.left,released,OTHHEA
581.0118,Mouse.right,pressed,OTHHEA
581.0608,Mouse.right,released,OTHHEA
581.0846,Mouse.left,pressed,OTHHEA
581.1047,Mouse.right,pressed,OTHHEA
581.5836,Mouse.left,released,OTHHEA
581.6040,Mouse.right,released,OTHHEA
581.7785,Mouse.left,pressed,OTHHEA
581.7881,Mouse.right,pressed,OTHHEA
581.8853,Mouse.left,released,OTHHEA
581.9430,Mouse.right,released,OTHHEA
582.0518,Mouse.left,pressed,OTHHEA
582.1389,Mouse.right,pressed,OTHHEA
582.1678,Mouse.right,released,OTHHEA
582.2990,Mouse.left,released,OTHHEA
584.0909,Mouse.x1,pressed,OTHHEA
584.1476,Mouse.x1,released,OTHHEA
586.7429,'d',pressed,OTHHEA
586.9989,'d',released,OTHHEA
587.0588,'w',released,OTHHEA
596.9389,'w',pressed,OTHHEA
597.0664,Key.shift,pressed,OTHHEA
597.0751,'A',pressed,OTHHEA
597.2944,Key.shift,released,OTHHEA
597.3729,'a',released,OTHHEA
597.9266,Key.shift,pressed,OTHHEA
598.6550,'A',released,OTHHEA
598.7316,Mouse.right,pressed,OTHHEA
598.7825,Key.shift,released,OTHHEA
600.1518,Mouse.right,released,OTHHEA
600.2348,'d',pressed,OTHHEA
600.3630,'d',released,OTHHEA
600.4070,Key.shift,pressed,OTHHEA
600.6193,Key.shift,released,OTHHEA
601.1710,Key.shift,pressed,OTHHEA
601.3547,Key.shift,released,OTHHEA
601.6431,'w',released,OTHHEA
603.7789,'w',pressed,OTHHEA
603.9955,'d',pressed,OTHHEA
604.1225,Key.shift,pressed,OTHHEA
604.1269,'D',released,OTHHEA
604.3828,Key.shift,released,OTHHEA
604.4512,'a',pressed,OTHHEA
604.6631,'w',released,OTHHEA
604.8467,Key.shift,pressed,OTHHEA
604.8551,'W',pressed,OTHHEA
604.9230,'A',released,OTHHEA
606.0145,Key.shift,released,OTHHEA
606.5299,'w',pressed,OTHHEA
607.6346,Key.f1,pressed,OTHHEA
607.8185,Key.f1,released,OTHHEA
608.3671,'w',released,OTHHEA
608.5003,'s',pressed,OTHHEA
608.9990,'d',released,OTHHEA
609.0295,Mouse.right,pressed,OTHHEA
609.0911,'s',released,OTHHEA
609.2182,Mouse.left,pressed,OTHHEA
609.8114,'s',pressed,OTHHEA
610.0275,'d',pressed,OTHHEA
610.5428,'a',released,OTHHEA
611.0032,'a',pressed,OTHHEA
611.1270,'d',released,OTHHEA
611.6869,'d',pressed,OTHHEA
611.7148,'a',released,OTHHEA
611.7787,'s',released,OTHHEA
611.8170,Mouse.right,released,OTHHEA
611.8178,Mouse.left,released,OTHHEA
611.8555,'d',released,OTHHEA
612.0834,'d',pressed,OTHHEA
612.1872,'w',pressed,OTHHEA
612.2336,Mouse.right,pressed,OTHHEA
612.2867,Mouse.left,pressed,OTHHEA
612.3137,Mouse.right,released,OTHHEA
612.3628,Mouse.left,released,OTHHEA
612.3789,Mouse.right,pressed,OTHHEA
612.3831,'a',pressed,OTHHEA
612.3972,'d',released,OTHHEA
612.4347,'w',released,OTHHEA
612.5387,'a',released,OTHHEA
612.5406,Mouse.right,released,OTHHEA
615.3337,Mouse.left,pressed,OTHHEA
615.3936,Mouse.left,released,OTHHEA
615.4538,Mouse.right,pressed,OTHHEA
615.4985,Mouse.left,pressed,OTHHEA
615.5726,Mouse.left,released,OTHHEA
615.6476,Mouse.right,released,OTHHEA
620.0594,'d',pressed,OTHHEA
620.1480,Mouse.left,pressed,OTHHEA
620.1597,'w',pressed,OTHHEA
620.1714,Mouse.right,pressed,OTHHEA
620.2686,Mouse.left,released,OTHHEA
620.2946,Mouse.right,released,OTHHEA
620.3631,'w',released,OTHHEA
620.4157,'d',released,OTHHEA
620.6147,Mouse.left,pressed,OTHHEA
620.6237,Mouse.right,pressed,OTHHEA
620.7155,Mouse.left,released,OTHHEA
620.7386,Mouse.right,released,OTHHEA
621.2536,Mouse.right,pressed,OTHHEA
621.3088,Mouse.left,pressed,OTHHEA
621.3199,Mouse.right,released,OTHHEA
621.3595,Mouse.left,released,OTHHEA
621.4240,Mouse.right,pressed,OTHHEA
621.5168,Mouse.left,pressed,OTHHEA
621.5395,Mouse.right,released,OTHHEA
621.5986,Mouse.left,released,OTHHEA
621.7663,Mouse.right,pressed,OTHHEA
621.8300,Mouse.left,pressed,OTHHEA
621.8617,Mouse.right,released,OTHHEA
621.9242,Mouse.left,released,OTHHEA
622.0187,Mouse.right,pressed,OTHHEA
622.0406,Mouse.right,released,OTHHEA
622.2230,'w',pressed,OTHHEA
622.4869,'w',released,OTHHEA
622.5086,Mouse.right,pressed,OTHHEA
622.5129,Mouse.left,pressed,OTHHEA
622.5937,Mouse.left,released,OTHHEA
622.6701,Mouse.left,pressed,OTHHEA
622.7486,Mouse.left,released,OTHHEA
622.7494,Mouse.right,released,OTHHEA
622.8306,Mouse.right,pressed,OTHHEA
622.9186,Mouse.left,pressed,OTHHEA
622.9325,Mouse.right,released,OTHHEA
623.0039,Mouse.left,released,OTHHEA
623.0589,Mouse.right,pressed,OTHHEA
623.1960,Mouse.right,released,OTHHEA
624.3144,Key.tab,pressed,OTHHEA
627.0105,Key.tab,released,OTHHEA
627.1068,'w',pressed,OTHHEA
627.2308,'w',released,OTHHEA
627.4668,'w',pressed,OTHHEA
628.0748,'w',released,OTHHEA
629.0546,Key.tab,pressed,OTHHEA
631.2230,Key.tab,released,OTHHEA
631.3228,'w',pressed,OTHHEA
632.2513,'w',released,OTHHEA
634.5950,'w',pressed,OTHHEA
634.6549,'d',pressed,OTHHEA
634.7032,'d',released,OTHHEA
634.8193,'d',pressed,OTHHEA
634.8672,'w',released,OTHHEA
634.9509,'d',released,OTHHEA
635.0188,'w',pressed,OTHHEA
635.1468,'w',released,OTHHEA
636.2868,'w',pressed,OTHHEA
640.8240,'a',pressed,OTHHEA
641.2918,'a',released,OTHHEA
641.5231,'a',pressed,OTHHEA
641.8394,'d',pressed,OTHHEA
641.8671,'a',released,OTHHEA
642.2148,'w',released,OTHHEA
642.3269,'s',pressed,OTHHEA
642.8108,'s',released,OTHHEA
642.8149,'a',pressed,OTHHEA
642.8188,'d',released,OTHHEA
642.8229,'d',pressed,OTHHEA
642.9069,'w',pressed,OTHHEA
642.9268,'d',released,OTHHEA
642.9388,'a',released,OTHHEA
643.1353,Key.shift,pressed,OTHHEA
644.0305,Key.shift,released,OTHHEA
644.2273,'a',pressed,OTHHEA
644.4232,'w',released,OTHHEA
644.6031,'w',pressed,OTHHEA
645.3468,'a',released,OTHHEA
647.2356,'d',pressed,OTHHEA
648.1227,'d',released,OTHHEA
648.1359,'a',pressed,OTHHEA
648.3430,'a',released,OTHHEA
648.3797,'d',pressed,OTHHEA
648.5312,'d',released,OTHHEA
648.5631,'a',pressed,OTHHEA
648.6470,'a',released,OTHHEA
648.6748,'d',pressed,OTHHEA
648.8149,'d',released,OTHHEA
648.8749,'a',pressed,OTHHEA
648.9750,'a',released,OTHHEA
649.8516,'a',pressed,OTHHEA
650.5939,Mouse.right,pressed,OTHHEA
650.9830,'a',released,OTHHEA
651.0988,'d',pressed,OTHHEA
651.1870,'d',released,OTHHEA
651.3687,Mouse.left,pressed,OTHHEA
651.4190,'a',pressed,OTHHEA
651.4550,'w',released,OTHHEA
651.5750,'s',pressed,OTHHEA
651.8070,'a',released,OTHHEA
651.8587,'d',pressed,OTHHEA
652.1148,'a',pressed,OTHHEA
652.1435,'d',released,OTHHEA
652.2388,'s',released,OTHHEA
652.2989,'d',pressed,OTHHEA
652.3467,'a',released,OTHHEA
652.4908,'a',pressed,OTHHEA
652.8034,'d',released,OTHHEA
652.8429,'d',pressed,OTHHEA
652.9510,'a',released,OTHHEA
653.2149,'a',pressed,OTHHEA
653.2628,'d',released,OTHHEA
653.8269,'d',pressed,OTHHEA
653.8588,'a',released,OTHHEA
653.9814,'w',pressed,OTHHEA
654.0268,'w',released,OTHHEA
654.1069,'a',pressed,OTHHEA
654.1828,'w',pressed,OTHHEA
654.2909,'a',released,OTHHEA
654.4471,'a',pressed,OTHHEA
654.4828,'w',released,OTHHEA
654.6111,'d',released,OTHHEA
654.6189,'s',pressed,OTHHEA
654.7589,'a',released,OTHHEA
654.7713,'d',pressed,OTHHEA
654.7786,Mouse.left,released,OTHHEA
654.8073,'s',released,OTHHEA
654.8908,'w',pressed,OTHHEA
654.9509,'d',released,OTHHEA
655.0265,Key.shift,pressed,OTHHEA
655.1144,Key.shift,released,OTHHEA
655.1631,'a',pressed,OTHHEA
655.3268,'w',released,OTHHEA
655.3536,Mouse.left,pressed,OTHHEA
655.4791,'w',pressed,OTHHEA
655.5006,Mouse.left,released,OTHHEA
655.5153,'a',released,OTHHEA
655.6349,Key.shift,pressed,OTHHEA
655.6379,Mouse.right,released,OTHHEA
655.9109,Key.shift,released,OTHHEA
655.9585,Key.shift,pressed,OTHHEA
656.1364,'D',pressed,OTHHEA
656.6235,Mouse.right,pressed,OTHHEA
656.7267,Key.shift,released,OTHHEA
656.9737,Mouse.left,pressed,OTHHEA
657.2297,'d',pressed,OTHHEA
659.2026,Mouse.left,released,OTHHEA
659.2788,'a',pressed,OTHHEA
659.3588,'a',released,OTHHEA
659.6632,'w',released,OTHHEA
659.7029,'a',pressed,OTHHEA
659.7588,'d',released,OTHHEA
659.9191,'w',pressed,OTHHEA
660.2468,'a',released,OTHHEA
660.3659,Mouse.right,released,OTHHEA
660.4984,Key.shift,pressed,OTHHEA
661.0638,'A',pressed,OTHHEA
661.8150,'A',released,OTHHEA
661.8520,Key.shift,released,OTHHEA
661.8974,Mouse.right,pressed,OTHHEA
661.9709,Mouse.left,pressed,OTHHEA
662.0595,'d',pressed,OTHHEA
662.1309,'w',released,OTHHEA
662.2715,'s',pressed,OTHHEA
662.4027,'d',released,OTHHEA
662.5547,'a',pressed,OTHHEA
662.9033,'d',pressed,OTHHEA
662.9869,'a',released,OTHHEA
663.7828,'a',pressed,OTHHEA
663.8389,'d',released,OTHHEA
664.4028,'a',released,OTHHEA
665.7015,Mouse.left,released,OTHHEA
665.7107,Mouse.right,released,OTHHEA
665.7668,'s',released,OTHHEA
665.9911,'w',pressed,OTHHEA
666.0630,'d',pressed,OTHHEA
666.1631,'a',pressed,OTHHEA
666.2628,'d',released,OTHHEA
666.2838,'w',released,OTHHEA
666.3989,'a',released,OTHHEA
674.2425,Mouse.left,pressed,OTHHEA
674.3066,Mouse.left,released,OTHHEA
674.3956,Mouse.left,pressed,OTHHEA
674.4755,Mouse.left,released,OTHHEA
678.6096,Mouse.left,pressed,OTHHEA
678.6646,Mouse.left,released,OTHHEA
678.8796,Mouse.left,pressed,OTHHEA
678.9166,Mouse.left,released,OTHHEA
679.0545,Mouse.left,pressed,OTHHEA
679.1276,Mouse.left,released,OTHHEA
679.6269,'w',pressed,OTHHEA
680.0625,'d',pressed,OTHHEA
680.1028,'w',released,OTHHEA
680.1834,'d',released,OTHHEA
680.2464,Key.tab,pressed,OTHHEA
681.4545,Key.tab,released,OTHHEA
681.8915,'w',pressed,OTHHEA
682.1429,'d',pressed,OTHHEA
682.1549,'d',released,OTHHEA
682.5028,'w',released,OTHHEA
682.5068,'d',pressed,OTHHEA
682.5909,'d',released,OTHHEA
683.7785,Key.tab,pressed,OTHHEA
686.8304,Key.tab,released,OTHHEA
686.9312,'w',pressed,OTHHEA
687.0593,'d',pressed,OTHHEA
687.1706,Key.shift,pressed,OTHHEA
687.2669,'D',released,OTHHEA
687.6744,Key.shift,released,OTHHEA
687.6826,Key.caps_lock,pressed,OTHHEA
687.6864,Key.shift,pressed,OTHHEA
687.8110,Key.caps_lock,released,OTHHEA
688.3593,'W',released,OTHHEA
688.4544,Key.shift,released,OTHHEA
688.9785,Key.shift,pressed,OTHHEA
690.4655,Mouse.right,pressed,OTHHEA
690.5228,'A',pressed,OTHHEA
690.5744,Key.shift,released,OTHHEA
690.5829,'w',released,OTHHEA
690.5854,Mouse.left,pressed,OTHHEA
690.8830,'w',pressed,OTHHEA
690.9068,'d',released,OTHHEA
690.9775,Mouse.left,released,OTHHEA
691.0308,'a',released,OTHHEA
691.4307,'a',pressed,OTHHEA
691.7725,Mouse.left,pressed,OTHHEA
691.9070,'a',released,OTHHEA
691.9109,'d',pressed,OTHHEA
692.3838,'w',released,OTHHEA
692.5108,'s',pressed,OTHHEA
692.7150,'d',released,OTHHEA
692.7472,'a',pressed,OTHHEA
692.8833,'a',released,OTHHEA
692.9591,'d',pressed,OTHHEA
693.0146,'d',released,OTHHEA
693.2348,'a',pressed,OTHHEA
693.2947,'a',released,OTHHEA
693.3670,'a',pressed,OTHHEA
693.8710,'d',pressed,OTHHEA
693.8992,'s',released,OTHHEA
693.9028,'a',released,OTHHEA
694.0030,'w',pressed,OTHHEA
694.3309,'a',pressed,OTHHEA
694.4187,'a',released,OTHHEA
694.4428,'d',released,OTHHEA
695.0626,'d',pressed,OTHHEA
695.1080,'w',released,OTHHEA
695.2948,'w',pressed,OTHHEA
695.4391,'d',released,OTHHEA
695.5668,'d',pressed,OTHHEA
695.7588,'a',pressed,OTHHEA
695.7907,'d',released,OTHHEA
695.8108,'w',released,OTHHEA
695.9265,'s',pressed,OTHHEA
696.1827,'a',released,OTHHEA
697.8669,'a',pressed,OTHHEA
697.9274,'d',pressed,OTHHEA
698.1766,Mouse.left,released,OTHHEA
698.2606,Mouse.right,released,OTHHEA
698.3508,'s',released,OTHHEA
698.3627,'d',released,OTHHEA
698.4668,'a',released,OTHHEA
698.6709,'d',pressed,OTHHEA
698.8229,'w',pressed,OTHHEA
698.8826,'w',released,OTHHEA
698.8907,'d',released,OTHHEA
699.0548,'a',pressed,OTHHEA
699.1468,'d',pressed,OTHHEA
699.1909,'a',released,OTHHEA
699.7149,'w',pressed,OTHHEA
699.8588,'d',released,OTHHEA
699.9348,'w',released,OTHHEA
708.4745,Key.tab,pressed,OTHHEA
709.1585,Key.tab,released,OTHHEA
709.4864,Key.tab,pressed,OTHHEA
710.3065,Key.tab,released,OTHHEA
710.8669,Key.shift,pressed,OTHHEA
710.9745,Key.shift,released,OTHHEA
714.6870,'w',pressed,OTHHEA
714.7598,'d',pressed,OTHHEA
714.8308,'a',pressed,OTHHEA
714.8667,'d',released,OTHHEA
714.9868,'w',released,OTHHEA
715.1868,'s',pressed,OTHHEA
715.2627,'a',released,OTHHEA
715.4707,'a',pressed,OTHHEA
716.2588,'a',released,OTHHEA
716.3788,'s',released,OTHHEA
716.5868,'s',pressed,OTHHEA
716.7228,'s',released,OTHHEA
717.0628,'w',pressed,OTHHEA
717.4505,Key.shift,pressed,OTHHEA
717.8714,'A',released,OTHHEA
718.8712,'D',pressed,OTHHEA
719.1031,'D',released,OTHHEA
720.8793,'D',pressed,OTHHEA
721.0994,'D',released,OTHHEA
721.6788,'D',pressed,OTHHEA
721.9867,'D',released,OTHHEA
722.6750,'W',released,OTHHEA
722.6908,Key.shift,released,OTHHEA
722.6950,'d',pressed,OTHHEA
722.7908,'s',pressed,OTHHEA
722.8748,'a',pressed,OTHHEA
722.8790,'d',released,OTHHEA
722.9587,'s',released,OTHHEA
723.1373,'a',released,OTHHEA
723.1988,'d',pressed,OTHHEA
723.2556,Mouse.right,pressed,OTHHEA
723.3303,Mouse.right,released,OTHHEA
723.3833,'w',released,OTHHEA
723.7387,'a',pressed,OTHHEA
723.8110,'w',pressed,OTHHEA
723.8379,'a',released,OTHHEA
723.8450,Mouse.right,pressed,OTHHEA
725.8947,'a',pressed,OTHHEA
725.9107,'d',released,OTHHEA
726.0360,Mouse.left,pressed,OTHHEA
726.1066,'w',released,OTHHEA
726.2554,'d',pressed,OTHHEA
726.2709,'w',pressed,OTHHEA
726.2787,Mouse.left,released,OTHHEA
726.2793,'a',released,OTHHEA
726.2828,'w',released,OTHHEA
726.4268,'a',pressed,OTHHEA
726.4328,'d',released,OTHHEA
727.1595,Mouse.right,released,OTHHEA
727.4002,'a',released,OTHHEA
727.6988,'d',pressed,OTHHEA
727.9869,'d',released,OTHHEA
728.1308,'s',pressed,OTHHEA
728.8348,'a',pressed,OTHHEA
729.7507,'a',released,OTHHEA
729.7991,'s',released,OTHHEA
730.5633,'s',pressed,OTHHEA
730.6036,'a',pressed,OTHHEA
730.8268,'d',pressed,OTHHEA
730.8628,'a',released,OTHHEA
730.9148,'s',released,OTHHEA
730.9553,'d',released,OTHHEA
733.7465,Key.tab,pressed,OTHHEA
735.4465,Key.tab,released,OTHHEA
740.7872,'d',pressed,OTHHEA
740.9269,'w',pressed,OTHHEA
741.2508,'d',released,OTHHEA
741.3389,'w',released,OTHHEA
741.8228,'w',pressed,OTHHEA
741.9467,'d',pressed,OTHHEA
742.2109,'w',released,OTHHEA
742.2307,'d',released,OTHHEA
742.3068,'d',pressed,OTHHEA
742.3351,'d',released,OTHHEA
743.1988,'d',pressed,OTHHEA
743.3584,Key.space,pressed,OTHHEA
743.5429,'d',released,OTHHEA
743.5464,Key.space,released,OTHHEA
746.9467,'w',pressed,OTHHEA
747.2064,Key.shift,pressed,OTHHEA
748.0028,Key.shift,released,OTHHEA
749.7832,'a',pressed,OTHHEA
750.4108,'a',released,OTHHEA
750.7747,'a',pressed,OTHHEA
751.0229,'a',released,OTHHEA
751.6187,'a',pressed,OTHHEA
751.6492,Mouse.right,pressed,OTHHEA
751.7231,'w',released,OTHHEA
751.9467,'s',pressed,OTHHEA
752.0347,'s',released,OTHHEA
752.0635,Mouse.right,released,OTHHEA
752.0908,'a',released,OTHHEA
757.5308,'a',pressed,OTHHEA
757.6545,'a',released,OTHHEA
757.7388,'w',pressed,OTHHEA
757.7442,'d',pressed,OTHHEA
757.8068,'w',released,OTHHEA
757.9868,'w',pressed,OTHHEA
758.0467,'a',pressed,OTHHEA
758.0828,'d',released,OTHHEA
758.3027,'a',released,OTHHEA
758.3428,'w',released,OTHHEA
758.7668,'w',pressed,OTHHEA
758.9228,'w',released,OTHHEA
761.7706,Key.tab,pressed,OTHHEA
764.3586,Key.tab,released,OTHHEA
766.8513,Key.tab,pressed,OTHHEA
771.1309,Key.tab,released,OTHHEA
771.2033,'w',pressed,OTHHEA
771.6064,Key.shift,pressed,OTHHEA
772.2945,Key.shift,released,OTHHEA
772.4909,'w',released,OTHHEA
772.9747,'w',pressed,OTHHEA
773.1107,'d',pressed,OTHHEA
773.3155,'a',pressed,OTHHEA
773.5751,'a',released,OTHHEA
773.7509,'d',released,OTHHEA
774.1387,'w',released,OTHHEA
774.6630,'w',pressed,OTHHEA
774.6829,'w',released,OTHHEA
774.6911,'d',pressed,OTHHEA
774.8870,'a',pressed,OTHHEA
774.9066,'w',pressed,OTHHEA
774.9908,'d',released,OTHHEA
775.0394,'d',pressed,OTHHEA
775.2587,'w',released,OTHHEA
775.2787,'a',released,OTHHEA
775.5030,'w',pressed,OTHHEA
776.0348,'w',released,OTHHEA
776.1868,'d',released,OTHHEA
778.2478,'w',pressed,OTHHEA
779.1667,'d',pressed,OTHHEA
779.4469,'d',released,OTHHEA
779.6905,Key.shift,pressed,OTHHEA
780.1546,Key.shift,released,OTHHEA
780.2230,'d',pressed,OTHHEA
780.2748,'w',released,OTHHEA
780.3587,'a',pressed,OTHHEA
780.3673,'s',pressed,OTHHEA
780.4029,'d',released,OTHHEA
780.6587,'a',released,OTHHEA
780.6667,'s',released,OTHHEA
780.6988,'d',pressed,OTHHEA
780.7508,'w',pressed,OTHHEA
780.7788,'d',released,OTHHEA
780.8744,Key.shift,pressed,OTHHEA
781.2990,'D',pressed,OTHHEA
781.5188,'D',released,OTHHEA
782.7510,'D',pressed,OTHHEA
783.1294,Mouse.right,pressed,OTHHEA
783.1587,'D',released,OTHHEA
783.1944,Key.shift,released,OTHHEA
783.2838,Mouse.left,pressed,OTHHEA
783.3032,'w',released,OTHHEA
783.3109,'a',pressed,OTHHEA
783.3152,'d',pressed,OTHHEA
783.4428,'s',pressed,OTHHEA
783.7029,'a',released,OTHHEA
783.7068,'d',released,OTHHEA
783.8188,'d',pressed,OTHHEA
783.9429,'d',released,OTHHEA
783.9631,'a',pressed,OTHHEA
783.9947,'s',released,OTHHEA
784.1027,'w',pressed,OTHHEA
784.1870,'a',released,OTHHEA
784.5064,'d',pressed,OTHHEA
784.5267,'d',released,OTHHEA
787.7428,'w',released,OTHHEA
787.7587,'d',pressed,OTHHEA
787.8427,'s',pressed,OTHHEA
787.8467,'a',pressed,OTHHEA
787.8587,'a',released,OTHHEA
787.8632,'d',released,OTHHEA
788.9827,'s',released,OTHHEA
789.0029,'d',pressed,OTHHEA
789.0788,'w',pressed,OTHHEA
789.1427,'d',released,OTHHEA
789.1467,'d',pressed,OTHHEA
789.2994,'d',released,OTHHEA
789.3787,'a',pressed,OTHHEA
789.5229,'a',released,OTHHEA
790.5027,'w',released,OTHHEA
790.5146,'d',pressed,OTHHEA
790.5872,'s',pressed,OTHHEA
790.8189,'a',pressed,OTHHEA
790.8390,'d',released,OTHHEA
790.9147,'s',released,OTHHEA
791.0949,'w',pressed,OTHHEA
791.3188,'a',released,OTHHEA
791.3389,'d',pressed,OTHHEA
791.5712,'a',pressed,OTHHEA
791.6271,'d',released,OTHHEA
791.7467,'w',released,OTHHEA
792.0948,'d',pressed,OTHHEA
792.1346,'d',released,OTHHEA
792.3668,'d',pressed,OTHHEA
792.3830,'a',released,OTHHEA
792.6266,'d',released,OTHHEA
792.6309,'a',pressed,OTHHEA
793.0268,'a',released,OTHHEA
793.5440,'s',pressed,OTHHEA
793.5908,'d',pressed,OTHHEA
793.5946,'d',released,OTHHEA
794.6307,'s',released,OTHHEA
794.6353,'d',pressed,OTHHEA
794.7467,'w',pressed,OTHHEA
794.8311,'w',released,OTHHEA
794.9430,'s',pressed,OTHHEA
794.9957,Mouse.left,released,OTHHEA
795.4310,'d',released,OTHHEA
795.4349,'a',pressed,OTHHEA
795.5635,Mouse.left,pressed,OTHHEA
796.1511,'a',released,OTHHEA
796.1871,'d',pressed,OTHHEA
796.3149,'d',released,OTHHEA
796.7507,'a',pressed,OTHHEA
796.7907,'d',pressed,OTHHEA
796.8027,'s',released,OTHHEA
796.8908,'w',pressed,OTHHEA
796.9072,'a',released,OTHHEA
796.9544,Mouse.left,released,OTHHEA
797.0908,Key.shift,pressed,OTHHEA
797.4348,Key.shift,released,OTHHEA
797.4390,'a',pressed,OTHHEA
797.6108,'d',released,OTHHEA
797.9228,'a',released,OTHHEA
797.9349,'d',pressed,OTHHEA
798.1869,'a',pressed,OTHHEA
798.2467,'a',released,OTHHEA
798.6147,'a',pressed,OTHHEA
798.7272,'d',released,OTHHEA
798.8308,'a',released,OTHHEA
798.9065,'a',pressed,OTHHEA
798.9748,'d',pressed,OTHHEA
799.0229,'a',released,OTHHEA
799.1948,'w',released,OTHHEA
799.7809,Mouse.left,pressed,OTHHEA
800.7266,'w',pressed,OTHHEA
800.9789,'a',pressed,OTHHEA
800.9829,'d',released,OTHHEA
801.2147,'a',released,OTHHEA
801.3429,'d',pressed,OTHHEA
801.4547,'d',released,OTHHEA
801.6747,'a',pressed,OTHHEA
801.8108,'a',released,OTHHEA
802.6144,Mouse.left,released,OTHHEA
802.6829,'d',pressed,OTHHEA
803.6958,'d',released,OTHHEA
803.7270,'a',pressed,OTHHEA
804.8846,Mouse.right,released,OTHHEA
804.9746,'d',pressed,OTHHEA
805.1187,Key.shift,pressed,OTHHEA
805.1632,'D',released,OTHHEA
805.2788,'D',pressed,OTHHEA
805.3027,'D',released,OTHHEA
805.3191,'D',pressed,OTHHEA
805.3707,'D',released,OTHHEA
805.4348,'A',released,OTHHEA
805.6975,Mouse.right,pressed,OTHHEA
805.7390,'A',pressed,OTHHEA
805.9706,Key.shift,released,OTHHEA
806.0243,Mouse.left,pressed,OTHHEA
806.2716,'a',released,OTHHEA
806.5626,'a',pressed,OTHHEA
806.6549,'d',released,OTHHEA
807.0636,'d',pressed,OTHHEA
807.0987,'a',released,OTHHEA
807.2027,'a',pressed,OTHHEA
807.4626,'d',released,OTHHEA
807.6825,Mouse.left,released,OTHHEA
808.0585,Key.f5,pressed,OTHHEA
808.1624,Key.f5,released,OTHHEA
808.5870,'w',released,OTHHEA
808.8107,'w',pressed,OTHHEA
808.8153,'d',pressed,OTHHEA
808.8199,Mouse.left,pressed,OTHHEA
809.2887,Mouse.left,released,OTHHEA
809.3553,'d',released,OTHHEA
809.5344,Key.shift,pressed,OTHHEA
809.6236,Mouse.right,released,OTHHEA
810.4508,'A',released,OTHHEA
810.7148,'D',pressed,OTHHEA
810.9189,'D',released,OTHHEA
811.0896,Mouse.right,pressed,OTHHEA
811.1554,'A',pressed,OTHHEA
811.1947,Key.shift,released,OTHHEA
811.2196,Mouse.left,pressed,OTHHEA
811.2866,'w',released,OTHHEA
811.4111,'s',pressed,OTHHEA
811.5628,'d',pressed,OTHHEA
813.0389,'a',released,OTHHEA
813.1150,'s',released,OTHHEA
813.3190,'s',pressed,OTHHEA
813.3828,'s',released,OTHHEA
813.4669,'a',pressed,OTHHEA
813.5432,'w',pressed,OTHHEA
813.6749,Mouse.left,released,OTHHEA
813.6751,Key.space,pressed,OTHHEA
813.7214,Mouse.right,released,OTHHEA
813.9268,'w',released,OTHHEA
814.0964,Key.space,released,OTHHEA
814.2147,'d',released,OTHHEA
814.2508,'s',pressed,OTHHEA
814.6267,'d',pressed,OTHHEA
814.6304,Key.space,pressed,OTHHEA
814.8671,'a',released,OTHHEA
814.9054,Mouse.left,pressed,OTHHEA
814.9668,Key.space,released,OTHHEA
815.1932,Mouse.right,pressed,OTHHEA
815.4228,'s',released,OTHHEA
815.8867,'w',pressed,OTHHEA
815.9195,Mouse.left,released,OTHHEA
815.9265,Mouse.right,released,OTHHEA
815.9557,'d',released,OTHHEA
815.9789,'w',released,OTHHEA
816.8467,'d',pressed,OTHHEA
816.9067,'d',released,OTHHEA
817.0507,'w',pressed,OTHHEA
817.1709,'w',released,OTHHEA
819.9864,Key.caps_lock,pressed,OTHHEA
820.0584,Key.caps_lock,released,OTHHEA
820.7470,'d',pressed,OTHHEA
820.7931,'d',released,OTHHEA
820.8229,'d',pressed,OTHHEA
821.0509,'w',pressed,OTHHEA
821.0748,'a',pressed,OTHHEA
821.2593,'d',released,OTHHEA
821.3587,'d',pressed,OTHHEA
821.4189,'a',released,OTHHEA
821.4232,'w',released,OTHHEA
821.4907,'d',released,OTHHEA
821.5108,'a',pressed,OTHHEA
821.5828,'w',pressed,OTHHEA
821.6509,'a',released,OTHHEA
821.6548,'d',pressed,OTHHEA
821.6788,'w',released,OTHHEA
821.7868,'a',pressed,OTHHEA
821.8027,'w',pressed,OTHHEA
821.8067,'d',released,OTHHEA
821.9066,'a',released,OTHHEA
821.9106,'d',pressed,OTHHEA
822.0268,'d',released,OTHHEA
822.0348,'a',pressed,OTHHEA
822.1107,'d',pressed,OTHHEA
822.1788,'a',released,OTHHEA
822.2149,'d',released,OTHHEA
822.3307,'a',pressed,OTHHEA
822.4987,'a',released,OTHHEA
822.5747,'w',released,OTHHEA
822.6547,'a',pressed,OTHHEA
822.6834,'d',pressed,OTHHEA
822.7275,'w',pressed,OTHHEA
822.7590,'d',released,OTHHEA
823.0867,'a',released,OTHHEA
823.0951,'w',released,OTHHEA
823.3271,'w',pressed,OTHHEA
823.4868,'d',pressed,OTHHEA
823.5628,'a',pressed,OTHHEA
823.6671,'d',released,OTHHEA
823.8627,'d',pressed,OTHHEA
824.0267,'a',released,OTHHEA
824.3347,'a',pressed,OTHHEA
824.4509,'a',released,OTHHEA
824.4867,'d',released,OTHHEA
824.5507,'w',released,OTHHEA
824.6833,'w',pressed,OTHHEA
824.8107,'w',released,OTHHEA
825.3748,'w',pressed,OTHHEA
825.4308,'d',pressed,OTHHEA
826.8546,'d',released,OTHHEA
826.8750,'a',pressed,OTHHEA
826.9987,'d',pressed,OTHHEA
827.1664,'d',released,OTHHEA
827.5627,'a',released,OTHHEA
827.5667,'w',released,OTHHEA
827.9868,'w',pressed,OTHHEA
828.3512,'a',pressed,OTHHEA
828.7627,'a',released,OTHHEA
829.2228,'w',released,OTHHEA
829.2267,'d',pressed,OTHHEA
829.4467,'w',pressed,OTHHEA
829.4589,'d',released,OTHHEA
829.6192,'w',released,OTHHEA
830.1627,'w',pressed,OTHHEA
830.2906,'d',pressed,OTHHEA
830.3990,'w',released,OTHHEA
830.8922,'s',pressed,OTHHEA
830.9590,'d',released,OTHHEA
831.0545,'a',pressed,OTHHEA
831.2109,'d',pressed,OTHHEA
831.3429,'a',released,OTHHEA
831.4279,'a',pressed,OTHHEA
831.4828,'d',released,OTHHEA
831.5189,'a',released,OTHHEA
831.7831,'d',pressed,OTHHEA
832.5268,'a',pressed,OTHHEA
832.6267,'d',released,OTHHEA
832.6912,'a',released,OTHHEA
832.7027,'a',pressed,OTHHEA
832.7068,'a',released,OTHHEA
832.9468,'s',released,OTHHEA
833.7184,Key.tab,pressed,OTHHEA
835.8584,Key.tab,released,OTHHEA
836.2469,'w',pressed,OTHHEA
836.3386,'w',released,OTHHEA
836.4949,'w',pressed,OTHHEA
836.6227,'d',pressed,OTHHEA
836.6427,'w',released,OTHHEA
836.8468,'d',released,OTHHEA
837.1187,'a',pressed,OTHHEA
837.4955,'w',pressed,OTHHEA
837.5032,'d',pressed,OTHHEA
837.5355,'a',released,OTHHEA
837.7266,Key.shift,pressed,OTHHEA
837.7310,'D',released,OTHHEA
838.2027,Key.shift,released,OTHHEA
838.3824,Key.shift,pressed,OTHHEA
838.9464,Key.shift,released,OTHHEA
839.2400,Key.ctrl_l,pressed,OTHHEA
839.9746,Key.ctrl_l,released,OTHHEA
840.1828,Key.shift,pressed,OTHHEA
842.5791,Key.shift,released,OTHHEA
842.6236,'a',released,OTHHEA
842.6310,Key.shift,pressed,OTHHEA
843.0304,Key.shift,released,OTHHEA
843.1267,'a',released,OTHHEA
843.2431,'a',pressed,OTHHEA
843.6351,'d',released,OTHHEA
843.6790,Key.ctrl_l,pressed,OTHHEA
843.6838,'\x04',pressed,OTHHEA
843.6884,'\x04',released,OTHHEA
843.7469,'\x04',pressed,OTHHEA
843.8395,Mouse.right,pressed,OTHHEA
843.9070,'\x17',released,OTHHEA
844.2146,Key.ctrl_l,released,OTHHEA
844.2418,Mouse.right,released,OTHHEA
844.4944,Key.shift,pressed,OTHHEA
845.0344,Key.shift,released,OTHHEA
845.0665,Key.space,pressed,OTHHEA
845.1029,'a',released,OTHHEA
845.3025,Key.space,released,OTHHEA
845.3750,'w',released,OTHHEA
845.4827,'a',pressed,OTHHEA
845.6355,Mouse.right,pressed,OTHHEA
845.9748,'a',released,OTHHEA
846.2069,'a',pressed,OTHHEA
846.3271,'d',released,OTHHEA
846.7667,'w',pressed,OTHHEA
846.9887,Mouse.right,released,OTHHEA
847.0103,Key.shift,pressed,OTHHEA
847.3509,'A',released,OTHHEA
847.5224,Key.shift,released,OTHHEA
848.0388,'d',pressed,OTHHEA
848.4068,'d',released,OTHHEA
848.9428,Mouse.right,pressed,OTHHEA
849.4598,Mouse.left,pressed,OTHHEA
849.8387,'a',released,OTHHEA
850.2228,'a',pressed,OTHHEA
850.3108,'a',released,OTHHEA
853.5310,Mouse.left,released,OTHHEA
853.6027,'d',pressed,OTHHEA
854.8748,'w',released,OTHHEA
854.9134,Mouse.left,pressed,OTHHEA
855.1746,'a',pressed,OTHHEA
855.3747,'d',released,OTHHEA
855.6428,'w',pressed,OTHHEA
855.6546,'d',pressed,OTHHEA
855.6868,'a',released,OTHHEA
855.9026,'a',pressed,OTHHEA
855.9467,'d',released,OTHHEA
856.0151,'w',released,OTHHEA
856.1588,'d',pressed,OTHHEA
856.2266,'a',released,OTHHEA
856.2274,Mouse.left,released,OTHHEA
856.2748,'w',pressed,OTHHEA
856.5387,'a',pressed,OTHHEA
856.6908,'a',released,OTHHEA
857.6700,Mouse.left,pressed,OTHHEA
857.6829,'w',released,OTHHEA
857.7025,'a',pressed,OTHHEA
857.8549,'a',released,OTHHEA
858.0286,Mouse.left,released,OTHHEA
858.0551,'w',pressed,OTHHEA
858.3149,'a',pressed,OTHHEA
858.4747,'d',released,OTHHEA
858.6745,Key.shift,pressed,OTHHEA
858.9265,Key.shift,released,OTHHEA
859.3829,'d',pressed,OTHHEA
859.4348,'a',released,OTHHEA
859.4908,'w',released,OTHHEA
860.0072,'w',pressed,OTHHEA
860.0470,'a',pressed,OTHHEA
860.0948,'d',released,OTHHEA
860.7988,'a',released,OTHHEA
861.2547,'d',pressed,OTHHEA
862.2281,Mouse.right,released,OTHHEA
862.2869,Key.space,pressed,OTHHEA
862.5588,'w',released,OTHHEA
862.5863,Key.space,released,OTHHEA
862.7389,'s',pressed,OTHHEA
862.8829,'a',pressed,OTHHEA
862.9308,'d',released,OTHHEA
863.0546,Key.space,pressed,OTHHEA
863.0747,Mouse.right,pressed,OTHHEA
863.1430,Key.space,released,OTHHEA
863.4187,Mouse.left,pressed,OTHHEA
865.0788,'d',pressed,OTHHEA
865.3695,Mouse.left,released,OTHHEA
865.3984,Mouse.right,released,OTHHEA
865.4148,'d',released,OTHHEA
865.4225,'s',released,OTHHEA
865.4310,'a',released,OTHHEA
871.0543,Key.f1,pressed,OTHHEA
871.0664,Key.f1,released,OTHHEA
873.2947,'w',pressed,OTHHEA
873.3144,Mouse.left,pressed,OTHHEA
873.3866,'d',pressed,OTHHEA
873.4196,Mouse.left,released,OTHHEA
873.4755,'d',released,OTHHEA
873.5066,'w',released,OTHHEA
877.9749,'w',pressed,OTHHEA
878.1628,'d',pressed,OTHHEA
878.3821,Mouse.left,pressed,OTHHEA
878.4310,'w',released,OTHHEA
878.4547,'d',released,OTHHEA
878.4835,Mouse.left,released,OTHHEA
878.7113,'s',pressed,OTHHEA
878.8268,'a',pressed,OTHHEA
879.0347,'s',released,OTHHEA
879.0829,'d',pressed,OTHHEA
879.0870,'a',released,OTHHEA
879.1546,'w',pressed,OTHHEA
879.2227,'d',released,OTHHEA
879.4827,'a',pressed,OTHHEA
879.5307,'d',pressed,OTHHEA
879.7027,'d',released,OTHHEA
879.9666,'a',released,OTHHEA
879.9746,'w',released,OTHHEA
882.1347,'w',pressed,OTHHEA
882.5586,'d',pressed,OTHHEA
882.6547,'w',released,OTHHEA
882.6706,'d',released,OTHHEA
884.2707,'w',pressed,OTHHEA
884.4308,'d',pressed,OTHHEA
884.6427,'d',released,OTHHEA
884.9587,'w',released,OTHHEA
885.0148,'d',pressed,OTHHEA
885.1747,'w',pressed,OTHHEA
885.2107,'w',released,OTHHEA
885.3315,'w',pressed,OTHHEA
885.5706,'a',pressed,OTHHEA
885.5946,'d',released,OTHHEA
885.6803,Key.shift,pressed,OTHHEA
886.0104,Key.shift,released,OTHHEA
886.3187,'a',released,OTHHEA
886.5347,'d',pressed,OTHHEA
886.9592,Key.shift,pressed,OTHHEA
887.2108,'D',released,OTHHEA
887.3989,'A',pressed,OTHHEA
887.4143,Key.shift,released,OTHHEA
887.4784,Key.shift,pressed,OTHHEA
887.6308,'D',pressed,OTHHEA
887.6707,'A',released,OTHHEA
887.6829,Key.shift,released,OTHHEA
887.8269,'d',released,OTHHEA
887.8467,Key.shift,pressed,OTHHEA
888.6670,'A',pressed,OTHHEA
889.8266,'A',released,OTHHEA
889.8463,Key.shift,released,OTHHEA
890.2304,Key.shift,pressed,OTHHEA
890.7383,Key.shift,released,OTHHEA
890.9857,Mouse.right,pressed,OTHHEA
892.1714,Mouse.right,released,OTHHEA
892.2624,Key.shift,pressed,OTHHEA
892.8863,Key.shift,released,OTHHEA
893.0226,'d',pressed,OTHHEA
893.0786,'w',released,OTHHEA
893.1315,Mouse.right,pressed,OTHHEA
893.1952,'s',pressed,OTHHEA
893.2310,'d',released,OTHHEA
893.3227,'a',pressed,OTHHEA
893.4986,'s',released,OTHHEA
893.6028,'w',pressed,OTHHEA
893.6033,Mouse.left,pressed,OTHHEA
893.6156,'a',released,OTHHEA
893.6178,'d',pressed,OTHHEA
893.7626,'d',released,OTHHEA
893.8947,'a',pressed,OTHHEA
893.9747,'a',released,OTHHEA
894.0952,'a',pressed,OTHHEA
894.2148,'w',released,OTHHEA
894.2635,Mouse.left,released,OTHHEA
894.8306,'s',pressed,OTHHEA
895.2575,Mouse.right,released,OTHHEA
895.2873,'a',released,OTHHEA
895.3072,'d',pressed,OTHHEA
895.8549,'a',pressed,OTHHEA
895.8750,'s',released,OTHHEA
895.9468,'d',released,OTHHEA
895.9925,Mouse.right,pressed,OTHHEA
896.0032,'w',pressed,OTHHEA
896.2035,Mouse.right,released,OTHHEA
896.4657,Mouse.right,pressed,OTHHEA
896.5034,'w',released,OTHHEA
896.6347,Mouse.left,pressed,OTHHEA
896.8994,'s',pressed,OTHHEA
897.4154,Mouse.left,released,OTHHEA
898.2164,Mouse.left,pressed,OTHHEA
898.7149,'d',pressed,OTHHEA
898.7831,'a',released,OTHHEA
898.8067,'a',pressed,OTHHEA
898.8828,'d',released,OTHHEA
899.1907,'a',released,OTHHEA
899.7587,'a',pressed,OTHHEA
899.8147,'a',released,OTHHEA
901.6909,'a',pressed,OTHHEA
902.6266,'a',released,OTHHEA
903.2266,'d',pressed,OTHHEA
903.7791,'d',released,OTHHEA
903.8386,'a',pressed,OTHHEA
904.1627,'a',released,OTHHEA
904.1746,'d',pressed,OTHHEA
904.4029,'a',pressed,OTHHEA
904.4388,'s',released,OTHHEA
904.5268,'a',released,OTHHEA
904.5308,'w',pressed,OTHHEA
904.7384,Key.shift,pressed,OTHHEA
904.9547,'D',released,OTHHEA
905.0607,Mouse.left,released,OTHHEA
905.0709,'A',pressed,OTHHEA
905.3907,'A',released,OTHHEA
906.3588,'D',pressed,OTHHEA
906.5066,'D',released,OTHHEA
907.0685,Mouse.right,released,OTHHEA
907.1109,'A',pressed,OTHHEA
907.2964,Mouse.right,pressed,OTHHEA
907.3631,'A',released,OTHHEA
907.4574,Mouse.left,pressed,OTHHEA
907.6508,'A',pressed,OTHHEA
907.9227,'A',released,OTHHEA
908.1365,Mouse.left,released,OTHHEA
908.1585,Key.shift,released,OTHHEA
908.1878,Mouse.right,released,OTHHEA
908.3666,Key.shift,pressed,OTHHEA
908.4315,'D',released,OTHHEA
908.6706,'A',pressed,OTHHEA
908.9788,'A',released,OTHHEA
908.9826,'D',pressed,OTHHEA
909.1148,'D',released,OTHHEA
909.9231,'D',pressed,OTHHEA
910.5471,'D',released,OTHHEA
911.1230,'A',pressed,OTHHEA
911.8946,'D',pressed,OTHHEA
912.0025,Key.shift,released,OTHHEA
912.0068,Key.shift,pressed,OTHHEA
912.0111,Key.shift,released,OTHHEA
912.0347,'a',released,OTHHEA
912.1032,'a',pressed,OTHHEA
912.5325,Mouse.right,pressed,OTHHEA
912.5469,'d',released,OTHHEA
912.6707,'w',released,OTHHEA
912.7969,Mouse.left,pressed,OTHHEA
912.8150,'s',pressed,OTHHEA
912.9667,'a',released,OTHHEA
913.9989,'a',pressed,OTHHEA
914.1920,'a',released,OTHHEA
914.3950,'a',pressed,OTHHEA
914.9028,'a',released,OTHHEA
914.9066,'d',pressed,OTHHEA
915.1426,'s',released,OTHHEA
915.2707,'w',pressed,OTHHEA
915.4316,'d',released,OTHHEA
915.4666,'a',pressed,OTHHEA
915.5746,'w',released,OTHHEA
915.6945,'d',pressed,OTHHEA
915.7267,'w',pressed,OTHHEA
915.7426,'a',released,OTHHEA
915.8746,'d',released,OTHHEA
915.9066,'a',pressed,OTHHEA
916.0747,'d',pressed,OTHHEA
916.1056,'a',released,OTHHEA
916.1906,'d',released,OTHHEA
916.3067,'d',pressed,OTHHEA
916.3666,'w',released,OTHHEA
916.5229,'s',pressed,OTHHEA
916.6351,'d',released,OTHHEA
916.7150,'a',pressed,OTHHEA
916.9188,'d',pressed,OTHHEA
916.9386,'s',released,OTHHEA
916.9553,'a',released,OTHHEA
917.0590,'w',pressed,OTHHEA
917.1309,'d',released,OTHHEA
917.1586,'a',pressed,OTHHEA
917.3274,'w',released,OTHHEA
917.4187,'w',pressed,OTHHEA
917.4908,'a',released,OTHHEA
917.5548,'d',pressed,OTHHEA
917.7026,'a',pressed,OTHHEA
917.7587,'d',released,OTHHEA
917.7668,'d',pressed,OTHHEA
917.8786,'a',released,OTHHEA
917.9227,'a',pressed,OTHHEA
917.9666,'d',released,OTHHEA
918.1111,'a',released,OTHHEA
918.1306,'d',pressed,OTHHEA
918.2466,'a',pressed,OTHHEA
918.2867,'d',released,OTHHEA
918.3750,'d',pressed,OTHHEA
918.3987,'a',released,OTHHEA
918.4790,'a',pressed,OTHHEA
918.5067,'d',released,OTHHEA
918.5947,'d',pressed,OTHHEA
918.6266,'w',released,OTHHEA
918.6587,'a',released,OTHHEA
918.7226,'a',pressed,OTHHEA
918.7673,'d',released,OTHHEA
918.8429,'d',pressed,OTHHEA
918.9031,'a',released,OTHHEA
918.9308,'w',pressed,OTHHEA
919.0027,'d',released,OTHHEA
919.0228,'a',pressed,OTHHEA
919.1389,'d',pressed,OTHHEA
919.1626,'a',released,OTHHEA
919.2827,'a',pressed,OTHHEA
919.3155,'d',released,OTHHEA
919.4591,'d',pressed,OTHHEA
919.6067,'d',released,OTHHEA
919.7547,'d',pressed,OTHHEA
919.8060,Mouse.left,released,OTHHEA
919.8748,'d',released,OTHHEA
920.3510,'w',released,OTHHEA
921.0265,Mouse.left,pressed,OTHHEA
921.6665,'a',released,OTHHEA
921.6706,'d',pressed,OTHHEA
921.6908,'w',pressed,OTHHEA
921.7986,'d',released,OTHHEA
921.9512,'a',pressed,OTHHEA
922.4512,'a',released,OTHHEA
922.7108,'d',pressed,OTHHEA
923.0338,Mouse.left,released,OTHHEA
923.0790,'a',pressed,OTHHEA
923.1109,'d',released,OTHHEA
923.4308,'d',pressed,OTHHEA
923.4867,'d',released,OTHHEA
923.5268,'d',pressed,OTHHEA
923.5628,'a',released,OTHHEA
923.6536,Mouse.left,pressed,OTHHEA
923.7108,'d',released,OTHHEA
923.7187,'a',pressed,OTHHEA
923.7549,'w',released,OTHHEA
923.8866,'s',pressed,OTHHEA
924.1988,'a',released,OTHHEA
924.2749,'d',pressed,OTHHEA
924.5028,'d',released,OTHHEA
925.2667,'d',pressed,OTHHEA
925.3508,'s',released,OTHHEA
925.5273,'w',pressed,OTHHEA
925.7787,'a',pressed,OTHHEA
925.9226,'a',released,OTHHEA
926.9912,'w',released,OTHHEA
927.4507,'s',pressed,OTHHEA
927.5025,'s',released,OTHHEA
927.5425,'s',pressed,OTHHEA
927.6028,'a',pressed,OTHHEA
927.6307,'s',released,OTHHEA
927.6349,'a',released,OTHHEA
927.7430,'w',pressed,OTHHEA
927.7566,Mouse.left,released,OTHHEA
927.8947,'a',pressed,OTHHEA
928.1108,'d',released,OTHHEA
928.3589,'w',released,OTHHEA
928.3795,Mouse.left,pressed,OTHHEA
928.4755,'s',pressed,OTHHEA
928.7854,Mouse.left,released,OTHHEA
928.7862,Key.space,pressed,OTHHEA
928.8953,'s',released,OTHHEA
928.9280,Mouse.right,released,OTHHEA
929.0063,Key.space,released,OTHHEA
929.0948,'w',pressed,OTHHEA
929.1829,Key.space,pressed,OTHHEA
929.2231,'w',released,OTHHEA
929.3066,Key.space,released,OTHHEA
929.4633,'s',pressed,OTHHEA
929.6627,'a',released,OTHHEA
929.6705,'s',released,OTHHEA
929.8109,'a',pressed,OTHHEA
929.8427,'s',pressed,OTHHEA
930.0788,Key.space,pressed,OTHHEA
930.2587,Key.space,released,OTHHEA
930.5945,Key.space,pressed,OTHHEA
930.7107,Key.space,released,OTHHEA
930.9147,'s',released,OTHHEA
931.0074,'w',pressed,OTHHEA
931.2163,'w',released,OTHHEA
931.2390,Key.space,pressed,OTHHEA
931.4023,Key.space,released,OTHHEA
931.6106,'s',pressed,OTHHEA
931.9987,'a',released,OTHHEA
932.0026,'d',pressed,OTHHEA
932.1343,Key.space,pressed,OTHHEA
932.2983,Key.space,released,OTHHEA
932.3987,'d',released,OTHHEA
932.7948,'d',pressed,OTHHEA
932.8385,'s',released,OTHHEA
932.9427,'w',pressed,OTHHEA
933.1546,Key.shift,pressed,OTHHEA
933.2106,'A',released,OTHHEA
933.2186,'D',released,OTHHEA
933.4707,'A',pressed,OTHHEA
933.9106,'D',pressed,OTHHEA
933.9149,Key.shift,released,OTHHEA
933.9387,'a',released,OTHHEA
934.0269,'a',pressed,OTHHEA
934.0357,Mouse.left,pressed,OTHHEA
934.0556,'w',released,OTHHEA
934.1346,'w',pressed,OTHHEA
934.1537,Mouse.left,released,OTHHEA
934.2274,'d',released,OTHHEA
934.2947,Key.shift,pressed,OTHHEA
934.6145,Key.shift,released,OTHHEA
934.7276,'w',released,OTHHEA
934.7986,Mouse.left,pressed,OTHHEA
934.8269,'s',pressed,OTHHEA
934.8507,'d',released,OTHHEA
934.9054,Mouse.left,released,OTHHEA
934.9650,Mouse.left,pressed,OTHHEA
934.9921,'a',released,OTHHEA
935.0546,Mouse.left,released,OTHHEA
935.1233,Mouse.left,pressed,OTHHEA
935.1305,'a',pressed,OTHHEA
935.2125,Mouse.left,released,OTHHEA
935.4268,'d',pressed,OTHHEA
935.4546,'a',released,OTHHEA
935.4703,'s',released,OTHHEA
935.5988,'w',pressed,OTHHEA
935.7823,Key.shift,pressed,OTHHEA
936.1785,Key.shift,released,OTHHEA
936.2477,'a',pressed,OTHHEA
936.2949,'w',released,OTHHEA
936.3350,Mouse.left,pressed,OTHHEA
936.4311,'d',released,OTHHEA
936.4390,'s',pressed,OTHHEA
936.5397,Mouse.left,released,OTHHEA
936.6074,Mouse.left,pressed,OTHHEA
936.6630,'s',released,OTHHEA
936.6885,Mouse.left,released,OTHHEA
936.7434,'s',pressed,OTHHEA
937.1507,'d',pressed,OTHHEA
937.2870,'a',released,OTHHEA
937.3618,Mouse.left,pressed,OTHHEA
937.3633,'a',pressed,OTHHEA
937.4374,Mouse.left,released,OTHHEA
937.4866,'a',released,OTHHEA
937.5626,Mouse.left,pressed,OTHHEA
937.6745,Mouse.left,released,OTHHEA
937.7336,Mouse.left,pressed,OTHHEA
937.7387,'a',pressed,OTHHEA
937.8199,Mouse.left,released,OTHHEA
937.8268,'d',released,OTHHEA
937.8694,Mouse.left,pressed,OTHHEA
937.9602,Mouse.left,released,OTHHEA
938.1588,'d',pressed,OTHHEA
938.4388,'d',released,OTHHEA
938.5189,'d',pressed,OTHHEA
938.6787,'d',released,OTHHEA
938.7829,'s',released,OTHHEA
938.7906,'a',released,OTHHEA
