22.4965,'w',pressed,Marco
22.7705,'a',pressed,Marco
22.8725,'a',released,Marco
23.1245,'a',pressed,Marco
23.2345,'a',released,Marco
23.4125,'a',pressed,Marco
23.4546,'a',released,Marco
23.7756,'q',pressed,Marco
23.8496,'q',released,Marco
24.0535,'d',pressed,Marco
24.2036,'d',released,Marco
27.8075,'q',pressed,Marco
27.8655,'q',released,Marco
28.0155,'a',pressed,Marco
28.0535,'w',released,Marco
28.2505,'s',pressed,Marco
28.3066,'s',released,Marco
28.4585,'a',released,Marco
28.4866,'d',pressed,Marco
28.7945,'w',pressed,Marco
28.9425,'w',released,Marco
29.0367,'a',pressed,Marco
29.0406,'d',released,Marco
29.0937,'w',pressed,Marco
29.1026,'a',released,Marco
29.2105,'w',released,Marco
29.3716,'s',pressed,Marco
29.5834,'d',pressed,Marco
29.6556,'s',released,Marco
29.7236,'d',released,Marco
29.7916,'w',pressed,Marco
29.9375,'w',released,Marco
30.2255,'s',pressed,Marco
30.3416,'a',pressed,Marco
30.3835,'s',released,Marco
30.3839,'a',released,Marco
30.8308,'a',pressed,Marco
30.8545,'a',released,Marco
31.1865,'w',pressed,Marco
31.2706,'w',released,Marco
31.2786,'a',pressed,Marco
31.3125,'a',released,Marco
31.4685,'a',pressed,Marco
31.7706,'a',released,Marco
31.7925,'d',pressed,Marco
32.0127,'w',pressed,Marco
32.1675,'d',released,Marco
32.7495,'a',pressed,Marco
32.9076,'a',released,Marco
34.8617,'d',pressed,Marco
35.2276,'d',released,Marco
35.4277,'d',pressed,Marco
35.5975,'d',released,Marco
35.8176,'d',pressed,Marco
35.9857,'d',released,Marco
36.1056,'d',pressed,Marco
36.6604,'d',released,Marco
36.8526,'d',pressed,Marco
37.2866,'w',released,Marco
37.4956,'w',pressed,Marco
38.5775,'w',released,Marco
39.2567,'a',pressed,Marco
39.2749,'d',released,Marco
39.9766,'s',pressed,Marco
39.9865,'a',released,Marco
40.0185,'d',pressed,Marco
40.0325,'s',released,Marco
40.7096,'s',pressed,Marco
40.8656,'d',released,Marco
40.8936,'a',pressed,Marco
41.0875,'a',released,Marco
41.0935,'s',released,Marco
50.8045,Key.tab,pressed,Marco
54.1354,Key.tab,released,Marco
54.5514,Key.tab,pressed,Marco
55.4804,Key.tab,released,Marco
62.4176,'w',pressed,Marco
63.7047,'q',pressed,Marco
63.8008,'q',released,Marco
64.7896,'d',pressed,Marco
64.9257,'d',released,Marco
65.0876,'a',pressed,Marco
65.3097,'a',released,Marco
65.3656,'d',pressed,Marco
65.7246,'d',released,Marco
65.7626,'a',pressed,Marco
66.0005,'a',released,Marco
66.3125,'a',pressed,Marco
66.4205,Key.space,pressed,Marco
66.4427,'a',released,Marco
66.5903,Key.space,released,Marco
67.1056,'d',pressed,Marco
67.2538,'d',released,Marco
68.2385,'q',pressed,Marco
68.3456,'q',released,Marco
68.4866,'d',pressed,Marco
68.7546,'d',released,Marco
68.8487,'a',pressed,Marco
69.0086,'a',released,Marco
69.3268,'a',pressed,Marco
69.4778,'a',released,Marco
70.0497,'d',pressed,Marco
71.9245,'d',released,Marco
72.1785,'d',pressed,Marco
72.6278,'d',released,Marco
72.6915,'a',pressed,Marco
72.9597,'w',released,Marco
73.1056,'s',pressed,Marco
73.1577,'a',released,Marco
73.5876,'a',pressed,Marco
73.8665,'s',released,Marco
74.0986,'s',pressed,Marco
74.4446,'s',released,Marco
74.4687,'a',released,Marco
74.4986,'d',pressed,Marco
74.5825,'d',released,Marco
74.5847,'w',pressed,Marco
74.6866,'a',pressed,Marco
74.7805,'w',released,Marco
74.9045,'s',pressed,Marco
75.0506,'a',released,Marco
75.0513,'d',pressed,Marco
75.0916,'s',released,Marco
75.2196,'w',pressed,Marco
75.3416,'d',released,Marco
75.5436,'3',pressed,Marco
75.6235,'3',released,Marco
76.4446,'d',pressed,Marco
76.6267,'d',released,Marco
76.7686,'2',pressed,Marco
76.8225,'2',released,Marco
77.0807,'1',pressed,Marco
77.1605,'1',released,Marco
77.4866,'a',pressed,Marco
77.9136,'a',released,Marco
78.1035,'a',pressed,Marco
78.3516,'w',released,Marco
78.6515,'w',pressed,Marco
79.6086,'w',released,Marco
79.7486,Key.space,pressed,Marco
79.7646,'s',pressed,Marco
79.8425,'s',released,Marco
79.8846,Key.space,released,Marco
79.9837,'w',pressed,Marco
80.0205,'a',released,Marco
80.2266,'d',pressed,Marco
80.3695,'d',released,Marco
80.3936,'a',pressed,Marco
80.6418,'a',released,Marco
80.9257,'a',pressed,Marco
80.9375,'a',released,Marco
81.0757,'a',pressed,Marco
81.3997,'a',released,Marco
81.7366,'d',pressed,Marco
82.0825,'w',released,Marco
82.1546,'d',released,Marco
82.2126,'a',pressed,Marco
82.2326,'s',pressed,Marco
82.7325,'a',released,Marco
82.7526,'d',pressed,Marco
82.8557,'s',released,Marco
82.9916,'s',pressed,Marco
83.0566,'d',released,Marco
83.3395,'d',pressed,Marco
83.4136,'s',released,Marco
83.5456,'w',pressed,Marco
84.2155,'d',released,Marco
84.4916,'a',pressed,Marco
84.6245,'w',released,Marco
84.8285,'s',pressed,Marco
85.1566,'a',released,Marco
85.1845,'s',released,Marco
85.2066,'d',pressed,Marco
85.5386,'a',pressed,Marco
85.5725,'d',released,Marco
85.8255,'a',released,Marco
85.8555,'d',pressed,Marco
86.3436,'a',pressed,Marco
86.3595,'d',released,Marco
86.7377,'a',released,Marco
86.7915,'d',pressed,Marco
87.0765,'a',pressed,Marco
87.1036,'d',released,Marco
87.2888,'w',pressed,Marco
87.3845,'a',released,Marco
87.5926,'d',pressed,Marco
87.6786,'d',released,Marco
87.6825,'a',pressed,Marco
88.4665,'a',released,Marco
88.6007,'a',pressed,Marco
89.2916,'a',released,Marco
89.5295,'d',pressed,Marco
89.5335,'d',released,Marco
89.6198,'a',pressed,Marco
89.8596,'w',released,Marco
90.0250,'s',pressed,Marco
90.1736,'a',released,Marco
90.3405,'d',pressed,Marco
90.4145,'s',released,Marco
90.5545,'w',pressed,Marco
91.0857,'w',released,Marco
91.2916,'s',pressed,Marco
91.4118,'d',released,Marco
91.5556,'d',pressed,Marco
91.6195,'s',released,Marco
91.7659,'w',pressed,Marco
92.5357,'d',released,Marco
92.5975,'a',pressed,Marco
92.6505,'w',released,Marco
92.7746,'s',pressed,Marco
92.7785,'a',released,Marco
92.8886,'d',pressed,Marco
92.9526,'s',released,Marco
93.0947,'w',pressed,Marco
93.5387,'w',released,Marco
93.5886,'d',released,Marco
93.6826,'s',pressed,Marco
93.7965,'a',pressed,Marco
93.8427,'s',released,Marco
93.9806,'w',pressed,Marco
94.0358,'a',released,Marco
94.1138,'d',pressed,Marco
94.2717,'a',pressed,Marco
94.2756,'d',released,Marco
94.2937,'w',released,Marco
94.4176,'s',pressed,Marco
94.4336,'a',released,Marco
94.5655,'d',pressed,Marco
94.8796,'s',released,Marco
95.0077,'w',pressed,Marco
95.1014,'d',released,Marco
95.1475,'a',pressed,Marco
95.2246,'w',released,Marco
95.4109,'s',pressed,Marco
95.4966,'s',released,Marco
95.6497,'d',pressed,Marco
95.6504,'a',released,Marco
95.8646,'s',pressed,Marco
96.0008,'d',released,Marco
96.0015,'s',released,Marco
96.0019,'a',pressed,Marco
96.3806,'a',released,Marco
96.4005,'d',pressed,Marco
96.9037,'a',pressed,Marco
96.9644,'w',pressed,Marco
96.9697,'d',released,Marco
97.0921,'w',released,Marco
97.5375,'w',pressed,Marco
97.6936,'w',released,Marco
97.7236,'d',pressed,Marco
97.7576,'a',released,Marco
97.9138,'s',pressed,Marco
97.9938,'s',released,Marco
98.1516,'w',pressed,Marco
98.3906,'w',released,Marco
98.4645,'a',pressed,Marco
98.5825,'s',pressed,Marco
98.5947,'a',released,Marco
98.6347,'d',released,Marco
98.9426,'d',pressed,Marco
98.9505,'s',released,Marco
99.0707,'a',pressed,Marco
99.0767,'d',released,Marco
99.3457,'s',pressed,Marco
99.4037,'a',released,Marco
99.4605,'d',pressed,Marco
99.4957,'s',released,Marco
99.7419,'d',released,Marco
99.7996,'a',pressed,Marco
100.3637,'s',pressed,Marco
100.5776,'a',released,Marco
100.6147,'d',pressed,Marco
100.9905,'s',released,Marco
101.1845,'s',pressed,Marco
101.2806,'d',released,Marco
101.3847,'a',pressed,Marco
101.4024,Key.space,pressed,Marco
101.5426,Key.space,released,Marco
101.6287,'a',released,Marco
101.9346,'a',pressed,Marco
102.3456,'a',released,Marco
102.3797,Key.space,pressed,Marco
102.5116,Key.space,released,Marco
102.5596,'d',pressed,Marco
103.2606,'s',released,Marco
103.4346,'s',pressed,Marco
103.6166,'s',released,Marco
103.7806,'w',pressed,Marco
103.9066,'w',released,Marco
103.9785,'d',released,Marco
108.2955,Key.tab,pressed,Marco
109.5625,Key.tab,released,Marco
123.9836,'w',pressed,Marco
124.7257,'q',pressed,Marco
124.8088,'q',released,Marco
125.8067,'d',pressed,Marco
126.1407,'d',released,Marco
126.2356,'a',pressed,Marco
126.6236,'a',released,Marco
126.6437,'d',pressed,Marco
126.9938,'d',released,Marco
127.0636,'a',pressed,Marco
127.2717,'a',released,Marco
127.3698,'d',pressed,Marco
127.5285,'d',released,Marco
127.8246,'a',pressed,Marco
128.0045,'a',released,Marco
128.9036,'w',released,Marco
129.3175,Key.tab,pressed,Marco
136.7175,Key.tab,released,Marco
137.2214,Key.tab,pressed,Marco
137.8205,Key.tab,released,Marco
153.7846,'w',pressed,Marco
154.0945,'q',pressed,Marco
154.2005,'q',released,Marco
154.9015,'a',pressed,Marco
155.0175,'a',released,Marco
155.5797,'d',pressed,Marco
156.0326,'d',released,Marco
156.2847,'d',pressed,Marco
156.4266,'d',released,Marco
156.7667,'a',pressed,Marco
157.1038,'a',released,Marco
157.8557,'q',pressed,Marco
157.9457,'q',released,Marco
158.1407,'d',pressed,Marco
158.3447,'d',released,Marco
159.1486,'d',pressed,Marco
159.2711,'d',released,Marco
159.5279,'d',pressed,Marco
160.1896,'d',released,Marco
160.3356,'d',pressed,Marco
161.1748,'d',released,Marco
161.2567,'a',pressed,Marco
162.4357,'a',released,Marco
162.7947,'a',pressed,Marco
162.9506,Key.space,pressed,Marco
163.2086,Key.space,released,Marco
163.2607,'a',released,Marco
163.7626,'a',pressed,Marco
164.0196,'a',released,Marco
164.1356,'d',pressed,Marco
164.3398,'d',released,Marco
164.3856,'a',pressed,Marco
164.6937,'w',released,Marco
164.9718,'s',pressed,Marco
165.0096,'a',released,Marco
165.0315,'d',pressed,Marco
165.0618,'s',released,Marco
165.2297,'w',pressed,Marco
165.3227,'d',released,Marco
165.3470,'a',pressed,Marco
165.5345,'w',released,Marco
165.6667,'s',pressed,Marco
166.1886,'a',released,Marco
166.2526,'d',pressed,Marco
166.7855,'s',released,Marco
167.0877,'w',pressed,Marco
167.2816,'w',released,Marco
167.4238,'s',pressed,Marco
167.6205,'s',released,Marco
167.7967,'w',pressed,Marco
167.8727,'d',released,Marco
168.3307,'d',pressed,Marco
168.5306,'w',released,Marco
168.6669,'s',pressed,Marco
168.7316,'d',released,Marco
168.9316,'d',pressed,Marco
169.0516,'s',released,Marco
169.4359,'s',pressed,Marco
169.5557,'s',released,Marco
169.7136,'w',pressed,Marco
169.9195,'d',released,Marco
170.1886,'a',pressed,Marco
170.9966,'a',released,Marco
171.3016,'d',pressed,Marco
171.9276,'d',released,Marco
172.2716,'d',pressed,Marco
172.9607,'d',released,Marco
173.3366,Key.space,pressed,Marco
173.5637,Key.space,released,Marco
174.0157,'d',pressed,Marco
174.4437,'w',released,Marco
174.6818,'w',pressed,Marco
174.9927,'d',released,Marco
175.1587,'d',pressed,Marco
175.7447,'w',released,Marco
175.9347,'s',pressed,Marco
176.8258,'s',released,Marco
177.3786,'w',pressed,Marco
177.4046,'d',released,Marco
177.4226,'a',pressed,Marco
178.1427,'a',released,Marco
178.3067,'a',pressed,Marco
178.3846,'a',released,Marco
178.6106,Key.space,pressed,Marco
178.8145,Key.space,released,Marco
178.9636,'d',pressed,Marco
179.1236,'d',released,Marco
179.2078,'a',pressed,Marco
179.4817,'w',released,Marco
179.7018,'s',pressed,Marco
179.8017,'s',released,Marco
180.0086,'w',pressed,Marco
180.7246,'a',released,Marco
180.8489,'a',pressed,Marco
180.9367,'a',released,Marco
181.0727,'a',pressed,Marco
181.4537,'a',released,Marco
181.6377,'a',pressed,Marco
181.7256,'a',released,Marco
181.9659,'a',pressed,Marco
182.8666,'a',released,Marco
183.3366,'d',pressed,Marco
183.4426,'d',released,Marco
183.8897,'q',pressed,Marco
184.0015,'q',released,Marco
184.1157,'d',pressed,Marco
184.1976,'w',released,Marco
184.3758,'s',pressed,Marco
184.4836,'d',released,Marco
184.8396,'d',pressed,Marco
185.1666,'d',released,Marco
185.7347,'d',pressed,Marco
185.8967,'s',released,Marco
186.0287,'w',pressed,Marco
186.4336,'d',released,Marco
187.3867,'d',pressed,Marco
187.4987,'d',released,Marco
188.0707,'d',pressed,Marco
188.6556,'d',released,Marco
189.7117,'3',pressed,Marco
189.8076,'3',released,Marco
190.8525,'d',pressed,Marco
191.0166,'d',released,Marco
191.2537,'d',pressed,Marco
191.3297,'d',released,Marco
191.5176,'d',pressed,Marco
191.8436,'d',released,Marco
192.4208,'d',pressed,Marco
192.5866,'d',released,Marco
193.5447,'d',pressed,Marco
193.6319,'d',released,Marco
193.9057,'a',pressed,Marco
193.9697,'a',released,Marco
194.0336,'d',pressed,Marco
194.2756,'d',released,Marco
194.3636,'a',pressed,Marco
194.4037,'a',released,Marco
194.5156,'d',pressed,Marco
194.8616,'d',released,Marco
195.2006,'a',pressed,Marco
195.7826,'a',released,Marco
195.9028,'a',pressed,Marco
196.3076,'a',released,Marco
196.5878,'q',pressed,Marco
196.6976,'q',released,Marco
196.9416,'a',pressed,Marco
197.1536,'a',released,Marco
197.2879,'a',pressed,Marco
197.3016,'a',released,Marco
197.5336,'a',pressed,Marco
197.6967,'a',released,Marco
198.0427,'a',pressed,Marco
198.2246,'a',released,Marco
198.4447,'a',pressed,Marco
198.8286,'a',released,Marco
199.2118,'a',pressed,Marco
199.4097,'a',released,Marco
199.5516,'a',pressed,Marco
200.1958,'a',released,Marco
200.4167,'a',pressed,Marco
200.5166,'a',released,Marco
200.6727,'q',pressed,Marco
200.7886,'q',released,Marco
201.0187,'a',pressed,Marco
201.2587,'a',released,Marco
201.4816,'q',pressed,Marco
201.5836,'q',released,Marco
201.9916,'1',pressed,Marco
202.0935,'1',released,Marco
202.3037,'a',pressed,Marco
202.4156,'a',released,Marco
202.9026,'a',pressed,Marco
203.0646,'a',released,Marco
203.3146,'a',pressed,Marco
203.4686,'a',released,Marco
203.9648,'a',pressed,Marco
204.1085,'a',released,Marco
205.0637,'d',pressed,Marco
205.2117,'q',pressed,Marco
205.2857,'q',released,Marco
205.6666,'q',pressed,Marco
205.7486,'q',released,Marco
205.8966,'w',released,Marco
205.9846,'d',released,Marco
206.0828,'a',pressed,Marco
206.1547,'w',pressed,Marco
206.1946,'a',released,Marco
206.3687,'d',pressed,Marco
206.4667,'w',released,Marco
206.6586,'w',pressed,Marco
206.8716,'w',released,Marco
207.1736,'w',pressed,Marco
208.0717,'w',released,Marco
208.4527,'w',pressed,Marco
208.7327,'d',released,Marco
208.9387,'d',pressed,Marco
208.9827,'w',released,Marco
209.1566,'s',pressed,Marco
209.2227,'d',released,Marco
209.6936,'d',pressed,Marco
209.9017,'d',released,Marco
209.9558,'a',pressed,Marco
210.1837,'s',released,Marco
210.3096,'s',pressed,Marco
210.4477,'s',released,Marco
210.5898,'w',pressed,Marco
210.6198,'a',released,Marco
210.7226,'d',pressed,Marco
211.0446,'w',released,Marco
211.2926,'w',pressed,Marco
211.4868,'d',released,Marco
211.5286,'a',pressed,Marco
211.6926,'w',released,Marco
212.0367,'s',pressed,Marco
212.0607,'s',released,Marco
212.2676,'w',pressed,Marco
212.3156,'a',released,Marco
212.4698,'d',pressed,Marco
212.7057,'w',released,Marco
212.9977,'w',pressed,Marco
213.5945,'d',released,Marco
213.6325,'a',pressed,Marco
213.9546,'w',released,Marco
214.0966,'s',pressed,Marco
214.2247,'s',released,Marco
214.3765,'w',pressed,Marco
214.5266,'a',released,Marco
214.5906,'d',pressed,Marco
214.6787,'d',released,Marco
214.7227,'a',pressed,Marco
214.7316,'w',released,Marco
215.1576,'a',released,Marco
215.1917,'s',pressed,Marco
215.2237,'d',pressed,Marco
215.4476,'s',released,Marco
215.8576,'s',pressed,Marco
215.8596,Key.space,pressed,Marco
215.9755,Key.space,released,Marco
216.1898,'s',released,Marco
216.3647,'w',pressed,Marco
216.7048,'d',released,Marco
216.8128,'a',pressed,Marco
217.1188,'a',released,Marco
217.1786,'d',pressed,Marco
217.4808,'d',released,Marco
217.7115,'a',pressed,Marco
218.8486,Key.space,pressed,Marco
218.9406,'w',released,Marco
218.9844,Key.space,released,Marco
219.2466,'s',pressed,Marco
219.3707,'d',pressed,Marco
219.3747,'a',released,Marco
219.4710,'s',released,Marco
220.0455,'w',pressed,Marco
220.1098,'d',released,Marco
220.4257,'d',pressed,Marco
220.4518,'w',released,Marco
220.7899,'w',pressed,Marco
220.8416,'d',released,Marco
220.9397,'a',pressed,Marco
220.9657,'a',released,Marco
221.1137,'d',pressed,Marco
221.3306,'w',released,Marco
221.4528,'d',released,Marco
222.1346,'w',pressed,Marco
222.3306,'a',pressed,Marco
222.5987,'w',released,Marco
222.7777,'w',pressed,Marco
222.8716,'a',released,Marco
223.2317,'d',pressed,Marco
223.2556,'w',released,Marco
223.6736,'w',pressed,Marco
223.6957,'d',released,Marco
223.7356,'a',pressed,Marco
223.9667,'w',released,Marco
224.1186,'s',pressed,Marco
224.1785,'a',released,Marco
224.2366,'d',pressed,Marco
224.3427,'s',released,Marco
224.5806,'w',pressed,Marco
224.9998,'w',released,Marco
225.2396,'d',released,Marco
226.2096,'w',pressed,Marco
226.2846,'d',pressed,Marco
226.3666,'w',released,Marco
226.4467,'w',pressed,Marco
226.5607,'w',released,Marco
226.8907,'w',pressed,Marco
226.9206,'w',released,Marco
227.1267,'d',released,Marco
227.5166,'s',pressed,Marco
227.6801,'a',pressed,Marco
227.6917,'s',released,Marco
227.8119,'a',released,Marco
228.0479,'a',pressed,Marco
228.1616,'w',pressed,Marco
228.3697,'w',released,Marco
228.4698,'a',released,Marco
228.5378,'d',pressed,Marco
228.5839,'s',pressed,Marco
228.8027,'s',released,Marco
228.9827,'w',pressed,Marco
229.0707,'a',pressed,Marco
229.1206,'d',released,Marco
229.1586,'w',released,Marco
229.3826,'w',pressed,Marco
229.6146,'a',released,Marco
229.9205,'d',pressed,Marco
230.0216,'w',released,Marco
230.6157,'w',pressed,Marco
231.0338,'d',released,Marco
231.2096,'d',pressed,Marco
231.6206,'w',released,Marco
232.0106,'s',pressed,Marco
232.0827,'s',released,Marco
232.2366,'w',pressed,Marco
232.2548,'d',released,Marco
232.3610,'a',pressed,Marco
232.5356,'a',released,Marco
232.7997,'d',pressed,Marco
232.9639,'w',released,Marco
233.1938,'w',pressed,Marco
233.7927,'d',released,Marco
233.9276,'d',pressed,Marco
234.2347,'w',released,Marco
234.3347,'w',pressed,Marco
234.5287,'d',released,Marco
234.5348,'w',released,Marco
234.6546,'a',pressed,Marco
234.7307,'s',pressed,Marco
234.8868,'a',released,Marco
235.1518,'a',pressed,Marco
235.2978,'a',released,Marco
235.5116,'a',pressed,Marco
235.6675,'a',released,Marco
235.6736,'s',released,Marco
235.7676,'d',pressed,Marco
235.7997,'w',pressed,Marco
235.8976,'d',released,Marco
236.0376,'d',pressed,Marco
236.0737,'w',released,Marco
236.1746,'d',released,Marco
236.2317,'s',pressed,Marco
236.2406,'a',pressed,Marco
236.6026,'s',released,Marco
236.7967,'a',released,Marco
236.8085,'d',pressed,Marco
236.9626,'w',pressed,Marco
237.0306,'w',released,Marco
237.1128,'d',released,Marco
237.1709,'a',pressed,Marco
237.4047,'w',pressed,Marco
237.9537,'w',released,Marco
238.1057,'s',pressed,Marco
238.1536,'a',released,Marco
238.7969,'a',pressed,Marco
239.1486,'s',released,Marco
239.8196,'a',released,Marco
239.8447,'d',pressed,Marco
240.0082,'w',pressed,Marco
240.3957,'d',released,Marco
240.5758,'d',pressed,Marco
240.6957,'w',released,Marco
240.8618,'s',pressed,Marco
240.8956,'d',released,Marco
241.7266,'d',pressed,Marco
242.0006,'s',released,Marco
242.1746,'w',pressed,Marco
242.2568,'d',released,Marco
242.4307,'a',pressed,Marco
242.6155,'a',released,Marco
242.7748,'a',pressed,Marco
242.9297,'w',released,Marco
243.2477,'w',pressed,Marco
243.3136,'a',released,Marco
243.5477,'a',pressed,Marco
243.6277,'w',released,Marco
243.6337,'a',released,Marco
243.6867,'w',pressed,Marco
243.6956,'d',pressed,Marco
243.7257,'d',released,Marco
244.0147,'d',pressed,Marco
244.0726,Key.space,pressed,Marco
244.1927,'d',released,Marco
244.2447,Key.space,released,Marco
244.2767,'a',pressed,Marco
244.3687,'a',released,Marco
244.5987,'a',pressed,Marco
244.8527,'w',released,Marco
245.0096,'s',pressed,Marco
245.1508,'s',released,Marco
245.2877,'w',pressed,Marco
246.3421,'a',released,Marco
246.4709,'a',pressed,Marco
246.9107,'w',released,Marco
247.1967,'w',pressed,Marco
247.2550,'a',released,Marco
247.4506,'a',pressed,Marco
247.8576,'a',released,Marco
248.0137,'a',pressed,Marco
248.2637,'a',released,Marco
248.5816,'d',pressed,Marco
248.6287,'d',released,Marco
248.6799,'a',pressed,Marco
248.7166,'a',released,Marco
248.7759,'d',pressed,Marco
249.3067,'w',released,Marco
249.3687,'a',pressed,Marco
249.3806,'d',released,Marco
249.5026,'s',pressed,Marco
249.6127,'s',released,Marco
249.9007,'a',released,Marco
249.9287,'d',pressed,Marco
250.0336,'w',pressed,Marco
250.4859,'w',released,Marco
250.5155,'d',released,Marco
250.6217,'s',pressed,Marco
250.6256,'a',pressed,Marco
250.9735,'s',released,Marco
251.1157,'w',pressed,Marco
251.3786,'a',released,Marco
251.5306,'a',pressed,Marco
251.6486,'a',released,Marco
252.2107,'d',pressed,Marco
252.2747,'w',released,Marco
252.4606,'s',pressed,Marco
252.5347,'d',released,Marco
253.6774,Key.space,pressed,Marco
253.8075,Key.space,released,Marco
253.9307,'d',pressed,Marco
254.4246,'s',released,Marco
254.5667,'w',pressed,Marco
254.9850,'d',released,Marco
255.8358,'3',pressed,Marco
255.8997,'3',released,Marco
256.2198,'d',pressed,Marco
256.3217,'d',released,Marco
256.6210,'d',pressed,Marco
256.7626,'d',released,Marco
256.9968,'d',pressed,Marco
257.0468,'d',released,Marco
258.0836,'d',pressed,Marco
258.3756,'d',released,Marco
258.9695,Key.tab,pressed,Marco
259.4509,'d',pressed,Marco
259.9466,Key.tab,released,Marco
260.2637,'d',released,Marco
260.4406,'d',pressed,Marco
260.5018,'q',pressed,Marco
260.5877,'d',released,Marco
260.6156,'q',released,Marco
261.7387,'2',pressed,Marco
261.8227,'2',released,Marco
262.1587,'d',pressed,Marco
262.2388,'d',released,Marco
262.4089,'d',pressed,Marco
262.7326,'q',pressed,Marco
262.7946,'d',released,Marco
262.8216,'q',released,Marco
263.2557,'a',pressed,Marco
264.1286,'a',released,Marco
264.2926,'q',pressed,Marco
264.3727,'q',released,Marco
264.5428,'a',pressed,Marco
265.1127,'a',released,Marco
265.5156,'a',pressed,Marco
265.8016,'a',released,Marco
266.0957,'q',pressed,Marco
266.1858,'q',released,Marco
266.4027,'a',pressed,Marco
267.2648,'a',released,Marco
267.4326,'q',pressed,Marco
267.5177,'q',released,Marco
267.7316,'a',pressed,Marco
268.2936,'a',released,Marco
268.4557,'a',pressed,Marco
269.0227,'a',released,Marco
269.6486,'a',pressed,Marco
269.8227,'a',released,Marco
269.9877,'a',pressed,Marco
271.1847,'a',released,Marco
271.3908,'a',pressed,Marco
271.6147,'a',released,Marco
272.6077,'q',pressed,Marco
272.7096,'q',released,Marco
273.0896,'a',pressed,Marco
274.1508,'a',released,Marco
274.2266,'d',pressed,Marco
274.9636,'d',released,Marco
274.9997,'a',pressed,Marco
275.0738,'a',released,Marco
275.1778,'d',pressed,Marco
276.2648,'w',released,Marco
276.5869,'w',pressed,Marco
276.7127,'d',released,Marco
276.8448,'a',pressed,Marco
277.1977,'a',released,Marco
277.3258,'a',pressed,Marco
278.0998,'w',released,Marco
278.1457,'a',released,Marco
278.1478,'d',pressed,Marco
278.3659,'w',pressed,Marco
278.4066,'d',released,Marco
278.4256,'a',pressed,Marco
278.6389,'w',released,Marco
278.6408,'a',released,Marco
278.7608,'s',pressed,Marco
278.8107,'s',released,Marco
278.8426,'d',pressed,Marco
278.9246,'d',released,Marco
278.9570,'a',pressed,Marco
278.9627,'w',pressed,Marco
278.9766,'a',released,Marco
279.2587,'q',pressed,Marco
279.3132,'q',released,Marco
279.3346,'w',released,Marco
279.4747,'s',pressed,Marco
279.6158,'a',pressed,Marco
279.6418,'s',released,Marco
279.7877,'w',pressed,Marco
280.0557,'w',released,Marco
280.2421,'s',pressed,Marco
280.2437,'a',released,Marco
280.2699,'d',pressed,Marco
280.4038,'s',released,Marco
280.6517,Key.space,pressed,Marco
280.7237,'s',pressed,Marco
280.7786,Key.space,released,Marco
280.8367,'d',released,Marco
280.9567,'a',pressed,Marco
281.0305,'s',released,Marco
281.1729,'w',pressed,Marco
281.2548,'a',released,Marco
281.3907,'a',pressed,Marco
281.9175,'w',released,Marco
282.1537,'a',released,Marco
290.0398,Key.tab,pressed,Marco
296.5206,Key.tab,released,Marco
303.6267,'w',pressed,Marco
304.7817,'q',pressed,Marco
304.8877,'q',released,Marco
305.1697,'a',pressed,Marco
305.3518,'a',released,Marco
305.4636,'d',pressed,Marco
305.6477,'d',released,Marco
305.8847,'d',pressed,Marco
306.1737,'d',released,Marco
306.3767,'d',pressed,Marco
306.7349,'d',released,Marco
306.8108,'a',pressed,Marco
307.0548,'a',released,Marco
308.0557,'d',pressed,Marco
309.0287,'d',released,Marco
309.3590,'d',pressed,Marco
309.5997,'d',released,Marco
310.3698,'d',pressed,Marco
310.5098,'d',released,Marco
310.7028,'d',pressed,Marco
310.9307,'d',released,Marco
311.1528,'d',pressed,Marco
311.3546,'d',released,Marco
311.6867,'q',pressed,Marco
311.7426,'q',released,Marco
311.8670,'q',pressed,Marco
311.9597,'q',released,Marco
312.1318,'q',pressed,Marco
312.1697,'q',released,Marco
312.2917,'q',pressed,Marco
312.3617,'q',released,Marco
312.5237,'a',pressed,Marco
312.7036,'a',released,Marco
313.0729,'a',pressed,Marco
313.2047,'a',released,Marco
313.5387,'a',pressed,Marco
314.3828,'a',released,Marco
314.4056,'w',released,Marco
314.4417,'d',pressed,Marco
314.6739,'d',released,Marco
314.6938,'a',pressed,Marco
314.7439,'w',pressed,Marco
314.9458,'a',released,Marco
314.9939,'w',released,Marco
315.1398,'s',pressed,Marco
315.4158,'d',pressed,Marco
315.4857,'s',released,Marco
315.7548,'q',pressed,Marco
315.8006,'q',released,Marco
315.8826,'w',pressed,Marco
316.0007,'a',pressed,Marco
316.0668,'d',released,Marco
316.0848,'w',released,Marco
316.3447,'a',released,Marco
316.3958,'d',pressed,Marco
316.4546,'d',released,Marco
316.4607,'s',pressed,Marco
316.4768,'a',pressed,Marco
316.4928,'s',released,Marco
316.7708,'w',pressed,Marco
316.8297,'a',released,Marco
317.4777,'d',pressed,Marco
317.8316,'d',released,Marco
317.9196,'a',pressed,Marco
318.1067,'a',released,Marco
318.8388,'q',pressed,Marco
318.9367,'q',released,Marco
319.1227,'r',pressed,Marco
319.1788,'r',released,Marco
319.2827,'r',pressed,Marco
319.3387,'r',released,Marco
319.3548,'a',pressed,Marco
319.4407,'r',pressed,Marco
319.5039,'r',released,Marco
319.8237,'a',released,Marco
320.0977,'d',pressed,Marco
320.7887,'d',released,Marco
321.1607,'d',pressed,Marco
321.3426,'w',released,Marco
321.7568,'s',pressed,Marco
322.0557,'s',released,Marco
322.2117,'w',pressed,Marco
322.5457,'w',released,Marco
322.7138,'w',pressed,Marco
322.8038,'q',pressed,Marco
322.8979,'q',released,Marco
323.0438,'d',released,Marco
323.1788,'d',pressed,Marco
323.2097,'d',released,Marco
323.3068,'a',pressed,Marco
323.5008,'a',released,Marco
323.5831,'d',pressed,Marco
323.6229,'w',released,Marco
323.7807,'s',pressed,Marco
323.8508,'s',released,Marco
323.9548,'d',released,Marco
323.9708,'a',pressed,Marco
323.9867,'w',pressed,Marco
324.3208,'w',released,Marco
324.5976,'a',released,Marco
324.6497,'d',pressed,Marco
325.0517,'a',pressed,Marco
325.0739,'d',released,Marco
325.2818,'w',pressed,Marco
325.4357,'w',released,Marco
325.6207,'a',released,Marco
325.6478,'d',pressed,Marco
325.6818,'s',pressed,Marco
325.7798,'s',released,Marco
326.1767,'w',pressed,Marco
326.2147,'d',released,Marco
326.2348,'a',pressed,Marco
326.4126,'w',released,Marco
326.5968,'s',pressed,Marco
326.7669,'a',released,Marco
326.7674,'d',pressed,Marco
326.8147,'s',released,Marco
327.0356,'a',pressed,Marco
327.0488,'d',released,Marco
327.2036,'w',pressed,Marco
327.7119,'a',released,Marco
327.8777,'a',pressed,Marco
328.1017,'a',released,Marco
328.5086,Key.space,pressed,Marco
328.6686,Key.space,released,Marco
328.8846,'a',pressed,Marco
329.1927,'a',released,Marco
329.3291,'a',pressed,Marco
330.2557,'w',released,Marco
330.3199,'a',released,Marco
330.3458,'d',pressed,Marco
330.3958,'s',pressed,Marco
330.4179,'s',released,Marco
331.0188,'d',released,Marco
331.0248,'a',pressed,Marco
331.2027,'w',pressed,Marco
331.3428,'w',released,Marco
331.3907,'d',pressed,Marco
331.4307,'a',released,Marco
331.5426,'w',pressed,Marco
331.5787,'a',pressed,Marco
331.5827,'d',released,Marco
331.9328,'w',released,Marco
332.1856,'s',pressed,Marco
332.3678,'s',released,Marco
332.3696,'a',released,Marco
332.4038,'d',pressed,Marco
332.8018,'w',pressed,Marco
333.4037,'d',released,Marco
333.4207,'a',pressed,Marco
333.5207,'w',released,Marco
333.6167,'w',pressed,Marco
333.7686,'w',released,Marco
333.8748,'w',pressed,Marco
334.2209,'a',released,Marco
334.3650,'a',pressed,Marco
334.9398,'w',released,Marco
335.2558,'w',pressed,Marco
335.3517,'a',released,Marco
335.7368,'d',pressed,Marco
335.8977,'d',released,Marco
336.0628,'d',pressed,Marco
336.4606,'w',released,Marco
336.4707,'d',released,Marco
336.5266,'a',pressed,Marco
336.8588,'w',pressed,Marco
336.9477,'a',released,Marco
337.0538,'a',pressed,Marco
337.1320,'a',released,Marco
337.1938,'d',pressed,Marco
337.2558,'w',released,Marco
337.3387,'d',released,Marco
337.3736,'a',pressed,Marco
337.5180,'s',pressed,Marco
337.6357,'a',released,Marco
337.7219,'d',pressed,Marco
337.7717,'s',released,Marco
337.9379,'w',pressed,Marco
338.0218,'d',released,Marco
338.2517,'d',pressed,Marco
338.2819,'d',released,Marco
338.4648,'d',pressed,Marco
338.6866,Key.space,pressed,Marco
338.7388,'w',released,Marco
338.8327,Key.space,released,Marco
339.0467,'s',pressed,Marco
339.1347,'d',released,Marco
339.1367,'a',pressed,Marco
339.3407,'s',released,Marco
339.6768,'w',pressed,Marco
339.9702,'w',released,Marco
339.9737,'a',released,Marco
339.9779,'d',pressed,Marco
340.5357,'w',pressed,Marco
340.6378,'a',pressed,Marco
340.6777,'d',released,Marco
340.9298,'w',released,Marco
341.1387,'s',pressed,Marco
341.2247,'d',pressed,Marco
341.2587,'a',released,Marco
341.2959,'s',released,Marco
341.4287,'w',pressed,Marco
341.8106,'a',pressed,Marco
341.8949,'d',released,Marco
341.9487,'a',released,Marco
342.0927,'d',pressed,Marco
342.2828,'d',released,Marco
342.4067,'q',pressed,Marco
342.4577,'q',released,Marco
342.6397,'a',pressed,Marco
342.8137,'w',released,Marco
343.0738,'w',pressed,Marco
343.2219,'a',released,Marco
343.3496,'w',released,Marco
343.3797,'a',pressed,Marco
343.4878,'s',pressed,Marco
343.4918,'a',released,Marco
343.5682,'d',pressed,Marco
343.6877,'s',released,Marco
343.8178,'w',pressed,Marco
344.1468,'d',released,Marco
344.3128,'a',pressed,Marco
344.3946,'a',released,Marco
344.5469,'a',pressed,Marco
344.8907,'a',released,Marco
344.9987,'a',pressed,Marco
345.0847,'a',released,Marco
345.4058,'d',pressed,Marco
345.6019,'d',released,Marco
345.6637,'a',pressed,Marco
345.6717,'a',released,Marco
346.0897,'a',pressed,Marco
346.6388,'w',released,Marco
346.7748,'w',pressed,Marco
346.7968,'a',released,Marco
346.9387,'q',pressed,Marco
347.0088,'q',released,Marco
347.1547,'a',pressed,Marco
347.2429,'w',released,Marco
347.3907,'r',pressed,Marco
347.4548,'r',released,Marco
347.5807,'r',pressed,Marco
347.6309,'r',released,Marco
347.9018,'w',pressed,Marco
348.0720,'w',released,Marco
348.2260,'s',pressed,Marco
348.4036,'s',released,Marco
348.5457,'w',pressed,Marco
348.7516,'a',released,Marco
348.9459,'d',pressed,Marco
349.1567,'d',released,Marco
349.3228,'a',pressed,Marco
349.4547,'a',released,Marco
349.6807,'a',pressed,Marco
349.8389,'a',released,Marco
349.9127,'d',pressed,Marco
350.5518,'d',released,Marco
350.9115,Key.space,pressed,Marco
350.9716,Key.ctrl_l,pressed,Marco
351.1175,Key.space,released,Marco
351.2556,Key.ctrl_l,released,Marco
352.1645,Key.space,pressed,Marco
352.2526,Key.ctrl_l,pressed,Marco
352.3207,Key.space,released,Marco
352.3705,Key.ctrl_l,released,Marco
352.4910,'q',pressed,Marco
352.6008,'w',released,Marco
352.6027,'q',released,Marco
352.6031,'d',pressed,Marco
352.8188,'s',pressed,Marco
353.0518,'s',released,Marco
353.1798,'w',pressed,Marco
353.4420,'q',pressed,Marco
353.4498,'d',released,Marco
353.5358,'q',released,Marco
353.6537,'d',pressed,Marco
354.0725,Key.space,pressed,Marco
354.1158,'d',released,Marco
354.2046,Key.space,released,Marco
354.2986,Key.ctrl_l,pressed,Marco
354.6945,Key.ctrl_l,released,Marco
355.1268,'d',pressed,Marco
355.5567,'d',released,Marco
355.9617,Key.space,pressed,Marco
356.1076,Key.ctrl_l,pressed,Marco
356.1336,Key.space,released,Marco
356.5037,'\x04',pressed,Marco
356.6478,Key.ctrl_l,released,Marco
356.7577,'d',released,Marco
