1.7889,'d',pressed,JONSPY
1.8208,'d',released,JONSPY
3.7045,Key.alt_l,pressed,JONSPY
5.6045,Key.tab,pressed,JONSPY
5.7874,Key.tab,released,JONSPY
5.8275,Key.alt_l,released,JONSPY
10.9241,Mouse.left,pressed,JONSPY
11.0101,Mouse.left,released,JONSPY
13.1287,Mouse.left,pressed,JONSPY
13.2128,Mouse.left,released,JONSPY
13.8926,Key.tab,pressed,JONSPY
14.0078,Key.tab,released,JONSPY
18.4125,Key.tab,pressed,JONSPY
18.5407,Key.tab,released,JONSPY
19.0666,Mouse.left,pressed,JONSPY
19.1516,Mouse.left,released,JONSPY
20.3646,Key.esc,pressed,JONSPY
20.5047,Key.esc,released,JONSPY
21.3050,'w',pressed,JONSPY
22.5088,'a',pressed,JONSPY
22.6737,'a',released,JONSPY
23.0067,Mouse.right,pressed,JONSPY
23.0169,'d',pressed,JONSPY
23.1357,Mouse.right,released,JONSPY
23.1368,'d',released,JONSPY
23.2900,Mouse.right,pressed,JONSPY
23.3786,Mouse.right,released,JONSPY
23.4372,'a',pressed,JONSPY
24.0368,'a',released,JONSPY
24.2935,'d',pressed,JONSPY
24.7729,'d',released,JONSPY
24.8969,'d',pressed,JONSPY
25.4386,Mouse.right,pressed,JONSPY
25.5168,'d',released,JONSPY
25.5616,Mouse.right,released,JONSPY
26.1134,'w',released,JONSPY
26.6737,'w',pressed,JONSPY
26.9449,'d',pressed,JONSPY
27.0772,'d',released,JONSPY
27.7609,'w',released,JONSPY
28.0972,'s',pressed,JONSPY
28.4370,'d',pressed,JONSPY
28.5847,'d',released,JONSPY
28.6129,'s',released,JONSPY
29.4091,'3',pressed,JONSPY
29.5008,'3',released,JONSPY
30.1929,'2',pressed,JONSPY
30.3368,'2',released,JONSPY
30.7195,Mouse.left,pressed,JONSPY
30.7796,Mouse.left,released,JONSPY
31.3176,Mouse.left,pressed,JONSPY
31.4306,Mouse.left,released,JONSPY
32.0490,'3',pressed,JONSPY
32.0570,'4',pressed,JONSPY
32.0928,'4',released,JONSPY
32.1168,'3',released,JONSPY
32.8696,Mouse.left,pressed,JONSPY
32.9457,Mouse.left,released,JONSPY
33.6969,'3',pressed,JONSPY
33.8248,'3',released,JONSPY
33.8756,Mouse.left,pressed,JONSPY
33.9746,Mouse.left,released,JONSPY
35.0209,'3',pressed,JONSPY
35.1528,'3',released,JONSPY
35.7167,Mouse.right,pressed,JONSPY
35.8486,Mouse.right,released,JONSPY
36.4676,Mouse.right,pressed,JONSPY
36.5908,Mouse.right,released,JONSPY
37.2289,'3',pressed,JONSPY
37.3608,'3',released,JONSPY
38.7166,Key.esc,pressed,JONSPY
38.8365,Key.esc,released,JONSPY
39.8525,Key.esc,pressed,JONSPY
39.8685,Key.esc,released,JONSPY
39.9445,Key.esc,pressed,JONSPY
40.0485,Key.esc,released,JONSPY
40.5765,Key.esc,pressed,JONSPY
40.6925,Key.esc,released,JONSPY
41.7008,'m',pressed,JONSPY
41.7608,'m',released,JONSPY
45.5065,Mouse.left,pressed,JONSPY
45.5736,Mouse.left,released,JONSPY
46.0366,Mouse.left,pressed,JONSPY
46.0886,Mouse.left,released,JONSPY
48.2876,Mouse.left,pressed,JONSPY
48.3646,Mouse.left,released,JONSPY
53.0046,Key.esc,pressed,JONSPY
53.0765,Key.esc,released,JONSPY
53.7776,'w',pressed,JONSPY
54.1488,'a',pressed,JONSPY
54.2669,Mouse.right,pressed,JONSPY
54.3898,Mouse.right,released,JONSPY
54.3940,'a',released,JONSPY
55.1566,'w',released,JONSPY
55.1967,'a',pressed,JONSPY
56.2611,'a',released,JONSPY
56.8248,Key.ctrl_l,pressed,JONSPY
59.4485,Key.ctrl_l,released,JONSPY
59.9294,'3',pressed,JONSPY
60.0167,'3',released,JONSPY
60.8927,'3',pressed,JONSPY
60.9968,'3',released,JONSPY
66.8249,'3',pressed,JONSPY
66.9328,'3',released,JONSPY
68.1487,Mouse.right,pressed,JONSPY
68.1649,'w',pressed,JONSPY
68.2676,Mouse.right,released,JONSPY
68.3369,'a',pressed,JONSPY
68.4649,'a',released,JONSPY
68.9454,'a',pressed,JONSPY
69.0648,'a',released,JONSPY
69.2750,'w',released,JONSPY
69.6127,Key.ctrl_l,pressed,JONSPY
71.4209,'\x04',pressed,JONSPY
71.5135,'\x04',released,JONSPY
71.8647,Key.ctrl_l,released,JONSPY
72.3097,Mouse.right,pressed,JONSPY
72.4255,Mouse.right,released,JONSPY
73.5530,'d',pressed,JONSPY
73.7977,'d',released,JONSPY
74.0174,'a',pressed,JONSPY
74.1848,'w',pressed,JONSPY
74.2128,'a',released,JONSPY
75.0409,'a',pressed,JONSPY
75.1608,'w',released,JONSPY
75.4808,'a',released,JONSPY
76.2368,'w',pressed,JONSPY
76.7740,'3',pressed,JONSPY
76.8808,'3',released,JONSPY
76.9167,Mouse.left,pressed,JONSPY
76.9745,Mouse.left,released,JONSPY
77.1770,'w',released,JONSPY
77.7088,'w',pressed,JONSPY
78.0808,'w',released,JONSPY
99.9316,Mouse.left,pressed,JONSPY
99.9876,Mouse.left,released,JONSPY
100.4726,Mouse.left,pressed,JONSPY
100.5356,Mouse.left,released,JONSPY
100.6805,Mouse.left,pressed,JONSPY
100.7026,Mouse.left,released,JONSPY
100.7245,Mouse.left,pressed,JONSPY
100.7757,Mouse.left,released,JONSPY
101.4490,'w',pressed,JONSPY
102.5849,'3',pressed,JONSPY
102.7328,'3',released,JONSPY
102.9848,'d',pressed,JONSPY
103.2287,'d',released,JONSPY
103.6967,'w',released,JONSPY
103.9767,'3',pressed,JONSPY
104.0969,'3',released,JONSPY
105.2048,'w',pressed,JONSPY
105.3889,'w',released,JONSPY
105.4208,'d',pressed,JONSPY
105.6769,'d',released,JONSPY
105.7525,'a',pressed,JONSPY
105.9208,'a',released,JONSPY
106.1648,'w',pressed,JONSPY
106.3608,'d',pressed,JONSPY
106.5448,'d',released,JONSPY
106.6207,'w',released,JONSPY
107.2289,'w',pressed,JONSPY
107.4768,'a',pressed,JONSPY
107.5688,'a',released,JONSPY
107.7694,'d',pressed,JONSPY
107.9289,'w',released,JONSPY
108.1209,'d',released,JONSPY
108.8451,'3',pressed,JONSPY
108.9489,'3',released,JONSPY
109.3289,'3',pressed,JONSPY
109.4008,'3',released,JONSPY
111.2529,'3',pressed,JONSPY
111.3406,'3',released,JONSPY
117.3889,'3',pressed,JONSPY
117.4208,'3',released,JONSPY
117.9289,'w',pressed,JONSPY
118.7449,'d',pressed,JONSPY
118.9489,'d',released,JONSPY
119.1968,'a',pressed,JONSPY
119.2969,'a',released,JONSPY
119.9494,'a',pressed,JONSPY
120.0376,'w',released,JONSPY
120.4300,'w',pressed,JONSPY
120.5569,'a',released,JONSPY
120.7769,'a',pressed,JONSPY
120.8156,Mouse.right,pressed,JONSPY
120.8889,'a',released,JONSPY
120.9357,Mouse.right,released,JONSPY
120.9768,'a',pressed,JONSPY
121.2049,'a',released,JONSPY
121.3970,'d',pressed,JONSPY
122.3529,'w',released,JONSPY
122.3731,'d',released,JONSPY
122.8808,Key.ctrl_l,pressed,JONSPY
123.4213,'\x04',pressed,JONSPY
123.6211,'\x04',released,JONSPY
124.1770,'\x04',pressed,JONSPY
124.3294,'\x04',released,JONSPY
124.7087,'\x17',pressed,JONSPY
124.9325,'\x17',released,JONSPY
125.1649,'\x17',pressed,JONSPY
125.5453,'\x01',pressed,JONSPY
125.6931,'\x01',released,JONSPY
125.7489,'\x17',released,JONSPY
127.0688,'\x01',pressed,JONSPY
127.2328,'\x01',released,JONSPY
127.8529,'\x01',pressed,JONSPY
127.9169,'\x17',pressed,JONSPY
128.0049,'\x01',released,JONSPY
128.0169,'\x17',released,JONSPY
128.4861,'\x01',pressed,JONSPY
128.7450,'\x01',released,JONSPY
131.8968,'\x17',pressed,JONSPY
132.0128,'\x01',pressed,JONSPY
132.2208,'\x01',released,JONSPY
132.6408,'\x01',pressed,JONSPY
132.8609,'\x01',released,JONSPY
133.2769,'\x04',pressed,JONSPY
133.4608,'\x04',released,JONSPY
134.0208,'\x17',released,JONSPY
134.1245,Key.ctrl_l,released,JONSPY
134.3968,'w',pressed,JONSPY
136.1769,'w',released,JONSPY
136.3205,Key.ctrl_l,pressed,JONSPY
136.6405,Key.ctrl_l,released,JONSPY
136.7929,'w',pressed,JONSPY
137.8613,'d',pressed,JONSPY
138.5089,'d',released,JONSPY
138.7408,'d',pressed,JONSPY
138.9489,'d',released,JONSPY
139.0048,'w',released,JONSPY
139.2326,Key.ctrl_l,pressed,JONSPY
140.6125,Key.ctrl_l,released,JONSPY
143.2566,Key.ctrl_l,pressed,JONSPY
143.5968,Key.ctrl_l,released,JONSPY
143.7726,Key.ctrl_l,pressed,JONSPY
143.9691,Key.ctrl_l,released,JONSPY
149.7016,Mouse.right,pressed,JONSPY
149.8116,Mouse.right,released,JONSPY
150.2850,'a',pressed,JONSPY
150.4138,'a',released,JONSPY
150.7170,'w',pressed,JONSPY
150.9488,'a',pressed,JONSPY
151.1216,'a',released,JONSPY
151.1848,'d',pressed,JONSPY
151.3848,'d',released,JONSPY
151.6453,'d',pressed,JONSPY
151.7167,'d',released,JONSPY
152.1450,'a',pressed,JONSPY
152.2369,'a',released,JONSPY
152.3127,'a',pressed,JONSPY
152.4967,'a',released,JONSPY
153.1279,Mouse.left,pressed,JONSPY
153.1731,'d',pressed,JONSPY
153.2208,Mouse.left,released,JONSPY
153.2859,Mouse.left,pressed,JONSPY
153.3533,'w',released,JONSPY
153.3577,Mouse.left,released,JONSPY
153.4278,Mouse.left,pressed,JONSPY
153.5085,Mouse.left,released,JONSPY
153.5651,'w',pressed,JONSPY
153.5878,Mouse.left,pressed,JONSPY
153.6499,Mouse.left,released,JONSPY
153.7652,'d',released,JONSPY
153.8290,'a',pressed,JONSPY
153.8575,Mouse.left,pressed,JONSPY
153.9009,'d',pressed,JONSPY
153.9169,'a',released,JONSPY
153.9421,Mouse.left,released,JONSPY
154.0017,Mouse.left,pressed,JONSPY
154.0945,Mouse.left,released,JONSPY
154.1214,'d',released,JONSPY
154.1538,Mouse.left,pressed,JONSPY
154.2446,Mouse.left,released,JONSPY
154.3017,Mouse.left,pressed,JONSPY
154.3978,Mouse.left,released,JONSPY
154.4929,Mouse.left,pressed,JONSPY
154.5337,'d',pressed,JONSPY
154.5615,Mouse.left,released,JONSPY
154.5653,'d',released,JONSPY
154.6319,Mouse.left,pressed,JONSPY
154.7142,'d',pressed,JONSPY
154.7287,Mouse.left,released,JONSPY
154.7788,Mouse.left,pressed,JONSPY
154.8860,Mouse.left,released,JONSPY
154.9629,Mouse.left,pressed,JONSPY
155.0388,Mouse.left,released,JONSPY
155.1339,Mouse.left,pressed,JONSPY
155.2396,Mouse.left,released,JONSPY
155.2772,'w',released,JONSPY
155.3766,Mouse.right,pressed,JONSPY
155.3968,'w',pressed,JONSPY
155.4808,'w',released,JONSPY
155.5267,Mouse.right,released,JONSPY
155.5857,Mouse.right,pressed,JONSPY
155.6746,Mouse.right,released,JONSPY
155.7930,'s',pressed,JONSPY
156.0489,'s',released,JONSPY
156.6015,'d',released,JONSPY
181.4810,'w',pressed,JONSPY
181.9127,'q',pressed,JONSPY
182.0448,'q',released,JONSPY
182.3769,'q',pressed,JONSPY
182.4728,'q',released,JONSPY
183.2168,'q',pressed,JONSPY
183.3569,'q',released,JONSPY
183.8327,'q',pressed,JONSPY
183.9408,'q',released,JONSPY
184.2729,'q',pressed,JONSPY
184.3812,'q',released,JONSPY
184.8970,'a',pressed,JONSPY
185.0608,'w',released,JONSPY
185.5086,'a',released,JONSPY
185.7090,'w',pressed,JONSPY
186.2048,'w',released,JONSPY
187.0688,'3',pressed,JONSPY
187.1889,'3',released,JONSPY
187.4208,'w',pressed,JONSPY
187.7368,'a',pressed,JONSPY
187.9179,'a',released,JONSPY
187.9605,Mouse.right,pressed,JONSPY
188.0936,Mouse.right,released,JONSPY
188.1373,'d',pressed,JONSPY
188.3247,'d',released,JONSPY
188.4049,'a',pressed,JONSPY
189.1568,'a',released,JONSPY
189.1848,'d',pressed,JONSPY
189.2888,'d',released,JONSPY
189.5967,'d',pressed,JONSPY
189.8448,'w',released,JONSPY
189.8610,'d',released,JONSPY
190.1685,Key.ctrl_l,pressed,JONSPY
190.6010,'\x01',pressed,JONSPY
190.9769,'\x01',released,JONSPY
193.0806,Key.ctrl_l,released,JONSPY
212.0488,'w',pressed,JONSPY
212.6488,'3',pressed,JONSPY
212.7768,'3',released,JONSPY
213.4448,'w',released,JONSPY
214.9408,'3',pressed,JONSPY
215.0448,'3',released,JONSPY
215.3600,Mouse.left,pressed,JONSPY
215.4506,Mouse.left,released,JONSPY
216.1411,'3',pressed,JONSPY
216.2770,'3',released,JONSPY
216.3577,Mouse.right,pressed,JONSPY
216.5057,Mouse.right,released,JONSPY
217.0216,Mouse.right,pressed,JONSPY
217.1396,Mouse.right,released,JONSPY
218.1527,'3',pressed,JONSPY
218.2848,'3',released,JONSPY
219.0048,'3',pressed,JONSPY
219.1209,'3',released,JONSPY
223.8327,'3',pressed,JONSPY
223.9408,'3',released,JONSPY
224.3007,Mouse.left,pressed,JONSPY
224.3686,Mouse.left,released,JONSPY
225.4330,'3',pressed,JONSPY
225.5329,'3',released,JONSPY
225.8987,Mouse.left,pressed,JONSPY
225.9679,Mouse.left,released,JONSPY
227.5090,'3',pressed,JONSPY
227.6169,'3',released,JONSPY
227.9356,Mouse.left,pressed,JONSPY
228.0186,Mouse.left,released,JONSPY
229.4370,'3',pressed,JONSPY
229.5410,'3',released,JONSPY
229.8086,Mouse.left,pressed,JONSPY
229.8767,Mouse.left,released,JONSPY
238.5491,'4',pressed,JONSPY
238.5969,'4',released,JONSPY
239.0569,'2',pressed,JONSPY
239.1609,'2',released,JONSPY
240.4488,'1',pressed,JONSPY
240.5611,'1',released,JONSPY
241.6369,'3',pressed,JONSPY
241.7526,'3',released,JONSPY
243.6089,'3',pressed,JONSPY
243.6851,'3',released,JONSPY
243.9329,'3',pressed,JONSPY
244.0010,'3',released,JONSPY
244.2489,'3',pressed,JONSPY
244.3409,'3',released,JONSPY
244.5969,'1',pressed,JONSPY
244.7091,'1',released,JONSPY
245.4009,'2',pressed,JONSPY
245.5089,'2',released,JONSPY
245.8169,'3',pressed,JONSPY
245.9328,'3',released,JONSPY
246.1011,'4',pressed,JONSPY
246.2249,'4',released,JONSPY
247.2568,'4',pressed,JONSPY
247.2650,'4',released,JONSPY
247.7848,'4',pressed,JONSPY
247.8809,'4',released,JONSPY
249.2410,'3',pressed,JONSPY
249.3409,'3',released,JONSPY
249.9128,'w',pressed,JONSPY
250.6410,'a',pressed,JONSPY
250.7809,'a',released,JONSPY
251.1089,'a',pressed,JONSPY
251.5530,'a',released,JONSPY
252.9895,'d',pressed,JONSPY
253.1370,'d',released,JONSPY
253.3864,'a',pressed,JONSPY
253.4930,'a',released,JONSPY
253.5936,'d',pressed,JONSPY
253.7771,'d',released,JONSPY
253.8772,'a',pressed,JONSPY
254.1867,Mouse.right,pressed,JONSPY
254.2530,'a',released,JONSPY
254.3128,Mouse.right,released,JONSPY
254.3889,'a',pressed,JONSPY
254.9215,'w',released,JONSPY
254.9978,'w',pressed,JONSPY
255.0530,'a',released,JONSPY
255.1691,'d',pressed,JONSPY
255.6449,'d',released,JONSPY
255.7809,'d',pressed,JONSPY
256.2769,'w',released,JONSPY
256.3088,'d',released,JONSPY
256.4606,Key.ctrl_l,pressed,JONSPY
256.8332,Key.ctrl_l,released,JONSPY
257.5046,Key.ctrl_l,pressed,JONSPY
259.3413,'\x04',pressed,JONSPY
259.7450,'\x04',released,JONSPY
260.9970,'\x01',pressed,JONSPY
261.0531,'\x01',released,JONSPY
261.4050,'\x01',pressed,JONSPY
262.0527,Key.ctrl_l,released,JONSPY
262.1008,'a',released,JONSPY
262.1334,'a',pressed,JONSPY
262.2808,'w',pressed,JONSPY
262.5970,'a',released,JONSPY
262.9891,'d',pressed,JONSPY
263.0888,'d',released,JONSPY
266.6688,'w',released,JONSPY
267.3086,Key.ctrl_l,pressed,JONSPY
272.4666,Mouse.right,pressed,JONSPY
272.5546,Mouse.right,released,JONSPY
273.5538,Key.ctrl_l,released,JONSPY
273.8568,'w',pressed,JONSPY
277.9928,'a',pressed,JONSPY
278.5168,'a',released,JONSPY
278.7329,'a',pressed,JONSPY
278.8733,'a',released,JONSPY
279.1089,'a',pressed,JONSPY
279.5253,'a',released,JONSPY
280.2569,'d',pressed,JONSPY
280.4569,'d',released,JONSPY
280.9208,'a',pressed,JONSPY
281.0609,'a',released,JONSPY
281.4008,'a',pressed,JONSPY
281.6348,Mouse.left,pressed,JONSPY
281.6611,'a',released,JONSPY
281.7359,Mouse.left,released,JONSPY
282.1572,'d',pressed,JONSPY
282.1731,Mouse.left,pressed,JONSPY
282.2798,Mouse.left,released,JONSPY
282.3128,Mouse.left,pressed,JONSPY
282.4056,Mouse.left,released,JONSPY
282.4168,'d',released,JONSPY
282.4769,Mouse.left,pressed,JONSPY
282.5600,Mouse.left,released,JONSPY
282.5729,'d',pressed,JONSPY
282.6168,Mouse.left,pressed,JONSPY
282.7109,Mouse.left,released,JONSPY
282.7169,'w',released,JONSPY
282.7808,Mouse.left,pressed,JONSPY
282.8438,Mouse.left,released,JONSPY
282.9108,Mouse.left,pressed,JONSPY
283.0156,Mouse.left,released,JONSPY
283.0874,Mouse.left,pressed,JONSPY
283.0975,'w',pressed,JONSPY
283.1536,'d',released,JONSPY
283.1761,Mouse.left,released,JONSPY
283.2051,'a',pressed,JONSPY
283.2349,Mouse.left,pressed,JONSPY
283.2688,'a',released,JONSPY
283.2889,'d',pressed,JONSPY
283.3498,Mouse.left,released,JONSPY
283.3778,Mouse.left,pressed,JONSPY
283.4939,Mouse.left,released,JONSPY
283.5535,Mouse.left,pressed,JONSPY
283.6566,Mouse.left,released,JONSPY
283.7186,Mouse.left,pressed,JONSPY
283.7768,'d',released,JONSPY
283.8048,'w',released,JONSPY
283.8166,Mouse.left,released,JONSPY
294.3329,'d',pressed,JONSPY
294.4089,'d',released,JONSPY
302.1528,'w',pressed,JONSPY
302.1568,'w',released,JONSPY
302.2971,'w',pressed,JONSPY
302.3809,'d',pressed,JONSPY
302.4651,'d',released,JONSPY
303.2089,'a',pressed,JONSPY
303.3168,'a',released,JONSPY
304.0848,'a',pressed,JONSPY
304.3856,'a',released,JONSPY
304.9858,'a',pressed,JONSPY
305.1368,'a',released,JONSPY
306.5905,'w',released,JONSPY
306.7130,'a',pressed,JONSPY
306.8128,'a',released,JONSPY
306.8807,'w',pressed,JONSPY
307.6850,'4',pressed,JONSPY
307.7852,'4',released,JONSPY
308.1137,Mouse.left,pressed,JONSPY
308.1448,'w',released,JONSPY
308.2096,Mouse.left,released,JONSPY
308.4130,'2',pressed,JONSPY
308.4928,'2',released,JONSPY
309.5048,'4',pressed,JONSPY
309.6328,'4',released,JONSPY
311.3850,'3',pressed,JONSPY
311.4808,'3',released,JONSPY
311.9970,'w',pressed,JONSPY
312.2086,'w',released,JONSPY
312.4208,'a',pressed,JONSPY
312.7010,'a',released,JONSPY
317.1487,'w',pressed,JONSPY
317.1736,Mouse.right,pressed,JONSPY
317.2836,Mouse.right,released,JONSPY
317.4012,'d',pressed,JONSPY
317.6250,'d',released,JONSPY
317.7014,'a',pressed,JONSPY
318.1089,'w',released,JONSPY
318.4852,'s',pressed,JONSPY
318.5649,'a',released,JONSPY
318.8578,'d',pressed,JONSPY
319.1772,'s',released,JONSPY
319.2574,'d',released,JONSPY
319.5686,Key.ctrl_l,pressed,JONSPY
321.5729,'\x17',pressed,JONSPY
321.5848,'\x01',released,JONSPY
321.7290,'\x17',released,JONSPY
321.8569,'\x17',pressed,JONSPY
322.3528,'\x17',released,JONSPY
324.1885,Key.ctrl_l,released,JONSPY
324.5734,'d',pressed,JONSPY
324.8530,'w',pressed,JONSPY
325.0410,'d',released,JONSPY
325.0688,'w',released,JONSPY
325.2128,'a',pressed,JONSPY
325.4011,'a',released,JONSPY
325.4088,'s',pressed,JONSPY
326.1496,'d',pressed,JONSPY
326.2047,'d',released,JONSPY
326.2408,'s',released,JONSPY
326.5529,'s',pressed,JONSPY
326.8887,'s',released,JONSPY
328.5128,'a',pressed,JONSPY
328.6328,'a',released,JONSPY
332.3889,'a',pressed,JONSPY
332.5168,'a',released,JONSPY
334.9370,'w',pressed,JONSPY
335.0968,'w',released,JONSPY
335.5209,'d',pressed,JONSPY
335.6208,'d',released,JONSPY
335.9088,'w',pressed,JONSPY
335.9887,'w',released,JONSPY
336.8570,'s',pressed,JONSPY
337.1130,'s',released,JONSPY
338.7527,'d',pressed,JONSPY
339.2448,'d',released,JONSPY
339.4688,'d',pressed,JONSPY
339.6207,'d',released,JONSPY
342.7774,'a',pressed,JONSPY
342.9771,'a',released,JONSPY
344.5928,'w',pressed,JONSPY
344.7010,'w',released,JONSPY
345.3529,'a',pressed,JONSPY
345.5408,'a',released,JONSPY
346.1370,'d',pressed,JONSPY
346.2407,'d',released,JONSPY
346.4608,'w',pressed,JONSPY
347.2168,'w',released,JONSPY
347.4491,'a',pressed,JONSPY
347.6168,'a',released,JONSPY
349.8610,'d',pressed,JONSPY
349.8996,'w',pressed,JONSPY
350.0489,'w',released,JONSPY
350.3329,'w',pressed,JONSPY
350.3967,'d',released,JONSPY
350.7968,'a',pressed,JONSPY
350.8889,'a',released,JONSPY
350.9206,Mouse.right,pressed,JONSPY
351.0366,Mouse.right,released,JONSPY
351.1692,'a',pressed,JONSPY
351.4648,'a',released,JONSPY
351.5609,'d',pressed,JONSPY
351.6928,'d',released,JONSPY
351.9013,'a',pressed,JONSPY
352.1208,'a',released,JONSPY
352.2928,'a',pressed,JONSPY
352.5049,'a',released,JONSPY
352.6108,Mouse.left,pressed,JONSPY
352.7048,Mouse.left,released,JONSPY
352.7293,'w',released,JONSPY
352.7577,Mouse.left,pressed,JONSPY
352.8445,Mouse.left,released,JONSPY
352.8812,'s',pressed,JONSPY
352.9194,Mouse.left,pressed,JONSPY
353.0019,Mouse.left,released,JONSPY
353.0749,Mouse.left,pressed,JONSPY
353.1091,'a',pressed,JONSPY
353.1465,Mouse.left,released,JONSPY
353.2446,Mouse.left,pressed,JONSPY
353.3096,Mouse.left,released,JONSPY
353.8014,'a',released,JONSPY
354.0929,'a',pressed,JONSPY
354.1236,Mouse.left,pressed,JONSPY
354.2229,Mouse.left,released,JONSPY
354.3087,Mouse.left,pressed,JONSPY
354.3966,Mouse.left,released,JONSPY
354.4854,'s',released,JONSPY
354.6808,'w',pressed,JONSPY
354.7168,'a',released,JONSPY
354.8408,'a',pressed,JONSPY
355.1569,'w',released,JONSPY
355.2528,'a',released,JONSPY
355.2568,'d',pressed,JONSPY
355.6291,'w',pressed,JONSPY
355.6808,Mouse.right,pressed,JONSPY
355.7769,'w',released,JONSPY
355.7916,Mouse.right,released,JONSPY
356.0049,'s',pressed,JONSPY
356.4207,'a',pressed,JONSPY
356.5095,'d',released,JONSPY
357.3048,'a',released,JONSPY
357.7129,'a',pressed,JONSPY
357.8847,'a',released,JONSPY
357.9371,'s',released,JONSPY
358.3725,Key.ctrl_l,pressed,JONSPY
358.8768,'\x04',pressed,JONSPY
359.0207,'\x04',released,JONSPY
359.4409,'\x04',pressed,JONSPY
359.5128,'\x04',released,JONSPY
359.6849,'\x17',pressed,JONSPY
360.5928,'\x17',released,JONSPY
360.6407,Key.ctrl_l,released,JONSPY
361.3569,'4',pressed,JONSPY
361.4689,'4',released,JONSPY
362.9848,'4',pressed,JONSPY
363.1049,'4',released,JONSPY
368.1689,'w',pressed,JONSPY
368.4128,'w',released,JONSPY
368.7552,'s',pressed,JONSPY
369.1528,'s',released,JONSPY
370.4970,'w',pressed,JONSPY
370.6772,'d',pressed,JONSPY
371.0688,'d',released,JONSPY
371.6569,'a',pressed,JONSPY
372.0048,'a',released,JONSPY
372.4169,'a',pressed,JONSPY
372.6170,'w',released,JONSPY
372.6454,'a',released,JONSPY
372.8488,Key.ctrl_l,pressed,JONSPY
372.9331,Key.ctrl_l,released,JONSPY
373.0289,Key.ctrl_l,pressed,JONSPY
373.4769,Key.ctrl_l,released,JONSPY
373.7771,'w',pressed,JONSPY
374.1289,'a',pressed,JONSPY
374.3449,'a',released,JONSPY
374.4528,'a',pressed,JONSPY
374.7538,'a',released,JONSPY
375.6491,'a',pressed,JONSPY
376.4853,'w',released,JONSPY
377.1013,'a',released,JONSPY
377.3131,Key.ctrl_l,pressed,JONSPY
379.9339,'\x01',pressed,JONSPY
380.7015,Mouse.right,pressed,JONSPY
380.7677,Mouse.right,released,JONSPY
382.0448,'\x01',released,JONSPY
382.2286,Key.ctrl_l,released,JONSPY
382.4731,'s',released,JONSPY
382.4970,'d',pressed,JONSPY
382.5848,'d',released,JONSPY
382.8853,'w',pressed,JONSPY
383.3488,'a',pressed,JONSPY
383.7212,'a',released,JONSPY
383.9008,'a',pressed,JONSPY
384.4488,'a',released,JONSPY
384.6053,'d',pressed,JONSPY
384.7736,'d',released,JONSPY
385.1327,'a',pressed,JONSPY
385.4049,'a',released,JONSPY
386.4295,'a',pressed,JONSPY
386.6130,'a',released,JONSPY
387.2370,'a',pressed,JONSPY
387.2972,'w',released,JONSPY
388.2370,'w',pressed,JONSPY
388.2809,'a',released,JONSPY
388.4729,'a',pressed,JONSPY
388.7452,'a',released,JONSPY
389.0010,'d',pressed,JONSPY
389.0213,'w',released,JONSPY
389.5613,'w',pressed,JONSPY
389.6773,'d',released,JONSPY
389.8290,'d',pressed,JONSPY
390.0773,'d',released,JONSPY
390.1740,'d',pressed,JONSPY
390.5849,'d',released,JONSPY
390.9168,'a',pressed,JONSPY
391.1050,'w',released,JONSPY
391.2175,'s',pressed,JONSPY
391.2256,'d',pressed,JONSPY
391.2370,'a',released,JONSPY
391.2729,'s',released,JONSPY
391.4090,'s',pressed,JONSPY
391.6490,'d',released,JONSPY
391.6568,'a',pressed,JONSPY
391.8129,'s',released,JONSPY
392.0931,'w',pressed,JONSPY
392.4772,'w',released,JONSPY
392.6053,'w',pressed,JONSPY
392.7609,'w',released,JONSPY
392.9015,'s',pressed,JONSPY
393.1138,'a',released,JONSPY
393.1295,'d',pressed,JONSPY
393.1491,'s',released,JONSPY
393.3210,'w',pressed,JONSPY
393.5369,'d',released,JONSPY
393.5655,'d',pressed,JONSPY
394.1289,'w',released,JONSPY
394.3055,'a',pressed,JONSPY
394.3130,'s',pressed,JONSPY
394.3299,'d',released,JONSPY
394.3449,'s',released,JONSPY
394.6088,'s',pressed,JONSPY
394.6770,'a',released,JONSPY
394.8089,'d',pressed,JONSPY
395.0249,'s',released,JONSPY
395.2539,'d',released,JONSPY
395.2573,'a',pressed,JONSPY
395.3653,'a',released,JONSPY
395.3737,'d',pressed,JONSPY
395.6141,Mouse.right,pressed,JONSPY
395.7141,Mouse.right,released,JONSPY
395.9822,'w',pressed,JONSPY
396.3893,'w',released,JONSPY
396.5530,'s',pressed,JONSPY
396.7930,'d',released,JONSPY
396.8337,'a',pressed,JONSPY
396.9486,'a',released,JONSPY
397.0209,'a',pressed,JONSPY
397.7049,'s',released,JONSPY
398.0129,'s',pressed,JONSPY
398.1369,'s',released,JONSPY
398.2610,'s',pressed,JONSPY
398.5208,'s',released,JONSPY
399.0301,'a',released,JONSPY
399.1373,'d',pressed,JONSPY
399.6529,'s',pressed,JONSPY
399.7248,'d',released,JONSPY
399.8050,'d',pressed,JONSPY
399.9450,'s',released,JONSPY
400.4933,'s',pressed,JONSPY
400.6850,'d',released,JONSPY
400.9569,'a',pressed,JONSPY
401.2248,'a',released,JONSPY
401.2529,'s',released,JONSPY
401.3968,Key.ctrl_l,pressed,JONSPY
402.1209,'\x01',pressed,JONSPY
402.1968,'\x17',pressed,JONSPY
402.3454,'\x17',released,JONSPY
402.3569,'\x01',released,JONSPY
403.0929,'\x17',pressed,JONSPY
403.3014,'\x17',released,JONSPY
406.5530,Key.ctrl_l,released,JONSPY
407.4928,'d',pressed,JONSPY
407.7211,'d',released,JONSPY
408.2342,'a',pressed,JONSPY
408.5848,'w',pressed,JONSPY
408.7861,'a',released,JONSPY
408.8289,'w',released,JONSPY
409.4370,'w',pressed,JONSPY
409.5130,'w',released,JONSPY
409.6766,Key.ctrl_l,pressed,JONSPY
414.5756,Mouse.right,pressed,JONSPY
414.7307,Mouse.right,released,JONSPY
416.8500,'\x04',pressed,JONSPY
416.8528,Key.ctrl_l,released,JONSPY
416.9488,'w',pressed,JONSPY
417.1251,'d',released,JONSPY
419.5205,Key.space,pressed,JONSPY
419.6246,Key.space,released,JONSPY
420.4088,Key.space,pressed,JONSPY
420.5126,Key.space,released,JONSPY
421.2889,Key.space,pressed,JONSPY
421.3806,Key.space,released,JONSPY
422.2849,'d',pressed,JONSPY
422.5010,'d',released,JONSPY
422.9772,'d',pressed,JONSPY
423.1011,'d',released,JONSPY
423.3331,'d',pressed,JONSPY
423.6930,'d',released,JONSPY
424.2408,Mouse.left,pressed,JONSPY
424.2426,'d',pressed,JONSPY
424.3728,Mouse.left,released,JONSPY
424.5208,'d',released,JONSPY
424.7895,'d',pressed,JONSPY
424.8292,'d',released,JONSPY
424.9134,'a',pressed,JONSPY
424.9998,Mouse.left,pressed,JONSPY
425.1072,Mouse.left,released,JONSPY
425.3972,'d',pressed,JONSPY
425.4090,'w',released,JONSPY
425.4415,'a',released,JONSPY
425.5209,'a',pressed,JONSPY
425.5248,'s',pressed,JONSPY
425.5530,'d',released,JONSPY
425.7946,Mouse.right,pressed,JONSPY
425.8369,'a',released,JONSPY
425.9847,'a',pressed,JONSPY
425.9926,Mouse.right,released,JONSPY
426.0090,'s',released,JONSPY
426.0127,'a',released,JONSPY
435.0165,Key.tab,pressed,JONSPY
436.3686,Key.tab,released,JONSPY
439.8387,Mouse.left,pressed,JONSPY
439.8986,Mouse.left,released,JONSPY
440.0044,Mouse.left,pressed,JONSPY
440.0829,Mouse.left,released,JONSPY
440.1577,Mouse.left,pressed,JONSPY
440.2436,Mouse.left,released,JONSPY
448.9625,Mouse.left,pressed,JONSPY
449.0547,Mouse.left,released,JONSPY
449.7926,Mouse.left,pressed,JONSPY
449.8856,Mouse.left,released,JONSPY
451.6378,'w',pressed,JONSPY
452.1928,'d',pressed,JONSPY
452.8168,'d',released,JONSPY
453.9328,'4',pressed,JONSPY
454.0448,'4',released,JONSPY
454.1597,Mouse.left,pressed,JONSPY
454.2466,Mouse.left,released,JONSPY
455.3291,'3',pressed,JONSPY
455.4328,'3',released,JONSPY
455.6409,'a',pressed,JONSPY
455.7730,'w',released,JONSPY
456.0332,'s',pressed,JONSPY
456.1010,'s',released,JONSPY
456.2170,'w',pressed,JONSPY
456.4408,'a',released,JONSPY
457.0770,'d',pressed,JONSPY
457.3168,'d',released,JONSPY
457.3982,Mouse.right,pressed,JONSPY
457.5520,Mouse.right,released,JONSPY
457.5810,'a',pressed,JONSPY
457.7491,'a',released,JONSPY
458.0331,'d',pressed,JONSPY
458.2090,'d',released,JONSPY
458.2211,'a',pressed,JONSPY
458.6529,'w',released,JONSPY
459.1970,'s',pressed,JONSPY
459.3928,'a',released,JONSPY
459.5010,'d',pressed,JONSPY
459.8528,'d',released,JONSPY
459.8929,'s',released,JONSPY
461.0886,Key.ctrl_l,pressed,JONSPY
463.2888,'\x01',pressed,JONSPY
464.2291,'\x01',released,JONSPY
464.2888,'\x13',released,JONSPY
464.4851,'\x01',pressed,JONSPY
464.9528,'\x01',released,JONSPY
465.6450,'\x04',released,JONSPY
465.9492,'\x13',pressed,JONSPY
465.9933,'\x13',released,JONSPY
467.4766,'\x01',pressed,JONSPY
467.6448,'\x01',released,JONSPY
469.8485,Key.ctrl_l,released,JONSPY
470.1889,'d',pressed,JONSPY
470.3010,'d',released,JONSPY
470.3650,'w',pressed,JONSPY
470.5328,'d',pressed,JONSPY
470.5928,'d',released,JONSPY
470.7848,'w',released,JONSPY
471.0650,'d',pressed,JONSPY
471.1729,'d',released,JONSPY
471.5532,'a',pressed,JONSPY
471.6132,'a',released,JONSPY
475.0171,'d',pressed,JONSPY
475.5728,'d',released,JONSPY
475.6128,'d',pressed,JONSPY
475.8048,'w',pressed,JONSPY
475.8130,'d',released,JONSPY
475.9729,'a',pressed,JONSPY
476.1570,'a',released,JONSPY
476.5648,'w',released,JONSPY
476.7326,'d',pressed,JONSPY
476.9330,'d',released,JONSPY
477.0169,'w',pressed,JONSPY
477.2246,'a',pressed,JONSPY
477.3568,'w',released,JONSPY
477.3969,'a',released,JONSPY
477.7412,'w',pressed,JONSPY
477.9331,'d',pressed,JONSPY
478.0848,'w',released,JONSPY
478.1267,Mouse.right,pressed,JONSPY
478.1370,'d',released,JONSPY
478.1758,Mouse.right,released,JONSPY
478.4771,'a',pressed,JONSPY
478.6574,'w',pressed,JONSPY
478.7896,'a',released,JONSPY
480.7050,'d',pressed,JONSPY
480.8290,'d',released,JONSPY
480.9839,Mouse.left,pressed,JONSPY
481.0103,'d',pressed,JONSPY
481.0859,Mouse.left,released,JONSPY
481.1651,'w',released,JONSPY
481.3856,'w',pressed,JONSPY
481.4451,'d',released,JONSPY
482.0154,Mouse.left,pressed,JONSPY
482.0686,'a',pressed,JONSPY
482.1120,Mouse.left,released,JONSPY
482.1719,Mouse.left,pressed,JONSPY
482.2539,Mouse.left,released,JONSPY
482.2852,'w',released,JONSPY
482.3208,Mouse.left,pressed,JONSPY
482.4089,Mouse.left,released,JONSPY
482.4892,'s',pressed,JONSPY
482.4947,Mouse.left,pressed,JONSPY
482.5446,Mouse.left,released,JONSPY
482.5970,'s',released,JONSPY
482.6202,Mouse.left,pressed,JONSPY
482.6815,'w',pressed,JONSPY
482.7116,Mouse.left,released,JONSPY
482.7657,'a',released,JONSPY
482.7701,Mouse.left,pressed,JONSPY
482.8552,Mouse.left,released,JONSPY
482.8607,'d',pressed,JONSPY
482.9039,Mouse.left,pressed,JONSPY
483.0045,Mouse.left,released,JONSPY
483.0625,Mouse.left,pressed,JONSPY
483.1589,Mouse.left,released,JONSPY
483.1689,'d',released,JONSPY
483.2414,'a',pressed,JONSPY
483.4529,'w',released,JONSPY
483.7615,'s',pressed,JONSPY
483.7970,Mouse.right,pressed,JONSPY
483.9139,Mouse.right,released,JONSPY
483.9694,'s',released,JONSPY
484.6689,'d',pressed,JONSPY
484.6809,'a',released,JONSPY
484.8248,'s',pressed,JONSPY
485.3251,'d',released,JONSPY
485.7490,'d',pressed,JONSPY
485.9251,'d',released,JONSPY
485.9816,'s',released,JONSPY
487.9769,'4',pressed,JONSPY
488.1127,'4',released,JONSPY
489.0570,'2',pressed,JONSPY
489.1808,'2',released,JONSPY
490.6090,'w',pressed,JONSPY
490.7489,'w',released,JONSPY
490.9734,'w',pressed,JONSPY
491.0649,'w',released,JONSPY
491.3894,'w',pressed,JONSPY
491.7131,'w',released,JONSPY
491.9890,'w',pressed,JONSPY
492.4248,'w',released,JONSPY
492.6816,'w',pressed,JONSPY
492.8329,'w',released,JONSPY
493.4889,'w',pressed,JONSPY
493.6409,'w',released,JONSPY
494.0568,'w',pressed,JONSPY
494.1575,'w',released,JONSPY
494.6330,'a',pressed,JONSPY
494.7330,'s',pressed,JONSPY
494.9717,Mouse.right,pressed,JONSPY
494.9894,'s',released,JONSPY
494.9930,'a',released,JONSPY
495.1138,Mouse.right,released,JONSPY
495.1574,'a',pressed,JONSPY
495.2407,'a',released,JONSPY
495.6498,'d',pressed,JONSPY
495.7207,'w',pressed,JONSPY
495.7327,'d',released,JONSPY
496.0059,'w',released,JONSPY
496.1489,'d',pressed,JONSPY
496.2648,'s',pressed,JONSPY
496.5529,'d',released,JONSPY
496.5659,'a',pressed,JONSPY
496.7812,'a',released,JONSPY
496.8453,'d',pressed,JONSPY
496.8739,'s',released,JONSPY
497.0928,'w',pressed,JONSPY
497.2010,'w',released,JONSPY
497.4167,'w',pressed,JONSPY
497.5406,Mouse.left,pressed,JONSPY
497.6297,Mouse.left,released,JONSPY
497.7411,'d',released,JONSPY
497.8010,'w',released,JONSPY
506.2910,Mouse.right,pressed,JONSPY
506.4617,Mouse.right,released,JONSPY
523.0410,'w',pressed,JONSPY
526.8608,'w',released,JONSPY
526.9928,'4',pressed,JONSPY
527.1129,'4',released,JONSPY
529.4010,'3',pressed,JONSPY
529.4808,'3',released,JONSPY
529.8369,'a',pressed,JONSPY
529.9006,'w',pressed,JONSPY
529.9734,'a',released,JONSPY
530.6489,'d',pressed,JONSPY
530.8730,'d',released,JONSPY
530.9489,'a',pressed,JONSPY
531.0448,'a',released,JONSPY
531.2409,'a',pressed,JONSPY
531.5811,'a',released,JONSPY
531.7452,'d',pressed,JONSPY
531.7891,'w',released,JONSPY
531.8037,Mouse.right,pressed,JONSPY
531.9306,Mouse.right,released,JONSPY
532.3568,'a',pressed,JONSPY
532.4207,'d',released,JONSPY
532.9405,'w',pressed,JONSPY
533.0048,'a',released,JONSPY
533.5696,'w',released,JONSPY
539.3376,Mouse.right,pressed,JONSPY
539.6508,Mouse.right,released,JONSPY
539.9907,Mouse.right,pressed,JONSPY
540.1157,Mouse.right,released,JONSPY
540.2037,Mouse.right,pressed,JONSPY
540.2938,Mouse.right,released,JONSPY
540.3617,Mouse.right,pressed,JONSPY
540.5066,Mouse.right,released,JONSPY
553.1690,'w',pressed,JONSPY
553.1769,'d',pressed,JONSPY
553.4929,'d',released,JONSPY
553.6529,'a',pressed,JONSPY
553.8729,'a',released,JONSPY
554.7886,'4',pressed,JONSPY
554.8849,'4',released,JONSPY
555.0928,'w',released,JONSPY
555.4209,'3',pressed,JONSPY
555.5689,'3',released,JONSPY
555.7009,Mouse.left,pressed,JONSPY
555.8096,Mouse.left,released,JONSPY
556.1930,'3',pressed,JONSPY
556.3248,'3',released,JONSPY
557.0128,'3',pressed,JONSPY
557.1368,'3',released,JONSPY
557.5049,'w',pressed,JONSPY
557.7570,'d',pressed,JONSPY
557.9053,'d',released,JONSPY
558.0491,'a',pressed,JONSPY
558.2051,'a',released,JONSPY
558.4609,'a',pressed,JONSPY
559.2406,'a',released,JONSPY
559.6088,'a',pressed,JONSPY
559.9410,'a',released,JONSPY
560.2808,'d',pressed,JONSPY
560.5650,'d',released,JONSPY
560.8649,'a',pressed,JONSPY
561.0842,Mouse.right,pressed,JONSPY
561.1329,'a',released,JONSPY
561.2157,Mouse.right,released,JONSPY
561.2209,'a',pressed,JONSPY
561.7457,'a',released,JONSPY
561.8568,'d',pressed,JONSPY
562.0209,'d',released,JONSPY
562.1128,'a',pressed,JONSPY
562.2888,'w',released,JONSPY
562.4808,'s',pressed,JONSPY
562.9048,'a',released,JONSPY
563.6213,'s',released,JONSPY
563.6690,'d',pressed,JONSPY
563.8052,'d',released,JONSPY
564.5009,'w',pressed,JONSPY
564.6658,'a',pressed,JONSPY
564.9207,'a',released,JONSPY
564.9318,Mouse.right,pressed,JONSPY
565.0316,Mouse.right,released,JONSPY
565.3249,'d',pressed,JONSPY
565.4057,'d',released,JONSPY
565.8489,'d',pressed,JONSPY
565.9649,'d',released,JONSPY
566.0328,'a',pressed,JONSPY
566.3571,'w',released,JONSPY
566.4780,'w',pressed,JONSPY
566.5812,'a',released,JONSPY
566.6490,'a',pressed,JONSPY
566.7970,'w',released,JONSPY
566.9092,'s',pressed,JONSPY
567.0808,'a',released,JONSPY
567.1609,'d',pressed,JONSPY
567.6048,'s',released,JONSPY
567.8088,Mouse.left,pressed,JONSPY
567.8451,'s',pressed,JONSPY
567.8696,'d',released,JONSPY
567.9066,Mouse.left,released,JONSPY
567.9659,Mouse.left,pressed,JONSPY
567.9731,'d',pressed,JONSPY
568.0521,Mouse.left,released,JONSPY
568.1359,Mouse.left,pressed,JONSPY
568.1725,Mouse.left,released,JONSPY
568.4436,Mouse.left,pressed,JONSPY
568.4675,Mouse.left,released,JONSPY
568.4868,Mouse.left,pressed,JONSPY
568.5556,Mouse.left,released,JONSPY
568.6172,Mouse.left,pressed,JONSPY
568.7066,Mouse.left,released,JONSPY
568.7695,Mouse.left,pressed,JONSPY
568.8679,Mouse.left,released,JONSPY
568.9224,Mouse.left,pressed,JONSPY
568.9690,'s',released,JONSPY
569.0316,Mouse.left,released,JONSPY
569.0850,'w',pressed,JONSPY
569.6409,'d',released,JONSPY
569.6808,'a',pressed,JONSPY
569.6937,Mouse.left,pressed,JONSPY
569.8226,Mouse.left,released,JONSPY
569.8860,Mouse.left,pressed,JONSPY
569.9171,'w',released,JONSPY
570.0167,Mouse.left,released,JONSPY
570.1011,Mouse.left,pressed,JONSPY
570.1854,Mouse.left,released,JONSPY
570.2887,'a',released,JONSPY
571.8938,Mouse.right,pressed,JONSPY
572.0279,Mouse.right,released,JONSPY
573.8259,Mouse.right,pressed,JONSPY
574.1097,Mouse.right,released,JONSPY
577.0367,Mouse.right,pressed,JONSPY
577.1857,Mouse.right,released,JONSPY
584.0426,Mouse.left,pressed,JONSPY
584.1651,Mouse.left,released,JONSPY
584.1717,Mouse.right,pressed,JONSPY
584.3819,Mouse.right,released,JONSPY
584.6148,Mouse.left,pressed,JONSPY
584.6989,Mouse.left,released,JONSPY
584.7816,Mouse.left,pressed,JONSPY
584.8587,Mouse.left,released,JONSPY
584.9679,Mouse.left,pressed,JONSPY
585.0249,Mouse.left,released,JONSPY
585.1187,Mouse.left,pressed,JONSPY
585.2119,Mouse.left,released,JONSPY
586.4422,Mouse.left,pressed,JONSPY
586.5638,Mouse.left,released,JONSPY
586.6522,Mouse.left,pressed,JONSPY
586.6938,Mouse.left,released,JONSPY
589.8936,Mouse.left,pressed,JONSPY
589.9667,Mouse.left,released,JONSPY
590.0646,Mouse.left,pressed,JONSPY
590.1338,Mouse.left,released,JONSPY
590.2347,Mouse.left,pressed,JONSPY
590.3006,Mouse.left,released,JONSPY
591.7654,'d',pressed,JONSPY
591.7689,'w',pressed,JONSPY
591.8932,'d',released,JONSPY
592.2849,'3',pressed,JONSPY
592.2893,'4',pressed,JONSPY
592.3287,'3',released,JONSPY
592.4008,'4',released,JONSPY
593.1089,'3',pressed,JONSPY
593.2413,'3',released,JONSPY
594.5006,Key.ctrl_l,pressed,JONSPY
594.6247,Key.ctrl_l,released,JONSPY
594.9053,'d',pressed,JONSPY
595.0328,'d',released,JONSPY
595.3370,'d',pressed,JONSPY
595.5729,'d',released,JONSPY
595.5967,Key.space,pressed,JONSPY
595.7409,Key.space,released,JONSPY
596.1848,'d',pressed,JONSPY
596.2930,'d',released,JONSPY
596.7089,'d',pressed,JONSPY
597.0099,Mouse.right,pressed,JONSPY
597.1609,Mouse.right,released,JONSPY
597.1931,'d',released,JONSPY
597.3198,Mouse.right,pressed,JONSPY
597.4538,Mouse.right,released,JONSPY
598.0137,'a',pressed,JONSPY
598.3250,'d',pressed,JONSPY
598.3290,'a',released,JONSPY
598.6529,'w',released,JONSPY
598.8368,'s',pressed,JONSPY
599.7368,'s',released,JONSPY
599.8370,'d',released,JONSPY
601.2128,'d',pressed,JONSPY
601.3249,'d',released,JONSPY
602.9245,Key.ctrl_l,pressed,JONSPY
604.1971,'\x17',pressed,JONSPY
604.6410,'\x17',released,JONSPY
605.2129,Key.ctrl_l,released,JONSPY
607.0650,'w',pressed,JONSPY
608.1011,'d',pressed,JONSPY
608.3171,'w',released,JONSPY
609.0569,'s',pressed,JONSPY
609.2417,'d',released,JONSPY
609.3890,'d',pressed,JONSPY
609.4131,'s',released,JONSPY
609.4571,'d',released,JONSPY
609.5374,'s',pressed,JONSPY
609.8008,'s',released,JONSPY
610.3525,Key.ctrl_l,pressed,JONSPY
611.3130,Key.ctrl_l,released,JONSPY
611.4491,'d',pressed,JONSPY
611.5170,'w',pressed,JONSPY
611.5849,'d',released,JONSPY
612.8050,'d',pressed,JONSPY
612.8170,'w',released,JONSPY
613.0050,'s',pressed,JONSPY
613.1772,'d',released,JONSPY
613.1973,'s',released,JONSPY
613.4778,Key.ctrl_l,pressed,JONSPY
615.3214,'\x13',pressed,JONSPY
615.4890,'\x04',pressed,JONSPY
615.6449,'\x13',released,JONSPY
615.8492,'\x04',released,JONSPY
616.0577,'\x04',pressed,JONSPY
616.2608,'\x04',released,JONSPY
616.4251,Key.ctrl_l,released,JONSPY
617.5532,'d',pressed,JONSPY
617.9369,'w',pressed,JONSPY
617.9908,'d',released,JONSPY
618.1493,'w',released,JONSPY
618.1570,'d',pressed,JONSPY
618.4850,'d',released,JONSPY
618.6451,'d',pressed,JONSPY
618.7814,'d',released,JONSPY
621.0132,'a',pressed,JONSPY
621.2732,'a',released,JONSPY
621.6094,'w',pressed,JONSPY
621.8008,'w',released,JONSPY
622.0049,'d',pressed,JONSPY
622.1568,'d',released,JONSPY
625.6130,'a',pressed,JONSPY
625.8332,'a',released,JONSPY
625.9571,'w',pressed,JONSPY
626.3569,'d',pressed,JONSPY
626.5535,'w',released,JONSPY
627.0290,'s',pressed,JONSPY
627.1566,'d',released,JONSPY
627.3856,'d',pressed,JONSPY
627.5448,'d',released,JONSPY
627.5728,'s',released,JONSPY
628.8566,Key.ctrl_l,pressed,JONSPY
631.1446,Key.ctrl_l,released,JONSPY
631.8897,'d',pressed,JONSPY
632.0330,'d',released,JONSPY
632.4730,'a',pressed,JONSPY
632.5690,'a',released,JONSPY
632.9970,'a',pressed,JONSPY
633.1809,'a',released,JONSPY
633.6810,'d',pressed,JONSPY
633.8448,'d',released,JONSPY
635.3091,'s',pressed,JONSPY
635.4567,'s',released,JONSPY
636.0128,'d',pressed,JONSPY
636.1455,'d',released,JONSPY
636.9809,'d',pressed,JONSPY
637.1169,'d',released,JONSPY
640.4649,'d',pressed,JONSPY
640.8647,'d',released,JONSPY
640.9330,'a',pressed,JONSPY
641.4172,'a',released,JONSPY
641.4368,'d',pressed,JONSPY
641.8929,'a',pressed,JONSPY
641.9253,'d',released,JONSPY
642.0808,'a',released,JONSPY
642.2334,'s',pressed,JONSPY
642.5689,'s',released,JONSPY
642.7809,'a',pressed,JONSPY
643.1209,'w',pressed,JONSPY
643.3770,'d',pressed,JONSPY
643.3889,'a',released,JONSPY
643.4129,'w',released,JONSPY
643.5648,'d',released,JONSPY
643.6090,'s',pressed,JONSPY
643.7851,'d',pressed,JONSPY
643.8612,'s',released,JONSPY
644.1088,'w',pressed,JONSPY
644.1770,'w',released,JONSPY
644.4289,'d',released,JONSPY
644.4329,'w',pressed,JONSPY
644.4369,'d',pressed,JONSPY
644.4529,'d',released,JONSPY
644.8222,'w',released,JONSPY
644.8729,'a',pressed,JONSPY
644.9490,'s',pressed,JONSPY
644.9811,'a',released,JONSPY
645.0449,'d',pressed,JONSPY
645.0530,'s',released,JONSPY
645.3929,'s',pressed,JONSPY
645.4250,'d',released,JONSPY
645.5970,'s',released,JONSPY
646.1811,'w',pressed,JONSPY
646.3134,'d',pressed,JONSPY
646.4088,'w',released,JONSPY
646.4891,'d',released,JONSPY
646.9372,Key.ctrl_l,pressed,JONSPY
652.4806,Key.ctrl_l,released,JONSPY
654.1934,'a',pressed,JONSPY
654.1971,'w',pressed,JONSPY
654.4088,'a',released,JONSPY
654.6049,'a',pressed,JONSPY
654.6931,'w',released,JONSPY
654.9968,'a',released,JONSPY
655.7806,Key.ctrl_l,pressed,JONSPY
656.6685,Key.ctrl_l,released,JONSPY
658.0494,'w',pressed,JONSPY
658.3738,'a',pressed,JONSPY
658.5424,'w',released,JONSPY
658.8251,'a',released,JONSPY
658.9649,'w',pressed,JONSPY
659.1496,'w',released,JONSPY
659.6129,'s',pressed,JONSPY
659.8190,'s',released,JONSPY
660.2141,'d',pressed,JONSPY
660.3489,'w',pressed,JONSPY
660.4930,'w',released,JONSPY
660.5259,'d',released,JONSPY
660.6927,Key.ctrl_l,pressed,JONSPY
661.2168,Key.ctrl_l,released,JONSPY
661.4570,'a',pressed,JONSPY
661.7008,'a',released,JONSPY
664.6889,'d',pressed,JONSPY
664.8487,'d',released,JONSPY
668.4452,'w',pressed,JONSPY
668.5269,Mouse.right,pressed,JONSPY
668.6486,Mouse.right,released,JONSPY
668.9500,'a',pressed,JONSPY
669.1088,'a',released,JONSPY
669.8008,'a',pressed,JONSPY
670.1248,'a',released,JONSPY
670.5810,'d',pressed,JONSPY
670.6849,'d',released,JONSPY
671.0128,'a',pressed,JONSPY
671.2812,'a',released,JONSPY
672.4608,'a',pressed,JONSPY
672.6211,'w',released,JONSPY
673.0049,'w',pressed,JONSPY
673.0769,'a',released,JONSPY
673.5168,'a',pressed,JONSPY
673.7010,'a',released,JONSPY
674.1339,'a',pressed,JONSPY
674.8331,'a',released,JONSPY
675.1127,'a',pressed,JONSPY
675.4971,'a',released,JONSPY
675.6894,'a',pressed,JONSPY
675.9330,'a',released,JONSPY
677.1928,'a',pressed,JONSPY
677.3489,'a',released,JONSPY
677.9890,'a',pressed,JONSPY
678.2368,Mouse.left,pressed,JONSPY
678.3091,'a',released,JONSPY
678.3579,Mouse.left,released,JONSPY
678.5130,'d',pressed,JONSPY
678.6730,'d',released,JONSPY
679.1372,'d',pressed,JONSPY
679.1398,Mouse.right,pressed,JONSPY
679.2169,'w',released,JONSPY
679.2499,Mouse.right,released,JONSPY
679.3811,'s',pressed,JONSPY
679.7769,'a',pressed,JONSPY
679.8009,'d',released,JONSPY
680.3287,'a',released,JONSPY
680.4250,'s',released,JONSPY
681.0449,'3',pressed,JONSPY
681.1730,'3',released,JONSPY
681.9089,'3',pressed,JONSPY
682.0214,'3',released,JONSPY
682.8609,'4',pressed,JONSPY
682.9729,'4',released,JONSPY
683.7210,'2',pressed,JONSPY
683.8410,'2',released,JONSPY
684.3739,'w',pressed,JONSPY
684.5369,'a',pressed,JONSPY
684.6735,'a',released,JONSPY
684.8330,'a',pressed,JONSPY
685.0330,'w',released,JONSPY
685.3250,'s',pressed,JONSPY
685.3691,'a',released,JONSPY
685.5849,'d',pressed,JONSPY
685.7809,'s',released,JONSPY
686.0330,'w',pressed,JONSPY
686.1890,'w',released,JONSPY
686.4128,'w',pressed,JONSPY
686.5128,'d',released,JONSPY
687.6370,'a',pressed,JONSPY
687.7171,'a',released,JONSPY
687.7529,'d',pressed,JONSPY
688.5970,'w',released,JONSPY
688.7097,'s',pressed,JONSPY
688.9371,'s',released,JONSPY
689.0569,'w',pressed,JONSPY
689.2488,'d',released,JONSPY
689.6089,'a',pressed,JONSPY
690.1249,'w',released,JONSPY
690.1328,'a',released,JONSPY
690.2328,Key.ctrl_l,pressed,JONSPY
691.1693,'\x01',pressed,JONSPY
691.4691,'\x01',released,JONSPY
692.1369,'\x01',pressed,JONSPY
692.2894,'\x01',released,JONSPY
692.3729,'\x17',pressed,JONSPY
692.5168,'\x01',pressed,JONSPY
692.5608,'\x01',released,JONSPY
692.5728,'\x17',released,JONSPY
692.7491,'\x01',pressed,JONSPY
693.0090,'\x13',pressed,JONSPY
693.1050,'\x01',released,JONSPY
693.3972,'\x04',pressed,JONSPY
693.6288,'\x04',released,JONSPY
694.2530,'\x13',released,JONSPY
694.4451,Key.ctrl_l,released,JONSPY
702.0210,'w',pressed,JONSPY
702.1691,'a',pressed,JONSPY
702.6779,'a',released,JONSPY
702.8617,'a',pressed,JONSPY
703.3177,'w',released,JONSPY
703.6448,'w',pressed,JONSPY
703.6569,'a',released,JONSPY
703.7215,'w',released,JONSPY
703.9297,'s',pressed,JONSPY
704.2107,Mouse.right,pressed,JONSPY
704.3127,Mouse.right,released,JONSPY
704.4853,'d',pressed,JONSPY
705.0609,'s',released,JONSPY
705.1049,'d',released,JONSPY
712.3928,'d',pressed,JONSPY
712.4651,'d',released,JONSPY
712.8729,'w',pressed,JONSPY
713.5129,'a',pressed,JONSPY
713.7049,'a',released,JONSPY
714.0449,'a',pressed,JONSPY
714.1811,'a',released,JONSPY
714.7612,'d',pressed,JONSPY
714.7848,Mouse.left,pressed,JONSPY
714.9889,Mouse.left,released,JONSPY
715.0929,Mouse.left,pressed,JONSPY
715.1169,Mouse.left,released,JONSPY
715.2346,Mouse.left,pressed,JONSPY
715.2569,Mouse.left,released,JONSPY
715.3668,Mouse.left,pressed,JONSPY
715.4251,'d',released,JONSPY
715.4688,Mouse.left,released,JONSPY
715.5279,Mouse.left,pressed,JONSPY
715.6170,'a',pressed,JONSPY
715.6199,Mouse.left,released,JONSPY
715.6816,Mouse.left,pressed,JONSPY
715.7819,Mouse.left,released,JONSPY
715.8779,Mouse.left,pressed,JONSPY
715.9271,Mouse.left,released,JONSPY
715.9730,'a',released,JONSPY
716.0090,'d',pressed,JONSPY
716.1089,'d',released,JONSPY
716.1287,'a',pressed,JONSPY
716.1660,Mouse.left,pressed,JONSPY
716.2649,Mouse.left,released,JONSPY
716.3322,Mouse.left,pressed,JONSPY
716.4309,Mouse.left,released,JONSPY
716.4699,Mouse.left,pressed,JONSPY
716.4771,'d',pressed,JONSPY
716.5369,'a',released,JONSPY
716.5859,Mouse.left,released,JONSPY
716.6245,Mouse.left,pressed,JONSPY
716.7308,Mouse.left,released,JONSPY
716.7946,Mouse.left,pressed,JONSPY
716.8946,Mouse.left,released,JONSPY
717.2076,Mouse.left,pressed,JONSPY
717.2609,'w',released,JONSPY
717.2809,'d',released,JONSPY
717.3307,Mouse.left,released,JONSPY
717.4158,Mouse.left,pressed,JONSPY
717.5050,'d',pressed,JONSPY
717.5219,'d',released,JONSPY
717.5261,Mouse.left,released,JONSPY
717.6176,Mouse.left,pressed,JONSPY
717.7148,Mouse.left,released,JONSPY
731.0246,Key.tab,pressed,JONSPY
731.0326,Key.tab,released,JONSPY
731.2286,Key.tab,pressed,JONSPY
731.3726,Key.tab,released,JONSPY
731.4845,Key.tab,pressed,JONSPY
734.2127,Key.tab,released,JONSPY
735.2286,Key.tab,pressed,JONSPY
735.6806,Key.tab,released,JONSPY
740.3246,Key.tab,pressed,JONSPY
740.6126,Key.tab,released,JONSPY
741.8409,'w',pressed,JONSPY
742.8209,'4',pressed,JONSPY
742.8849,'4',released,JONSPY
744.0097,'3',pressed,JONSPY
744.1211,'3',released,JONSPY
744.5292,'d',pressed,JONSPY
744.6290,'d',released,JONSPY
744.8169,'d',pressed,JONSPY
745.0210,'d',released,JONSPY
745.9331,'d',pressed,JONSPY
745.9987,Mouse.right,pressed,JONSPY
746.1396,Mouse.right,released,JONSPY
746.1412,'d',released,JONSPY
746.6289,'a',pressed,JONSPY
746.7770,'a',released,JONSPY
747.3210,'a',pressed,JONSPY
747.5091,'a',released,JONSPY
747.7410,'d',pressed,JONSPY
747.8570,'d',released,JONSPY
747.9891,'d',pressed,JONSPY
748.0969,'w',released,JONSPY
748.4693,'s',pressed,JONSPY
748.7572,'d',released,JONSPY
749.1129,'s',released,JONSPY
749.2770,'w',pressed,JONSPY
749.3039,Mouse.right,pressed,JONSPY
749.4367,Mouse.right,released,JONSPY
749.4730,'a',pressed,JONSPY
749.6014,'a',released,JONSPY
750.1814,'a',pressed,JONSPY
750.3928,'a',released,JONSPY
751.4889,'d',pressed,JONSPY
751.5360,Mouse.left,pressed,JONSPY
751.5451,'d',released,JONSPY
751.6299,Mouse.left,released,JONSPY
751.6931,Mouse.left,pressed,JONSPY
751.7017,'a',pressed,JONSPY
751.7939,Mouse.left,released,JONSPY
751.8563,Mouse.left,pressed,JONSPY
751.9015,'d',pressed,JONSPY
751.9166,Mouse.left,released,JONSPY
751.9213,'w',released,JONSPY
751.9576,'a',released,JONSPY
752.0171,'s',pressed,JONSPY
752.2370,'a',pressed,JONSPY
752.2657,'d',released,JONSPY
752.3287,Mouse.right,pressed,JONSPY
752.4417,Mouse.right,released,JONSPY
753.0574,'s',released,JONSPY
753.4209,'s',pressed,JONSPY
753.6489,'a',released,JONSPY
754.1131,'a',pressed,JONSPY
754.5209,'s',released,JONSPY
754.9011,'s',pressed,JONSPY
754.9210,'a',released,JONSPY
755.1330,'d',pressed,JONSPY
755.7250,'d',released,JONSPY
756.0049,'s',released,JONSPY
756.4766,Key.ctrl_l,pressed,JONSPY
764.7770,'\x01',pressed,JONSPY
766.1373,'\x01',released,JONSPY
766.5534,'\x17',pressed,JONSPY
767.0052,'\x17',released,JONSPY
767.3170,'\x01',pressed,JONSPY
767.5608,'\x01',released,JONSPY
767.5815,'\x17',pressed,JONSPY
767.7891,'\x01',pressed,JONSPY
767.9368,'\x01',released,JONSPY
768.2649,'\x01',pressed,JONSPY
768.3931,'\x17',released,JONSPY
768.5889,'\x13',pressed,JONSPY
768.8448,'\x13',released,JONSPY
768.8697,'\x01',released,JONSPY
771.8369,'\x01',pressed,JONSPY
772.1132,'\x01',released,JONSPY
772.5368,'\x01',pressed,JONSPY
772.5690,'\x13',pressed,JONSPY
772.6051,'\x01',released,JONSPY
772.8488,'\x13',released,JONSPY
773.6331,'\x01',pressed,JONSPY
773.7810,'\x01',released,JONSPY
776.5610,'\x01',pressed,JONSPY
776.6768,'\x01',released,JONSPY
777.7932,'\x01',pressed,JONSPY
777.9329,'\x01',released,JONSPY
778.2170,'\x13',pressed,JONSPY
778.6650,'\x13',released,JONSPY
780.7405,Key.ctrl_l,released,JONSPY
783.1065,Mouse.left,pressed,JONSPY
783.8926,Mouse.left,released,JONSPY
784.8120,Mouse.left,pressed,JONSPY
785.8581,Mouse.left,released,JONSPY
795.1247,Mouse.right,pressed,JONSPY
795.5711,Mouse.right,released,JONSPY
799.4686,Mouse.left,pressed,JONSPY
799.6028,Mouse.left,released,JONSPY
800.0807,Mouse.left,pressed,JONSPY
800.2037,Mouse.left,released,JONSPY
800.3306,Mouse.left,pressed,JONSPY
800.4207,Mouse.left,released,JONSPY
801.2437,Mouse.left,pressed,JONSPY
801.3587,Mouse.left,released,JONSPY
801.7971,'w',pressed,JONSPY
802.7848,'4',pressed,JONSPY
802.9291,'4',released,JONSPY
804.5610,'3',pressed,JONSPY
804.6853,'3',released,JONSPY
805.3095,'d',pressed,JONSPY
805.6134,'d',released,JONSPY
806.0809,'d',pressed,JONSPY
806.1168,'w',released,JONSPY
806.1529,'d',released,JONSPY
806.3609,'s',pressed,JONSPY
806.6330,'a',pressed,JONSPY
806.8251,'s',released,JONSPY
808.0050,'w',pressed,JONSPY
808.0090,'a',released,JONSPY
808.2137,Mouse.right,pressed,JONSPY
808.3298,'a',pressed,JONSPY
808.4527,Mouse.right,released,JONSPY
808.5490,'a',released,JONSPY
809.4969,'w',released,JONSPY
809.5815,'w',pressed,JONSPY
809.7768,'a',pressed,JONSPY
809.9289,'w',released,JONSPY
810.0128,'w',pressed,JONSPY
810.2169,'w',released,JONSPY
810.4450,'d',pressed,JONSPY
810.4491,'a',released,JONSPY
810.7649,'w',pressed,JONSPY
810.8050,'d',released,JONSPY
810.9649,'a',pressed,JONSPY
811.4809,'w',released,JONSPY
811.6208,'s',pressed,JONSPY
812.1209,'a',released,JONSPY
812.3049,'s',released,JONSPY
812.4135,Key.ctrl_l,pressed,JONSPY
812.8855,'\x04',pressed,JONSPY
812.9131,'\x04',released,JONSPY
813.1889,'\x17',pressed,JONSPY
813.4330,'\x17',released,JONSPY
813.6171,'\x01',pressed,JONSPY
813.7329,'\x01',released,JONSPY
814.2850,'\x01',pressed,JONSPY
814.3849,'\x01',released,JONSPY
819.7526,Mouse.right,pressed,JONSPY
819.8497,Mouse.right,released,JONSPY
819.8774,Key.ctrl_l,released,JONSPY
819.9450,'d',pressed,JONSPY
820.0609,'d',released,JONSPY
820.0769,'w',pressed,JONSPY
820.3091,'d',pressed,JONSPY
820.3889,'d',released,JONSPY
821.2090,'d',pressed,JONSPY
821.2770,'d',released,JONSPY
821.8249,'a',pressed,JONSPY
821.9617,'a',released,JONSPY
822.1051,'a',pressed,JONSPY
822.5129,'a',released,JONSPY
823.8329,'d',pressed,JONSPY
824.5058,'w',released,JONSPY
824.9009,'w',pressed,JONSPY
824.9849,'d',released,JONSPY
825.7614,'w',released,JONSPY
825.9090,'s',pressed,JONSPY
826.1489,'d',pressed,JONSPY
826.5372,'d',released,JONSPY
826.5650,'s',released,JONSPY
830.3938,Mouse.right,pressed,JONSPY
830.7238,Mouse.right,released,JONSPY
839.0246,Key.tab,pressed,JONSPY
840.6366,Key.tab,released,JONSPY
841.1566,Key.tab,pressed,JONSPY
842.3407,Key.tab,released,JONSPY
846.3137,Mouse.right,pressed,JONSPY
846.8108,Mouse.right,released,JONSPY
850.2029,Mouse.left,pressed,JONSPY
850.2747,Mouse.left,released,JONSPY
850.3798,Mouse.left,pressed,JONSPY
850.4496,Mouse.left,released,JONSPY
850.5167,Mouse.left,pressed,JONSPY
850.6239,Mouse.left,released,JONSPY
850.6727,Mouse.left,pressed,JONSPY
850.7815,Mouse.left,released,JONSPY
851.5651,'w',pressed,JONSPY
852.9013,'4',pressed,JONSPY
852.9850,'4',released,JONSPY
853.2889,'a',pressed,JONSPY
853.4329,'a',released,JONSPY
853.7131,'d',pressed,JONSPY
853.8687,'d',released,JONSPY
854.7050,'3',pressed,JONSPY
854.7929,'3',released,JONSPY
855.7532,'a',pressed,JONSPY
855.8490,'a',released,JONSPY
856.5089,Key.space,pressed,JONSPY
856.6447,Key.space,released,JONSPY
857.1373,Key.space,pressed,JONSPY
857.2646,Key.space,released,JONSPY
858.4332,'a',pressed,JONSPY
858.5068,Mouse.right,pressed,JONSPY
858.5650,'a',released,JONSPY
858.6148,Mouse.right,released,JONSPY
858.9133,'a',pressed,JONSPY
858.9609,'a',released,JONSPY
859.1050,'a',pressed,JONSPY
859.5769,'a',released,JONSPY
860.0209,'a',pressed,JONSPY
861.4769,'w',released,JONSPY
861.6450,'a',released,JONSPY
861.7250,'a',pressed,JONSPY
861.9411,'a',released,JONSPY
862.2046,Key.ctrl_l,pressed,JONSPY
863.7893,'\x13',pressed,JONSPY
864.0209,'\x13',released,JONSPY
864.0289,'\x04',pressed,JONSPY
864.0689,'\x04',released,JONSPY
864.7850,'\x13',pressed,JONSPY
864.8778,'\x04',pressed,JONSPY
865.1328,'\x04',released,JONSPY
866.3288,'\x13',released,JONSPY
872.5686,Key.ctrl_l,released,JONSPY
872.8969,'w',pressed,JONSPY
873.1331,'w',released,JONSPY
873.3130,'w',pressed,JONSPY
873.4371,'w',released,JONSPY
873.6529,'w',pressed,JONSPY
873.7170,'d',pressed,JONSPY
873.8729,'d',released,JONSPY
874.2328,'d',pressed,JONSPY
874.3411,'d',released,JONSPY
874.4129,'a',pressed,JONSPY
874.4530,'a',released,JONSPY
874.4570,'d',pressed,JONSPY
874.6169,'d',released,JONSPY
874.9130,'d',pressed,JONSPY
875.0891,'w',released,JONSPY
875.4088,'d',released,JONSPY
875.7449,'a',pressed,JONSPY
875.7568,'w',pressed,JONSPY
875.7809,'a',released,JONSPY
875.9129,'a',pressed,JONSPY
876.1050,'a',released,JONSPY
876.7770,'w',released,JONSPY
876.9856,'d',pressed,JONSPY
877.2530,'w',pressed,JONSPY
877.2769,'d',released,JONSPY
877.4053,'w',released,JONSPY
877.4293,'w',pressed,JONSPY
877.4490,'w',released,JONSPY
877.4653,'a',pressed,JONSPY
877.4774,'w',pressed,JONSPY
877.7969,'a',released,JONSPY
878.0692,'a',pressed,JONSPY
878.7209,'a',released,JONSPY
878.9090,'a',pressed,JONSPY
879.3329,'a',released,JONSPY
879.3770,'d',pressed,JONSPY
879.6450,'d',released,JONSPY
880.0849,Key.space,pressed,JONSPY
880.7966,Key.space,released,JONSPY
880.8320,Mouse.right,pressed,JONSPY
881.0147,Mouse.right,released,JONSPY
882.2373,'a',pressed,JONSPY
883.3410,'a',released,JONSPY
883.8849,'4',pressed,JONSPY
883.9806,'4',released,JONSPY
884.0757,Mouse.left,pressed,JONSPY
884.1487,Mouse.left,released,JONSPY
884.4495,'w',released,JONSPY
885.0290,'1',pressed,JONSPY
885.1570,'1',released,JONSPY
885.4529,'d',pressed,JONSPY
885.4809,'w',pressed,JONSPY
885.8617,'d',released,JONSPY
888.3249,'a',pressed,JONSPY
888.4689,'a',released,JONSPY
889.5089,'a',pressed,JONSPY
889.6850,'a',released,JONSPY
890.4207,'a',pressed,JONSPY
890.5690,'a',released,JONSPY
890.9332,'d',pressed,JONSPY
891.0653,'d',released,JONSPY
891.4767,'d',pressed,JONSPY
892.3057,'w',released,JONSPY
892.3888,'d',released,JONSPY
892.4332,'w',pressed,JONSPY
892.4529,'a',pressed,JONSPY
892.6333,'w',released,JONSPY
892.9099,'w',pressed,JONSPY
893.3137,'w',released,JONSPY
893.6499,'w',pressed,JONSPY
893.8934,'a',released,JONSPY
894.1650,'a',pressed,JONSPY
894.2609,'a',released,JONSPY
895.6330,'d',pressed,JONSPY
895.7969,'d',released,JONSPY
896.2171,'d',pressed,JONSPY
896.3329,'d',released,JONSPY
896.6730,'a',pressed,JONSPY
897.0490,'a',released,JONSPY
897.2737,'a',pressed,JONSPY
897.3220,Mouse.right,pressed,JONSPY
897.3710,Mouse.right,released,JONSPY
898.0410,'w',released,JONSPY
898.5811,'w',pressed,JONSPY
899.0689,'a',released,JONSPY
900.3571,'a',pressed,JONSPY
900.5012,'a',released,JONSPY
901.8009,'a',pressed,JONSPY
901.9050,'a',released,JONSPY
901.9849,'a',pressed,JONSPY
902.0940,'w',released,JONSPY
902.4056,'a',released,JONSPY
902.7852,Key.ctrl_l,pressed,JONSPY
902.9090,Key.ctrl_l,released,JONSPY
903.0489,Key.ctrl_l,pressed,JONSPY
904.4934,'\x01',pressed,JONSPY
904.9409,'\x01',released,JONSPY
905.2333,'\x01',pressed,JONSPY
906.1649,'\x01',released,JONSPY
907.1851,'\x01',pressed,JONSPY
907.3209,'\x01',released,JONSPY
911.0930,'\x01',pressed,JONSPY
911.3495,'\x01',released,JONSPY
913.2851,Key.ctrl_l,released,JONSPY
914.8212,'w',pressed,JONSPY
914.9210,'w',released,JONSPY
915.1210,'d',pressed,JONSPY
915.2226,Mouse.right,pressed,JONSPY
915.3012,'w',pressed,JONSPY
915.3647,Mouse.right,released,JONSPY
915.4530,'d',released,JONSPY
916.0296,'a',pressed,JONSPY
916.1251,'a',released,JONSPY
916.7536,'a',pressed,JONSPY
917.0454,'a',released,JONSPY
917.5889,'a',pressed,JONSPY
917.6449,'a',released,JONSPY
918.1056,'d',pressed,JONSPY
918.1971,'w',released,JONSPY
918.9530,'w',pressed,JONSPY
919.0608,'w',released,JONSPY
919.3693,'d',released,JONSPY
