3.2476,Mouse.left,pressed,MITSOL
3.3636,Mouse.left,released,MITSOL
9.3450,Key.esc,pressed,MITSOL
9.4078,Key.esc,released,MITSOL
10.2999,'w',pressed,MITSOL
11.5398,'a',pressed,MITSOL
11.7720,'a',released,MITSOL
12.1282,'a',pressed,MITSOL
12.4080,'a',released,MITSOL
12.7518,'d',pressed,MITSOL
12.9959,'d',released,MITSOL
13.4800,'d',pressed,MITSOL
13.6039,'d',released,MITSOL
14.1519,'d',pressed,MITSOL
14.5843,'d',released,MITSOL
15.4318,'a',pressed,MITSOL
15.5361,'a',released,MITSOL
15.7124,'a',pressed,MITSOL
16.3397,'a',released,MITSOL
16.6800,'d',pressed,MITSOL
17.6114,Key.space,pressed,MITSOL
17.8435,Key.space,released,MITSOL
18.2958,'d',released,MITSOL
18.4598,'a',pressed,MITSOL
18.4675,Key.space,pressed,MITSOL
18.4917,'w',released,MITSOL
18.5718,'w',pressed,MITSOL
18.6518,'w',released,MITSOL
18.7759,'s',pressed,MITSOL
18.9078,Mouse.left,pressed,MITSOL
19.0117,Mouse.left,released,MITSOL
19.1435,Mouse.left,pressed,MITSOL
19.2236,Mouse.left,released,MITSOL
19.5318,'a',released,MITSOL
19.7484,Key.space,released,MITSOL
19.8600,'a',pressed,MITSOL
19.9118,'s',released,MITSOL
20.0037,'s',pressed,MITSOL
20.0634,Key.space,pressed,MITSOL
20.4838,'a',released,MITSOL
20.5317,'d',pressed,MITSOL
20.5435,Key.space,released,MITSOL
20.6038,Key.space,pressed,MITSOL
20.8718,'s',released,MITSOL
21.0800,'d',released,MITSOL
21.1002,'s',pressed,MITSOL
21.3645,'d',pressed,MITSOL
21.4125,Mouse.left,pressed,MITSOL
21.5346,Mouse.left,released,MITSOL
21.6356,Mouse.left,pressed,MITSOL
21.6541,'d',released,MITSOL
21.6798,'d',pressed,MITSOL
21.7427,Mouse.left,released,MITSOL
21.7802,'d',released,MITSOL
21.9076,Key.space,released,MITSOL
22.0679,Key.space,pressed,MITSOL
22.1958,Mouse.left,pressed,MITSOL
22.2244,'a',pressed,MITSOL
22.2880,'d',pressed,MITSOL
22.3075,Mouse.left,released,MITSOL
22.4081,'a',released,MITSOL
22.4476,Mouse.left,pressed,MITSOL
22.4640,'d',released,MITSOL
22.5338,Mouse.left,released,MITSOL
22.6282,'a',pressed,MITSOL
22.6546,Mouse.left,pressed,MITSOL
22.6999,'s',released,MITSOL
22.7585,Mouse.left,released,MITSOL
22.7714,Key.space,released,MITSOL
22.8637,'w',pressed,MITSOL
22.9401,'a',released,MITSOL
23.2118,'d',pressed,MITSOL
23.2477,'d',released,MITSOL
23.4399,'a',pressed,MITSOL
23.6675,Key.space,pressed,MITSOL
23.9198,Key.space,released,MITSOL
24.4519,Key.space,pressed,MITSOL
24.5875,Key.space,released,MITSOL
24.6841,Key.space,pressed,MITSOL
24.7678,'w',released,MITSOL
24.8675,Key.space,released,MITSOL
25.2121,'a',released,MITSOL
25.2159,'w',pressed,MITSOL
25.2644,'d',pressed,MITSOL
25.4039,'w',released,MITSOL
25.8203,'w',pressed,MITSOL
26.4517,'d',released,MITSOL
26.6916,Key.space,pressed,MITSOL
26.6998,'a',pressed,MITSOL
26.9398,'w',released,MITSOL
26.9710,Mouse.left,pressed,MITSOL
27.0073,Key.space,released,MITSOL
27.0199,'a',released,MITSOL
27.0358,'s',pressed,MITSOL
27.0952,Mouse.left,released,MITSOL
27.1876,Mouse.left,pressed,MITSOL
27.2970,Mouse.left,released,MITSOL
27.4244,'a',pressed,MITSOL
27.4597,'s',released,MITSOL
27.5918,'w',pressed,MITSOL
27.6515,'a',released,MITSOL
27.8558,'w',released,MITSOL
51.6917,'w',pressed,MITSOL
52.2796,'d',pressed,MITSOL
52.8997,'d',released,MITSOL
52.9998,'a',pressed,MITSOL
53.1398,'a',released,MITSOL
53.3918,'a',pressed,MITSOL
53.7437,'a',released,MITSOL
53.8077,'d',pressed,MITSOL
54.2357,'d',released,MITSOL
54.2797,'a',pressed,MITSOL
54.5838,'a',released,MITSOL
55.0674,Key.space,pressed,MITSOL
55.3474,Key.space,released,MITSOL
56.1398,'d',pressed,MITSOL
56.3118,Key.space,pressed,MITSOL
56.6757,Key.space,released,MITSOL
57.3518,'d',released,MITSOL
58.2199,'d',pressed,MITSOL
58.3356,Key.space,pressed,MITSOL
58.6857,Key.space,released,MITSOL
58.7678,'d',released,MITSOL
58.9637,'a',pressed,MITSOL
59.8357,'a',released,MITSOL
59.9999,'a',pressed,MITSOL
60.2118,'w',released,MITSOL
60.6281,'a',released,MITSOL
60.6322,'w',pressed,MITSOL
60.7196,'d',pressed,MITSOL
60.9358,'w',released,MITSOL
61.0281,'s',pressed,MITSOL
61.0676,'d',released,MITSOL
61.0766,Mouse.left,pressed,MITSOL
61.1674,Key.space,pressed,MITSOL
61.1758,'a',pressed,MITSOL
61.2115,Mouse.left,released,MITSOL
61.4074,Key.space,released,MITSOL
61.4160,'s',released,MITSOL
61.5320,'w',pressed,MITSOL
61.5795,Mouse.left,pressed,MITSOL
61.6794,Mouse.left,released,MITSOL
61.7136,'a',released,MITSOL
61.7466,Mouse.left,pressed,MITSOL
61.8428,Mouse.left,released,MITSOL
61.9364,Mouse.left,pressed,MITSOL
62.0485,Mouse.left,released,MITSOL
62.0675,Key.space,pressed,MITSOL
62.1165,'w',released,MITSOL
62.1233,Mouse.left,pressed,MITSOL
62.2275,Key.space,released,MITSOL
62.2327,Mouse.left,released,MITSOL
62.2439,'s',pressed,MITSOL
62.6918,'s',released,MITSOL
64.2801,'w',pressed,MITSOL
64.4078,'a',pressed,MITSOL
64.5886,'w',released,MITSOL
65.3323,'a',released,MITSOL
89.2596,'w',pressed,MITSOL
89.4196,'w',released,MITSOL
91.5197,'w',pressed,MITSOL
92.3519,'a',pressed,MITSOL
92.7198,'a',released,MITSOL
93.0118,'d',pressed,MITSOL
93.0637,'d',released,MITSOL
94.7241,'d',pressed,MITSOL
94.9197,'d',released,MITSOL
95.0997,'a',pressed,MITSOL
95.3317,'a',released,MITSOL
95.4119,'d',pressed,MITSOL
95.5597,'a',pressed,MITSOL
95.5678,'d',released,MITSOL
95.6915,'a',released,MITSOL
95.7038,'d',pressed,MITSOL
96.0316,'d',released,MITSOL
96.0835,Key.space,pressed,MITSOL
96.3080,'d',pressed,MITSOL
96.4242,Key.space,released,MITSOL
96.7320,'d',released,MITSOL
96.7397,'d',pressed,MITSOL
96.8005,'d',released,MITSOL
96.8358,'d',pressed,MITSOL
96.8957,'d',released,MITSOL
96.9354,Key.space,pressed,MITSOL
97.2118,'d',pressed,MITSOL
97.2395,Key.space,released,MITSOL
97.7757,'d',released,MITSOL
98.0038,'d',pressed,MITSOL
98.3002,'d',released,MITSOL
98.4598,'d',pressed,MITSOL
98.7040,'d',released,MITSOL
98.7958,'a',pressed,MITSOL
99.2039,'a',released,MITSOL
99.2199,'d',pressed,MITSOL
99.3879,'d',released,MITSOL
99.4915,Key.space,pressed,MITSOL
99.5357,'a',pressed,MITSOL
99.7514,Key.space,released,MITSOL
99.8446,'w',released,MITSOL
100.6519,'w',pressed,MITSOL
100.9677,'a',released,MITSOL
101.1444,'d',pressed,MITSOL
101.3918,'d',released,MITSOL
101.4716,Key.space,pressed,MITSOL
101.6314,Key.space,released,MITSOL
101.7475,Key.space,pressed,MITSOL
101.9241,'a',pressed,MITSOL
101.9681,'w',released,MITSOL
101.9916,Key.space,released,MITSOL
102.0878,'s',pressed,MITSOL
102.1600,'a',released,MITSOL
102.2678,'a',pressed,MITSOL
102.2939,Mouse.left,pressed,MITSOL
102.3321,'s',released,MITSOL
102.4245,Mouse.left,released,MITSOL
102.5558,'w',pressed,MITSOL
102.7877,'a',released,MITSOL
103.0479,'a',pressed,MITSOL
103.4156,'w',released,MITSOL
103.5198,'s',pressed,MITSOL
103.5958,Key.space,pressed,MITSOL
103.6449,Mouse.left,pressed,MITSOL
103.7506,Mouse.left,released,MITSOL
103.8114,Mouse.left,pressed,MITSOL
103.8477,Key.space,released,MITSOL
103.9145,Mouse.left,released,MITSOL
103.9437,'a',released,MITSOL
103.9838,Mouse.left,pressed,MITSOL
103.9841,'d',pressed,MITSOL
104.0559,'s',released,MITSOL
104.0956,Mouse.left,released,MITSOL
104.2722,'w',pressed,MITSOL
104.2805,Mouse.left,pressed,MITSOL
104.3514,Key.space,pressed,MITSOL
104.4067,Mouse.left,released,MITSOL
104.5060,Mouse.left,pressed,MITSOL
104.5395,Key.space,released,MITSOL
104.6008,Mouse.left,released,MITSOL
104.6641,'w',released,MITSOL
104.6797,Mouse.left,pressed,MITSOL
104.7933,Mouse.left,released,MITSOL
104.8727,Mouse.left,pressed,MITSOL
104.8881,'w',pressed,MITSOL
104.9806,Mouse.left,released,MITSOL
105.0273,Key.space,pressed,MITSOL
105.0815,Mouse.left,pressed,MITSOL
105.1727,Mouse.left,released,MITSOL
105.2073,Key.space,released,MITSOL
105.2539,Mouse.left,pressed,MITSOL
105.3196,Key.space,pressed,MITSOL
105.3516,Mouse.left,released,MITSOL
105.4224,Mouse.left,pressed,MITSOL
105.4438,'w',released,MITSOL
105.4756,Key.space,released,MITSOL
105.4954,Key.space,pressed,MITSOL
105.5056,Mouse.left,released,MITSOL
105.5354,Key.space,released,MITSOL
105.5920,Mouse.left,pressed,MITSOL
105.5997,'s',pressed,MITSOL
105.6808,Mouse.left,released,MITSOL
105.7203,'d',released,MITSOL
105.7788,Mouse.left,pressed,MITSOL
105.8841,'a',pressed,MITSOL
105.8843,Mouse.left,released,MITSOL
105.9669,Mouse.left,pressed,MITSOL
106.0076,Key.space,pressed,MITSOL
106.0767,Mouse.left,released,MITSOL
106.1387,Mouse.left,pressed,MITSOL
106.2198,Key.space,released,MITSOL
106.2437,Mouse.left,released,MITSOL
106.3007,Mouse.left,pressed,MITSOL
106.4109,Mouse.left,released,MITSOL
106.4394,Key.space,pressed,MITSOL
106.4695,Mouse.left,pressed,MITSOL
106.5766,Mouse.left,released,MITSOL
106.6235,Key.space,released,MITSOL
106.6438,Mouse.left,pressed,MITSOL
106.6954,Key.space,pressed,MITSOL
106.7357,'s',released,MITSOL
106.7596,Mouse.left,released,MITSOL
106.8425,Mouse.left,pressed,MITSOL
106.8995,Key.space,released,MITSOL
106.9455,Mouse.left,released,MITSOL
106.9682,'w',pressed,MITSOL
107.0158,'w',released,MITSOL
107.0335,Mouse.left,pressed,MITSOL
107.1865,Mouse.left,released,MITSOL
107.6875,Key.space,pressed,MITSOL
108.0677,Key.space,released,MITSOL
108.1600,'d',pressed,MITSOL
108.1798,'a',released,MITSOL
108.2117,'w',pressed,MITSOL
108.4077,'d',released,MITSOL
109.0038,'d',pressed,MITSOL
109.2315,Key.space,pressed,MITSOL
109.4875,Key.space,released,MITSOL
109.5840,'d',released,MITSOL
110.4678,'a',pressed,MITSOL
110.8398,'a',released,MITSOL
110.9362,'d',pressed,MITSOL
111.0315,Key.space,pressed,MITSOL
111.0718,'d',released,MITSOL
111.2238,'a',pressed,MITSOL
111.2915,Key.space,released,MITSOL
111.3117,'w',released,MITSOL
111.4397,'s',pressed,MITSOL
111.5118,'a',released,MITSOL
111.7322,'d',pressed,MITSOL
111.7759,'s',released,MITSOL
111.8998,'w',pressed,MITSOL
112.9479,'d',released,MITSOL
113.7162,'a',pressed,MITSOL
114.0363,'a',released,MITSOL
114.0883,'d',pressed,MITSOL
114.2364,'d',released,MITSOL
114.5560,'a',pressed,MITSOL
114.7198,'a',released,MITSOL
114.9447,Key.space,pressed,MITSOL
115.1080,'d',pressed,MITSOL
115.2595,Key.space,released,MITSOL
115.7046,'d',released,MITSOL
115.9519,'d',pressed,MITSOL
116.4762,'d',released,MITSOL
117.2155,Key.space,pressed,MITSOL
117.5914,Key.space,released,MITSOL
118.2242,'d',pressed,MITSOL
118.3128,Key.space,pressed,MITSOL
119.0634,Key.space,released,MITSOL
119.1078,'d',released,MITSOL
119.4675,Key.space,pressed,MITSOL
119.8915,Key.space,released,MITSOL
120.0399,'w',released,MITSOL
141.8038,'w',pressed,MITSOL
142.7557,'a',pressed,MITSOL
143.8681,'a',released,MITSOL
144.1035,Key.tab,pressed,MITSOL
144.1079,'w',released,MITSOL
148.1399,'w',pressed,MITSOL
148.1554,Key.tab,released,MITSOL
148.8037,'a',pressed,MITSOL
149.1798,'a',released,MITSOL
150.1918,'a',pressed,MITSOL
150.5037,'a',released,MITSOL
150.9795,Key.space,pressed,MITSOL
151.2715,Key.space,released,MITSOL
151.7916,Key.space,pressed,MITSOL
151.9799,'a',pressed,MITSOL
152.0355,Key.space,released,MITSOL
152.2201,'a',released,MITSOL
153.5718,'a',pressed,MITSOL
153.8559,'w',released,MITSOL
153.9558,'w',pressed,MITSOL
153.9918,'a',released,MITSOL
154.2198,'d',pressed,MITSOL
154.2994,Key.space,pressed,MITSOL
154.5277,'d',released,MITSOL
154.5354,Key.space,released,MITSOL
154.5679,'a',pressed,MITSOL
154.5837,'w',released,MITSOL
154.9521,'s',pressed,MITSOL
155.0439,'a',released,MITSOL
155.1118,'d',pressed,MITSOL
155.2318,'d',released,MITSOL
155.3635,Key.space,pressed,MITSOL
155.5118,'d',pressed,MITSOL
155.7035,Key.space,released,MITSOL
155.7278,'d',released,MITSOL
155.7812,Key.space,pressed,MITSOL
155.8918,'d',pressed,MITSOL
156.2475,Key.space,released,MITSOL
156.2600,'a',pressed,MITSOL
156.2798,'d',released,MITSOL
156.2959,'s',released,MITSOL
156.4482,'w',pressed,MITSOL
156.6957,'a',released,MITSOL
157.1567,Key.space,pressed,MITSOL
157.5396,Key.space,released,MITSOL
157.7717,'a',pressed,MITSOL
157.9398,'w',released,MITSOL
157.9795,Mouse.left,pressed,MITSOL
158.0157,Key.space,pressed,MITSOL
158.0833,Mouse.left,released,MITSOL
158.2015,Mouse.left,pressed,MITSOL
158.2825,Mouse.left,released,MITSOL
158.3639,Key.space,released,MITSOL
158.6080,'d',pressed,MITSOL
158.6118,'w',pressed,MITSOL
158.6198,'a',released,MITSOL
158.6767,Mouse.left,pressed,MITSOL
158.7278,'w',released,MITSOL
158.7517,Key.space,pressed,MITSOL
158.7617,Mouse.left,released,MITSOL
158.8315,Mouse.left,pressed,MITSOL
158.9284,Mouse.left,released,MITSOL
158.9716,Key.space,released,MITSOL
158.9891,Mouse.left,pressed,MITSOL
159.0994,Mouse.left,released,MITSOL
159.1077,'s',pressed,MITSOL
159.1526,Mouse.left,pressed,MITSOL
159.2239,'d',released,MITSOL
159.2647,Mouse.left,released,MITSOL
159.3264,Mouse.left,pressed,MITSOL
159.3554,Key.space,pressed,MITSOL
159.4206,Mouse.left,released,MITSOL
159.5165,Mouse.left,pressed,MITSOL
159.5197,'d',pressed,MITSOL
159.5279,Key.space,released,MITSOL
159.6387,Mouse.left,released,MITSOL
159.6801,'d',released,MITSOL
159.7448,Mouse.left,pressed,MITSOL
159.8318,'s',released,MITSOL
159.8605,Mouse.left,released,MITSOL
171.2236,Key.tab,pressed,MITSOL
171.4515,Key.tab,released,MITSOL
171.5235,Key.tab,pressed,MITSOL
179.6994,Key.tab,released,MITSOL
181.8675,Key.f1,pressed,MITSOL
181.9435,Key.f1,released,MITSOL
183.8234,Key.f1,pressed,MITSOL
183.8997,Key.f1,released,MITSOL
184.5078,'w',pressed,MITSOL
185.3917,'a',pressed,MITSOL
185.5597,'a',released,MITSOL
186.7557,'d',pressed,MITSOL
187.0677,'d',released,MITSOL
188.2559,'d',pressed,MITSOL
188.7239,'d',released,MITSOL
189.0395,Key.space,pressed,MITSOL
189.2637,Key.space,released,MITSOL
190.2238,'d',pressed,MITSOL
190.6040,'d',released,MITSOL
190.8998,'a',pressed,MITSOL
190.9115,Key.space,pressed,MITSOL
191.1638,'a',released,MITSOL
191.1674,Key.space,released,MITSOL
191.3440,'a',pressed,MITSOL
191.6755,Key.space,pressed,MITSOL
191.8683,Key.space,released,MITSOL
191.8730,'w',released,MITSOL
192.1324,'s',pressed,MITSOL
192.2797,'s',released,MITSOL
192.3197,'s',pressed,MITSOL
192.4916,'a',released,MITSOL
192.6682,'a',pressed,MITSOL
192.8119,'a',released,MITSOL
192.8157,'d',pressed,MITSOL
192.8321,'s',released,MITSOL
192.9520,'w',pressed,MITSOL
193.0238,'d',released,MITSOL
193.0997,'a',pressed,MITSOL
193.3456,'a',released,MITSOL
193.6000,Key.space,pressed,MITSOL
193.7922,Key.space,released,MITSOL
193.8517,'a',pressed,MITSOL
193.9474,Key.space,pressed,MITSOL
194.0517,'w',released,MITSOL
194.3036,Key.space,released,MITSOL
194.3322,'w',pressed,MITSOL
194.5720,'w',released,MITSOL
194.9115,Key.space,pressed,MITSOL
195.1116,Key.space,released,MITSOL
195.1199,Mouse.left,pressed,MITSOL
195.1486,'s',pressed,MITSOL
195.2327,Mouse.left,released,MITSOL
195.2855,Mouse.left,pressed,MITSOL
195.3555,Key.space,pressed,MITSOL
195.4025,Mouse.left,released,MITSOL
195.4649,Mouse.left,pressed,MITSOL
195.5478,Key.space,released,MITSOL
195.5692,Mouse.left,released,MITSOL
195.6796,Mouse.left,pressed,MITSOL
195.7081,'a',released,MITSOL
195.7875,Mouse.left,released,MITSOL
195.8747,Mouse.left,pressed,MITSOL
195.8836,Key.space,pressed,MITSOL
195.9689,Mouse.left,released,MITSOL
196.0241,'a',pressed,MITSOL
196.0564,Mouse.left,pressed,MITSOL
196.1655,Mouse.left,released,MITSOL
196.2035,Key.space,released,MITSOL
196.2296,Mouse.left,pressed,MITSOL
196.3289,Mouse.left,released,MITSOL
196.3955,Mouse.left,pressed,MITSOL
196.4935,Mouse.left,released,MITSOL
196.4955,Key.space,pressed,MITSOL
196.5705,Mouse.left,pressed,MITSOL
196.5757,'s',released,MITSOL
196.6520,Key.space,released,MITSOL
196.6665,Mouse.left,released,MITSOL
196.7210,'s',pressed,MITSOL
196.7489,Mouse.left,pressed,MITSOL
196.8599,Mouse.left,released,MITSOL
196.9037,'s',released,MITSOL
196.9959,Key.space,pressed,MITSOL
197.1275,Key.space,released,MITSOL
197.2397,Key.space,pressed,MITSOL
197.3795,Key.space,released,MITSOL
198.3118,'s',pressed,MITSOL
198.3679,'a',released,MITSOL
198.7918,'d',pressed,MITSOL
198.8157,'s',released,MITSOL
198.9358,'w',pressed,MITSOL
199.0080,'d',released,MITSOL
200.2355,'d',pressed,MITSOL
200.5037,'d',released,MITSOL
200.8115,'d',pressed,MITSOL
200.9760,'d',released,MITSOL
201.2395,Key.space,pressed,MITSOL
201.6594,Key.space,released,MITSOL
202.0198,'d',pressed,MITSOL
202.2919,'d',released,MITSOL
202.3918,Key.space,pressed,MITSOL
202.6915,Key.space,released,MITSOL
202.8560,'a',pressed,MITSOL
203.4077,Key.space,pressed,MITSOL
203.6576,Key.space,released,MITSOL
203.6731,'a',released,MITSOL
205.0959,'d',pressed,MITSOL
205.4395,Key.space,pressed,MITSOL
205.6636,Key.space,released,MITSOL
205.9242,'d',released,MITSOL
206.2880,'d',pressed,MITSOL
206.3119,Key.space,pressed,MITSOL
206.5119,'d',released,MITSOL
206.6282,Key.space,released,MITSOL
207.1515,Key.space,pressed,MITSOL
207.2239,'d',pressed,MITSOL
207.6042,'d',released,MITSOL
207.6714,Key.space,released,MITSOL
207.8046,'a',pressed,MITSOL
207.9437,Key.space,pressed,MITSOL
208.1204,'w',released,MITSOL
208.1568,Key.space,released,MITSOL
208.2521,'d',pressed,MITSOL
208.2599,'a',released,MITSOL
208.3950,Mouse.left,pressed,MITSOL
208.5019,Mouse.left,released,MITSOL
208.7160,'d',released,MITSOL
208.7880,'a',pressed,MITSOL
208.7920,'s',pressed,MITSOL
208.8438,'s',released,MITSOL
208.8837,'s',pressed,MITSOL
208.9877,'s',released,MITSOL
209.3556,Key.space,pressed,MITSOL
209.5445,Mouse.left,pressed,MITSOL
209.6245,Key.space,released,MITSOL
209.6599,Mouse.left,released,MITSOL
209.7296,Mouse.left,pressed,MITSOL
209.8252,Mouse.left,released,MITSOL
210.1200,'a',released,MITSOL
210.1397,'d',pressed,MITSOL
210.1597,'w',pressed,MITSOL
210.8199,'w',released,MITSOL
211.1439,'w',pressed,MITSOL
211.1846,'d',released,MITSOL
211.3101,Mouse.left,pressed,MITSOL
211.3638,Key.space,pressed,MITSOL
211.4139,Mouse.left,released,MITSOL
211.4441,'a',pressed,MITSOL
211.5365,Mouse.left,pressed,MITSOL
211.6306,Mouse.left,released,MITSOL
211.6398,'w',released,MITSOL
211.7367,Mouse.left,pressed,MITSOL
211.8165,Mouse.left,released,MITSOL
211.9075,Key.space,released,MITSOL
212.0520,'w',pressed,MITSOL
212.2438,'a',released,MITSOL
212.2758,'w',released,MITSOL
223.1841,Key.tab,pressed,MITSOL
232.8275,Key.tab,released,MITSOL
233.4643,'w',pressed,MITSOL
234.4920,'d',pressed,MITSOL
234.6917,'d',released,MITSOL
235.0075,Key.space,pressed,MITSOL
235.2914,Key.space,released,MITSOL
235.5438,'a',pressed,MITSOL
235.9077,Key.space,pressed,MITSOL
236.0518,'a',released,MITSOL
236.2275,Key.space,released,MITSOL
236.5880,'d',pressed,MITSOL
237.0398,'d',released,MITSOL
237.4039,'a',pressed,MITSOL
237.5767,'a',released,MITSOL
237.6395,Key.space,pressed,MITSOL
237.8639,'d',pressed,MITSOL
237.9315,Key.space,released,MITSOL
238.0638,'d',released,MITSOL
238.2958,Key.space,pressed,MITSOL
238.4521,'a',pressed,MITSOL
238.5234,Key.space,released,MITSOL
239.0611,Key.space,pressed,MITSOL
239.2438,'a',released,MITSOL
239.2874,Key.space,released,MITSOL
239.6957,'d',pressed,MITSOL
239.9234,Key.space,pressed,MITSOL
240.0917,'d',released,MITSOL
240.1076,Key.space,released,MITSOL
241.0920,'d',pressed,MITSOL
241.5838,'w',released,MITSOL
241.7919,'w',pressed,MITSOL
241.8117,'d',released,MITSOL
241.8477,'a',pressed,MITSOL
241.8778,Mouse.left,pressed,MITSOL
241.8879,'w',released,MITSOL
241.9877,'s',pressed,MITSOL
242.0078,Mouse.left,released,MITSOL
242.1154,Key.space,pressed,MITSOL
242.1225,Mouse.left,pressed,MITSOL
242.2024,Mouse.left,released,MITSOL
242.3001,'a',released,MITSOL
242.3234,Key.space,released,MITSOL
242.3264,Mouse.left,pressed,MITSOL
242.3759,'d',pressed,MITSOL
242.4398,'s',released,MITSOL
242.5137,Mouse.left,released,MITSOL
242.5401,'s',pressed,MITSOL
242.5999,'d',released,MITSOL
242.6232,Mouse.left,pressed,MITSOL
242.6761,'a',pressed,MITSOL
242.7317,Mouse.left,released,MITSOL
242.8081,Key.space,pressed,MITSOL
242.8103,Mouse.left,pressed,MITSOL
242.9055,Mouse.left,released,MITSOL
242.9835,Mouse.left,pressed,MITSOL
243.0435,Key.space,released,MITSOL
243.0605,Mouse.left,released,MITSOL
243.1797,Mouse.left,pressed,MITSOL
243.2439,Key.space,pressed,MITSOL
243.2706,Mouse.left,released,MITSOL
243.3678,Mouse.left,pressed,MITSOL
243.4596,Mouse.left,released,MITSOL
243.4635,Key.space,released,MITSOL
243.4883,'s',released,MITSOL
243.5679,Mouse.left,pressed,MITSOL
243.6691,Mouse.left,released,MITSOL
243.6973,Mouse.right,pressed,MITSOL
243.7477,Mouse.left,pressed,MITSOL
243.7682,'s',pressed,MITSOL
243.7722,Mouse.right,released,MITSOL
243.7756,Key.space,pressed,MITSOL
243.8628,Mouse.left,released,MITSOL
243.9385,Mouse.left,pressed,MITSOL
244.0508,Mouse.left,released,MITSOL
244.0840,Key.space,released,MITSOL
244.1531,Mouse.left,pressed,MITSOL
244.2563,Mouse.left,released,MITSOL
244.2797,Key.space,pressed,MITSOL
244.3577,Mouse.left,pressed,MITSOL
244.4461,Mouse.left,released,MITSOL
244.5105,Mouse.left,pressed,MITSOL
244.5198,Key.space,released,MITSOL
244.6259,Mouse.left,released,MITSOL
244.6516,Key.space,pressed,MITSOL
244.6786,Mouse.left,pressed,MITSOL
244.7926,Mouse.left,released,MITSOL
244.8515,Key.space,released,MITSOL
244.8675,Mouse.left,pressed,MITSOL
244.8719,'a',released,MITSOL
244.9397,'d',pressed,MITSOL
244.9795,Mouse.left,released,MITSOL
245.1078,'s',released,MITSOL
245.3730,Mouse.left,pressed,MITSOL
245.4315,Key.space,pressed,MITSOL
245.4716,Mouse.left,released,MITSOL
245.6435,Key.space,released,MITSOL
245.6518,'d',released,MITSOL
251.0196,Key.f1,pressed,MITSOL
251.0714,Key.f1,released,MITSOL
268.7355,Key.tab,pressed,MITSOL
271.0154,Key.tab,released,MITSOL
271.8362,'w',pressed,MITSOL
272.1354,Key.space,pressed,MITSOL
272.3888,Key.space,released,MITSOL
273.5475,Key.space,pressed,MITSOL
273.8515,Key.space,released,MITSOL
274.1041,'d',pressed,MITSOL
274.1363,'w',released,MITSOL
274.3798,'w',pressed,MITSOL
274.5918,'d',released,MITSOL
274.6197,Key.space,pressed,MITSOL
274.7077,'a',pressed,MITSOL
274.8315,Key.space,released,MITSOL
275.4918,'a',released,MITSOL
275.8522,'d',pressed,MITSOL
276.5235,'d',released,MITSOL
277.9155,Key.space,pressed,MITSOL
278.2278,'d',pressed,MITSOL
278.2318,Key.space,released,MITSOL
278.5367,'d',released,MITSOL
279.3878,'a',pressed,MITSOL
279.4436,Key.space,pressed,MITSOL
279.6837,Key.space,released,MITSOL
279.8081,'w',released,MITSOL
280.1519,'w',pressed,MITSOL
280.3798,'w',released,MITSOL
280.6522,'w',pressed,MITSOL
280.7516,Key.space,pressed,MITSOL
280.9482,'a',released,MITSOL
280.9673,Key.space,released,MITSOL
280.9760,'d',pressed,MITSOL
281.0080,'w',released,MITSOL
281.2723,'w',pressed,MITSOL
281.6285,'d',released,MITSOL
281.7479,'d',pressed,MITSOL
281.9957,'d',released,MITSOL
282.3954,Key.space,pressed,MITSOL
282.4550,Mouse.left,pressed,MITSOL
282.5682,'d',pressed,MITSOL
282.5700,Mouse.left,released,MITSOL
282.6557,Mouse.left,pressed,MITSOL
282.7559,'d',released,MITSOL
282.7596,Mouse.left,released,MITSOL
282.8732,Mouse.left,pressed,MITSOL
282.8884,Key.space,released,MITSOL
282.9680,'a',pressed,MITSOL
282.9795,Mouse.left,released,MITSOL
283.0079,'w',released,MITSOL
283.0734,Mouse.left,pressed,MITSOL
283.1616,Mouse.left,released,MITSOL
283.2960,'a',released,MITSOL
301.8677,'w',pressed,MITSOL
302.3240,Key.space,pressed,MITSOL
302.6875,Key.space,released,MITSOL
303.2198,Key.space,pressed,MITSOL
303.6195,Key.space,released,MITSOL
304.2946,'a',pressed,MITSOL
304.4395,Key.space,pressed,MITSOL
304.6159,'a',released,MITSOL
304.6875,Key.space,released,MITSOL
305.9240,Key.space,pressed,MITSOL
306.2155,Key.space,released,MITSOL
307.3922,'a',pressed,MITSOL
307.4514,Key.space,pressed,MITSOL
307.6197,'a',released,MITSOL
307.7156,Key.space,released,MITSOL
307.7200,'d',pressed,MITSOL
307.9082,'w',released,MITSOL
308.1478,'w',pressed,MITSOL
308.3240,'d',released,MITSOL
308.6676,Key.space,pressed,MITSOL
308.8758,'a',pressed,MITSOL
308.9235,Key.space,released,MITSOL
309.3927,'a',released,MITSOL
309.5320,'d',pressed,MITSOL
309.6515,Key.space,pressed,MITSOL
310.0003,Key.space,released,MITSOL
310.0238,'w',released,MITSOL
310.7795,Key.space,pressed,MITSOL
311.3155,Key.space,released,MITSOL
311.5003,'w',pressed,MITSOL
312.5648,'d',released,MITSOL
312.6196,Key.space,pressed,MITSOL
313.1082,Key.space,released,MITSOL
313.6639,'a',pressed,MITSOL
313.9798,'a',released,MITSOL
314.0157,Key.space,pressed,MITSOL
314.2595,Key.space,released,MITSOL
314.9042,'d',pressed,MITSOL
314.9316,'d',released,MITSOL
315.0082,'a',pressed,MITSOL
315.3768,'a',released,MITSOL
316.0041,'d',pressed,MITSOL
316.2679,'d',released,MITSOL
316.9155,Key.space,pressed,MITSOL
317.1836,Key.space,released,MITSOL
317.5599,'d',pressed,MITSOL
317.6998,Key.space,pressed,MITSOL
318.0875,Key.space,released,MITSOL
318.1318,'d',released,MITSOL
318.3478,'a',pressed,MITSOL
318.5961,Key.space,pressed,MITSOL
318.8077,'a',released,MITSOL
318.8555,Key.space,released,MITSOL
319.1605,'a',pressed,MITSOL
319.4605,'a',released,MITSOL
320.1158,'a',pressed,MITSOL
320.1595,Key.space,pressed,MITSOL
320.3398,'w',released,MITSOL
320.3837,Key.space,released,MITSOL
321.1839,'w',pressed,MITSOL
321.4001,'a',released,MITSOL
321.6797,Key.space,pressed,MITSOL
322.0318,'d',pressed,MITSOL
322.0756,Key.space,released,MITSOL
322.3198,'d',released,MITSOL
322.4319,'d',pressed,MITSOL
322.6234,Key.space,pressed,MITSOL
322.9235,Key.space,released,MITSOL
323.0038,'d',released,MITSOL
323.3155,Key.space,pressed,MITSOL
323.4875,Key.space,released,MITSOL
323.6478,Key.space,pressed,MITSOL
323.7599,'d',pressed,MITSOL
323.8675,Key.space,released,MITSOL
324.1445,'a',pressed,MITSOL
324.1681,'d',released,MITSOL
324.2317,'d',pressed,MITSOL
324.2357,'d',released,MITSOL
324.2958,'a',released,MITSOL
324.2998,'d',pressed,MITSOL
324.3475,Key.space,pressed,MITSOL
324.4877,'a',pressed,MITSOL
324.5236,Key.space,released,MITSOL
324.6238,'a',released,MITSOL
324.8239,'a',pressed,MITSOL
325.2275,Key.space,pressed,MITSOL
325.4395,Key.space,released,MITSOL
325.6362,'w',released,MITSOL
325.6401,'d',released,MITSOL
325.9198,'w',pressed,MITSOL
326.0835,Key.space,pressed,MITSOL
326.3155,Key.space,released,MITSOL
326.3597,'a',released,MITSOL
327.5235,Key.space,pressed,MITSOL
327.8756,Key.space,released,MITSOL
328.1119,'d',pressed,MITSOL
328.3837,Key.space,pressed,MITSOL
328.6714,Key.space,released,MITSOL
328.6958,'d',released,MITSOL
329.2518,'d',pressed,MITSOL
329.3805,'d',released,MITSOL
329.8526,'d',pressed,MITSOL
330.1116,Key.space,pressed,MITSOL
330.3758,'w',released,MITSOL
330.3795,Key.space,released,MITSOL
330.5080,'d',released,MITSOL
330.5127,'a',pressed,MITSOL
330.7997,'w',pressed,MITSOL
330.9755,Key.space,pressed,MITSOL
331.2519,Key.space,released,MITSOL
331.2839,'a',released,MITSOL
332.1679,'a',pressed,MITSOL
332.2116,Key.space,pressed,MITSOL
332.4287,Key.space,released,MITSOL
332.4682,'d',pressed,MITSOL
332.4761,'a',released,MITSOL
332.7038,'d',released,MITSOL
333.1002,'a',pressed,MITSOL
333.3597,Key.space,pressed,MITSOL
333.6081,'a',released,MITSOL
333.7875,Key.space,released,MITSOL
334.2847,'a',pressed,MITSOL
334.3756,Key.space,pressed,MITSOL
334.4679,'a',released,MITSOL
334.8355,Key.space,released,MITSOL
335.3043,'a',pressed,MITSOL
335.5482,'a',released,MITSOL
335.7767,'d',pressed,MITSOL
335.8915,Key.space,pressed,MITSOL
336.2717,Key.space,released,MITSOL
336.6197,'d',released,MITSOL
336.6917,'d',pressed,MITSOL
336.9594,Key.space,pressed,MITSOL
337.3034,Key.space,released,MITSOL
337.9598,'d',released,MITSOL
338.4119,'d',pressed,MITSOL
338.7077,Key.space,pressed,MITSOL
338.8598,'d',released,MITSOL
338.9195,Key.space,released,MITSOL
339.0199,'a',pressed,MITSOL
339.1842,'d',pressed,MITSOL
339.2082,'a',released,MITSOL
339.3764,'a',pressed,MITSOL
339.4039,'d',released,MITSOL
339.5962,'d',pressed,MITSOL
339.6440,'w',released,MITSOL
339.7765,'w',pressed,MITSOL
339.9000,'d',released,MITSOL
340.0202,'a',released,MITSOL
340.2559,'d',pressed,MITSOL
340.5882,'a',pressed,MITSOL
340.5962,'d',released,MITSOL
340.8999,Key.space,pressed,MITSOL
340.9598,'a',released,MITSOL
341.2594,Key.space,released,MITSOL
341.2800,'a',pressed,MITSOL
341.4808,'a',released,MITSOL
341.4837,'d',pressed,MITSOL
341.8239,'a',pressed,MITSOL
342.4239,'d',released,MITSOL
342.4399,'w',released,MITSOL
342.4883,Key.space,pressed,MITSOL
342.5519,'s',pressed,MITSOL
342.6644,'a',released,MITSOL
342.6959,'d',pressed,MITSOL
342.7315,Key.space,released,MITSOL
342.7675,Key.space,pressed,MITSOL
342.8127,Mouse.left,pressed,MITSOL
342.8860,Mouse.left,released,MITSOL
343.0237,Key.space,released,MITSOL
343.0682,'s',released,MITSOL
343.2958,'w',pressed,MITSOL
343.3354,Key.space,pressed,MITSOL
343.5201,'w',released,MITSOL
343.6758,Key.space,released,MITSOL
343.7839,'s',pressed,MITSOL
343.7928,Mouse.left,pressed,MITSOL
343.9087,Mouse.left,released,MITSOL
343.9558,'d',released,MITSOL
343.9678,'a',pressed,MITSOL
343.9746,Mouse.left,pressed,MITSOL
344.0554,Key.space,pressed,MITSOL
344.0746,Mouse.left,released,MITSOL
344.1695,Mouse.left,pressed,MITSOL
344.2240,'s',released,MITSOL
344.2747,Mouse.left,released,MITSOL
344.3035,Key.space,released,MITSOL
344.4522,'w',pressed,MITSOL
344.4786,Mouse.left,pressed,MITSOL
344.4995,Key.space,pressed,MITSOL
344.5437,'w',released,MITSOL
344.5698,Mouse.left,released,MITSOL
344.6046,'d',pressed,MITSOL
344.6498,Mouse.left,pressed,MITSOL
344.7117,'a',released,MITSOL
344.7514,Key.space,released,MITSOL
344.7588,Mouse.left,released,MITSOL
344.8161,Mouse.left,pressed,MITSOL
344.9248,Mouse.left,released,MITSOL
344.9815,Mouse.left,pressed,MITSOL
345.0856,Mouse.left,released,MITSOL
345.1075,Key.space,pressed,MITSOL
345.1722,'w',pressed,MITSOL
345.2415,Mouse.left,pressed,MITSOL
345.3266,Mouse.left,released,MITSOL
345.4438,Mouse.left,pressed,MITSOL
345.4516,Key.space,released,MITSOL
345.5038,'w',released,MITSOL
345.5559,Mouse.left,released,MITSOL
345.6495,Mouse.left,pressed,MITSOL
345.6560,'w',pressed,MITSOL
345.7035,Key.space,pressed,MITSOL
345.7515,Mouse.left,released,MITSOL
345.8353,Mouse.left,pressed,MITSOL
345.9546,Mouse.left,released,MITSOL
345.9998,Key.space,released,MITSOL
346.0930,'d',released,MITSOL
346.2161,'a',pressed,MITSOL
346.2605,'w',released,MITSOL
346.5597,'s',pressed,MITSOL
346.5785,Mouse.left,pressed,MITSOL
346.6476,Key.space,pressed,MITSOL
346.6928,Mouse.left,released,MITSOL
346.7641,Mouse.left,pressed,MITSOL
346.7679,'s',released,MITSOL
346.8595,Key.space,released,MITSOL
346.8816,Mouse.left,released,MITSOL
346.9725,Mouse.left,pressed,MITSOL
347.0920,'a',released,MITSOL
347.0996,Mouse.left,released,MITSOL
372.7242,'w',pressed,MITSOL
373.9484,'d',pressed,MITSOL
374.1837,'d',released,MITSOL
374.2038,'a',pressed,MITSOL
374.5838,'d',pressed,MITSOL
374.5917,'a',released,MITSOL
375.0677,'d',released,MITSOL
375.0959,'a',pressed,MITSOL
375.8399,'d',pressed,MITSOL
375.8518,'a',released,MITSOL
376.2317,'d',released,MITSOL
376.2398,'a',pressed,MITSOL
376.7398,'a',released,MITSOL
376.7639,'d',pressed,MITSOL
377.2478,'d',released,MITSOL
377.2518,'a',pressed,MITSOL
377.6478,'a',released,MITSOL
378.2678,'d',pressed,MITSOL
378.5558,'d',released,MITSOL
378.7078,'a',pressed,MITSOL
379.1161,'d',pressed,MITSOL
379.2037,'a',released,MITSOL
380.3277,'w',released,MITSOL
381.1520,'w',pressed,MITSOL
381.6079,'a',pressed,MITSOL
381.6598,'d',released,MITSOL
381.7358,'w',released,MITSOL
382.0878,'w',pressed,MITSOL
382.1118,'d',pressed,MITSOL
382.1438,'a',released,MITSOL
382.4639,'w',released,MITSOL
382.5877,'w',pressed,MITSOL
382.7161,'d',released,MITSOL
383.3758,'a',pressed,MITSOL
383.5401,'w',released,MITSOL
383.8280,'w',pressed,MITSOL
384.0359,'a',released,MITSOL
385.0399,'a',pressed,MITSOL
385.2518,'a',released,MITSOL
385.2639,'d',pressed,MITSOL
385.6756,'d',released,MITSOL
385.6918,'a',pressed,MITSOL
386.0438,'a',released,MITSOL
386.0478,'d',pressed,MITSOL
387.6078,'d',released,MITSOL
387.7198,'a',pressed,MITSOL
388.4439,'a',released,MITSOL
388.6756,'a',pressed,MITSOL
388.7799,'w',released,MITSOL
388.8040,'d',pressed,MITSOL
388.8159,'a',released,MITSOL
389.0441,'w',pressed,MITSOL
389.2316,'d',released,MITSOL
389.7439,'d',pressed,MITSOL
389.8919,'w',released,MITSOL
390.1438,'w',pressed,MITSOL
390.3317,'d',released,MITSOL
390.3919,'a',pressed,MITSOL
390.5240,'a',released,MITSOL
390.5762,'d',pressed,MITSOL
390.8728,'d',released,MITSOL
391.2438,'a',pressed,MITSOL
391.5159,'a',released,MITSOL
391.7116,Key.space,pressed,MITSOL
391.7878,'a',pressed,MITSOL
391.8915,Key.space,released,MITSOL
391.9315,'w',released,MITSOL
392.8555,'w',pressed,MITSOL
393.0679,'a',released,MITSOL
393.0958,'d',pressed,MITSOL
393.1639,'w',released,MITSOL
393.2758,'w',pressed,MITSOL
393.3399,'w',released,MITSOL
393.8639,'w',pressed,MITSOL
393.8920,'d',released,MITSOL
393.9000,'a',pressed,MITSOL
393.9438,'w',released,MITSOL
393.9827,Mouse.left,pressed,MITSOL
394.0827,Mouse.left,released,MITSOL
394.3565,'w',pressed,MITSOL
394.4998,'a',released,MITSOL
394.7158,'w',released,MITSOL
394.7438,'a',pressed,MITSOL
394.7918,'a',released,MITSOL
394.8199,'a',pressed,MITSOL
394.8439,'s',pressed,MITSOL
394.9598,'s',released,MITSOL
395.0598,'w',pressed,MITSOL
395.0838,'a',released,MITSOL
395.3400,'d',pressed,MITSOL
395.3561,'w',released,MITSOL
395.6040,'w',pressed,MITSOL
395.7039,'d',released,MITSOL
395.8399,'a',pressed,MITSOL
395.8717,'w',released,MITSOL
395.8759,'a',released,MITSOL
396.6078,'w',pressed,MITSOL
396.6200,'a',pressed,MITSOL
396.9160,'a',released,MITSOL
397.1764,'w',released,MITSOL
397.1853,'a',pressed,MITSOL
397.3200,'s',pressed,MITSOL
397.6644,'s',released,MITSOL
397.7482,'s',pressed,MITSOL
397.9522,'s',released,MITSOL
398.0597,'w',pressed,MITSOL
398.0839,'a',released,MITSOL
398.1877,'d',pressed,MITSOL
398.3238,'d',released,MITSOL
398.3365,'a',pressed,MITSOL
398.4599,'w',released,MITSOL
398.5881,'s',pressed,MITSOL
398.6558,'s',released,MITSOL
398.7398,'w',pressed,MITSOL
398.7638,'a',released,MITSOL
399.1799,'d',pressed,MITSOL
399.2001,'w',released,MITSOL
399.3159,'s',pressed,MITSOL
399.4118,'s',released,MITSOL
399.4999,'w',pressed,MITSOL
399.5478,'d',released,MITSOL
399.8684,'a',pressed,MITSOL
399.9246,'w',released,MITSOL
400.0399,'w',pressed,MITSOL
400.0841,'a',released,MITSOL
400.6198,'d',pressed,MITSOL
401.1880,'d',released,MITSOL
401.4518,'d',pressed,MITSOL
401.8647,'d',released,MITSOL
402.1442,'a',pressed,MITSOL
402.4240,'w',released,MITSOL
402.7639,'w',pressed,MITSOL
402.8724,'a',released,MITSOL
403.3836,'a',pressed,MITSOL
404.5964,'a',released,MITSOL
405.2199,'a',pressed,MITSOL
405.2639,'w',released,MITSOL
405.3523,'a',released,MITSOL
408.0519,'d',pressed,MITSOL
408.1161,'w',pressed,MITSOL
408.6248,'d',released,MITSOL
408.8479,'a',pressed,MITSOL
409.4919,'w',released,MITSOL
409.7327,'w',pressed,MITSOL
409.8560,'a',released,MITSOL
410.2040,'a',pressed,MITSOL
410.2644,'w',released,MITSOL
410.3843,'s',pressed,MITSOL
410.4407,'a',released,MITSOL
410.5045,'d',pressed,MITSOL
410.5837,'s',released,MITSOL
410.7279,'w',pressed,MITSOL
411.1525,'d',released,MITSOL
411.2076,'a',pressed,MITSOL
411.2237,Key.space,pressed,MITSOL
411.2826,Mouse.left,pressed,MITSOL
411.3599,'w',released,MITSOL
411.4147,Mouse.left,released,MITSOL
411.4715,Key.space,released,MITSOL
411.6119,'a',released,MITSOL
411.6849,'d',pressed,MITSOL
411.7840,'w',pressed,MITSOL
412.5398,'d',released,MITSOL
412.6078,'a',pressed,MITSOL
413.1723,'a',released,MITSOL
414.0161,'w',released,MITSOL
414.1839,'d',pressed,MITSOL
414.1998,'w',pressed,MITSOL
415.5286,'d',released,MITSOL
416.2839,'d',pressed,MITSOL
416.5199,'d',released,MITSOL
417.4919,Key.f1,pressed,MITSOL
417.6075,Key.f1,released,MITSOL
417.8755,'d',pressed,MITSOL
418.0644,'d',released,MITSOL
418.2917,'d',pressed,MITSOL
418.6598,'d',released,MITSOL
419.0763,'d',pressed,MITSOL
419.4172,'d',released,MITSOL
420.2122,'w',released,MITSOL
420.7878,'a',pressed,MITSOL
420.9721,'a',released,MITSOL
425.3796,Key.esc,pressed,MITSOL
425.4596,Key.esc,released,MITSOL
428.2075,Key.alt_l,pressed,MITSOL
428.7877,Key.tab,pressed,MITSOL
428.9247,Key.tab,released,MITSOL
428.9999,Key.alt_l,released,MITSOL
431.2657,Mouse.left,pressed,MITSOL
431.3257,Mouse.left,released,MITSOL
433.4715,Mouse.left,pressed,MITSOL
433.5791,Mouse.left,released,MITSOL
437.0045,Mouse.left,pressed,MITSOL
437.1154,Mouse.left,released,MITSOL
438.1783,'w',pressed,MITSOL
438.6329,'d',pressed,MITSOL
439.0921,'d',released,MITSOL
439.8880,'a',pressed,MITSOL
440.1081,'a',released,MITSOL
440.5526,'d',pressed,MITSOL
440.7448,'d',released,MITSOL
443.2036,'a',pressed,MITSOL
443.4642,'a',released,MITSOL
443.7679,'a',pressed,MITSOL
444.2760,'a',released,MITSOL
444.5761,'d',pressed,MITSOL
444.6878,'w',released,MITSOL
444.8762,'w',pressed,MITSOL
445.4915,Key.space,pressed,MITSOL
445.7479,'d',released,MITSOL
445.7714,Key.space,released,MITSOL
445.8880,'a',pressed,MITSOL
446.1157,'w',released,MITSOL
446.3438,'w',pressed,MITSOL
446.3638,'a',released,MITSOL
446.6878,'d',pressed,MITSOL
446.7999,'d',released,MITSOL
446.8604,Mouse.left,pressed,MITSOL
446.8642,'w',released,MITSOL
446.9515,Key.space,pressed,MITSOL
446.9637,'a',pressed,MITSOL
446.9879,Mouse.left,released,MITSOL
447.1415,Mouse.left,pressed,MITSOL
447.1639,'s',pressed,MITSOL
447.2234,Key.space,released,MITSOL
447.2438,'a',released,MITSOL
447.2576,Mouse.left,released,MITSOL
447.2959,'s',released,MITSOL
447.3616,Mouse.left,pressed,MITSOL
447.3845,'w',pressed,MITSOL
447.4656,Mouse.left,released,MITSOL
447.5118,'d',pressed,MITSOL
447.5458,Mouse.left,pressed,MITSOL
447.5714,Key.space,pressed,MITSOL
447.6456,Mouse.left,released,MITSOL
447.7196,Mouse.left,pressed,MITSOL
447.8106,Mouse.left,released,MITSOL
447.8761,Mouse.left,pressed,MITSOL
447.9710,Mouse.left,released,MITSOL
447.9835,Key.space,released,MITSOL
448.0082,'d',released,MITSOL
448.0879,'w',released,MITSOL
448.1003,'d',pressed,MITSOL
448.2360,'d',released,MITSOL
448.2677,'d',pressed,MITSOL
448.4077,'w',pressed,MITSOL
448.5555,Key.space,pressed,MITSOL
448.6919,Key.space,released,MITSOL
448.7797,'w',released,MITSOL
448.8314,Key.space,pressed,MITSOL
448.9555,Key.space,released,MITSOL
449.3514,Key.space,pressed,MITSOL
449.5114,Key.space,released,MITSOL
449.6806,'s',pressed,MITSOL
449.7039,'d',released,MITSOL
449.7437,'a',pressed,MITSOL
449.7798,'s',released,MITSOL
450.3286,Mouse.left,pressed,MITSOL
450.3354,Key.space,pressed,MITSOL
450.4335,Mouse.left,released,MITSOL
450.4795,Key.space,released,MITSOL
450.4985,Mouse.left,pressed,MITSOL
450.6028,Mouse.left,released,MITSOL
450.6519,'d',pressed,MITSOL
450.6735,Mouse.left,pressed,MITSOL
450.6877,'a',released,MITSOL
450.7706,Mouse.left,released,MITSOL
450.8495,Mouse.left,pressed,MITSOL
450.8834,Key.space,pressed,MITSOL
450.8878,'w',pressed,MITSOL
450.9538,Mouse.left,released,MITSOL
451.0155,Mouse.left,pressed,MITSOL
451.0234,Key.space,released,MITSOL
451.1176,Mouse.left,released,MITSOL
451.1439,'w',released,MITSOL
451.1474,Key.space,pressed,MITSOL
451.1809,Mouse.left,pressed,MITSOL
451.2278,'a',pressed,MITSOL
451.2359,'w',pressed,MITSOL
451.2518,'d',released,MITSOL
451.2755,Key.space,released,MITSOL
451.2948,Mouse.left,released,MITSOL
451.3455,Mouse.left,pressed,MITSOL
451.3755,Key.space,pressed,MITSOL
451.4039,'w',released,MITSOL
451.4705,Mouse.left,released,MITSOL
451.5079,Key.space,released,MITSOL
451.5389,Mouse.left,pressed,MITSOL
451.6570,Mouse.left,released,MITSOL
451.7209,Mouse.left,pressed,MITSOL
451.7878,Key.space,pressed,MITSOL
451.8347,Mouse.left,released,MITSOL
451.9115,Key.space,released,MITSOL
451.9125,Mouse.left,pressed,MITSOL
451.9954,Key.space,pressed,MITSOL
452.0002,'s',pressed,MITSOL
452.0248,Mouse.left,released,MITSOL
452.0398,'a',released,MITSOL
452.0927,Mouse.left,pressed,MITSOL
452.1118,Key.space,released,MITSOL
452.1246,'d',pressed,MITSOL
452.1717,'s',released,MITSOL
452.1937,Mouse.left,released,MITSOL
452.2655,Mouse.left,pressed,MITSOL
452.3359,'s',pressed,MITSOL
452.3715,Mouse.left,released,MITSOL
452.4555,Mouse.left,pressed,MITSOL
452.5000,'s',released,MITSOL
452.5629,Mouse.left,released,MITSOL
452.6575,Mouse.left,pressed,MITSOL
452.7636,Mouse.left,released,MITSOL
452.8160,'w',pressed,MITSOL
452.8406,Mouse.left,pressed,MITSOL
452.9475,Mouse.left,released,MITSOL
453.0246,Mouse.left,pressed,MITSOL
453.0515,Key.space,pressed,MITSOL
453.0719,'d',released,MITSOL
453.1237,'w',released,MITSOL
453.1415,Mouse.left,released,MITSOL
453.1559,'a',pressed,MITSOL
453.2170,Mouse.left,pressed,MITSOL
453.2237,Key.space,released,MITSOL
453.3202,'s',pressed,MITSOL
453.3295,Mouse.left,released,MITSOL
453.4104,Mouse.left,pressed,MITSOL
453.5315,Mouse.left,released,MITSOL
453.6095,Mouse.left,pressed,MITSOL
453.7235,Mouse.left,released,MITSOL
453.7959,Mouse.left,pressed,MITSOL
453.8121,'a',released,MITSOL
453.9075,Mouse.left,released,MITSOL
453.9478,'a',pressed,MITSOL
453.9957,Mouse.left,pressed,MITSOL
453.9959,Key.space,pressed,MITSOL
454.1113,Mouse.left,released,MITSOL
454.1787,Mouse.left,pressed,MITSOL
454.1994,Key.space,released,MITSOL
454.2479,'s',released,MITSOL
454.2876,Mouse.left,released,MITSOL
454.3668,Mouse.left,pressed,MITSOL
454.4717,Mouse.left,released,MITSOL
454.5695,Mouse.left,pressed,MITSOL
454.6614,Mouse.left,released,MITSOL
454.7439,Key.space,pressed,MITSOL
454.7815,Mouse.left,pressed,MITSOL
454.8855,Mouse.left,released,MITSOL
454.9196,Key.space,released,MITSOL
455.0359,'a',released,MITSOL
464.6646,'a',pressed,MITSOL
465.2518,'a',released,MITSOL
465.4958,'d',pressed,MITSOL
465.6562,'w',pressed,MITSOL
466.2277,'w',released,MITSOL
466.4918,'w',pressed,MITSOL
466.5958,'d',released,MITSOL
466.7838,'d',pressed,MITSOL
466.8039,'w',released,MITSOL
466.9396,'w',pressed,MITSOL
467.0116,'d',released,MITSOL
467.2159,'d',pressed,MITSOL
467.3198,'w',released,MITSOL
467.4557,'w',pressed,MITSOL
467.4919,'d',released,MITSOL
467.7079,'a',pressed,MITSOL
467.8238,'a',released,MITSOL
467.8279,'d',pressed,MITSOL
468.0041,'d',released,MITSOL
468.1234,'d',pressed,MITSOL
468.1281,'w',released,MITSOL
468.3039,'a',pressed,MITSOL
468.3799,'d',released,MITSOL
468.4438,'w',pressed,MITSOL
468.7877,'a',released,MITSOL
468.8325,'d',pressed,MITSOL
469.0760,'d',released,MITSOL
469.1518,'a',pressed,MITSOL
469.4038,'a',released,MITSOL
469.4558,'d',pressed,MITSOL
469.6438,'a',pressed,MITSOL
469.6718,'d',released,MITSOL
469.8078,'a',released,MITSOL
469.9315,Key.space,pressed,MITSOL
470.1636,Key.space,released,MITSOL
470.2998,'a',pressed,MITSOL
470.6519,'a',released,MITSOL
470.7000,'d',pressed,MITSOL
470.8755,Key.space,pressed,MITSOL
471.0396,Key.space,released,MITSOL
471.0678,'d',released,MITSOL
471.0877,'a',pressed,MITSOL
471.2438,'w',released,MITSOL
471.5278,'w',pressed,MITSOL
471.7797,'a',released,MITSOL
472.7678,'a',pressed,MITSOL
472.8198,'a',released,MITSOL
473.2837,'a',pressed,MITSOL
473.5523,Key.space,pressed,MITSOL
473.7918,Key.space,released,MITSOL
473.8600,'a',released,MITSOL
474.2317,'d',pressed,MITSOL
475.7400,'d',released,MITSOL
475.9479,'a',pressed,MITSOL
475.9799,'a',released,MITSOL
476.4974,Mouse.left,pressed,MITSOL
476.5314,Key.space,pressed,MITSOL
476.5358,'d',pressed,MITSOL
476.5932,Mouse.left,released,MITSOL
476.6955,Mouse.left,pressed,MITSOL
476.7876,Mouse.left,released,MITSOL
476.7956,Key.space,released,MITSOL
476.8719,'d',released,MITSOL
476.9440,'w',released,MITSOL
476.9639,'a',pressed,MITSOL
477.0096,Mouse.left,pressed,MITSOL
477.0557,'s',pressed,MITSOL
477.0994,Mouse.left,released,MITSOL
477.1041,Key.space,pressed,MITSOL
477.1847,Mouse.left,pressed,MITSOL
477.2679,'s',released,MITSOL
477.2716,Mouse.left,released,MITSOL
477.3196,Key.space,released,MITSOL
477.3457,Mouse.left,pressed,MITSOL
477.4410,Mouse.left,released,MITSOL
477.4676,Key.space,pressed,MITSOL
477.4924,Mouse.left,pressed,MITSOL
477.5838,Key.space,released,MITSOL
477.5847,Mouse.left,released,MITSOL
477.6410,Mouse.left,pressed,MITSOL
477.6717,Key.space,pressed,MITSOL
477.7040,'d',pressed,MITSOL
477.7280,'a',released,MITSOL
477.7553,Mouse.left,released,MITSOL
477.7875,Key.space,released,MITSOL
477.9997,'w',pressed,MITSOL
478.3915,Key.space,pressed,MITSOL
478.4321,'w',released,MITSOL
478.4421,Mouse.left,pressed,MITSOL
478.5537,Mouse.left,released,MITSOL
478.6475,Key.space,released,MITSOL
478.6738,Mouse.left,pressed,MITSOL
478.7535,Mouse.left,released,MITSOL
478.8684,Mouse.left,pressed,MITSOL
478.9237,Mouse.left,released,MITSOL
479.1074,Key.space,pressed,MITSOL
479.1518,'s',pressed,MITSOL
479.1915,Key.space,released,MITSOL
479.4843,'s',released,MITSOL
479.5075,Key.space,pressed,MITSOL
479.6604,Key.space,released,MITSOL
479.6720,'s',pressed,MITSOL
479.7241,'d',released,MITSOL
479.7476,Key.space,pressed,MITSOL
479.9157,'a',pressed,MITSOL
480.0996,Key.space,released,MITSOL
480.2035,Key.space,pressed,MITSOL
480.2597,'a',released,MITSOL
480.4756,Key.space,released,MITSOL
480.6437,'d',pressed,MITSOL
480.6758,'s',released,MITSOL
480.9195,'w',pressed,MITSOL
481.0838,'d',released,MITSOL
481.3682,Key.space,pressed,MITSOL
481.3935,Mouse.left,pressed,MITSOL
481.5103,Mouse.left,released,MITSOL
481.5880,'w',released,MITSOL
481.5917,'d',pressed,MITSOL
481.6017,Mouse.left,pressed,MITSOL
481.6235,Key.space,released,MITSOL
481.7117,'s',pressed,MITSOL
481.7266,Mouse.left,released,MITSOL
481.7755,Key.space,pressed,MITSOL
481.8078,'d',released,MITSOL
482.1118,'a',pressed,MITSOL
482.1199,'s',released,MITSOL
482.1716,Key.space,released,MITSOL
482.1960,'a',released,MITSOL
482.1994,Key.space,pressed,MITSOL
482.2238,'w',pressed,MITSOL
482.2715,Key.space,released,MITSOL
482.3239,'a',pressed,MITSOL
482.7760,'w',released,MITSOL
482.8922,'s',pressed,MITSOL
482.9674,Key.space,pressed,MITSOL
483.1518,'s',released,MITSOL
483.2154,Key.space,released,MITSOL
483.3839,'w',pressed,MITSOL
483.5879,'a',released,MITSOL
483.7078,'d',pressed,MITSOL
484.4874,Key.space,pressed,MITSOL
484.7036,'w',released,MITSOL
484.7440,Key.space,released,MITSOL
485.0760,'w',pressed,MITSOL
485.1079,'d',released,MITSOL
485.1281,'w',released,MITSOL
485.1364,'a',pressed,MITSOL
485.1644,Mouse.left,pressed,MITSOL
485.2724,Mouse.left,released,MITSOL
485.7038,'w',pressed,MITSOL
485.8158,'a',released,MITSOL
486.1359,'a',pressed,MITSOL
486.6318,'a',released,MITSOL
488.2045,'d',pressed,MITSOL
488.3920,'d',released,MITSOL
488.7037,'a',pressed,MITSOL
489.0197,'a',released,MITSOL
489.4759,'d',pressed,MITSOL
490.1957,'d',released,MITSOL
490.5918,'d',pressed,MITSOL
490.6040,Key.space,pressed,MITSOL
490.8275,Key.space,released,MITSOL
490.9478,'d',released,MITSOL
491.4159,'d',pressed,MITSOL
491.6107,Key.space,pressed,MITSOL
491.8196,Key.space,released,MITSOL
491.8522,'d',released,MITSOL
492.0158,'a',pressed,MITSOL
492.1239,'a',released,MITSOL
492.3758,'d',pressed,MITSOL
492.4643,'w',released,MITSOL
492.6638,'w',pressed,MITSOL
492.7076,'a',pressed,MITSOL
492.7200,'d',released,MITSOL
493.2475,Key.space,pressed,MITSOL
493.3084,'w',released,MITSOL
493.5360,Key.space,released,MITSOL
493.8519,'w',pressed,MITSOL
494.2118,'a',released,MITSOL
494.4958,'a',pressed,MITSOL
495.5361,'a',released,MITSOL
495.7199,'d',pressed,MITSOL
495.7838,'w',released,MITSOL
496.1002,'w',pressed,MITSOL
496.4277,'a',pressed,MITSOL
496.4400,'w',released,MITSOL
496.4518,'d',released,MITSOL
497.4118,'w',pressed,MITSOL
498.6083,'a',released,MITSOL
498.6636,Key.space,pressed,MITSOL
498.9362,Key.space,released,MITSOL
499.2559,'a',pressed,MITSOL
499.5999,'w',released,MITSOL
499.7079,'d',pressed,MITSOL
499.7445,'a',released,MITSOL
499.7761,Key.space,pressed,MITSOL
499.7843,'w',pressed,MITSOL
499.9918,'d',released,MITSOL
500.1275,Key.space,released,MITSOL
500.7160,'d',pressed,MITSOL
500.7715,Key.space,pressed,MITSOL
500.8404,'d',released,MITSOL
501.0155,Key.space,released,MITSOL
501.2281,'a',pressed,MITSOL
501.3958,'a',released,MITSOL
501.9075,'a',pressed,MITSOL
502.0557,'a',released,MITSOL
502.4760,'a',pressed,MITSOL
502.6557,'a',released,MITSOL
502.6599,Key.space,pressed,MITSOL
502.8755,Key.space,released,MITSOL
503.1797,'d',pressed,MITSOL
503.7075,'d',released,MITSOL
504.0079,'a',pressed,MITSOL
505.0475,'a',released,MITSOL
505.0926,'w',released,MITSOL
505.1725,'a',pressed,MITSOL
505.1959,'s',pressed,MITSOL
505.2998,Key.space,pressed,MITSOL
505.5962,'s',released,MITSOL
505.7003,Mouse.left,pressed,MITSOL
505.8336,Mouse.left,released,MITSOL
505.8519,'w',pressed,MITSOL
505.9416,Mouse.left,pressed,MITSOL
505.9594,Key.space,released,MITSOL
505.9715,Mouse.left,released,MITSOL
506.6850,Mouse.left,pressed,MITSOL
506.7755,Mouse.left,released,MITSOL
506.8083,'w',released,MITSOL
506.8114,Key.space,pressed,MITSOL
506.8445,Mouse.left,pressed,MITSOL
506.9428,Mouse.left,released,MITSOL
507.1121,Mouse.left,pressed,MITSOL
507.2234,Key.space,released,MITSOL
507.2355,Mouse.left,released,MITSOL
507.5998,'w',pressed,MITSOL
507.7116,Key.space,pressed,MITSOL
507.8317,'a',released,MITSOL
507.9161,Mouse.left,pressed,MITSOL
507.9437,'d',pressed,MITSOL
507.9595,Key.space,released,MITSOL
507.9758,'w',released,MITSOL
508.0516,Mouse.left,released,MITSOL
508.1347,Mouse.left,pressed,MITSOL
508.2555,Mouse.left,released,MITSOL
508.3799,'w',pressed,MITSOL
508.4402,'d',released,MITSOL
509.0283,'a',pressed,MITSOL
509.1957,'a',released,MITSOL
509.7518,'d',pressed,MITSOL
509.8556,Key.space,pressed,MITSOL
509.9051,'w',released,MITSOL
510.1609,'s',pressed,MITSOL
510.2276,Key.space,released,MITSOL
510.2569,Mouse.left,pressed,MITSOL
510.3278,'d',released,MITSOL
510.4036,Mouse.left,released,MITSOL
510.9280,'a',pressed,MITSOL
510.9322,Key.space,pressed,MITSOL
511.0746,Mouse.left,pressed,MITSOL
511.1250,Mouse.left,released,MITSOL
511.2265,Mouse.left,pressed,MITSOL
511.2394,Key.space,released,MITSOL
511.3355,Mouse.left,released,MITSOL
511.4669,Mouse.left,pressed,MITSOL
511.5976,Mouse.left,released,MITSOL
511.6721,'a',released,MITSOL
511.7136,Mouse.left,pressed,MITSOL
511.8172,Mouse.left,released,MITSOL
511.8723,'s',released,MITSOL
511.9120,'a',pressed,MITSOL
511.9530,Mouse.left,pressed,MITSOL
511.9959,'w',pressed,MITSOL
511.9998,'a',released,MITSOL
512.0686,Mouse.left,released,MITSOL
512.0959,'d',pressed,MITSOL
512.1546,Mouse.left,pressed,MITSOL
512.1559,'w',released,MITSOL
512.1636,Key.space,pressed,MITSOL
512.2706,Mouse.left,released,MITSOL
512.3356,Key.space,released,MITSOL
512.3639,'w',pressed,MITSOL
512.3958,'d',released,MITSOL
512.7848,Mouse.left,pressed,MITSOL
512.8719,'a',pressed,MITSOL
512.9107,Mouse.left,released,MITSOL
512.9918,'a',released,MITSOL
513.0065,Mouse.left,pressed,MITSOL
513.1215,Mouse.left,released,MITSOL
513.2076,Mouse.left,pressed,MITSOL
513.3046,Mouse.left,released,MITSOL
513.3079,'w',released,MITSOL
513.4115,Mouse.left,pressed,MITSOL
513.4946,Mouse.left,released,MITSOL
513.5359,'w',pressed,MITSOL
513.8201,'w',released,MITSOL
513.9149,Mouse.left,pressed,MITSOL
513.9326,'s',pressed,MITSOL
514.0467,Mouse.left,released,MITSOL
514.1048,Mouse.left,pressed,MITSOL
514.1525,'a',pressed,MITSOL
514.2146,Mouse.left,released,MITSOL
514.2197,'a',released,MITSOL
514.2598,'d',pressed,MITSOL
514.3827,Mouse.left,pressed,MITSOL
514.4518,'d',released,MITSOL
514.5028,Mouse.left,released,MITSOL
514.6135,Mouse.left,pressed,MITSOL
514.7319,Mouse.left,released,MITSOL
514.7531,'a',pressed,MITSOL
514.8146,Mouse.left,pressed,MITSOL
514.8715,Key.space,pressed,MITSOL
514.9198,Mouse.left,released,MITSOL
514.9909,Mouse.left,pressed,MITSOL
515.0875,Mouse.left,released,MITSOL
515.1116,Key.space,released,MITSOL
515.1678,Mouse.left,pressed,MITSOL
515.1722,'a',released,MITSOL
515.1840,'d',pressed,MITSOL
515.2717,Mouse.left,released,MITSOL
515.2839,'s',released,MITSOL
515.3696,Mouse.left,pressed,MITSOL
515.4906,Mouse.left,released,MITSOL
515.5039,'s',pressed,MITSOL
515.5828,Mouse.left,pressed,MITSOL
515.6975,Mouse.left,released,MITSOL
515.7738,Mouse.left,pressed,MITSOL
515.8907,Mouse.left,released,MITSOL
515.9656,Mouse.left,pressed,MITSOL
516.0119,'a',pressed,MITSOL
516.0158,'d',released,MITSOL
516.0560,'s',released,MITSOL
516.0714,Key.space,pressed,MITSOL
516.0805,Mouse.left,released,MITSOL
516.1486,Mouse.left,pressed,MITSOL
516.2626,Mouse.left,released,MITSOL
516.3389,Mouse.left,pressed,MITSOL
516.3835,Key.space,released,MITSOL
516.4437,Mouse.left,released,MITSOL
516.5279,Mouse.left,pressed,MITSOL
516.5365,'s',pressed,MITSOL
516.6305,Mouse.left,released,MITSOL
516.7399,'s',released,MITSOL
516.8718,'w',pressed,MITSOL
516.9081,'a',released,MITSOL
516.9804,Mouse.left,pressed,MITSOL
517.1035,Mouse.left,released,MITSOL
517.1656,Mouse.left,pressed,MITSOL
517.2082,'d',pressed,MITSOL
517.2659,Mouse.left,released,MITSOL
517.3495,Mouse.left,pressed,MITSOL
517.4595,Mouse.left,released,MITSOL
517.5050,'d',released,MITSOL
519.1572,'a',pressed,MITSOL
519.3838,'a',released,MITSOL
519.6960,'w',released,MITSOL
519.7313,Mouse.left,pressed,MITSOL
519.7921,'s',pressed,MITSOL
519.8035,'a',pressed,MITSOL
519.8158,'a',released,MITSOL
519.8789,Mouse.left,released,MITSOL
520.3882,'d',pressed,MITSOL
520.5479,'d',released,MITSOL
520.6481,'s',released,MITSOL
520.7640,'d',pressed,MITSOL
520.8637,'w',pressed,MITSOL
521.0044,'a',pressed,MITSOL
521.0518,'d',released,MITSOL
521.0724,'w',released,MITSOL
521.3678,'a',released,MITSOL
521.7078,'d',pressed,MITSOL
521.7759,'w',pressed,MITSOL
521.8480,'d',released,MITSOL
522.1645,'a',pressed,MITSOL
522.2362,'w',released,MITSOL
522.4081,'s',pressed,MITSOL
522.4319,'a',released,MITSOL
522.5358,'d',pressed,MITSOL
522.5647,Mouse.left,pressed,MITSOL
522.6596,Mouse.left,released,MITSOL
522.9401,'d',released,MITSOL
523.3118,'a',pressed,MITSOL
523.3755,Key.space,pressed,MITSOL
523.5002,'a',released,MITSOL
523.5278,'d',pressed,MITSOL
523.5515,Key.space,released,MITSOL
523.5557,'s',released,MITSOL
523.6646,Mouse.left,pressed,MITSOL
523.7817,Mouse.left,released,MITSOL
523.7962,'w',pressed,MITSOL
523.8375,Mouse.left,pressed,MITSOL
523.9415,Mouse.left,released,MITSOL
524.0840,'d',released,MITSOL
525.4837,'d',pressed,MITSOL
525.7117,'w',released,MITSOL
526.0359,'w',pressed,MITSOL
526.2878,'d',released,MITSOL
526.4530,'a',pressed,MITSOL
526.4715,'w',released,MITSOL
526.6845,'s',pressed,MITSOL
526.8160,Key.space,pressed,MITSOL
526.8681,'s',released,MITSOL
526.9837,'w',pressed,MITSOL
527.0595,Key.space,released,MITSOL
527.0878,'a',released,MITSOL
527.6080,'a',pressed,MITSOL
527.8962,'w',released,MITSOL
528.1562,'w',pressed,MITSOL
528.5320,'w',released,MITSOL
528.7678,'w',pressed,MITSOL
528.8158,'a',released,MITSOL
529.1334,Mouse.left,pressed,MITSOL
529.1921,'w',released,MITSOL
529.2755,Mouse.left,released,MITSOL
529.3081,'s',pressed,MITSOL
529.5278,'s',released,MITSOL
529.6360,'w',pressed,MITSOL
530.2930,'d',pressed,MITSOL
530.3858,Mouse.left,pressed,MITSOL
530.4977,Mouse.left,released,MITSOL
530.5158,'w',released,MITSOL
530.5999,Mouse.left,pressed,MITSOL
530.6548,Mouse.left,released,MITSOL
531.1523,'w',pressed,MITSOL
531.1718,'d',released,MITSOL
532.1441,'w',released,MITSOL
532.2456,Mouse.left,pressed,MITSOL
532.2798,'s',pressed,MITSOL
532.3475,Mouse.left,released,MITSOL
532.4115,Mouse.left,pressed,MITSOL
532.4963,Mouse.left,released,MITSOL
532.5036,Key.space,pressed,MITSOL
532.8235,Key.space,released,MITSOL
532.9441,'d',pressed,MITSOL
532.9718,'s',released,MITSOL
533.1325,'w',pressed,MITSOL
533.3999,'d',released,MITSOL
534.1519,'d',pressed,MITSOL
534.5406,'d',released,MITSOL
534.9038,'a',pressed,MITSOL
534.9519,'w',released,MITSOL
535.5520,'w',pressed,MITSOL
535.5918,'a',released,MITSOL
535.8403,Key.space,pressed,MITSOL
536.1378,Mouse.left,pressed,MITSOL
536.1641,Key.space,released,MITSOL
536.4627,Mouse.left,released,MITSOL
536.6841,'a',pressed,MITSOL
536.8588,Mouse.left,pressed,MITSOL
536.8908,Mouse.left,released,MITSOL
536.9127,'a',released,MITSOL
537.0178,Mouse.left,pressed,MITSOL
537.1087,Mouse.left,released,MITSOL
537.1282,Key.space,pressed,MITSOL
537.2723,'d',pressed,MITSOL
537.2880,'w',released,MITSOL
537.7844,Key.space,released,MITSOL
537.8800,'s',pressed,MITSOL
537.9957,'d',released,MITSOL
538.0959,'a',pressed,MITSOL
538.2320,Key.space,pressed,MITSOL
538.7595,Key.space,released,MITSOL
538.7878,'s',released,MITSOL
538.9845,'w',pressed,MITSOL
539.2440,'a',released,MITSOL
540.5400,'a',pressed,MITSOL
541.0560,'w',released,MITSOL
541.3399,'w',pressed,MITSOL
541.4077,'a',released,MITSOL
541.6237,'d',pressed,MITSOL
542.4399,'d',released,MITSOL
542.5240,'a',pressed,MITSOL
542.8724,'a',released,MITSOL
543.3764,'a',pressed,MITSOL
543.9243,'a',released,MITSOL
544.3597,'a',pressed,MITSOL
544.7562,'a',released,MITSOL
545.0760,'d',pressed,MITSOL
545.2036,Key.space,pressed,MITSOL
545.2281,'w',released,MITSOL
545.3799,'w',pressed,MITSOL
545.4237,Key.space,released,MITSOL
545.5999,'d',released,MITSOL
546.0925,'d',pressed,MITSOL
546.5995,'d',released,MITSOL
547.2319,'d',pressed,MITSOL
547.2358,'w',released,MITSOL
547.4921,'s',pressed,MITSOL
547.5079,'d',released,MITSOL
547.8119,'s',released,MITSOL
547.8157,'d',pressed,MITSOL
547.9279,'w',pressed,MITSOL
547.9798,'d',released,MITSOL
548.4487,'a',pressed,MITSOL
548.5598,'w',released,MITSOL
548.5877,'w',pressed,MITSOL
548.9083,'a',released,MITSOL
549.1683,'a',pressed,MITSOL
549.3432,Mouse.left,pressed,MITSOL
549.4118,'w',released,MITSOL
549.4485,Mouse.left,released,MITSOL
549.4757,'a',released,MITSOL
549.5157,'s',pressed,MITSOL
549.5195,Mouse.left,pressed,MITSOL
549.5975,Mouse.left,released,MITSOL
549.6079,'d',pressed,MITSOL
549.8358,'s',released,MITSOL
549.9397,'w',pressed,MITSOL
549.9719,'d',released,MITSOL
550.0761,'a',pressed,MITSOL
550.4086,'w',released,MITSOL
550.5624,Mouse.left,pressed,MITSOL
550.6358,'s',pressed,MITSOL
550.6518,'a',released,MITSOL
550.6875,Mouse.left,released,MITSOL
550.7280,'d',pressed,MITSOL
550.7427,Mouse.left,pressed,MITSOL
550.7637,'s',released,MITSOL
550.8466,Mouse.left,released,MITSOL
550.8720,'w',pressed,MITSOL
550.9116,'d',released,MITSOL
551.1917,'a',pressed,MITSOL
551.2958,'w',released,MITSOL
551.4720,'s',pressed,MITSOL
551.5519,Key.space,pressed,MITSOL
551.8075,Key.space,released,MITSOL
552.0476,Key.space,pressed,MITSOL
552.2075,Key.space,released,MITSOL
552.3318,Key.space,pressed,MITSOL
552.4796,Key.space,released,MITSOL
552.6475,Mouse.left,pressed,MITSOL
552.6675,Key.space,pressed,MITSOL
552.7547,Mouse.left,released,MITSOL
552.7649,'s',released,MITSOL
552.8235,Mouse.left,pressed,MITSOL
552.8515,Key.space,released,MITSOL
552.9394,Mouse.left,released,MITSOL
553.0881,'w',pressed,MITSOL
553.4197,'a',released,MITSOL
553.6054,Mouse.left,pressed,MITSOL
553.6637,'w',released,MITSOL
553.7065,Mouse.left,released,MITSOL
553.7963,'s',pressed,MITSOL
553.8055,Mouse.left,pressed,MITSOL
553.9107,Mouse.left,released,MITSOL
554.2558,'s',released,MITSOL
554.3199,'a',pressed,MITSOL
554.3855,Mouse.left,pressed,MITSOL
554.5327,Mouse.left,released,MITSOL
554.5401,'w',pressed,MITSOL
554.6117,Mouse.left,pressed,MITSOL
554.6682,'a',released,MITSOL
554.7186,Mouse.left,released,MITSOL
554.8038,Mouse.left,pressed,MITSOL
554.8878,'a',pressed,MITSOL
554.8937,Mouse.left,released,MITSOL
555.0318,Key.space,pressed,MITSOL
555.0361,'w',released,MITSOL
555.2596,Key.space,released,MITSOL
555.3135,Mouse.left,pressed,MITSOL
555.4229,Mouse.left,released,MITSOL
555.4848,Mouse.left,pressed,MITSOL
555.5704,Mouse.left,released,MITSOL
555.6000,'s',pressed,MITSOL
555.9517,'a',released,MITSOL
556.1157,'d',pressed,MITSOL
556.1878,'s',released,MITSOL
556.6239,'w',pressed,MITSOL
556.6797,'d',released,MITSOL
556.7957,'w',released,MITSOL
559.3315,Key.tab,pressed,MITSOL
562.0559,Key.tab,released,MITSOL
569.1002,'w',pressed,MITSOL
569.7957,'w',released,MITSOL
570.1720,'a',pressed,MITSOL
570.3718,'w',pressed,MITSOL
570.4637,'a',released,MITSOL
570.6519,'d',pressed,MITSOL
570.9517,'d',released,MITSOL
570.9996,'a',pressed,MITSOL
571.2399,'a',released,MITSOL
571.2558,'d',pressed,MITSOL
571.4320,'d',released,MITSOL
571.5119,'a',pressed,MITSOL
571.6717,'d',pressed,MITSOL
571.6836,'a',released,MITSOL
571.8197,'d',released,MITSOL
571.8317,'a',pressed,MITSOL
571.9641,'a',released,MITSOL
572.2475,Key.space,pressed,MITSOL
572.4634,Key.space,released,MITSOL
572.4676,'d',pressed,MITSOL
573.0796,'d',released,MITSOL
573.2598,'a',pressed,MITSOL
573.5038,'a',released,MITSOL
574.8798,'d',pressed,MITSOL
575.2718,'d',released,MITSOL
576.1319,'w',released,MITSOL
576.5399,'w',pressed,MITSOL
577.1278,'a',pressed,MITSOL
577.6757,'a',released,MITSOL
577.9318,'a',pressed,MITSOL
577.9562,'w',released,MITSOL
578.4362,'w',pressed,MITSOL
578.7277,'a',released,MITSOL
578.9078,'w',released,MITSOL
579.4879,'s',pressed,MITSOL
579.8558,'a',pressed,MITSOL
579.9638,'s',released,MITSOL
580.3799,'w',pressed,MITSOL
580.7598,'w',released,MITSOL
581.3598,'w',pressed,MITSOL
581.4640,'a',released,MITSOL
582.2434,'a',pressed,MITSOL
582.3998,'a',released,MITSOL
583.3638,'w',released,MITSOL
583.5920,'d',pressed,MITSOL
583.7486,'s',pressed,MITSOL
583.9204,'s',released,MITSOL
584.0596,'w',pressed,MITSOL
584.1398,'d',released,MITSOL
584.7039,Key.space,pressed,MITSOL
584.8875,Key.space,released,MITSOL
584.9194,Key.space,pressed,MITSOL
584.9554,Key.space,released,MITSOL
585.0194,Key.space,pressed,MITSOL
585.1595,Key.space,released,MITSOL
585.2558,'d',pressed,MITSOL
585.5196,Key.space,pressed,MITSOL
585.8234,Key.space,released,MITSOL
586.0521,'w',released,MITSOL
586.2917,'w',pressed,MITSOL
586.4398,'d',released,MITSOL
586.6598,'a',pressed,MITSOL
586.7515,Key.space,pressed,MITSOL
586.8158,'a',released,MITSOL
586.9755,Key.space,released,MITSOL
587.2317,'d',pressed,MITSOL
587.5158,'d',released,MITSOL
588.1238,'d',pressed,MITSOL
588.2958,'d',released,MITSOL
588.4318,'a',pressed,MITSOL
588.6324,'a',released,MITSOL
588.6998,'d',pressed,MITSOL
588.8045,'d',released,MITSOL
589.6088,'a',pressed,MITSOL
589.8212,'a',released,MITSOL
590.3800,'a',pressed,MITSOL
590.5162,'a',released,MITSOL
590.6162,'d',pressed,MITSOL
590.6918,Key.space,pressed,MITSOL
590.8595,Key.space,released,MITSOL
591.1997,'w',released,MITSOL
591.4083,'w',pressed,MITSOL
591.4998,Key.space,pressed,MITSOL
591.6435,Key.space,released,MITSOL
592.0199,'d',released,MITSOL
592.3799,'d',pressed,MITSOL
592.4275,Key.space,pressed,MITSOL
592.5558,'d',released,MITSOL
592.6234,Key.space,released,MITSOL
592.7081,'a',pressed,MITSOL
592.8759,'a',released,MITSOL
593.1127,'d',pressed,MITSOL
593.1601,Key.space,pressed,MITSOL
593.3486,'d',released,MITSOL
593.4276,Key.space,released,MITSOL
593.5240,'a',pressed,MITSOL
594.2200,'a',released,MITSOL
594.4159,'d',pressed,MITSOL
594.4958,'d',released,MITSOL
594.5919,'a',pressed,MITSOL
594.6876,Key.space,pressed,MITSOL
594.8714,Key.space,released,MITSOL
594.9075,'w',released,MITSOL
595.1157,'w',pressed,MITSOL
595.6397,Key.space,pressed,MITSOL
595.8837,'a',released,MITSOL
595.9115,Key.space,released,MITSOL
595.9198,'d',pressed,MITSOL
596.3798,'d',released,MITSOL
596.4558,'a',pressed,MITSOL
596.5557,Key.space,pressed,MITSOL
596.8315,Key.space,released,MITSOL
596.8801,'a',released,MITSOL
597.1080,'d',pressed,MITSOL
597.4276,Key.space,pressed,MITSOL
597.6555,Key.space,released,MITSOL
598.2318,Key.space,pressed,MITSOL
598.6843,Key.space,released,MITSOL
598.9043,'d',released,MITSOL
599.7796,'a',pressed,MITSOL
600.5595,Key.space,pressed,MITSOL
600.5677,'w',released,MITSOL
600.7199,'s',pressed,MITSOL
601.4118,'s',released,MITSOL
601.7039,'w',pressed,MITSOL
601.8837,'d',pressed,MITSOL
601.8915,Key.space,released,MITSOL
601.9157,'a',released,MITSOL
601.9798,'w',released,MITSOL
602.0637,'a',pressed,MITSOL
602.0717,'w',pressed,MITSOL
602.1238,'d',released,MITSOL
602.1519,'w',released,MITSOL
602.2715,Key.space,pressed,MITSOL
602.4994,Key.space,released,MITSOL
602.6594,Key.space,pressed,MITSOL
602.7755,Key.space,released,MITSOL
603.4238,'w',pressed,MITSOL
604.3718,'a',released,MITSOL
604.5083,'w',released,MITSOL
604.6000,'s',pressed,MITSOL
604.6535,Mouse.left,pressed,MITSOL
604.6920,'d',pressed,MITSOL
604.7197,'s',released,MITSOL
604.7546,Mouse.left,released,MITSOL
604.8209,'w',pressed,MITSOL
604.8439,'d',released,MITSOL
604.8918,'a',pressed,MITSOL
604.9119,'w',released,MITSOL
605.0083,'s',pressed,MITSOL
605.1277,'a',released,MITSOL
605.1724,'d',pressed,MITSOL
605.2562,Key.space,pressed,MITSOL
605.4087,Mouse.left,pressed,MITSOL
605.5117,Key.space,released,MITSOL
605.5477,'s',released,MITSOL
605.5717,Mouse.left,released,MITSOL
605.6548,Mouse.left,pressed,MITSOL
605.7505,Mouse.left,released,MITSOL
605.8305,Mouse.left,pressed,MITSOL
605.9266,Mouse.left,released,MITSOL
605.9682,'w',pressed,MITSOL
606.2652,Mouse.left,pressed,MITSOL
606.3240,'d',released,MITSOL
606.3646,Mouse.left,released,MITSOL
606.4491,Mouse.left,pressed,MITSOL
606.4917,'a',pressed,MITSOL
606.5380,Mouse.left,released,MITSOL
606.5879,'w',released,MITSOL
606.6147,Mouse.left,pressed,MITSOL
606.6755,Mouse.left,released,MITSOL
607.0518,'w',pressed,MITSOL
607.3120,'w',released,MITSOL
607.3518,'a',released,MITSOL
629.7524,'w',pressed,MITSOL
629.9755,Key.space,pressed,MITSOL
630.1715,Key.space,released,MITSOL
630.4839,'d',pressed,MITSOL
630.6558,'d',released,MITSOL
630.8515,Key.tab,pressed,MITSOL
631.8435,Key.tab,released,MITSOL
632.0288,'a',pressed,MITSOL
632.3285,Key.space,pressed,MITSOL
632.3640,'a',released,MITSOL
632.5476,Key.space,released,MITSOL
632.9847,'d',pressed,MITSOL
633.4279,'d',released,MITSOL
633.4755,Key.space,pressed,MITSOL
633.7075,Key.space,released,MITSOL
634.4037,'d',pressed,MITSOL
634.7161,'d',released,MITSOL
635.4998,'a',pressed,MITSOL
635.8922,'a',released,MITSOL
636.1920,'d',pressed,MITSOL
636.3755,Key.space,pressed,MITSOL
636.6754,Key.space,released,MITSOL
637.5558,'d',released,MITSOL
638.4715,'d',pressed,MITSOL
638.5074,Key.space,pressed,MITSOL
638.6563,Key.space,released,MITSOL
638.7477,'d',released,MITSOL
638.9156,Key.space,pressed,MITSOL
638.9720,'d',pressed,MITSOL
639.0238,'w',released,MITSOL
639.1527,Mouse.left,pressed,MITSOL
639.2354,Key.space,released,MITSOL
639.2585,Mouse.left,released,MITSOL
639.2878,'w',pressed,MITSOL
639.3204,Mouse.left,pressed,MITSOL
639.3957,'d',released,MITSOL
639.4105,Mouse.left,released,MITSOL
639.5278,'d',pressed,MITSOL
639.5678,'w',released,MITSOL
640.3477,'w',pressed,MITSOL
640.3995,Key.space,pressed,MITSOL
640.6840,'w',released,MITSOL
640.7316,Key.space,released,MITSOL
640.9033,Mouse.left,pressed,MITSOL
641.0121,'d',released,MITSOL
641.0277,'a',pressed,MITSOL
641.0505,Mouse.left,released,MITSOL
641.1236,Mouse.left,pressed,MITSOL
641.2296,Mouse.left,released,MITSOL
641.3615,Mouse.left,pressed,MITSOL
641.4676,Mouse.left,released,MITSOL
641.4838,'w',pressed,MITSOL
642.0518,'a',released,MITSOL
642.2954,Key.space,pressed,MITSOL
642.3598,'d',pressed,MITSOL
642.4874,Key.space,released,MITSOL
642.7478,'w',released,MITSOL
642.8956,'s',pressed,MITSOL
643.0119,'d',released,MITSOL
643.3799,'d',pressed,MITSOL
643.5921,'s',released,MITSOL
643.7758,'w',pressed,MITSOL
644.1998,'w',released,MITSOL
644.2078,'d',released,MITSOL
670.2998,'w',pressed,MITSOL
671.0317,'d',pressed,MITSOL
671.2438,'d',released,MITSOL
671.3798,'w',released,MITSOL
672.4798,'d',pressed,MITSOL
672.5478,'w',pressed,MITSOL
672.8718,'d',released,MITSOL
673.1235,'a',pressed,MITSOL
673.8958,'a',released,MITSOL
675.1794,Key.space,pressed,MITSOL
675.3995,Key.space,released,MITSOL
676.2318,'a',pressed,MITSOL
676.3957,'a',released,MITSOL
677.1478,'a',pressed,MITSOL
677.1842,'w',released,MITSOL
677.2525,Mouse.left,pressed,MITSOL
677.3745,Mouse.left,released,MITSOL
677.4048,'s',pressed,MITSOL
677.4116,Key.space,pressed,MITSOL
677.4445,Mouse.left,pressed,MITSOL
677.5376,Mouse.left,released,MITSOL
677.6079,'s',released,MITSOL
677.6516,Key.space,released,MITSOL
677.7186,Mouse.left,pressed,MITSOL
677.8178,Mouse.left,released,MITSOL
677.8520,'w',pressed,MITSOL
677.8887,Mouse.left,pressed,MITSOL
677.9119,'a',released,MITSOL
677.9158,'d',pressed,MITSOL
677.9866,Mouse.left,released,MITSOL
678.0525,Mouse.left,pressed,MITSOL
678.0960,'d',released,MITSOL
678.1477,Mouse.left,released,MITSOL
678.1486,'d',pressed,MITSOL
678.1878,'w',released,MITSOL
678.2196,Mouse.left,pressed,MITSOL
678.2595,Key.space,pressed,MITSOL
678.3266,Mouse.left,released,MITSOL
678.3895,Mouse.left,pressed,MITSOL
678.3914,Key.space,released,MITSOL
678.4875,Key.space,pressed,MITSOL
678.5047,Mouse.left,released,MITSOL
678.5544,Mouse.left,pressed,MITSOL
678.5675,Key.space,released,MITSOL
678.6598,Key.space,pressed,MITSOL
678.6609,Mouse.left,released,MITSOL
678.7245,Mouse.left,pressed,MITSOL
678.7914,Key.space,released,MITSOL
678.8298,Mouse.left,released,MITSOL
678.8481,Key.space,pressed,MITSOL
678.8916,Mouse.left,pressed,MITSOL
678.9877,Key.space,released,MITSOL
678.9998,Mouse.left,released,MITSOL
679.0669,Mouse.left,pressed,MITSOL
679.0964,Key.space,pressed,MITSOL
679.1719,'w',pressed,MITSOL
679.1787,Mouse.left,released,MITSOL
679.2405,Mouse.left,pressed,MITSOL
679.2515,Key.space,released,MITSOL
679.3488,Mouse.left,released,MITSOL
679.4066,Mouse.left,pressed,MITSOL
679.4523,'w',released,MITSOL
679.4796,Key.space,pressed,MITSOL
679.5107,Mouse.left,released,MITSOL
679.5705,Mouse.left,pressed,MITSOL
679.6638,Key.space,released,MITSOL
679.6678,Mouse.left,released,MITSOL
679.7563,Key.space,pressed,MITSOL
679.7580,Mouse.left,pressed,MITSOL
679.8646,'s',pressed,MITSOL
679.8684,Key.space,released,MITSOL
679.8887,Mouse.left,released,MITSOL
679.9399,'d',released,MITSOL
680.0634,Mouse.left,pressed,MITSOL
680.1761,Mouse.left,released,MITSOL
680.2282,'d',pressed,MITSOL
680.2658,Mouse.left,pressed,MITSOL
680.3416,Mouse.left,released,MITSOL
680.7277,Key.space,pressed,MITSOL
680.8441,'d',released,MITSOL
680.8794,Key.space,released,MITSOL
680.9318,'a',pressed,MITSOL
681.2186,Mouse.left,pressed,MITSOL
681.2965,Mouse.left,released,MITSOL
681.7434,Key.space,pressed,MITSOL
681.7495,Mouse.left,pressed,MITSOL
681.8655,Mouse.left,released,MITSOL
681.9636,Key.space,released,MITSOL
681.9944,Mouse.left,pressed,MITSOL
682.0359,'s',released,MITSOL
682.1455,Mouse.left,released,MITSOL
682.3676,'w',pressed,MITSOL
683.1920,'w',released,MITSOL
683.2580,Mouse.left,pressed,MITSOL
683.3116,Key.space,pressed,MITSOL
683.3955,Mouse.left,released,MITSOL
683.5126,Mouse.left,pressed,MITSOL
683.5948,Mouse.left,released,MITSOL
683.6787,Mouse.left,pressed,MITSOL
683.7618,Mouse.left,released,MITSOL
683.8242,Key.space,released,MITSOL
683.8287,Mouse.left,pressed,MITSOL
683.9377,Mouse.left,released,MITSOL
683.9556,Key.space,pressed,MITSOL
684.0018,Mouse.left,pressed,MITSOL
684.1120,Mouse.left,released,MITSOL
684.1714,Key.space,released,MITSOL
684.2127,Mouse.left,pressed,MITSOL
684.3816,Mouse.left,released,MITSOL
684.4337,Mouse.left,pressed,MITSOL
684.5201,'w',pressed,MITSOL
684.5225,Mouse.left,released,MITSOL
684.5847,'a',released,MITSOL
684.5934,Mouse.left,pressed,MITSOL
684.6638,'d',pressed,MITSOL
684.6964,Mouse.left,released,MITSOL
684.6999,'w',released,MITSOL
684.8719,'w',pressed,MITSOL
684.9278,'d',released,MITSOL
685.1717,'a',pressed,MITSOL
685.1796,'w',released,MITSOL
685.4878,'w',pressed,MITSOL
685.5441,'a',released,MITSOL
685.7960,'w',released,MITSOL
685.7999,'d',pressed,MITSOL
685.8196,Key.space,pressed,MITSOL
685.8332,Mouse.left,pressed,MITSOL
685.9163,'s',pressed,MITSOL
685.9379,Mouse.left,released,MITSOL
686.0365,Mouse.left,pressed,MITSOL
686.1327,Mouse.left,released,MITSOL
686.2116,Key.space,released,MITSOL
686.2289,Mouse.left,pressed,MITSOL
686.3097,Mouse.left,released,MITSOL
686.3525,'a',pressed,MITSOL
686.3562,'d',released,MITSOL
686.3838,Mouse.left,pressed,MITSOL
686.4001,'s',released,MITSOL
686.4680,'s',pressed,MITSOL
686.4797,Key.space,pressed,MITSOL
686.4919,Mouse.left,released,MITSOL
686.5719,'a',released,MITSOL
686.6117,'d',pressed,MITSOL
686.6519,Key.space,released,MITSOL
686.7130,Mouse.left,pressed,MITSOL
686.8332,Mouse.left,released,MITSOL
686.9223,Mouse.left,pressed,MITSOL
686.9319,'s',released,MITSOL
687.0235,Mouse.left,released,MITSOL
687.0894,Mouse.left,pressed,MITSOL
687.0923,'a',pressed,MITSOL
687.1117,'d',released,MITSOL
687.2027,Mouse.left,released,MITSOL
687.2719,Mouse.left,pressed,MITSOL
687.3565,Mouse.left,released,MITSOL
687.8683,'s',pressed,MITSOL
688.0036,Key.space,pressed,MITSOL
688.0286,Mouse.left,pressed,MITSOL
688.1242,Mouse.left,released,MITSOL
688.1959,Mouse.left,pressed,MITSOL
688.2595,Key.space,released,MITSOL
688.3096,Mouse.left,released,MITSOL
688.3565,Mouse.left,pressed,MITSOL
688.3841,'a',released,MITSOL
688.4799,Mouse.left,released,MITSOL
688.4840,'d',pressed,MITSOL
688.7652,'d',released,MITSOL
688.9785,Mouse.left,pressed,MITSOL
689.0035,Key.space,pressed,MITSOL
689.0979,Mouse.left,released,MITSOL
689.1835,Mouse.left,pressed,MITSOL
689.3006,Mouse.left,released,MITSOL
689.3078,'a',pressed,MITSOL
689.3515,Mouse.left,pressed,MITSOL
689.3634,Key.space,released,MITSOL
689.4519,'a',released,MITSOL
689.4687,Mouse.left,released,MITSOL
689.5386,Mouse.left,pressed,MITSOL
689.6155,Mouse.left,released,MITSOL
689.7156,Mouse.left,pressed,MITSOL
689.8166,Mouse.left,released,MITSOL
689.9319,'d',pressed,MITSOL
689.9401,'s',released,MITSOL
690.0479,'w',pressed,MITSOL
690.1480,'d',released,MITSOL
690.6719,'d',pressed,MITSOL
690.9118,'d',released,MITSOL
692.5933,'w',released,MITSOL
692.7160,'s',pressed,MITSOL
692.8241,'a',pressed,MITSOL
693.0895,'s',released,MITSOL
693.2360,'w',pressed,MITSOL
693.5719,'a',released,MITSOL
693.5959,'d',pressed,MITSOL
693.7958,'d',released,MITSOL
693.7999,'a',pressed,MITSOL
693.9037,'a',released,MITSOL
694.0235,Key.tab,pressed,MITSOL
694.5634,Key.tab,released,MITSOL
694.7443,'a',pressed,MITSOL
694.9803,'a',released,MITSOL
695.2198,'w',released,MITSOL
695.2360,'d',pressed,MITSOL
695.3918,'w',pressed,MITSOL
695.4198,'d',released,MITSOL
695.5218,'a',pressed,MITSOL
695.5839,'w',released,MITSOL
695.9042,'w',pressed,MITSOL
696.0157,'a',released,MITSOL
696.3719,'a',pressed,MITSOL
696.7878,'a',released,MITSOL
696.8157,'d',pressed,MITSOL
696.9438,'w',released,MITSOL
696.9915,Key.space,pressed,MITSOL
697.1596,Key.space,released,MITSOL
697.3927,Key.space,pressed,MITSOL
697.6755,Key.space,released,MITSOL
698.3116,Key.space,pressed,MITSOL
698.6915,Key.space,released,MITSOL
698.7239,'w',pressed,MITSOL
699.8523,'d',released,MITSOL
700.0959,'a',pressed,MITSOL
700.3720,'a',released,MITSOL
700.6317,'d',pressed,MITSOL
700.8801,'a',pressed,MITSOL
700.8919,'d',released,MITSOL
701.0318,'a',released,MITSOL
701.0437,'d',pressed,MITSOL
701.2399,'d',released,MITSOL
701.2517,'a',pressed,MITSOL
701.4001,'a',released,MITSOL
701.4041,'d',pressed,MITSOL
701.5558,'d',released,MITSOL
701.5798,'a',pressed,MITSOL
701.6798,'a',released,MITSOL
701.6998,'d',pressed,MITSOL
701.8161,'d',released,MITSOL
701.8196,'a',pressed,MITSOL
701.9362,'a',released,MITSOL
701.9399,'d',pressed,MITSOL
702.0600,'a',pressed,MITSOL
702.0687,'d',released,MITSOL
702.6038,'a',released,MITSOL
702.7557,'d',pressed,MITSOL
702.8515,Key.space,pressed,MITSOL
703.3982,Key.space,released,MITSOL
703.5079,'d',released,MITSOL
703.6128,'a',pressed,MITSOL
703.8598,'d',pressed,MITSOL
703.8679,'a',released,MITSOL
704.7280,'d',released,MITSOL
704.9639,'d',pressed,MITSOL
705.1235,Key.space,pressed,MITSOL
705.4038,'d',released,MITSOL
705.4315,Key.space,released,MITSOL
705.7719,'a',pressed,MITSOL
705.9637,'a',released,MITSOL
707.1798,Mouse.left,pressed,MITSOL
707.2005,'w',released,MITSOL
707.2081,'d',pressed,MITSOL
707.2922,Mouse.left,released,MITSOL
707.3121,'s',pressed,MITSOL
707.3812,Mouse.left,pressed,MITSOL
707.4358,'d',released,MITSOL
707.4745,Mouse.left,released,MITSOL
707.5597,'a',pressed,MITSOL
707.6598,'a',released,MITSOL
707.6798,'d',pressed,MITSOL
707.7079,'s',released,MITSOL
708.0798,'s',pressed,MITSOL
708.1725,Key.space,pressed,MITSOL
708.2037,Key.space,released,MITSOL
708.2317,Key.space,pressed,MITSOL
708.2760,Mouse.left,pressed,MITSOL
708.2768,'d',released,MITSOL
708.3826,Mouse.left,released,MITSOL
708.4238,'a',pressed,MITSOL
708.4455,Mouse.left,pressed,MITSOL
708.5486,Mouse.left,released,MITSOL
708.5994,Key.space,released,MITSOL
708.6599,'a',released,MITSOL
708.6757,'s',released,MITSOL
730.9477,'w',pressed,MITSOL
731.7599,'a',pressed,MITSOL
731.9717,'a',released,MITSOL
733.7036,'a',pressed,MITSOL
733.9957,'a',released,MITSOL
734.5957,'w',released,MITSOL
734.8558,'d',pressed,MITSOL
735.0277,'w',pressed,MITSOL
735.0678,'d',released,MITSOL
735.8158,'a',pressed,MITSOL
735.9838,'a',released,MITSOL
736.1878,'w',released,MITSOL
736.8199,'a',pressed,MITSOL
737.0559,'a',released,MITSOL
737.4283,'a',pressed,MITSOL
737.4560,'w',pressed,MITSOL
737.7959,'a',released,MITSOL
738.0679,'a',pressed,MITSOL
738.3240,'a',released,MITSOL
738.9798,'d',pressed,MITSOL
739.5239,Key.space,pressed,MITSOL
739.6837,'d',released,MITSOL
739.7475,Key.space,released,MITSOL
740.0079,'a',pressed,MITSOL
740.3479,'a',released,MITSOL
740.5199,'a',pressed,MITSOL
740.5561,'w',released,MITSOL
740.7158,'a',released,MITSOL
740.7637,'s',pressed,MITSOL
740.8438,'d',pressed,MITSOL
741.1799,'s',released,MITSOL
741.2377,Mouse.left,pressed,MITSOL
741.3277,'w',pressed,MITSOL
741.3466,Mouse.left,released,MITSOL
741.5720,'w',released,MITSOL
741.7964,'w',pressed,MITSOL
742.0679,'d',released,MITSOL
742.2594,Mouse.left,pressed,MITSOL
742.2640,'w',released,MITSOL
742.3478,'s',pressed,MITSOL
742.3607,Mouse.left,released,MITSOL
742.4174,Mouse.left,pressed,MITSOL
742.5114,Key.space,pressed,MITSOL
742.5156,Mouse.left,released,MITSOL
742.5318,'a',pressed,MITSOL
742.5684,Mouse.left,pressed,MITSOL
742.6539,Mouse.left,released,MITSOL
742.7448,Mouse.left,pressed,MITSOL
742.8355,Mouse.left,released,MITSOL
742.8636,Key.space,released,MITSOL
742.9577,Mouse.left,pressed,MITSOL
743.0690,Mouse.left,released,MITSOL
743.1737,Mouse.left,pressed,MITSOL
743.1966,'a',released,MITSOL
743.2866,Mouse.left,released,MITSOL
743.3566,Mouse.left,pressed,MITSOL
743.3834,Key.space,pressed,MITSOL
743.4616,Mouse.left,released,MITSOL
743.5277,'a',pressed,MITSOL
743.5585,Mouse.left,pressed,MITSOL
743.5754,Key.space,released,MITSOL
743.6737,Mouse.left,released,MITSOL
743.7687,Mouse.left,pressed,MITSOL
743.8752,Mouse.left,released,MITSOL
743.9647,Mouse.left,pressed,MITSOL
744.0539,Mouse.left,released,MITSOL
744.0877,'a',released,MITSOL
744.2405,Mouse.left,pressed,MITSOL
744.3655,Mouse.left,released,MITSOL
744.4268,Mouse.left,pressed,MITSOL
744.4837,'d',pressed,MITSOL
744.5421,Mouse.left,released,MITSOL
744.6214,Mouse.left,pressed,MITSOL
744.6888,Mouse.left,released,MITSOL
744.7280,'d',released,MITSOL
745.2535,Mouse.left,pressed,MITSOL
745.3646,Mouse.left,released,MITSOL
745.4918,'s',released,MITSOL
769.9639,'w',pressed,MITSOL
770.9598,'d',pressed,MITSOL
771.0158,'d',released,MITSOL
771.4555,Key.space,pressed,MITSOL
771.4599,'a',pressed,MITSOL
771.6235,Key.space,released,MITSOL
772.1358,'a',released,MITSOL
772.2998,'a',pressed,MITSOL
772.8958,'a',released,MITSOL
773.4799,'w',released,MITSOL
773.8083,'a',pressed,MITSOL
773.9641,'w',pressed,MITSOL
774.4717,'a',released,MITSOL
774.8599,'a',pressed,MITSOL
775.6203,'a',released,MITSOL
775.6597,'d',pressed,MITSOL
775.7319,'w',released,MITSOL
775.8564,'s',pressed,MITSOL
775.9000,'d',released,MITSOL
776.0159,'a',pressed,MITSOL
776.4518,'s',released,MITSOL
776.7685,'w',pressed,MITSOL
776.8638,'a',released,MITSOL
777.4063,'a',pressed,MITSOL
778.0599,'a',released,MITSOL
778.4123,'a',pressed,MITSOL
778.7209,'a',released,MITSOL
779.1245,'d',pressed,MITSOL
779.8878,'w',released,MITSOL
780.3955,Key.space,pressed,MITSOL
780.4242,'a',pressed,MITSOL
780.4439,'d',released,MITSOL
780.5486,Mouse.left,pressed,MITSOL
780.6116,Mouse.left,released,MITSOL
780.6674,Key.space,released,MITSOL
781.2395,'a',released,MITSOL
781.2562,'d',pressed,MITSOL
781.6920,'d',released,MITSOL
781.6957,'w',pressed,MITSOL
781.7086,'a',pressed,MITSOL
782.1477,'w',released,MITSOL
782.2758,'s',pressed,MITSOL
782.3044,'a',released,MITSOL
782.5998,'s',released,MITSOL
782.6239,'d',pressed,MITSOL
782.7277,'w',pressed,MITSOL
782.7681,'d',released,MITSOL
782.8637,'a',pressed,MITSOL
782.9357,'w',released,MITSOL
782.9518,'w',pressed,MITSOL
782.9839,'w',released,MITSOL
783.1158,'a',released,MITSOL
783.1317,'d',pressed,MITSOL
783.4176,Mouse.left,pressed,MITSOL
783.4360,'d',released,MITSOL
783.4837,'w',pressed,MITSOL
783.5380,Mouse.left,released,MITSOL
783.5479,'a',pressed,MITSOL
783.6960,'w',released,MITSOL
783.7278,'a',released,MITSOL
783.8758,'s',pressed,MITSOL
783.9646,Mouse.left,pressed,MITSOL
783.9798,'a',pressed,MITSOL
784.0398,'s',released,MITSOL
784.0746,Mouse.left,released,MITSOL
784.0757,'a',released,MITSOL
784.1505,Mouse.left,pressed,MITSOL
784.1689,'w',pressed,MITSOL
784.2526,Mouse.left,released,MITSOL
784.2678,'w',released,MITSOL
784.3215,Mouse.left,pressed,MITSOL
784.3840,'s',pressed,MITSOL
784.4245,Mouse.left,released,MITSOL
784.4786,Mouse.left,pressed,MITSOL
784.6017,Mouse.left,released,MITSOL
784.6360,'s',released,MITSOL
784.6486,Mouse.left,pressed,MITSOL
784.7318,'w',pressed,MITSOL
784.7746,Mouse.left,released,MITSOL
785.0559,'w',released,MITSOL
785.0798,Mouse.left,pressed,MITSOL
785.1760,'s',pressed,MITSOL
785.2077,Mouse.left,released,MITSOL
785.2485,Mouse.left,pressed,MITSOL
785.3466,Mouse.left,released,MITSOL
785.3935,Mouse.left,pressed,MITSOL
785.4967,Mouse.left,released,MITSOL
785.6204,'a',pressed,MITSOL
785.7955,Key.space,pressed,MITSOL
785.9958,Key.space,released,MITSOL
786.0278,'s',released,MITSOL
786.4404,'s',pressed,MITSOL
786.6116,'a',released,MITSOL
786.9838,'a',pressed,MITSOL
787.3838,'a',released,MITSOL
787.4278,'d',pressed,MITSOL
787.7159,'d',released,MITSOL
787.9399,Mouse.left,pressed,MITSOL
788.0338,Mouse.left,released,MITSOL
788.1359,'d',pressed,MITSOL
788.7718,'d',released,MITSOL
789.0816,'d',pressed,MITSOL
789.2507,Mouse.left,pressed,MITSOL
789.2761,'d',released,MITSOL
789.3765,Mouse.left,released,MITSOL
789.4038,'s',released,MITSOL
789.4159,'a',pressed,MITSOL
789.5879,'w',pressed,MITSOL
789.8519,'a',released,MITSOL
790.5678,'a',pressed,MITSOL
790.9241,'a',released,MITSOL
792.2398,'d',pressed,MITSOL
792.3445,'d',released,MITSOL
792.4639,'w',released,MITSOL
792.6038,'s',pressed,MITSOL
792.7679,'a',pressed,MITSOL
792.8995,'s',released,MITSOL
793.0561,'w',pressed,MITSOL
793.2999,'a',released,MITSOL
793.9999,'a',pressed,MITSOL
794.1599,'a',released,MITSOL
794.3917,'w',released,MITSOL
794.9160,'s',pressed,MITSOL
794.9998,'a',pressed,MITSOL
795.0079,'s',released,MITSOL
795.1160,'w',pressed,MITSOL
795.2123,'a',released,MITSOL
795.5039,'a',pressed,MITSOL
795.5557,'w',released,MITSOL
795.9199,'w',pressed,MITSOL
795.9279,'a',released,MITSOL
795.9745,Mouse.left,pressed,MITSOL
796.0279,'w',released,MITSOL
796.0359,'d',pressed,MITSOL
796.0956,Mouse.left,released,MITSOL
796.1496,Mouse.left,pressed,MITSOL
796.2326,Mouse.left,released,MITSOL
796.6080,'s',pressed,MITSOL
796.7277,'d',released,MITSOL
797.4804,'s',released,MITSOL
797.9679,'w',pressed,MITSOL
798.2877,'w',released,MITSOL
798.6718,'s',pressed,MITSOL
799.0440,'s',released,MITSOL
799.2639,'d',pressed,MITSOL
799.2879,'w',pressed,MITSOL
799.4121,'d',released,MITSOL
799.8081,'d',pressed,MITSOL
800.3476,'d',released,MITSOL
800.4079,'w',released,MITSOL
800.4158,'a',pressed,MITSOL
800.4562,'a',released,MITSOL
800.6636,'s',pressed,MITSOL
801.0117,'d',pressed,MITSOL
801.2638,'d',released,MITSOL
801.4159,'s',released,MITSOL
801.7478,'w',pressed,MITSOL
801.9161,'d',pressed,MITSOL
802.6799,'d',released,MITSOL
802.7345,Mouse.left,pressed,MITSOL
802.8425,Mouse.left,released,MITSOL
802.9759,'w',released,MITSOL
803.4198,'w',pressed,MITSOL
803.7922,'a',pressed,MITSOL
804.4238,'d',pressed,MITSOL
804.4322,Key.space,pressed,MITSOL
804.4515,'a',released,MITSOL
804.6078,Key.space,released,MITSOL
804.6918,'d',released,MITSOL
805.1558,'d',pressed,MITSOL
805.5399,'w',released,MITSOL
805.5442,'d',released,MITSOL
805.5550,Mouse.left,pressed,MITSOL
805.6440,'s',pressed,MITSOL
805.6826,Mouse.left,released,MITSOL
805.7624,Mouse.left,pressed,MITSOL
805.8396,Key.space,pressed,MITSOL
805.8865,Mouse.left,released,MITSOL
805.9278,'d',pressed,MITSOL
805.9727,Mouse.left,pressed,MITSOL
806.0158,'s',released,MITSOL
806.0775,Mouse.left,released,MITSOL
806.0874,Key.space,released,MITSOL
806.1735,Mouse.left,pressed,MITSOL
806.2796,Mouse.left,released,MITSOL
806.3506,Mouse.left,pressed,MITSOL
806.4395,Mouse.left,released,MITSOL
806.5156,Mouse.left,pressed,MITSOL
806.6109,Mouse.left,released,MITSOL
806.6199,'d',released,MITSOL
806.6238,'w',pressed,MITSOL
806.7003,'a',pressed,MITSOL
806.7225,Mouse.left,pressed,MITSOL
806.8280,Mouse.left,released,MITSOL
806.9039,'w',released,MITSOL
806.9166,Mouse.left,pressed,MITSOL
806.9798,'a',released,MITSOL
807.0157,Mouse.left,released,MITSOL
807.0239,'s',pressed,MITSOL
807.1279,Mouse.left,pressed,MITSOL
807.1478,'d',pressed,MITSOL
807.1845,Mouse.left,released,MITSOL
807.4560,'s',released,MITSOL
807.4895,Mouse.left,pressed,MITSOL
807.5319,'d',released,MITSOL
807.5976,Mouse.left,released,MITSOL
807.6203,'a',pressed,MITSOL
807.6636,Mouse.left,pressed,MITSOL
807.6839,'a',released,MITSOL
807.6958,'d',pressed,MITSOL
807.7675,Mouse.left,released,MITSOL
808.4358,Mouse.left,pressed,MITSOL
808.4678,'w',pressed,MITSOL
808.4717,'a',pressed,MITSOL
808.5355,Mouse.left,released,MITSOL
808.5679,'w',released,MITSOL
808.5718,'a',released,MITSOL
808.7198,'d',released,MITSOL
810.6876,Key.tab,pressed,MITSOL
812.0195,Key.tab,released,MITSOL
815.5040,'w',pressed,MITSOL
815.9720,'w',released,MITSOL
816.2948,'w',pressed,MITSOL
816.8839,'a',pressed,MITSOL
817.0761,'a',released,MITSOL
817.8280,'d',pressed,MITSOL
818.1038,'d',released,MITSOL
818.5398,'w',released,MITSOL
818.8400,'w',pressed,MITSOL
820.5566,'d',pressed,MITSOL
820.7318,'d',released,MITSOL
820.8438,'a',pressed,MITSOL
821.2880,'a',released,MITSOL
822.0679,'w',released,MITSOL
822.1640,'d',pressed,MITSOL
823.0118,'w',pressed,MITSOL
823.1317,'d',released,MITSOL
823.5924,'w',released,MITSOL
823.7359,'d',pressed,MITSOL
823.8081,'d',released,MITSOL
823.9519,'w',pressed,MITSOL
824.3277,Key.space,pressed,MITSOL
824.5196,Key.space,released,MITSOL
824.6198,'a',pressed,MITSOL
824.8559,'a',released,MITSOL
825.4038,'d',pressed,MITSOL
825.7639,'d',released,MITSOL
826.0078,'a',pressed,MITSOL
826.1236,Key.space,pressed,MITSOL
826.1679,'a',released,MITSOL
826.2918,'d',pressed,MITSOL
826.3355,Key.space,released,MITSOL
826.7478,'d',released,MITSOL
827.2598,'d',pressed,MITSOL
827.4719,'d',released,MITSOL
827.4998,'a',pressed,MITSOL
827.7358,'d',pressed,MITSOL
827.7598,'a',released,MITSOL
827.8517,Key.space,pressed,MITSOL
827.9716,'d',released,MITSOL
827.9798,'a',pressed,MITSOL
828.0115,Key.space,released,MITSOL
829.1891,'a',released,MITSOL
829.1916,Mouse.left,pressed,MITSOL
829.2238,'d',pressed,MITSOL
829.2361,'w',released,MITSOL
829.3026,Mouse.left,released,MITSOL
829.3477,'w',pressed,MITSOL
829.4318,'d',released,MITSOL
829.4718,'a',pressed,MITSOL
829.9518,'a',released,MITSOL
830.1519,'a',pressed,MITSOL
830.4399,'a',released,MITSOL
830.6998,'a',pressed,MITSOL
830.7157,'a',released,MITSOL
830.7643,'w',released,MITSOL
830.7700,Mouse.left,pressed,MITSOL
830.8721,'s',pressed,MITSOL
830.8756,Mouse.left,released,MITSOL
830.9371,Mouse.left,pressed,MITSOL
831.0245,Mouse.left,released,MITSOL
831.2999,'s',released,MITSOL
831.3240,'d',pressed,MITSOL
831.4569,'d',released,MITSOL
831.5562,'s',pressed,MITSOL
831.6446,Mouse.left,pressed,MITSOL
831.7638,Mouse.left,released,MITSOL
831.7799,'a',pressed,MITSOL
831.7959,Key.space,pressed,MITSOL
831.8468,Mouse.left,pressed,MITSOL
831.9459,Mouse.left,released,MITSOL
832.0205,Mouse.left,pressed,MITSOL
832.0956,Key.space,released,MITSOL
832.1115,Mouse.left,released,MITSOL
832.1444,'a',released,MITSOL
832.1825,Mouse.left,pressed,MITSOL
832.2916,Mouse.left,released,MITSOL
832.4135,Mouse.left,pressed,MITSOL
832.4640,'a',pressed,MITSOL
832.5075,Mouse.left,released,MITSOL
832.5857,Mouse.left,pressed,MITSOL
832.6892,Mouse.left,released,MITSOL
832.7729,Mouse.left,pressed,MITSOL
832.8478,Key.space,pressed,MITSOL
832.8748,Mouse.left,released,MITSOL
832.9317,Mouse.left,pressed,MITSOL
833.0115,Key.space,released,MITSOL
833.0285,Mouse.left,released,MITSOL
833.0889,Mouse.left,pressed,MITSOL
833.1637,'a',released,MITSOL
833.1895,Mouse.left,released,MITSOL
833.2717,Mouse.left,pressed,MITSOL
833.3826,Mouse.left,released,MITSOL
833.4505,Mouse.left,pressed,MITSOL
833.5408,Mouse.left,released,MITSOL
833.6177,Mouse.left,pressed,MITSOL
833.7220,Mouse.left,released,MITSOL
833.7682,Key.space,pressed,MITSOL
833.7877,Mouse.left,pressed,MITSOL
833.8444,'d',pressed,MITSOL
833.8846,Mouse.left,released,MITSOL
833.9598,Key.space,released,MITSOL
833.9617,Mouse.left,pressed,MITSOL
834.0082,'d',released,MITSOL
834.0678,Mouse.left,released,MITSOL
834.1388,Mouse.left,pressed,MITSOL
834.1639,'d',pressed,MITSOL
834.2415,Mouse.left,released,MITSOL
834.3199,'d',released,MITSOL
834.3201,Mouse.left,pressed,MITSOL
834.3559,'s',released,MITSOL
834.4135,Mouse.left,released,MITSOL
838.6755,Key.alt_l,pressed,MITSOL
838.7716,Key.tab,pressed,MITSOL
838.8957,Key.tab,released,MITSOL
838.9385,Key.alt_l,released,MITSOL
841.0599,Mouse.left,pressed,MITSOL
841.1164,Mouse.left,released,MITSOL
