2.0695,Mouse.left,pressed,HENSOL
2.1434,Mouse.left,released,HENSOL
3.3020,Mouse.left,pressed,HENSOL
3.4051,Mouse.left,released,HENSOL
5.5499,'w',pressed,HENSOL
6.5199,'d',pressed,HENSOL
6.6068,'d',released,HENSOL
6.7891,'w',released,HENSOL
7.3219,'a',pressed,HENSOL
7.4974,'w',pressed,HENSOL
7.6766,'a',released,HENSOL
10.3168,'d',pressed,HENSOL
10.7205,'d',released,HENSOL
11.2687,'a',pressed,HENSOL
11.5923,'a',released,HENSOL
11.9444,'a',pressed,HENSOL
12.6283,'a',released,HENSOL
12.8444,'w',released,HENSOL
12.8671,Mouse.left,pressed,HENSOL
12.9274,Mouse.left,released,HENSOL
13.0327,'s',pressed,HENSOL
13.4365,'s',released,HENSOL
13.5566,'w',pressed,HENSOL
13.7481,Mouse.left,pressed,HENSOL
13.8361,Mouse.left,released,HENSOL
13.8565,'d',pressed,HENSOL
13.8963,'w',released,HENSOL
14.8246,'a',pressed,HENSOL
14.9444,'d',released,HENSOL
15.7087,'a',released,HENSOL
15.7323,'d',pressed,HENSOL
15.7912,Mouse.left,pressed,HENSOL
15.8802,Mouse.left,released,HENSOL
16.3603,'s',pressed,HENSOL
16.5327,'d',released,HENSOL
16.6488,'a',pressed,HENSOL
16.6763,'a',released,HENSOL
16.7366,'s',released,HENSOL
16.8284,'a',pressed,HENSOL
16.8764,'w',pressed,HENSOL
16.9123,'a',released,HENSOL
17.1923,'a',pressed,HENSOL
17.6242,Key.space,pressed,HENSOL
17.8202,Key.space,released,HENSOL
17.8328,'w',released,HENSOL
18.3244,Key.space,pressed,HENSOL
18.5080,Key.space,released,HENSOL
18.6912,Mouse.left,pressed,HENSOL
18.7407,'a',released,HENSOL
18.7785,Mouse.left,released,HENSOL
18.8527,'d',pressed,HENSOL
19.2964,'w',pressed,HENSOL
19.3170,'d',released,HENSOL
19.4965,'a',pressed,HENSOL
19.7323,'a',released,HENSOL
19.9244,'d',pressed,HENSOL
20.2372,Mouse.left,pressed,HENSOL
20.2766,'d',released,HENSOL
20.2807,'w',released,HENSOL
20.3244,Mouse.left,released,HENSOL
20.4126,'s',pressed,HENSOL
20.8132,Mouse.left,pressed,HENSOL
20.9021,Mouse.left,released,HENSOL
21.0312,Mouse.left,pressed,HENSOL
21.1111,Mouse.left,released,HENSOL
21.1844,'d',pressed,HENSOL
21.2628,Mouse.left,pressed,HENSOL
21.3473,Mouse.left,released,HENSOL
21.6245,'s',released,HENSOL
21.9803,'s',pressed,HENSOL
22.1244,'d',released,HENSOL
22.3925,'d',pressed,HENSOL
23.2247,'d',released,HENSOL
23.2701,Mouse.left,pressed,HENSOL
23.3954,Mouse.left,released,HENSOL
23.8124,Mouse.left,pressed,HENSOL
23.9112,Mouse.left,released,HENSOL
24.4131,Mouse.left,pressed,HENSOL
24.4851,Mouse.left,released,HENSOL
24.6010,'d',pressed,HENSOL
24.7324,'s',released,HENSOL
25.0566,'w',pressed,HENSOL
25.3964,'w',released,HENSOL
25.4722,'d',released,HENSOL
25.4964,'w',pressed,HENSOL
25.5443,'a',pressed,HENSOL
25.9402,'a',released,HENSOL
26.3179,'a',pressed,HENSOL
27.4401,Key.space,pressed,HENSOL
27.4968,'w',released,HENSOL
27.5289,Key.space,released,HENSOL
27.6329,Mouse.left,pressed,HENSOL
27.7385,Mouse.left,released,HENSOL
28.3375,'w',pressed,HENSOL
28.4248,'a',released,HENSOL
29.7685,'a',pressed,HENSOL
29.9504,'a',released,HENSOL
30.0044,'w',released,HENSOL
30.0926,'d',pressed,HENSOL
30.8565,'s',pressed,HENSOL
31.8204,'s',released,HENSOL
32.2326,'w',pressed,HENSOL
32.5444,'w',released,HENSOL
33.0487,'a',pressed,HENSOL
33.1050,'d',released,HENSOL
33.6244,'w',pressed,HENSOL
33.8684,'a',released,HENSOL
34.6601,'a',pressed,HENSOL
34.7206,'w',released,HENSOL
34.9807,'a',released,HENSOL
34.9844,'w',pressed,HENSOL
35.3844,'a',pressed,HENSOL
35.7485,'a',released,HENSOL
36.1124,'a',pressed,HENSOL
36.4086,'a',released,HENSOL
37.4328,'d',pressed,HENSOL
37.6168,'d',released,HENSOL
37.6724,'a',pressed,HENSOL
37.9405,'a',released,HENSOL
38.2567,'d',pressed,HENSOL
38.4365,'w',released,HENSOL
38.7326,'w',pressed,HENSOL
39.7086,'w',released,HENSOL
39.7606,'a',pressed,HENSOL
39.7643,'d',released,HENSOL
39.9045,'w',pressed,HENSOL
40.0964,'a',released,HENSOL
40.1483,'d',pressed,HENSOL
40.4086,'w',released,HENSOL
40.4364,'w',pressed,HENSOL
40.4927,'a',pressed,HENSOL
40.5365,'d',released,HENSOL
40.6487,'d',pressed,HENSOL
40.6846,'d',released,HENSOL
41.0603,'a',released,HENSOL
41.4724,'a',pressed,HENSOL
42.8764,'w',released,HENSOL
43.0605,'a',released,HENSOL
43.0645,'d',pressed,HENSOL
43.1243,'w',pressed,HENSOL
43.1404,'w',released,HENSOL
43.1444,'a',pressed,HENSOL
43.1523,'d',released,HENSOL
43.5684,'a',released,HENSOL
43.6164,'d',pressed,HENSOL
43.9487,'a',pressed,HENSOL
43.9806,'d',released,HENSOL
44.3527,'a',released,HENSOL
44.3604,'d',pressed,HENSOL
44.6324,'a',pressed,HENSOL
44.6484,'a',released,HENSOL
44.6804,'d',released,HENSOL
44.6844,'a',pressed,HENSOL
44.8446,'s',pressed,HENSOL
45.0167,'a',released,HENSOL
45.2605,'d',pressed,HENSOL
45.3004,'s',released,HENSOL
45.5126,'d',released,HENSOL
46.9884,'s',pressed,HENSOL
47.0565,'d',pressed,HENSOL
47.6732,'d',released,HENSOL
47.7044,'s',released,HENSOL
47.8165,'d',pressed,HENSOL
47.9496,'w',pressed,HENSOL
48.0089,'w',released,HENSOL
48.1771,Mouse.left,pressed,HENSOL
48.2594,Mouse.left,released,HENSOL
49.2287,'a',pressed,HENSOL
49.2564,'d',released,HENSOL
49.6207,'s',pressed,HENSOL
49.7403,Key.space,pressed,HENSOL
49.8165,'s',released,HENSOL
49.8443,Key.space,released,HENSOL
50.3607,'d',pressed,HENSOL
50.3886,'a',released,HENSOL
50.8231,Mouse.left,pressed,HENSOL
50.9495,Mouse.left,released,HENSOL
51.0286,'s',pressed,HENSOL
51.5288,'d',released,HENSOL
51.7004,'s',released,HENSOL
63.5684,Key.tab,pressed,HENSOL
65.9920,Key.tab,released,HENSOL
67.3681,Key.tab,pressed,HENSOL
67.8481,Key.tab,released,HENSOL
73.2406,'w',pressed,HENSOL
74.1843,'d',pressed,HENSOL
74.2925,'d',released,HENSOL
76.3124,'a',pressed,HENSOL
76.7362,Key.space,pressed,HENSOL
76.7802,Key.space,released,HENSOL
76.8525,'a',released,HENSOL
77.1085,'d',pressed,HENSOL
77.3884,'d',released,HENSOL
77.7405,'d',pressed,HENSOL
78.3322,'d',released,HENSOL
79.1843,'d',pressed,HENSOL
79.4963,'d',released,HENSOL
79.9325,'d',pressed,HENSOL
80.2764,'d',released,HENSOL
80.6562,'a',pressed,HENSOL
81.1047,'a',released,HENSOL
81.4125,'a',pressed,HENSOL
81.7925,'w',released,HENSOL
81.9125,'a',released,HENSOL
81.9883,'d',pressed,HENSOL
82.1606,'d',released,HENSOL
82.1685,'a',pressed,HENSOL
82.9203,'a',released,HENSOL
82.9447,'a',pressed,HENSOL
83.0283,'a',released,HENSOL
83.0563,'d',pressed,HENSOL
83.0581,Mouse.left,pressed,HENSOL
83.1312,Mouse.left,released,HENSOL
83.6181,Mouse.left,pressed,HENSOL
83.7122,Mouse.left,released,HENSOL
83.7684,'a',pressed,HENSOL
83.8643,'d',released,HENSOL
84.2323,'a',released,HENSOL
84.6603,'a',pressed,HENSOL
84.8003,'a',released,HENSOL
84.8244,'w',pressed,HENSOL
84.9522,Mouse.left,pressed,HENSOL
85.0282,Mouse.left,released,HENSOL
85.4208,'a',pressed,HENSOL
85.4685,'w',released,HENSOL
86.4404,'w',pressed,HENSOL
86.4884,'a',released,HENSOL
88.5364,'a',pressed,HENSOL
88.7645,'a',released,HENSOL
89.1406,'a',pressed,HENSOL
89.5683,'a',released,HENSOL
90.3808,'a',pressed,HENSOL
90.7206,'a',released,HENSOL
90.9846,'a',pressed,HENSOL
91.3483,'w',released,HENSOL
91.7843,'w',pressed,HENSOL
92.3765,'a',released,HENSOL
92.7246,'a',pressed,HENSOL
92.9806,'a',released,HENSOL
93.3844,'d',pressed,HENSOL
93.5447,'d',released,HENSOL
93.8963,'d',pressed,HENSOL
94.0725,'w',released,HENSOL
94.5126,'w',pressed,HENSOL
94.5244,'d',released,HENSOL
94.8725,'d',pressed,HENSOL
94.9524,'w',released,HENSOL
95.1726,'w',pressed,HENSOL
95.2204,'d',released,HENSOL
96.0568,'a',pressed,HENSOL
96.2247,'a',released,HENSOL
96.4206,'d',pressed,HENSOL
96.7524,'d',released,HENSOL
96.9165,'a',pressed,HENSOL
97.2006,'w',released,HENSOL
97.9339,'a',released,HENSOL
97.9726,'d',pressed,HENSOL
98.1325,'w',pressed,HENSOL
98.1841,'d',released,HENSOL
98.3207,'a',pressed,HENSOL
98.5165,'w',released,HENSOL
98.7684,'a',released,HENSOL
98.7924,'d',pressed,HENSOL
98.9609,'w',pressed,HENSOL
98.9923,'d',released,HENSOL
99.1364,'a',pressed,HENSOL
99.3844,'w',released,HENSOL
99.5053,'s',pressed,HENSOL
99.5323,'a',released,HENSOL
99.6753,Mouse.left,pressed,HENSOL
99.7463,Mouse.left,released,HENSOL
100.3084,'d',pressed,HENSOL
100.3687,'s',released,HENSOL
100.7046,'w',pressed,HENSOL
100.8324,'d',released,HENSOL
101.4485,'a',pressed,HENSOL
102.3924,'w',released,HENSOL
102.7083,Key.space,pressed,HENSOL
102.8320,Key.space,released,HENSOL
103.0586,Mouse.left,pressed,HENSOL
103.1421,Mouse.left,released,HENSOL
103.1566,'a',released,HENSOL
103.1970,'d',pressed,HENSOL
103.6323,'a',pressed,HENSOL
103.6444,'d',released,HENSOL
103.6608,'w',pressed,HENSOL
103.8563,'a',released,HENSOL
104.4222,Mouse.left,pressed,HENSOL
104.5181,Mouse.left,released,HENSOL
105.2763,'a',pressed,HENSOL
105.3982,Mouse.left,pressed,HENSOL
105.5085,'a',released,HENSOL
105.5231,Mouse.left,released,HENSOL
106.5687,'a',pressed,HENSOL
106.7364,'a',released,HENSOL
107.1888,'a',pressed,HENSOL
108.1656,Mouse.left,pressed,HENSOL
108.1764,'w',released,HENSOL
108.2123,'a',released,HENSOL
108.2524,Mouse.left,released,HENSOL
108.3129,'s',pressed,HENSOL
108.6382,Mouse.left,pressed,HENSOL
108.7141,Mouse.left,released,HENSOL
108.7910,Mouse.left,pressed,HENSOL
108.8124,'s',released,HENSOL
108.8454,Mouse.left,released,HENSOL
108.9124,'w',pressed,HENSOL
108.9382,Mouse.left,pressed,HENSOL
109.0044,Mouse.left,released,HENSOL
109.1003,Mouse.left,pressed,HENSOL
109.1868,Mouse.left,released,HENSOL
109.5006,'d',pressed,HENSOL
109.5964,'w',released,HENSOL
109.6437,Mouse.left,pressed,HENSOL
109.7307,Mouse.left,released,HENSOL
109.7731,'d',released,HENSOL
109.8012,Mouse.left,pressed,HENSOL
109.8841,Mouse.left,released,HENSOL
109.9245,'a',pressed,HENSOL
109.9404,'s',pressed,HENSOL
109.9523,'a',released,HENSOL
110.2446,'s',released,HENSOL
110.2645,'d',pressed,HENSOL
110.5883,Mouse.left,pressed,HENSOL
110.6833,Mouse.left,released,HENSOL
111.2524,'s',pressed,HENSOL
111.4313,Mouse.left,pressed,HENSOL
111.4640,Key.space,pressed,HENSOL
111.5462,Mouse.left,released,HENSOL
111.6683,Key.space,released,HENSOL
112.0606,'d',released,HENSOL
112.2484,Mouse.left,pressed,HENSOL
112.3378,Mouse.left,released,HENSOL
112.3490,'d',pressed,HENSOL
112.3963,Mouse.left,pressed,HENSOL
112.5141,Mouse.left,released,HENSOL
112.9013,'s',released,HENSOL
113.0766,'a',pressed,HENSOL
113.1223,Mouse.left,pressed,HENSOL
113.1446,'s',pressed,HENSOL
113.2306,Mouse.left,released,HENSOL
113.2407,'a',released,HENSOL
113.2895,Mouse.left,pressed,HENSOL
113.4166,'a',pressed,HENSOL
113.4369,'d',released,HENSOL
113.4534,Mouse.left,released,HENSOL
113.5620,Mouse.left,pressed,HENSOL
113.6293,Mouse.left,released,HENSOL
114.0516,Mouse.left,pressed,HENSOL
114.1671,Mouse.left,released,HENSOL
114.2701,Mouse.left,pressed,HENSOL
114.3708,Mouse.left,released,HENSOL
114.4365,'s',released,HENSOL
114.4605,'a',released,HENSOL
115.1480,Key.tab,pressed,HENSOL
116.8363,Key.tab,released,HENSOL
133.4766,'w',pressed,HENSOL
134.3124,'d',pressed,HENSOL
134.4768,'d',released,HENSOL
136.9164,'a',pressed,HENSOL
137.0569,'a',released,HENSOL
137.8324,'d',pressed,HENSOL
138.0605,'d',released,HENSOL
138.7965,'a',pressed,HENSOL
139.2243,'a',released,HENSOL
139.5044,'d',pressed,HENSOL
139.8372,'w',released,HENSOL
139.9166,'d',released,HENSOL
139.9685,'s',pressed,HENSOL
140.0410,Mouse.left,pressed,HENSOL
140.1456,Mouse.left,released,HENSOL
140.3886,'s',released,HENSOL
140.5126,'w',pressed,HENSOL
140.7311,Mouse.left,pressed,HENSOL
140.8030,Mouse.left,released,HENSOL
140.9335,Mouse.left,pressed,HENSOL
141.0356,Mouse.left,released,HENSOL
141.5284,'d',pressed,HENSOL
141.7092,Mouse.left,pressed,HENSOL
141.7805,'d',released,HENSOL
141.7961,Mouse.left,released,HENSOL
141.9452,Mouse.left,pressed,HENSOL
142.0381,Mouse.left,released,HENSOL
143.7327,'a',pressed,HENSOL
143.7825,Mouse.left,pressed,HENSOL
143.8811,Mouse.left,released,HENSOL
144.5847,'a',released,HENSOL
144.9525,'a',pressed,HENSOL
145.4203,'w',released,HENSOL
145.8004,'a',released,HENSOL
145.8046,'d',pressed,HENSOL
146.3133,'w',pressed,HENSOL
146.5333,'d',released,HENSOL
147.0735,'w',released,HENSOL
147.0780,'a',pressed,HENSOL
147.2486,'a',released,HENSOL
147.4090,'d',pressed,HENSOL
147.7604,'d',released,HENSOL
147.8206,'a',pressed,HENSOL
148.0125,'a',released,HENSOL
148.0765,'w',pressed,HENSOL
148.8372,'d',pressed,HENSOL
149.1683,'d',released,HENSOL
149.4003,'a',pressed,HENSOL
149.8284,'a',released,HENSOL
150.2451,'a',pressed,HENSOL
150.3765,'a',released,HENSOL
154.4408,'w',released,HENSOL
154.4604,'w',pressed,HENSOL
154.7844,'a',pressed,HENSOL
155.2804,'w',released,HENSOL
155.4884,'w',pressed,HENSOL
155.7207,'w',released,HENSOL
156.2803,Key.space,pressed,HENSOL
156.3800,Key.space,released,HENSOL
156.5963,'a',released,HENSOL
156.6285,'d',pressed,HENSOL
156.8685,'d',released,HENSOL
157.1364,'w',pressed,HENSOL
157.5205,'d',pressed,HENSOL
157.6660,Mouse.left,pressed,HENSOL
157.6688,'d',released,HENSOL
157.7043,'w',released,HENSOL
157.7611,Mouse.left,released,HENSOL
158.0245,'w',pressed,HENSOL
158.3323,'a',pressed,HENSOL
158.5246,'a',released,HENSOL
159.0166,'d',pressed,HENSOL
159.7963,'d',released,HENSOL
160.4884,'d',pressed,HENSOL
161.1209,'d',released,HENSOL
161.6929,'a',pressed,HENSOL
162.1805,'a',released,HENSOL
162.6166,'a',pressed,HENSOL
163.0165,'w',released,HENSOL
163.6166,Key.space,pressed,HENSOL
163.7696,Key.space,released,HENSOL
164.0166,'d',pressed,HENSOL
164.0324,'a',released,HENSOL
164.2811,Mouse.left,pressed,HENSOL
164.3775,Mouse.left,released,HENSOL
164.7045,'a',pressed,HENSOL
164.7283,'d',released,HENSOL
165.5088,'a',released,HENSOL
165.5852,Mouse.left,pressed,HENSOL
165.6682,Mouse.left,released,HENSOL
165.8001,Mouse.left,pressed,HENSOL
165.8722,Mouse.left,released,HENSOL
166.1332,Mouse.left,pressed,HENSOL
166.2302,Mouse.left,released,HENSOL
166.3073,Mouse.left,pressed,HENSOL
166.4051,Mouse.left,released,HENSOL
166.5022,Mouse.left,pressed,HENSOL
166.5938,Mouse.left,released,HENSOL
166.6742,Mouse.left,pressed,HENSOL
166.7502,Mouse.left,released,HENSOL
166.8663,Mouse.left,pressed,HENSOL
166.9392,Mouse.left,released,HENSOL
167.0292,Mouse.left,pressed,HENSOL
167.0983,Mouse.left,released,HENSOL
167.1841,Mouse.left,pressed,HENSOL
167.2662,Mouse.left,released,HENSOL
167.3573,Mouse.left,pressed,HENSOL
167.4352,Mouse.left,released,HENSOL
167.5262,Mouse.left,pressed,HENSOL
167.6102,Mouse.left,released,HENSOL
167.7182,Mouse.left,pressed,HENSOL
167.8062,Mouse.left,released,HENSOL
167.9022,Mouse.left,pressed,HENSOL
167.9842,Mouse.left,released,HENSOL
168.0815,Mouse.left,pressed,HENSOL
168.1612,Mouse.left,released,HENSOL
168.2572,Mouse.left,pressed,HENSOL
168.3422,Mouse.left,released,HENSOL
168.4452,Mouse.left,pressed,HENSOL
168.5452,Mouse.left,released,HENSOL
168.6442,Mouse.left,pressed,HENSOL
168.7221,Mouse.left,released,HENSOL
168.7992,Mouse.left,pressed,HENSOL
168.8841,Mouse.left,released,HENSOL
168.9846,'d',pressed,HENSOL
169.0271,Mouse.left,pressed,HENSOL
169.0765,'w',pressed,HENSOL
169.1271,Mouse.left,released,HENSOL
169.1525,'d',released,HENSOL
169.4483,'a',pressed,HENSOL
169.6244,'a',released,HENSOL
169.8971,Mouse.left,pressed,HENSOL
170.0015,Mouse.left,released,HENSOL
170.1092,Mouse.left,pressed,HENSOL
170.1951,Mouse.left,released,HENSOL
170.3526,'w',released,HENSOL
170.4803,'s',pressed,HENSOL
170.6412,Mouse.left,pressed,HENSOL
170.7402,Mouse.left,released,HENSOL
170.8541,Mouse.left,pressed,HENSOL
170.9282,Mouse.left,released,HENSOL
171.0452,Mouse.left,pressed,HENSOL
171.1340,Mouse.left,released,HENSOL
171.2946,'s',released,HENSOL
171.3924,'w',pressed,HENSOL
172.4127,Mouse.left,pressed,HENSOL
172.5004,'w',released,HENSOL
172.5012,Mouse.left,released,HENSOL
172.6232,Mouse.left,pressed,HENSOL
172.6724,'s',pressed,HENSOL
172.7012,Mouse.left,released,HENSOL
172.9964,'s',released,HENSOL
173.1005,'w',pressed,HENSOL
173.2686,'w',released,HENSOL
173.3281,Mouse.left,pressed,HENSOL
173.3772,Mouse.left,released,HENSOL
173.3925,'s',pressed,HENSOL
173.5072,Mouse.left,pressed,HENSOL
173.5541,Mouse.left,released,HENSOL
173.7351,Mouse.left,pressed,HENSOL
173.8102,Mouse.left,released,HENSOL
174.0753,Mouse.left,pressed,HENSOL
174.1621,Mouse.left,released,HENSOL
174.2522,Mouse.left,pressed,HENSOL
174.3368,Mouse.left,released,HENSOL
174.4144,Mouse.left,pressed,HENSOL
174.5101,Mouse.left,released,HENSOL
174.7128,'s',released,HENSOL
174.8166,'w',pressed,HENSOL
175.0554,Mouse.left,pressed,HENSOL
175.0965,'w',released,HENSOL
175.1203,'d',pressed,HENSOL
175.1371,Mouse.left,released,HENSOL
175.2004,Mouse.left,pressed,HENSOL
175.2862,Mouse.left,released,HENSOL
175.3125,'s',pressed,HENSOL
175.3324,'d',released,HENSOL
175.3721,Mouse.left,pressed,HENSOL
175.4561,Mouse.left,released,HENSOL
175.5844,'s',released,HENSOL
175.6963,'a',pressed,HENSOL
175.7092,'a',released,HENSOL
175.7164,'3',pressed,HENSOL
175.7203,'2',pressed,HENSOL
175.7605,Mouse.left,pressed,HENSOL
175.7647,'3',released,HENSOL
175.7763,'2',released,HENSOL
175.8501,Mouse.left,released,HENSOL
175.9163,'w',pressed,HENSOL
175.9281,Mouse.left,pressed,HENSOL
176.0171,Mouse.left,released,HENSOL
176.1169,Mouse.left,pressed,HENSOL
176.1963,Mouse.left,released,HENSOL
176.2326,'w',released,HENSOL
176.2871,Mouse.left,pressed,HENSOL
176.3681,Mouse.left,released,HENSOL
176.4483,'s',pressed,HENSOL
176.4531,Mouse.left,pressed,HENSOL
176.5312,Mouse.left,released,HENSOL
176.6152,Mouse.left,pressed,HENSOL
176.7031,Mouse.left,released,HENSOL
176.7731,Mouse.left,pressed,HENSOL
176.8642,Mouse.left,released,HENSOL
176.9472,Mouse.left,pressed,HENSOL
177.0382,Mouse.left,released,HENSOL
177.1281,Mouse.left,pressed,HENSOL
177.2251,Mouse.left,released,HENSOL
177.2645,'d',pressed,HENSOL
177.2913,Mouse.left,pressed,HENSOL
177.3941,Mouse.left,released,HENSOL
177.4762,Mouse.left,pressed,HENSOL
177.5471,Mouse.left,released,HENSOL
177.6134,Mouse.left,pressed,HENSOL
177.7001,Mouse.left,released,HENSOL
177.7324,'s',released,HENSOL
177.9524,'d',released,HENSOL
177.9763,'2',pressed,HENSOL
178.0327,'2',released,HENSOL
178.1287,'a',pressed,HENSOL
178.1365,'s',pressed,HENSOL
178.1491,'a',released,HENSOL
178.2694,Mouse.left,pressed,HENSOL
178.3741,Mouse.left,released,HENSOL
179.0396,Mouse.left,pressed,HENSOL
179.1344,Mouse.left,released,HENSOL
179.2811,Mouse.left,pressed,HENSOL
179.3784,Mouse.left,released,HENSOL
179.4461,Mouse.left,pressed,HENSOL
179.5553,Mouse.left,released,HENSOL
179.6605,Mouse.left,pressed,HENSOL
179.7361,Mouse.left,released,HENSOL
179.8723,'s',released,HENSOL
180.0364,'a',pressed,HENSOL
180.3189,Mouse.left,pressed,HENSOL
180.3365,'s',pressed,HENSOL
180.4114,Mouse.left,released,HENSOL
180.4943,Mouse.left,pressed,HENSOL
180.5172,'a',released,HENSOL
180.5693,Mouse.left,released,HENSOL
180.6653,Mouse.left,pressed,HENSOL
180.7757,Mouse.left,released,HENSOL
181.3441,Mouse.left,pressed,HENSOL
181.4390,Mouse.left,released,HENSOL
181.5556,Mouse.left,pressed,HENSOL
181.6441,Mouse.left,released,HENSOL
181.8162,Mouse.left,pressed,HENSOL
181.9104,Mouse.left,released,HENSOL
182.0352,Mouse.left,pressed,HENSOL
182.1413,Mouse.left,released,HENSOL
182.2366,'a',pressed,HENSOL
182.3611,Mouse.left,pressed,HENSOL
182.4571,Mouse.left,released,HENSOL
182.5501,Mouse.left,pressed,HENSOL
182.6242,Mouse.left,released,HENSOL
182.7115,Mouse.left,pressed,HENSOL
182.8005,Mouse.left,released,HENSOL
182.8845,Mouse.left,pressed,HENSOL
182.9963,Mouse.left,released,HENSOL
183.0962,Mouse.left,pressed,HENSOL
183.2071,Mouse.left,released,HENSOL
183.2911,Mouse.left,pressed,HENSOL
183.4071,Mouse.left,released,HENSOL
183.4831,Mouse.left,pressed,HENSOL
183.5841,Mouse.left,released,HENSOL
183.7003,'a',released,HENSOL
183.7203,'s',released,HENSOL
186.2604,Key.tab,pressed,HENSOL
187.4321,Key.tab,released,HENSOL
187.6002,Key.tab,pressed,HENSOL
188.2801,Key.tab,released,HENSOL
188.8922,Key.tab,pressed,HENSOL
189.3522,Key.tab,released,HENSOL
203.4565,'w',pressed,HENSOL
204.4053,'a',pressed,HENSOL
204.5243,'a',released,HENSOL
207.0166,'d',pressed,HENSOL
207.7044,'d',released,HENSOL
208.7683,'d',pressed,HENSOL
208.9723,'d',released,HENSOL
210.4166,'a',pressed,HENSOL
210.5484,'w',released,HENSOL
210.9684,'w',pressed,HENSOL
211.4046,'w',released,HENSOL
211.7004,'a',released,HENSOL
211.7927,'d',pressed,HENSOL
212.1725,'d',released,HENSOL
212.1929,'a',pressed,HENSOL
212.5446,'a',released,HENSOL
212.6045,'d',pressed,HENSOL
212.6105,Mouse.left,pressed,HENSOL
212.6812,Mouse.left,released,HENSOL
213.1564,'a',pressed,HENSOL
213.1606,'d',released,HENSOL
213.6521,Mouse.left,pressed,HENSOL
213.6571,'a',released,HENSOL
213.6724,'d',pressed,HENSOL
213.7322,Mouse.left,released,HENSOL
213.8332,Mouse.left,pressed,HENSOL
213.9191,Mouse.left,released,HENSOL
214.3003,'d',released,HENSOL
214.3208,'a',pressed,HENSOL
214.6283,'w',pressed,HENSOL
214.7325,'a',released,HENSOL
214.9896,Mouse.left,pressed,HENSOL
215.0369,'w',released,HENSOL
215.0832,Mouse.left,released,HENSOL
215.1566,'s',pressed,HENSOL
215.6083,'s',released,HENSOL
215.7044,'w',pressed,HENSOL
216.1472,Mouse.left,pressed,HENSOL
216.1926,'w',released,HENSOL
216.2602,Mouse.left,released,HENSOL
216.3125,'s',pressed,HENSOL
216.7725,'s',released,HENSOL
216.8604,'w',pressed,HENSOL
217.9126,'a',pressed,HENSOL
219.1364,'a',released,HENSOL
219.8165,'d',pressed,HENSOL
220.0564,'d',released,HENSOL
221.6724,'d',pressed,HENSOL
222.0044,'d',released,HENSOL
222.8284,'d',pressed,HENSOL
225.9083,'d',released,HENSOL
225.9766,'w',released,HENSOL
226.1403,Mouse.left,pressed,HENSOL
226.2441,Mouse.left,released,HENSOL
226.3282,Mouse.left,pressed,HENSOL
226.4115,Mouse.left,released,HENSOL
226.6862,Mouse.left,pressed,HENSOL
226.7353,Mouse.left,released,HENSOL
226.7913,Mouse.left,pressed,HENSOL
226.8661,Mouse.left,released,HENSOL
226.9241,Mouse.left,pressed,HENSOL
227.0052,Mouse.left,released,HENSOL
227.0942,Mouse.left,pressed,HENSOL
227.1581,Mouse.left,released,HENSOL
227.1846,'s',pressed,HENSOL
227.2562,Mouse.left,pressed,HENSOL
227.3121,Mouse.left,released,HENSOL
227.4406,'s',released,HENSOL
227.4465,Mouse.left,pressed,HENSOL
227.5377,Mouse.left,released,HENSOL
227.6291,'w',pressed,HENSOL
228.0804,'d',pressed,HENSOL
228.1287,'w',released,HENSOL
228.2166,'d',released,HENSOL
228.3901,Mouse.left,pressed,HENSOL
228.4952,Mouse.left,released,HENSOL
228.5324,'s',pressed,HENSOL
229.1404,'s',released,HENSOL
229.2847,'w',pressed,HENSOL
229.3083,'d',pressed,HENSOL
229.4845,'d',released,HENSOL
230.1164,'d',pressed,HENSOL
230.2725,'d',released,HENSOL
230.4004,'a',pressed,HENSOL
230.7486,'w',released,HENSOL
232.0891,'w',pressed,HENSOL
233.0164,'w',released,HENSOL
233.5725,'w',pressed,HENSOL
233.7841,Key.space,pressed,HENSOL
233.8724,Key.space,released,HENSOL
234.5285,'a',released,HENSOL
235.0535,Mouse.left,pressed,HENSOL
235.1204,'w',released,HENSOL
235.1565,Mouse.left,released,HENSOL
235.1964,'s',pressed,HENSOL
235.6211,Mouse.left,pressed,HENSOL
235.7094,Mouse.left,released,HENSOL
235.7821,Mouse.left,pressed,HENSOL
235.8561,Mouse.left,released,HENSOL
235.9782,Mouse.left,pressed,HENSOL
236.0453,Mouse.left,released,HENSOL
236.1461,Mouse.left,pressed,HENSOL
236.2351,Mouse.left,released,HENSOL
236.3401,Mouse.left,pressed,HENSOL
236.4462,Mouse.left,released,HENSOL
236.5951,Mouse.left,pressed,HENSOL
236.6895,Mouse.left,released,HENSOL
236.7971,Mouse.left,pressed,HENSOL
236.8891,Mouse.left,released,HENSOL
236.9712,Mouse.left,pressed,HENSOL
237.0556,Mouse.left,released,HENSOL
237.2164,'s',released,HENSOL
237.2484,'d',pressed,HENSOL
237.3764,'w',pressed,HENSOL
237.4204,'d',released,HENSOL
237.5621,Mouse.left,pressed,HENSOL
237.6285,'w',released,HENSOL
237.6804,'s',pressed,HENSOL
237.7532,Mouse.left,released,HENSOL
237.8495,Mouse.left,pressed,HENSOL
237.9284,Mouse.left,released,HENSOL
238.0966,'a',pressed,HENSOL
238.2967,'s',released,HENSOL
238.6164,Mouse.left,pressed,HENSOL
238.7024,Mouse.left,released,HENSOL
238.8684,'a',released,HENSOL
238.8964,'d',pressed,HENSOL
239.3204,'d',released,HENSOL
239.4202,Mouse.left,pressed,HENSOL
239.4962,Mouse.left,released,HENSOL
239.5892,Mouse.left,pressed,HENSOL
239.6205,'s',pressed,HENSOL
239.6852,Mouse.left,released,HENSOL
239.8888,'a',pressed,HENSOL
240.3005,'s',released,HENSOL
240.8763,'a',released,HENSOL
241.2364,'s',pressed,HENSOL
241.3005,'s',released,HENSOL
241.9723,Key.space,pressed,HENSOL
242.0765,'d',pressed,HENSOL
242.0961,Key.space,released,HENSOL
243.2247,'a',pressed,HENSOL
243.2362,'w',pressed,HENSOL
243.2483,'a',released,HENSOL
243.2526,'d',released,HENSOL
243.6886,'d',pressed,HENSOL
243.7447,'w',released,HENSOL
243.9332,Mouse.left,pressed,HENSOL
244.0005,'d',released,HENSOL
244.0174,Mouse.left,released,HENSOL
244.1247,'s',pressed,HENSOL
244.1524,'a',pressed,HENSOL
244.3445,'s',released,HENSOL
244.4725,'a',released,HENSOL
244.5088,'d',pressed,HENSOL
244.6051,Mouse.left,pressed,HENSOL
244.6952,Mouse.left,released,HENSOL
244.8132,Mouse.left,pressed,HENSOL
244.8724,'d',released,HENSOL
244.8740,Mouse.left,released,HENSOL
244.9461,Mouse.left,pressed,HENSOL
245.0302,Mouse.left,released,HENSOL
245.0327,'a',pressed,HENSOL
245.3203,'a',released,HENSOL
245.4284,'d',pressed,HENSOL
245.7561,Mouse.left,pressed,HENSOL
245.8044,'d',released,HENSOL
245.8611,Mouse.left,released,HENSOL
245.9363,'a',pressed,HENSOL
246.3764,'a',released,HENSOL
246.5686,'d',pressed,HENSOL
246.8921,Mouse.left,pressed,HENSOL
246.9742,Mouse.left,released,HENSOL
247.0442,Mouse.left,pressed,HENSOL
247.0922,Mouse.left,released,HENSOL
247.3404,'d',released,HENSOL
247.3844,'a',pressed,HENSOL
247.8244,'w',pressed,HENSOL
248.8526,'d',pressed,HENSOL
248.8924,'a',released,HENSOL
248.9164,'w',released,HENSOL
248.9691,Mouse.left,pressed,HENSOL
249.0432,Mouse.left,released,HENSOL
249.1240,Mouse.left,pressed,HENSOL
249.1288,'s',pressed,HENSOL
249.1851,Mouse.left,released,HENSOL
249.5684,Key.space,pressed,HENSOL
249.7441,Key.space,released,HENSOL
249.8362,Mouse.left,pressed,HENSOL
249.9082,Mouse.left,released,HENSOL
249.9164,'d',released,HENSOL
250.0121,Mouse.left,pressed,HENSOL
250.1044,Mouse.left,released,HENSOL
250.2173,Mouse.left,pressed,HENSOL
250.3001,Mouse.left,released,HENSOL
250.4806,'a',pressed,HENSOL
250.6432,Mouse.left,pressed,HENSOL
250.7422,Mouse.left,released,HENSOL
250.8143,Mouse.left,pressed,HENSOL
250.8725,'a',released,HENSOL
250.9173,Mouse.left,released,HENSOL
250.9604,'d',pressed,HENSOL
250.9885,'d',released,HENSOL
251.1767,'a',pressed,HENSOL
251.6560,Key.space,pressed,HENSOL
251.6952,Mouse.left,pressed,HENSOL
251.7921,Key.space,released,HENSOL
251.8084,Mouse.left,released,HENSOL
252.0407,'a',released,HENSOL
252.1886,'d',pressed,HENSOL
253.3580,Mouse.left,pressed,HENSOL
253.4924,Mouse.left,released,HENSOL
253.5723,Key.space,pressed,HENSOL
253.9563,'s',released,HENSOL
254.1080,Key.space,released,HENSOL
254.2643,'w',pressed,HENSOL
254.7166,'d',released,HENSOL
255.0484,'d',pressed,HENSOL
255.4644,'d',released,HENSOL
255.8205,'a',pressed,HENSOL
256.1246,'w',released,HENSOL
256.4444,'a',released,HENSOL
258.0201,Key.tab,pressed,HENSOL
261.0242,Key.tab,released,HENSOL
263.2480,Key.tab,pressed,HENSOL
268.3338,Key.tab,released,HENSOL
273.5848,'w',pressed,HENSOL
278.1406,'a',pressed,HENSOL
278.2888,'w',released,HENSOL
278.6043,'w',pressed,HENSOL
278.8563,'a',released,HENSOL
279.1126,'a',pressed,HENSOL
279.8487,'a',released,HENSOL
280.1925,'d',pressed,HENSOL
281.1764,'w',released,HENSOL
281.4403,'d',released,HENSOL
281.7005,'a',pressed,HENSOL
281.8643,'a',released,HENSOL
281.8846,'d',pressed,HENSOL
282.3205,'d',released,HENSOL
282.3604,'a',pressed,HENSOL
282.5083,'a',released,HENSOL
282.5604,'w',pressed,HENSOL
283.8044,'d',pressed,HENSOL
283.8166,'w',released,HENSOL
285.3047,'d',released,HENSOL
285.3123,'a',pressed,HENSOL
285.7006,'a',released,HENSOL
285.8366,'d',pressed,HENSOL
286.0605,'w',pressed,HENSOL
286.2884,'w',released,HENSOL
286.2911,Mouse.left,pressed,HENSOL
286.3873,Mouse.left,released,HENSOL
286.6523,'d',released,HENSOL
286.6564,'a',pressed,HENSOL
286.8925,'w',pressed,HENSOL
287.1005,'a',released,HENSOL
287.5324,Mouse.left,pressed,HENSOL
287.5685,'a',pressed,HENSOL
287.6124,Mouse.left,released,HENSOL
287.6484,'a',released,HENSOL
288.1404,'a',pressed,HENSOL
288.1844,'w',released,HENSOL
288.2884,'a',released,HENSOL
288.3084,'s',pressed,HENSOL
288.4922,Mouse.left,pressed,HENSOL
288.5782,Mouse.left,released,HENSOL
288.6701,Mouse.left,pressed,HENSOL
288.7643,Key.space,pressed,HENSOL
288.7646,Mouse.left,released,HENSOL
288.8561,Key.space,released,HENSOL
288.8702,Mouse.left,pressed,HENSOL
288.9363,Mouse.left,released,HENSOL
289.0421,Mouse.left,pressed,HENSOL
289.1501,Mouse.left,released,HENSOL
289.3601,Mouse.left,pressed,HENSOL
289.4481,Key.space,pressed,HENSOL
289.4522,Mouse.left,released,HENSOL
289.5561,Mouse.left,pressed,HENSOL
289.5640,Key.space,released,HENSOL
289.6381,Mouse.left,released,HENSOL
289.6681,Key.space,pressed,HENSOL
289.6992,Mouse.left,pressed,HENSOL
289.7651,Mouse.left,released,HENSOL
289.8162,Key.space,released,HENSOL
290.3861,Mouse.left,pressed,HENSOL
290.4798,Mouse.left,released,HENSOL
290.5752,Mouse.left,pressed,HENSOL
290.6501,Mouse.left,released,HENSOL
290.8245,'d',pressed,HENSOL
290.9166,'s',released,HENSOL
291.3152,Mouse.left,pressed,HENSOL
291.4233,Mouse.left,released,HENSOL
291.4901,Mouse.left,pressed,HENSOL
291.5623,Mouse.left,released,HENSOL
291.7165,'a',pressed,HENSOL
291.7285,'d',released,HENSOL
292.1844,'a',released,HENSOL
292.1964,'d',pressed,HENSOL
292.5472,Mouse.left,pressed,HENSOL
292.6412,Mouse.left,released,HENSOL
292.6725,'d',released,HENSOL
292.8244,'a',pressed,HENSOL
293.0033,Mouse.left,pressed,HENSOL
293.0325,'a',released,HENSOL
293.0801,Mouse.left,released,HENSOL
293.1805,'d',pressed,HENSOL
293.4564,'d',released,HENSOL
293.6972,Mouse.left,pressed,HENSOL
293.7863,Mouse.left,released,HENSOL
293.8813,Mouse.left,pressed,HENSOL
293.9512,Mouse.left,released,HENSOL
294.0321,Mouse.left,pressed,HENSOL
294.1112,Mouse.left,released,HENSOL
294.2031,Mouse.left,pressed,HENSOL
294.2841,Mouse.left,released,HENSOL
294.3881,Mouse.left,pressed,HENSOL
294.4862,Mouse.left,released,HENSOL
294.7166,'w',pressed,HENSOL
294.9052,Mouse.left,pressed,HENSOL
295.0022,Mouse.left,released,HENSOL
295.2165,'w',released,HENSOL
295.2967,'d',pressed,HENSOL
296.1808,'a',pressed,HENSOL
296.1964,'d',released,HENSOL
296.4883,'a',released,HENSOL
296.5442,Mouse.left,pressed,HENSOL
296.6104,Mouse.left,released,HENSOL
296.6616,Mouse.left,pressed,HENSOL
296.7325,'d',pressed,HENSOL
296.7422,Mouse.left,released,HENSOL
297.5285,'a',pressed,HENSOL
297.5683,'d',released,HENSOL
298.0901,Mouse.left,pressed,HENSOL
298.1711,Mouse.left,released,HENSOL
298.2106,Mouse.left,pressed,HENSOL
298.2131,'d',pressed,HENSOL
298.2323,'a',released,HENSOL
298.2895,Mouse.left,released,HENSOL
298.9765,'a',pressed,HENSOL
299.0843,'a',released,HENSOL
299.0968,'a',pressed,HENSOL
299.1884,'d',released,HENSOL
299.2524,'s',pressed,HENSOL
299.3162,'s',released,HENSOL
299.6722,Mouse.left,pressed,HENSOL
299.7452,'a',released,HENSOL
299.7485,'d',pressed,HENSOL
299.7593,Mouse.left,released,HENSOL
299.8311,Mouse.left,pressed,HENSOL
299.9162,Mouse.left,released,HENSOL
300.4085,'a',pressed,HENSOL
300.5606,'d',released,HENSOL
300.7663,Mouse.left,pressed,HENSOL
300.8471,Mouse.left,released,HENSOL
301.3083,Key.space,pressed,HENSOL
301.3841,Mouse.left,pressed,HENSOL
301.4240,Key.space,released,HENSOL
301.4684,Mouse.left,released,HENSOL
301.5045,Key.space,pressed,HENSOL
301.5433,Mouse.left,pressed,HENSOL
301.6003,Key.space,released,HENSOL
301.6304,Mouse.left,released,HENSOL
301.6923,Mouse.left,pressed,HENSOL
301.6971,Key.space,pressed,HENSOL
301.7872,Mouse.left,released,HENSOL
301.8000,Key.space,released,HENSOL
301.8575,Mouse.left,pressed,HENSOL
301.9593,Mouse.left,released,HENSOL
301.9922,Key.space,pressed,HENSOL
302.0481,Mouse.left,pressed,HENSOL
302.1161,Key.space,released,HENSOL
302.1494,Mouse.left,released,HENSOL
302.6102,Mouse.left,pressed,HENSOL
302.6924,Mouse.left,released,HENSOL
302.7608,'s',pressed,HENSOL
302.7856,Mouse.left,pressed,HENSOL
302.9043,Mouse.left,released,HENSOL
303.0064,Mouse.left,pressed,HENSOL
303.1204,Mouse.left,released,HENSOL
303.1916,Mouse.left,pressed,HENSOL
303.2681,Mouse.left,released,HENSOL
303.4523,'s',released,HENSOL
304.0164,Mouse.left,pressed,HENSOL
304.1184,Mouse.left,released,HENSOL
304.1567,'d',pressed,HENSOL
304.1904,Mouse.left,pressed,HENSOL
304.2164,'a',released,HENSOL
304.2921,Key.space,pressed,HENSOL
304.3193,Mouse.left,released,HENSOL
304.8554,Mouse.left,pressed,HENSOL
304.9433,Mouse.left,released,HENSOL
304.9807,Key.space,released,HENSOL
305.0295,Mouse.left,pressed,HENSOL
305.0532,'a',pressed,HENSOL
305.0967,'d',released,HENSOL
305.1445,Mouse.left,released,HENSOL
305.2034,Mouse.left,pressed,HENSOL
305.2793,Mouse.left,released,HENSOL
305.5161,Key.space,pressed,HENSOL
305.7002,Key.space,released,HENSOL
305.7076,Mouse.left,pressed,HENSOL
305.8312,Mouse.left,released,HENSOL
305.9094,Mouse.left,pressed,HENSOL
306.0224,Mouse.left,released,HENSOL
306.1044,Mouse.left,pressed,HENSOL
306.1552,Mouse.left,released,HENSOL
306.6605,'a',released,HENSOL
306.7488,'a',pressed,HENSOL
306.9248,'w',pressed,HENSOL
306.9685,'a',released,HENSOL
308.9884,Key.space,pressed,HENSOL
310.8081,Key.space,released,HENSOL
311.1244,'a',pressed,HENSOL
311.1280,Key.space,pressed,HENSOL
311.5443,Key.space,released,HENSOL
311.6209,'w',released,HENSOL
311.7453,'s',pressed,HENSOL
311.9404,Key.space,pressed,HENSOL
312.0740,Mouse.left,pressed,HENSOL
312.1671,Mouse.left,released,HENSOL
312.2500,Mouse.left,pressed,HENSOL
312.2526,Key.space,released,HENSOL
312.3526,Mouse.left,released,HENSOL
312.4045,'a',released,HENSOL
312.4284,'s',released,HENSOL
314.4282,Key.tab,pressed,HENSOL
317.0121,Key.tab,released,HENSOL
324.8761,Key.tab,pressed,HENSOL
325.3767,Key.tab,released,HENSOL
326.7963,Key.tab,pressed,HENSOL
328.7681,Key.tab,released,HENSOL
333.3325,'w',pressed,HENSOL
335.3163,'a',pressed,HENSOL
335.8484,'a',released,HENSOL
337.0645,'a',pressed,HENSOL
337.2084,'a',released,HENSOL
337.5287,'a',pressed,HENSOL
337.7768,'a',released,HENSOL
338.3845,'d',pressed,HENSOL
338.9846,'d',released,HENSOL
339.4085,'d',pressed,HENSOL
339.7484,'d',released,HENSOL
340.1844,'d',pressed,HENSOL
340.7605,'d',released,HENSOL
341.0729,'d',pressed,HENSOL
341.2965,'d',released,HENSOL
341.5088,'a',pressed,HENSOL
342.4522,Key.space,pressed,HENSOL
342.5521,Key.space,released,HENSOL
342.6243,'a',released,HENSOL
342.6523,'d',pressed,HENSOL
342.6764,'w',released,HENSOL
342.8764,'a',pressed,HENSOL
342.8965,'d',released,HENSOL
343.0448,'w',pressed,HENSOL
343.0608,'a',released,HENSOL
343.8741,Mouse.left,pressed,HENSOL
343.9951,Mouse.left,released,HENSOL
344.0206,'a',pressed,HENSOL
344.0404,'w',released,HENSOL
344.4365,'w',pressed,HENSOL
344.9766,'a',released,HENSOL
345.5365,'d',pressed,HENSOL
345.5965,'w',released,HENSOL
345.9563,Mouse.left,pressed,HENSOL
346.0444,Mouse.left,released,HENSOL
346.0452,'d',released,HENSOL
346.0885,'a',pressed,HENSOL
346.4485,'a',released,HENSOL
346.5283,'d',pressed,HENSOL
347.0804,'d',released,HENSOL
347.4573,Mouse.left,pressed,HENSOL
347.5544,Mouse.left,released,HENSOL
347.6967,'a',pressed,HENSOL
348.0604,'a',released,HENSOL
348.0965,'d',pressed,HENSOL
348.2808,'w',pressed,HENSOL
348.3764,'d',released,HENSOL
350.2165,'d',pressed,HENSOL
350.4644,'d',released,HENSOL
350.7045,'d',pressed,HENSOL
352.8886,'w',released,HENSOL
353.0286,'s',pressed,HENSOL
353.0649,'d',released,HENSOL
353.2806,'a',pressed,HENSOL
353.6765,'a',released,HENSOL
354.1684,'s',released,HENSOL
354.4047,'a',pressed,HENSOL
354.5367,'a',released,HENSOL
354.6886,'d',pressed,HENSOL
355.0605,'d',released,HENSOL
355.1327,'a',pressed,HENSOL
355.3528,'a',released,HENSOL
355.4408,'w',pressed,HENSOL
355.9909,'a',pressed,HENSOL
356.0929,'a',released,HENSOL
356.1767,'d',pressed,HENSOL
356.5124,'d',released,HENSOL
356.7406,'d',pressed,HENSOL
356.8924,'w',released,HENSOL
358.1005,'d',released,HENSOL
358.2086,'a',pressed,HENSOL
358.3923,'a',released,HENSOL
358.5251,'s',pressed,HENSOL
358.5851,'a',pressed,HENSOL
358.6646,'s',released,HENSOL
358.6929,'a',released,HENSOL
358.9418,'w',pressed,HENSOL
359.0565,'d',pressed,HENSOL
359.2528,'w',released,HENSOL
359.3404,'d',released,HENSOL
360.4250,'w',pressed,HENSOL
360.7847,'a',pressed,HENSOL
361.1925,'a',released,HENSOL
361.3205,'d',pressed,HENSOL
361.4087,'d',released,HENSOL
362.0406,'d',pressed,HENSOL
362.1087,'w',released,HENSOL
362.7369,'w',pressed,HENSOL
363.2645,'d',released,HENSOL
363.2771,'a',pressed,HENSOL
363.3447,'w',released,HENSOL
363.5126,'s',pressed,HENSOL
363.6446,Mouse.left,pressed,HENSOL
363.7368,'a',released,HENSOL
363.7545,Mouse.left,released,HENSOL
363.8104,Mouse.left,pressed,HENSOL
363.9323,Mouse.left,released,HENSOL
364.0321,Key.space,pressed,HENSOL
364.2363,Key.space,released,HENSOL
364.7490,'s',released,HENSOL
364.7887,'a',pressed,HENSOL
364.8806,'w',pressed,HENSOL
366.1563,'a',released,HENSOL
366.2570,Mouse.left,pressed,HENSOL
366.2765,'w',released,HENSOL
366.2848,'s',pressed,HENSOL
366.3365,Mouse.left,released,HENSOL
366.4006,'d',pressed,HENSOL
366.4052,Mouse.left,pressed,HENSOL
366.4167,'s',released,HENSOL
366.4283,'s',pressed,HENSOL
366.4364,Key.space,pressed,HENSOL
366.4745,Mouse.left,released,HENSOL
367.0604,Key.space,released,HENSOL
367.1255,'d',released,HENSOL
367.1563,Mouse.left,pressed,HENSOL
367.2532,Mouse.left,released,HENSOL
367.3302,Mouse.left,pressed,HENSOL
367.3952,Mouse.left,released,HENSOL
367.5287,'a',pressed,HENSOL
367.9755,Mouse.left,pressed,HENSOL
367.9771,'a',released,HENSOL
368.0624,Mouse.left,released,HENSOL
368.2689,'s',released,HENSOL
368.2923,'a',pressed,HENSOL
368.4086,'w',pressed,HENSOL
369.0127,'a',released,HENSOL
369.0285,'d',pressed,HENSOL
369.0563,'w',released,HENSOL
369.3533,Mouse.left,pressed,HENSOL
369.4243,'d',released,HENSOL
369.4251,Mouse.left,released,HENSOL
369.4644,'a',pressed,HENSOL
370.4004,'s',pressed,HENSOL
370.4403,'s',released,HENSOL
371.3121,'d',pressed,HENSOL
371.3334,'a',released,HENSOL
371.4292,Mouse.left,pressed,HENSOL
371.5232,Mouse.left,released,HENSOL
372.0366,'a',pressed,HENSOL
372.0686,'d',released,HENSOL
372.1730,'a',released,HENSOL
372.1808,'d',pressed,HENSOL
373.3151,Mouse.left,pressed,HENSOL
373.4141,Mouse.left,released,HENSOL
373.8247,'d',released,HENSOL
373.8287,'a',pressed,HENSOL
374.0483,'a',released,HENSOL
374.0964,'d',pressed,HENSOL
374.4405,'d',released,HENSOL
374.8243,Mouse.left,pressed,HENSOL
374.9082,Mouse.left,released,HENSOL
375.3923,Mouse.left,pressed,HENSOL
375.5022,Mouse.left,released,HENSOL
376.4521,Mouse.left,pressed,HENSOL
376.5542,Mouse.left,released,HENSOL
377.0285,Mouse.left,pressed,HENSOL
377.1192,Mouse.left,released,HENSOL
377.9166,'w',pressed,HENSOL
378.3324,'d',pressed,HENSOL
378.5283,'d',released,HENSOL
378.5403,'w',released,HENSOL
379.2172,Mouse.left,pressed,HENSOL
379.2793,Mouse.left,released,HENSOL
379.5004,'d',pressed,HENSOL
380.3966,'w',pressed,HENSOL
380.5204,'a',pressed,HENSOL
380.5806,'d',released,HENSOL
380.7364,'a',released,HENSOL
381.0966,'w',released,HENSOL
381.2445,'s',pressed,HENSOL
381.6932,'d',pressed,HENSOL
381.9083,'s',released,HENSOL
382.1884,'d',released,HENSOL
382.2045,'a',pressed,HENSOL
382.4886,'w',pressed,HENSOL
382.6883,'a',released,HENSOL
382.9887,'a',pressed,HENSOL
383.5086,'a',released,HENSOL
384.3210,'d',pressed,HENSOL
384.5006,'w',released,HENSOL
385.1166,'w',pressed,HENSOL
387.3444,'d',released,HENSOL
388.4128,'w',released,HENSOL
388.4925,'d',pressed,HENSOL
388.6248,'s',pressed,HENSOL
388.7723,Key.space,pressed,HENSOL
388.9722,Key.space,released,HENSOL
389.8165,'d',released,HENSOL
390.1207,'d',pressed,HENSOL
391.0953,Mouse.left,pressed,HENSOL
391.1872,Mouse.left,released,HENSOL
391.6174,Mouse.left,pressed,HENSOL
391.6802,'d',released,HENSOL
391.7033,Mouse.left,released,HENSOL
391.9041,Mouse.left,pressed,HENSOL
392.0002,Mouse.left,released,HENSOL
392.2368,'a',pressed,HENSOL
392.2834,Mouse.left,pressed,HENSOL
392.3611,Mouse.left,released,HENSOL
392.4574,Mouse.left,pressed,HENSOL
392.5933,Mouse.left,released,HENSOL
392.7953,Mouse.left,pressed,HENSOL
392.9014,Mouse.left,released,HENSOL
392.9532,Mouse.left,pressed,HENSOL
393.0588,Mouse.left,released,HENSOL
393.0882,Key.space,pressed,HENSOL
393.2042,Key.space,released,HENSOL
393.5240,Mouse.left,pressed,HENSOL
393.6488,'a',released,HENSOL
393.6495,Mouse.left,released,HENSOL
393.6890,'d',pressed,HENSOL
393.7084,Mouse.left,pressed,HENSOL
393.7811,Mouse.left,released,HENSOL
393.9721,Key.space,pressed,HENSOL
394.3247,Key.space,released,HENSOL
394.4953,Mouse.left,pressed,HENSOL
394.5996,Mouse.left,released,HENSOL
394.7722,Key.space,pressed,HENSOL
395.0417,Mouse.left,pressed,HENSOL
395.0923,Key.space,released,HENSOL
395.1261,Mouse.left,released,HENSOL
395.1926,Mouse.left,pressed,HENSOL
395.2715,Mouse.left,released,HENSOL
395.4004,Mouse.left,pressed,HENSOL
395.5247,Mouse.left,released,HENSOL
395.5866,Mouse.left,pressed,HENSOL
395.6868,Mouse.left,released,HENSOL
395.7899,Mouse.left,pressed,HENSOL
395.8433,Mouse.left,released,HENSOL
396.2164,'d',released,HENSOL
396.3203,'s',released,HENSOL
397.9283,Key.tab,pressed,HENSOL
399.1042,Key.tab,released,HENSOL
404.1082,Key.tab,pressed,HENSOL
405.1120,Key.tab,released,HENSOL
413.5929,'w',pressed,HENSOL
416.1523,'d',pressed,HENSOL
416.3123,'d',released,HENSOL
416.9685,'d',pressed,HENSOL
417.1165,'d',released,HENSOL
417.7365,'d',pressed,HENSOL
417.9004,'d',released,HENSOL
418.2084,'a',pressed,HENSOL
418.8284,'a',released,HENSOL
419.0724,'d',pressed,HENSOL
421.1904,Mouse.left,pressed,HENSOL
421.2853,Mouse.left,released,HENSOL
421.4964,'a',pressed,HENSOL
421.5085,'d',released,HENSOL
421.5521,Mouse.left,pressed,HENSOL
421.6521,Mouse.left,released,HENSOL
421.7401,Mouse.left,pressed,HENSOL
421.8152,Mouse.left,released,HENSOL
421.8446,'w',released,HENSOL
421.8983,Mouse.left,pressed,HENSOL
421.9763,Mouse.left,released,HENSOL
422.0444,'a',released,HENSOL
422.0502,Mouse.left,pressed,HENSOL
422.0606,'d',pressed,HENSOL
422.1203,Mouse.left,released,HENSOL
423.8881,Mouse.left,pressed,HENSOL
423.9245,'d',released,HENSOL
423.9842,Mouse.left,released,HENSOL
424.0462,Mouse.left,pressed,HENSOL
424.1223,Mouse.left,released,HENSOL
424.2608,'a',pressed,HENSOL
424.3924,'a',released,HENSOL
424.4372,Mouse.left,pressed,HENSOL
424.5052,Mouse.left,released,HENSOL
424.6525,'d',pressed,HENSOL
424.8045,'d',released,HENSOL
425.1772,Mouse.left,pressed,HENSOL
425.2562,Mouse.left,released,HENSOL
425.6247,'a',pressed,HENSOL
426.1048,'a',released,HENSOL
426.1205,'d',pressed,HENSOL
426.4153,Mouse.left,pressed,HENSOL
426.4885,'d',released,HENSOL
426.5012,Mouse.left,released,HENSOL
426.8006,'a',pressed,HENSOL
426.8062,Mouse.left,pressed,HENSOL
426.9123,Mouse.left,released,HENSOL
427.5322,'a',released,HENSOL
427.5405,'w',pressed,HENSOL
428.0247,'a',pressed,HENSOL
428.2084,'a',released,HENSOL
428.6125,'a',pressed,HENSOL
428.8924,'a',released,HENSOL
429.2045,'a',pressed,HENSOL
429.4565,'a',released,HENSOL
430.5370,'a',pressed,HENSOL
430.7925,'a',released,HENSOL
432.6085,'d',pressed,HENSOL
434.0685,'d',released,HENSOL
434.3004,'d',pressed,HENSOL
434.9483,'d',released,HENSOL
435.0725,'a',pressed,HENSOL
435.2644,'w',released,HENSOL
435.3371,Mouse.left,pressed,HENSOL
435.4062,Mouse.left,released,HENSOL
435.4246,'a',released,HENSOL
435.5025,Mouse.left,pressed,HENSOL
435.5682,Mouse.left,released,HENSOL
435.6645,'d',pressed,HENSOL
435.8604,'d',released,HENSOL
435.8643,'a',pressed,HENSOL
436.2421,Mouse.left,pressed,HENSOL
436.2610,'a',released,HENSOL
436.3385,Mouse.left,released,HENSOL
436.4245,'d',pressed,HENSOL
436.4653,Mouse.left,pressed,HENSOL
436.5462,Mouse.left,released,HENSOL
436.9445,'w',pressed,HENSOL
436.9805,'d',released,HENSOL
437.2925,'a',pressed,HENSOL
437.6404,'a',released,HENSOL
437.7847,'d',pressed,HENSOL
438.0754,Mouse.left,pressed,HENSOL
438.1044,'w',released,HENSOL
438.1567,'d',released,HENSOL
438.1805,Mouse.left,released,HENSOL
438.2446,'s',pressed,HENSOL
438.4805,'s',released,HENSOL
438.6125,'w',pressed,HENSOL
438.8941,Mouse.left,pressed,HENSOL
438.9848,'w',released,HENSOL
439.0884,'s',pressed,HENSOL
439.0932,Mouse.left,released,HENSOL
439.5376,Mouse.left,pressed,HENSOL
439.5953,Mouse.left,released,HENSOL
439.6325,'a',pressed,HENSOL
439.6783,Mouse.left,pressed,HENSOL
439.7748,Mouse.left,released,HENSOL
439.8765,Mouse.left,pressed,HENSOL
439.9749,Mouse.left,released,HENSOL
440.0451,Mouse.left,pressed,HENSOL
440.1322,Mouse.left,released,HENSOL
440.2204,'d',pressed,HENSOL
440.2325,'a',released,HENSOL
440.5033,Mouse.left,pressed,HENSOL
440.6061,Mouse.left,released,HENSOL
440.6694,Mouse.left,pressed,HENSOL
440.7331,Mouse.left,released,HENSOL
441.2128,'a',pressed,HENSOL
441.2287,'d',released,HENSOL
441.6402,Mouse.left,pressed,HENSOL
441.7254,Mouse.left,released,HENSOL
441.7523,'a',released,HENSOL
441.9203,'a',pressed,HENSOL
442.2565,'s',released,HENSOL
442.3044,'a',released,HENSOL
448.2082,Key.tab,pressed,HENSOL
451.8284,Key.tab,released,HENSOL
457.7721,Key.tab,pressed,HENSOL
459.8521,Key.tab,released,HENSOL
463.3645,'w',pressed,HENSOL
467.1924,'a',pressed,HENSOL
467.5324,'a',released,HENSOL
468.0564,'d',pressed,HENSOL
468.4485,'d',released,HENSOL
469.6684,'d',pressed,HENSOL
470.5767,'d',released,HENSOL
470.8885,'a',pressed,HENSOL
471.2525,'a',released,HENSOL
471.6925,'a',pressed,HENSOL
472.4444,'a',released,HENSOL
473.1444,'a',pressed,HENSOL
473.9045,'w',released,HENSOL
474.0435,Mouse.left,pressed,HENSOL
474.1302,Mouse.left,released,HENSOL
474.1607,'d',pressed,HENSOL
474.1804,'a',released,HENSOL
474.7530,'a',pressed,HENSOL
474.8051,'d',released,HENSOL
474.8409,'s',pressed,HENSOL
475.2209,'s',released,HENSOL
475.4287,'w',pressed,HENSOL
475.5007,'w',released,HENSOL
475.7454,Mouse.left,pressed,HENSOL
475.7641,Key.space,pressed,HENSOL
475.8351,Mouse.left,released,HENSOL
475.8641,Key.space,released,HENSOL
476.4167,'d',pressed,HENSOL
476.4246,'a',released,HENSOL
476.7085,Mouse.left,pressed,HENSOL
476.8294,Mouse.left,released,HENSOL
476.8823,Mouse.left,pressed,HENSOL
476.9702,Mouse.left,released,HENSOL
477.2371,'a',pressed,HENSOL
477.2565,'d',released,HENSOL
477.8276,Mouse.left,pressed,HENSOL
477.9165,'d',pressed,HENSOL
477.9314,Mouse.left,released,HENSOL
477.9367,'a',released,HENSOL
478.6244,'a',pressed,HENSOL
478.6646,'d',released,HENSOL
479.1542,Mouse.left,pressed,HENSOL
479.2543,Mouse.left,released,HENSOL
479.2608,'a',released,HENSOL
479.2645,'d',pressed,HENSOL
479.8483,'a',pressed,HENSOL
479.9450,'d',released,HENSOL
480.4662,Mouse.left,pressed,HENSOL
480.5483,'a',released,HENSOL
480.5625,Mouse.left,released,HENSOL
480.6009,'d',pressed,HENSOL
480.9885,'a',pressed,HENSOL
481.0045,'d',released,HENSOL
481.2023,Mouse.left,pressed,HENSOL
481.3013,Mouse.left,released,HENSOL
481.3367,'a',released,HENSOL
481.3830,Mouse.left,pressed,HENSOL
481.4533,Mouse.left,released,HENSOL
481.5566,'d',pressed,HENSOL
481.7045,'a',pressed,HENSOL
481.7325,'d',released,HENSOL
481.8885,'w',pressed,HENSOL
481.9404,'a',released,HENSOL
482.2793,Mouse.left,pressed,HENSOL
482.3653,Mouse.left,released,HENSOL
482.4805,Mouse.left,pressed,HENSOL
482.5713,Mouse.left,released,HENSOL
482.6165,'d',pressed,HENSOL
482.6406,'d',released,HENSOL
482.6492,Mouse.left,pressed,HENSOL
482.7293,Mouse.left,released,HENSOL
482.7568,'w',released,HENSOL
482.8215,Mouse.left,pressed,HENSOL
482.9105,Mouse.left,released,HENSOL
482.9813,Mouse.left,pressed,HENSOL
483.0087,'s',pressed,HENSOL
483.0673,Mouse.left,released,HENSOL
483.2846,'s',released,HENSOL
483.4285,'w',pressed,HENSOL
483.5004,'d',pressed,HENSOL
483.6886,'d',released,HENSOL
484.2004,'w',released,HENSOL
484.3084,'s',pressed,HENSOL
484.4846,'a',pressed,HENSOL
484.7522,Mouse.left,pressed,HENSOL
484.8292,Mouse.left,released,HENSOL
484.9282,Mouse.left,pressed,HENSOL
484.9526,'a',released,HENSOL
484.9964,'d',pressed,HENSOL
485.0093,Mouse.left,released,HENSOL
485.8844,'d',released,HENSOL
485.9204,'a',pressed,HENSOL
486.0084,'s',released,HENSOL
486.3524,Mouse.left,pressed,HENSOL
486.4462,Mouse.left,released,HENSOL
487.0444,'s',pressed,HENSOL
487.1484,'a',released,HENSOL
487.2925,'d',pressed,HENSOL
488.8324,'d',released,HENSOL
488.8764,'d',pressed,HENSOL
489.1766,'d',released,HENSOL
489.3364,'d',pressed,HENSOL
489.3604,'s',released,HENSOL
489.6447,'d',released,HENSOL
490.0325,'a',pressed,HENSOL
490.4445,'s',pressed,HENSOL
490.5927,'s',released,HENSOL
490.7285,'w',pressed,HENSOL
491.6846,'a',released,HENSOL
492.5162,'d',pressed,HENSOL
494.1244,'d',released,HENSOL
494.3406,'d',pressed,HENSOL
494.4166,'d',released,HENSOL
494.7404,'d',pressed,HENSOL
495.1325,'d',released,HENSOL
495.1847,'a',pressed,HENSOL
495.5247,'a',released,HENSOL
496.4126,'w',released,HENSOL
496.7864,Mouse.left,pressed,HENSOL
496.8645,Mouse.left,released,HENSOL
496.9844,'d',pressed,HENSOL
497.7355,Mouse.left,pressed,HENSOL
497.8153,Mouse.left,released,HENSOL
498.8930,'d',released,HENSOL
498.8970,'a',pressed,HENSOL
499.3886,'w',pressed,HENSOL
499.8124,'a',released,HENSOL
501.5084,'a',pressed,HENSOL
501.7131,'w',released,HENSOL
501.7319,Mouse.left,pressed,HENSOL
501.8493,Mouse.left,released,HENSOL
502.3849,'s',pressed,HENSOL
503.0451,'a',released,HENSOL
503.0853,'d',pressed,HENSOL
503.6845,'d',released,HENSOL
503.8925,'a',pressed,HENSOL
504.2844,'s',released,HENSOL
504.4169,'w',pressed,HENSOL
504.4405,'a',released,HENSOL
506.5044,'a',pressed,HENSOL
507.2404,'a',released,HENSOL
507.4165,'d',pressed,HENSOL
508.4409,'w',released,HENSOL
509.1246,'w',pressed,HENSOL
509.2082,Key.space,pressed,HENSOL
509.2845,'w',released,HENSOL
509.3923,Mouse.left,pressed,HENSOL
509.4202,Key.space,released,HENSOL
509.5103,Mouse.left,released,HENSOL
509.7727,'a',pressed,HENSOL
509.7964,'d',released,HENSOL
510.1084,'a',released,HENSOL
510.1727,'d',pressed,HENSOL
510.5665,Mouse.left,pressed,HENSOL
510.6676,Mouse.left,released,HENSOL
510.7166,'a',pressed,HENSOL
510.8005,'d',released,HENSOL
510.8287,'w',pressed,HENSOL
511.3843,'a',released,HENSOL
511.8605,'d',pressed,HENSOL
512.2445,'w',released,HENSOL
512.5765,'d',released,HENSOL
512.6207,'a',pressed,HENSOL
513.2167,'a',released,HENSOL
513.8542,Mouse.left,pressed,HENSOL
513.9166,'d',pressed,HENSOL
513.9502,Mouse.left,released,HENSOL
515.2849,'w',pressed,HENSOL
515.2981,'a',pressed,HENSOL
515.3364,'a',released,HENSOL
515.3761,'d',released,HENSOL
516.5924,'a',pressed,HENSOL
516.7042,'a',released,HENSOL
517.8245,'a',pressed,HENSOL
518.7966,'a',released,HENSOL
519.4124,'a',pressed,HENSOL
519.7007,'a',released,HENSOL
519.9204,'w',released,HENSOL
519.9445,'a',pressed,HENSOL
520.6768,'a',released,HENSOL
520.7931,'s',pressed,HENSOL
520.7981,Mouse.left,pressed,HENSOL
520.8802,Mouse.left,released,HENSOL
521.7162,Mouse.left,pressed,HENSOL
521.8105,Mouse.left,released,HENSOL
522.0006,'s',released,HENSOL
522.0684,'a',pressed,HENSOL
522.7688,'s',pressed,HENSOL
522.7807,'a',released,HENSOL
522.8683,'s',released,HENSOL
522.8805,'d',pressed,HENSOL
522.9846,'w',pressed,HENSOL
523.2324,'d',released,HENSOL
523.2805,'a',pressed,HENSOL
523.3804,'a',released,HENSOL
524.7006,'w',released,HENSOL
524.7404,Mouse.left,pressed,HENSOL
524.7924,'s',pressed,HENSOL
524.8404,Mouse.left,released,HENSOL
525.0767,'s',released,HENSOL
525.1844,'w',pressed,HENSOL
525.3843,'d',pressed,HENSOL
525.7963,Key.space,pressed,HENSOL
525.9200,Key.space,released,HENSOL
526.0274,Mouse.left,pressed,HENSOL
526.0727,'w',released,HENSOL
526.1252,Mouse.left,released,HENSOL
526.1804,'d',released,HENSOL
526.5085,'a',pressed,HENSOL
526.5124,'w',pressed,HENSOL
526.8321,Key.space,pressed,HENSOL
526.9245,'a',released,HENSOL
526.9524,'a',pressed,HENSOL
526.9881,Key.space,released,HENSOL
527.3086,'a',released,HENSOL
527.3964,'d',pressed,HENSOL
527.6883,'d',released,HENSOL
527.9004,'a',pressed,HENSOL
528.4446,'w',released,HENSOL
529.6175,'w',pressed,HENSOL
529.9884,'a',released,HENSOL
530.3925,'d',pressed,HENSOL
531.2889,'w',released,HENSOL
531.8321,Key.space,pressed,HENSOL
532.2804,Key.space,released,HENSOL
532.4324,'a',pressed,HENSOL
532.4404,'d',released,HENSOL
532.5205,'w',pressed,HENSOL
532.8004,'a',released,HENSOL
533.6685,'a',pressed,HENSOL
534.2768,'w',released,HENSOL
534.8969,'a',released,HENSOL
534.9007,'d',pressed,HENSOL
535.0683,Key.space,pressed,HENSOL
535.3005,Key.space,released,HENSOL
536.2485,'a',pressed,HENSOL
536.3046,'d',released,HENSOL
536.5604,'a',released,HENSOL
536.6294,Mouse.left,pressed,HENSOL
536.7155,Mouse.left,released,HENSOL
536.7806,'d',pressed,HENSOL
537.1364,'d',released,HENSOL
537.2102,Mouse.left,pressed,HENSOL
537.2892,Mouse.left,released,HENSOL
537.5479,Mouse.left,pressed,HENSOL
537.6142,Mouse.left,released,HENSOL
537.7046,'a',pressed,HENSOL
537.7092,Mouse.left,pressed,HENSOL
537.7811,Mouse.left,released,HENSOL
537.8484,'a',released,HENSOL
537.8732,Mouse.left,pressed,HENSOL
537.9462,Mouse.left,released,HENSOL
538.0442,Mouse.left,pressed,HENSOL
538.1334,Mouse.left,released,HENSOL
538.2887,'w',pressed,HENSOL
538.4231,Mouse.left,pressed,HENSOL
538.5142,Mouse.left,released,HENSOL
538.7193,Mouse.left,pressed,HENSOL
538.7524,'d',pressed,HENSOL
538.8072,Mouse.left,released,HENSOL
539.0845,'d',released,HENSOL
539.2127,'a',pressed,HENSOL
539.3644,'a',released,HENSOL
539.7085,'d',pressed,HENSOL
539.8392,Mouse.left,pressed,HENSOL
539.9205,'d',released,HENSOL
539.9242,Mouse.left,released,HENSOL
540.2447,'a',pressed,HENSOL
540.4087,'a',released,HENSOL
540.9786,Mouse.left,pressed,HENSOL
541.0609,'d',pressed,HENSOL
541.0615,Mouse.left,released,HENSOL
541.0925,'w',released,HENSOL
541.1593,Mouse.left,pressed,HENSOL
541.2532,Mouse.left,released,HENSOL
541.2807,'w',pressed,HENSOL
541.3166,'d',released,HENSOL
541.5042,'a',pressed,HENSOL
541.5805,'a',released,HENSOL
541.8102,Mouse.left,pressed,HENSOL
541.8901,Mouse.left,released,HENSOL
542.0013,Mouse.left,pressed,HENSOL
542.0562,Mouse.left,released,HENSOL
542.5647,'a',pressed,HENSOL
542.7325,'a',released,HENSOL
542.8646,'w',released,HENSOL
542.9533,Mouse.left,pressed,HENSOL
542.9844,'s',pressed,HENSOL
543.0511,Mouse.left,released,HENSOL
543.1003,Mouse.left,pressed,HENSOL
543.1872,Mouse.left,released,HENSOL
543.2471,Mouse.left,pressed,HENSOL
543.3505,Mouse.left,released,HENSOL
543.4618,Mouse.left,pressed,HENSOL
543.5532,Mouse.left,released,HENSOL
543.8143,Mouse.left,pressed,HENSOL
543.8943,Mouse.left,released,HENSOL
544.3881,Mouse.left,pressed,HENSOL
544.4913,Mouse.left,released,HENSOL
544.5702,Mouse.left,pressed,HENSOL
544.6473,Mouse.left,released,HENSOL
545.1292,Mouse.left,pressed,HENSOL
545.2382,Mouse.left,released,HENSOL
545.7964,'s',released,HENSOL
545.8443,'d',pressed,HENSOL
545.8727,'d',released,HENSOL
545.8844,'w',pressed,HENSOL
546.4373,Mouse.left,pressed,HENSOL
546.4445,'w',released,HENSOL
546.5222,Mouse.left,released,HENSOL
546.5846,'s',pressed,HENSOL
546.5892,Mouse.left,pressed,HENSOL
546.6693,Mouse.left,released,HENSOL
546.9302,Mouse.left,pressed,HENSOL
547.0172,Mouse.left,released,HENSOL
547.6206,'a',pressed,HENSOL
547.8164,'s',released,HENSOL
547.9605,'2',pressed,HENSOL
548.0612,Mouse.left,pressed,HENSOL
548.0767,'a',released,HENSOL
548.0922,'2',released,HENSOL
548.1645,Mouse.left,released,HENSOL
548.2648,'w',pressed,HENSOL
549.4846,'d',pressed,HENSOL
549.6846,'d',released,HENSOL
550.3431,Mouse.left,pressed,HENSOL
550.4205,'w',released,HENSOL
550.4353,Mouse.left,released,HENSOL
550.6085,'s',pressed,HENSOL
550.9043,Mouse.left,pressed,HENSOL
550.9922,Mouse.left,released,HENSOL
551.4884,'a',pressed,HENSOL
551.5287,'s',released,HENSOL
551.8605,'a',released,HENSOL
551.9372,Mouse.left,pressed,HENSOL
552.0224,Mouse.left,released,HENSOL
552.2886,'s',pressed,HENSOL
553.6524,'d',pressed,HENSOL
553.7164,'s',released,HENSOL
553.9085,'w',pressed,HENSOL
553.9845,'d',released,HENSOL
555.1925,'w',released,HENSOL
555.9165,'w',pressed,HENSOL
557.8082,Mouse.left,pressed,HENSOL
557.9033,Mouse.left,released,HENSOL
557.9726,'w',released,HENSOL
557.9806,'d',pressed,HENSOL
558.0766,'d',released,HENSOL
558.0965,'s',pressed,HENSOL
558.3005,'a',pressed,HENSOL
558.6303,Mouse.left,pressed,HENSOL
558.6447,'a',released,HENSOL
558.7212,Mouse.left,released,HENSOL
558.8003,Mouse.left,pressed,HENSOL
558.8562,Key.space,pressed,HENSOL
558.8792,Mouse.left,released,HENSOL
558.9669,Mouse.left,pressed,HENSOL
559.0044,Key.space,released,HENSOL
559.0445,Mouse.left,released,HENSOL
559.6831,Mouse.left,pressed,HENSOL
559.6842,Key.space,pressed,HENSOL
559.7673,Mouse.left,released,HENSOL
559.8912,Mouse.left,pressed,HENSOL
559.9731,Mouse.left,released,HENSOL
559.9964,Key.space,released,HENSOL
560.5362,Key.space,pressed,HENSOL
560.6483,Mouse.left,pressed,HENSOL
560.7502,Mouse.left,released,HENSOL
561.2360,Key.space,released,HENSOL
561.4203,Key.space,pressed,HENSOL
561.4416,Mouse.left,pressed,HENSOL
561.5453,Mouse.left,released,HENSOL
561.6193,Mouse.left,pressed,HENSOL
561.7342,Mouse.left,released,HENSOL
561.8063,Mouse.left,pressed,HENSOL
561.8726,Mouse.left,released,HENSOL
562.0843,Mouse.left,pressed,HENSOL
562.1713,Mouse.left,released,HENSOL
562.2573,Mouse.left,pressed,HENSOL
562.3663,Mouse.left,released,HENSOL
562.4382,Mouse.left,pressed,HENSOL
562.5392,Mouse.left,released,HENSOL
562.7213,Mouse.left,pressed,HENSOL
562.8093,Mouse.left,released,HENSOL
563.0681,Key.space,released,HENSOL
563.2488,'a',pressed,HENSOL
563.4512,Mouse.left,pressed,HENSOL
563.5405,Mouse.left,released,HENSOL
563.5801,Key.space,pressed,HENSOL
563.6004,'s',released,HENSOL
563.7282,Key.space,released,HENSOL
563.7843,Key.space,pressed,HENSOL
563.8881,Key.space,released,HENSOL
564.3766,'a',released,HENSOL
564.4084,'d',pressed,HENSOL
564.5564,'d',released,HENSOL
564.7767,'a',pressed,HENSOL
564.7804,'s',pressed,HENSOL
565.6887,'d',pressed,HENSOL
566.0444,'a',released,HENSOL
566.3965,'d',released,HENSOL
566.7964,'d',pressed,HENSOL
566.8043,Mouse.left,pressed,HENSOL
566.8806,'d',released,HENSOL
566.8841,Mouse.left,released,HENSOL
566.9087,'a',pressed,HENSOL
567.0995,Mouse.left,pressed,HENSOL
567.1682,Key.space,pressed,HENSOL
567.1944,Mouse.left,released,HENSOL
567.2443,Key.space,released,HENSOL
567.2937,Mouse.left,pressed,HENSOL
567.3366,Key.space,pressed,HENSOL
567.3599,Mouse.right,pressed,HENSOL
567.4146,Mouse.right,released,HENSOL
567.4215,Mouse.left,released,HENSOL
567.4642,Key.space,released,HENSOL
567.6081,Mouse.left,pressed,HENSOL
567.6246,'a',released,HENSOL
567.6724,'d',pressed,HENSOL
567.7173,Mouse.left,released,HENSOL
567.8087,'s',released,HENSOL
567.9962,Mouse.left,pressed,HENSOL
568.0047,'a',pressed,HENSOL
568.1293,Mouse.left,released,HENSOL
568.2446,'a',released,HENSOL
568.6245,'s',pressed,HENSOL
568.6631,Mouse.left,pressed,HENSOL
568.7526,Key.space,pressed,HENSOL
568.7823,Mouse.left,released,HENSOL
568.8334,Mouse.left,pressed,HENSOL
568.8924,Mouse.left,released,HENSOL
568.9603,Key.space,released,HENSOL
569.0685,'s',released,HENSOL
569.0725,'d',released,HENSOL
571.8722,Key.tab,pressed,HENSOL
573.1602,Key.tab,released,HENSOL
574.0002,Key.tab,pressed,HENSOL
575.2281,Key.tab,released,HENSOL
575.7283,Key.tab,pressed,HENSOL
580.7161,Key.tab,released,HENSOL
581.9521,Key.tab,pressed,HENSOL
582.7925,Key.tab,released,HENSOL
593.5126,'w',pressed,HENSOL
594.2042,'d',pressed,HENSOL
594.4043,'d',released,HENSOL
597.3405,'d',pressed,HENSOL
598.1964,'d',released,HENSOL
598.8766,'a',pressed,HENSOL
599.2083,'a',released,HENSOL
599.4848,'d',pressed,HENSOL
601.4886,'d',released,HENSOL
601.5365,'w',released,HENSOL
601.9202,'w',pressed,HENSOL
602.4208,'a',pressed,HENSOL
602.5881,'w',released,HENSOL
603.8101,Mouse.left,pressed,HENSOL
603.8724,'d',pressed,HENSOL
603.8764,'a',released,HENSOL
603.9292,Mouse.left,released,HENSOL
604.0241,Mouse.left,pressed,HENSOL
604.1202,Mouse.left,released,HENSOL
605.2712,Mouse.left,pressed,HENSOL
605.3334,Mouse.left,released,HENSOL
605.4392,Mouse.left,pressed,HENSOL
605.5122,Mouse.left,released,HENSOL
606.2511,Mouse.left,pressed,HENSOL
606.3084,'d',released,HENSOL
606.3124,'a',pressed,HENSOL
606.3443,Mouse.left,released,HENSOL
606.4042,Mouse.left,pressed,HENSOL
606.4703,Mouse.left,released,HENSOL
606.5642,Mouse.left,pressed,HENSOL
606.6222,Mouse.left,released,HENSOL
607.2844,'d',pressed,HENSOL
607.3042,'a',released,HENSOL
608.2251,Mouse.left,pressed,HENSOL
608.2884,'d',released,HENSOL
608.3342,Mouse.left,released,HENSOL
608.4244,'a',pressed,HENSOL
608.8324,'w',pressed,HENSOL
609.9883,'a',released,HENSOL
611.7042,'a',pressed,HENSOL
612.0885,'a',released,HENSOL
612.8365,'a',pressed,HENSOL
613.0085,'a',released,HENSOL
613.4446,'a',pressed,HENSOL
613.8369,'w',released,HENSOL
613.8766,'a',released,HENSOL
613.9253,'d',pressed,HENSOL
613.9926,'s',pressed,HENSOL
614.0447,'d',released,HENSOL
614.0872,Mouse.left,pressed,HENSOL
614.1981,Mouse.left,released,HENSOL
615.9402,'s',released,HENSOL
616.0445,'d',pressed,HENSOL
616.3609,'w',pressed,HENSOL
616.3885,'d',released,HENSOL
617.4445,'a',pressed,HENSOL
618.0685,'w',released,HENSOL
618.2420,'s',pressed,HENSOL
618.4406,'a',released,HENSOL
619.1564,'a',pressed,HENSOL
619.5204,'s',released,HENSOL
621.0271,Mouse.left,pressed,HENSOL
621.0684,'a',released,HENSOL
621.0965,'d',pressed,HENSOL
621.1102,Mouse.left,released,HENSOL
621.6450,'a',pressed,HENSOL
621.6565,'d',released,HENSOL
622.2165,'a',released,HENSOL
622.2525,'d',pressed,HENSOL
622.3591,Mouse.left,pressed,HENSOL
622.4472,Mouse.left,released,HENSOL
623.7235,Mouse.left,pressed,HENSOL
623.7806,'d',released,HENSOL
623.8117,Mouse.left,released,HENSOL
623.8325,'a',pressed,HENSOL
624.3924,'a',released,HENSOL
624.4006,'d',pressed,HENSOL
624.9643,'d',released,HENSOL
625.0002,Mouse.left,pressed,HENSOL
625.0862,Mouse.left,released,HENSOL
625.1493,Mouse.left,pressed,HENSOL
625.1884,'a',pressed,HENSOL
625.2374,Mouse.left,released,HENSOL
625.6684,'a',released,HENSOL
625.6963,'d',pressed,HENSOL
625.9725,'d',released,HENSOL
626.8631,Mouse.left,pressed,HENSOL
626.9525,Mouse.left,released,HENSOL
628.6372,Mouse.left,pressed,HENSOL
628.7262,Mouse.left,released,HENSOL
628.8325,'a',pressed,HENSOL
630.0975,Mouse.left,pressed,HENSOL
630.1164,'d',pressed,HENSOL
630.2252,Mouse.left,released,HENSOL
630.2525,'a',released,HENSOL
630.3362,Mouse.left,pressed,HENSOL
630.6424,Mouse.left,released,HENSOL
630.8422,Mouse.left,pressed,HENSOL
630.8874,Mouse.left,released,HENSOL
631.6684,'a',pressed,HENSOL
631.7324,'d',released,HENSOL
632.3368,'2',pressed,HENSOL
632.4164,'a',released,HENSOL
632.4383,Mouse.left,pressed,HENSOL
632.4845,'2',released,HENSOL
632.5142,Mouse.left,released,HENSOL
632.5992,Mouse.left,pressed,HENSOL
632.6673,Mouse.left,released,HENSOL
632.6886,'a',pressed,HENSOL
632.6924,'a',released,HENSOL
632.7364,'w',pressed,HENSOL
632.7415,Mouse.left,pressed,HENSOL
632.8303,Mouse.left,released,HENSOL
632.9052,Mouse.left,pressed,HENSOL
632.9846,Mouse.left,released,HENSOL
633.0485,'a',pressed,HENSOL
633.1152,Mouse.left,pressed,HENSOL
633.2212,Mouse.left,released,HENSOL
633.5962,Mouse.left,pressed,HENSOL
633.7194,Mouse.left,released,HENSOL
633.7611,'a',released,HENSOL
634.2191,Mouse.left,pressed,HENSOL
634.2971,Mouse.left,released,HENSOL
634.3491,Mouse.left,pressed,HENSOL
634.4311,Mouse.left,released,HENSOL
634.8912,Mouse.left,pressed,HENSOL
634.9812,Mouse.left,released,HENSOL
635.6252,Mouse.left,pressed,HENSOL
635.7341,Mouse.left,released,HENSOL
636.0542,Mouse.left,pressed,HENSOL
636.1552,Mouse.left,released,HENSOL
636.2556,Mouse.left,pressed,HENSOL
636.3466,Mouse.left,released,HENSOL
636.7167,'a',pressed,HENSOL
637.6604,'a',released,HENSOL
638.0884,'w',released,HENSOL
638.2018,'1',pressed,HENSOL
638.2826,Mouse.left,pressed,HENSOL
638.3364,'1',released,HENSOL
638.3715,Mouse.left,released,HENSOL
638.6045,'d',pressed,HENSOL
638.8886,'w',pressed,HENSOL
639.3854,'w',released,HENSOL
639.6685,'s',pressed,HENSOL
640.5203,'s',released,HENSOL
641.0807,'d',released,HENSOL
641.1814,Mouse.left,pressed,HENSOL
641.2090,'d',pressed,HENSOL
641.2762,Mouse.left,released,HENSOL
642.0142,Mouse.left,pressed,HENSOL
642.0246,'d',released,HENSOL
642.0368,'a',pressed,HENSOL
642.1025,Mouse.left,released,HENSOL
642.1815,Mouse.left,pressed,HENSOL
642.2461,Mouse.left,released,HENSOL
642.6246,'d',pressed,HENSOL
642.6366,'a',released,HENSOL
642.8652,Mouse.left,pressed,HENSOL
642.9443,Mouse.left,released,HENSOL
643.0207,Mouse.left,pressed,HENSOL
643.1054,Mouse.left,released,HENSOL
643.5768,'a',pressed,HENSOL
643.6847,'d',released,HENSOL
643.9611,Mouse.left,pressed,HENSOL
644.0486,'d',pressed,HENSOL
644.0644,'a',released,HENSOL
644.0684,Mouse.left,released,HENSOL
644.6727,'a',pressed,HENSOL
644.7006,'d',released,HENSOL
644.8515,Mouse.left,pressed,HENSOL
644.8988,Mouse.left,released,HENSOL
644.9983,Mouse.left,pressed,HENSOL
645.1083,Mouse.left,released,HENSOL
645.3372,'s',pressed,HENSOL
645.6005,'a',released,HENSOL
645.6524,'d',pressed,HENSOL
645.8085,'s',released,HENSOL
645.9062,Mouse.left,pressed,HENSOL
646.0033,Mouse.left,released,HENSOL
646.2885,'a',pressed,HENSOL
646.4604,'d',released,HENSOL
647.0004,'2',pressed,HENSOL
647.1386,Mouse.left,pressed,HENSOL
647.1444,'2',released,HENSOL
647.2162,Mouse.left,released,HENSOL
647.2246,'a',released,HENSOL
647.3085,Mouse.left,pressed,HENSOL
647.3328,'w',pressed,HENSOL
647.3902,Mouse.left,released,HENSOL
647.4685,Mouse.left,pressed,HENSOL
647.5353,Mouse.left,released,HENSOL
647.6321,Mouse.left,pressed,HENSOL
647.6567,'d',pressed,HENSOL
647.6965,Mouse.left,released,HENSOL
647.7476,Mouse.left,pressed,HENSOL
647.7487,'d',released,HENSOL
647.8284,'a',pressed,HENSOL
647.8512,Mouse.left,released,HENSOL
648.1862,Mouse.left,pressed,HENSOL
648.2168,'a',released,HENSOL
648.2702,Mouse.left,released,HENSOL
648.3805,Mouse.left,pressed,HENSOL
648.4837,Mouse.left,released,HENSOL
648.5701,Mouse.left,pressed,HENSOL
648.6130,'a',pressed,HENSOL
648.6708,Mouse.left,released,HENSOL
648.7447,'w',released,HENSOL
648.7571,Mouse.left,pressed,HENSOL
648.8592,Mouse.left,released,HENSOL
649.1674,Mouse.left,pressed,HENSOL
649.2525,Mouse.left,released,HENSOL
649.3434,Mouse.left,pressed,HENSOL
649.4334,Mouse.left,released,HENSOL
649.5073,Mouse.left,pressed,HENSOL
649.6023,Mouse.left,released,HENSOL
649.8886,'s',pressed,HENSOL
650.0169,'a',released,HENSOL
650.2004,'d',pressed,HENSOL
650.3765,Mouse.left,pressed,HENSOL
650.4653,Mouse.left,released,HENSOL
650.5859,Mouse.left,pressed,HENSOL
650.6267,Mouse.left,released,HENSOL
651.0859,Mouse.left,pressed,HENSOL
651.1784,Mouse.left,released,HENSOL
651.4443,'d',released,HENSOL
651.4923,'a',pressed,HENSOL
651.6982,Mouse.left,pressed,HENSOL
651.7765,Mouse.left,released,HENSOL
651.8545,Mouse.left,pressed,HENSOL
651.9292,Mouse.left,released,HENSOL
651.9364,'a',released,HENSOL
652.2486,'s',released,HENSOL
652.3525,'2',pressed,HENSOL
652.5244,'2',released,HENSOL
652.6124,'1',pressed,HENSOL
652.7404,'1',released,HENSOL
652.7683,Mouse.left,pressed,HENSOL
652.8503,Mouse.left,released,HENSOL
653.2166,'w',pressed,HENSOL
653.6810,'d',pressed,HENSOL
654.1006,'d',released,HENSOL
654.1163,'w',released,HENSOL
654.1407,'a',pressed,HENSOL
654.1805,'w',pressed,HENSOL
654.2362,'a',released,HENSOL
654.5444,'d',pressed,HENSOL
654.8124,'d',released,HENSOL
655.3525,'d',pressed,HENSOL
656.2846,'w',released,HENSOL
657.1777,'w',pressed,HENSOL
657.3808,'d',released,HENSOL
657.4809,'a',pressed,HENSOL
657.6762,'a',released,HENSOL
657.8604,'d',pressed,HENSOL
658.7244,'d',released,HENSOL
659.1606,'a',pressed,HENSOL
659.2887,'w',released,HENSOL
659.6004,'a',released,HENSOL
659.6890,'d',pressed,HENSOL
659.8524,'d',released,HENSOL
659.8567,'a',pressed,HENSOL
660.1047,'w',pressed,HENSOL
660.1167,'a',released,HENSOL
660.4087,'d',pressed,HENSOL
660.8568,'w',released,HENSOL
660.8884,'d',released,HENSOL
660.9210,'a',pressed,HENSOL
660.9722,Mouse.left,pressed,HENSOL
660.9928,'s',pressed,HENSOL
661.0865,Mouse.left,released,HENSOL
661.1725,'a',released,HENSOL
661.5645,'d',pressed,HENSOL
662.3244,'s',released,HENSOL
662.6007,'a',pressed,HENSOL
662.6047,'w',pressed,HENSOL
662.6206,'d',released,HENSOL
662.6965,'a',released,HENSOL
663.3727,'d',pressed,HENSOL
664.2041,Key.space,pressed,HENSOL
664.2485,'w',released,HENSOL
664.3924,Key.space,released,HENSOL
664.4392,Mouse.left,pressed,HENSOL
664.5104,Mouse.left,released,HENSOL
664.6206,'d',released,HENSOL
664.6685,'a',pressed,HENSOL
664.8525,'a',released,HENSOL
665.1685,'a',pressed,HENSOL
666.3564,'w',pressed,HENSOL
666.6774,'w',released,HENSOL
667.3845,'w',pressed,HENSOL
667.7163,'w',released,HENSOL
668.5526,'w',pressed,HENSOL
668.9007,'a',released,HENSOL
669.0964,'w',released,HENSOL
669.2362,'w',pressed,HENSOL
669.2894,'a',pressed,HENSOL
669.3061,'w',released,HENSOL
669.3474,Mouse.left,pressed,HENSOL
669.3648,'s',pressed,HENSOL
669.4006,'a',released,HENSOL
669.4545,Mouse.left,released,HENSOL
669.5922,Key.space,pressed,HENSOL
669.7643,Key.space,released,HENSOL
670.0615,Mouse.left,pressed,HENSOL
670.1565,Mouse.left,released,HENSOL
670.3121,Mouse.left,pressed,HENSOL
670.4272,Mouse.left,released,HENSOL
671.1966,'s',released,HENSOL
673.2402,Key.tab,pressed,HENSOL
678.4162,Key.tab,released,HENSOL
679.2202,Key.alt_l,pressed,HENSOL
679.9603,Key.alt_l,pressed,HENSOL
680.3323,Key.esc,pressed,HENSOL
680.5082,Key.esc,released,HENSOL
680.5620,Key.alt_l,released,HENSOL
683.0246,Mouse.left,pressed,HENSOL
683.1292,Mouse.left,released,HENSOL
685.2353,Mouse.left,pressed,HENSOL
685.3563,Mouse.left,released,HENSOL
687.2623,Mouse.left,pressed,HENSOL
687.3363,Mouse.left,released,HENSOL
692.3648,'w',pressed,HENSOL
695.6849,'a',pressed,HENSOL
695.8857,'a',released,HENSOL
696.3006,'d',pressed,HENSOL
696.6934,'d',released,HENSOL
698.9371,'a',pressed,HENSOL
699.7808,'a',released,HENSOL
699.9768,'a',pressed,HENSOL
700.4567,'a',released,HENSOL
700.7210,'w',released,HENSOL
700.8206,Mouse.left,pressed,HENSOL
700.8407,'s',pressed,HENSOL
700.9113,Mouse.left,released,HENSOL
701.3887,'s',released,HENSOL
701.5086,'w',pressed,HENSOL
701.9686,'w',released,HENSOL
702.1918,Mouse.left,pressed,HENSOL
702.2606,Mouse.left,released,HENSOL
702.2969,'s',pressed,HENSOL
702.6686,'s',released,HENSOL
702.8007,'w',pressed,HENSOL
703.1726,'w',released,HENSOL
703.2487,'a',pressed,HENSOL
703.3087,'s',pressed,HENSOL
703.3530,'a',released,HENSOL
703.6886,'s',released,HENSOL
703.8526,'w',pressed,HENSOL
704.5566,'a',pressed,HENSOL
704.8131,'w',released,HENSOL
704.9765,'a',released,HENSOL
704.9877,Mouse.left,pressed,HENSOL
705.0646,'d',pressed,HENSOL
705.0883,Mouse.left,released,HENSOL
705.6528,'a',pressed,HENSOL
705.6566,'d',released,HENSOL
706.0987,Mouse.left,pressed,HENSOL
706.1764,'a',released,HENSOL
706.1847,'d',pressed,HENSOL
706.1977,Mouse.left,released,HENSOL
706.6526,'a',pressed,HENSOL
706.7329,'a',released,HENSOL
706.7686,'a',pressed,HENSOL
706.8246,'d',released,HENSOL
707.1725,'w',pressed,HENSOL
707.5885,'w',released,HENSOL
707.8491,'a',released,HENSOL
707.8688,'a',pressed,HENSOL
707.9008,'w',pressed,HENSOL
708.1926,'w',released,HENSOL
708.5888,'s',pressed,HENSOL
708.8848,'s',released,HENSOL
708.9086,'a',released,HENSOL
708.9167,'d',pressed,HENSOL
709.4851,'w',pressed,HENSOL
709.5849,'d',released,HENSOL
713.3168,'w',released,HENSOL
713.5128,'w',pressed,HENSOL
713.6650,'d',pressed,HENSOL
715.1968,'w',released,HENSOL
715.4807,'w',pressed,HENSOL
715.8967,'d',released,HENSOL
716.3488,'d',pressed,HENSOL
716.5647,'w',released,HENSOL
717.0366,'d',released,HENSOL
717.1167,'a',pressed,HENSOL
717.4285,'w',pressed,HENSOL
717.4370,'a',released,HENSOL
717.9898,'a',pressed,HENSOL
718.8975,'a',released,HENSOL
718.9525,Mouse.left,pressed,HENSOL
718.9733,'w',released,HENSOL
719.0404,Mouse.left,released,HENSOL
719.0570,'s',pressed,HENSOL
719.4412,'a',pressed,HENSOL
719.6567,'d',pressed,HENSOL
719.6726,'a',released,HENSOL
719.6944,Mouse.left,pressed,HENSOL
719.7293,'s',released,HENSOL
719.7656,Mouse.left,released,HENSOL
719.8426,Mouse.left,pressed,HENSOL
719.8928,'a',pressed,HENSOL
719.9007,'a',released,HENSOL
720.0167,'d',released,HENSOL
720.0208,'a',pressed,HENSOL
720.0280,Mouse.left,released,HENSOL
720.0290,'s',pressed,HENSOL
720.1106,Mouse.left,pressed,HENSOL
720.1844,Mouse.left,released,HENSOL
720.6444,Mouse.left,pressed,HENSOL
720.7559,Mouse.left,released,HENSOL
720.8427,Mouse.left,pressed,HENSOL
720.9607,Mouse.left,released,HENSOL
721.2726,'a',released,HENSOL
721.2969,'d',pressed,HENSOL
721.4046,'s',released,HENSOL
721.5226,Mouse.left,pressed,HENSOL
721.6365,Mouse.left,released,HENSOL
721.8966,'d',released,HENSOL
722.9084,Key.tab,pressed,HENSOL
723.3404,Key.tab,released,HENSOL
724.5925,Key.tab,pressed,HENSOL
725.0371,Key.tab,released,HENSOL
725.5924,Key.tab,pressed,HENSOL
729.1604,Key.tab,released,HENSOL
733.1645,Key.tab,pressed,HENSOL
734.8563,Key.tab,released,HENSOL
735.7604,Key.tab,pressed,HENSOL
736.0688,Key.tab,released,HENSOL
738.0923,Key.tab,pressed,HENSOL
738.9722,Key.tab,released,HENSOL
742.1887,'w',pressed,HENSOL
746.0768,'d',pressed,HENSOL
746.3766,'d',released,HENSOL
746.8406,'d',pressed,HENSOL
747.0370,'d',released,HENSOL
747.5246,'a',pressed,HENSOL
748.3011,'a',released,HENSOL
748.6367,'d',pressed,HENSOL
749.9167,'w',released,HENSOL
750.3326,'d',released,HENSOL
750.3925,'a',pressed,HENSOL
750.5446,'a',released,HENSOL
750.6528,'w',pressed,HENSOL
750.9406,'d',pressed,HENSOL
751.1086,'d',released,HENSOL
751.6086,'d',pressed,HENSOL
752.5726,'d',released,HENSOL
754.1686,'d',pressed,HENSOL
754.3526,'d',released,HENSOL
754.7644,Key.tab,pressed,HENSOL
755.5130,'d',pressed,HENSOL
755.6845,Key.tab,released,HENSOL
755.7006,'d',released,HENSOL
757.0085,'a',pressed,HENSOL
758.0055,'w',released,HENSOL
758.3328,'w',pressed,HENSOL
759.0448,'a',released,HENSOL
759.3529,'a',pressed,HENSOL
759.8496,'w',released,HENSOL
760.1875,Mouse.left,pressed,HENSOL
760.2991,Mouse.left,released,HENSOL
760.3556,Mouse.left,pressed,HENSOL
760.3688,'a',released,HENSOL
760.4236,Mouse.left,released,HENSOL
760.7813,Mouse.left,pressed,HENSOL
760.8536,Mouse.left,released,HENSOL
760.9248,Mouse.left,pressed,HENSOL
761.0084,Mouse.left,released,HENSOL
761.0530,'s',pressed,HENSOL
761.1023,Mouse.left,pressed,HENSOL
761.1826,Mouse.left,released,HENSOL
761.2784,Mouse.left,pressed,HENSOL
761.3527,'s',released,HENSOL
761.3594,Mouse.left,released,HENSOL
761.4654,'d',pressed,HENSOL
762.0225,Mouse.left,pressed,HENSOL
762.1136,Mouse.left,released,HENSOL
762.2128,'d',released,HENSOL
762.3927,'a',pressed,HENSOL
762.4167,'a',released,HENSOL
762.4288,'s',pressed,HENSOL
762.7623,Mouse.left,pressed,HENSOL
762.8504,Mouse.left,released,HENSOL
762.8688,'d',pressed,HENSOL
762.9514,Mouse.left,pressed,HENSOL
763.0544,Mouse.left,released,HENSOL
763.2327,'s',released,HENSOL
763.8224,Mouse.left,pressed,HENSOL
763.8609,'d',released,HENSOL
763.8646,'s',pressed,HENSOL
763.8976,Mouse.left,released,HENSOL
764.1167,'a',pressed,HENSOL
764.2887,'a',released,HENSOL
764.2969,'s',released,HENSOL
764.6254,Mouse.left,pressed,HENSOL
764.7094,Mouse.left,released,HENSOL
764.7206,'d',pressed,HENSOL
765.6206,'d',released,HENSOL
765.6286,'a',pressed,HENSOL
765.7726,'w',pressed,HENSOL
766.1407,'a',released,HENSOL
766.2528,'w',released,HENSOL
766.3646,'w',pressed,HENSOL
767.1046,'a',pressed,HENSOL
768.4129,'d',pressed,HENSOL
768.4577,'a',released,HENSOL
768.5646,'a',pressed,HENSOL
768.6246,'d',released,HENSOL
770.6606,'a',released,HENSOL
770.8527,'d',pressed,HENSOL
770.9446,'d',released,HENSOL
771.4084,Key.space,pressed,HENSOL
771.4930,Key.space,released,HENSOL
771.6537,'d',pressed,HENSOL
772.2013,Key.space,pressed,HENSOL
772.3494,Key.space,released,HENSOL
773.0694,Key.space,pressed,HENSOL
773.2405,Key.space,released,HENSOL
773.5091,'d',released,HENSOL
773.6527,'d',pressed,HENSOL
774.2373,'w',released,HENSOL
774.5852,'w',pressed,HENSOL
774.6016,'d',released,HENSOL
774.7967,'a',pressed,HENSOL
775.1134,'a',released,HENSOL
775.1767,'d',pressed,HENSOL
775.3685,Key.space,pressed,HENSOL
775.4766,Key.space,released,HENSOL
775.5567,'w',released,HENSOL
776.3766,Mouse.left,pressed,HENSOL
776.4515,Mouse.left,released,HENSOL
776.5261,'s',pressed,HENSOL
776.5607,'d',released,HENSOL
776.6527,'d',pressed,HENSOL
777.5274,Mouse.left,pressed,HENSOL
777.6147,Mouse.left,released,HENSOL
778.1491,'d',released,HENSOL
778.1580,'a',pressed,HENSOL
778.6609,'s',released,HENSOL
778.8568,'w',pressed,HENSOL
779.1929,'a',released,HENSOL
779.4488,'a',pressed,HENSOL
779.6535,'a',released,HENSOL
779.9527,'d',pressed,HENSOL
780.0963,Key.space,pressed,HENSOL
780.2644,Key.space,released,HENSOL
780.9487,'d',released,HENSOL
781.0210,'a',pressed,HENSOL
781.4452,'a',released,HENSOL
784.7208,'a',pressed,HENSOL
785.0527,'a',released,HENSOL
786.8567,'a',pressed,HENSOL
788.7808,'w',released,HENSOL
789.0057,'s',pressed,HENSOL
789.3206,'s',released,HENSOL
789.6688,'w',pressed,HENSOL
790.1254,'w',released,HENSOL
791.5928,'s',pressed,HENSOL
791.6608,'a',released,HENSOL
791.9536,'a',pressed,HENSOL
792.0848,Key.space,pressed,HENSOL
792.2210,Key.space,released,HENSOL
792.2892,'a',released,HENSOL
792.6619,'s',released,HENSOL
793.3129,'w',pressed,HENSOL
793.4808,'d',pressed,HENSOL
793.9530,'w',released,HENSOL
794.3685,'d',released,HENSOL
794.3890,'w',pressed,HENSOL
795.0532,'d',pressed,HENSOL
795.9610,'d',released,HENSOL
796.8529,'a',pressed,HENSOL
797.5046,'w',released,HENSOL
798.0538,'w',pressed,HENSOL
798.4688,'a',released,HENSOL
798.9406,'d',pressed,HENSOL
799.2166,'d',released,HENSOL
800.8727,'d',pressed,HENSOL
801.8928,'w',released,HENSOL
801.9326,'d',released,HENSOL
803.5928,'s',pressed,HENSOL
803.6809,'a',pressed,HENSOL
804.0697,Mouse.left,pressed,HENSOL
804.0903,'a',released,HENSOL
804.1806,Mouse.left,released,HENSOL
804.7172,'s',released,HENSOL
805.6227,Mouse.right,pressed,HENSOL
805.6427,Mouse.right,released,HENSOL
809.3523,Key.tab,pressed,HENSOL
810.2573,Key.tab,released,HENSOL
811.5444,Key.tab,pressed,HENSOL
811.5804,Key.tab,released,HENSOL
811.7404,Key.tab,pressed,HENSOL
814.8924,Key.tab,released,HENSOL
821.5284,Key.tab,pressed,HENSOL
822.3527,Key.tab,released,HENSOL
822.7169,'w',pressed,HENSOL
823.1886,'d',pressed,HENSOL
823.4130,'d',released,HENSOL
823.4805,Key.tab,pressed,HENSOL
823.9563,Key.tab,released,HENSOL
824.8613,'a',pressed,HENSOL
825.1689,'a',released,HENSOL
826.1648,'a',pressed,HENSOL
826.6366,'a',released,HENSOL
827.6005,'a',pressed,HENSOL
828.3371,'w',released,HENSOL
828.5927,'s',pressed,HENSOL
828.6010,'a',released,HENSOL
828.9608,'s',released,HENSOL
829.0567,'a',pressed,HENSOL
829.1969,'w',pressed,HENSOL
829.5128,'a',released,HENSOL
829.9727,'d',pressed,HENSOL
830.7646,'w',released,HENSOL
831.1407,'w',pressed,HENSOL
831.2286,'d',released,HENSOL
832.0934,'d',pressed,HENSOL
832.7889,'w',released,HENSOL
832.8125,'d',released,HENSOL
832.8806,'s',pressed,HENSOL
832.8930,'a',pressed,HENSOL
833.0695,Mouse.left,pressed,HENSOL
833.1691,Mouse.left,released,HENSOL
833.7374,'s',released,HENSOL
833.8711,Mouse.left,pressed,HENSOL
833.9835,Mouse.left,released,HENSOL
834.5847,'s',pressed,HENSOL
834.8725,'s',released,HENSOL
835.8647,'w',pressed,HENSOL
836.3728,'w',released,HENSOL
836.9287,'w',pressed,HENSOL
838.2087,'d',pressed,HENSOL
838.4330,'d',released,HENSOL
839.1047,'d',pressed,HENSOL
839.2248,'a',released,HENSOL
839.2286,'d',released,HENSOL
839.8167,'d',pressed,HENSOL
840.0806,'d',released,HENSOL
841.8727,'a',pressed,HENSOL
842.1134,'a',released,HENSOL
842.8250,'d',pressed,HENSOL
843.0048,'d',released,HENSOL
843.5728,'d',pressed,HENSOL
844.1255,'w',released,HENSOL
844.3211,'w',pressed,HENSOL
844.4930,'d',released,HENSOL
845.6053,'a',pressed,HENSOL
845.6612,'a',released,HENSOL
846.0250,'d',pressed,HENSOL
846.1652,Key.space,pressed,HENSOL
846.3965,Key.space,released,HENSOL
846.4096,'w',released,HENSOL
846.6100,Mouse.left,pressed,HENSOL
846.7034,Mouse.left,released,HENSOL
847.2648,'s',pressed,HENSOL
848.0444,Mouse.left,pressed,HENSOL
848.1374,Mouse.left,released,HENSOL
848.6529,'d',released,HENSOL
848.6732,'a',pressed,HENSOL
848.8207,'s',released,HENSOL
849.1574,'w',pressed,HENSOL
849.6408,'w',released,HENSOL
849.8007,'a',released,HENSOL
849.8689,'s',pressed,HENSOL
850.2726,'s',released,HENSOL
850.4006,'d',pressed,HENSOL
850.5010,'w',pressed,HENSOL
850.5768,'d',released,HENSOL
850.7166,'w',released,HENSOL
851.4687,'s',pressed,HENSOL
851.7128,'a',pressed,HENSOL
851.8008,'s',released,HENSOL
851.8812,'a',released,HENSOL
851.9764,'w',pressed,HENSOL
852.3504,'d',pressed,HENSOL
852.6408,'w',released,HENSOL
852.7447,'s',pressed,HENSOL
853.5366,'s',released,HENSOL
853.6208,'w',pressed,HENSOL
853.6247,'d',released,HENSOL
853.9016,'a',pressed,HENSOL
854.2208,'a',released,HENSOL
855.4727,'a',pressed,HENSOL
856.3450,'a',released,HENSOL
856.8492,'d',pressed,HENSOL
857.1167,'d',released,HENSOL
857.6536,'d',pressed,HENSOL
858.8366,'d',released,HENSOL
859.1327,'w',released,HENSOL
859.2810,'w',pressed,HENSOL
860.0393,Mouse.left,pressed,HENSOL
860.0420,'w',released,HENSOL
860.1286,'s',pressed,HENSOL
860.1559,Mouse.left,released,HENSOL
860.4975,Mouse.left,pressed,HENSOL
860.5987,Mouse.left,released,HENSOL
860.6817,Mouse.left,pressed,HENSOL
860.7667,Mouse.left,released,HENSOL
860.8271,Mouse.left,pressed,HENSOL
860.8978,Mouse.left,released,HENSOL
861.4510,Mouse.left,pressed,HENSOL
861.5576,Mouse.left,released,HENSOL
861.8448,'a',pressed,HENSOL
862.0286,'s',released,HENSOL
862.6047,'a',released,HENSOL
862.6489,'d',pressed,HENSOL
862.7808,'w',pressed,HENSOL
862.9048,'d',released,HENSOL
864.1926,'d',pressed,HENSOL
864.7486,'d',released,HENSOL
864.7728,'w',released,HENSOL
864.9128,'a',pressed,HENSOL
864.9370,'s',pressed,HENSOL
865.1287,'s',released,HENSOL
865.1368,'a',released,HENSOL
865.7806,'d',pressed,HENSOL
865.9087,'d',released,HENSOL
866.8447,'a',pressed,HENSOL
866.9486,'a',released,HENSOL
869.9263,Mouse.left,pressed,HENSOL
869.9844,Mouse.left,released,HENSOL
870.1288,'s',pressed,HENSOL
870.3448,'s',released,HENSOL
870.6606,'w',pressed,HENSOL
871.0127,'a',pressed,HENSOL
871.2488,'a',released,HENSOL
871.6886,'a',pressed,HENSOL
872.1567,'a',released,HENSOL
873.1687,'w',released,HENSOL
873.7853,'w',pressed,HENSOL
874.0047,Key.space,pressed,HENSOL
875.0845,Key.space,released,HENSOL
877.2289,'a',pressed,HENSOL
878.6331,'a',released,HENSOL
879.1288,'d',pressed,HENSOL
879.5846,'w',released,HENSOL
880.7609,'w',pressed,HENSOL
881.5810,'d',released,HENSOL
882.5456,'d',pressed,HENSOL
883.1453,Key.space,pressed,HENSOL
883.5647,'w',released,HENSOL
883.6536,Key.space,released,HENSOL
884.0411,'d',released,HENSOL
884.2008,'a',pressed,HENSOL
884.6808,'a',released,HENSOL
884.7887,'d',pressed,HENSOL
885.5528,'w',pressed,HENSOL
885.8769,'w',released,HENSOL
886.0535,'s',pressed,HENSOL
886.1537,'d',released,HENSOL
886.3534,'a',pressed,HENSOL
886.5847,'s',released,HENSOL
887.3170,'w',pressed,HENSOL
887.4008,'a',released,HENSOL
887.4684,'w',released,HENSOL
887.7327,'d',pressed,HENSOL
888.0568,'w',pressed,HENSOL
888.5368,'a',pressed,HENSOL
888.5572,'d',released,HENSOL
889.4809,'a',released,HENSOL
893.3569,'d',pressed,HENSOL
893.6845,'d',released,HENSOL
894.6567,'a',pressed,HENSOL
895.9814,'w',released,HENSOL
896.7367,'s',pressed,HENSOL
896.8846,'s',released,HENSOL
897.0290,'w',pressed,HENSOL
897.4728,'a',released,HENSOL
897.8167,'a',pressed,HENSOL
897.9768,'a',released,HENSOL
898.1690,'a',pressed,HENSOL
898.5128,'w',released,HENSOL
898.9529,'w',pressed,HENSOL
899.1609,'a',released,HENSOL
899.4288,'d',pressed,HENSOL
900.2373,'d',released,HENSOL
900.5728,'d',pressed,HENSOL
900.9686,'d',released,HENSOL
902.0970,'d',pressed,HENSOL
902.1847,'d',released,HENSOL
902.2324,'a',pressed,HENSOL
903.0487,'w',released,HENSOL
903.6167,'s',pressed,HENSOL
904.0887,'s',released,HENSOL
904.1886,'a',released,HENSOL
905.0446,'w',pressed,HENSOL
905.0527,'a',pressed,HENSOL
905.5887,'a',released,HENSOL
907.2289,'d',pressed,HENSOL
907.5407,'d',released,HENSOL
908.2611,'d',pressed,HENSOL
908.9977,'d',released,HENSOL
909.1413,'a',pressed,HENSOL
909.1449,'w',released,HENSOL
909.4406,Key.space,pressed,HENSOL
909.5805,Mouse.left,pressed,HENSOL
909.6125,Key.space,released,HENSOL
909.6815,Mouse.left,released,HENSOL
909.7416,Mouse.left,pressed,HENSOL
909.8353,Mouse.left,released,HENSOL
910.1651,'d',pressed,HENSOL
910.1779,Mouse.left,pressed,HENSOL
910.2047,'a',released,HENSOL
910.5846,Mouse.left,released,HENSOL
910.6729,'s',pressed,HENSOL
911.0914,Mouse.left,pressed,HENSOL
911.1844,Mouse.left,released,HENSOL
911.6169,'d',released,HENSOL
911.8490,'d',pressed,HENSOL
911.9052,'d',released,HENSOL
912.2687,'a',pressed,HENSOL
912.3496,'s',released,HENSOL
914.9093,'a',released,HENSOL
915.1764,'d',pressed,HENSOL
915.3607,'w',pressed,HENSOL
915.8648,'w',released,HENSOL
916.2176,Mouse.left,pressed,HENSOL
916.2535,'d',released,HENSOL
916.2968,'s',pressed,HENSOL
916.2979,Mouse.left,released,HENSOL
917.1886,'s',released,HENSOL
925.0325,Key.esc,pressed,HENSOL
925.0843,Key.esc,released,HENSOL
927.0323,Key.cmd,pressed,HENSOL
927.1327,Key.cmd,released,HENSOL
930.0830,Mouse.left,pressed,HENSOL
930.0868,Mouse.left,released,HENSOL
