6.2728,'w',pressed,OTHSOL
6.3428,'w',released,OTHSOL
8.7528,'w',pressed,OTHSOL
8.9527,'w',released,OTHSOL
10.1528,'w',pressed,OTHSOL
13.3327,'w',released,OTHSOL
14.0228,'w',pressed,OTHSOL
14.7428,'w',released,OTHSOL
15.1927,'s',pressed,OTHSOL
15.9727,'s',released,OTHSOL
16.2429,'w',pressed,OTHSOL
16.9429,'a',pressed,OTHSOL
17.2128,'a',released,OTHSOL
18.8927,'w',released,OTHSOL
19.3627,'w',pressed,OTHSOL
19.6626,'w',released,OTHSOL
19.7930,'d',pressed,OTHSOL
19.9627,'d',released,OTHSOL
21.1029,'q',pressed,OTHSOL
21.3027,'q',released,OTHSOL
21.6028,'w',pressed,OTHSOL
23.4227,'d',pressed,OTHSOL
23.5527,'w',released,OTHSOL
23.7527,'w',pressed,OTHSOL
23.7536,'d',released,OTHSOL
25.0327,'w',released,OTHSOL
26.7028,'q',pressed,OTHSOL
26.8526,'q',released,OTHSOL
28.6327,'d',pressed,OTHSOL
29.0530,'d',released,OTHSOL
30.4828,'a',pressed,OTHSOL
30.7528,'a',released,OTHSOL
31.8529,'d',pressed,OTHSOL
32.5927,'d',released,OTHSOL
32.8527,'w',pressed,OTHSOL
33.2227,'d',pressed,OTHSOL
34.0129,'d',released,OTHSOL
34.1927,'d',pressed,OTHSOL
34.3228,'d',released,OTHSOL
34.9128,'d',pressed,OTHSOL
35.1428,'w',released,OTHSOL
35.5826,'d',released,OTHSOL
36.8128,'q',pressed,OTHSOL
36.9429,'q',released,OTHSOL
39.0526,'w',pressed,OTHSOL
40.8329,'a',pressed,OTHSOL
41.1229,'a',released,OTHSOL
41.3828,'w',released,OTHSOL
42.0127,'w',pressed,OTHSOL
42.4229,'d',pressed,OTHSOL
42.4929,'w',released,OTHSOL
43.2527,'d',released,OTHSOL
43.6429,'a',pressed,OTHSOL
44.0026,'w',pressed,OTHSOL
44.1126,'a',released,OTHSOL
47.1432,'w',released,OTHSOL
51.6327,'w',pressed,OTHSOL
56.0727,'w',released,OTHSOL
56.6926,'d',pressed,OTHSOL
56.7425,'w',pressed,OTHSOL
56.8328,'d',released,OTHSOL
57.1127,'d',pressed,OTHSOL
57.4925,'d',released,OTHSOL
57.7328,'w',released,OTHSOL
58.4927,'w',pressed,OTHSOL
58.9126,'w',released,OTHSOL
65.6825,'w',pressed,OTHSOL
72.1625,'w',released,OTHSOL
72.8826,'s',pressed,OTHSOL
73.2626,'d',pressed,OTHSOL
73.2826,'s',released,OTHSOL
73.8125,'d',released,OTHSOL
73.8925,'w',pressed,OTHSOL
74.2427,'w',released,OTHSOL
76.8326,'w',pressed,OTHSOL
78.8626,'w',released,OTHSOL
79.2926,'s',pressed,OTHSOL
80.0725,'s',released,OTHSOL
80.1226,'a',pressed,OTHSOL
80.7628,'a',released,OTHSOL
80.7631,'w',pressed,OTHSOL
82.6525,'w',released,OTHSOL
83.2526,'w',pressed,OTHSOL
83.7728,'w',released,OTHSOL
85.0128,'w',pressed,OTHSOL
85.2374,Mouse.left,pressed,OTHSOL
85.3050,Mouse.left,released,OTHSOL
85.8546,Mouse.left,pressed,OTHSOL
85.9885,Mouse.left,released,OTHSOL
86.5545,Mouse.left,pressed,OTHSOL
86.6986,Mouse.left,released,OTHSOL
87.5825,'w',released,OTHSOL
87.9331,'w',pressed,OTHSOL
88.8125,'w',released,OTHSOL
93.6928,'w',pressed,OTHSOL
94.3126,'w',released,OTHSOL
95.2126,'w',pressed,OTHSOL
96.2526,'d',pressed,OTHSOL
96.3626,'d',released,OTHSOL
96.6129,'d',pressed,OTHSOL
96.9426,'d',released,OTHSOL
97.2026,'w',released,OTHSOL
98.2226,'w',pressed,OTHSOL
98.3227,'w',released,OTHSOL
99.9527,'d',pressed,OTHSOL
100.1426,'a',pressed,OTHSOL
100.1527,'d',released,OTHSOL
100.6226,'a',released,OTHSOL
100.9725,'d',pressed,OTHSOL
101.4128,'d',released,OTHSOL
102.9425,'d',pressed,OTHSOL
103.3225,'d',released,OTHSOL
106.9126,'w',pressed,OTHSOL
116.1726,'w',released,OTHSOL
119.1526,'w',pressed,OTHSOL
121.9025,'w',released,OTHSOL
122.3234,'w',pressed,OTHSOL
122.5024,'w',released,OTHSOL
125.1325,'w',pressed,OTHSOL
127.6835,'w',released,OTHSOL
128.2434,'w',pressed,OTHSOL
131.1535,'w',released,OTHSOL
131.9934,'s',pressed,OTHSOL
132.6534,'s',released,OTHSOL
134.4734,'w',pressed,OTHSOL
135.3026,'w',released,OTHSOL
136.7025,'q',pressed,OTHSOL
136.9024,'q',released,OTHSOL
137.8026,'w',pressed,OTHSOL
139.4624,'w',released,OTHSOL
140.1624,'w',pressed,OTHSOL
144.7733,'w',released,OTHSOL
144.8734,'w',pressed,OTHSOL
148.4634,'q',pressed,OTHSOL
148.6332,'q',released,OTHSOL
159.2073,Mouse.left,pressed,OTHSOL
159.3388,Mouse.left,released,OTHSOL
159.8902,Mouse.left,pressed,OTHSOL
160.0283,Mouse.left,released,OTHSOL
160.1933,'w',released,OTHSOL
162.5633,'w',pressed,OTHSOL
163.4233,'w',released,OTHSOL
165.3032,'w',pressed,OTHSOL
171.8431,'w',released,OTHSOL
185.3233,'w',pressed,OTHSOL
185.6732,'w',released,OTHSOL
187.4132,'q',pressed,OTHSOL
187.5932,'q',released,OTHSOL
192.8732,'q',pressed,OTHSOL
193.0731,'q',released,OTHSOL
193.7031,'q',pressed,OTHSOL
193.8731,'q',released,OTHSOL
194.5731,'q',pressed,OTHSOL
194.7432,'q',released,OTHSOL
195.2532,'w',pressed,OTHSOL
198.0831,'w',released,OTHSOL
199.3731,'w',pressed,OTHSOL
202.8131,'w',released,OTHSOL
203.2834,'w',pressed,OTHSOL
207.1132,'w',released,OTHSOL
207.9031,'w',pressed,OTHSOL
209.5131,'w',released,OTHSOL
212.3031,'w',pressed,OTHSOL
218.7932,'w',released,OTHSOL
220.7731,'w',pressed,OTHSOL
220.9430,'w',released,OTHSOL
242.0330,'w',pressed,OTHSOL
248.6830,'w',released,OTHSOL
250.6430,'w',pressed,OTHSOL
251.2681,Mouse.left,pressed,OTHSOL
251.4781,Mouse.left,released,OTHSOL
257.1662,Mouse.left,pressed,OTHSOL
257.2844,Mouse.left,released,OTHSOL
257.6639,Mouse.left,pressed,OTHSOL
257.8181,Mouse.left,released,OTHSOL
258.4030,'w',released,OTHSOL
258.8329,'w',pressed,OTHSOL
258.9039,Mouse.left,pressed,OTHSOL
259.0300,Mouse.left,released,OTHSOL
259.6579,Mouse.left,pressed,OTHSOL
259.8205,Mouse.left,released,OTHSOL
259.9829,'w',released,OTHSOL
260.1760,Mouse.left,pressed,OTHSOL
260.3981,Mouse.left,released,OTHSOL
260.7901,Mouse.left,pressed,OTHSOL
260.9539,Mouse.left,released,OTHSOL
261.6130,'w',pressed,OTHSOL
262.5429,'w',released,OTHSOL
263.2028,'w',pressed,OTHSOL
265.6329,'w',released,OTHSOL
282.1229,'w',pressed,OTHSOL
301.5928,'w',released,OTHSOL
302.1728,'w',pressed,OTHSOL
305.9178,Mouse.left,pressed,OTHSOL
306.0618,Mouse.left,released,OTHSOL
306.5118,Mouse.left,pressed,OTHSOL
306.7337,Mouse.left,released,OTHSOL
307.0459,Mouse.left,pressed,OTHSOL
307.1720,Mouse.left,released,OTHSOL
307.5028,'w',released,OTHSOL
307.6997,Mouse.left,pressed,OTHSOL
307.8498,Mouse.left,released,OTHSOL
307.9702,Mouse.left,pressed,OTHSOL
308.1657,Mouse.left,released,OTHSOL
308.2659,Mouse.left,pressed,OTHSOL
308.4319,Mouse.left,released,OTHSOL
309.0739,Mouse.left,pressed,OTHSOL
309.2080,Mouse.left,released,OTHSOL
310.8777,Mouse.left,pressed,OTHSOL
311.1058,Mouse.left,released,OTHSOL
317.8527,Key.space,pressed,OTHSOL
318.1527,Key.space,released,OTHSOL
318.7926,Key.space,pressed,OTHSOL
319.0326,Key.space,released,OTHSOL
321.7026,Key.space,pressed,OTHSOL
322.0126,Key.space,released,OTHSOL
322.9527,Key.space,pressed,OTHSOL
323.2127,Key.space,released,OTHSOL
323.6727,Key.space,pressed,OTHSOL
323.9126,Key.space,released,OTHSOL
325.1027,Key.space,pressed,OTHSOL
325.3329,Key.space,released,OTHSOL
329.5021,Mouse.left,pressed,OTHSOL
329.6937,Mouse.left,released,OTHSOL
332.3727,'w',pressed,OTHSOL
332.6728,'w',released,OTHSOL
333.0228,'q',pressed,OTHSOL
333.2128,'q',released,OTHSOL
334.1728,'w',pressed,OTHSOL
336.3626,Key.space,pressed,OTHSOL
336.5327,Key.space,released,OTHSOL
337.8127,'w',released,OTHSOL
337.9428,'w',pressed,OTHSOL
338.2427,'w',released,OTHSOL
338.3127,'w',pressed,OTHSOL
340.4428,'w',released,OTHSOL
341.8825,Key.space,pressed,OTHSOL
342.4326,Key.space,released,OTHSOL
342.7429,'w',pressed,OTHSOL
343.6827,'w',released,OTHSOL
345.2028,'w',pressed,OTHSOL
355.7927,'w',released,OTHSOL
356.2427,'w',pressed,OTHSOL
359.6125,Key.space,pressed,OTHSOL
359.8226,Key.space,released,OTHSOL
365.2326,'w',released,OTHSOL
365.7727,'w',pressed,OTHSOL
366.2727,'w',released,OTHSOL
367.5928,'w',pressed,OTHSOL
368.0426,'w',released,OTHSOL
369.4628,'w',pressed,OTHSOL
374.4825,Key.space,pressed,OTHSOL
374.5826,'w',released,OTHSOL
374.6525,'w',pressed,OTHSOL
374.7125,Key.space,released,OTHSOL
375.9064,Mouse.left,pressed,OTHSOL
376.0593,Mouse.left,released,OTHSOL
376.2026,'w',released,OTHSOL
376.6735,Mouse.left,pressed,OTHSOL
376.7126,'w',pressed,OTHSOL
376.8277,Mouse.left,released,OTHSOL
378.4126,'w',released,OTHSOL
379.0626,'a',pressed,OTHSOL
379.0726,'s',pressed,OTHSOL
379.1625,'a',released,OTHSOL
380.8125,'s',released,OTHSOL
381.8926,'w',pressed,OTHSOL
383.9997,Mouse.left,pressed,OTHSOL
384.0618,Mouse.left,released,OTHSOL
384.1417,Mouse.left,pressed,OTHSOL
384.2429,'w',released,OTHSOL
384.2437,Mouse.left,released,OTHSOL
384.9017,Mouse.left,pressed,OTHSOL
384.9756,Mouse.left,released,OTHSOL
385.0965,Mouse.left,pressed,OTHSOL
385.2227,'w',pressed,OTHSOL
385.2617,Mouse.left,released,OTHSOL
386.0759,Mouse.left,pressed,OTHSOL
386.2257,Mouse.left,released,OTHSOL
386.4526,'w',released,OTHSOL
386.6079,Mouse.left,pressed,OTHSOL
386.6919,Mouse.left,released,OTHSOL
386.7626,'w',pressed,OTHSOL
386.7858,Mouse.left,pressed,OTHSOL
386.9298,Mouse.left,released,OTHSOL
387.0497,Mouse.left,pressed,OTHSOL
387.2276,Mouse.left,released,OTHSOL
387.5300,Mouse.left,pressed,OTHSOL
387.6936,Mouse.left,released,OTHSOL
388.1395,Mouse.left,pressed,OTHSOL
388.3037,Mouse.left,released,OTHSOL
388.5156,Mouse.left,pressed,OTHSOL
388.6617,Mouse.left,released,OTHSOL
388.7937,Mouse.left,pressed,OTHSOL
388.9879,Mouse.left,released,OTHSOL
389.2660,Mouse.left,pressed,OTHSOL
389.3857,Mouse.left,released,OTHSOL
389.4537,Mouse.left,pressed,OTHSOL
389.5957,Mouse.left,released,OTHSOL
389.6226,'w',released,OTHSOL
389.8226,'s',pressed,OTHSOL
390.1295,Mouse.left,pressed,OTHSOL
390.1924,Key.space,pressed,OTHSOL
390.2775,Mouse.left,released,OTHSOL
390.4025,Key.space,released,OTHSOL
390.7936,Mouse.left,pressed,OTHSOL
390.9475,Mouse.left,released,OTHSOL
391.2426,'s',released,OTHSOL
391.3975,Mouse.left,pressed,OTHSOL
391.4027,'a',pressed,OTHSOL
391.4426,'w',pressed,OTHSOL
391.6025,'a',released,OTHSOL
391.6099,Mouse.left,released,OTHSOL
392.2155,Mouse.left,pressed,OTHSOL
392.3035,Mouse.left,released,OTHSOL
395.9525,'w',released,OTHSOL
396.7126,'w',pressed,OTHSOL
397.6595,Mouse.left,pressed,OTHSOL
397.8016,Mouse.left,released,OTHSOL
397.8924,'w',released,OTHSOL
398.4725,'w',pressed,OTHSOL
398.9516,Mouse.left,pressed,OTHSOL
399.0857,Mouse.left,released,OTHSOL
399.1326,'w',released,OTHSOL
400.0125,Key.space,pressed,OTHSOL
400.3676,Mouse.left,pressed,OTHSOL
400.3925,'w',pressed,OTHSOL
400.4325,Key.space,released,OTHSOL
400.5001,Mouse.left,released,OTHSOL
400.5128,'w',released,OTHSOL
401.1325,'w',pressed,OTHSOL
401.2538,Mouse.left,pressed,OTHSOL
401.4536,Mouse.left,released,OTHSOL
401.6534,Mouse.left,pressed,OTHSOL
401.7125,'w',released,OTHSOL
401.7975,Mouse.left,released,OTHSOL
410.6026,'q',pressed,OTHSOL
410.7725,'q',released,OTHSOL
412.6325,'q',pressed,OTHSOL
412.8025,'q',released,OTHSOL
414.6625,'q',pressed,OTHSOL
414.8225,'q',released,OTHSOL
417.2925,'q',pressed,OTHSOL
417.4925,'q',released,OTHSOL
422.4126,'w',pressed,OTHSOL
422.8526,'w',released,OTHSOL
422.9024,'q',pressed,OTHSOL
423.0526,'q',released,OTHSOL
423.7024,'w',pressed,OTHSOL
424.0625,'q',pressed,OTHSOL
424.1525,'q',released,OTHSOL
425.6925,'w',released,OTHSOL
426.8527,'w',pressed,OTHSOL
432.2023,'w',released,OTHSOL
433.7825,'w',pressed,OTHSOL
436.4925,'w',released,OTHSOL
437.3724,'w',pressed,OTHSOL
440.3324,'w',released,OTHSOL
440.8456,Mouse.left,pressed,OTHSOL
440.9756,Mouse.left,released,OTHSOL
441.1724,'w',pressed,OTHSOL
441.5113,Mouse.left,pressed,OTHSOL
441.6355,Mouse.left,released,OTHSOL
441.8415,Mouse.left,pressed,OTHSOL
441.9636,Mouse.left,released,OTHSOL
441.9824,'w',released,OTHSOL
443.3025,'s',pressed,OTHSOL
443.7425,'s',released,OTHSOL
443.7624,'a',pressed,OTHSOL
444.3424,'w',pressed,OTHSOL
444.3924,'a',released,OTHSOL
445.7523,'w',released,OTHSOL
446.5724,'w',pressed,OTHSOL
450.1125,'w',released,OTHSOL
450.7724,'w',pressed,OTHSOL
451.3123,'w',released,OTHSOL
451.8625,'s',pressed,OTHSOL
452.8124,'s',released,OTHSOL
453.6223,'w',pressed,OTHSOL
454.8523,Key.space,pressed,OTHSOL
455.0622,Key.space,released,OTHSOL
456.4537,Mouse.left,pressed,OTHSOL
456.6114,Mouse.left,released,OTHSOL
456.9193,Mouse.left,pressed,OTHSOL
457.0513,Mouse.left,released,OTHSOL
457.1238,Mouse.left,pressed,OTHSOL
457.2796,Mouse.left,released,OTHSOL
457.3694,Mouse.left,pressed,OTHSOL
457.5234,Mouse.left,released,OTHSOL
457.5894,Mouse.left,pressed,OTHSOL
457.7124,'w',released,OTHSOL
457.7254,Mouse.left,released,OTHSOL
457.8536,Mouse.left,pressed,OTHSOL
457.9125,'w',pressed,OTHSOL
458.0374,Mouse.left,released,OTHSOL
458.1238,Mouse.left,pressed,OTHSOL
458.2554,Mouse.left,released,OTHSOL
458.3023,'w',released,OTHSOL
458.3355,Mouse.left,pressed,OTHSOL
458.4853,Mouse.left,released,OTHSOL
458.6013,Mouse.left,pressed,OTHSOL
458.7593,Mouse.left,released,OTHSOL
482.1623,'w',pressed,OTHSOL
487.4123,'w',released,OTHSOL
487.6824,'w',pressed,OTHSOL
489.6623,'w',released,OTHSOL
492.6923,'w',pressed,OTHSOL
495.6023,'w',released,OTHSOL
499.4722,'w',pressed,OTHSOL
499.9022,'w',released,OTHSOL
502.0923,'s',pressed,OTHSOL
503.0022,'s',released,OTHSOL
503.6022,'w',pressed,OTHSOL
512.0522,'w',released,OTHSOL
512.4922,'s',pressed,OTHSOL
512.9422,'s',released,OTHSOL
513.1522,'w',pressed,OTHSOL
513.2222,'w',released,OTHSOL
516.3723,'w',pressed,OTHSOL
518.3421,'w',released,OTHSOL
518.3621,'w',pressed,OTHSOL
518.5122,'w',released,OTHSOL
519.0421,'w',pressed,OTHSOL
520.5921,'w',released,OTHSOL
521.5122,'w',pressed,OTHSOL
522.0722,'w',released,OTHSOL
524.2123,'w',pressed,OTHSOL
525.9770,Mouse.left,pressed,OTHSOL
526.1291,Mouse.left,released,OTHSOL
527.2225,'w',released,OTHSOL
527.4621,'w',pressed,OTHSOL
528.5023,'w',released,OTHSOL
528.5725,'a',pressed,OTHSOL
528.9822,'a',released,OTHSOL
529.6821,'w',pressed,OTHSOL
531.1721,'w',released,OTHSOL
532.3622,'a',pressed,OTHSOL
532.7723,'w',pressed,OTHSOL
532.8423,'a',released,OTHSOL
533.4623,'w',released,OTHSOL
534.8224,'d',pressed,OTHSOL
535.4420,'d',released,OTHSOL
536.3221,'a',pressed,OTHSOL
536.7624,'w',pressed,OTHSOL
536.8522,'a',released,OTHSOL
537.6622,'w',released,OTHSOL
540.6421,'w',pressed,OTHSOL
540.9521,'w',released,OTHSOL
546.1320,'a',pressed,OTHSOL
546.4121,'d',pressed,OTHSOL
546.4320,'a',released,OTHSOL
547.2522,'d',released,OTHSOL
549.4420,'w',pressed,OTHSOL
551.0821,'d',pressed,OTHSOL
551.2221,'w',released,OTHSOL
551.3521,'w',pressed,OTHSOL
551.3620,'d',released,OTHSOL
555.3321,'w',released,OTHSOL
555.7722,'w',pressed,OTHSOL
557.3620,'w',released,OTHSOL
558.7123,'w',pressed,OTHSOL
561.4122,'w',released,OTHSOL
562.3322,'w',pressed,OTHSOL
563.0921,'w',released,OTHSOL
564.7421,'w',pressed,OTHSOL
565.2220,Key.space,pressed,OTHSOL
565.4221,Key.space,released,OTHSOL
574.5810,Mouse.left,pressed,OTHSOL
574.7110,Mouse.left,released,OTHSOL
574.8819,'w',released,OTHSOL
575.4722,'a',pressed,OTHSOL
575.6020,'s',pressed,OTHSOL
575.6722,'a',released,OTHSOL
575.8572,Mouse.left,pressed,OTHSOL
576.0250,Mouse.left,released,OTHSOL
576.1820,'s',released,OTHSOL
576.3530,Mouse.left,pressed,OTHSOL
576.3921,'w',pressed,OTHSOL
576.5310,Mouse.left,released,OTHSOL
576.8531,Mouse.left,pressed,OTHSOL
577.0213,Mouse.left,released,OTHSOL
577.1430,Mouse.left,pressed,OTHSOL
577.3117,Mouse.left,released,OTHSOL
577.4130,Mouse.left,pressed,OTHSOL
577.4832,Mouse.left,released,OTHSOL
577.7493,Mouse.left,pressed,OTHSOL
577.8232,Mouse.left,released,OTHSOL
577.8354,Mouse.left,pressed,OTHSOL
577.9809,Mouse.left,released,OTHSOL
578.1321,'w',released,OTHSOL
578.3820,'w',pressed,OTHSOL
579.4750,Mouse.left,pressed,OTHSOL
579.6393,Mouse.left,released,OTHSOL
579.9049,Mouse.left,pressed,OTHSOL
579.9719,'w',released,OTHSOL
580.0672,Mouse.left,released,OTHSOL
580.1829,Mouse.left,pressed,OTHSOL
580.3111,Mouse.left,released,OTHSOL
588.2520,'w',pressed,OTHSOL
589.0020,'w',released,OTHSOL
592.8520,'w',pressed,OTHSOL
593.6120,'w',released,OTHSOL
594.7130,'w',pressed,OTHSOL
595.0930,'w',released,OTHSOL
598.1130,Key.space,pressed,OTHSOL
598.3929,Key.space,released,OTHSOL
599.6019,Key.space,pressed,OTHSOL
599.9128,Key.space,released,OTHSOL
602.2928,Key.space,pressed,OTHSOL
602.5328,Key.space,released,OTHSOL
602.9020,'w',pressed,OTHSOL
605.7419,'w',released,OTHSOL
606.7930,'w',pressed,OTHSOL
607.7819,'w',released,OTHSOL
608.1428,Key.space,pressed,OTHSOL
608.3918,Key.space,released,OTHSOL
610.5829,'s',pressed,OTHSOL
611.1230,'s',released,OTHSOL
612.6519,'w',pressed,OTHSOL
618.8419,'w',released,OTHSOL
619.5929,'w',pressed,OTHSOL
619.9229,'w',released,OTHSOL
621.8630,'w',pressed,OTHSOL
623.2828,'d',pressed,OTHSOL
623.4532,'d',released,OTHSOL
623.6830,'w',released,OTHSOL
624.5629,'w',pressed,OTHSOL
627.7429,'q',pressed,OTHSOL
627.8529,'q',released,OTHSOL
628.9229,'q',pressed,OTHSOL
629.0731,'q',released,OTHSOL
659.0429,'w',released,OTHSOL
660.3628,'w',pressed,OTHSOL
660.9529,'w',released,OTHSOL
661.8328,'w',pressed,OTHSOL
662.1528,'w',released,OTHSOL
662.6529,'s',pressed,OTHSOL
663.4528,'s',released,OTHSOL
663.7029,'q',pressed,OTHSOL
663.9330,'q',released,OTHSOL
664.5228,'q',pressed,OTHSOL
664.6529,'q',released,OTHSOL
667.0308,Mouse.left,pressed,OTHSOL
667.1887,Mouse.left,released,OTHSOL
667.3470,Mouse.left,pressed,OTHSOL
667.4453,Mouse.left,released,OTHSOL
667.6010,Mouse.left,pressed,OTHSOL
667.7750,Mouse.left,released,OTHSOL
667.9148,Mouse.left,pressed,OTHSOL
668.0428,Mouse.left,released,OTHSOL
668.2029,Mouse.left,pressed,OTHSOL
668.3589,Mouse.left,released,OTHSOL
668.7450,Mouse.left,pressed,OTHSOL
668.9487,Mouse.left,released,OTHSOL
669.2788,Mouse.left,pressed,OTHSOL
669.4189,Mouse.left,released,OTHSOL
669.8989,Mouse.left,pressed,OTHSOL
670.0528,Mouse.left,released,OTHSOL
670.1831,Mouse.left,pressed,OTHSOL
670.3330,Mouse.left,released,OTHSOL
671.1107,Mouse.left,pressed,OTHSOL
671.2629,Mouse.left,released,OTHSOL
671.4927,Mouse.left,pressed,OTHSOL
671.6388,Mouse.left,released,OTHSOL
671.7386,Mouse.left,pressed,OTHSOL
671.9027,Mouse.left,released,OTHSOL
672.3029,'q',pressed,OTHSOL
672.3127,'w',pressed,OTHSOL
672.4929,'w',released,OTHSOL
672.5128,'q',released,OTHSOL
672.8528,'w',pressed,OTHSOL
673.8428,'w',released,OTHSOL
674.7927,'d',pressed,OTHSOL
675.1527,'d',released,OTHSOL
675.3731,'w',pressed,OTHSOL
675.5428,'w',released,OTHSOL
676.3128,'w',pressed,OTHSOL
680.5828,'w',released,OTHSOL
702.1526,'w',pressed,OTHSOL
706.8526,Key.space,pressed,OTHSOL
707.0625,Key.space,released,OTHSOL
711.2826,'d',pressed,OTHSOL
711.4226,'d',released,OTHSOL
711.5128,'d',pressed,OTHSOL
711.7127,'d',released,OTHSOL
716.4625,'w',released,OTHSOL
717.1026,'a',pressed,OTHSOL
717.7226,'a',released,OTHSOL
718.0126,'w',pressed,OTHSOL
720.2326,'w',released,OTHSOL
727.1448,Mouse.right,pressed,OTHSOL
727.1945,Mouse.right,released,OTHSOL
