4.1999,Mouse.left,pressed,OTHSOL
4.2700,Mouse.left,released,OTHSOL
5.1829,'w',pressed,OTHSOL
38.6039,Mouse.left,pressed,OTHSOL
38.7964,Mouse.left,released,OTHSOL
43.3928,'w',released,OTHSOL
71.1727,'w',pressed,OTHSOL
79.3836,Key.ctrl_l,pressed,OTHSOL
79.3840,'\x03',pressed,OTHSOL
79.4060,'\x17',pressed,OTHSOL
79.6036,Key.ctrl_l,released,OTHSOL
79.6042,'c',released,OTHSOL
148.0074,Mouse.left,pressed,OTHSOL
148.1315,Mouse.left,released,OTHSOL
308.8869,Mouse.left,pressed,OTHSOL
309.0352,Mouse.left,released,OTHSOL
310.0314,Mouse.left,pressed,OTHSOL
310.2069,Mouse.left,released,OTHSOL
320.1170,Mouse.left,pressed,OTHSOL
320.2770,Mouse.left,released,OTHSOL
327.4709,Mouse.left,pressed,OTHSOL
327.6930,Mouse.left,released,OTHSOL
328.3149,Mouse.left,pressed,OTHSOL
328.4529,Mouse.left,released,OTHSOL
328.7028,'w',released,OTHSOL
345.2648,Mouse.left,pressed,OTHSOL
345.7792,Mouse.left,released,OTHSOL
345.8629,'w',pressed,OTHSOL
347.8328,Mouse.left,pressed,OTHSOL
348.0628,Mouse.left,released,OTHSOL
348.5950,Mouse.left,pressed,OTHSOL
348.7368,Mouse.left,released,OTHSOL
363.3971,Mouse.left,pressed,OTHSOL
363.6268,Mouse.left,released,OTHSOL
372.8050,Mouse.left,pressed,OTHSOL
373.0773,Mouse.left,released,OTHSOL
378.7747,Mouse.left,pressed,OTHSOL
378.9587,Mouse.left,released,OTHSOL
389.3707,Mouse.left,pressed,OTHSOL
389.6188,Mouse.left,released,OTHSOL
390.2810,Mouse.left,pressed,OTHSOL
390.5729,Mouse.left,released,OTHSOL
391.2669,Mouse.left,pressed,OTHSOL
391.4908,Mouse.left,released,OTHSOL
395.7409,Mouse.left,pressed,OTHSOL
395.9327,Mouse.left,released,OTHSOL
396.7486,Mouse.left,pressed,OTHSOL
396.9787,Mouse.left,released,OTHSOL
397.5727,Mouse.left,pressed,OTHSOL
397.7988,Mouse.left,released,OTHSOL
398.2346,Mouse.left,pressed,OTHSOL
398.5048,Mouse.left,released,OTHSOL
398.7691,Mouse.left,pressed,OTHSOL
398.8388,Mouse.left,released,OTHSOL
399.3027,Mouse.left,pressed,OTHSOL
399.4567,Mouse.left,released,OTHSOL
400.9189,Mouse.left,pressed,OTHSOL
401.2471,Mouse.left,released,OTHSOL
401.7767,Mouse.left,pressed,OTHSOL
401.9567,Mouse.left,released,OTHSOL
402.5150,Mouse.left,pressed,OTHSOL
402.6268,Mouse.left,released,OTHSOL
407.2707,Mouse.left,pressed,OTHSOL
407.7007,Mouse.left,released,OTHSOL
420.7487,Mouse.left,pressed,OTHSOL
420.9527,Mouse.left,released,OTHSOL
421.4329,Mouse.left,pressed,OTHSOL
421.6030,Mouse.left,released,OTHSOL
430.8287,Key.ctrl_l,pressed,OTHSOL
430.8292,'\x16',pressed,OTHSOL
431.0067,Key.ctrl_l,released,OTHSOL
431.0073,'v',released,OTHSOL
443.3927,'w',released,OTHSOL
455.3066,Mouse.left,pressed,OTHSOL
455.6846,Mouse.left,released,OTHSOL
455.7725,'w',pressed,OTHSOL
472.3769,Mouse.left,pressed,OTHSOL
472.5909,Mouse.left,released,OTHSOL
473.0144,Mouse.left,pressed,OTHSOL
473.2124,Mouse.left,released,OTHSOL
473.5764,Mouse.left,pressed,OTHSOL
473.6985,Mouse.left,released,OTHSOL
474.2787,Mouse.left,pressed,OTHSOL
474.3685,Mouse.left,released,OTHSOL
474.5648,Mouse.left,pressed,OTHSOL
474.7205,Mouse.left,released,OTHSOL
475.4504,Mouse.left,pressed,OTHSOL
475.6446,Mouse.left,released,OTHSOL
476.2293,Mouse.left,pressed,OTHSOL
476.4324,Mouse.left,released,OTHSOL
478.4770,Mouse.left,pressed,OTHSOL
478.6723,Mouse.left,released,OTHSOL
480.3845,Mouse.left,pressed,OTHSOL
480.5166,Mouse.left,released,OTHSOL
482.9164,Mouse.left,pressed,OTHSOL
483.0924,Mouse.left,released,OTHSOL
485.1984,Mouse.left,pressed,OTHSOL
485.2984,Mouse.left,released,OTHSOL
485.4123,'w',released,OTHSOL
486.2824,'w',pressed,OTHSOL
486.4063,Mouse.left,pressed,OTHSOL
486.6084,Mouse.left,released,OTHSOL
486.9983,Mouse.left,pressed,OTHSOL
487.1484,Mouse.left,released,OTHSOL
487.3024,Mouse.left,pressed,OTHSOL
487.4444,Mouse.left,released,OTHSOL
487.7724,'w',released,OTHSOL
496.2224,'w',pressed,OTHSOL
496.6463,Mouse.left,pressed,OTHSOL
496.8664,Mouse.left,released,OTHSOL
498.5687,Mouse.left,pressed,OTHSOL
498.7364,Mouse.left,released,OTHSOL
501.2523,Mouse.left,pressed,OTHSOL
501.4305,Mouse.left,released,OTHSOL
508.9663,Mouse.left,pressed,OTHSOL
509.1224,Mouse.left,released,OTHSOL
520.8226,Mouse.left,pressed,OTHSOL
521.0605,Mouse.left,released,OTHSOL
521.5347,Mouse.left,pressed,OTHSOL
521.7786,Mouse.left,released,OTHSOL
527.7584,Mouse.left,pressed,OTHSOL
527.9402,Mouse.left,released,OTHSOL
528.5882,Mouse.left,pressed,OTHSOL
528.8044,Mouse.left,released,OTHSOL
529.2464,Mouse.left,pressed,OTHSOL
529.5184,Mouse.left,released,OTHSOL
530.1022,Mouse.left,pressed,OTHSOL
530.3083,Mouse.left,released,OTHSOL
531.0508,Mouse.left,pressed,OTHSOL
531.2326,Mouse.left,released,OTHSOL
532.0983,Mouse.left,pressed,OTHSOL
532.2803,Mouse.left,released,OTHSOL
532.9383,Mouse.left,pressed,OTHSOL
533.1424,Mouse.left,released,OTHSOL
547.2027,Mouse.left,pressed,OTHSOL
547.2504,Mouse.left,released,OTHSOL
566.7304,Mouse.left,pressed,OTHSOL
566.9142,Mouse.left,released,OTHSOL
572.1221,Mouse.left,pressed,OTHSOL
572.2482,Mouse.left,released,OTHSOL
581.0363,Mouse.left,pressed,OTHSOL
581.2101,Mouse.left,released,OTHSOL
582.2960,Key.ctrl_l,pressed,OTHSOL
582.3602,Key.ctrl_l,released,OTHSOL
582.3608,'v',released,OTHSOL
584.7901,Mouse.left,pressed,OTHSOL
584.9841,Mouse.left,released,OTHSOL
631.0680,Mouse.left,pressed,OTHSOL
631.2579,Mouse.left,released,OTHSOL
632.3099,Mouse.left,pressed,OTHSOL
632.4842,Mouse.left,released,OTHSOL
636.6422,Mouse.left,pressed,OTHSOL
636.8640,Mouse.left,released,OTHSOL
637.5199,Mouse.left,pressed,OTHSOL
637.7279,Mouse.left,released,OTHSOL
642.4161,Mouse.left,pressed,OTHSOL
642.6520,Mouse.left,released,OTHSOL
648.4239,Mouse.left,pressed,OTHSOL
648.6319,Mouse.left,released,OTHSOL
648.9319,'w',released,OTHSOL
652.8361,Mouse.left,pressed,OTHSOL
653.0343,Mouse.left,released,OTHSOL
659.6920,'w',pressed,OTHSOL
660.0818,'w',released,OTHSOL
660.2519,'w',pressed,OTHSOL
660.3820,'w',released,OTHSOL
660.6679,Mouse.left,pressed,OTHSOL
660.7419,Mouse.left,released,OTHSOL
669.7319,'w',pressed,OTHSOL
670.0379,Mouse.left,pressed,OTHSOL
670.1319,Mouse.left,released,OTHSOL
675.0138,Mouse.left,pressed,OTHSOL
675.2498,Mouse.left,released,OTHSOL
682.3158,Mouse.left,pressed,OTHSOL
682.5419,Mouse.left,released,OTHSOL
687.6917,Mouse.left,pressed,OTHSOL
687.8521,Mouse.left,released,OTHSOL
703.3140,Key.ctrl_l,pressed,OTHSOL
703.4318,Key.ctrl_l,released,OTHSOL
703.4325,'v',released,OTHSOL
714.4018,Mouse.left,pressed,OTHSOL
714.6199,Mouse.left,released,OTHSOL
714.7637,Mouse.left,pressed,OTHSOL
714.8080,Mouse.left,released,OTHSOL
714.9158,Mouse.left,pressed,OTHSOL
715.1319,Mouse.left,released,OTHSOL
715.5399,Mouse.left,pressed,OTHSOL
715.7680,Mouse.left,released,OTHSOL
715.8960,Mouse.left,pressed,OTHSOL
716.0917,Mouse.left,released,OTHSOL
718.5220,Mouse.left,pressed,OTHSOL
718.5840,Mouse.left,released,OTHSOL
723.1026,'w',released,OTHSOL
748.3327,'w',pressed,OTHSOL
750.7256,Mouse.left,pressed,OTHSOL
750.9037,Mouse.left,released,OTHSOL
752.0915,Mouse.left,pressed,OTHSOL
752.2697,Mouse.left,released,OTHSOL
781.7216,Mouse.left,pressed,OTHSOL
781.9695,Mouse.left,released,OTHSOL
783.3936,Mouse.left,pressed,OTHSOL
783.5476,Mouse.left,released,OTHSOL
785.4636,Mouse.left,pressed,OTHSOL
785.5817,Mouse.left,released,OTHSOL
787.7278,Mouse.left,pressed,OTHSOL
787.9415,Mouse.left,released,OTHSOL
789.4259,Mouse.left,pressed,OTHSOL
789.6635,Mouse.left,released,OTHSOL
799.6659,Mouse.left,pressed,OTHSOL
799.8475,Mouse.left,released,OTHSOL
853.8913,Mouse.left,pressed,OTHSOL
854.1273,Mouse.left,released,OTHSOL
857.5756,Mouse.left,pressed,OTHSOL
857.9175,Mouse.left,released,OTHSOL
858.7033,Mouse.left,pressed,OTHSOL
858.8633,Mouse.left,released,OTHSOL
859.9423,'w',released,OTHSOL
886.6723,'w',pressed,OTHSOL
887.3372,Mouse.left,pressed,OTHSOL
887.4933,Mouse.left,released,OTHSOL
889.1792,Mouse.left,pressed,OTHSOL
889.3752,Mouse.left,released,OTHSOL
891.7191,Mouse.left,pressed,OTHSOL
891.9255,Mouse.left,released,OTHSOL
895.0231,Mouse.left,pressed,OTHSOL
895.2635,Mouse.left,released,OTHSOL
895.5774,Mouse.left,pressed,OTHSOL
895.7193,Mouse.left,released,OTHSOL
896.1534,Mouse.left,pressed,OTHSOL
896.3974,Mouse.left,released,OTHSOL
897.7914,Mouse.left,pressed,OTHSOL
897.9552,Mouse.left,released,OTHSOL
902.6915,Mouse.left,pressed,OTHSOL
902.9312,Mouse.left,released,OTHSOL
920.9676,Mouse.left,pressed,OTHSOL
921.1915,Mouse.left,released,OTHSOL
923.1220,'w',released,OTHSOL
