7.2376,'w',pressed
7.6604,'a',pressed
7.8563,'a',released
9.0524,'a',pressed
9.4064,'a',released
9.7026,Key.shift,pressed
10.0263,Key.shift,released
12.4140,'a',pressed
12.9208,'a',pressed
12.9233,'a',released
13.1924,'a',pressed
13.5983,'a',released
13.6244,'d',pressed
13.8183,'d',released
14.5933,Key.space,pressed
14.8073,Key.space,released
14.8093,'d',pressed
15.3094,'d',pressed
15.3553,'d',pressed
15.3871,'d',pressed
15.4190,'d',pressed
15.4489,'d',pressed
15.4799,'d',pressed
15.5108,'d',pressed
15.5416,'d',pressed
15.5442,'w',released
15.5494,'d',released
16.1514,'s',pressed
16.5895,'a',pressed
17.0644,'a',released
17.3994,'d',pressed
17.5407,'d',released
18.9834,'a',pressed
19.3964,'a',released
19.4505,'d',pressed
19.6543,'s',released
19.8773,'w',pressed
20.0094,'d',released
20.5147,'w',pressed
20.5466,'w',pressed
20.5779,'w',pressed
20.6100,'w',pressed
20.6554,'w',pressed
20.6871,'w',pressed
20.7179,'w',pressed
20.7509,'w',pressed
20.7816,'w',pressed
20.8127,'w',pressed
20.8446,'w',pressed
20.8767,'w',pressed
20.9080,'w',pressed
20.9387,'w',pressed
20.9707,'w',pressed
21.0198,'w',pressed
21.0498,'w',pressed
21.0813,'w',pressed
21.1003,'d',pressed
21.1334,'w',released
21.3043,'s',pressed
21.3845,'d',released
21.4238,'a',pressed
21.5035,'s',released
21.7543,'w',pressed
21.9473,'a',released
21.9714,'d',pressed
22.1134,'w',released
22.2794,'s',pressed
22.3644,'d',released
22.4903,'d',pressed
22.5154,'s',released
22.6263,'w',pressed
22.7114,'d',released
23.2144,'w',pressed
23.2467,'w',pressed
23.2779,'w',pressed
23.3100,'w',pressed
23.3558,'w',pressed
23.3880,'w',pressed
23.4189,'w',pressed
23.4506,'w',pressed
23.4824,'w',pressed
23.4865,'w',released
23.6084,'s',pressed
23.8075,'a',pressed
23.8873,'s',released
24.2243,'d',pressed
24.3044,'a',released
24.3934,'w',pressed
24.5265,'d',released
25.0375,'w',pressed
25.0683,'w',pressed
25.0993,'w',pressed
25.1301,'w',pressed
25.1620,'w',pressed
25.1938,'w',pressed
25.2260,'w',pressed
25.2726,'w',pressed
25.3036,'w',pressed
25.3345,'w',pressed
25.3657,'w',pressed
25.3973,'w',pressed
25.4298,'w',pressed
25.4592,'w',pressed
25.4896,'w',pressed
25.5368,'w',pressed
25.5684,'w',pressed
25.6002,'w',pressed
25.6321,'w',pressed
25.6524,'a',pressed
25.7208,'w',released
26.0164,'w',pressed
26.2014,'a',released
26.5214,'d',pressed
27.0290,'d',pressed
27.0605,'d',pressed
27.0930,'d',pressed
27.1233,'d',pressed
27.1533,'d',pressed
27.2011,'d',pressed
27.2333,'d',pressed
27.2641,'d',pressed
27.2952,'d',pressed
27.3275,'d',pressed
27.3578,'d',pressed
27.3888,'d',pressed
27.4208,'d',pressed
27.4526,'d',pressed
27.4845,'d',pressed
27.5166,'d',pressed
27.5633,'d',pressed
27.5954,'d',pressed
27.6271,'d',pressed
27.6591,'d',pressed
27.6914,'d',pressed
27.7229,'d',pressed
27.7548,'d',pressed
27.7867,'d',pressed
27.8182,'d',pressed
27.8499,'d',pressed
27.8818,'d',pressed
27.9132,'d',pressed
27.9449,'d',pressed
27.9928,'d',pressed
28.0247,'d',pressed
28.0567,'d',pressed
28.0866,'d',pressed
28.1185,'d',pressed
28.1502,'d',pressed
28.1685,'a',pressed
28.2815,'w',released
28.2821,'d',released
28.5974,'s',pressed
28.9054,'d',pressed
28.9645,'s',released
29.1113,'w',pressed
29.1644,'a',released
29.3573,'d',released
29.5483,'d',pressed
30.0530,'d',pressed
30.0838,'d',pressed
30.1150,'d',pressed
30.1343,'d',released
31.0223,'d',pressed
31.2676,'d',released
31.7184,'a',pressed
32.2246,'a',pressed
32.2566,'a',pressed
32.2882,'a',pressed
32.3198,'a',pressed
32.3516,'a',pressed
32.3827,'a',pressed
32.3874,'a',released
32.5763,'d',pressed
32.8633,'d',released
33.3233,Key.space,pressed
33.5233,Key.space,released
34.7713,Key.space,pressed
34.9483,Key.space,released
35.8634,'w',released
36.0074,'s',pressed
36.3183,'a',pressed
36.3885,'s',released
36.5483,'d',pressed
36.6557,'w',pressed
36.6567,'a',released
36.7885,'d',released
37.2888,'w',pressed
37.3354,'w',pressed
37.3657,'w',pressed
37.3977,'w',pressed
37.4290,'w',pressed
37.4602,'w',pressed
37.4910,'w',pressed
37.5228,'w',pressed
37.5548,'w',pressed
37.5866,'w',pressed
37.6186,'w',pressed
37.6655,'w',pressed
37.6965,'w',pressed
37.7278,'w',pressed
37.7578,'w',pressed
37.7890,'w',pressed
37.8198,'w',pressed
37.8515,'w',pressed
37.8829,'w',pressed
37.9150,'w',pressed
37.9615,'w',pressed
37.9916,'w',pressed
38.0224,'w',pressed
38.0541,'w',pressed
38.0852,'w',pressed
38.1173,'w',pressed
38.1470,'w',pressed
38.1789,'w',pressed
38.2269,'w',pressed
38.2586,'w',pressed
38.2907,'w',pressed
38.3225,'w',pressed
38.3413,'r',pressed
38.5093,'r',released
39.5636,'a',pressed
39.6734,'w',released
39.8833,'s',pressed
40.0704,'s',released
40.3065,'w',pressed
40.8104,'w',pressed
40.8285,'d',pressed
40.9184,'a',released
41.0296,'a',pressed
41.0563,'d',released
41.1536,'d',pressed
41.1743,'a',released
41.2744,'a',pressed
41.3324,'d',released
41.4103,'d',pressed
41.4664,'a',released
41.5784,'a',pressed
41.5853,'d',released
41.6823,'d',pressed
41.8314,'d',released
41.9264,'d',pressed
41.9874,'a',released
42.0895,'d',released
42.0925,'a',pressed
42.2283,Key.space,pressed
42.3883,Key.space,released
42.6106,'a',released
42.6793,Key.space,pressed
42.7953,'d',pressed
42.8195,'a',pressed
42.8373,Key.space,released
42.9253,'d',released
43.0113,'d',pressed
43.0774,Key.space,pressed
43.1264,'d',released
43.2123,Key.space,released
43.2403,'d',pressed
43.3084,'w',released
43.4145,'w',pressed
43.4635,'d',released
43.4851,Key.space,pressed
43.5275,'a',released
43.5405,'d',pressed
43.6033,Key.space,released
43.6165,'w',released
44.1193,'d',pressed
44.1511,'d',pressed
44.1960,'d',pressed
44.2280,'d',pressed
44.2598,'d',pressed
44.2908,'d',pressed
44.3230,'d',pressed
44.3544,'d',pressed
44.3868,'d',pressed
44.3876,'w',pressed
44.6895,'w',released
44.9003,'s',pressed
45.0274,'d',released
45.0827,'a',pressed
45.1666,'d',pressed
45.1678,'s',released
45.2934,'w',pressed
45.3625,'d',released
45.8667,'w',pressed
45.8987,'w',pressed
45.9296,'w',pressed
45.9615,'w',pressed
46.0073,'w',pressed
46.0387,'w',pressed
46.0708,'w',pressed
46.1027,'w',pressed
46.1344,'w',pressed
46.1663,'w',pressed
46.1982,'w',pressed
46.2303,'w',pressed
46.2625,'w',pressed
46.2938,'w',pressed
46.3247,'w',pressed
46.3436,'d',pressed
46.5304,'d',released
46.9067,'w',released
47.3094,'s',pressed
47.4775,'s',released
47.5985,'w',pressed
47.7605,'a',released
47.8834,'d',pressed
47.9004,'a',pressed
47.9793,'w',released
48.0674,'d',released
48.2094,'s',pressed
48.3324,'d',pressed
48.4434,'s',released
48.4524,'a',released
48.7793,'w',pressed
48.8914,'d',released
49.1005,'a',pressed
49.1863,'w',released
49.3976,'s',pressed
49.9106,'s',pressed
49.9423,'s',pressed
49.9737,'s',pressed
49.9764,'d',pressed
50.1246,'s',released
50.6077,'a',released
50.6775,'s',pressed
50.7995,'d',released
50.8574,'a',pressed
51.0594,'s',released
51.2586,'w',pressed
51.4684,'w',released
51.7075,'s',pressed
51.9064,'a',released
52.1285,'a',pressed
52.2393,'s',released
52.6074,'s',pressed
53.1200,'s',pressed
53.1508,'s',pressed
53.1832,'s',pressed
53.2136,'s',pressed
53.2184,'s',released
53.4494,'d',pressed
53.4744,'w',pressed
53.6914,'d',released
53.7355,'a',released
53.8496,'d',pressed
53.8747,'a',pressed
53.9493,'w',released
54.0035,'d',released
54.1884,'s',pressed
54.4545,'s',released
54.7144,'s',pressed
55.2228,'s',pressed
55.2550,'s',pressed
55.2862,'s',pressed
55.3181,'s',pressed
55.3502,'s',pressed
55.3814,'s',pressed
55.4140,'s',pressed
55.4454,'s',pressed
55.4914,'s',released
55.7294,'w',pressed
56.2379,'w',pressed
56.2700,'w',pressed
56.3019,'w',pressed
56.3338,'w',pressed
56.3658,'w',pressed
56.3911,'a',released
56.4766,'d',pressed
56.9799,'d',pressed
57.0111,'d',pressed
57.0220,'d',released
58.6574,'w',released
58.8024,'s',pressed
59.1634,'d',pressed
59.2837,'s',released
59.4734,'s',pressed
59.5725,'d',released
59.8253,'d',pressed
60.0265,'d',released
60.9333,'d',pressed
61.0085,'s',released
61.0684,'d',released
70.2475,'w',pressed
70.7485,'w',pressed
70.7943,'w',pressed
70.8263,'w',pressed
70.8562,'w',pressed
70.8870,'w',pressed
70.9181,'w',pressed
70.9505,'w',pressed
70.9815,'w',pressed
71.0132,'w',pressed
71.0451,'w',pressed
71.0921,'w',pressed
71.1023,Key.space,pressed
71.3433,Key.space,released
71.9863,Key.space,pressed
72.1714,Key.space,released
72.3894,'a',pressed
72.8934,'a',pressed
72.8996,'a',released
73.1034,Key.space,pressed
73.2936,Key.space,released
74.0365,'w',released
76.0687,'w',pressed
76.5744,'w',pressed
76.5784,'a',pressed
76.6737,'w',released
76.8637,'s',pressed
77.0395,'a',released
77.2700,'d',pressed
77.3316,'s',released
77.4535,'w',pressed
77.5364,'d',released
77.7154,'a',pressed
77.9618,'w',released
78.3990,'w',pressed
78.5244,'a',released
78.9283,'d',pressed
79.1694,'d',released
79.5655,'d',pressed
79.6574,'w',released
79.9658,'s',pressed
80.0754,'d',released
80.3324,'d',pressed
80.4304,'s',released
80.5976,'w',pressed
80.6694,'d',released
81.1842,'w',pressed
81.2167,'w',pressed
81.2467,'w',pressed
81.2775,'w',pressed
81.2874,'a',pressed
81.4098,'a',released
81.5297,'d',pressed
82.0350,'d',pressed
82.0660,'d',pressed
82.0980,'d',pressed
82.1289,'d',pressed
82.1770,'d',pressed
82.2080,'d',pressed
82.2157,'d',released
82.7319,'a',pressed
82.7399,'w',released
83.0344,'w',pressed
83.1336,'a',released
83.4213,'w',released
83.7173,'w',pressed
84.2256,'w',pressed
84.2577,'w',pressed
84.2893,'w',pressed
84.3208,'w',pressed
84.3531,'w',pressed
84.3849,'w',pressed
84.4164,'w',pressed
84.4483,'w',pressed
84.4962,'w',pressed
84.5262,'w',pressed
84.5581,'w',pressed
84.5901,'w',pressed
84.6213,'w',pressed
84.6531,'w',pressed
84.6842,'w',pressed
84.7161,'w',pressed
84.7479,'w',pressed
84.7799,'w',pressed
84.8118,'w',pressed
84.8587,'w',pressed
84.8901,'w',pressed
84.9220,'w',pressed
84.9540,'w',pressed
84.9858,'w',pressed
85.0177,'w',pressed
85.0477,'w',pressed
85.0785,'w',pressed
85.1105,'w',pressed
85.1423,'w',pressed
85.1875,'w',pressed
85.2193,'w',pressed
85.2512,'w',pressed
85.2821,'w',pressed
85.3148,'w',pressed
85.3459,'w',pressed
85.3779,'w',pressed
85.4101,'w',pressed
85.4418,'w',pressed
85.4735,'w',pressed
85.4955,'a',pressed
85.9967,'a',pressed
86.0287,'a',pressed
86.0762,'a',pressed
86.1081,'a',pressed
86.1391,'a',pressed
86.1710,'a',pressed
86.1842,'a',released
86.4254,'a',pressed
86.5715,'w',released
86.8945,'w',pressed
87.0354,'a',released
87.2493,'d',pressed
87.4615,'d',released
87.5976,'a',pressed
88.0999,'a',pressed
88.1320,'a',pressed
88.1638,'a',pressed
88.1893,'a',released
88.3625,'d',pressed
88.6094,'d',released
90.7784,'w',released
91.3305,'a',pressed
91.4395,'a',released
91.4554,'w',pressed
91.7224,'w',released
92.1294,'s',pressed
92.3316,'d',pressed
92.4415,'s',released
92.5185,'d',released
93.2343,'w',pressed
93.5827,'d',pressed
93.7635,'d',released
94.2075,'w',released
94.5465,'w',pressed
95.0511,'w',pressed
95.0829,'w',pressed
95.1150,'w',pressed
95.1467,'w',pressed
95.1932,'w',pressed
95.2239,'w',pressed
95.2557,'w',pressed
95.2877,'w',pressed
95.3192,'w',pressed
95.3506,'w',pressed
95.3833,'w',pressed
95.4156,'w',pressed
95.4476,'w',pressed
95.4716,'w',released
96.2374,'w',pressed
96.7368,'w',pressed
96.7841,'w',pressed
96.8161,'w',pressed
96.8484,'w',pressed
96.8655,'d',pressed
97.2656,'d',released
97.7116,'d',pressed
98.2130,'d',pressed
98.2438,'d',pressed
98.2517,'d',released
98.7053,Key.space,pressed
98.9074,Key.space,released
100.1523,Key.space,pressed
100.3614,Key.space,released
101.0684,Key.space,pressed
101.2534,Key.space,released
101.8106,'w',released
102.5447,'d',pressed
102.8436,'d',released
106.3164,'w',pressed
106.5794,'w',released
107.1544,'s',pressed
107.2964,'a',pressed
107.3624,'s',released
107.4564,'a',released
110.9224,'w',pressed
111.2734,'w',released
112.1964,'w',pressed
112.4853,'w',released
113.7946,'a',pressed
113.9857,'a',released
141.9526,'r',pressed
142.0625,'r',released
145.2604,'d',pressed
145.5675,'d',released
145.9564,'a',pressed
146.4619,'a',pressed
146.4941,'a',pressed
146.5255,'a',pressed
146.5558,'a',pressed
146.6029,'a',pressed
146.6353,'a',pressed
146.6667,'a',pressed
146.6983,'a',pressed
146.7299,'a',pressed
146.7619,'a',pressed
146.7939,'a',pressed
146.8164,'a',released
147.0384,'a',pressed
147.1604,'s',pressed
147.2194,'a',released
147.4084,'s',released
147.7287,'w',pressed
148.0059,'w',released
150.9476,'w',pressed
150.9730,'d',pressed
151.0890,'w',released
151.4226,'d',released
151.5006,'w',pressed
151.5944,'w',released
152.4143,'w',pressed
152.6629,'w',released
153.8444,'d',pressed
154.3593,'d',pressed
154.3909,'d',pressed
154.4228,'d',pressed
154.4536,'d',pressed
154.4848,'d',pressed
154.5164,'d',pressed
154.5485,'d',pressed
154.5804,'d',pressed
154.6113,'d',pressed
154.6433,'d',pressed
154.6751,'d',pressed
154.7071,'d',pressed
154.7551,'d',pressed
154.7873,'d',pressed
154.7988,'w',pressed
154.8486,'d',released
154.9134,'a',pressed
154.9404,'w',released
155.2884,'w',pressed
155.4745,'a',released
155.9864,'w',pressed
156.0183,'w',pressed
156.0499,'w',pressed
156.0819,'w',pressed
156.1139,'w',pressed
156.1457,'w',pressed
156.1771,'w',pressed
156.2093,'w',pressed
156.2409,'w',pressed
156.2718,'w',pressed
156.3196,'w',pressed
156.3510,'w',pressed
156.3829,'w',pressed
156.4150,'w',pressed
156.4458,'w',pressed
156.4763,'w',pressed
156.5081,'w',pressed
156.5392,'w',pressed
156.5644,'d',pressed
156.6486,'w',released
156.7324,'d',released
156.9647,'w',pressed
157.0995,'a',pressed
157.3035,'w',released
157.5904,'w',pressed
157.6243,'a',released
158.0734,'w',released
158.3475,'w',pressed
158.5745,'d',pressed
158.7736,'d',released
160.5366,'a',pressed
160.7596,'w',released
160.9875,'s',pressed
161.1457,'s',released
161.3225,'w',pressed
161.4305,'a',released
161.5454,'a',pressed
161.5844,'w',released
161.7566,'s',pressed
161.8330,'a',released
162.3344,'d',pressed
162.4314,'s',released
162.5874,'d',released
164.8216,'w',pressed
165.2553,'w',released
165.4575,'s',pressed
165.8314,'s',released
165.9796,'d',pressed
166.0486,'w',pressed
166.2034,'d',released
166.5794,'r',pressed
166.7106,'r',released
167.0506,'a',pressed
167.2874,'w',released
167.5145,'s',pressed
167.6366,'a',released
167.7444,'d',pressed
167.7695,'s',released
167.8916,'w',pressed
167.9505,'d',released
168.4304,'w',released
168.5826,'s',pressed
168.7524,'a',pressed
168.8035,'s',released
169.1114,'s',pressed
169.1983,'a',released
169.3614,'a',pressed
169.4355,'s',released
169.7665,'s',pressed
169.8645,'a',released
170.1404,'d',pressed
170.2024,'s',released
170.2935,'w',pressed
170.4074,'d',released
170.8816,'a',pressed
171.0285,'w',released
171.5374,'a',pressed
171.5694,'a',pressed
171.5854,'w',pressed
172.0869,'w',pressed
172.0925,'w',released
172.4444,'d',pressed
172.4994,'w',pressed
172.5624,'a',released
172.6464,'d',released
172.9265,'a',pressed
173.4288,'a',pressed
173.4598,'a',pressed
173.5047,'a',pressed
173.5064,'w',released
173.7638,'s',pressed
173.9016,'d',pressed
173.9384,'a',released
173.9614,'s',released
174.1194,'w',pressed
174.2055,'d',released
174.2215,'a',pressed
174.2914,'w',released
174.5357,'s',pressed
174.6984,'d',pressed
174.7234,'s',released
174.7274,'a',released
174.8404,'w',pressed
174.9085,'d',released
175.4164,'w',pressed
175.4489,'w',pressed
175.4799,'w',pressed
175.5118,'w',pressed
175.5430,'w',pressed
175.5737,'w',pressed
175.6195,'w',pressed
175.6510,'w',pressed
175.6829,'w',pressed
175.7150,'w',pressed
175.7234,'a',pressed
175.7684,'w',released
176.0174,'s',pressed
176.1973,'d',pressed
176.2144,'s',released
176.2864,'a',released
176.4004,'w',pressed
176.4874,'d',released
176.6486,'d',pressed
176.8486,'d',released
177.0455,'a',pressed
177.0526,'w',released
177.2564,'s',pressed
177.3194,'a',released
177.5084,'s',released
177.9645,'s',pressed
178.1075,'a',pressed
178.1646,'s',released
178.3733,'d',pressed
178.4284,'a',released
178.5614,'w',pressed
178.6394,'d',released
178.8004,'d',pressed
178.8944,'w',released
179.0264,'s',pressed
179.0453,'d',released
179.1614,'a',pressed
179.2104,'s',released
179.3675,'s',pressed
179.4524,'a',released
179.9665,'s',pressed
179.9985,'s',pressed
180.0296,'s',pressed
180.0614,'s',pressed
180.0924,'s',pressed
180.1232,'s',pressed
180.1550,'s',pressed
180.1664,'a',pressed
180.2254,'s',released
180.4875,'d',pressed
180.5556,'a',released
180.7514,'w',pressed
180.8375,'d',released
180.9564,'a',pressed
180.9844,'w',released
181.1814,'s',pressed
181.2774,'a',released
181.3705,'d',pressed
181.4014,'s',released
181.5514,'d',released
181.5554,'w',pressed
181.8054,'d',pressed
181.8457,'w',released
182.0010,'s',pressed
182.0554,'d',released
182.5622,'s',pressed
182.5932,'s',pressed
182.6250,'s',pressed
182.6570,'s',pressed
182.6871,'s',pressed
182.7352,'s',pressed
182.7649,'s',pressed
182.7959,'s',pressed
182.8272,'s',pressed
182.8582,'s',pressed
182.8900,'s',pressed
182.9221,'s',pressed
182.9518,'s',pressed
182.9987,'s',pressed
183.0296,'s',pressed
183.0620,'s',pressed
183.0935,'s',pressed
183.1254,'s',pressed
183.1574,'s',pressed
183.1882,'s',pressed
183.2202,'s',pressed
183.2501,'s',pressed
183.2819,'d',pressed
183.7810,'d',pressed
183.8283,'d',pressed
183.8602,'d',pressed
183.8922,'d',pressed
183.9241,'d',pressed
183.9547,'d',pressed
183.9865,'d',pressed
184.0175,'d',pressed
184.0485,'d',pressed
184.0805,'d',pressed
184.1112,'d',pressed
184.1274,'s',released
184.3744,'d',released
184.5574,'a',pressed
184.7425,'a',released
184.7784,'d',pressed
185.0536,'w',pressed
185.5670,'w',pressed
185.5980,'w',pressed
185.6297,'w',pressed
185.6585,'d',released
185.9555,'a',pressed
186.0554,'a',released
186.6494,'w',released
186.8245,'s',pressed
187.2955,'a',pressed
187.8094,'a',pressed
187.8399,'a',pressed
187.8709,'a',pressed
187.9018,'a',pressed
187.9318,'a',pressed
187.9631,'a',pressed
187.9876,'s',released
188.1554,'d',pressed
188.2845,'a',released
188.6673,'w',pressed
188.8384,'d',released
189.1164,'a',pressed
189.1804,'w',released
189.3844,'s',pressed
189.4636,'a',released
189.9741,'s',pressed
190.0061,'s',pressed
190.0378,'s',pressed
190.0697,'s',pressed
190.1019,'s',pressed
190.1349,'s',pressed
190.1642,'s',pressed
190.1962,'s',pressed
190.2256,'a',pressed
190.3369,'s',released
190.5494,'s',pressed
190.7557,'a',released
190.7854,'d',pressed
190.8714,'s',released
190.9524,'s',pressed
191.0474,'d',released
191.1734,'d',pressed
191.2354,'s',released
191.3554,'w',pressed
191.4694,'d',released
191.5915,'a',pressed
191.6574,'w',released
191.8535,'s',pressed
192.0085,'a',released
192.4075,'a',pressed
192.4966,'s',released
192.8455,'d',pressed
192.9455,'a',released
193.1894,'w',pressed
193.2894,'d',released
193.4655,'a',pressed
193.5244,'w',released
193.7274,'s',pressed
193.9024,'d',pressed
193.9604,'a',released
193.9666,'s',released
194.1124,'w',pressed
194.2424,'d',released
194.7556,'w',pressed
194.7866,'w',pressed
194.7955,'d',pressed
194.8784,'w',released
195.0445,'s',pressed
195.1044,'d',released
195.2064,'a',pressed
195.2886,'s',released
195.5115,'s',pressed
195.7625,'d',pressed
195.7774,'s',released
195.8605,'a',released
195.9584,'w',pressed
196.0934,'d',released
196.3414,'d',pressed
196.4685,'w',released
196.6404,'s',pressed
196.7154,'d',released
196.8744,'a',pressed
197.3876,'a',pressed
197.4195,'a',pressed
197.4516,'a',pressed
197.4837,'a',pressed
197.5144,'a',pressed
197.5460,'a',pressed
197.5789,'a',pressed
197.6109,'a',pressed
197.6423,'a',pressed
197.6566,'d',pressed
197.7044,'a',released
197.7334,'s',released
198.1347,'s',pressed
198.2304,'d',released
198.2886,'a',pressed
198.3615,'s',released
198.7314,'s',pressed
198.9625,'s',released
199.3076,'d',pressed
199.3675,'a',released
199.5785,'w',pressed
199.8145,'d',released
200.3193,'w',pressed
200.3512,'w',pressed
200.3810,'w',pressed
200.4268,'w',pressed
200.4578,'w',pressed
200.4891,'w',pressed
200.5165,'a',pressed
201.0180,'a',pressed
201.0502,'a',pressed
201.0969,'a',pressed
201.1282,'a',pressed
201.1596,'a',pressed
201.1905,'a',pressed
201.2225,'a',pressed
201.2296,'a',released
201.4875,'a',pressed
201.7095,'w',released
201.9784,'a',released
212.3124,'w',pressed
212.8126,'w',pressed
212.8585,'w',pressed
212.8902,'w',pressed
212.9211,'w',pressed
212.9521,'w',pressed
212.9841,'w',pressed
213.0160,'w',pressed
213.0480,'w',pressed
213.0799,'w',pressed
213.1101,'w',pressed
213.1570,'w',pressed
213.1890,'w',pressed
213.2208,'w',pressed
213.2528,'w',pressed
213.2851,'w',pressed
213.3169,'w',pressed
213.3483,'w',pressed
213.3798,'w',pressed
213.4110,'w',pressed
213.4423,'w',pressed
213.4749,'w',pressed
213.5061,'w',pressed
213.5531,'w',pressed
213.5850,'w',pressed
213.6170,'w',pressed
213.6479,'w',pressed
213.6801,'w',pressed
213.7118,'w',pressed
213.7437,'w',pressed
213.7740,'w',pressed
213.8053,'w',pressed
213.8373,'w',pressed
213.8691,'w',pressed
213.9161,'w',pressed
213.9482,'w',pressed
213.9798,'w',pressed
214.0112,'w',pressed
214.0427,'w',pressed
214.0746,'w',pressed
214.1066,'w',pressed
214.1380,'w',pressed
214.1700,'w',pressed
214.2010,'w',pressed
214.2323,'w',pressed
214.2793,'w',pressed
214.3112,'w',pressed
214.3431,'w',pressed
214.3731,'w',pressed
214.4047,'w',pressed
214.4358,'w',pressed
214.4667,'w',pressed
214.4987,'w',pressed
214.5304,'w',pressed
214.5616,'w',pressed
214.6100,'w',pressed
214.6404,'w',pressed
214.6711,'w',pressed
214.7038,'w',pressed
214.7346,'w',pressed
214.7655,'w',pressed
214.7951,'w',pressed
214.8269,'w',pressed
214.8728,'w',pressed
214.9050,'w',pressed
214.9367,'w',pressed
214.9685,'w',pressed
214.9996,'w',pressed
215.0316,'w',pressed
215.0632,'w',pressed
215.0952,'w',pressed
215.1272,'w',pressed
215.1591,'w',pressed
215.1911,'w',pressed
215.2219,'w',pressed
215.2700,'w',pressed
215.3006,'w',pressed
215.3313,'w',pressed
215.3623,'w',pressed
215.3922,'w',pressed
215.4232,'w',pressed
215.4541,'w',pressed
215.4998,'w',pressed
215.5319,'w',pressed
215.5544,Key.space,pressed
215.7556,Key.space,released
217.7324,Key.space,pressed
217.9154,Key.space,released
219.1146,'a',pressed
219.1425,'w',released
219.3794,'s',pressed
219.5545,'a',released
219.7844,'d',pressed
220.0764,'d',released
220.1705,'d',pressed
220.2908,'s',released
220.6634,'w',pressed
220.8615,'w',released
220.8985,'a',pressed
220.9755,'d',released
221.1168,'s',pressed
221.2504,'a',released
221.7630,'s',pressed
221.7940,'s',pressed
221.8260,'s',pressed
221.8578,'s',pressed
221.8887,'s',pressed
221.9200,'s',pressed
221.9485,'d',pressed
222.0544,'s',released
222.2204,'w',pressed
222.5095,'w',released
222.7414,'a',pressed
222.8274,'d',released
223.1594,'s',pressed
223.3905,'a',released
223.8974,'a',pressed
224.0166,'s',released
224.2764,'w',pressed
224.7773,'w',pressed
224.8240,'w',pressed
224.8556,'w',pressed
224.8826,'w',released
225.2058,'w',pressed
225.3789,'a',released
225.4827,'a',pressed
225.5677,'w',released
225.7886,'s',pressed
226.2970,'s',pressed
226.3281,'s',pressed
226.3600,'s',pressed
226.3908,'s',pressed
226.4220,'s',pressed
226.4546,'s',pressed
226.5007,'s',pressed
226.5317,'s',pressed
226.5635,'s',pressed
226.5943,'s',pressed
226.6264,'s',pressed
226.6573,'s',pressed
226.6890,'s',pressed
226.7211,'s',pressed
226.7524,'s',pressed
226.7843,'s',pressed
226.8164,'s',pressed
226.8641,'s',pressed
226.8961,'s',pressed
226.9260,'s',pressed
226.9425,'s',released
227.3425,'w',pressed
227.6054,'d',pressed
227.6274,'w',released
227.7365,'d',released
227.8955,'d',pressed
227.9834,'w',pressed
227.9914,'a',released
228.1488,'d',released
228.2404,'d',pressed
228.3294,'w',released
228.5784,'s',pressed
228.7104,'d',released
229.1015,'a',pressed
229.1945,'s',released
229.4824,'d',pressed
229.5566,'a',released
229.9217,'w',pressed
230.0175,'a',pressed
230.0275,'d',released
230.0775,'w',released
230.2646,'s',pressed
230.4385,'d',pressed
230.4555,'a',released
230.5015,'s',released
230.6255,'w',pressed
230.7667,'d',released
231.2801,'w',pressed
231.3110,'w',pressed
231.3124,'a',pressed
231.3484,'w',released
231.6194,'s',pressed
231.7735,'d',pressed
231.8104,'a',released
231.8704,'s',released
231.9584,'a',pressed
232.0155,'d',released
232.2045,'d',pressed
232.2744,'a',released
232.4409,'a',pressed
232.5255,'d',released
232.6366,'w',pressed
232.7035,'a',released
232.8304,'d',pressed
233.3421,'d',pressed
233.3566,'d',released
233.3644,'a',pressed
233.5514,'d',pressed
233.6076,'a',released
233.7125,'w',released
233.9324,'a',pressed
233.9765,'s',pressed
234.0148,'d',released
234.3184,'s',released
234.4426,'w',pressed
234.9450,'w',pressed
234.9766,'w',pressed
235.0233,'w',pressed
235.0554,'w',pressed
235.0871,'w',pressed
235.1192,'w',pressed
235.1509,'w',pressed
235.1830,'w',pressed
235.2140,'w',pressed
235.2459,'w',pressed
235.2770,'w',pressed
235.3090,'w',pressed
235.3409,'w',pressed
235.3719,'w',pressed
235.4196,'w',pressed
235.4514,'w',pressed
235.4837,'w',pressed
235.5154,'w',pressed
235.5472,'w',pressed
235.5783,'w',pressed
235.6101,'w',pressed
235.6365,'d',pressed
235.7587,'a',released
236.0045,'a',pressed
236.0075,'d',released
236.0805,'w',released
236.2444,'s',pressed
236.3894,'d',pressed
236.4365,'a',released
236.7235,'s',released
237.2292,'d',pressed
237.2611,'d',pressed
237.2929,'d',pressed
237.3247,'d',pressed
237.3557,'d',pressed
237.4021,'d',pressed
237.4338,'d',pressed
237.4653,'d',pressed
237.4954,'d',pressed
237.5262,'d',pressed
237.5572,'d',pressed
237.5890,'d',pressed
237.6200,'d',pressed
237.6659,'d',pressed
237.6979,'d',pressed
237.7298,'d',pressed
237.7619,'d',pressed
237.7935,'d',pressed
237.8256,'d',pressed
237.8562,'d',pressed
237.8882,'d',pressed
237.9200,'d',pressed
237.9513,'d',pressed
237.9836,'d',pressed
238.0299,'d',pressed
238.0613,'d',pressed
238.0923,'d',pressed
238.1240,'d',pressed
238.1560,'d',pressed
238.1882,'d',pressed
238.2188,'d',pressed
238.2507,'d',pressed
238.2827,'d',pressed
238.3147,'d',pressed
238.3456,'d',pressed
238.3916,'d',pressed
238.4229,'d',pressed
238.4534,'d',pressed
238.4846,'d',pressed
238.5164,'d',pressed
238.5479,'d',pressed
238.5781,'d',pressed
238.6038,'d',released
238.7655,'s',pressed
238.9066,'s',released
239.0976,'d',pressed
239.5956,'d',released
239.7695,'d',pressed
239.9479,'d',released
240.5504,'a',pressed
240.7607,'a',released
240.8825,'a',pressed
241.0179,'w',pressed
241.5300,'w',pressed
241.5404,'w',released
241.8375,'d',pressed
241.9526,'a',released
242.4611,'d',pressed
242.4921,'d',pressed
242.5230,'d',pressed
242.5527,'d',pressed
242.5998,'d',pressed
242.6320,'d',pressed
242.6635,'d',pressed
242.6956,'d',pressed
242.7264,'d',pressed
242.7584,'d',pressed
242.7891,'d',pressed
242.8194,'d',pressed
242.8502,'d',pressed
242.8965,'d',pressed
242.9283,'d',pressed
242.9604,'d',pressed
242.9921,'d',pressed
243.0095,'d',released
243.0817,'a',pressed
243.4565,'a',released
243.6488,'a',pressed
243.7377,'a',released
243.8296,'d',pressed
244.3321,'d',pressed
244.3640,'d',pressed
244.4098,'d',pressed
244.4407,'d',pressed
244.4706,'d',pressed
244.5016,'d',pressed
244.5336,'d',pressed
244.5645,'d',pressed
244.5954,'d',pressed
244.6262,'d',pressed
244.6742,'d',pressed
244.7059,'d',pressed
244.7346,'a',pressed
244.7394,'d',released
245.2314,'d',pressed
245.2887,'a',released
245.7447,'a',pressed
245.7994,'d',released
245.9746,'d',pressed
246.0246,'a',released
246.4886,'d',released
246.4985,'a',pressed
246.9225,'d',pressed
246.9945,'a',released
247.2224,'a',pressed
247.2934,'d',released
247.6624,'d',pressed
247.7344,'a',released
248.0235,'a',pressed
248.0924,'d',released
248.2365,'d',pressed
248.2575,'a',released
248.6496,'d',released
248.8304,'a',pressed
249.0584,'d',pressed
249.1574,'a',released
249.2324,'a',pressed
249.2634,'d',released
249.5784,'d',pressed
249.6465,'a',released
250.0775,'a',pressed
250.1424,'d',released
250.2394,'a',released
250.2716,'d',pressed
250.3674,'d',released
251.1455,'a',pressed
251.6459,'a',pressed
251.6664,'w',pressed
251.8324,'a',released
251.9235,'d',pressed
251.9676,'w',released
252.3984,'s',pressed
252.4817,'d',released
252.9832,'s',pressed
253.0156,'s',pressed
253.0620,'s',pressed
253.0939,'s',pressed
253.1259,'s',pressed
253.1581,'s',pressed
253.1894,'s',pressed
253.2210,'s',pressed
253.2533,'s',pressed
253.2644,'d',pressed
253.5736,'d',released
254.1025,'a',pressed
254.1875,'s',released
254.4455,'w',pressed
254.9542,'w',pressed
254.9850,'w',pressed
255.0160,'w',pressed
255.0480,'w',pressed
255.0802,'w',pressed
255.1119,'w',pressed
255.1438,'w',pressed
255.1909,'w',pressed
255.2217,'w',pressed
255.2527,'w',released
255.2548,'a',released
263.0344,'w',pressed
263.5421,'w',pressed
263.5726,'w',pressed
263.6044,'w',pressed
263.6355,'w',pressed
263.6672,'w',pressed
263.7141,'w',pressed
263.7448,'w',pressed
263.7525,'w',released
264.4215,'w',pressed
264.7150,Key.shift,pressed
265.1725,Key.shift,released
266.5488,'w',released
268.0805,'w',pressed
268.2234,'w',released
268.4574,'s',pressed
268.7726,'s',released
270.0974,'w',pressed
270.2705,'w',released
270.5495,'s',pressed
270.6855,'s',released
271.6785,'w',pressed
272.1886,'w',pressed
272.2206,'w',pressed
272.2524,'w',pressed
272.2846,'w',pressed
272.3164,'w',pressed
272.3481,'w',pressed
272.3791,'w',pressed
272.4103,'w',pressed
272.4574,'w',pressed
272.4890,'w',pressed
272.5212,'w',pressed
272.5521,'w',pressed
272.5858,'w',pressed
272.6167,'w',pressed
272.6471,'w',pressed
272.6787,'w',pressed
272.7104,'w',pressed
272.7402,'w',pressed
272.7872,'w',pressed
272.8187,'w',pressed
272.8504,'w',pressed
272.8814,'w',pressed
272.9133,'w',pressed
272.9254,Key.space,pressed
273.1375,Key.space,released
274.9685,Key.space,pressed
275.1894,Key.space,released
275.2114,'a',pressed
275.6575,'w',released
276.1125,'w',pressed
276.1965,'a',released
276.2795,'w',released
276.3424,'a',pressed
276.5155,'s',pressed
276.5494,'a',released
277.0616,'s',pressed
277.0925,'s',pressed
277.0986,'a',pressed
277.3949,'s',released
277.5534,'w',pressed
277.6535,'a',released
277.9365,'a',pressed
278.4493,'a',pressed
278.4816,'a',pressed
278.5129,'a',pressed
278.5451,'a',pressed
278.5761,'a',pressed
278.6070,'a',pressed
278.6388,'a',pressed
278.6699,'a',pressed
278.7007,'a',pressed
278.7463,'a',pressed
278.7772,'a',pressed
278.7925,'w',released
279.0985,'d',pressed
279.1734,'a',released
279.3514,'w',pressed
279.5805,'w',released
279.9705,'s',pressed
280.1106,'d',released
280.3664,'a',pressed
280.4415,'s',released
280.6494,'w',pressed
280.8726,'d',pressed
280.9365,'a',released
280.9645,'w',released
281.2066,'w',pressed
281.2606,'a',pressed
281.2834,'d',released
281.3566,'w',released
281.6575,'s',pressed
281.7826,'a',released
282.2869,'s',pressed
282.3191,'s',pressed
282.3511,'s',pressed
282.3822,'s',pressed
282.4297,'s',pressed
282.4606,'s',pressed
282.4914,'s',pressed
282.5225,'s',pressed
282.5533,'s',pressed
282.5852,'s',pressed
282.6165,'s',pressed
282.6480,'s',pressed
282.6800,'s',pressed
282.6834,'a',pressed
282.8807,'d',pressed
282.9115,'s',released
283.0777,'d',released
283.1005,'w',pressed
283.3686,'w',released
283.6554,'d',pressed
283.7497,'a',released
283.9935,'w',pressed
284.0925,'d',released
284.2005,'d',pressed
284.2405,'w',released
284.4195,'s',pressed
284.4877,'d',released
284.9882,'s',pressed
285.0342,'s',pressed
285.0660,'s',pressed
285.0979,'s',pressed
285.1301,'s',pressed
285.1447,'a',pressed
285.2355,'s',released
285.4326,'w',pressed
285.8015,'d',pressed
285.8776,'w',released
286.0445,'a',released
286.2527,'s',pressed
286.3556,'d',released
286.8579,'s',pressed
286.8898,'s',pressed
286.9360,'s',pressed
286.9675,'s',pressed
286.9994,'s',pressed
287.0316,'s',pressed
287.0632,'s',pressed
287.0961,'s',pressed
287.1277,'s',pressed
287.1590,'s',pressed
287.1907,'s',pressed
287.2084,'a',pressed
287.3475,'s',released
287.5425,'w',pressed
287.7418,'a',released
287.9096,'a',pressed
287.9475,'d',pressed
288.0405,'w',released
288.1425,'d',released
288.2975,'s',pressed
288.3938,'a',released
288.4726,'d',pressed
288.5405,'s',released
288.8075,'w',pressed
288.9768,'w',released
289.8265,'a',pressed
289.9055,'d',released
290.0294,'d',pressed
290.0877,'a',released
290.6000,'d',pressed
290.6319,'d',pressed
290.6637,'d',pressed
290.6954,'d',pressed
290.7272,'d',pressed
290.7595,'d',pressed
290.7912,'d',pressed
290.8231,'d',pressed
290.8541,'d',pressed
290.8850,'d',pressed
290.9318,'d',pressed
290.9355,'w',pressed
291.0325,'d',released
291.5434,'w',pressed
291.5753,'w',pressed
291.6072,'w',pressed
291.6391,'w',pressed
291.6700,'w',pressed
291.7011,'w',pressed
291.7145,'a',pressed
291.8125,'w',released
292.2317,'s',pressed
292.3525,'d',pressed
292.3765,'a',released
292.4215,'s',released
292.5935,'w',pressed
292.7217,'d',released
292.8975,'d',pressed
293.1185,'d',released
293.1915,'a',pressed
293.2585,'w',released
293.4916,'s',pressed
293.5996,'a',released
294.1119,'s',pressed
294.1429,'s',pressed
294.1750,'s',pressed
294.2062,'s',pressed
294.2233,'a',pressed
294.4038,'a',released
295.3116,'a',pressed
295.4494,'s',released
295.6095,'w',pressed
295.9945,'d',pressed
296.1934,'a',released
296.2385,'w',released
296.4645,'s',pressed
296.5435,'d',released
296.6734,'a',pressed
296.7924,'s',released
296.8670,'d',pressed
297.0205,'d',released
297.0964,'s',pressed
297.3467,'a',released
297.8571,'s',pressed
297.8880,'s',pressed
297.9194,'s',pressed
297.9499,'s',pressed
297.9809,'s',pressed
298.0130,'s',pressed
298.0588,'s',pressed
298.0856,'a',pressed
298.1964,'s',released
298.6186,'d',pressed
298.8154,'d',released
298.9605,'s',pressed
299.1608,'d',pressed
299.1646,'a',released
299.2188,'s',released
299.3854,'w',pressed
299.5165,'d',released
299.8185,'a',pressed
299.8746,'w',released
299.9765,'d',pressed
300.0609,'a',released
300.1585,'a',pressed
300.2321,'d',released
300.2890,'d',pressed
300.3484,'a',released
300.5616,'w',pressed
301.0074,'w',released
301.2446,'s',pressed
301.3305,'d',released
301.4366,'d',pressed
301.4544,'s',released
301.5884,'w',pressed
301.7066,'d',released
301.9759,'a',pressed
302.1875,'a',released
302.4874,'d',pressed
302.6116,'w',released
302.9394,'s',pressed
303.0175,'d',released
303.0946,'a',pressed
303.2135,'s',released
303.3426,'d',pressed
303.4505,'a',released
303.6426,'s',pressed
303.7186,'d',released
303.7645,'a',pressed
303.8415,'s',released
304.0015,'d',pressed
304.1635,'w',pressed
304.2125,'d',released
304.2605,'a',released
304.3324,'d',pressed
304.3875,'w',released
304.5824,'s',pressed
304.6025,'d',released
305.0725,'a',pressed
305.1707,'s',released
305.4011,'w',pressed
305.6176,'w',released
305.6235,'d',pressed
305.8465,'d',released
306.1076,'d',pressed
306.2006,'a',released
306.2599,'a',pressed
306.3046,'d',released
306.8105,'a',pressed
306.8424,'a',pressed
306.8675,'s',pressed
306.9458,'a',released
307.4525,'a',pressed
307.5545,'s',released
307.8017,'a',released
313.7255,'w',pressed
314.2254,'w',pressed
314.2724,'w',pressed
314.2774,'w',released
315.7076,'w',pressed
316.2213,'w',pressed
316.2531,'w',pressed
316.2594,'w',released
316.7585,'w',pressed
317.2613,'w',pressed
317.2933,'w',pressed
317.3249,'w',pressed
317.3723,'w',pressed
317.4044,'w',pressed
317.4363,'w',pressed
317.4682,'w',pressed
317.5001,'w',pressed
317.5320,'w',pressed
317.5640,'w',pressed
317.5959,'w',pressed
317.6280,'w',pressed
317.6600,'w',pressed
317.6919,'w',pressed
317.7240,'w',pressed
317.7535,'w',pressed
317.8016,'w',pressed
317.8332,'w',pressed
317.8651,'w',pressed
317.8973,'w',pressed
317.9280,'w',pressed
317.9603,'w',pressed
317.9920,'w',pressed
318.0236,'w',pressed
318.0544,'w',pressed
318.0866,'w',pressed
318.1182,'w',pressed
318.1647,'w',pressed
318.1960,'w',pressed
318.2280,'w',pressed
318.2598,'w',pressed
318.2899,'w',pressed
318.3216,'w',pressed
318.3536,'w',pressed
318.3857,'w',pressed
318.4178,'w',pressed
318.4487,'w',pressed
318.4799,'w',pressed
318.5274,'w',pressed
318.5590,'w',pressed
318.5910,'w',pressed
318.6221,'w',pressed
318.6540,'w',pressed
318.6859,'w',pressed
318.7179,'w',pressed
318.7487,'w',pressed
318.7792,'w',pressed
318.8106,'w',pressed
318.8426,'w',pressed
318.8882,'w',pressed
318.9194,'w',pressed
318.9519,'w',pressed
318.9846,'w',pressed
319.0148,'w',pressed
319.0468,'w',pressed
319.0771,'w',pressed
319.1091,'w',pressed
319.1410,'w',pressed
319.1870,'w',pressed
319.2178,'w',pressed
319.2236,'d',pressed
319.4406,'d',released
320.0815,Key.space,pressed
320.3055,Key.space,released
320.6916,'a',pressed
320.7587,'w',released
320.8935,'w',pressed
321.1245,'a',released
321.4245,Key.space,pressed
321.6058,Key.space,released
321.7629,'a',pressed
322.0381,'w',released
322.3128,'w',pressed
322.5007,'a',released
322.5945,'w',released
322.8384,'a',pressed
322.8436,'w',pressed
323.1377,'a',released
323.1710,'w',released
323.9954,'w',pressed
324.1306,'w',released
324.5645,'s',pressed
324.7185,'s',released
325.0335,'w',pressed
325.1634,'w',released
325.5625,'e',pressed
325.6815,'e',released
325.8693,'w',pressed
326.3722,'w',pressed
326.4029,'w',pressed
326.4349,'w',pressed
326.4818,'w',pressed
326.5133,'w',pressed
326.5451,'w',pressed
326.5768,'w',pressed
326.6076,'w',pressed
326.6384,'w',pressed
326.6694,'w',pressed
326.7015,'w',pressed
326.7333,'w',pressed
326.7648,'w',pressed
326.8108,'w',pressed
326.8406,'w',pressed
326.8712,'w',pressed
326.9012,'w',pressed
326.9329,'w',pressed
326.9633,'w',pressed
326.9952,'w',pressed
327.0420,'w',pressed
327.0730,'w',pressed
327.1035,'w',pressed
327.1362,'w',pressed
327.1671,'w',pressed
327.1981,'w',pressed
327.2301,'w',pressed
327.2620,'w',pressed
327.2939,'w',pressed
327.3259,'w',pressed
327.3727,'w',pressed
327.3854,Key.space,pressed
327.5735,Key.space,released
330.1498,'w',released
330.2765,'s',pressed
330.5405,Key.space,pressed
330.6846,'d',pressed
330.7486,Key.space,released
331.2505,'d',pressed
331.2813,'d',pressed
331.3292,'d',pressed
331.3601,'d',pressed
331.3920,'d',pressed
331.4035,'d',released
331.5109,'s',released
341.2615,'w',pressed
341.7651,'w',pressed
341.7976,'w',pressed
341.8289,'w',pressed
341.8604,'w',pressed
341.9082,'w',pressed
341.9383,'w',pressed
341.9703,'w',pressed
342.0021,'w',pressed
342.0348,'w',pressed
342.0673,'w',pressed
342.0974,'w',pressed
342.1298,'w',pressed
342.1607,'w',pressed
342.1924,'w',pressed
342.2233,'w',pressed
342.2712,'w',pressed
342.3033,'w',pressed
342.3350,'w',pressed
342.3668,'w',pressed
342.3979,'w',pressed
342.4297,'w',pressed
342.4609,'w',pressed
342.4929,'w',pressed
342.5245,'w',pressed
342.5565,'w',pressed
342.5882,'w',pressed
342.6203,'w',pressed
342.6668,'w',pressed
342.6987,'w',pressed
342.7301,'w',pressed
342.7624,'w',pressed
342.7938,'w',pressed
342.8239,'w',pressed
342.8560,'w',pressed
342.8879,'w',pressed
342.9189,'w',pressed
342.9506,'w',pressed
342.9987,'w',pressed
343.0304,'w',pressed
343.0610,'w',pressed
343.0930,'w',pressed
343.1239,'w',pressed
343.1559,'w',pressed
343.1868,'w',pressed
343.2186,'w',pressed
343.2497,'w',pressed
343.2814,'w',pressed
343.3135,'w',pressed
343.3454,'w',pressed
343.3932,'w',pressed
343.4085,Key.space,pressed
343.6094,Key.space,released
343.6485,'d',pressed
344.1395,'w',released
344.3406,'w',pressed
344.4708,'d',released
344.9777,'w',pressed
345.0097,'w',pressed
345.0415,'w',pressed
345.0723,'w',pressed
345.1039,'w',pressed
345.1360,'w',pressed
345.1823,'w',pressed
345.2131,'w',pressed
345.2442,'w',pressed
345.2757,'w',pressed
345.3075,'w',pressed
345.3386,'w',pressed
345.3705,'w',pressed
345.4024,'w',pressed
345.4342,'w',pressed
345.4484,Key.space,pressed
345.6365,Key.space,released
346.0456,'a',pressed
346.3205,'a',released
346.4524,Key.space,pressed
346.6274,Key.space,released
347.2764,'a',pressed
347.3595,'w',released
347.5355,'s',pressed
347.5975,'a',released
348.0993,'s',pressed
348.1096,'a',pressed
348.4187,'d',pressed
348.5385,'s',released
348.6665,'a',released
348.8216,'s',pressed
348.8783,'d',released
349.0335,'d',pressed
349.1075,'s',released
349.2137,'w',pressed
349.2924,'d',released
349.6876,'a',pressed
349.7807,'w',released
349.9925,'s',pressed
350.0696,'a',released
350.5676,'a',pressed
350.6406,'s',released
350.8285,'w',pressed
351.0295,'d',pressed
351.0806,'w',released
351.2185,'d',released
351.3835,'w',pressed
351.4475,'a',released
351.6456,'d',pressed
351.7575,'w',released
351.9295,'s',pressed
351.9725,'d',released
352.4864,'s',pressed
352.5005,'d',pressed
352.5155,'s',released
352.6267,'w',pressed
352.6955,'d',released
352.9934,'w',released
353.0997,'a',pressed
353.1764,'s',pressed
353.6715,'s',released
353.7965,'d',pressed
353.9694,'a',released
354.0164,'w',pressed
354.0877,'d',released
354.2276,'a',pressed
354.4225,'w',released
354.7055,'w',pressed
354.8335,'a',released
355.3362,'w',pressed
355.3670,'w',pressed
355.3991,'w',pressed
355.4466,'w',pressed
355.4775,'w',pressed
355.5083,'w',pressed
355.5393,'w',pressed
355.5585,'a',pressed
355.7279,'w',released
356.1055,'d',pressed
356.2406,'w',pressed
356.3085,'d',released
356.5504,'d',pressed
356.6154,'w',released
356.6965,'a',released
356.8565,'w',pressed
356.9435,'d',released
357.4545,'w',pressed
357.4860,'w',pressed
357.5179,'w',pressed
357.5483,'w',pressed
357.5806,'w',pressed
357.6123,'w',pressed
357.6441,'w',pressed
357.6760,'w',pressed
357.7079,'w',pressed
357.7185,'a',pressed
357.7916,'w',released
358.0495,'s',pressed
358.3296,'s',released
358.6225,'a',released
364.4765,'w',pressed
364.7875,'w',released
367.2685,'w',pressed
367.7722,'w',pressed
367.8041,'w',pressed
367.8359,'w',pressed
367.8687,'w',pressed
367.9150,'w',pressed
367.9466,'w',pressed
367.9769,'w',pressed
368.0077,'w',pressed
368.0375,Key.space,pressed
368.2495,Key.space,released
369.3965,Key.space,pressed
369.6175,Key.space,released
373.0294,Key.space,pressed
373.2187,Key.space,released
373.6915,Key.space,pressed
373.8574,Key.space,released
374.8315,'d',pressed
375.0115,Key.space,pressed
375.1404,'d',released
375.2324,Key.space,released
375.5004,'d',pressed
375.8090,'w',released
376.1945,'s',pressed
376.2205,'d',released
376.7223,'s',pressed
376.7308,'a',pressed
377.2397,'a',pressed
377.2404,'s',released
377.5070,'w',pressed
377.7255,'w',released
377.9647,'s',pressed
378.0256,'d',pressed
378.0547,'s',released
378.0635,'a',released
378.2986,'w',pressed
378.8017,'w',released
379.9935,'a',pressed
380.0738,'d',released
380.2925,'w',pressed
380.6796,'w',released
380.7106,'d',pressed
380.7945,'a',released
381.3071,'d',pressed
381.3368,'d',pressed
381.3685,'d',pressed
381.4002,'d',pressed
381.4135,'w',pressed
381.5058,'d',released
381.9806,'a',pressed
382.3375,'w',released
382.8520,'a',pressed
382.8841,'a',pressed
382.9158,'a',pressed
382.9478,'a',pressed
382.9797,'a',pressed
383.0117,'a',pressed
383.0286,'s',pressed
383.2385,'d',pressed
383.2805,'s',released
383.3125,'a',released
383.5085,'w',pressed
383.6754,'d',released
383.9125,'d',pressed
384.2475,'d',released
384.5495,'a',pressed
384.6295,'w',released
385.1437,'a',pressed
385.1757,'a',pressed
385.2070,'a',pressed
385.2165,'d',pressed
385.3284,'a',released
385.5045,'w',pressed
385.6856,'d',released
385.8245,'d',pressed
385.9625,'w',released
386.3636,'s',pressed
386.4635,'d',released
386.5657,'a',pressed
386.6566,'s',released
387.0135,'s',pressed
387.2775,'d',pressed
387.3375,'s',released
387.3455,'a',released
387.5676,'w',pressed
387.6876,'d',released
388.1973,'w',pressed
388.2280,'w',pressed
388.2595,'w',pressed
388.2900,'w',pressed
388.3215,'w',pressed
388.3535,'w',pressed
388.4000,'w',pressed
388.4319,'w',pressed
388.4628,'w',pressed
388.4946,'w',pressed
388.5260,'w',pressed
388.5580,'w',pressed
388.5900,'w',pressed
388.6218,'w',pressed
388.6538,'w',pressed
388.6857,'w',pressed
388.6985,'w',released
397.2545,'w',pressed
397.7562,'w',pressed
397.7875,'w',pressed
397.8354,'w',pressed
397.8668,'w',pressed
397.8988,'w',pressed
397.9304,'w',pressed
397.9611,'w',pressed
397.9933,'w',pressed
398.0250,'w',pressed
398.0570,'w',pressed
398.0889,'w',pressed
398.1211,'w',pressed
398.1522,'w',pressed
398.1849,'w',pressed
398.2185,Key.space,pressed
398.4185,Key.space,released
398.9637,'w',released
399.2470,'s',pressed
399.5089,'s',released
400.1275,'w',pressed
400.4237,'w',released
400.7925,'s',pressed
401.0135,'s',released
401.6685,'w',pressed
401.7925,'w',released
402.6686,'w',pressed
403.1742,'w',pressed
403.2062,'w',pressed
403.2369,'w',pressed
403.2690,'w',pressed
403.3157,'w',pressed
403.3461,'w',pressed
403.3784,'w',pressed
403.4095,'w',pressed
403.4409,'w',pressed
403.4728,'w',pressed
403.4975,Key.space,pressed
403.6914,Key.space,released
405.5794,Key.space,pressed
405.7994,Key.space,released
407.1376,'w',released
407.3225,'s',pressed
407.8356,'s',pressed
407.8675,'s',pressed
407.8996,'s',pressed
407.9305,'s',pressed
407.9622,'s',pressed
407.9934,'s',pressed
408.0253,'s',pressed
408.0561,'s',pressed
408.0881,'s',pressed
408.1190,'s',pressed
408.1668,'s',pressed
408.1989,'s',pressed
408.2266,'d',pressed
408.3105,'s',released
408.4495,'w',pressed
408.4786,'d',released
408.7575,'a',pressed
408.7859,'w',released
409.0165,'s',pressed
409.0905,'a',released
409.3305,'s',released
409.4966,'w',pressed
409.8209,'w',released
409.9498,'s',pressed
410.4640,'s',pressed
410.4953,'s',pressed
410.5264,'s',pressed
410.5583,'s',pressed
410.5902,'s',pressed
410.6222,'s',pressed
410.6541,'s',pressed
410.6858,'s',pressed
410.7179,'s',pressed
410.7498,'s',pressed
410.7808,'s',pressed
410.8277,'s',pressed
410.8584,'s',pressed
410.8904,'s',pressed
410.9224,'s',pressed
410.9543,'s',pressed
410.9860,'s',pressed
411.0171,'s',pressed
411.0490,'s',pressed
411.0799,'s',pressed
411.1046,'d',pressed
411.6153,'d',pressed
411.6467,'d',pressed
411.6774,'d',pressed
411.7084,'d',pressed
411.7402,'d',pressed
411.7415,'d',released
411.7765,'a',pressed
411.8695,'s',released
412.0966,'w',pressed
412.2037,'a',released
412.3678,'d',pressed
412.4845,'w',released
412.6614,'s',pressed
412.7264,'d',released
412.8794,'s',released
412.8879,'d',pressed
412.9987,'w',pressed
413.0727,'d',released
413.4575,'a',pressed
413.7106,'a',released
414.2985,'d',pressed
414.3704,'w',released
414.5617,'s',pressed
414.6655,'d',released
415.1297,'d',pressed
415.3667,'d',released
415.8447,'d',pressed
415.9455,'s',released
416.0415,'w',pressed
416.1405,'d',released
416.2105,'a',pressed
416.3286,'w',released
416.8339,'a',pressed
416.8645,'a',pressed
416.8946,'a',pressed
416.9125,'w',pressed
417.0385,'a',released
417.2345,'a',pressed
417.4207,'a',released
417.9255,'a',pressed
418.1095,'a',released
418.1885,'w',released
418.3635,'s',pressed
418.5668,'s',released
418.8576,'w',pressed
419.1445,'w',released
419.3105,'s',pressed
419.8160,'s',pressed
419.8469,'s',pressed
419.8779,'s',pressed
419.9237,'s',pressed
419.9556,'s',pressed
419.9857,'s',pressed
420.0155,'s',pressed
420.0463,'s',pressed
420.0656,'d',pressed
420.1265,'s',released
420.2675,'w',pressed
420.2985,'d',released
420.5085,'a',pressed
420.5715,'w',released
420.7905,'s',pressed
420.8546,'a',released
421.0996,'s',released
421.1715,'d',pressed
421.2285,'w',pressed
421.2925,'d',released
421.6725,'w',released
421.7977,'s',pressed
421.9965,'a',pressed
422.2145,'d',pressed
422.3005,'s',released
422.3845,'d',released
422.5425,'w',pressed
422.8356,'w',released
423.3335,'w',pressed
423.4861,'w',released
423.8795,'w',pressed
424.2537,'w',released
424.2715,'a',released
424.4235,'s',pressed
424.7136,'a',pressed
424.8816,'s',released
425.2455,'w',pressed
425.4225,'a',released
425.6235,'a',pressed
425.7386,'w',released
426.2456,'s',pressed
426.7495,'s',pressed
426.7814,'s',pressed
426.8134,'s',pressed
426.8441,'s',pressed
426.8636,'s',released
427.1137,'w',pressed
427.5506,'a',released
427.8298,'d',pressed
427.9106,'a',pressed
427.9966,'d',released
428.0640,'w',released
428.4185,'s',pressed
428.5686,'d',pressed
428.5876,'s',released
428.6256,'a',released
428.8065,'w',pressed
429.3200,'w',pressed
429.3307,'d',released
429.8406,'w',pressed
429.8724,'w',pressed
429.8815,'d',pressed
430.0235,'w',released
430.1835,'a',pressed
430.2294,'d',released
430.4307,'w',pressed
430.9327,'w',pressed
430.9646,'w',pressed
430.9964,'w',pressed
431.0443,'w',pressed
431.0760,'w',pressed
431.0815,'d',pressed
431.1616,'a',released
431.1805,'w',released
431.6819,'d',pressed
431.7136,'d',pressed
431.7577,'s',pressed
431.8615,'d',released
432.0285,'d',pressed
432.2468,'s',released
432.4525,'w',pressed
432.8377,'w',released
433.0177,'s',pressed
433.1275,'d',released
433.3066,'a',pressed
433.3858,'s',released
433.6026,'w',pressed
434.0207,'w',released
434.0485,'d',pressed
434.2205,'a',released
434.4967,'s',pressed
434.6020,'d',released
434.7376,'d',pressed
434.8139,'s',released
435.0156,'s',pressed
435.1256,'d',released
435.2757,'a',pressed
435.3626,'s',released
435.6265,'w',pressed
435.8775,'d',pressed
435.9206,'w',released
436.0745,'d',released
436.1345,'d',pressed
436.2097,'a',released
436.4035,'w',pressed
436.5695,'w',released
436.7567,'s',pressed
436.8226,'d',released
437.3365,'s',pressed
437.3685,'s',pressed
437.4003,'s',pressed
437.4323,'s',pressed
437.4642,'s',pressed
437.4686,'a',pressed
437.5345,'s',released
437.7305,'w',pressed
437.9875,'d',pressed
438.0657,'a',released
438.0787,'w',released
438.3865,'s',pressed
438.4515,'d',released
438.9552,'s',pressed
438.9860,'s',pressed
439.0179,'s',pressed
439.0652,'s',pressed
439.0968,'s',pressed
439.1292,'s',pressed
439.1589,'s',pressed
439.1914,'s',pressed
439.2230,'s',pressed
439.2539,'s',pressed
439.2855,'s',pressed
439.3175,'s',pressed
439.3466,'a',pressed
439.5134,'s',released
439.7237,'w',pressed
439.9755,'d',pressed
440.0806,'w',released
440.1766,'d',released
440.3601,'d',pressed
440.4035,'a',released
440.9027,'s',pressed
440.9880,'d',released
441.4925,'a',pressed
441.5735,'s',released
441.7885,'w',pressed
441.9857,'w',released
442.2506,'d',pressed
442.2755,'a',released
442.7549,'w',pressed
442.8326,'d',released
442.9787,'d',pressed
443.0165,'w',released
443.1796,'s',pressed
443.2326,'d',released
443.3687,'a',pressed
443.4426,'s',released
443.7187,'w',pressed
443.9405,'d',pressed
443.9995,'w',released
444.0415,'a',released
444.2037,'s',pressed
444.2905,'d',released
444.5725,'d',pressed
444.7648,'d',released
444.9864,'d',pressed
445.4705,'d',released
445.5479,'a',pressed
445.6515,'s',released
445.9165,'w',pressed
446.1195,'w',released
446.3546,'s',pressed
446.4830,'d',pressed
446.5388,'a',released
446.5453,'s',released
446.7165,'w',pressed
446.8315,'d',released
447.3439,'w',pressed
447.3760,'w',pressed
447.4079,'w',pressed
447.4400,'w',pressed
447.4712,'w',pressed
447.5021,'w',pressed
447.5344,'w',pressed
447.5661,'w',pressed
447.5970,'w',pressed
447.6289,'w',pressed
447.6772,'w',pressed
447.7094,'w',pressed
447.7405,'w',pressed
447.7715,'w',pressed
447.8030,'w',pressed
447.8340,'w',pressed
447.8663,'w',pressed
447.8977,'w',pressed
447.9297,'w',pressed
447.9616,'w',pressed
447.9924,'w',pressed
448.0243,'w',pressed
448.0712,'w',pressed
448.1013,'w',pressed
448.1321,'w',pressed
448.1630,'w',pressed
448.1939,'w',pressed
448.2226,'a',pressed
448.2576,'w',released
448.5376,'d',pressed
448.6006,'a',released
448.9338,'w',pressed
449.0119,'d',released
449.1276,'a',pressed
449.1755,'w',released
449.3936,'s',pressed
449.6206,'a',released
449.6315,'d',pressed
449.6946,'s',released
449.9125,'w',pressed
449.9908,'d',released
450.2056,'a',pressed
450.2227,'w',released
450.4966,'s',pressed
450.9996,'s',pressed
451.0307,'s',pressed
451.0775,'s',pressed
451.1095,'s',pressed
451.1195,'d',pressed
451.1596,'s',released
451.2096,'a',released
451.3786,'w',pressed
451.5048,'d',released
452.0088,'w',pressed
452.0396,'w',pressed
452.0705,'w',pressed
452.1172,'w',pressed
452.1493,'w',pressed
452.1696,'a',pressed
452.2605,'w',released
452.4876,'w',pressed
452.8315,'d',pressed
452.8385,'w',released
452.9605,'a',released
453.4519,'s',pressed
453.5387,'d',released
453.8115,'a',pressed
454.1856,'s',released
454.4235,'w',pressed
454.7295,'d',pressed
454.8165,'w',released
454.9195,'a',released
455.1647,'s',pressed
455.2725,'d',released
455.7724,'s',pressed
455.8182,'s',pressed
455.8504,'s',pressed
455.8812,'s',pressed
455.9130,'s',pressed
455.9450,'s',pressed
455.9769,'s',pressed
456.0088,'s',pressed
456.0406,'s',pressed
456.0718,'s',pressed
456.1028,'s',pressed
456.1497,'s',pressed
456.1506,'a',pressed
456.2716,'s',released
456.4716,'w',pressed
456.7076,'w',released
456.8276,'d',pressed
457.0347,'s',pressed
457.0647,'d',released
457.1827,'a',released
457.2175,'d',pressed
457.2676,'s',released
457.4187,'w',pressed
457.5456,'d',released
458.0483,'w',pressed
458.0789,'w',pressed
458.1259,'w',pressed
458.1567,'w',pressed
458.1706,'a',pressed
458.2305,'w',released
458.3105,'d',pressed
458.3817,'a',released
458.8814,'d',pressed
458.9280,'d',pressed
458.9602,'d',pressed
458.9903,'d',pressed
459.0219,'d',pressed
459.0521,'d',pressed
459.0829,'d',pressed
459.1149,'d',pressed
459.1459,'d',pressed
459.1920,'d',pressed
459.2228,'d',pressed
459.2457,'s',pressed
459.3447,'d',released
459.4275,'a',pressed
459.6486,'s',released
459.8325,'w',pressed
460.2645,'w',released
460.3747,'d',pressed
460.5088,'a',released
461.0217,'d',pressed
461.0245,'a',pressed
461.1136,'d',released
461.2675,'s',pressed
461.3629,'a',released
461.6197,'a',pressed
461.7025,'s',released
461.9756,'w',pressed
462.2040,'w',released
462.2779,'d',pressed
462.3798,'a',released
462.8809,'d',pressed
462.9128,'d',pressed
462.9575,'d',released
463.0486,'w',pressed
463.5602,'w',pressed
463.5907,'w',pressed
463.5934,'w',released
463.7396,'s',pressed
463.9105,'a',pressed
463.9975,'s',released
464.4075,'s',pressed
464.5638,'d',pressed
464.5848,'a',released
464.6036,'s',released
464.7745,'w',pressed
464.8509,'d',released
465.3560,'w',pressed
465.3867,'w',pressed
465.4187,'w',pressed
465.4495,'w',pressed
465.4967,'w',pressed
465.5267,'w',pressed
465.5587,'w',pressed
465.5605,'w',released
465.7076,'s',pressed
465.8695,'a',pressed
466.0732,'d',pressed
466.1255,'a',released
466.1445,'s',released
466.4258,'w',pressed
466.5485,'d',released
466.6627,'w',released
466.6810,'a',pressed
466.7368,'d',pressed
466.7779,'a',released
466.9336,'s',pressed
467.0066,'d',released
467.5144,'s',pressed
467.5452,'s',pressed
467.5771,'s',pressed
467.6093,'s',pressed
467.6265,'a',pressed
467.7048,'s',released
467.9366,'w',pressed
468.1116,'w',released
468.5387,'d',pressed
468.5756,'a',released
468.8895,'a',pressed
468.9515,'d',released
469.0897,'s',pressed
469.1566,'a',released
469.2915,'d',pressed
469.4895,'d',released
469.7005,'a',pressed
470.2047,'a',pressed
470.2353,'a',pressed
470.2666,'a',pressed
470.3142,'a',pressed
470.3461,'a',pressed
470.3779,'a',pressed
470.4089,'a',pressed
470.4176,'a',released
470.7615,'d',pressed
470.9006,'d',released
471.3095,'a',pressed
471.4367,'s',released
471.7966,'d',pressed
471.8405,'a',released
472.1128,'w',pressed
472.1986,'d',released
472.3595,'a',pressed
472.3916,'w',released
472.5576,'d',pressed
472.6445,'a',released
472.7515,'a',pressed
472.7576,'d',released
472.9356,'d',pressed
472.9615,'a',released
473.2926,'a',pressed
473.2955,'d',released
473.5085,'s',pressed
473.5326,'a',released
473.7245,'d',pressed
473.8036,'s',released
473.9247,'w',pressed
473.9906,'d',released
474.5027,'w',pressed
474.5334,'w',pressed
474.5654,'w',pressed
474.5965,'w',pressed
474.6273,'w',pressed
474.6594,'w',pressed
474.6899,'w',pressed
474.7349,'w',pressed
474.7668,'w',pressed
474.7987,'w',pressed
474.8036,'w',released
475.0196,'a',pressed
475.0366,'w',pressed
475.0925,'w',released
475.2515,'a',released
475.2756,'s',pressed
475.6377,'d',pressed
475.7179,'s',released
475.9317,'w',pressed
476.0808,'d',released
476.5922,'w',pressed
476.6239,'w',pressed
476.6551,'w',pressed
476.6871,'w',pressed
476.7179,'w',pressed
476.7499,'w',pressed
476.7798,'w',pressed
476.8118,'w',pressed
476.8577,'w',pressed
476.8896,'w',pressed
476.9202,'w',pressed
476.9521,'w',pressed
476.9829,'w',pressed
477.0145,'w',pressed
477.0454,'w',pressed
477.0774,'w',pressed
477.1092,'w',pressed
477.1562,'w',pressed
477.1881,'w',pressed
477.2192,'w',pressed
477.2511,'w',pressed
477.2821,'w',pressed
477.3140,'w',pressed
477.3385,Key.space,pressed
477.4106,'d',pressed
477.4807,'w',released
477.6915,Key.space,released
478.0267,'a',pressed
478.1278,'d',released
478.2287,'w',pressed
478.4245,'a',released
478.6767,'a',pressed
478.9475,Key.space,pressed
479.0326,'a',released
479.1495,Key.space,released
480.7187,'a',pressed
480.7840,'w',released
480.8616,'a',released
480.9435,'s',pressed
481.2046,'s',released
481.3708,'w',pressed
481.7467,'w',released
491.8165,'w',pressed
492.3282,'w',pressed
492.3602,'w',pressed
492.3920,'w',pressed
492.4244,'w',pressed
492.4562,'w',pressed
492.4869,'w',pressed
492.5176,'w',pressed
492.5486,'w',pressed
492.5944,'w',pressed
492.6264,'w',pressed
492.6572,'w',pressed
492.6705,Key.space,pressed
492.8846,Key.space,released
494.2936,Key.space,pressed
494.5155,Key.space,released
496.8895,Key.space,pressed
497.1156,Key.space,released
497.5445,Key.space,pressed
497.7165,Key.space,released
498.1579,Key.space,pressed
498.3515,Key.space,released
498.9745,Key.space,pressed
499.1525,Key.space,released
499.5627,Key.space,pressed
499.7645,Key.space,released
499.9184,Key.space,pressed
500.0705,Key.space,released
500.5578,Key.space,pressed
500.7469,Key.space,released
501.0990,Key.space,pressed
501.2748,Key.space,released
501.7595,Key.space,pressed
501.9397,Key.space,released
502.2619,'a',pressed
502.7731,'a',pressed
502.7848,Key.space,pressed
502.8977,'a',released
502.9737,Key.space,released
504.3195,Key.space,pressed
504.5205,Key.space,released
505.1955,Key.space,pressed
505.3975,Key.space,released
506.0729,'a',pressed
506.5790,'a',pressed
506.6108,'a',pressed
506.6425,'a',pressed
506.6743,'a',pressed
506.7063,'a',pressed
506.7077,'w',released
506.7437,'a',released
506.9165,'w',pressed
507.2505,'d',pressed
507.3865,Key.space,pressed
507.5465,Key.space,released
507.9506,'d',released
508.1495,'w',released
508.5115,'w',pressed
509.0123,'w',pressed
509.0593,'w',pressed
509.0908,'w',pressed
509.1224,'w',pressed
509.1542,'w',pressed
509.1861,'w',pressed
509.2180,'w',pressed
509.2492,'w',pressed
509.2809,'w',pressed
509.3118,'w',pressed
509.3426,'w',pressed
509.3855,'a',pressed
509.8606,'a',released
510.1425,'w',released
510.3646,'w',pressed
510.8760,'w',pressed
510.9072,'w',pressed
510.9392,'w',pressed
510.9698,'w',pressed
510.9757,'a',pressed
511.1507,'a',released
511.5748,'a',pressed
511.7727,'a',released
511.8016,'w',released
512.2526,'w',pressed
512.6967,'w',released
513.0327,'s',pressed
513.2566,'s',released
515.4417,'w',pressed
515.5670,'d',pressed
515.8116,'w',released
515.8139,'d',released
516.3746,'w',pressed
516.4728,'a',pressed
516.5069,'w',released
516.7367,'s',pressed
516.8338,'a',released
517.0546,'a',pressed
517.2505,'s',released
517.6005,'w',pressed
517.7616,'a',released
517.9455,'a',pressed
518.4497,'a',pressed
518.4815,'a',pressed
518.5115,'a',pressed
518.5595,'a',pressed
518.5902,'a',pressed
518.6222,'a',pressed
518.6541,'a',pressed
518.6847,'a',pressed
518.7171,'a',pressed
518.7483,'a',pressed
518.7804,'a',pressed
518.8124,'a',pressed
518.8443,'a',pressed
518.8752,'a',pressed
518.9220,'a',pressed
518.9519,'a',pressed
518.9839,'a',pressed
519.0149,'a',pressed
519.0467,'a',pressed
519.0526,'d',pressed
519.0941,'a',released
519.6072,'d',pressed
519.6373,'d',pressed
519.6681,'d',pressed
519.7001,'d',pressed
519.7052,'d',released
520.8126,'d',pressed
521.1736,'d',released
521.4379,'a',pressed
521.4756,'w',released
521.6188,'s',pressed
521.6389,'a',released
522.1502,'s',pressed
522.1813,'s',pressed
522.2112,'s',pressed
522.2431,'s',pressed
522.2743,'s',pressed
522.3060,'s',pressed
522.3368,'s',pressed
522.3834,'s',pressed
522.4132,'s',pressed
522.4278,'d',pressed
522.5136,'s',released
522.6149,'w',pressed
522.6936,'d',released
522.9898,'a',pressed
523.0136,'w',released
523.2265,'s',pressed
523.3785,'a',released
523.3925,'d',pressed
523.4355,'s',released
523.5395,'w',pressed
523.6035,'d',released
524.1064,'w',pressed
524.1373,'w',pressed
524.1851,'w',pressed
524.2152,'w',pressed
524.2467,'w',pressed
524.2778,'w',pressed
524.3091,'w',pressed
524.3403,'w',pressed
524.3722,'w',pressed
524.4031,'w',pressed
524.4341,'w',pressed
524.4426,'w',released
524.5605,'s',pressed
525.0639,'s',pressed
525.0956,'s',pressed
525.1275,'s',pressed
525.1595,'s',pressed
525.2066,'s',pressed
525.2385,'s',pressed
525.2685,'s',pressed
525.3004,'s',pressed
525.3313,'s',pressed
525.3632,'s',pressed
525.3705,'a',pressed
525.6540,'a',released
526.1095,'d',pressed
526.1866,'s',released
526.2966,'w',pressed
526.3806,'d',released
526.8911,'w',pressed
526.9035,Key.space,pressed
527.0986,Key.space,released
527.4795,'d',pressed
527.8096,'d',released
527.9406,'w',released
528.0707,'s',pressed
528.3048,'a',pressed
528.4425,Key.space,pressed
528.6315,Key.space,released
528.6849,'a',released
530.2666,Key.space,pressed
530.4658,'d',pressed
530.4835,Key.space,released
530.7226,Key.space,pressed
530.8746,Key.space,released
531.3317,'s',released
531.5145,'a',pressed
531.5916,'d',released
532.0983,'a',pressed
532.1292,'a',pressed
532.1505,'s',pressed
532.2928,'s',released
532.5487,'s',pressed
533.0508,'s',pressed
533.0828,'s',pressed
533.1145,'s',pressed
533.1623,'s',pressed
533.1932,'s',pressed
533.2241,'s',pressed
533.2295,'s',released
533.4875,'w',pressed
533.7486,'a',released
534.0874,'a',pressed
534.5943,'a',pressed
534.6261,'a',pressed
534.6573,'a',pressed
534.6883,'a',pressed
534.7201,'a',pressed
534.7522,'a',pressed
534.7977,'a',pressed
534.8296,'a',pressed
534.8612,'a',pressed
534.8924,'a',pressed
534.9240,'a',pressed
534.9560,'a',pressed
534.9869,'a',pressed
535.0193,'a',pressed
535.0506,'a',pressed
535.0823,'a',pressed
535.0899,'w',released
535.2355,'s',pressed
535.2668,'a',released
535.7129,'a',pressed
535.8155,'s',released
536.0668,'a',released
544.1757,'w',pressed
544.6775,'w',pressed
544.7233,'w',pressed
544.7542,'w',pressed
544.7861,'w',pressed
544.8173,'w',pressed
544.8436,Key.space,pressed
545.0406,Key.space,released
545.8265,Key.space,pressed
546.0129,Key.space,released
546.5408,'w',released
546.9108,'s',pressed
547.1395,'s',released
547.3267,'w',pressed
547.6746,'w',released
548.7580,'s',pressed
548.8545,'s',released
549.5008,'w',pressed
550.0032,'w',pressed
550.0363,'w',pressed
550.0679,'w',pressed
550.1131,'w',pressed
550.1450,'w',pressed
550.1743,'w',pressed
550.2021,'a',pressed
550.3149,'w',released
550.8156,'a',pressed
550.8476,'a',pressed
550.8943,'a',pressed
550.9253,'a',pressed
550.9406,'a',released
551.0455,'w',pressed
551.5296,'d',pressed
551.6535,'w',released
552.1529,'d',released
552.2546,'a',pressed
552.3556,'s',pressed
552.4227,'a',released
552.7608,'a',pressed
552.8898,'s',released
553.1045,'w',pressed
553.6115,'w',pressed
553.6431,'w',pressed
553.6751,'w',pressed
553.7061,'w',pressed
553.7373,'w',pressed
553.7697,'w',pressed
553.8171,'w',pressed
553.8490,'w',pressed
553.8802,'w',pressed
553.9104,'w',pressed
553.9405,'w',pressed
553.9723,'w',pressed
554.0046,'w',pressed
554.0362,'w',pressed
554.0681,'w',pressed
554.1144,'w',pressed
554.1459,'w',pressed
554.1777,'w',pressed
554.2097,'w',pressed
554.2417,'w',pressed
554.2725,'w',pressed
554.3049,'w',pressed
554.3364,'w',pressed
554.3673,'w',pressed
554.3992,'w',pressed
554.4291,'w',pressed
554.4760,'w',pressed
554.5070,'w',pressed
554.5381,'w',pressed
554.5691,'w',pressed
554.6000,'w',pressed
554.6298,'w',pressed
554.6620,'w',pressed
554.7084,'w',pressed
554.7402,'w',pressed
554.7440,'w',released
554.7602,'a',released
554.8635,'s',pressed
555.3673,'s',pressed
555.3991,'s',pressed
555.4312,'s',pressed
555.4774,'s',pressed
555.5074,'s',pressed
555.5384,'s',pressed
555.5690,'s',pressed
555.6008,'s',pressed
555.6318,'s',pressed
555.6635,'s',pressed
555.6944,'s',pressed
555.7420,'s',pressed
555.7727,'s',pressed
555.7935,Key.space,pressed
555.9906,Key.space,released
556.0327,'d',pressed
556.3017,'d',released
556.4076,'a',pressed
556.5117,'s',released
556.7318,'s',pressed
557.2212,'a',released
557.3797,'a',pressed
557.6527,'s',released
557.7918,'w',pressed
558.3023,'w',pressed
558.3338,'w',pressed
558.3655,'w',pressed
558.3980,'w',pressed
558.4296,'w',pressed
558.4604,'w',pressed
558.4917,'w',pressed
558.5241,'w',pressed
558.5563,'w',pressed
558.6032,'w',pressed
558.6349,'w',pressed
558.6497,'d',pressed
558.9045,'d',released
559.2685,'d',pressed
559.4525,'d',released
559.5935,'d',pressed
559.6575,'a',released
559.6816,'w',released
559.8286,'s',pressed
559.9146,'d',released
560.0316,'d',pressed
560.2347,'d',released
560.7586,'d',pressed
560.8926,'s',released
561.2385,'s',pressed
561.3465,'d',released
561.3637,'a',pressed
561.4895,'s',released
561.7166,'s',pressed
561.8289,'s',released
561.9776,'w',pressed
562.1179,'a',released
562.6238,'w',pressed
562.6556,'w',pressed
562.6876,'w',pressed
562.7196,'w',pressed
562.7514,'w',pressed
562.7824,'w',pressed
562.8216,'d',pressed
562.9596,'w',released
563.4175,'s',pressed
563.5706,'d',released
563.6357,'a',pressed
563.7066,'s',released
563.8925,'w',pressed
564.0755,'a',released
564.5761,'w',pressed
564.6236,'w',pressed
564.6555,'w',pressed
564.6873,'w',pressed
564.7193,'w',pressed
564.7510,'w',pressed
564.7819,'w',pressed
564.8136,'w',pressed
564.8456,'w',pressed
564.8768,'w',pressed
564.9086,'w',pressed
564.9395,'w',pressed
564.9713,'w',pressed
565.0172,'w',pressed
565.0484,'w',pressed
565.0800,'w',pressed
565.1101,'w',pressed
565.1367,'d',pressed
565.2147,'w',released
565.4466,'s',pressed
565.5265,'d',released
565.6797,'d',pressed
565.7636,'s',released
565.7655,'a',pressed
565.8926,'d',released
565.9856,'w',pressed
566.0986,'a',released
566.6102,'w',pressed
566.6406,'w',pressed
566.6715,'w',pressed
566.7034,'w',pressed
566.7353,'w',pressed
566.7663,'w',pressed
566.7983,'w',pressed
566.8302,'w',pressed
566.8623,'w',pressed
566.9102,'w',pressed
566.9420,'w',pressed
566.9726,'w',pressed
567.0044,'w',pressed
567.0087,'d',pressed
567.1426,'w',released
567.3316,'s',pressed
567.5877,'s',released
567.6265,Key.space,pressed
567.7755,Key.space,released
568.0726,'a',pressed
568.2705,'a',released
568.6298,'a',pressed
568.6796,'d',released
569.1930,'a',pressed
569.2252,'a',pressed
569.2566,'a',pressed
569.2884,'a',pressed
569.3203,'a',pressed
569.3522,'a',pressed
569.3840,'a',pressed
569.4150,'a',pressed
569.4459,'a',pressed
569.4771,'a',pressed
569.5251,'a',pressed
569.5568,'a',pressed
569.5882,'a',pressed
569.5906,'d',pressed
569.6707,'a',released
570.1285,Key.space,pressed
570.3155,Key.space,released
570.6867,'a',pressed
570.7616,'d',released
571.2662,'a',pressed
571.2971,'a',pressed
571.3280,'a',pressed
571.3754,'a',pressed
571.4052,'a',pressed
571.4358,'a',pressed
571.4677,'a',pressed
571.4996,'a',pressed
571.5314,'a',pressed
571.5630,'a',pressed
571.5943,'a',pressed
571.5957,'s',pressed
571.6706,'a',released
572.1779,'s',pressed
572.2087,'s',pressed
572.2393,'s',pressed
572.2710,'s',pressed
572.3029,'s',pressed
572.3499,'s',pressed
572.3812,'s',pressed
572.4117,'s',pressed
572.4422,'s',pressed
572.4742,'s',pressed
572.4956,'d',pressed
572.5756,'s',released
572.7896,Key.space,pressed
572.8176,'w',pressed
572.9775,Key.space,released
573.1497,Key.space,pressed
573.3556,'d',released
573.3566,Key.space,released
573.3915,'w',released
573.4067,'a',pressed
573.9180,'a',pressed
573.9494,'a',pressed
573.9813,'a',pressed
574.0132,'a',pressed
574.0441,'a',pressed
574.0764,'a',pressed
574.1080,'a',pressed
574.1391,'a',pressed
574.1708,'a',pressed
574.2187,'a',pressed
574.2500,'a',pressed
574.2816,'a',pressed
574.3133,'a',pressed
574.3455,'a',pressed
574.3761,'a',pressed
574.4081,'a',pressed
574.4380,'a',pressed
574.4702,'a',pressed
574.4758,'s',pressed
574.5889,'a',released
575.1019,'s',pressed
575.1335,'s',pressed
575.1640,'s',pressed
575.1960,'s',pressed
575.2268,'s',pressed
575.2587,'s',pressed
575.2667,'d',pressed
575.3686,'s',released
575.4496,Key.space,pressed
575.6727,Key.space,released
575.8287,'a',pressed
575.8856,'d',released
576.3786,Key.space,pressed
576.5245,Key.space,released
576.6406,'a',released
576.7296,'d',pressed
576.9206,'d',released
596.3156,'w',pressed
596.8182,'w',pressed
596.8490,'w',pressed
596.8959,'w',pressed
596.9269,'w',pressed
596.9579,'w',pressed
596.9886,'w',pressed
597.0204,'w',pressed
597.0526,'w',pressed
597.0838,'w',pressed
597.1158,'w',pressed
597.1483,'w',pressed
597.1797,'w',pressed
597.2118,'w',pressed
597.2594,'w',pressed
597.2912,'w',pressed
597.3233,'w',pressed
597.3456,Key.space,pressed
597.5156,Key.space,released
598.9936,Key.space,pressed
599.1547,Key.space,released
601.0765,Key.space,pressed
601.2465,Key.space,released
601.7195,Key.space,pressed
601.8495,Key.space,released
602.1655,'w',released
602.4765,'s',pressed
602.6071,'s',released
602.7238,'w',pressed
603.1325,Key.space,pressed
603.2925,Key.space,released
604.0647,Key.space,pressed
604.2359,Key.space,released
604.8085,Key.space,pressed
605.0006,Key.space,released
605.3237,Key.space,pressed
605.4996,Key.space,released
605.8226,Key.space,pressed
605.9510,Key.space,released
606.0738,Key.space,pressed
606.2007,Key.space,released
606.5656,Key.space,pressed
606.7306,Key.space,released
607.2049,Key.space,pressed
607.3806,Key.space,released
607.6716,Key.space,pressed
607.7887,Key.space,released
608.4226,Key.space,pressed
608.5638,Key.space,released
608.8226,Key.space,pressed
608.9566,Key.space,released
609.2085,Key.space,pressed
609.3475,Key.space,released
610.4376,'d',pressed
610.9380,'d',pressed
610.9857,'d',pressed
611.0176,'d',pressed
611.0495,'d',pressed
611.0812,'d',pressed
611.1121,'d',pressed
611.1442,'d',pressed
611.1751,'d',pressed
611.1907,'d',released
611.7067,Key.space,pressed
611.8695,Key.space,released
612.5806,Key.space,pressed
612.7457,Key.space,released
613.3366,Key.space,pressed
613.4846,Key.space,released
613.7927,'a',pressed
614.2958,'a',pressed
614.3275,'a',pressed
614.3723,'a',pressed
614.3745,'a',released
614.8216,Key.space,pressed
615.0417,Key.space,released
615.5846,Key.space,pressed
615.7816,Key.space,released
616.3628,'a',pressed
616.8682,'a',pressed
616.9001,'a',pressed
616.9319,'a',pressed
616.9639,'a',pressed
616.9946,'a',pressed
617.0415,'a',pressed
617.0723,'a',pressed
617.1007,'a',released
617.3528,'a',pressed
617.5646,'a',released
618.1287,'d',pressed
618.2119,'w',released
618.4896,'w',pressed
618.5606,'d',released
618.7367,'a',pressed
619.0917,'a',released
619.1576,'w',released
619.3346,'s',pressed
619.7207,'d',pressed
619.7966,'s',released
620.0696,'d',released
620.0966,'a',pressed
620.1145,'s',pressed
620.1907,'a',released
620.4446,'a',pressed
620.5088,'s',released
620.7559,'s',pressed
620.9146,'a',released
620.9536,'d',pressed
621.0016,'s',released
621.1226,'w',pressed
621.1866,'d',released
621.6946,'w',pressed
621.7258,'w',pressed
621.7579,'w',pressed
621.7897,'w',pressed
621.8212,'w',pressed
621.8530,'w',pressed
621.8853,'w',pressed
621.9315,'w',pressed
621.9639,'w',pressed
621.9941,'w',pressed
622.0262,'w',pressed
622.0576,'w',pressed
622.0884,'w',pressed
622.1183,'w',pressed
622.1502,'w',pressed
622.1813,'w',pressed
622.1956,'w',released
622.3488,'s',pressed
622.4556,'a',pressed
622.5106,'s',released
622.9008,'s',pressed
623.0216,'d',pressed
623.0346,'a',released
623.0576,'s',released
623.4017,'w',pressed
623.4816,'d',released
623.5676,'w',released
623.7798,'s',pressed
624.2942,'s',pressed
624.2986,'a',pressed
624.3786,'s',released
624.8931,'a',pressed
624.9248,'a',pressed
624.9566,'a',pressed
624.9586,'d',pressed
624.9786,'a',released
625.3787,'w',pressed
625.3886,'d',released
625.5447,'w',released
625.6948,'a',pressed
625.9177,'s',pressed
626.0287,'a',released
626.2765,'a',pressed
626.4431,'s',released
626.7146,'a',released
627.3696,'a',pressed
627.8703,'a',pressed
627.9024,'a',pressed
627.9494,'a',pressed
627.9526,'d',pressed
627.9956,'a',released
628.2836,'a',pressed
628.3255,'d',released
628.5286,'d',pressed
628.5736,'a',released
628.6887,'a',pressed
628.7426,'d',released
628.8266,'d',pressed
628.8637,'a',released
629.2198,'a',pressed
629.2910,'d',released
629.4235,'d',pressed
629.4657,'a',released
629.7576,'a',pressed
629.8276,'d',released
630.1658,'d',pressed
630.2329,'a',released
630.5287,'a',pressed
630.5716,'d',released
630.8156,'d',pressed
630.9617,'d',released
631.1476,'d',pressed
631.2336,'a',released
631.7408,'d',pressed
631.7730,'d',pressed
631.8046,'d',pressed
631.8107,'d',released
632.6816,'a',pressed
632.8756,'w',pressed
633.3812,'w',pressed
633.3959,'d',pressed
633.4298,'w',released
633.4746,'a',released
633.8487,'a',pressed
633.8826,'s',pressed
633.8906,'d',released
634.1206,'d',pressed
634.1755,'s',released
634.2837,'d',released
634.6766,'d',pressed
634.7348,'a',released
634.8606,'d',released
634.9227,'a',pressed
635.1486,'d',pressed
635.1706,'a',released
635.6005,'d',released
635.7996,'a',pressed
635.9555,'a',released
635.9698,'d',pressed
636.0736,'d',released
636.6276,'a',pressed
636.9196,'w',pressed
637.1506,'w',released
637.2326,'a',released
638.7126,'d',pressed
639.1976,'d',released
640.2518,'d',pressed
640.4538,'d',released
640.6523,'s',pressed
640.8367,'s',released
641.2306,'d',pressed
641.4311,'d',released
641.5917,'d',pressed
641.7746,'d',released
642.8779,'d',pressed
643.1536,'d',released
644.2266,'a',pressed
644.5587,'w',pressed
644.8368,'w',released
645.0836,'a',released
645.2417,'d',pressed
645.6496,'d',released
646.0059,'d',pressed
646.4876,'d',released
646.7906,'a',pressed
646.9716,'a',released
647.1027,'d',pressed
647.2316,'d',released
647.8728,'d',pressed
648.0076,'d',released
648.5408,'d',pressed
648.6749,'d',released
649.0646,'d',pressed
649.3958,'d',released
650.5231,'a',pressed
651.0334,'a',pressed
651.0643,'a',pressed
651.0656,'d',pressed
651.0958,'a',released
651.5368,'a',pressed
651.7447,'a',released
652.5698,'w',pressed
652.6515,'d',released
653.1627,'w',pressed
653.1939,'w',pressed
653.2257,'w',pressed
653.2565,'w',pressed
653.2875,'w',pressed
653.3194,'w',pressed
653.3503,'w',pressed
653.3962,'w',pressed
653.4271,'w',pressed
653.4589,'w',pressed
653.4908,'w',pressed
653.5227,'w',pressed
653.5548,'w',pressed
653.5846,'w',pressed
653.6164,'w',pressed
653.6475,'w',pressed
653.6794,'w',pressed
653.7263,'w',pressed
653.7582,'w',pressed
653.7901,'w',pressed
653.7936,Key.space,pressed
654.0246,Key.space,released
654.4367,'a',pressed
654.7016,'a',released
654.9766,Key.space,pressed
655.1875,Key.space,released
655.5946,'w',released
655.7716,'s',pressed
655.8867,'s',released
655.9858,'w',pressed
656.2508,Key.space,pressed
656.4636,Key.space,released
657.1019,'a',pressed
657.3026,Key.space,pressed
657.4136,'w',released
657.4556,Key.space,released
657.5950,'s',pressed
657.6839,'a',released
658.1872,'s',pressed
658.2174,'s',pressed
658.2481,'s',pressed
658.2951,'s',pressed
658.3270,'s',pressed
658.3589,'s',pressed
658.3910,'s',pressed
658.4229,'s',pressed
658.4549,'s',pressed
658.4851,'s',pressed
658.5164,'s',pressed
658.5487,'s',pressed
658.5794,'s',pressed
658.6113,'s',pressed
658.6582,'s',pressed
658.6901,'s',pressed
658.7210,'s',pressed
658.7529,'s',pressed
658.7798,'a',pressed
658.9338,'s',released
659.1677,'w',pressed
659.4146,'w',released
659.4243,'d',pressed
659.5426,Key.space,pressed
659.6617,'d',released
659.6666,'s',pressed
659.7127,Key.space,released
660.1199,'a',released
660.6314,'s',pressed
660.6496,'a',pressed
661.1407,'s',released
661.3077,'d',pressed
661.4036,'a',released
661.6766,'w',pressed
661.7816,'d',released
661.8546,'a',pressed
661.9057,'w',released
662.0076,'d',pressed
662.0916,'a',released
662.2316,'w',pressed
662.3626,'d',released
662.5836,'a',pressed
662.6376,'w',released
662.8421,'s',pressed
662.9637,'a',released
663.2454,'a',pressed
663.4086,'s',released
663.9158,'a',pressed
663.9475,'a',pressed
663.9567,'w',pressed
664.4672,'w',pressed
664.4996,'w',pressed
664.5310,'w',pressed
664.5644,'w',pressed
664.5958,'w',pressed
664.6275,'w',pressed
664.6591,'w',pressed
664.6911,'w',pressed
664.7225,'w',pressed
664.7680,'w',pressed
664.7991,'w',pressed
664.8299,'w',pressed
664.8612,'w',pressed
664.8933,'w',pressed
664.9251,'w',pressed
664.9569,'w',pressed
664.9896,'w',pressed
665.0202,'w',pressed
665.0524,'w',pressed
665.0842,'w',pressed
665.1323,'w',pressed
665.1627,'w',pressed
665.1939,'w',pressed
665.2262,'w',pressed
665.2573,'w',pressed
665.2881,'w',pressed
665.3196,'w',pressed
665.3513,'w',pressed
665.3832,'w',pressed
665.4138,'w',pressed
665.4607,'w',pressed
665.4926,'w',pressed
665.5245,'w',pressed
665.5301,'w',released
665.8316,'s',pressed
665.9086,'a',released
666.4216,'s',pressed
666.4523,'s',pressed
666.4831,'s',pressed
666.5152,'s',pressed
666.5462,'s',pressed
666.5617,'d',pressed
666.6759,'s',released
667.0516,'a',pressed
667.1077,'d',released
667.3406,'s',pressed
667.4737,'s',released
667.6676,'s',pressed
667.7887,'a',released
668.3026,'s',pressed
668.3346,'s',pressed
668.3666,'s',pressed
668.3985,'s',pressed
668.4304,'s',pressed
668.4624,'s',pressed
668.4929,'s',pressed
668.5249,'s',pressed
668.5550,'s',pressed
668.5864,'s',pressed
668.6185,'s',pressed
668.6662,'s',pressed
668.6972,'s',pressed
668.7282,'s',pressed
668.7591,'s',pressed
668.7900,'s',pressed
668.8218,'s',pressed
668.8538,'s',pressed
668.8858,'s',pressed
668.9172,'s',pressed
668.9631,'s',pressed
668.9726,'d',pressed
669.0856,'s',released
669.1666,Key.space,pressed
669.3846,Key.space,released
669.5756,'s',pressed
669.6826,'a',pressed
669.6957,'d',released
669.7946,'s',released
670.2026,'a',released
673.8301,Key.cmd,pressed
674.1170,Key.tab,pressed
674.2703,Key.tab,released
674.2739,Key.cmd,released
