0.2240,0467,0283,left,released,JOSSOL
0.9931,0467,0286,None,None,JOSSOL
0.9993,0468,0290,None,None,JOSSOL
1.0064,0469,0295,None,None,JOSSOL
1.0141,0472,0299,None,None,JOSSOL
1.0204,0473,0302,None,None,JOSSOL
1.0285,0475,0304,None,None,JOSSOL
1.0349,0479,0305,None,None,JOSSOL
1.0426,0484,0306,None,None,JOSSOL
1.0496,0493,0306,None,None,JOSSOL
1.0574,0502,0305,None,None,JOSSOL
1.0649,0510,0302,None,None,JOSSOL
1.0709,0516,0300,None,None,JOSSOL
1.0779,0519,0298,None,None,JOSSOL
1.0851,0521,0296,None,None,JOSSOL
1.0921,0521,0295,None,None,JOSSOL
1.0994,0522,0295,None,None,JOSSOL
1.1066,0523,0294,None,None,JOSSOL
1.1139,0523,0293,None,None,JOSSOL
1.1211,0523,0293,None,None,JOSSOL
1.1285,0522,0293,None,None,JOSSOL
1.1354,0520,0292,None,None,JOSSOL
1.1426,0516,0291,None,None,JOSSOL
1.1497,0511,0291,None,None,JOSSOL
1.1571,0505,0291,None,None,JOSSOL
1.1642,0500,0292,None,None,JOSSOL
1.1714,0496,0293,None,None,JOSSOL
1.1785,0493,0294,None,None,JOSSOL
1.1856,0491,0296,None,None,JOSSOL
1.1927,0490,0296,None,None,JOSSOL
1.2001,0488,0297,None,None,JOSSOL
1.2072,0488,0297,None,None,JOSSOL
1.2144,0488,0297,None,None,JOSSOL
1.2287,0487,0298,None,None,JOSSOL
1.2433,0486,0299,None,None,JOSSOL
1.2579,0486,0299,None,None,JOSSOL
1.2647,0486,0299,None,None,JOSSOL
1.2792,0485,0300,None,None,JOSSOL
1.2935,0484,0301,None,None,JOSSOL
1.3078,0484,0301,None,None,JOSSOL
1.3151,0483,0301,None,None,JOSSOL
1.3222,0483,0302,None,None,JOSSOL
1.3294,0483,0303,None,None,JOSSOL
1.3368,0483,0304,None,None,JOSSOL
1.3438,0482,0304,None,None,JOSSOL
1.3510,0481,0305,None,None,JOSSOL
1.3589,0480,0307,None,None,JOSSOL
1.3659,0480,0307,None,None,JOSSOL
1.3730,0480,0308,None,None,JOSSOL
1.3798,0479,0309,None,None,JOSSOL
1.3876,0478,0310,None,None,JOSSOL
1.3941,0478,0312,None,None,JOSSOL
1.4013,0477,0314,None,None,JOSSOL
1.4093,0477,0314,None,None,JOSSOL
1.4157,0477,0316,None,None,JOSSOL
1.4232,0476,0317,None,None,JOSSOL
1.4306,0475,0318,None,None,JOSSOL
1.4373,0474,0318,None,None,JOSSOL
1.4453,0474,0319,None,None,JOSSOL
1.4522,0474,0320,None,None,JOSSOL
1.4595,0474,0320,None,None,JOSSOL
1.4674,0474,0321,None,None,JOSSOL
1.4739,0473,0322,None,None,JOSSOL
1.6391,0473,0322,left,pressed,JOSSOL
