1.1441,Mouse.left,pressed,OTHHEA
1.2101,Mouse.left,released,OTHHEA
1.6950,Key.esc,pressed,OTHHEA
1.7671,Key.esc,released,OTHHEA
4.3431,'w',pressed,OTHHEA
4.5551,'d',pressed,OTHHEA
4.8272,'a',pressed,OTHHEA
4.8412,'d',released,OTHHEA
4.8892,'w',released,OTHHEA
5.1592,'a',released,OTHHEA
6.3761,Mouse.right,pressed,OTHHEA
7.0203,'d',pressed,OTHHEA
7.5551,'d',released,OTHHEA
9.1352,'s',pressed,OTHHEA
9.6073,'d',pressed,OTHHEA
9.7722,'s',released,OTHHEA
10.0241,Mouse.right,released,OTHHEA
10.2922,'d',released,OTHHEA
10.2923,'w',pressed,OTHHEA
10.9892,'w',released,OTHHEA
11.2581,'a',pressed,OTHHEA
11.2842,'a',released,OTHHEA
11.4303,'w',pressed,OTHHEA
11.6362,'d',pressed,OTHHEA
11.8762,'d',released,OTHHEA
11.8822,'w',released,OTHHEA
12.1152,'d',pressed,OTHHEA
12.3512,'w',pressed,OTHHEA
12.5192,'d',released,OTHHEA
12.6282,'a',pressed,OTHHEA
12.6291,'w',released,OTHHEA
12.9262,'w',pressed,OTHHEA
13.0762,'a',released,OTHHEA
13.2241,'d',pressed,OTHHEA
13.3342,'w',released,OTHHEA
13.6411,'w',pressed,OTHHEA
13.6591,'d',released,OTHHEA
14.6601,'w',released,OTHHEA
15.6371,'w',pressed,OTHHEA
16.2881,'w',released,OTHHEA
16.5292,'w',pressed,OTHHEA
16.6811,'w',released,OTHHEA
16.9372,'w',pressed,OTHHEA
17.2462,'d',pressed,OTHHEA
17.4721,'w',released,OTHHEA
17.5142,'d',released,OTHHEA
18.9822,'d',pressed,OTHHEA
19.1362,'w',pressed,OTHHEA
19.3282,'d',released,OTHHEA
19.4671,'a',pressed,OTHHEA
19.5872,'w',released,OTHHEA
19.9332,'w',pressed,OTHHEA
19.9892,'a',released,OTHHEA
20.4543,'d',pressed,OTHHEA
20.6581,'w',released,OTHHEA
20.6742,'d',released,OTHHEA
20.8461,'a',pressed,OTHHEA
21.0431,'a',released,OTHHEA
21.1273,'a',pressed,OTHHEA
21.3072,'a',released,OTHHEA
22.1821,'w',pressed,OTHHEA
22.5072,'a',pressed,OTHHEA
22.5711,'w',released,OTHHEA
22.8211,'a',released,OTHHEA
23.5711,'a',pressed,OTHHEA
23.8991,'a',released,OTHHEA
24.3012,'s',pressed,OTHHEA
24.4642,'a',pressed,OTHHEA
24.5062,'s',released,OTHHEA
24.9721,'a',released,OTHHEA
26.3660,Mouse.right,pressed,OTHHEA
27.0632,'a',pressed,OTHHEA
27.4121,Mouse.right,released,OTHHEA
28.2972,'a',released,OTHHEA
29.0422,'a',pressed,OTHHEA
29.5771,'a',released,OTHHEA
29.6992,'a',pressed,OTHHEA
30.7222,'a',released,OTHHEA
30.8212,'a',pressed,OTHHEA
31.0652,'a',released,OTHHEA
31.3392,'w',pressed,OTHHEA
31.6201,'w',released,OTHHEA
32.4152,'d',pressed,OTHHEA
32.7391,'d',released,OTHHEA
33.4962,'d',pressed,OTHHEA
34.0291,'w',pressed,OTHHEA
34.2662,'w',released,OTHHEA
34.3762,'a',pressed,OTHHEA
34.3841,'d',released,OTHHEA
34.5601,'a',released,OTHHEA
35.8522,'a',pressed,OTHHEA
35.9381,'a',released,OTHHEA
35.9961,'w',pressed,OTHHEA
36.4131,'d',pressed,OTHHEA
36.5053,'w',released,OTHHEA
36.5931,'d',released,OTHHEA
37.0332,Mouse.right,pressed,OTHHEA
37.1372,Mouse.x1,pressed,OTHHEA
37.6161,Mouse.x1,released,OTHHEA
37.6713,'a',pressed,OTHHEA
37.9951,'a',released,OTHHEA
39.2191,'d',pressed,OTHHEA
39.4432,'d',released,OTHHEA
41.8802,'a',pressed,OTHHEA
42.1431,'d',pressed,OTHHEA
42.4851,'a',released,OTHHEA
42.5631,'d',released,OTHHEA
42.7381,Mouse.right,released,OTHHEA
42.9263,'s',pressed,OTHHEA
43.0742,'d',pressed,OTHHEA
43.3781,'s',released,OTHHEA
43.4262,'d',released,OTHHEA
43.9031,'a',pressed,OTHHEA
44.0171,'a',released,OTHHEA
45.4833,'w',pressed,OTHHEA
45.5591,'w',released,OTHHEA
45.6862,'w',pressed,OTHHEA
45.8661,'a',pressed,OTHHEA
46.5632,'a',released,OTHHEA
46.6971,'d',pressed,OTHHEA
47.1771,'d',released,OTHHEA
47.3041,'a',pressed,OTHHEA
47.4782,'w',released,OTHHEA
47.7462,'a',released,OTHHEA
49.0931,Mouse.x1,pressed,OTHHEA
49.2641,Mouse.x1,released,OTHHEA
49.3972,'w',pressed,OTHHEA
49.7531,'d',pressed,OTHHEA
50.0191,'d',released,OTHHEA
50.2621,'d',pressed,OTHHEA
50.2821,'w',released,OTHHEA
50.5382,'d',released,OTHHEA
51.0391,'w',pressed,OTHHEA
51.7182,'w',released,OTHHEA
52.8691,Mouse.x1,pressed,OTHHEA
53.0511,Mouse.x1,released,OTHHEA
53.3962,'d',pressed,OTHHEA
53.5682,'w',pressed,OTHHEA
53.7112,'w',released,OTHHEA
53.7932,'d',released,OTHHEA
54.8042,'d',pressed,OTHHEA
54.9492,'w',pressed,OTHHEA
55.2711,'a',pressed,OTHHEA
55.2771,'d',released,OTHHEA
55.2932,'a',released,OTHHEA
55.6792,'w',released,OTHHEA
56.1001,'a',pressed,OTHHEA
56.8412,'a',released,OTHHEA
57.2011,'d',pressed,OTHHEA
57.5802,'d',released,OTHHEA
59.5111,'a',pressed,OTHHEA
59.7912,'a',released,OTHHEA
59.8333,'d',pressed,OTHHEA
59.8812,'d',released,OTHHEA
61.2911,'d',pressed,OTHHEA
61.3272,'w',pressed,OTHHEA
61.4031,'d',released,OTHHEA
61.8281,'w',released,OTHHEA
62.7392,'w',pressed,OTHHEA
62.9172,'w',released,OTHHEA
63.7083,'s',pressed,OTHHEA
63.7611,Mouse.right,pressed,OTHHEA
64.6651,Mouse.left,pressed,OTHHEA
64.9082,Mouse.left,released,OTHHEA
64.9763,Mouse.right,released,OTHHEA
64.9901,Mouse.left,pressed,OTHHEA
65.1321,Mouse.left,released,OTHHEA
65.2090,Mouse.left,pressed,OTHHEA
65.3551,'a',pressed,OTHHEA
65.3681,Mouse.left,released,OTHHEA
65.3872,'s',released,OTHHEA
65.4460,Mouse.left,pressed,OTHHEA
65.5921,Mouse.left,released,OTHHEA
65.6481,Mouse.left,pressed,OTHHEA
65.7851,Mouse.left,released,OTHHEA
65.8311,Mouse.left,pressed,OTHHEA
66.0662,'a',released,OTHHEA
66.1562,'d',pressed,OTHHEA
66.2062,'d',released,OTHHEA
66.2621,Mouse.left,released,OTHHEA
66.3281,Mouse.left,pressed,OTHHEA
66.3321,'d',pressed,OTHHEA
66.4641,Mouse.left,released,OTHHEA
66.5221,Mouse.left,pressed,OTHHEA
66.5261,'d',released,OTHHEA
66.6612,Mouse.left,released,OTHHEA
66.7261,Mouse.left,pressed,OTHHEA
66.8381,Mouse.left,released,OTHHEA
67.2312,'w',pressed,OTHHEA
67.3632,Mouse.left,pressed,OTHHEA
67.4921,'w',released,OTHHEA
67.6722,Mouse.left,released,OTHHEA
67.9282,'d',pressed,OTHHEA
68.0122,'d',released,OTHHEA
68.3302,Mouse.left,pressed,OTHHEA
68.8483,'s',pressed,OTHHEA
69.1042,'s',released,OTHHEA
69.3862,'s',pressed,OTHHEA
69.4761,'s',released,OTHHEA
69.7450,Mouse.left,released,OTHHEA
69.7632,'a',pressed,OTHHEA
70.3272,'d',pressed,OTHHEA
70.3511,'d',released,OTHHEA
70.3703,'a',released,OTHHEA
71.1732,'d',pressed,OTHHEA
71.2413,'d',released,OTHHEA
71.6872,'a',pressed,OTHHEA
71.7971,'a',released,OTHHEA
72.3702,'w',pressed,OTHHEA
72.5651,'w',released,OTHHEA
73.5801,'d',pressed,OTHHEA
73.8461,'d',released,OTHHEA
75.3212,Mouse.right,pressed,OTHHEA
76.0772,Mouse.right,released,OTHHEA
76.7412,'d',pressed,OTHHEA
77.0592,'d',released,OTHHEA
77.3613,'w',pressed,OTHHEA
77.4032,'w',released,OTHHEA
77.5392,'w',pressed,OTHHEA
77.6091,'w',released,OTHHEA
77.7402,'w',pressed,OTHHEA
78.0021,Key.space,pressed,OTHHEA
78.2000,Key.space,released,OTHHEA
78.9312,'d',pressed,OTHHEA
79.2121,'d',released,OTHHEA
79.5442,'w',released,OTHHEA
79.7192,'w',pressed,OTHHEA
79.7962,'w',released,OTHHEA
79.9222,'w',pressed,OTHHEA
80.2733,'d',pressed,OTHHEA
80.3852,'d',released,OTHHEA
80.5351,'w',released,OTHHEA
80.6601,'w',pressed,OTHHEA
80.7582,'w',released,OTHHEA
80.8662,'w',pressed,OTHHEA
81.1192,Mouse.right,pressed,OTHHEA
81.2782,'a',pressed,OTHHEA
81.5852,'a',released,OTHHEA
81.8513,'w',released,OTHHEA
81.8521,Mouse.left,pressed,OTHHEA
83.6402,Mouse.left,released,OTHHEA
83.7322,'a',pressed,OTHHEA
83.8031,Mouse.right,released,OTHHEA
83.9902,'w',pressed,OTHHEA
84.3221,'a',released,OTHHEA
85.3802,'a',pressed,OTHHEA
85.9972,'a',released,OTHHEA
86.2172,'a',pressed,OTHHEA
86.8142,'a',released,OTHHEA
86.9221,'w',released,OTHHEA
87.1101,'w',pressed,OTHHEA
87.2081,'w',released,OTHHEA
87.3163,'w',pressed,OTHHEA
88.1282,'d',pressed,OTHHEA
88.4042,'d',released,OTHHEA
89.6562,'d',pressed,OTHHEA
89.9743,'d',released,OTHHEA
90.1362,'a',pressed,OTHHEA
90.2532,'w',released,OTHHEA
90.6212,'w',pressed,OTHHEA
90.8952,'a',released,OTHHEA
90.9082,Mouse.right,pressed,OTHHEA
91.1541,Mouse.right,released,OTHHEA
91.3622,'d',pressed,OTHHEA
91.4582,'d',released,OTHHEA
91.9012,'a',pressed,OTHHEA
92.5422,'a',released,OTHHEA
92.7502,'d',pressed,OTHHEA
93.1652,'d',released,OTHHEA
93.2752,'w',released,OTHHEA
93.4512,'w',pressed,OTHHEA
93.6322,'a',pressed,OTHHEA
93.9744,'a',released,OTHHEA
93.9942,'d',pressed,OTHHEA
94.2963,'d',released,OTHHEA
94.5432,'d',pressed,OTHHEA
94.7152,'w',released,OTHHEA
95.0452,'w',pressed,OTHHEA
95.1102,'d',released,OTHHEA
95.3742,'d',pressed,OTHHEA
95.4122,'d',released,OTHHEA
96.2752,'d',pressed,OTHHEA
96.6301,'d',released,OTHHEA
97.8352,'a',pressed,OTHHEA
97.8912,'a',released,OTHHEA
98.0842,'d',pressed,OTHHEA
98.6342,'d',released,OTHHEA
101.4143,'w',released,OTHHEA
101.6672,'w',pressed,OTHHEA
101.9932,'a',pressed,OTHHEA
102.1832,'a',released,OTHHEA
103.0601,Mouse.x1,pressed,OTHHEA
103.1592,Mouse.x1,released,OTHHEA
103.1832,'w',released,OTHHEA
103.5532,'w',pressed,OTHHEA
103.8672,'w',released,OTHHEA
104.5302,'s',pressed,OTHHEA
104.6231,'s',released,OTHHEA
104.8291,Mouse.right,pressed,OTHHEA
104.8752,'s',pressed,OTHHEA
104.9512,'s',released,OTHHEA
105.2961,Mouse.left,pressed,OTHHEA
105.3181,Mouse.left,released,OTHHEA
105.4631,Mouse.left,pressed,OTHHEA
105.5632,Mouse.right,released,OTHHEA
105.5851,Mouse.left,released,OTHHEA
105.6653,Mouse.left,pressed,OTHHEA
105.7932,Mouse.left,released,OTHHEA
105.8571,Mouse.left,pressed,OTHHEA
105.9861,Mouse.left,released,OTHHEA
106.1451,Mouse.left,pressed,OTHHEA
106.2733,Mouse.left,released,OTHHEA
106.3072,'w',pressed,OTHHEA
106.3252,'w',released,OTHHEA
106.3501,Mouse.left,pressed,OTHHEA
106.4992,Mouse.left,released,OTHHEA
106.7111,Mouse.left,pressed,OTHHEA
106.7432,'w',pressed,OTHHEA
106.9352,'w',released,OTHHEA
106.9411,Mouse.left,released,OTHHEA
107.9992,'w',pressed,OTHHEA
108.3131,'w',released,OTHHEA
108.8343,Mouse.x1,pressed,OTHHEA
108.9762,Mouse.x1,released,OTHHEA
129.7023,'w',pressed,OTHHEA
129.7512,'w',released,OTHHEA
129.8692,'w',pressed,OTHHEA
130.4942,'d',pressed,OTHHEA
130.6983,'d',released,OTHHEA
132.1722,'a',pressed,OTHHEA
132.8092,'a',released,OTHHEA
136.2711,Mouse.right,pressed,OTHHEA
136.3622,'w',released,OTHHEA
136.5302,'w',pressed,OTHHEA
136.6961,Mouse.right,released,OTHHEA
136.8382,'w',released,OTHHEA
137.1292,'s',pressed,OTHHEA
137.2292,'s',released,OTHHEA
137.4612,'s',pressed,OTHHEA
137.5782,Mouse.right,pressed,OTHHEA
137.8702,'s',released,OTHHEA
137.8821,Mouse.left,pressed,OTHHEA
138.0442,Mouse.left,released,OTHHEA
138.1181,Mouse.left,pressed,OTHHEA
138.1802,'s',pressed,OTHHEA
138.2442,Mouse.left,released,OTHHEA
138.2762,'s',released,OTHHEA
138.3060,Mouse.left,pressed,OTHHEA
138.4211,'s',pressed,OTHHEA
138.4331,Mouse.left,released,OTHHEA
138.4961,Mouse.left,pressed,OTHHEA
138.5291,Mouse.right,released,OTHHEA
138.5801,Mouse.left,released,OTHHEA
138.6691,Mouse.left,pressed,OTHHEA
138.7862,Mouse.left,released,OTHHEA
138.8802,Mouse.left,pressed,OTHHEA
139.0532,Mouse.left,released,OTHHEA
139.1161,Mouse.left,pressed,OTHHEA
139.2122,'s',released,OTHHEA
139.2761,Mouse.left,released,OTHHEA
139.4201,'d',pressed,OTHHEA
139.6091,Mouse.left,pressed,OTHHEA
140.1412,'d',released,OTHHEA
140.2831,Mouse.right,pressed,OTHHEA
140.3233,'a',pressed,OTHHEA
140.3281,Mouse.left,released,OTHHEA
140.3413,'a',released,OTHHEA
140.6321,Mouse.left,pressed,OTHHEA
140.6482,'a',pressed,OTHHEA
140.8001,Mouse.right,released,OTHHEA
140.8461,'d',pressed,OTHHEA
140.8521,'a',released,OTHHEA
140.9482,'a',pressed,OTHHEA
140.9582,'d',released,OTHHEA
141.3031,Mouse.left,released,OTHHEA
141.3511,'a',released,OTHHEA
143.4702,Mouse.left,pressed,OTHHEA
143.5271,Mouse.left,released,OTHHEA
143.6262,Mouse.left,pressed,OTHHEA
143.6771,Mouse.left,released,OTHHEA
143.7531,Mouse.left,pressed,OTHHEA
143.8162,Mouse.left,released,OTHHEA
158.1492,'w',pressed,OTHHEA
158.8451,'d',pressed,OTHHEA
159.1562,'d',released,OTHHEA
160.9092,'d',pressed,OTHHEA
161.1972,'d',released,OTHHEA
161.5342,'a',pressed,OTHHEA
161.6232,'a',released,OTHHEA
162.1323,'w',released,OTHHEA
162.5032,'w',pressed,OTHHEA
162.8932,'d',pressed,OTHHEA
163.0034,'d',released,OTHHEA
163.5942,'a',pressed,OTHHEA
164.1872,'a',released,OTHHEA
164.5362,'d',pressed,OTHHEA
165.1202,'d',released,OTHHEA
165.6253,'d',pressed,OTHHEA
165.9161,'d',released,OTHHEA
165.9292,'w',released,OTHHEA
166.2342,'a',pressed,OTHHEA
166.3522,'a',released,OTHHEA
166.5042,'d',pressed,OTHHEA
166.7521,'d',released,OTHHEA
167.4782,'a',pressed,OTHHEA
167.7341,'a',released,OTHHEA
167.9632,'d',pressed,OTHHEA
168.1712,'d',released,OTHHEA
168.6552,'a',pressed,OTHHEA
169.0761,'a',released,OTHHEA
169.6892,'d',pressed,OTHHEA
169.9692,'d',released,OTHHEA
171.0462,'a',pressed,OTHHEA
171.3053,'a',released,OTHHEA
171.8742,'d',pressed,OTHHEA
172.1922,'d',released,OTHHEA
172.7812,'w',pressed,OTHHEA
172.8492,'w',released,OTHHEA
172.9672,'w',pressed,OTHHEA
174.2771,'d',pressed,OTHHEA
174.4932,'d',released,OTHHEA
175.2031,Mouse.right,pressed,OTHHEA
175.3083,'w',released,OTHHEA
175.4892,Mouse.middle,pressed,OTHHEA
175.5062,Mouse.left,pressed,OTHHEA
175.5301,Mouse.middle,released,OTHHEA
175.8621,Mouse.right,released,OTHHEA
177.3472,'d',pressed,OTHHEA
177.6712,'d',released,OTHHEA
177.9042,'d',pressed,OTHHEA
178.4522,'d',released,OTHHEA
178.5233,'d',pressed,OTHHEA
179.1411,'d',released,OTHHEA
180.9723,'a',pressed,OTHHEA
182.0301,Mouse.left,released,OTHHEA
183.0572,'a',released,OTHHEA
208.2072,'w',pressed,OTHHEA
208.6381,'a',pressed,OTHHEA
208.8001,'a',released,OTHHEA
209.0442,'d',pressed,OTHHEA
209.2362,'d',released,OTHHEA
209.8863,'a',pressed,OTHHEA
210.1903,'a',released,OTHHEA
210.9872,'a',pressed,OTHHEA
211.0112,'a',released,OTHHEA
212.9063,'d',pressed,OTHHEA
213.0402,'d',released,OTHHEA
217.4302,'w',released,OTHHEA
217.6582,'w',pressed,OTHHEA
217.6682,'a',pressed,OTHHEA
217.7442,'a',released,OTHHEA
217.9252,'a',pressed,OTHHEA
217.9832,'a',released,OTHHEA
218.0192,'d',pressed,OTHHEA
218.3212,'d',released,OTHHEA
218.5262,'a',pressed,OTHHEA
219.0561,'a',released,OTHHEA
219.4772,'d',pressed,OTHHEA
219.7912,'d',released,OTHHEA
220.0503,'a',pressed,OTHHEA
220.6942,'a',released,OTHHEA
221.0492,'a',pressed,OTHHEA
221.1652,'a',released,OTHHEA
221.4502,'d',pressed,OTHHEA
221.6202,'d',released,OTHHEA
222.0182,'d',pressed,OTHHEA
222.1182,'d',released,OTHHEA
222.3712,'d',pressed,OTHHEA
222.4113,'w',released,OTHHEA
222.7242,'w',pressed,OTHHEA
222.7381,'d',released,OTHHEA
223.0761,'a',pressed,OTHHEA
223.0882,'w',released,OTHHEA
223.1562,'a',released,OTHHEA
223.3522,'a',pressed,OTHHEA
223.7812,'a',released,OTHHEA
223.8052,'w',pressed,OTHHEA
223.8312,'d',pressed,OTHHEA
224.0712,'d',released,OTHHEA
224.3262,'d',pressed,OTHHEA
224.3781,'w',released,OTHHEA
224.7684,'w',pressed,OTHHEA
224.8243,'d',released,OTHHEA
224.9002,'w',released,OTHHEA
225.1032,'d',pressed,OTHHEA
225.2692,'d',released,OTHHEA
225.5272,'w',pressed,OTHHEA
225.5452,'d',pressed,OTHHEA
225.5792,'d',released,OTHHEA
226.1122,'d',pressed,OTHHEA
226.8393,'d',released,OTHHEA
227.1803,'d',pressed,OTHHEA
227.4282,'w',released,OTHHEA
228.3552,'d',released,OTHHEA
228.3753,'w',pressed,OTHHEA
228.6722,'a',pressed,OTHHEA
228.9484,'a',released,OTHHEA
229.5052,'w',released,OTHHEA
229.7013,'a',pressed,OTHHEA
229.9052,'a',released,OTHHEA
230.0702,'w',pressed,OTHHEA
230.4221,'d',pressed,OTHHEA
230.4342,'w',released,OTHHEA
230.5782,'d',released,OTHHEA
230.9772,'s',pressed,OTHHEA
231.0711,'s',released,OTHHEA
231.2962,'a',pressed,OTHHEA
231.4182,'w',pressed,OTHHEA
231.4362,'a',released,OTHHEA
231.6962,'d',pressed,OTHHEA
232.5813,'d',released,OTHHEA
232.9282,'w',released,OTHHEA
233.1922,'d',pressed,OTHHEA
233.4713,'d',released,OTHHEA
233.7012,'w',pressed,OTHHEA
233.9971,'w',released,OTHHEA
234.2311,Mouse.right,pressed,OTHHEA
234.9221,Mouse.left,pressed,OTHHEA
236.2532,Mouse.left,released,OTHHEA
236.5112,'a',pressed,OTHHEA
236.5241,Mouse.right,released,OTHHEA
236.5833,'w',pressed,OTHHEA
236.5851,'a',released,OTHHEA
237.3562,'a',pressed,OTHHEA
237.8812,'a',released,OTHHEA
238.1031,Mouse.right,pressed,OTHHEA
238.4262,'a',pressed,OTHHEA
238.5542,Mouse.left,pressed,OTHHEA
238.6861,'w',released,OTHHEA
238.7382,Mouse.right,released,OTHHEA
238.9841,'a',released,OTHHEA
239.1462,'d',pressed,OTHHEA
239.2492,'d',released,OTHHEA
241.3142,'d',pressed,OTHHEA
241.6893,Mouse.left,released,OTHHEA
242.4492,'d',released,OTHHEA
242.5332,'a',pressed,OTHHEA
242.9901,Mouse.right,pressed,OTHHEA
243.0673,Mouse.right,released,OTHHEA
243.2713,Mouse.left,pressed,OTHHEA
243.4433,'a',released,OTHHEA
243.4772,'d',pressed,OTHHEA
243.4992,'d',released,OTHHEA
243.6963,Mouse.left,released,OTHHEA
266.7001,Key.tab,pressed,OTHHEA
268.6931,Key.tab,released,OTHHEA
270.1852,'w',pressed,OTHHEA
270.3792,'a',pressed,OTHHEA
270.6772,'a',released,OTHHEA
271.2742,'a',pressed,OTHHEA
271.2822,'a',released,OTHHEA
271.3843,'a',pressed,OTHHEA
271.5012,'a',released,OTHHEA
271.8452,'d',pressed,OTHHEA
272.2462,'d',released,OTHHEA
272.6922,'a',pressed,OTHHEA
272.8522,'a',released,OTHHEA
273.8242,'d',pressed,OTHHEA
274.0062,'d',released,OTHHEA
274.6872,'w',released,OTHHEA
274.8772,'w',pressed,OTHHEA
275.2232,'w',released,OTHHEA
276.0672,'s',pressed,OTHHEA
276.3792,'s',released,OTHHEA
276.5892,'a',pressed,OTHHEA
276.9121,'w',pressed,OTHHEA
276.9201,'a',released,OTHHEA
276.9462,'w',released,OTHHEA
276.9842,'d',pressed,OTHHEA
277.3303,'d',released,OTHHEA
277.5331,'w',pressed,OTHHEA
277.6062,'w',released,OTHHEA
277.7112,'w',pressed,OTHHEA
279.3272,'d',pressed,OTHHEA
279.5572,'d',released,OTHHEA
280.4532,'d',pressed,OTHHEA
280.4893,'d',released,OTHHEA
281.5363,'w',released,OTHHEA
281.8352,'w',pressed,OTHHEA
281.8543,'w',released,OTHHEA
281.9792,'a',pressed,OTHHEA
282.3032,'w',pressed,OTHHEA
282.3192,'a',released,OTHHEA
282.6622,'d',pressed,OTHHEA
282.7902,'w',released,OTHHEA
282.8122,'d',released,OTHHEA
282.9462,'w',pressed,OTHHEA
283.3712,'a',pressed,OTHHEA
283.5413,'a',released,OTHHEA
284.5393,'d',pressed,OTHHEA
284.6034,'w',released,OTHHEA
284.8412,'d',released,OTHHEA
285.1732,'w',pressed,OTHHEA
285.1932,'w',released,OTHHEA
285.4122,'w',pressed,OTHHEA
285.6582,'w',released,OTHHEA
286.1432,'d',pressed,OTHHEA
286.8142,'d',released,OTHHEA
287.0182,'s',pressed,OTHHEA
287.3792,'s',released,OTHHEA
288.6612,'a',pressed,OTHHEA
288.8592,'a',released,OTHHEA
289.8802,'w',pressed,OTHHEA
290.2772,'w',released,OTHHEA
290.9352,'w',pressed,OTHHEA
291.1042,'w',released,OTHHEA
292.0432,'a',pressed,OTHHEA
292.1832,'a',released,OTHHEA
292.5122,'w',pressed,OTHHEA
292.7042,'w',released,OTHHEA
292.9102,'d',pressed,OTHHEA
292.9812,'d',released,OTHHEA
294.4831,'w',pressed,OTHHEA
294.6492,'a',pressed,OTHHEA
294.9852,'a',released,OTHHEA
295.0892,'w',released,OTHHEA
295.2082,'w',pressed,OTHHEA
295.2622,'w',released,OTHHEA
295.3822,'w',pressed,OTHHEA
296.6462,'a',pressed,OTHHEA
296.8302,'a',released,OTHHEA
297.8292,'d',pressed,OTHHEA
297.9412,'d',released,OTHHEA
298.7592,Mouse.right,pressed,OTHHEA
298.8232,'w',released,OTHHEA
299.0522,Mouse.left,pressed,OTHHEA
299.4892,Mouse.right,released,OTHHEA
300.5612,'s',pressed,OTHHEA
301.4662,'d',pressed,OTHHEA
301.6632,'d',released,OTHHEA
302.9352,Mouse.left,released,OTHHEA
303.1342,'s',released,OTHHEA
308.2281,Key.shift,pressed,OTHHEA
308.2821,Key.shift,released,OTHHEA
328.8392,'w',pressed,OTHHEA
328.9332,'w',released,OTHHEA
329.0492,'w',pressed,OTHHEA
329.4342,'a',pressed,OTHHEA
329.5562,'a',released,OTHHEA
330.3692,'a',pressed,OTHHEA
331.0383,'a',released,OTHHEA
331.8353,'a',pressed,OTHHEA
331.8793,'a',released,OTHHEA
332.0572,'a',pressed,OTHHEA
332.1572,Mouse.left,pressed,OTHHEA
332.1762,'a',released,OTHHEA
332.2302,'w',released,OTHHEA
332.7992,Mouse.left,released,OTHHEA
332.8172,Mouse.right,pressed,OTHHEA
332.8362,'s',pressed,OTHHEA
333.2612,'s',released,OTHHEA
333.4482,'d',pressed,OTHHEA
333.7202,'d',released,OTHHEA
333.8182,'w',pressed,OTHHEA
334.0501,Mouse.right,released,OTHHEA
334.1902,'a',pressed,OTHHEA
334.3912,'a',released,OTHHEA
335.0852,Mouse.right,pressed,OTHHEA
335.4661,Mouse.right,released,OTHHEA
337.0062,'w',released,OTHHEA
337.3752,'d',pressed,OTHHEA
337.7652,'s',pressed,OTHHEA
337.8152,'d',released,OTHHEA
337.8712,'s',released,OTHHEA
338.0833,'w',pressed,OTHHEA
338.4702,'w',released,OTHHEA
338.5132,Mouse.left,pressed,OTHHEA
338.8892,'s',pressed,OTHHEA
338.8992,'s',released,OTHHEA
339.6572,Mouse.left,released,OTHHEA
358.4993,'w',pressed,OTHHEA
358.9072,'w',released,OTHHEA
359.5102,'w',pressed,OTHHEA
359.7063,'d',pressed,OTHHEA
359.9013,'d',released,OTHHEA
360.1772,'a',pressed,OTHHEA
360.6253,'a',released,OTHHEA
361.5372,'w',released,OTHHEA
361.5801,Mouse.right,pressed,OTHHEA
362.1612,'w',pressed,OTHHEA
362.6532,Mouse.right,released,OTHHEA
363.1632,'w',released,OTHHEA
363.9742,'w',pressed,OTHHEA
364.2692,'w',released,OTHHEA
364.6452,Mouse.right,pressed,OTHHEA
364.8852,Mouse.left,pressed,OTHHEA
364.9912,Mouse.right,released,OTHHEA
365.1762,'s',pressed,OTHHEA
365.3521,Mouse.left,released,OTHHEA
365.4372,Mouse.left,pressed,OTHHEA
365.5492,Mouse.left,released,OTHHEA
366.1512,'a',pressed,OTHHEA
366.7212,'s',released,OTHHEA
366.7352,'a',released,OTHHEA
367.0524,'d',pressed,OTHHEA
367.1122,'d',released,OTHHEA
367.3462,'d',pressed,OTHHEA
367.4222,'d',released,OTHHEA
368.8612,'s',pressed,OTHHEA
369.0391,'s',released,OTHHEA
372.2532,'w',pressed,OTHHEA
372.3212,'w',released,OTHHEA
372.4452,'w',pressed,OTHHEA
372.7822,'d',pressed,OTHHEA
373.2841,'d',released,OTHHEA
373.6492,'d',pressed,OTHHEA
373.7792,'w',released,OTHHEA
374.0672,'d',released,OTHHEA
374.0872,'w',pressed,OTHHEA
374.4522,'a',pressed,OTHHEA
374.6942,'w',released,OTHHEA
374.7302,'a',released,OTHHEA
375.7362,'w',pressed,OTHHEA
376.0782,'w',released,OTHHEA
376.3081,Mouse.right,pressed,OTHHEA
377.0193,'w',pressed,OTHHEA
377.8341,Mouse.right,released,OTHHEA
378.0312,'w',released,OTHHEA
378.4732,Mouse.left,pressed,OTHHEA
378.8181,Mouse.left,released,OTHHEA
378.8811,Mouse.left,pressed,OTHHEA
378.8982,'d',pressed,OTHHEA
378.9972,Mouse.left,released,OTHHEA
379.1283,'s',pressed,OTHHEA
379.3242,'d',released,OTHHEA
379.6252,'s',released,OTHHEA
379.9812,'d',pressed,OTHHEA
380.0092,'d',released,OTHHEA
380.4782,'w',pressed,OTHHEA
381.0352,'w',released,OTHHEA
381.1013,Mouse.left,pressed,OTHHEA
381.9102,'d',pressed,OTHHEA
382.0251,Mouse.left,released,OTHHEA
382.4312,'d',released,OTHHEA
384.1574,'d',pressed,OTHHEA
384.2202,'s',pressed,OTHHEA
384.2393,'d',released,OTHHEA
384.6462,'d',pressed,OTHHEA
385.1352,'d',released,OTHHEA
385.6062,'a',pressed,OTHHEA
385.9243,'a',released,OTHHEA
386.3382,'s',released,OTHHEA
386.3642,'d',pressed,OTHHEA
386.7231,'w',pressed,OTHHEA
386.9672,'d',released,OTHHEA
387.2032,'a',pressed,OTHHEA
387.2592,'a',released,OTHHEA
387.4821,'a',pressed,OTHHEA
387.5684,'a',released,OTHHEA
387.6552,Mouse.right,pressed,OTHHEA
387.7182,'w',released,OTHHEA
388.0692,'w',pressed,OTHHEA
388.9333,Mouse.right,released,OTHHEA
388.9783,'w',released,OTHHEA
388.9983,'a',pressed,OTHHEA
389.0322,Mouse.left,pressed,OTHHEA
389.2422,'a',released,OTHHEA
389.6911,Mouse.left,released,OTHHEA
389.7692,'s',pressed,OTHHEA
390.3462,'d',pressed,OTHHEA
390.4822,'d',released,OTHHEA
390.5742,'s',released,OTHHEA
390.5762,Mouse.left,pressed,OTHHEA
390.8242,'w',pressed,OTHHEA
390.8603,Mouse.left,released,OTHHEA
391.4812,Mouse.right,pressed,OTHHEA
391.9332,Mouse.right,released,OTHHEA
391.9831,Mouse.left,pressed,OTHHEA
392.0642,'w',released,OTHHEA
392.4892,'s',pressed,OTHHEA
392.6832,'s',released,OTHHEA
393.2922,'a',pressed,OTHHEA
393.6022,Mouse.left,released,OTHHEA
393.7331,Mouse.left,pressed,OTHHEA
393.9202,Mouse.left,released,OTHHEA
394.2954,'a',released,OTHHEA
394.4193,'w',pressed,OTHHEA
395.3002,'d',pressed,OTHHEA
395.3074,'d',released,OTHHEA
395.4312,Mouse.left,pressed,OTHHEA
395.6993,Mouse.left,released,OTHHEA
396.1063,'a',pressed,OTHHEA
396.5342,'a',released,OTHHEA
396.6183,'w',released,OTHHEA
397.2763,'w',pressed,OTHHEA
397.6703,'w',released,OTHHEA
397.9052,'d',pressed,OTHHEA
398.2532,'d',released,OTHHEA
398.2672,'w',pressed,OTHHEA
398.7682,'w',released,OTHHEA
398.8222,Mouse.right,pressed,OTHHEA
399.1572,Mouse.left,pressed,OTHHEA
399.1872,Mouse.right,released,OTHHEA
400.8922,Mouse.left,released,OTHHEA
401.2232,'a',pressed,OTHHEA
402.2562,'a',released,OTHHEA
404.7122,Mouse.right,pressed,OTHHEA
405.0222,'a',pressed,OTHHEA
405.3283,Mouse.right,released,OTHHEA
405.3302,'w',pressed,OTHHEA
405.4052,'a',released,OTHHEA
406.6582,'a',pressed,OTHHEA
406.9362,'w',released,OTHHEA
406.9392,'a',released,OTHHEA
407.3192,'w',pressed,OTHHEA
407.3892,'w',released,OTHHEA
407.5062,'w',pressed,OTHHEA
408.6132,'d',pressed,OTHHEA
409.0214,'d',released,OTHHEA
409.1292,'w',released,OTHHEA
410.0812,'d',pressed,OTHHEA
410.4252,'s',pressed,OTHHEA
410.4872,'d',released,OTHHEA
410.8182,'s',released,OTHHEA
410.9822,'w',pressed,OTHHEA
411.0682,'w',released,OTHHEA
411.1802,'w',pressed,OTHHEA
412.1862,'a',pressed,OTHHEA
412.4982,'a',released,OTHHEA
413.1812,'a',pressed,OTHHEA
413.5992,'a',released,OTHHEA
413.7203,'w',released,OTHHEA
413.8422,'w',pressed,OTHHEA
413.9063,'w',released,OTHHEA
414.0262,'w',pressed,OTHHEA
414.5772,'w',released,OTHHEA
414.7012,'w',pressed,OTHHEA
414.7712,'w',released,OTHHEA
414.8912,'w',pressed,OTHHEA
415.9002,'d',pressed,OTHHEA
416.1513,'d',released,OTHHEA
417.0082,'a',pressed,OTHHEA
417.2622,'a',released,OTHHEA
418.4362,'a',pressed,OTHHEA
418.6322,'a',released,OTHHEA
418.6882,'d',pressed,OTHHEA
419.5212,'d',released,OTHHEA
420.3342,Mouse.right,pressed,OTHHEA
420.7533,Mouse.right,released,OTHHEA
420.7592,'a',pressed,OTHHEA
420.8352,'a',released,OTHHEA
420.8563,Mouse.left,pressed,OTHHEA
420.9333,'w',released,OTHHEA
422.2412,'w',pressed,OTHHEA
422.7542,'a',pressed,OTHHEA
423.4281,Mouse.left,released,OTHHEA
423.4602,'a',released,OTHHEA
423.5262,'w',released,OTHHEA
423.6372,'w',pressed,OTHHEA
424.3382,'a',pressed,OTHHEA
425.0062,'a',released,OTHHEA
425.1693,'w',released,OTHHEA
425.4313,'d',pressed,OTHHEA
425.5652,'d',released,OTHHEA
425.8792,Mouse.left,pressed,OTHHEA
428.3672,Mouse.left,released,OTHHEA
428.6973,'s',pressed,OTHHEA
429.0962,'a',pressed,OTHHEA
429.3163,'s',released,OTHHEA
429.4632,'w',pressed,OTHHEA
429.8651,Mouse.left,pressed,OTHHEA
430.1072,'a',released,OTHHEA
430.5081,'w',released,OTHHEA
430.7772,Mouse.left,released,OTHHEA
430.8282,Mouse.left,pressed,OTHHEA
431.3393,'a',pressed,OTHHEA
431.5411,'w',pressed,OTHHEA
431.6382,'a',released,OTHHEA
432.0762,'w',released,OTHHEA
432.8912,'s',pressed,OTHHEA
433.0762,Mouse.left,released,OTHHEA
433.3742,Mouse.left,pressed,OTHHEA
433.6711,'d',pressed,OTHHEA
433.7282,'s',released,OTHHEA
433.9372,'d',released,OTHHEA
434.1392,'d',pressed,OTHHEA
434.3092,Mouse.left,released,OTHHEA
434.3972,Mouse.left,pressed,OTHHEA
434.5413,'s',pressed,OTHHEA
434.7422,'d',released,OTHHEA
435.0182,'s',released,OTHHEA
435.7592,Mouse.left,released,OTHHEA
435.8492,Mouse.left,pressed,OTHHEA
436.0112,'d',pressed,OTHHEA
436.1663,'w',pressed,OTHHEA
436.2562,'d',released,OTHHEA
436.5182,'a',pressed,OTHHEA
436.6443,'a',released,OTHHEA
436.7162,'w',released,OTHHEA
436.9192,'w',pressed,OTHHEA
437.1282,'w',released,OTHHEA
437.5382,Mouse.left,released,OTHHEA
439.8571,Key.tab,pressed,OTHHEA
444.1001,Key.tab,released,OTHHEA
445.8151,Key.tab,pressed,OTHHEA
453.0961,Key.tab,released,OTHHEA
458.3323,'w',pressed,OTHHEA
458.8753,'w',released,OTHHEA
459.0672,'a',pressed,OTHHEA
459.0922,Mouse.right,pressed,OTHHEA
459.2372,'w',pressed,OTHHEA
459.3212,'a',released,OTHHEA
459.5602,'d',pressed,OTHHEA
459.8721,'d',released,OTHHEA
460.1942,'a',pressed,OTHHEA
460.4012,'a',released,OTHHEA
460.6692,Mouse.right,released,OTHHEA
460.6932,'w',released,OTHHEA
460.8052,'w',pressed,OTHHEA
460.8752,'w',released,OTHHEA
460.9862,'w',pressed,OTHHEA
461.5812,'d',pressed,OTHHEA
461.7812,'d',released,OTHHEA
464.0442,'w',released,OTHHEA
464.2343,'w',pressed,OTHHEA
464.5522,'a',pressed,OTHHEA
465.0535,'a',released,OTHHEA
465.3553,'d',pressed,OTHHEA
466.1731,'d',released,OTHHEA
466.7962,Mouse.right,pressed,OTHHEA
467.0843,'d',pressed,OTHHEA
467.1492,Mouse.right,released,OTHHEA
467.5702,'d',released,OTHHEA
467.7152,'a',pressed,OTHHEA
467.8413,'a',released,OTHHEA
470.9332,'w',released,OTHHEA
471.0592,'w',pressed,OTHHEA
471.1212,'w',released,OTHHEA
471.2353,'w',pressed,OTHHEA
474.1662,'w',released,OTHHEA
474.4042,'w',pressed,OTHHEA
474.6942,'d',pressed,OTHHEA
475.2652,'d',released,OTHHEA
475.8084,'d',pressed,OTHHEA
476.1602,'d',released,OTHHEA
477.4823,'a',pressed,OTHHEA
477.5983,'a',released,OTHHEA
477.8303,'w',released,OTHHEA
478.0972,'d',pressed,OTHHEA
478.1092,'w',pressed,OTHHEA
478.1692,'d',released,OTHHEA
479.5832,'a',pressed,OTHHEA
480.0173,'a',released,OTHHEA
480.1133,'d',pressed,OTHHEA
480.4142,'d',released,OTHHEA
480.8283,'a',pressed,OTHHEA
482.3942,'a',released,OTHHEA
482.7633,'a',pressed,OTHHEA
482.9812,'a',released,OTHHEA
483.2623,'w',released,OTHHEA
485.8511,Key.shift,pressed,OTHHEA
487.5111,Key.shift,released,OTHHEA
487.5433,Key.shift,pressed,OTHHEA
487.5691,Key.shift,released,OTHHEA
508.6483,'w',pressed,OTHHEA
508.7402,'w',released,OTHHEA
508.8502,'w',pressed,OTHHEA
510.6482,Mouse.right,pressed,OTHHEA
511.3413,Mouse.right,released,OTHHEA
513.2262,'d',pressed,OTHHEA
513.7632,'d',released,OTHHEA
514.3302,'d',pressed,OTHHEA
514.6743,'d',released,OTHHEA
516.0682,'a',pressed,OTHHEA
517.1923,'a',released,OTHHEA
517.7282,'a',pressed,OTHHEA
517.8182,'a',released,OTHHEA
517.8272,'w',released,OTHHEA
517.8452,Mouse.right,pressed,OTHHEA
518.5262,Mouse.right,released,OTHHEA
518.5512,'w',pressed,OTHHEA
519.0482,'a',pressed,OTHHEA
520.2953,Mouse.left,pressed,OTHHEA
520.4622,'a',released,OTHHEA
520.7783,'w',released,OTHHEA
521.0032,Mouse.left,released,OTHHEA
521.0592,Mouse.left,pressed,OTHHEA
522.0862,'d',pressed,OTHHEA
522.2703,'d',released,OTHHEA
522.6292,'a',pressed,OTHHEA
522.7482,Mouse.left,released,OTHHEA
522.8153,'d',pressed,OTHHEA
522.8252,'a',released,OTHHEA
523.0032,Mouse.left,pressed,OTHHEA
523.1212,'d',released,OTHHEA
523.2523,'w',pressed,OTHHEA
523.3502,'w',released,OTHHEA
523.6102,Mouse.left,released,OTHHEA
523.6353,'a',pressed,OTHHEA
524.1353,'w',pressed,OTHHEA
524.1932,'a',released,OTHHEA
524.2372,'w',released,OTHHEA
524.3413,'w',pressed,OTHHEA
525.4632,'a',pressed,OTHHEA
525.6712,'a',released,OTHHEA
526.9432,Mouse.left,pressed,OTHHEA
528.0092,Mouse.left,released,OTHHEA
528.4722,Mouse.left,pressed,OTHHEA
528.6654,'w',released,OTHHEA
528.7952,Mouse.left,released,OTHHEA
529.1002,'d',pressed,OTHHEA
529.2712,Mouse.left,pressed,OTHHEA
529.2943,'d',released,OTHHEA
529.7892,Mouse.left,released,OTHHEA
534.8722,Key.tab,pressed,OTHHEA
540.7861,Key.tab,released,OTHHEA
547.1613,'w',pressed,OTHHEA
547.4992,'w',released,OTHHEA
548.4532,'w',pressed,OTHHEA
548.7192,'a',pressed,OTHHEA
548.9812,'a',released,OTHHEA
549.2022,'d',pressed,OTHHEA
549.5342,'d',released,OTHHEA
549.7182,'a',pressed,OTHHEA
550.2232,'a',released,OTHHEA
551.8851,Mouse.left,pressed,OTHHEA
552.0512,Mouse.left,released,OTHHEA
553.7792,Mouse.right,pressed,OTHHEA
555.3983,'w',released,OTHHEA
555.4152,Mouse.right,released,OTHHEA
555.5122,'w',pressed,OTHHEA
560.4143,'a',pressed,OTHHEA
560.7632,'a',released,OTHHEA
561.6303,'d',pressed,OTHHEA
561.7004,'w',released,OTHHEA
562.1193,'d',released,OTHHEA
562.1592,'a',pressed,OTHHEA
562.5812,'w',pressed,OTHHEA
562.7882,'a',released,OTHHEA
562.9024,'d',pressed,OTHHEA
563.1463,'d',released,OTHHEA
563.4443,'d',pressed,OTHHEA
563.6652,'d',released,OTHHEA
566.3222,Mouse.right,pressed,OTHHEA
566.4532,Mouse.right,released,OTHHEA
566.5473,Mouse.right,pressed,OTHHEA
566.6672,Mouse.right,released,OTHHEA
567.8152,'d',pressed,OTHHEA
569.0543,'d',released,OTHHEA
569.6173,'w',released,OTHHEA
569.7942,Mouse.left,pressed,OTHHEA
570.2143,Mouse.left,released,OTHHEA
571.0121,Mouse.right,pressed,OTHHEA
571.5582,Mouse.right,released,OTHHEA
572.2873,'a',pressed,OTHHEA
572.6492,'a',released,OTHHEA
572.9182,'s',pressed,OTHHEA
573.2683,'s',released,OTHHEA
573.6973,'d',pressed,OTHHEA
573.8432,'d',released,OTHHEA
574.3613,'a',pressed,OTHHEA
574.5783,'a',released,OTHHEA
577.1413,'w',pressed,OTHHEA
577.2453,'w',released,OTHHEA
577.8143,'w',pressed,OTHHEA
577.9162,'w',released,OTHHEA
578.1933,'d',pressed,OTHHEA
578.3292,'w',pressed,OTHHEA
578.3753,'d',released,OTHHEA
578.8523,'d',pressed,OTHHEA
579.5953,'d',released,OTHHEA
581.0292,Key.shift,pressed,OTHHEA
581.7733,'A',pressed,OTHHEA
582.1183,'A',released,OTHHEA
582.1322,Key.shift,released,OTHHEA
582.2343,'d',pressed,OTHHEA
582.5382,'d',released,OTHHEA
582.6233,'w',released,OTHHEA
582.7552,'a',pressed,OTHHEA
583.4443,'d',pressed,OTHHEA
583.4513,'a',released,OTHHEA
583.4594,'w',pressed,OTHHEA
584.0242,'w',released,OTHHEA
584.3913,'w',pressed,OTHHEA
584.4793,'d',released,OTHHEA
584.8232,'a',pressed,OTHHEA
585.1142,'a',released,OTHHEA
585.2682,'w',released,OTHHEA
585.4082,'d',pressed,OTHHEA
585.5402,'d',released,OTHHEA
586.8703,'w',pressed,OTHHEA
587.1662,'d',pressed,OTHHEA
587.2422,'w',released,OTHHEA
587.4153,'d',released,OTHHEA
587.5212,'a',pressed,OTHHEA
587.7693,'w',pressed,OTHHEA
587.9253,'d',pressed,OTHHEA
588.0642,'w',released,OTHHEA
588.1762,'d',released,OTHHEA
588.4922,'a',released,OTHHEA
588.5082,'w',pressed,OTHHEA
591.4023,'a',pressed,OTHHEA
591.7533,'a',released,OTHHEA
592.1453,'a',pressed,OTHHEA
592.3772,'w',released,OTHHEA
592.7803,'d',pressed,OTHHEA
592.7943,'w',pressed,OTHHEA
592.8683,'d',released,OTHHEA
593.0762,'a',released,OTHHEA
593.8222,'a',pressed,OTHHEA
594.0523,'w',released,OTHHEA
594.6012,'w',pressed,OTHHEA
594.6953,'a',released,OTHHEA
595.1833,'a',pressed,OTHHEA
595.5563,'a',released,OTHHEA
595.6683,'a',pressed,OTHHEA
595.7662,'a',released,OTHHEA
596.2433,'a',pressed,OTHHEA
596.4033,'w',released,OTHHEA
596.8382,'w',pressed,OTHHEA
596.9763,'a',released,OTHHEA
597.0422,'w',released,OTHHEA
597.0553,Mouse.right,pressed,OTHHEA
597.1013,Mouse.left,pressed,OTHHEA
597.1131,Mouse.right,released,OTHHEA
597.5323,Mouse.left,released,OTHHEA
597.6443,Mouse.right,pressed,OTHHEA
597.8922,Mouse.right,released,OTHHEA
598.0073,'a',pressed,OTHHEA
599.0712,'w',pressed,OTHHEA
599.0752,'a',released,OTHHEA
600.0663,'a',pressed,OTHHEA
600.1402,'a',released,OTHHEA
600.7292,'d',pressed,OTHHEA
600.8572,'d',released,OTHHEA
601.1252,'d',pressed,OTHHEA
601.3543,'d',released,OTHHEA
601.9493,'w',released,OTHHEA
602.2052,'s',pressed,OTHHEA
602.8502,'a',pressed,OTHHEA
603.1143,'a',released,OTHHEA
603.1322,'s',released,OTHHEA
603.2603,'w',pressed,OTHHEA
604.4983,'a',pressed,OTHHEA
604.7913,'a',released,OTHHEA
605.4482,'a',pressed,OTHHEA
605.7923,'a',released,OTHHEA
605.8403,Mouse.left,pressed,OTHHEA
605.8663,'w',released,OTHHEA
606.2273,'s',pressed,OTHHEA
606.3162,Mouse.left,released,OTHHEA
606.3393,'s',released,OTHHEA
606.5352,'a',pressed,OTHHEA
606.7523,Mouse.left,pressed,OTHHEA
606.7973,'w',pressed,OTHHEA
606.8722,Mouse.left,released,OTHHEA
606.8903,'a',released,OTHHEA
607.1092,'a',pressed,OTHHEA
607.2562,'w',released,OTHHEA
607.7782,Mouse.right,pressed,OTHHEA
608.2553,Mouse.right,released,OTHHEA
609.2493,'w',pressed,OTHHEA
609.2622,'a',released,OTHHEA
609.5032,'d',pressed,OTHHEA
609.8603,'d',released,OTHHEA
610.8293,'a',pressed,OTHHEA
611.5242,'a',released,OTHHEA
611.9292,'w',released,OTHHEA
612.0173,'w',pressed,OTHHEA
612.2993,'a',pressed,OTHHEA
612.6524,'a',released,OTHHEA
613.0922,'a',pressed,OTHHEA
613.3452,'a',released,OTHHEA
613.8232,'a',pressed,OTHHEA
614.1502,'a',released,OTHHEA
614.9773,'a',pressed,OTHHEA
615.7183,'a',released,OTHHEA
616.0822,'d',pressed,OTHHEA
616.2513,'d',released,OTHHEA
616.5873,'d',pressed,OTHHEA
617.0102,'d',released,OTHHEA
618.6743,'a',pressed,OTHHEA
619.1273,'a',released,OTHHEA
619.3033,'d',pressed,OTHHEA
619.3632,'d',released,OTHHEA
619.5833,'d',pressed,OTHHEA
619.7913,'d',released,OTHHEA
620.1603,'a',pressed,OTHHEA
620.3722,'a',released,OTHHEA
620.5002,'d',pressed,OTHHEA
620.6832,'d',released,OTHHEA
620.8213,'w',released,OTHHEA
621.0393,'w',pressed,OTHHEA
621.4923,'w',released,OTHHEA
622.3653,'a',pressed,OTHHEA
622.6602,'w',pressed,OTHHEA
622.6924,'a',released,OTHHEA
622.9364,Mouse.right,pressed,OTHHEA
623.3513,Mouse.right,released,OTHHEA
623.6992,Mouse.left,pressed,OTHHEA
623.8372,'d',pressed,OTHHEA
623.8592,'w',released,OTHHEA
624.3843,Mouse.left,released,OTHHEA
624.4304,'d',released,OTHHEA
624.5872,'w',pressed,OTHHEA
626.9333,'w',released,OTHHEA
626.9423,Mouse.left,pressed,OTHHEA
627.1463,'d',pressed,OTHHEA
627.1883,'d',released,OTHHEA
627.3263,'w',pressed,OTHHEA
627.3773,'d',pressed,OTHHEA
627.3792,Mouse.left,released,OTHHEA
628.1673,'d',released,OTHHEA
628.2035,'a',pressed,OTHHEA
628.4903,'a',released,OTHHEA
628.6924,'d',pressed,OTHHEA
629.7992,Mouse.right,pressed,OTHHEA
629.8403,'d',released,OTHHEA
630.1283,'a',pressed,OTHHEA
630.7392,'a',released,OTHHEA
633.6533,'d',pressed,OTHHEA
633.9883,'d',released,OTHHEA
634.1543,'a',pressed,OTHHEA
634.8133,'a',released,OTHHEA
634.8653,'w',released,OTHHEA
635.0573,'a',pressed,OTHHEA
635.4432,Mouse.right,released,OTHHEA
636.0863,'a',released,OTHHEA
636.1092,'d',pressed,OTHHEA
636.5773,'w',pressed,OTHHEA
636.6013,'d',released,OTHHEA
636.8852,'a',pressed,OTHHEA
636.9282,'a',released,OTHHEA
637.6202,Mouse.left,pressed,OTHHEA
637.6553,'w',released,OTHHEA
637.8193,Mouse.left,released,OTHHEA
637.8922,Mouse.left,pressed,OTHHEA
638.0472,'s',pressed,OTHHEA
638.1073,'s',released,OTHHEA
638.2355,'s',pressed,OTHHEA
638.2622,Mouse.left,released,OTHHEA
638.3712,Mouse.left,pressed,OTHHEA
638.6902,'s',released,OTHHEA
638.8962,'w',pressed,OTHHEA
638.9123,'d',pressed,OTHHEA
638.9202,'w',released,OTHHEA
639.1553,'w',pressed,OTHHEA
639.1732,Mouse.left,released,OTHHEA
639.2152,'d',released,OTHHEA
639.3433,'a',pressed,OTHHEA
639.5013,'a',released,OTHHEA
640.9652,'a',pressed,OTHHEA
641.2553,'a',released,OTHHEA
641.6422,'a',pressed,OTHHEA
642.1853,'a',released,OTHHEA
642.9882,'w',released,OTHHEA
643.1502,'w',pressed,OTHHEA
643.2383,'w',released,OTHHEA
643.4112,'d',pressed,OTHHEA
643.6153,'d',released,OTHHEA
643.9353,'a',pressed,OTHHEA
644.2422,'a',released,OTHHEA
644.4263,'a',pressed,OTHHEA
644.7952,'a',released,OTHHEA
644.8893,'a',pressed,OTHHEA
645.0554,'w',pressed,OTHHEA
645.1653,'a',released,OTHHEA
645.4612,'d',pressed,OTHHEA
645.5802,'w',released,OTHHEA
645.6772,Mouse.left,pressed,OTHHEA
645.7803,'d',released,OTHHEA
645.8143,'a',pressed,OTHHEA
645.8613,Mouse.left,released,OTHHEA
646.2652,'d',pressed,OTHHEA
646.2913,'a',released,OTHHEA
646.9723,'d',released,OTHHEA
647.0403,'s',pressed,OTHHEA
647.3242,Mouse.right,pressed,OTHHEA
647.3423,'s',released,OTHHEA
647.4262,Mouse.right,released,OTHHEA
647.4373,Mouse.left,pressed,OTHHEA
647.4822,'d',pressed,OTHHEA
647.6122,'d',released,OTHHEA
647.9433,'a',pressed,OTHHEA
648.0053,'a',released,OTHHEA
648.2753,'w',pressed,OTHHEA
648.3323,Mouse.left,released,OTHHEA
649.3094,'a',pressed,OTHHEA
649.4833,Mouse.left,pressed,OTHHEA
649.5813,'a',released,OTHHEA
649.8313,'w',released,OTHHEA
649.9282,'d',pressed,OTHHEA
649.9685,'d',released,OTHHEA
650.4093,'w',pressed,OTHHEA
650.4723,'w',released,OTHHEA
650.6345,'w',pressed,OTHHEA
651.0022,Mouse.left,released,OTHHEA
651.0974,'a',pressed,OTHHEA
651.2752,'a',released,OTHHEA
651.5282,'d',pressed,OTHHEA
651.7182,'d',released,OTHHEA
651.8383,'w',released,OTHHEA
651.9543,'w',pressed,OTHHEA
652.0042,'w',released,OTHHEA
652.0895,'w',pressed,OTHHEA
652.7353,'a',pressed,OTHHEA
652.8851,Mouse.left,pressed,OTHHEA
652.8893,'a',released,OTHHEA
652.9962,Mouse.left,released,OTHHEA
653.2923,'a',pressed,OTHHEA
653.3462,Mouse.left,pressed,OTHHEA
653.4103,'a',released,OTHHEA
653.4722,'w',released,OTHHEA
653.6973,'w',pressed,OTHHEA
653.9612,'a',pressed,OTHHEA
654.0932,'w',released,OTHHEA
657.1153,'d',pressed,OTHHEA
657.1213,'a',released,OTHHEA
657.1503,'w',pressed,OTHHEA
657.1542,Mouse.left,released,OTHHEA
657.1744,'d',released,OTHHEA
657.2172,'a',pressed,OTHHEA
657.2882,'a',released,OTHHEA
658.1613,Mouse.right,pressed,OTHHEA
658.3213,'w',released,OTHHEA
658.7484,'a',pressed,OTHHEA
658.9622,'d',pressed,OTHHEA
658.9883,'a',released,OTHHEA
659.5053,'w',pressed,OTHHEA
660.7613,'a',pressed,OTHHEA
660.7963,'w',released,OTHHEA
660.8353,'d',released,OTHHEA
661.0012,Mouse.left,pressed,OTHHEA
661.0482,Mouse.right,released,OTHHEA
661.5432,Mouse.left,released,OTHHEA
661.6542,'a',released,OTHHEA
661.7203,'w',pressed,OTHHEA
661.8804,'w',released,OTHHEA
661.9163,'w',pressed,OTHHEA
662.9263,'a',pressed,OTHHEA
663.2873,'a',released,OTHHEA
665.0732,'a',pressed,OTHHEA
665.3514,'a',released,OTHHEA
666.0502,'d',pressed,OTHHEA
666.4303,'w',released,OTHHEA
666.4623,'d',released,OTHHEA
666.6962,Mouse.left,pressed,OTHHEA
666.7213,'s',pressed,OTHHEA
667.0412,'s',released,OTHHEA
667.1582,Mouse.x1,pressed,OTHHEA
667.3892,Mouse.x1,released,OTHHEA
667.3943,'s',pressed,OTHHEA
667.4942,'s',released,OTHHEA
667.7042,'s',pressed,OTHHEA
667.9263,'s',released,OTHHEA
667.9942,Mouse.left,released,OTHHEA
679.5072,Key.tab,pressed,OTHHEA
683.4666,Key.tab,released,OTHHEA
688.4843,'w',pressed,OTHHEA
689.2082,'d',pressed,OTHHEA
689.2222,'d',released,OTHHEA
689.2823,'d',pressed,OTHHEA
689.3993,'d',released,OTHHEA
689.5693,'a',pressed,OTHHEA
689.9563,'a',released,OTHHEA
690.7033,'a',pressed,OTHHEA
691.1433,'a',released,OTHHEA
691.6603,Mouse.right,pressed,OTHHEA
692.5193,'d',pressed,OTHHEA
692.6932,'d',released,OTHHEA
693.2572,Mouse.right,released,OTHHEA
693.3823,'a',pressed,OTHHEA
693.5573,'a',released,OTHHEA
695.9323,'w',released,OTHHEA
696.0563,'w',pressed,OTHHEA
696.1322,'w',released,OTHHEA
696.2464,'w',pressed,OTHHEA
698.5932,'a',pressed,OTHHEA
699.1043,'a',released,OTHHEA
699.1303,'w',released,OTHHEA
699.4443,'w',pressed,OTHHEA
699.4973,'a',pressed,OTHHEA
699.5513,'w',released,OTHHEA
699.7502,Mouse.left,pressed,OTHHEA
699.8954,'a',released,OTHHEA
701.2034,'w',pressed,OTHHEA
702.5852,Mouse.left,released,OTHHEA
702.8112,'d',pressed,OTHHEA
702.8953,'w',released,OTHHEA
703.2046,'s',pressed,OTHHEA
703.5313,Mouse.left,pressed,OTHHEA
703.5523,'s',released,OTHHEA
703.5723,'d',released,OTHHEA
704.9982,'d',pressed,OTHHEA
705.0132,Mouse.left,released,OTHHEA
705.2793,'s',pressed,OTHHEA
705.5534,'d',released,OTHHEA
705.5572,Mouse.left,pressed,OTHHEA
705.7393,'s',released,OTHHEA
706.0053,Mouse.left,released,OTHHEA
708.0562,Key.tab,pressed,OTHHEA
709.3321,Key.tab,released,OTHHEA
712.2503,Key.tab,pressed,OTHHEA
712.8072,Key.tab,released,OTHHEA
727.5993,'w',pressed,OTHHEA
727.7313,'w',released,OTHHEA
728.5713,'w',pressed,OTHHEA
729.6883,Mouse.right,pressed,OTHHEA
731.7752,Mouse.right,released,OTHHEA
733.1682,Mouse.right,pressed,OTHHEA
733.3132,'w',released,OTHHEA
733.5873,'w',pressed,OTHHEA
733.8802,Mouse.left,pressed,OTHHEA
733.9463,Mouse.right,released,OTHHEA
734.0173,Mouse.left,released,OTHHEA
734.0803,Mouse.left,pressed,OTHHEA
734.2263,'w',released,OTHHEA
734.7542,Mouse.left,released,OTHHEA
734.8262,Mouse.left,pressed,OTHHEA
735.2633,Mouse.left,released,OTHHEA
735.4842,Mouse.left,pressed,OTHHEA
735.5063,Mouse.left,released,OTHHEA
735.5282,Mouse.left,pressed,OTHHEA
736.3293,Mouse.left,released,OTHHEA
736.3392,'w',pressed,OTHHEA
736.3852,'w',released,OTHHEA
736.5443,'a',pressed,OTHHEA
736.8283,Mouse.right,pressed,OTHHEA
737.8993,'d',pressed,OTHHEA
737.9112,'a',released,OTHHEA
738.7264,'d',released,OTHHEA
738.7593,'s',pressed,OTHHEA
738.9613,'a',pressed,OTHHEA
739.0013,'s',released,OTHHEA
739.2713,'w',pressed,OTHHEA
739.3653,'a',released,OTHHEA
739.5623,Mouse.right,released,OTHHEA
739.7363,'w',released,OTHHEA
739.8743,'w',pressed,OTHHEA
740.3213,'a',pressed,OTHHEA
740.5192,'a',released,OTHHEA
741.0143,Mouse.left,pressed,OTHHEA
741.2303,'w',released,OTHHEA
741.9193,'w',pressed,OTHHEA
742.5061,'w',released,OTHHEA
742.5522,Mouse.left,released,OTHHEA
742.6832,Mouse.left,pressed,OTHHEA
742.6943,'w',pressed,OTHHEA
742.8682,Mouse.left,released,OTHHEA
743.1252,'a',pressed,OTHHEA
744.0784,'a',released,OTHHEA
744.9834,'a',pressed,OTHHEA
745.2653,'a',released,OTHHEA
745.3163,'d',pressed,OTHHEA
745.7142,'d',released,OTHHEA
745.9673,'d',pressed,OTHHEA
746.0252,'w',released,OTHHEA
746.6655,'w',pressed,OTHHEA
746.7303,'d',released,OTHHEA
746.9531,Mouse.right,pressed,OTHHEA
747.6194,'d',pressed,OTHHEA
748.1383,'d',released,OTHHEA
748.6883,Mouse.right,released,OTHHEA
748.7423,'a',pressed,OTHHEA
749.1632,'a',released,OTHHEA
752.6303,'d',pressed,OTHHEA
752.8524,'d',released,OTHHEA
753.5433,'a',pressed,OTHHEA
753.8193,'a',released,OTHHEA
754.1803,'a',pressed,OTHHEA
755.7043,'a',released,OTHHEA
755.8022,'d',pressed,OTHHEA
755.8462,'d',released,OTHHEA
756.1363,'a',pressed,OTHHEA
757.4443,'a',released,OTHHEA
758.2483,'a',pressed,OTHHEA
758.5323,'a',released,OTHHEA
759.5973,'a',pressed,OTHHEA
759.9383,'a',released,OTHHEA
760.6773,'a',pressed,OTHHEA
761.1723,Mouse.right,pressed,OTHHEA
761.8713,'a',released,OTHHEA
762.0393,'d',pressed,OTHHEA
762.4053,'d',released,OTHHEA
762.4683,Mouse.right,released,OTHHEA
763.5173,'d',pressed,OTHHEA
763.7613,'d',released,OTHHEA
763.8933,'a',pressed,OTHHEA
764.2283,'a',released,OTHHEA
766.1463,'a',pressed,OTHHEA
766.4733,'a',released,OTHHEA
766.9882,'a',pressed,OTHHEA
767.0933,'a',released,OTHHEA
767.1794,'a',pressed,OTHHEA
767.3023,'a',released,OTHHEA
768.4333,'d',pressed,OTHHEA
768.6243,'d',released,OTHHEA
768.8004,'d',pressed,OTHHEA
769.2222,'d',released,OTHHEA
769.8393,'d',pressed,OTHHEA
770.0732,'d',released,OTHHEA
770.1532,Mouse.right,pressed,OTHHEA
770.4523,'d',pressed,OTHHEA
770.6292,Mouse.right,released,OTHHEA
771.1973,'d',released,OTHHEA
771.1993,'w',released,OTHHEA
771.3533,'s',pressed,OTHHEA
771.7583,'a',pressed,OTHHEA
771.9582,'a',released,OTHHEA
772.2893,'s',released,OTHHEA
772.6774,'w',pressed,OTHHEA
772.8913,'a',pressed,OTHHEA
773.2583,'a',released,OTHHEA
773.7815,'a',pressed,OTHHEA
774.1413,'a',released,OTHHEA
776.8383,'d',pressed,OTHHEA
777.1193,'d',released,OTHHEA
777.3214,'a',pressed,OTHHEA
779.2645,'a',released,OTHHEA
779.2743,'d',pressed,OTHHEA
779.4803,'d',released,OTHHEA
780.4263,'a',pressed,OTHHEA
780.7123,'a',released,OTHHEA
780.7713,Mouse.right,pressed,OTHHEA
780.8453,Mouse.right,released,OTHHEA
781.2831,Mouse.right,pressed,OTHHEA
782.2543,Mouse.right,released,OTHHEA
783.0593,'q',pressed,OTHHEA
783.0612,'2',pressed,OTHHEA
783.1273,'2',released,OTHHEA
783.1813,'q',released,OTHHEA
783.3292,'w',released,OTHHEA
784.0643,'q',pressed,OTHHEA
784.1623,'q',released,OTHHEA
784.4053,'q',pressed,OTHHEA
784.4393,'q',released,OTHHEA
785.0273,'q',pressed,OTHHEA
785.1503,'q',released,OTHHEA
785.5413,Mouse.left,pressed,OTHHEA
785.7912,Mouse.left,released,OTHHEA
785.9933,'w',pressed,OTHHEA
786.6663,Mouse.right,pressed,OTHHEA
786.8082,Mouse.right,released,OTHHEA
787.1023,'q',pressed,OTHHEA
787.2383,'q',released,OTHHEA
789.0512,'w',released,OTHHEA
789.3033,'d',pressed,OTHHEA
789.5101,Mouse.right,pressed,OTHHEA
789.5443,'d',released,OTHHEA
789.7063,Mouse.right,released,OTHHEA
789.7272,Mouse.left,pressed,OTHHEA
789.8363,'a',pressed,OTHHEA
789.8903,Mouse.left,released,OTHHEA
789.9723,Mouse.left,pressed,OTHHEA
790.2313,'a',released,OTHHEA
790.2414,'d',pressed,OTHHEA
790.6153,'w',pressed,OTHHEA
790.6293,'d',released,OTHHEA
791.9592,Mouse.left,released,OTHHEA
792.1074,'a',pressed,OTHHEA
792.6362,'a',released,OTHHEA
792.8624,'d',pressed,OTHHEA
792.9643,'d',released,OTHHEA
793.2893,'a',pressed,OTHHEA
793.6933,'a',released,OTHHEA
794.2143,'a',pressed,OTHHEA
794.5482,'a',released,OTHHEA
794.8124,'w',released,OTHHEA
794.8575,Mouse.right,pressed,OTHHEA
794.9215,'w',pressed,OTHHEA
795.2772,'a',pressed,OTHHEA
796.1883,'d',pressed,OTHHEA
796.2182,'a',released,OTHHEA
796.4953,'w',released,OTHHEA
796.5653,'d',released,OTHHEA
797.0052,Mouse.right,released,OTHHEA
797.1004,'w',pressed,OTHHEA
797.4903,'a',pressed,OTHHEA
797.6925,'a',released,OTHHEA
797.8353,'w',released,OTHHEA
798.0753,'w',pressed,OTHHEA
798.4533,'w',released,OTHHEA
798.6623,'a',pressed,OTHHEA
799.4293,'w',pressed,OTHHEA
799.4993,'a',released,OTHHEA
800.8853,'a',pressed,OTHHEA
801.4973,'a',released,OTHHEA
802.2543,'d',pressed,OTHHEA
802.5693,'d',released,OTHHEA
804.7383,'d',pressed,OTHHEA
804.8743,'d',released,OTHHEA
805.0022,Mouse.right,pressed,OTHHEA
806.0493,Mouse.right,released,OTHHEA
808.8333,'a',pressed,OTHHEA
809.0673,'a',released,OTHHEA
810.3513,'a',pressed,OTHHEA
810.6093,'a',released,OTHHEA
811.1943,'a',pressed,OTHHEA
811.4844,'a',released,OTHHEA
811.6313,'w',released,OTHHEA
811.7602,Mouse.left,pressed,OTHHEA
812.0053,'s',pressed,OTHHEA
812.0453,'s',released,OTHHEA
812.4023,'s',pressed,OTHHEA
812.6403,'s',released,OTHHEA
812.8453,'s',pressed,OTHHEA
812.9752,Mouse.x1,pressed,OTHHEA
813.0783,'s',released,OTHHEA
813.1133,Mouse.x1,released,OTHHEA
813.6033,'s',pressed,OTHHEA
813.6292,'a',pressed,OTHHEA
813.6513,'s',released,OTHHEA
813.6554,'a',released,OTHHEA
813.7053,Mouse.left,released,OTHHEA
816.3352,Key.tab,pressed,OTHHEA
818.6101,Key.tab,released,OTHHEA
837.1083,'w',pressed,OTHHEA
837.4363,'w',released,OTHHEA
838.5883,'w',pressed,OTHHEA
839.0343,'a',pressed,OTHHEA
839.2992,'a',released,OTHHEA
840.7274,'w',released,OTHHEA
840.8473,'w',pressed,OTHHEA
841.3174,'d',pressed,OTHHEA
841.5023,'d',released,OTHHEA
843.4243,'d',pressed,OTHHEA
843.5363,'d',released,OTHHEA
843.8413,'a',pressed,OTHHEA
844.0072,'a',released,OTHHEA
844.3722,Mouse.x1,pressed,OTHHEA
844.4582,Mouse.x1,released,OTHHEA
845.1153,'a',pressed,OTHHEA
845.4752,'a',released,OTHHEA
845.6124,Mouse.left,pressed,OTHHEA
845.9344,'a',pressed,OTHHEA
845.9543,'w',released,OTHHEA
846.0183,'a',released,OTHHEA
846.0983,'w',pressed,OTHHEA
846.2773,'a',pressed,OTHHEA
846.3122,Mouse.left,released,OTHHEA
846.3263,'w',released,OTHHEA
846.4512,Mouse.left,pressed,OTHHEA
846.8193,'w',pressed,OTHHEA
846.8513,'a',released,OTHHEA
847.0193,'d',pressed,OTHHEA
847.0252,Mouse.left,released,OTHHEA
847.1662,Mouse.right,pressed,OTHHEA
847.6042,'w',released,OTHHEA
847.9963,Mouse.left,pressed,OTHHEA
848.0323,Mouse.right,released,OTHHEA
848.0384,'d',released,OTHHEA
848.1453,'w',pressed,OTHHEA
848.6232,'w',released,OTHHEA
848.7583,'w',pressed,OTHHEA
849.1883,'a',pressed,OTHHEA
849.6063,'a',released,OTHHEA
849.6822,Mouse.left,released,OTHHEA
849.7414,'d',pressed,OTHHEA
849.7773,'d',released,OTHHEA
850.1013,'a',pressed,OTHHEA
850.4303,'a',released,OTHHEA
850.6622,'d',pressed,OTHHEA
850.8023,'d',released,OTHHEA
850.8203,'a',pressed,OTHHEA
851.1982,Mouse.left,pressed,OTHHEA
851.1993,'w',released,OTHHEA
851.6133,'a',released,OTHHEA
851.8553,Mouse.left,released,OTHHEA
851.8713,'w',pressed,OTHHEA
852.7513,'a',pressed,OTHHEA
853.0492,'a',released,OTHHEA
853.5483,'a',pressed,OTHHEA
854.0824,'a',released,OTHHEA
854.1573,Mouse.right,pressed,OTHHEA
854.1903,'w',released,OTHHEA
854.2563,Mouse.right,released,OTHHEA
854.3083,Mouse.right,pressed,OTHHEA
854.5153,'s',pressed,OTHHEA
854.5812,Mouse.left,pressed,OTHHEA
854.6394,Mouse.right,released,OTHHEA
855.0323,'s',released,OTHHEA
855.4893,Mouse.left,released,OTHHEA
855.5063,'a',pressed,OTHHEA
855.5723,'w',pressed,OTHHEA
856.1933,'a',released,OTHHEA
858.2726,'w',released,OTHHEA
883.2772,Key.esc,pressed,OTHHEA
883.3672,Key.esc,released,OTHHEA
883.9882,Key.tab,pressed,OTHHEA
884.5162,Key.tab,released,OTHHEA
884.7092,Key.esc,pressed,OTHHEA
884.8112,Key.esc,released,OTHHEA
885.1012,Key.tab,pressed,OTHHEA
885.1212,Key.caps_lock,pressed,OTHHEA
885.1632,Key.caps_lock,released,OTHHEA
885.8822,Key.tab,released,OTHHEA
886.0853,Key.esc,pressed,OTHHEA
886.1712,Key.esc,released,OTHHEA
886.9962,Key.alt_l,pressed,OTHHEA
887.2182,Key.tab,pressed,OTHHEA
887.3223,Key.tab,released,OTHHEA
887.3483,Key.alt_l,released,OTHHEA
888.1913,Mouse.left,pressed,OTHHEA
888.2672,Mouse.left,released,OTHHEA
