2.8168,Key.esc,pressed,JONSOL
2.9168,Key.esc,released,JONSOL
3.4170,'w',pressed,JONSOL
5.0367,Key.space,pressed,JONSOL
5.1768,Key.space,released,JONSOL
5.7770,Key.space,pressed,JONSOL
5.9468,Key.space,released,JONSOL
6.5268,Key.space,pressed,JONSOL
6.6369,Key.space,released,JONSOL
9.2269,'d',pressed,JONSOL
9.8870,'d',released,JONSOL
10.7171,'a',pressed,JONSOL
10.8870,'a',released,JONSOL
11.2270,'a',pressed,JONSOL
11.5775,'a',released,JONSOL
12.1369,Key.space,pressed,JONSOL
12.2969,Key.space,released,JONSOL
13.1870,'d',pressed,JONSOL
13.7973,'d',released,JONSOL
14.2274,'d',pressed,JONSOL
14.3273,'d',released,JONSOL
14.3969,'w',released,JONSOL
14.5070,Key.space,pressed,JONSOL
14.7370,Key.space,released,JONSOL
14.8870,'s',pressed,JONSOL
15.0475,'s',released,JONSOL
15.0969,Key.space,pressed,JONSOL
15.2070,'d',pressed,JONSOL
15.3968,Key.space,released,JONSOL
15.4773,'w',pressed,JONSOL
15.5570,'d',released,JONSOL
15.5971,'w',released,JONSOL
15.9272,'d',pressed,JONSOL
16.0375,'w',pressed,JONSOL
16.0773,'d',released,JONSOL
16.3974,'a',pressed,JONSOL
16.5474,'a',released,JONSOL
16.6271,'w',released,JONSOL
16.7073,Key.space,pressed,JONSOL
16.9169,Key.space,released,JONSOL
16.9183,'s',pressed,JONSOL
17.0671,Key.space,pressed,JONSOL
17.3169,Key.space,released,JONSOL
17.3972,Key.space,pressed,JONSOL
17.5668,Key.space,released,JONSOL
17.5680,'d',pressed,JONSOL
17.6071,Key.space,pressed,JONSOL
17.6371,'s',released,JONSOL
17.7668,Key.space,released,JONSOL
17.8270,'s',pressed,JONSOL
17.9071,'d',released,JONSOL
18.4267,Key.space,pressed,JONSOL
18.4470,'a',pressed,JONSOL
18.6069,Key.space,released,JONSOL
18.6270,'a',released,JONSOL
18.6667,Key.space,pressed,JONSOL
18.8271,Key.space,released,JONSOL
18.9571,Key.space,pressed,JONSOL
18.9583,'a',pressed,JONSOL
19.1069,Key.space,released,JONSOL
19.1875,Key.space,pressed,JONSOL
19.2370,'a',released,JONSOL
19.3468,Key.space,released,JONSOL
19.3869,Key.space,pressed,JONSOL
19.5471,Key.space,released,JONSOL
19.6368,Key.space,pressed,JONSOL
19.7572,'d',pressed,JONSOL
19.8271,'s',released,JONSOL
20.0171,Key.space,released,JONSOL
20.1670,Key.space,pressed,JONSOL
20.3468,Key.space,released,JONSOL
20.4168,Key.space,pressed,JONSOL
20.5770,Key.space,released,JONSOL
21.0973,'s',pressed,JONSOL
21.1674,'a',pressed,JONSOL
21.2373,'d',released,JONSOL
21.6874,'a',released,JONSOL
22.1973,'d',pressed,JONSOL
22.3475,'d',released,JONSOL
22.5175,'d',pressed,JONSOL
22.5674,'s',released,JONSOL
22.7269,'s',pressed,JONSOL
22.9369,'d',released,JONSOL
23.1670,'a',pressed,JONSOL
24.3771,'a',released,JONSOL
24.5474,'d',pressed,JONSOL
24.6570,'s',released,JONSOL
24.7772,'w',pressed,JONSOL
26.2874,'d',released,JONSOL
26.4071,'d',pressed,JONSOL
26.8268,'d',released,JONSOL
27.3869,'a',pressed,JONSOL
27.5569,'a',released,JONSOL
28.3269,'d',pressed,JONSOL
28.3570,'w',released,JONSOL
28.4670,'s',pressed,JONSOL
28.7273,'d',released,JONSOL
28.8271,'a',pressed,JONSOL
29.1370,'s',released,JONSOL
29.4374,'w',pressed,JONSOL
29.8967,Key.space,pressed,JONSOL
30.0869,Key.space,released,JONSOL
30.1171,'a',released,JONSOL
30.2870,'a',pressed,JONSOL
30.8178,'a',released,JONSOL
31.7269,Key.space,pressed,JONSOL
31.8667,Key.space,released,JONSOL
32.7969,'d',pressed,JONSOL
33.1670,'d',released,JONSOL
35.0570,'a',pressed,JONSOL
35.2172,'w',released,JONSOL
35.6673,'s',pressed,JONSOL
35.9569,'a',released,JONSOL
36.1472,'a',pressed,JONSOL
36.3374,'s',released,JONSOL
36.4772,'w',pressed,JONSOL
36.7473,'w',released,JONSOL
36.9770,'w',pressed,JONSOL
37.0869,'a',released,JONSOL
38.3767,Key.space,pressed,JONSOL
38.4767,Key.space,released,JONSOL
39.1667,Key.space,pressed,JONSOL
39.3169,Key.space,released,JONSOL
42.3371,'a',pressed,JONSOL
42.7269,'a',released,JONSOL
43.0570,'a',pressed,JONSOL
43.1267,Key.space,pressed,JONSOL
43.1669,'a',released,JONSOL
43.2168,'a',pressed,JONSOL
43.5474,'w',released,JONSOL
43.5769,Key.space,released,JONSOL
43.8771,'s',pressed,JONSOL
44.2368,'s',released,JONSOL
44.2670,Key.space,pressed,JONSOL
44.3369,'w',pressed,JONSOL
44.4570,'a',released,JONSOL
44.6468,Key.space,released,JONSOL
45.1373,'a',pressed,JONSOL
45.3175,'a',released,JONSOL
45.4969,Key.space,pressed,JONSOL
45.7066,Key.space,released,JONSOL
46.0668,Key.space,pressed,JONSOL
46.5567,Key.space,released,JONSOL
47.7071,'a',pressed,JONSOL
47.7669,'a',released,JONSOL
47.9968,'d',pressed,JONSOL
48.2468,'d',released,JONSOL
49.1569,'d',pressed,JONSOL
49.3873,'d',released,JONSOL
49.7872,'w',released,JONSOL
50.0069,'a',pressed,JONSOL
50.3569,'w',pressed,JONSOL
50.4273,'a',released,JONSOL
51.1369,'a',pressed,JONSOL
51.2470,'a',released,JONSOL
52.1668,'d',pressed,JONSOL
52.3069,'d',released,JONSOL
52.7369,'a',pressed,JONSOL
53.5968,'a',released,JONSOL
54.3578,'d',pressed,JONSOL
54.4669,'d',released,JONSOL
54.6569,'d',pressed,JONSOL
55.3168,'d',released,JONSOL
55.8667,'d',pressed,JONSOL
56.0269,'d',released,JONSOL
56.1669,'d',pressed,JONSOL
56.3772,'d',released,JONSOL
56.3971,'w',released,JONSOL
56.4071,'a',pressed,JONSOL
56.4675,'a',released,JONSOL
56.4690,'d',pressed,JONSOL
56.9172,'w',pressed,JONSOL
57.2268,'d',released,JONSOL
57.4770,'d',pressed,JONSOL
57.6969,'d',released,JONSOL
58.0269,'a',pressed,JONSOL
58.2569,'w',released,JONSOL
58.8368,'d',pressed,JONSOL
58.8572,'a',released,JONSOL
59.0471,'a',pressed,JONSOL
59.0481,'d',released,JONSOL
59.1668,'d',pressed,JONSOL
59.1677,'a',released,JONSOL
59.2870,'w',pressed,JONSOL
59.3369,'d',released,JONSOL
59.3669,'d',pressed,JONSOL
59.4570,'w',released,JONSOL
59.8973,'a',pressed,JONSOL
59.9169,'d',released,JONSOL
59.9177,'s',pressed,JONSOL
60.0072,'a',released,JONSOL
60.3370,'a',pressed,JONSOL
61.5274,'a',released,JONSOL
61.7068,'s',released,JONSOL
68.8967,Key.alt_l,pressed,JONSOL
69.0666,Key.tab,pressed,JONSOL
69.3010,Key.tab,released,JONSOL
71.6666,Key.tab,pressed,JONSOL
71.7966,Key.tab,released,JONSOL
71.8999,Key.alt_l,released,JONSOL
72.4169,Key.alt_l,pressed,JONSOL
72.5270,Key.tab,pressed,JONSOL
72.7221,Key.tab,released,JONSOL
72.7524,Key.alt_l,released,JONSOL
86.9073,'w',pressed,JONSOL
88.1168,'a',pressed,JONSOL
88.2469,'a',released,JONSOL
88.8869,Key.space,pressed,JONSOL
89.0667,Key.space,released,JONSOL
89.6768,Key.space,pressed,JONSOL
89.8666,Key.space,released,JONSOL
89.9168,'a',pressed,JONSOL
90.3569,'a',released,JONSOL
90.4868,'a',pressed,JONSOL
90.8570,'a',released,JONSOL
91.2767,'a',pressed,JONSOL
91.6770,'a',released,JONSOL
92.4369,'d',pressed,JONSOL
92.9167,'d',released,JONSOL
92.9267,'a',pressed,JONSOL
93.0867,'a',released,JONSOL
93.5869,'a',pressed,JONSOL
93.6867,'a',released,JONSOL
94.0367,'a',pressed,JONSOL
94.4370,'a',released,JONSOL
94.9866,Key.space,pressed,JONSOL
95.1169,Key.space,released,JONSOL
96.1867,Key.space,pressed,JONSOL
96.3565,Key.space,released,JONSOL
98.3370,'d',pressed,JONSOL
98.4467,'d',released,JONSOL
99.0666,Key.space,pressed,JONSOL
99.2067,Key.space,released,JONSOL
99.2169,'a',pressed,JONSOL
99.4171,'w',released,JONSOL
99.6671,'w',pressed,JONSOL
99.9467,'a',released,JONSOL
100.4966,'d',pressed,JONSOL
100.6874,'w',released,JONSOL
101.1169,'w',pressed,JONSOL
101.4766,'d',released,JONSOL
101.6767,'d',pressed,JONSOL
102.3069,'d',released,JONSOL
102.5167,'d',pressed,JONSOL
102.5970,'d',released,JONSOL
102.6475,'a',pressed,JONSOL
102.7468,'a',released,JONSOL
102.7569,'d',pressed,JONSOL
102.8268,'d',released,JONSOL
102.9568,'a',pressed,JONSOL
103.1771,'a',released,JONSOL
103.2167,'d',pressed,JONSOL
103.4071,'w',released,JONSOL
103.5968,'s',pressed,JONSOL
103.6866,'a',pressed,JONSOL
103.6875,Key.space,pressed,JONSOL
103.8567,Key.space,released,JONSOL
103.9868,'d',released,JONSOL
103.9965,Key.space,pressed,JONSOL
104.1368,'s',released,JONSOL
104.1565,Key.space,released,JONSOL
104.2769,'s',pressed,JONSOL
104.3766,Key.space,pressed,JONSOL
104.5366,Key.space,released,JONSOL
104.6066,Key.space,pressed,JONSOL
104.7567,Key.space,released,JONSOL
104.8467,Key.space,pressed,JONSOL
104.9765,Key.space,released,JONSOL
105.1275,Key.space,pressed,JONSOL
105.3867,'a',released,JONSOL
105.4468,Key.space,released,JONSOL
105.5269,'a',pressed,JONSOL
105.7167,'s',released,JONSOL
106.0470,'w',pressed,JONSOL
106.1471,'a',released,JONSOL
106.5967,'a',pressed,JONSOL
106.7371,'a',released,JONSOL
107.1671,'a',pressed,JONSOL
107.3068,'w',released,JONSOL
107.4368,'s',pressed,JONSOL
107.5671,'a',released,JONSOL
107.7166,Key.space,pressed,JONSOL
107.9067,Key.space,released,JONSOL
108.0267,Key.space,pressed,JONSOL
108.1865,Key.space,released,JONSOL
108.3770,Key.space,pressed,JONSOL
108.4567,Key.space,released,JONSOL
108.5367,'a',pressed,JONSOL
108.6468,Key.space,pressed,JONSOL
108.8065,Key.space,released,JONSOL
109.0669,'a',released,JONSOL
110.0567,'s',released,JONSOL
126.8874,'w',pressed,JONSOL
128.6467,Key.space,pressed,JONSOL
128.8166,Key.space,released,JONSOL
131.0768,Key.space,pressed,JONSOL
131.2466,Key.space,released,JONSOL
131.8965,Key.space,pressed,JONSOL
132.0465,Key.space,released,JONSOL
133.2471,'d',pressed,JONSOL
133.5666,'d',released,JONSOL
134.0271,'a',pressed,JONSOL
134.4869,'a',released,JONSOL
134.4972,'d',pressed,JONSOL
134.5967,'d',released,JONSOL
134.6770,'a',pressed,JONSOL
134.9767,'a',released,JONSOL
135.3966,'a',pressed,JONSOL
135.5970,'a',released,JONSOL
136.1067,'a',pressed,JONSOL
136.9567,'a',released,JONSOL
137.3369,'d',pressed,JONSOL
137.5670,'w',released,JONSOL
137.6766,'s',pressed,JONSOL
137.8270,'d',released,JONSOL
137.8669,'a',pressed,JONSOL
138.2869,'a',released,JONSOL
138.5368,'d',pressed,JONSOL
138.7270,'s',released,JONSOL
138.8570,'w',pressed,JONSOL
139.0466,'w',released,JONSOL
139.1672,'s',pressed,JONSOL
139.6271,'s',released,JONSOL
139.7267,'w',pressed,JONSOL
139.7868,'d',released,JONSOL
140.4468,'w',released,JONSOL
140.5167,'d',pressed,JONSOL
140.7467,'w',pressed,JONSOL
140.7766,'d',released,JONSOL
141.0466,'a',pressed,JONSOL
141.4168,'a',released,JONSOL
142.4566,'a',pressed,JONSOL
142.7670,'a',released,JONSOL
143.1567,'a',pressed,JONSOL
143.6670,'w',released,JONSOL
143.7969,'s',pressed,JONSOL
145.6367,'s',released,JONSOL
145.6566,'s',pressed,JONSOL
146.5167,'s',released,JONSOL
146.6668,'s',pressed,JONSOL
146.8165,'s',released,JONSOL
147.1769,'s',pressed,JONSOL
147.1968,'a',released,JONSOL
151.7967,'s',released,JONSOL
159.4266,'w',pressed,JONSOL
159.5466,'w',released,JONSOL
159.6166,'w',pressed,JONSOL
159.7366,'d',pressed,JONSOL
159.7569,'w',released,JONSOL
159.8967,'s',pressed,JONSOL
159.9766,'d',released,JONSOL
160.2964,Key.space,pressed,JONSOL
160.4064,Key.space,released,JONSOL
161.4368,'s',released,JONSOL
161.5367,'w',pressed,JONSOL
161.8770,'w',released,JONSOL
162.1169,'s',pressed,JONSOL
162.7166,'s',released,JONSOL
163.8766,'s',pressed,JONSOL
164.0766,'s',released,JONSOL
165.6566,'d',pressed,JONSOL
166.0168,'w',pressed,JONSOL
166.0268,'d',released,JONSOL
166.1768,'d',pressed,JONSOL
166.3765,'w',released,JONSOL
166.8467,'w',pressed,JONSOL
167.0270,'d',released,JONSOL
167.9171,'d',pressed,JONSOL
167.9969,'w',released,JONSOL
168.2568,'s',pressed,JONSOL
168.6267,'s',released,JONSOL
168.7466,'w',pressed,JONSOL
169.0269,'w',released,JONSOL
169.1866,'s',pressed,JONSOL
169.5365,'s',released,JONSOL
169.9569,'s',pressed,JONSOL
170.5675,'s',released,JONSOL
170.8165,'d',released,JONSOL
174.7969,'w',pressed,JONSOL
174.9066,'a',pressed,JONSOL
175.1065,'a',released,JONSOL
175.1864,Key.space,pressed,JONSOL
175.3866,Key.space,released,JONSOL
175.5363,Key.space,pressed,JONSOL
175.6765,Key.space,released,JONSOL
175.7465,Key.space,pressed,JONSOL
175.8167,'w',released,JONSOL
175.8965,'s',pressed,JONSOL
176.2165,Key.space,released,JONSOL
176.2865,Key.space,pressed,JONSOL
176.4566,Key.space,released,JONSOL
176.5364,Key.space,pressed,JONSOL
176.6766,Key.space,released,JONSOL
176.7665,Key.space,pressed,JONSOL
176.9266,Key.space,released,JONSOL
176.9965,Key.space,pressed,JONSOL
177.1565,Key.space,released,JONSOL
177.4969,'a',pressed,JONSOL
177.5363,Key.space,pressed,JONSOL
177.6763,Key.space,released,JONSOL
177.7364,Key.space,pressed,JONSOL
177.9068,Key.space,released,JONSOL
177.9567,Key.space,pressed,JONSOL
178.1065,Key.space,released,JONSOL
178.2568,'s',released,JONSOL
178.2966,Key.space,pressed,JONSOL
178.4068,Key.space,released,JONSOL
178.4966,'w',pressed,JONSOL
178.5364,Key.space,pressed,JONSOL
178.6964,Key.space,released,JONSOL
178.7767,Key.space,pressed,JONSOL
178.9268,Key.space,released,JONSOL
178.9368,'w',released,JONSOL
180.1866,Key.space,pressed,JONSOL
180.3566,Key.space,released,JONSOL
181.5168,'w',pressed,JONSOL
181.6368,'a',released,JONSOL
185.9767,'w',released,JONSOL
185.9966,'w',pressed,JONSOL
186.0866,'w',released,JONSOL
186.1364,'w',pressed,JONSOL
186.8767,'w',released,JONSOL
204.9163,Key.alt_l,pressed,JONSOL
205.0362,Key.alt_l,released,JONSOL
205.1162,Key.alt_l,pressed,JONSOL
205.2863,Key.tab,pressed,JONSOL
205.5880,Key.tab,released,JONSOL
205.7795,Key.alt_l,released,JONSOL
210.9063,Key.alt_l,pressed,JONSOL
211.0462,Key.tab,pressed,JONSOL
211.2063,Key.tab,released,JONSOL
211.2697,Key.alt_l,released,JONSOL
212.1462,Key.alt_l,pressed,JONSOL
212.2864,Key.tab,pressed,JONSOL
212.4107,Key.tab,released,JONSOL
214.0203,Key.alt_l,released,JONSOL
214.5293,'w',pressed,JONSOL
214.7472,'w',released,JONSOL
214.8972,'w',pressed,JONSOL
215.7067,'d',pressed,JONSOL
216.0174,'d',released,JONSOL
218.6563,Key.space,pressed,JONSOL
218.8162,Key.space,released,JONSOL
219.5763,Key.space,pressed,JONSOL
219.6961,Key.space,released,JONSOL
221.0565,'d',pressed,JONSOL
221.5464,'d',released,JONSOL
222.1367,'a',pressed,JONSOL
222.8463,'a',released,JONSOL
223.3863,'a',pressed,JONSOL
223.7867,'a',released,JONSOL
224.0263,'a',pressed,JONSOL
224.3968,'w',released,JONSOL
224.7463,'s',pressed,JONSOL
225.3964,'s',released,JONSOL
225.5464,'s',pressed,JONSOL
225.5663,'a',released,JONSOL
225.6663,'d',pressed,JONSOL
226.1065,'s',released,JONSOL
226.2163,'s',pressed,JONSOL
226.2766,'d',released,JONSOL
226.2865,'s',released,JONSOL
226.3866,'w',pressed,JONSOL
226.5364,'d',pressed,JONSOL
226.7566,'d',released,JONSOL
226.7965,'w',released,JONSOL
226.8266,'a',pressed,JONSOL
226.8864,'s',pressed,JONSOL
226.9365,'a',released,JONSOL
227.0064,'d',pressed,JONSOL
227.2065,'d',released,JONSOL
227.2464,'a',pressed,JONSOL
227.3865,'s',released,JONSOL
227.8764,'s',pressed,JONSOL
227.9765,'a',released,JONSOL
228.0863,'d',pressed,JONSOL
228.3464,'d',released,JONSOL
228.9364,'d',pressed,JONSOL
229.4269,'s',released,JONSOL
230.5064,'s',pressed,JONSOL
231.0765,'d',released,JONSOL
231.9765,'a',pressed,JONSOL
232.6964,'s',released,JONSOL
233.2566,'w',pressed,JONSOL
233.3369,'a',released,JONSOL
234.0664,'a',pressed,JONSOL
234.1065,'w',released,JONSOL
234.2865,'s',pressed,JONSOL
234.4369,'a',released,JONSOL
234.5368,'d',pressed,JONSOL
234.5765,'s',released,JONSOL
234.7163,'d',released,JONSOL
234.7665,'a',pressed,JONSOL
235.1466,'w',pressed,JONSOL
235.2464,'w',released,JONSOL
235.6865,'a',released,JONSOL
236.4669,'w',pressed,JONSOL
236.7264,'d',pressed,JONSOL
237.2764,'d',released,JONSOL
237.4765,'w',released,JONSOL
237.6470,'d',pressed,JONSOL
238.1564,'a',pressed,JONSOL
238.2463,'d',released,JONSOL
238.6864,Key.space,pressed,JONSOL
238.9062,Key.space,released,JONSOL
240.2364,'a',released,JONSOL
255.4265,'y',pressed,JONSOL
255.5363,'y',released,JONSOL
255.9164,'l',pressed,JONSOL
256.0164,'l',released,JONSOL
256.0563,'e',pressed,JONSOL
256.1264,'e',released,JONSOL
256.2362,'a',pressed,JONSOL
256.3764,'a',released,JONSOL
256.6062,'v',pressed,JONSOL
256.7164,'v',released,JONSOL
256.7463,'e',pressed,JONSOL
256.8461,'e',released,JONSOL
257.0869,'w',pressed,JONSOL
257.1963,'w',released,JONSOL
257.2861,Key.enter,pressed,JONSOL
257.3861,Key.enter,released,JONSOL
258.3166,'w',pressed,JONSOL
260.0561,Key.space,pressed,JONSOL
260.2361,Key.space,released,JONSOL
261.0662,Key.space,pressed,JONSOL
261.2260,Key.space,released,JONSOL
262.8763,'d',pressed,JONSOL
263.1263,'d',released,JONSOL
263.3860,Key.space,pressed,JONSOL
263.5961,Key.space,released,JONSOL
264.5563,'d',pressed,JONSOL
265.6765,'d',released,JONSOL
265.7462,'a',pressed,JONSOL
265.8962,'a',released,JONSOL
265.9463,'d',pressed,JONSOL
266.0566,'d',released,JONSOL
266.0863,'a',pressed,JONSOL
266.1863,'w',released,JONSOL
266.2763,'s',pressed,JONSOL
266.3365,'a',released,JONSOL
266.5464,'d',pressed,JONSOL
266.6764,'s',released,JONSOL
266.8565,'w',pressed,JONSOL
266.9465,'a',pressed,JONSOL
266.9473,'d',released,JONSOL
267.0363,'w',released,JONSOL
267.1563,'s',pressed,JONSOL
267.2965,'a',released,JONSOL
267.5364,'d',pressed,JONSOL
267.6063,'s',released,JONSOL
267.7163,'a',pressed,JONSOL
267.7265,'w',pressed,JONSOL
267.7664,'d',released,JONSOL
267.7965,'w',released,JONSOL
268.4064,'s',pressed,JONSOL
268.5765,'a',released,JONSOL
268.6262,'d',pressed,JONSOL
268.6865,'s',released,JONSOL
268.8064,'s',pressed,JONSOL
268.9963,'d',released,JONSOL
269.2262,'a',pressed,JONSOL
269.3662,'a',released,JONSOL
269.4764,'s',released,JONSOL
269.7762,'d',pressed,JONSOL
269.9363,'d',released,JONSOL
270.1464,'w',pressed,JONSOL
270.2463,'w',released,JONSOL
270.4764,'s',pressed,JONSOL
270.6464,'s',released,JONSOL
270.7367,'d',pressed,JONSOL
270.8265,'d',released,JONSOL
271.0668,'w',pressed,JONSOL
271.2364,'w',released,JONSOL
271.3362,'w',pressed,JONSOL
271.5462,'w',released,JONSOL
271.9468,'w',pressed,JONSOL
272.1066,'w',released,JONSOL
273.0464,'d',pressed,JONSOL
273.0966,'d',released,JONSOL
273.3663,'a',pressed,JONSOL
273.5566,'a',released,JONSOL
274.2066,'d',pressed,JONSOL
274.5164,'s',pressed,JONSOL
274.7167,'s',released,JONSOL
274.9463,'w',pressed,JONSOL
274.9764,'d',released,JONSOL
275.4962,'d',pressed,JONSOL
275.5668,'w',released,JONSOL
275.7665,'d',released,JONSOL
275.8063,'w',pressed,JONSOL
275.8664,'d',pressed,JONSOL
275.9064,'w',released,JONSOL
276.2063,'d',released,JONSOL
276.3462,'d',pressed,JONSOL
276.5162,'d',released,JONSOL
276.5466,'a',pressed,JONSOL
277.4162,'d',pressed,JONSOL
277.4263,'a',released,JONSOL
277.7463,'d',released,JONSOL
277.7662,'a',pressed,JONSOL
278.0467,'a',released,JONSOL
279.5664,'d',pressed,JONSOL
279.6763,'d',released,JONSOL
280.4663,'s',pressed,JONSOL
280.6863,'s',released,JONSOL
280.7262,'a',pressed,JONSOL
280.8463,'a',released,JONSOL
280.9462,'d',pressed,JONSOL
281.1365,'s',pressed,JONSOL
281.1965,'d',released,JONSOL
281.3362,'s',released,JONSOL
281.8664,'d',pressed,JONSOL
282.5763,'w',pressed,JONSOL
282.8466,'w',released,JONSOL
282.9165,'d',released,JONSOL
282.9169,'s',pressed,JONSOL
283.0067,'a',pressed,JONSOL
283.8364,'s',released,JONSOL
283.9862,'a',released,JONSOL
284.0063,'a',pressed,JONSOL
284.1062,'d',pressed,JONSOL
284.1072,'a',released,JONSOL
284.2762,'w',pressed,JONSOL
284.5664,'d',released,JONSOL
284.6163,'a',pressed,JONSOL
284.6364,'w',released,JONSOL
284.8166,'a',released,JONSOL
284.8963,'a',pressed,JONSOL
284.9863,'a',released,JONSOL
285.0364,'d',pressed,JONSOL
285.5363,'a',pressed,JONSOL
285.5464,'d',released,JONSOL
285.9964,'a',released,JONSOL
286.0463,'d',pressed,JONSOL
286.3563,'a',pressed,JONSOL
286.3573,'d',released,JONSOL
286.7163,'a',released,JONSOL
286.7562,'d',pressed,JONSOL
287.1265,'d',released,JONSOL
287.1562,'a',pressed,JONSOL
287.4462,'a',released,JONSOL
287.4864,'d',pressed,JONSOL
288.0464,'a',pressed,JONSOL
288.1464,'d',released,JONSOL
288.6963,'d',pressed,JONSOL
288.7363,'a',released,JONSOL
289.2262,'a',pressed,JONSOL
289.2763,'d',released,JONSOL
289.8261,'d',pressed,JONSOL
289.8761,'a',released,JONSOL
290.3664,'a',pressed,JONSOL
290.4363,'d',released,JONSOL
291.0262,'a',released,JONSOL
291.0661,'d',pressed,JONSOL
291.5061,'a',pressed,JONSOL
291.5662,'d',released,JONSOL
291.9365,'a',released,JONSOL
291.9466,'d',pressed,JONSOL
292.3165,'d',released,JONSOL
292.3262,'a',pressed,JONSOL
292.4661,'w',pressed,JONSOL
292.4864,'a',released,JONSOL
292.6564,'w',released,JONSOL
292.7665,'w',pressed,JONSOL
292.8762,'w',released,JONSOL
292.9763,'d',pressed,JONSOL
293.0865,'d',released,JONSOL
293.1463,'s',pressed,JONSOL
293.3063,'s',released,JONSOL
293.3863,'s',pressed,JONSOL
293.5163,'s',released,JONSOL
293.7763,'w',pressed,JONSOL
293.9667,'w',released,JONSOL
294.0563,'a',pressed,JONSOL
294.4666,'s',pressed,JONSOL
294.5362,'a',released,JONSOL
295.0062,'s',released,JONSOL
295.5863,'s',pressed,JONSOL
295.7062,'s',released,JONSOL
297.6964,'d',pressed,JONSOL
297.9266,'w',pressed,JONSOL
298.5964,'d',released,JONSOL
298.6564,'a',pressed,JONSOL
298.7767,'a',released,JONSOL
299.3362,'d',pressed,JONSOL
299.7162,'d',released,JONSOL
300.0064,'d',pressed,JONSOL
300.6961,'d',released,JONSOL
301.5365,'a',pressed,JONSOL
301.9263,'a',released,JONSOL
302.4061,'d',pressed,JONSOL
303.7162,Key.space,pressed,JONSOL
303.7365,'w',released,JONSOL
303.7863,'d',released,JONSOL
303.8063,Key.space,released,JONSOL
303.8962,'a',pressed,JONSOL
303.9163,'s',pressed,JONSOL
304.8566,'a',released,JONSOL
305.0064,'d',pressed,JONSOL
305.5366,'d',released,JONSOL
306.3366,'d',pressed,JONSOL
306.4863,'d',released,JONSOL
306.8864,'a',pressed,JONSOL
307.0363,'s',released,JONSOL
308.1564,'a',released,JONSOL
308.1663,'d',pressed,JONSOL
308.3664,'s',pressed,JONSOL
308.5463,'s',released,JONSOL
308.7963,'w',pressed,JONSOL
308.8763,'d',released,JONSOL
309.0162,'d',pressed,JONSOL
309.2663,'d',released,JONSOL
309.4062,'d',pressed,JONSOL
309.7567,'d',released,JONSOL
310.4465,'d',pressed,JONSOL
311.5465,'d',released,JONSOL
311.6262,'a',pressed,JONSOL
311.7169,'w',released,JONSOL
311.8763,'d',pressed,JONSOL
311.9268,'a',released,JONSOL
311.9465,'w',pressed,JONSOL
312.0361,'w',released,JONSOL
312.1366,'a',pressed,JONSOL
312.1761,'d',released,JONSOL
312.3162,'d',pressed,JONSOL
312.3763,'a',released,JONSOL
312.8362,'w',pressed,JONSOL
313.2962,'d',released,JONSOL
315.4162,'d',pressed,JONSOL
316.4763,'d',released,JONSOL
316.8661,'d',pressed,JONSOL
317.1162,'d',released,JONSOL
317.1662,'w',released,JONSOL
317.5364,'a',pressed,JONSOL
317.6560,'a',released,JONSOL
318.0963,'w',pressed,JONSOL
318.1961,'w',released,JONSOL
318.4561,'a',pressed,JONSOL
318.6764,'a',released,JONSOL
319.6067,'w',pressed,JONSOL
319.7262,'w',released,JONSOL
319.9065,'s',pressed,JONSOL
319.9760,'s',released,JONSOL
320.1167,'a',pressed,JONSOL
320.2263,'a',released,JONSOL
320.7162,'a',pressed,JONSOL
323.7363,'a',released,JONSOL
347.9061,'w',pressed,JONSOL
349.6259,Key.space,pressed,JONSOL
349.8563,Key.space,released,JONSOL
350.4860,'a',pressed,JONSOL
350.5461,'a',released,JONSOL
350.7162,'a',pressed,JONSOL
351.1062,'a',released,JONSOL
352.6562,'a',pressed,JONSOL
352.7861,'a',released,JONSOL
352.8263,'a',pressed,JONSOL
353.0061,'a',released,JONSOL
353.0561,'a',pressed,JONSOL
353.3464,'a',released,JONSOL
353.8160,'a',pressed,JONSOL
353.9963,'a',released,JONSOL
355.2761,'d',pressed,JONSOL
355.4864,'d',released,JONSOL
355.5362,'a',pressed,JONSOL
356.2072,'a',released,JONSOL
356.2671,'d',pressed,JONSOL
356.4360,'d',released,JONSOL
356.6072,'d',pressed,JONSOL
356.7562,'d',released,JONSOL
357.1470,'a',pressed,JONSOL
357.3761,'a',released,JONSOL
357.6561,'a',pressed,JONSOL
358.1072,'a',released,JONSOL
358.7962,'a',pressed,JONSOL
359.0076,'w',released,JONSOL
359.4671,'w',pressed,JONSOL
359.6961,'w',released,JONSOL
359.7870,'w',pressed,JONSOL
359.9360,'d',pressed,JONSOL
359.9470,'a',released,JONSOL
360.2959,'a',pressed,JONSOL
360.3160,'d',released,JONSOL
360.3274,'w',released,JONSOL
360.4274,'w',pressed,JONSOL
360.4961,'w',released,JONSOL
360.5360,'a',released,JONSOL
360.5760,'a',pressed,JONSOL
360.6560,'d',pressed,JONSOL
360.7365,'w',pressed,JONSOL
360.7368,'a',released,JONSOL
360.8360,'w',released,JONSOL
360.9072,'a',pressed,JONSOL
361.0160,'a',released,JONSOL
361.2560,'s',pressed,JONSOL
361.6871,'s',released,JONSOL
361.8964,'w',pressed,JONSOL
362.5270,'d',released,JONSOL
362.8760,'d',pressed,JONSOL
363.1561,'w',released,JONSOL
363.1761,'a',pressed,JONSOL
363.1962,'d',released,JONSOL
363.3961,'w',pressed,JONSOL
363.4870,'a',released,JONSOL
363.9363,'d',pressed,JONSOL
364.3672,'d',released,JONSOL
364.5564,'d',pressed,JONSOL
365.2672,'a',pressed,JONSOL
365.2871,'d',released,JONSOL
365.4369,'a',released,JONSOL
365.6473,'a',pressed,JONSOL
365.8673,'a',released,JONSOL
365.8876,'d',pressed,JONSOL
366.0161,'a',pressed,JONSOL
366.0365,'d',released,JONSOL
366.2270,'w',released,JONSOL
366.5873,'w',pressed,JONSOL
366.6761,Key.space,pressed,JONSOL
366.8471,Key.space,released,JONSOL
366.8682,'a',released,JONSOL
367.0070,'a',pressed,JONSOL
367.4559,Key.space,pressed,JONSOL
367.6270,Key.space,released,JONSOL
368.1762,'d',pressed,JONSOL
368.1871,'a',released,JONSOL
368.6159,'d',released,JONSOL
368.6669,Key.space,pressed,JONSOL
368.7363,'d',pressed,JONSOL
368.8669,Key.space,released,JONSOL
369.1763,'w',released,JONSOL
369.5473,'w',pressed,JONSOL
369.7160,'d',released,JONSOL
370.4159,'d',pressed,JONSOL
370.5764,'d',released,JONSOL
371.0363,'d',pressed,JONSOL
371.2569,'d',released,JONSOL
371.5160,'a',pressed,JONSOL
372.1360,'w',released,JONSOL
372.6960,'w',pressed,JONSOL
372.9676,'d',pressed,JONSOL
372.9961,'a',released,JONSOL
373.2161,'d',released,JONSOL
373.2470,'a',pressed,JONSOL
373.4671,'a',released,JONSOL
373.9071,'d',pressed,JONSOL
374.7164,'d',released,JONSOL
374.8159,'d',pressed,JONSOL
375.8972,'d',released,JONSOL
375.9070,'a',pressed,JONSOL
376.0371,'a',released,JONSOL
376.1274,'w',released,JONSOL
376.1377,'a',pressed,JONSOL
376.1761,'a',released,JONSOL
376.2170,'s',pressed,JONSOL
376.6960,'s',released,JONSOL
376.7771,'w',pressed,JONSOL
376.9470,'d',pressed,JONSOL
377.0472,'d',released,JONSOL
377.1377,'a',pressed,JONSOL
377.3571,'w',released,JONSOL
377.4569,'w',pressed,JONSOL
377.6571,'a',released,JONSOL
377.7873,'a',pressed,JONSOL
377.8469,'w',released,JONSOL
378.0878,'a',released,JONSOL
378.1277,'d',pressed,JONSOL
378.1370,'s',pressed,JONSOL
379.0776,'d',released,JONSOL
379.3471,'d',pressed,JONSOL
379.7275,'s',released,JONSOL
379.8672,'w',pressed,JONSOL
379.9569,'d',released,JONSOL
380.1472,'d',pressed,JONSOL
380.2472,'w',released,JONSOL
380.4872,'a',pressed,JONSOL
380.4883,'d',released,JONSOL
380.5470,'w',pressed,JONSOL
380.7372,'w',released,JONSOL
381.5171,'d',pressed,JONSOL
381.5271,'a',released,JONSOL
381.5573,'w',pressed,JONSOL
381.7171,'w',released,JONSOL
381.9273,'d',released,JONSOL
381.9371,'a',pressed,JONSOL
382.0569,'d',pressed,JONSOL
382.0870,'a',released,JONSOL
382.2471,'a',pressed,JONSOL
382.3570,'d',released,JONSOL
382.6571,'d',pressed,JONSOL
382.6872,'a',released,JONSOL
382.7374,'w',pressed,JONSOL
382.7772,'d',released,JONSOL
382.7871,'a',pressed,JONSOL
383.2374,'w',released,JONSOL
384.1769,'s',pressed,JONSOL
384.1779,'a',released,JONSOL
384.3472,'s',released,JONSOL
384.4969,'d',pressed,JONSOL
384.6171,'w',pressed,JONSOL
384.6375,'d',released,JONSOL
384.7772,'a',pressed,JONSOL
384.8376,'w',released,JONSOL
384.8385,'d',pressed,JONSOL
384.8470,'a',released,JONSOL
384.9672,'s',pressed,JONSOL
385.2176,'d',released,JONSOL
386.5271,'a',pressed,JONSOL
386.6370,'s',released,JONSOL
386.6571,'s',pressed,JONSOL
386.7672,'a',released,JONSOL
387.6074,'s',released,JONSOL
392.7667,Key.tab,pressed,JONSOL
393.6868,Key.tab,released,JONSOL
408.9972,'w',pressed,JONSOL
410.5769,Key.space,pressed,JONSOL
410.7771,Key.space,released,JONSOL
411.3068,Key.space,pressed,JONSOL
411.4967,Key.space,released,JONSOL
412.8868,'a',pressed,JONSOL
413.1973,'a',released,JONSOL
414.0172,'d',pressed,JONSOL
414.1876,Key.space,pressed,JONSOL
414.4070,Key.space,released,JONSOL
414.4269,'w',released,JONSOL
414.6970,'w',pressed,JONSOL
414.8570,'d',released,JONSOL
415.0671,'d',pressed,JONSOL
415.2073,'d',released,JONSOL
415.3370,'a',pressed,JONSOL
415.8773,'a',released,JONSOL
416.2074,'a',pressed,JONSOL
416.8970,'a',released,JONSOL
417.6070,'d',pressed,JONSOL
417.7369,'d',released,JONSOL
417.7668,Key.space,pressed,JONSOL
417.9567,Key.space,released,JONSOL
417.9970,'a',pressed,JONSOL
418.3671,'a',released,JONSOL
418.6070,Key.space,pressed,JONSOL
418.7868,Key.space,released,JONSOL
419.6074,'d',pressed,JONSOL
419.6571,'w',released,JONSOL
419.6867,'d',released,JONSOL
419.7669,'s',pressed,JONSOL
420.1870,'s',released,JONSOL
420.3171,'w',pressed,JONSOL
420.9070,'d',pressed,JONSOL
421.1171,'d',released,JONSOL
422.0174,'d',pressed,JONSOL
422.1970,'d',released,JONSOL
422.5468,'a',pressed,JONSOL
422.7072,'w',released,JONSOL
423.3570,'w',pressed,JONSOL
423.6571,'a',released,JONSOL
423.6777,'d',pressed,JONSOL
423.6969,'a',pressed,JONSOL
423.7272,'d',released,JONSOL
423.7671,'w',released,JONSOL
423.8068,'d',pressed,JONSOL
423.8472,'a',released,JONSOL
424.2669,Key.space,pressed,JONSOL
424.4369,Key.space,released,JONSOL
424.4870,Key.space,pressed,JONSOL
424.6370,Key.space,released,JONSOL
424.7468,Key.space,pressed,JONSOL
424.8870,Key.space,released,JONSOL
425.0670,'a',pressed,JONSOL
425.3568,Key.space,pressed,JONSOL
425.5271,Key.space,released,JONSOL
425.6870,'d',released,JONSOL
426.0868,'w',pressed,JONSOL
426.2169,'w',released,JONSOL
426.4870,'s',pressed,JONSOL
426.6270,'a',released,JONSOL
426.7068,Key.space,pressed,JONSOL
426.8570,Key.space,released,JONSOL
427.2867,Key.space,pressed,JONSOL
427.4467,Key.space,released,JONSOL
428.0574,'a',pressed,JONSOL
428.1271,'s',released,JONSOL
428.2170,'w',pressed,JONSOL
428.2569,'a',released,JONSOL
428.5368,'d',pressed,JONSOL
428.7972,'d',released,JONSOL
429.0770,'d',pressed,JONSOL
429.6672,'d',released,JONSOL
429.7269,'a',pressed,JONSOL
430.0469,'a',released,JONSOL
430.0972,'d',pressed,JONSOL
430.3173,'w',released,JONSOL
430.6370,'w',pressed,JONSOL
430.7869,'d',released,JONSOL
430.8970,'d',pressed,JONSOL
430.9671,'d',released,JONSOL
431.3070,'d',pressed,JONSOL
431.8969,'d',released,JONSOL
432.5970,'a',pressed,JONSOL
433.2169,Key.space,pressed,JONSOL
433.3769,Key.space,released,JONSOL
433.8768,'a',released,JONSOL
433.9368,'d',pressed,JONSOL
434.0770,Key.space,pressed,JONSOL
434.2468,Key.space,released,JONSOL
434.2669,'w',released,JONSOL
434.3468,Key.space,pressed,JONSOL
434.5367,Key.space,released,JONSOL
434.7770,'a',pressed,JONSOL
435.0069,'d',released,JONSOL
435.1368,'s',pressed,JONSOL
435.2669,Key.space,pressed,JONSOL
435.4769,Key.space,released,JONSOL
435.5566,Key.space,pressed,JONSOL
435.5867,'a',released,JONSOL
435.6966,Key.space,released,JONSOL
435.8369,Key.space,pressed,JONSOL
435.9869,Key.space,released,JONSOL
436.0371,'a',pressed,JONSOL
436.1167,Key.space,pressed,JONSOL
436.2666,Key.space,released,JONSOL
436.8766,Key.space,pressed,JONSOL
436.9973,'a',released,JONSOL
437.0466,Key.space,released,JONSOL
437.2466,Key.space,pressed,JONSOL
437.3869,Key.space,released,JONSOL
437.4371,'a',pressed,JONSOL
437.6369,'s',released,JONSOL
437.7671,'w',pressed,JONSOL
438.0969,'w',released,JONSOL
438.2272,'w',pressed,JONSOL
438.6866,Key.space,pressed,JONSOL
438.8768,Key.space,released,JONSOL
438.9666,Key.space,pressed,JONSOL
439.1166,Key.space,released,JONSOL
439.5570,'a',released,JONSOL
440.0971,'d',pressed,JONSOL
440.4071,'d',released,JONSOL
442.3374,'d',pressed,JONSOL
442.4171,'w',released,JONSOL
442.6769,'s',pressed,JONSOL
442.9268,'d',released,JONSOL
443.1770,'a',pressed,JONSOL
443.5268,'a',released,JONSOL
444.2367,'a',pressed,JONSOL
445.2470,'a',released,JONSOL
445.7369,'a',pressed,JONSOL
445.8171,'s',released,JONSOL
445.9274,'w',pressed,JONSOL
446.0670,'a',released,JONSOL
446.1770,'a',pressed,JONSOL
446.3271,'w',released,JONSOL
446.4771,'s',pressed,JONSOL
447.0872,'s',released,JONSOL
447.2072,'w',pressed,JONSOL
447.2973,'a',released,JONSOL
449.9372,'d',pressed,JONSOL
450.0274,'w',released,JONSOL
450.4670,'s',pressed,JONSOL
450.6667,'d',released,JONSOL
450.7068,'a',pressed,JONSOL
451.1367,'a',released,JONSOL
451.1669,'d',pressed,JONSOL
451.7568,'d',released,JONSOL
451.8068,'a',pressed,JONSOL
452.1173,'s',released,JONSOL
452.3971,'w',pressed,JONSOL
452.6070,'a',released,JONSOL
453.0570,'d',pressed,JONSOL
453.6167,'d',released,JONSOL
453.6668,'d',pressed,JONSOL
453.9271,'d',released,JONSOL
454.2669,'a',pressed,JONSOL
455.1171,'w',released,JONSOL
455.5169,'w',pressed,JONSOL
455.5868,'a',released,JONSOL
455.6672,'a',pressed,JONSOL
455.7471,'a',released,JONSOL
457.2668,'a',pressed,JONSOL
458.0567,'a',released,JONSOL
458.1868,'d',pressed,JONSOL
458.3368,'d',released,JONSOL
458.8770,'d',pressed,JONSOL
459.1868,'d',released,JONSOL
459.9567,'d',pressed,JONSOL
460.1668,'d',released,JONSOL
462.2770,'a',pressed,JONSOL
462.7468,'a',released,JONSOL
462.9874,'a',pressed,JONSOL
463.1970,'a',released,JONSOL
463.7268,'a',pressed,JONSOL
463.8870,'a',released,JONSOL
464.5067,'d',pressed,JONSOL
464.5667,'w',released,JONSOL
464.6568,'s',pressed,JONSOL
464.9569,'a',pressed,JONSOL
464.9578,'d',released,JONSOL
464.9868,'s',released,JONSOL
465.0668,'a',released,JONSOL
465.0769,'w',pressed,JONSOL
465.9866,Key.space,pressed,JONSOL
466.7166,Key.space,released,JONSOL
466.9169,'d',pressed,JONSOL
467.5268,'w',released,JONSOL
467.5768,'d',released,JONSOL
467.7367,'d',pressed,JONSOL
467.8867,'d',released,JONSOL
467.9167,'d',pressed,JONSOL
468.4668,'d',released,JONSOL
487.3866,'w',pressed,JONSOL
489.0065,Key.space,pressed,JONSOL
489.1865,Key.space,released,JONSOL
489.8366,Key.space,pressed,JONSOL
490.0265,Key.space,released,JONSOL
491.3666,'a',pressed,JONSOL
491.6268,'a',released,JONSOL
492.9167,'d',pressed,JONSOL
493.5367,'d',released,JONSOL
493.6367,'a',pressed,JONSOL
493.9667,'a',released,JONSOL
494.4867,'a',pressed,JONSOL
494.8769,'a',released,JONSOL
495.3266,Key.space,pressed,JONSOL
495.5265,Key.space,released,JONSOL
496.0267,Key.space,pressed,JONSOL
496.2066,Key.space,released,JONSOL
496.7866,Key.space,pressed,JONSOL
496.9465,Key.space,released,JONSOL
498.5968,Key.space,pressed,JONSOL
498.7065,Key.space,released,JONSOL
499.2168,'a',pressed,JONSOL
500.6367,'a',released,JONSOL
501.4567,Key.space,pressed,JONSOL
501.6168,Key.space,released,JONSOL
501.7167,Key.space,pressed,JONSOL
501.8469,Key.space,released,JONSOL
501.9469,Key.space,pressed,JONSOL
502.1067,Key.space,released,JONSOL
502.1669,'w',released,JONSOL
502.1774,Key.space,pressed,JONSOL
502.2171,'d',pressed,JONSOL
502.2969,'s',pressed,JONSOL
502.4565,Key.space,released,JONSOL
502.5469,Key.space,pressed,JONSOL
502.6968,Key.space,released,JONSOL
502.7475,Key.space,pressed,JONSOL
502.8969,Key.space,released,JONSOL
502.9664,Key.space,pressed,JONSOL
503.0868,Key.space,released,JONSOL
503.5269,Key.space,pressed,JONSOL
503.6866,Key.space,released,JONSOL
503.7866,Key.space,pressed,JONSOL
503.9267,Key.space,released,JONSOL
504.2768,'d',released,JONSOL
504.3566,'s',released,JONSOL
504.4468,'w',pressed,JONSOL
504.5667,'a',pressed,JONSOL
504.6666,'w',released,JONSOL
504.6868,'w',pressed,JONSOL
504.8466,'w',released,JONSOL
505.0165,Key.space,pressed,JONSOL
505.0367,'w',pressed,JONSOL
505.1570,'w',released,JONSOL
505.2066,Key.space,released,JONSOL
505.3167,Key.space,pressed,JONSOL
505.4768,'w',pressed,JONSOL
505.4966,Key.space,released,JONSOL
505.6170,'w',released,JONSOL
505.6365,Key.space,pressed,JONSOL
505.6967,'d',pressed,JONSOL
505.8367,'a',released,JONSOL
505.8769,'a',pressed,JONSOL
505.8776,'w',pressed,JONSOL
505.9466,'d',released,JONSOL
506.1466,'d',pressed,JONSOL
506.1971,Key.space,released,JONSOL
506.2367,'d',released,JONSOL
506.5566,'d',pressed,JONSOL
506.5866,'a',released,JONSOL
506.5876,'w',released,JONSOL
506.7967,'s',pressed,JONSOL
507.2067,'a',pressed,JONSOL
507.2170,'d',released,JONSOL
507.2182,'s',released,JONSOL
507.6969,'d',pressed,JONSOL
507.7370,'a',released,JONSOL
508.0368,'s',pressed,JONSOL
508.1967,'d',released,JONSOL
508.2370,'a',pressed,JONSOL
508.2568,'s',released,JONSOL
508.6466,'w',pressed,JONSOL
508.7266,'a',released,JONSOL
510.3764,Key.space,pressed,JONSOL
510.5265,Key.space,released,JONSOL
511.0665,Key.space,pressed,JONSOL
511.2366,Key.space,released,JONSOL
511.3264,Key.space,pressed,JONSOL
511.4964,Key.space,released,JONSOL
512.3968,'a',pressed,JONSOL
512.5767,'a',released,JONSOL
513.2769,'a',pressed,JONSOL
513.4069,'w',released,JONSOL
513.5369,'s',pressed,JONSOL
513.7667,'a',released,JONSOL
514.5468,'a',pressed,JONSOL
515.0967,'a',released,JONSOL
515.9969,'a',pressed,JONSOL
516.4367,'a',released,JONSOL
516.8467,'a',pressed,JONSOL
517.0666,'s',released,JONSOL
517.2867,'s',pressed,JONSOL
517.7267,'a',released,JONSOL
518.2368,'a',pressed,JONSOL
518.4967,'a',released,JONSOL
520.2567,'s',released,JONSOL
537.4666,'w',pressed,JONSOL
539.2564,Key.space,pressed,JONSOL
539.4664,Key.space,released,JONSOL
539.9964,Key.space,pressed,JONSOL
540.1367,Key.space,released,JONSOL
542.6166,'a',pressed,JONSOL
543.0068,'a',released,JONSOL
543.7165,'d',pressed,JONSOL
545.2265,'d',released,JONSOL
545.6664,Key.space,pressed,JONSOL
545.8365,Key.space,released,JONSOL
546.2465,Key.space,pressed,JONSOL
546.3769,Key.space,released,JONSOL
546.4866,Key.space,pressed,JONSOL
546.6064,Key.space,released,JONSOL
546.9965,'d',pressed,JONSOL
547.6668,'d',released,JONSOL
