0.0932,Mouse.left,released
1.7823,Mouse.left,pressed
1.8652,Mouse.left,released
3.8152,Mouse.left,pressed
3.9172,Mouse.left,released
18.7761,'c',pressed,OTHPYR
18.8360,Mouse.left,pressed
18.9120,'c',released,OTHPYR
18.9322,Mouse.left,released
21.5773,Mouse.left,pressed
21.6703,Mouse.left,released
24.9391,'s',pressed,OTHPYR
25.2133,'s',released,OTHPYR
25.5436,'d',pressed,OTHPYR
25.6359,'w',pressed,OTHPYR
25.7489,'d',released,OTHPYR
25.8413,'w',released,OTHPYR
26.3550,'w',pressed,OTHPYR
26.6369,'a',pressed,OTHPYR
26.8049,'a',released,OTHPYR
26.9193,Mouse.left,pressed
27.0099,'w',released,OTHPYR
27.2211,Mouse.left,released
27.4201,'s',pressed,OTHPYR
27.9360,'a',pressed,OTHPYR
28.1150,'s',released,OTHPYR
28.5601,'w',pressed,OTHPYR
29.0569,'w',released,OTHPYR
29.2980,Mouse.left,pressed
29.3139,'a',released,OTHPYR
29.5750,Mouse.left,released
29.8330,'d',pressed,OTHPYR
30.1990,'w',pressed,OTHPYR
30.4250,'d',released,OTHPYR
30.6700,'w',released,OTHPYR
30.9732,'r',pressed,OTHPYR
31.1190,'r',released,OTHPYR
31.6049,'r',pressed,OTHPYR
31.7629,'r',released,OTHPYR
32.0030,'r',pressed,OTHPYR
32.1539,'r',released,OTHPYR
32.3493,'r',pressed,OTHPYR
32.4876,'r',released,OTHPYR
33.0070,'r',pressed,OTHPYR
33.1659,'r',released,OTHPYR
33.7228,'a',pressed,OTHPYR
34.0766,'a',released,OTHPYR
34.6951,'s',pressed,OTHPYR
35.3360,'s',released,OTHPYR
36.0400,'d',pressed,OTHPYR
36.6890,'s',pressed,OTHPYR
36.7551,'d',released,OTHPYR
36.9899,'d',pressed,OTHPYR
37.0657,'s',released,OTHPYR
37.2099,'d',released,OTHPYR
37.4339,'w',pressed,OTHPYR
37.8002,Key.shift,pressed,OTHPYR
38.4240,'W',released,OTHPYR
38.4419,Key.shift,released,OTHPYR
38.7270,'d',pressed,OTHPYR
38.8611,Key.shift,pressed,OTHPYR
39.1156,'W',released,OTHPYR
39.2003,'W',pressed,OTHPYR
39.2879,'D',released,OTHPYR
39.4029,'A',pressed,OTHPYR
39.6120,'W',released,OTHPYR
39.6620,'W',pressed,OTHPYR
40.0699,'W',released,OTHPYR
40.1621,'W',pressed,OTHPYR
40.2604,Key.shift,released,OTHPYR
40.4783,Key.shift,pressed,OTHPYR
40.5951,'A',released,OTHPYR
40.9069,'A',pressed,OTHPYR
41.0013,'A',released,OTHPYR
41.1319,'D',pressed,OTHPYR
41.2059,Key.shift,released,OTHPYR
41.3532,'d',released,OTHPYR
41.3782,Key.shift,pressed,OTHPYR
42.0381,'W',released,OTHPYR
42.1457,'W',pressed,OTHPYR
42.5482,'D',released,OTHPYR
42.6949,Key.shift,released,OTHPYR
42.8290,Key.shift,pressed,OTHPYR
43.7039,Key.space,pressed,OTHPYR
43.7999,Key.space,released,OTHPYR
44.8679,Key.space,pressed,OTHPYR
44.9860,Key.shift,released,OTHPYR
45.0009,Key.space,released,OTHPYR
45.4498,Key.space,pressed,OTHPYR
45.6062,Key.space,released,OTHPYR
45.6320,Key.shift,pressed,OTHPYR
46.0773,Key.shift,released,OTHPYR
46.1874,Key.space,pressed,OTHPYR
46.3419,Key.space,released,OTHPYR
46.7389,Key.shift,pressed,OTHPYR
47.0371,Key.space,pressed,OTHPYR
47.1789,Key.space,released,OTHPYR
47.6418,'D',pressed,OTHPYR
48.3354,'D',released,OTHPYR
48.6491,'D',pressed,OTHPYR
49.0909,'D',released,OTHPYR
49.1289,'A',pressed,OTHPYR
49.5491,'D',pressed,OTHPYR
49.6063,'A',released,OTHPYR
49.6722,'D',released,OTHPYR
50.0059,'D',pressed,OTHPYR
50.1399,'W',released,OTHPYR
50.6921,'W',pressed,OTHPYR
50.7950,'D',released,OTHPYR
51.0231,'D',pressed,OTHPYR
51.1681,'D',released,OTHPYR
51.7149,'D',pressed,OTHPYR
52.0034,'D',released,OTHPYR
52.3942,'A',pressed,OTHPYR
52.6699,'A',released,OTHPYR
52.6939,'D',pressed,OTHPYR
53.5069,'D',released,OTHPYR
54.3540,'A',pressed,OTHPYR
54.7229,'A',released,OTHPYR
55.5079,'A',pressed,OTHPYR
55.7330,'A',released,OTHPYR
56.4259,'D',pressed,OTHPYR
56.6349,'W',released,OTHPYR
56.9440,'A',pressed,OTHPYR
57.0189,'D',released,OTHPYR
57.3359,'D',pressed,OTHPYR
57.4040,'A',released,OTHPYR
58.3193,'D',released,OTHPYR
58.3609,'A',pressed,OTHPYR
59.4460,'W',pressed,OTHPYR
60.0530,'W',released,OTHPYR
60.9978,'W',pressed,OTHPYR
61.1049,'A',released,OTHPYR
61.7259,'W',released,OTHPYR
61.8252,'A',pressed,OTHPYR
62.3203,'A',released,OTHPYR
62.5329,Key.shift,released,OTHPYR
62.9750,'s',pressed,OTHPYR
63.1029,'a',pressed,OTHPYR
63.2535,'a',released,OTHPYR
63.3932,'s',released,OTHPYR
65.6851,'a',pressed,OTHPYR
65.8510,'a',released,OTHPYR
67.6269,'w',released,OTHPYR
68.1322,'s',pressed,OTHPYR
68.4070,'s',released,OTHPYR
68.5216,'d',pressed,OTHPYR
68.6069,'w',pressed,OTHPYR
68.8880,Key.shift,pressed,OTHPYR
69.4840,'D',released,OTHPYR
69.5030,'W',released,OTHPYR
69.6340,'D',pressed,OTHPYR
69.8839,'W',pressed,OTHPYR
70.2132,'W',released,OTHPYR
70.6099,'S',pressed,OTHPYR
70.8369,'S',released,OTHPYR
70.9730,'W',pressed,OTHPYR
71.3300,'D',released,OTHPYR
72.1517,'D',pressed,OTHPYR
72.2503,'W',released,OTHPYR
72.5769,'S',pressed,OTHPYR
73.1489,'S',released,OTHPYR
73.2569,'D',released,OTHPYR
73.2860,'A',pressed,OTHPYR
73.9431,'W',pressed,OTHPYR
74.0711,'A',released,OTHPYR
74.4794,'A',pressed,OTHPYR
75.3179,'A',released,OTHPYR
75.5209,'W',released,OTHPYR
75.7459,'S',pressed,OTHPYR
75.9241,'A',pressed,OTHPYR
76.4521,'S',released,OTHPYR
77.6371,'A',released,OTHPYR
77.6939,'W',pressed,OTHPYR
77.8870,'D',pressed,OTHPYR
78.3471,'D',released,OTHPYR
79.6301,'W',released,OTHPYR
79.8149,Key.shift,released,OTHPYR
80.2339,'a',pressed,OTHPYR
80.2481,Mouse.left,pressed
80.3689,'a',released,OTHPYR
80.8109,'w',released,OTHPYR
80.8161,Mouse.left,released
81.0101,'w',pressed,OTHPYR
81.0622,Mouse.left,pressed
81.1101,'w',released,OTHPYR
81.5101,Mouse.left,released
81.9661,Mouse.left,pressed
82.1221,Mouse.left,released
82.2461,'s',pressed,OTHPYR
82.4329,'s',released,OTHPYR
82.7740,Mouse.left,pressed
82.9162,Mouse.left,released
83.3740,'w',pressed,OTHPYR
83.8333,'w',released,OTHPYR
84.6179,'s',pressed,OTHPYR
84.7415,'s',released,OTHPYR
85.1699,'d',released,OTHPYR
85.3553,'s',pressed,OTHPYR
85.6301,'d',pressed,OTHPYR
85.6589,'s',released,OTHPYR
85.9049,Key.shift,pressed,OTHPYR
86.1830,'W',pressed,OTHPYR
86.2749,'D',released,OTHPYR
86.7809,'W',released,OTHPYR
86.8119,'A',pressed,OTHPYR
87.0599,'A',released,OTHPYR
87.3199,'W',pressed,OTHPYR
87.4919,'A',pressed,OTHPYR
87.6431,'A',released,OTHPYR
87.9269,'D',pressed,OTHPYR
88.2581,'W',released,OTHPYR
88.5019,Key.shift,released,OTHPYR
88.6162,'d',released,OTHPYR
88.6870,'w',pressed,OTHPYR
88.9462,'w',released,OTHPYR
89.3792,Mouse.left,pressed
89.5781,Mouse.left,released
89.5785,'s',pressed,OTHPYR
89.7464,'d',pressed,OTHPYR
89.8719,'s',released,OTHPYR
90.1721,'s',pressed,OTHPYR
90.2059,'d',released,OTHPYR
90.5289,'s',released,OTHPYR
91.2569,'d',pressed,OTHPYR
91.6716,'d',released,OTHPYR
92.1595,'d',pressed,OTHPYR
92.3482,'w',pressed,OTHPYR
92.3490,'d',released,OTHPYR
92.6498,'w',released,OTHPYR
92.7239,'a',pressed,OTHPYR
92.9986,'w',pressed,OTHPYR
93.0619,'a',released,OTHPYR
93.1549,'d',pressed,OTHPYR
93.1761,Mouse.left,pressed
93.2789,'d',released,OTHPYR
93.3669,'w',released,OTHPYR
93.6889,'s',pressed,OTHPYR
93.7310,Mouse.left,released
93.7743,'a',pressed,OTHPYR
93.8449,Mouse.left,pressed
93.9901,Mouse.left,released
94.1080,'s',released,OTHPYR
94.2129,'a',released,OTHPYR
94.3789,'a',pressed,OTHPYR
95.1869,'a',released,OTHPYR
95.4290,'a',pressed,OTHPYR
95.5802,'d',pressed,OTHPYR
95.5996,'a',released,OTHPYR
96.3150,'w',pressed,OTHPYR
96.4160,'d',released,OTHPYR
96.6129,'w',released,OTHPYR
96.9390,'w',pressed,OTHPYR
96.9920,'a',pressed,OTHPYR
97.0981,'w',released,OTHPYR
97.2065,'a',released,OTHPYR
97.4360,'s',pressed,OTHPYR
97.6340,'a',pressed,OTHPYR
97.8041,'s',released,OTHPYR
97.8720,'d',pressed,OTHPYR
97.9309,'a',released,OTHPYR
98.2599,'w',pressed,OTHPYR
98.3959,'d',released,OTHPYR
98.7192,'a',pressed,OTHPYR
98.8129,'w',released,OTHPYR
98.9150,'a',released,OTHPYR
99.1491,'s',pressed,OTHPYR
99.1531,'a',pressed,OTHPYR
99.5319,'s',released,OTHPYR
99.7128,Key.shift,pressed,OTHPYR
100.1981,'W',pressed,OTHPYR
100.2879,Key.shift,released,OTHPYR
100.3041,'a',released,OTHPYR
100.3320,'d',pressed,OTHPYR
100.5470,'w',released,OTHPYR
101.1852,'w',pressed,OTHPYR
101.3295,'w',released,OTHPYR
101.6550,'d',released,OTHPYR
101.7470,'a',pressed,OTHPYR
101.7723,'s',pressed,OTHPYR
101.9921,'s',released,OTHPYR
102.1988,'w',pressed,OTHPYR
102.2219,'d',pressed,OTHPYR
102.2489,'a',released,OTHPYR
102.7625,'d',released,OTHPYR
102.7729,'w',released,OTHPYR
102.8901,'a',pressed,OTHPYR
102.9991,'s',pressed,OTHPYR
103.1461,'a',released,OTHPYR
103.5179,'a',pressed,OTHPYR
103.9599,'a',released,OTHPYR
104.0193,'s',released,OTHPYR
104.1259,'d',pressed,OTHPYR
104.3501,'s',pressed,OTHPYR
104.4839,'d',released,OTHPYR
104.5189,'a',pressed,OTHPYR
104.6860,'s',released,OTHPYR
105.0069,'w',pressed,OTHPYR
105.4850,'w',released,OTHPYR
105.5069,'d',pressed,OTHPYR
105.6419,'a',released,OTHPYR
105.9415,'a',pressed,OTHPYR
105.9472,'w',pressed,OTHPYR
106.0762,'d',released,OTHPYR
106.2319,'d',pressed,OTHPYR
106.2640,'w',released,OTHPYR
106.3680,'a',released,OTHPYR
106.5913,'s',pressed,OTHPYR
106.7330,'d',released,OTHPYR
106.9219,'a',pressed,OTHPYR
107.0819,'s',released,OTHPYR
107.2511,'a',released,OTHPYR
107.3569,'a',pressed,OTHPYR
107.5489,'a',released,OTHPYR
107.5892,'d',pressed,OTHPYR
108.1049,'a',pressed,OTHPYR
108.1260,'d',released,OTHPYR
108.5191,'a',released,OTHPYR
108.9519,'d',pressed,OTHPYR
109.4499,'a',pressed,OTHPYR
109.5039,'d',released,OTHPYR
109.7699,'s',pressed,OTHPYR
109.7999,'a',released,OTHPYR
110.2079,'s',released,OTHPYR
110.3879,'d',pressed,OTHPYR
110.4079,'a',pressed,OTHPYR
110.4381,'d',released,OTHPYR
110.6130,'w',pressed,OTHPYR
111.4159,'w',released,OTHPYR
111.5351,'d',pressed,OTHPYR
111.6041,'a',released,OTHPYR
112.1260,'a',pressed,OTHPYR
112.1969,'d',released,OTHPYR
112.3662,'w',pressed,OTHPYR
112.4530,'w',released,OTHPYR
112.4848,Mouse.left,pressed
112.5883,'a',released,OTHPYR
112.7552,'a',pressed,OTHPYR
112.8522,'a',released,OTHPYR
113.0378,'s',pressed,OTHPYR
113.0630,'d',pressed,OTHPYR
113.3026,'s',released,OTHPYR
113.3518,'d',released,OTHPYR
113.4099,'a',pressed,OTHPYR
113.5599,'w',pressed,OTHPYR
113.8226,'w',released,OTHPYR
113.8402,'a',released,OTHPYR
113.8930,'d',pressed,OTHPYR
114.0030,'a',pressed,OTHPYR
114.0393,Mouse.left,released
114.0674,'d',released,OTHPYR
114.2741,Mouse.left,pressed
114.3252,'a',released,OTHPYR
114.6820,'w',pressed,OTHPYR
115.8502,Mouse.left,released
115.8559,'w',released,OTHPYR
115.9671,'d',pressed,OTHPYR
115.9847,'s',pressed,OTHPYR
116.2182,Mouse.left,pressed
116.7451,Mouse.left,released
117.2845,'s',released,OTHPYR
117.4201,'w',pressed,OTHPYR
117.7884,Key.shift,pressed,OTHPYR
117.8959,Key.shift,released,OTHPYR
118.3835,Mouse.left,pressed
118.4631,'w',released,OTHPYR
118.5810,'d',released,OTHPYR
118.8960,'s',pressed,OTHPYR
119.1651,Mouse.left,released
119.2309,'s',released,OTHPYR
125.8789,'a',pressed,OTHPYR
125.8899,'w',pressed,OTHPYR
125.9671,'a',released,OTHPYR
126.1281,'w',released,OTHPYR
126.3329,'w',pressed,OTHPYR
126.3968,Key.shift,pressed,OTHPYR
126.7524,'A',pressed,OTHPYR
127.3104,'W',released,OTHPYR
128.0059,'W',pressed,OTHPYR
128.0334,Mouse.left,pressed
128.1081,Key.shift,released,OTHPYR
128.1253,'a',released,OTHPYR
128.2012,'w',released,OTHPYR
128.3189,'w',pressed,OTHPYR
128.5342,'d',released,OTHPYR
128.8021,Mouse.left,released
128.9401,'d',pressed,OTHPYR
129.1139,'w',released,OTHPYR
129.2806,'s',pressed,OTHPYR
129.5059,'s',released,OTHPYR
129.7162,'a',pressed,OTHPYR
129.7793,'d',released,OTHPYR
129.9713,'w',pressed,OTHPYR
130.4512,Mouse.left,pressed
130.5111,'w',released,OTHPYR
131.1583,'s',pressed,OTHPYR
131.8971,Mouse.left,released
131.9459,'s',released,OTHPYR
131.9790,'a',released,OTHPYR
144.0172,'s',pressed,OTHPYR
144.3249,'s',released,OTHPYR
145.2331,'d',pressed,OTHPYR
145.2479,'w',pressed,OTHPYR
145.3032,Mouse.left,pressed
145.3279,'d',released,OTHPYR
145.9761,Mouse.left,released
146.1419,'w',released,OTHPYR
146.3199,'s',pressed,OTHPYR
146.6469,'s',released,OTHPYR
146.7471,'w',pressed,OTHPYR
147.5869,'a',pressed,OTHPYR
147.7491,'a',released,OTHPYR
147.9948,'d',pressed,OTHPYR
148.1294,'w',released,OTHPYR
148.6559,'w',pressed,OTHPYR
148.8162,'d',released,OTHPYR
148.8171,Mouse.left,pressed
148.9130,'d',pressed,OTHPYR
149.7359,'d',released,OTHPYR
150.2639,'a',pressed,OTHPYR
151.6489,'w',released,OTHPYR
151.9280,'a',released,OTHPYR
152.0093,Mouse.left,released
152.0385,'d',pressed,OTHPYR
152.0730,'s',pressed,OTHPYR
152.5241,Mouse.left,pressed
152.6949,'s',released,OTHPYR
152.7029,'d',released,OTHPYR
152.8272,Mouse.left,released
152.9303,'d',pressed,OTHPYR
153.2359,'w',pressed,OTHPYR
153.5450,Key.shift,pressed,OTHPYR
153.6030,'D',released,OTHPYR
154.3232,Mouse.left,pressed
154.4949,Mouse.left,released
155.2319,'D',pressed,OTHPYR
155.5400,'W',released,OTHPYR
155.8749,'W',pressed,OTHPYR
156.8290,Mouse.left,pressed
156.8972,'D',released,OTHPYR
157.0238,Key.shift,released,OTHPYR
157.0793,'w',released,OTHPYR
157.4630,Mouse.left,released
158.6729,'w',pressed,OTHPYR
159.1603,'w',released,OTHPYR
159.7801,'w',pressed,OTHPYR
160.4620,'a',pressed,OTHPYR
160.4750,'d',released,OTHPYR
161.1151,'a',released,OTHPYR
161.6351,'d',pressed,OTHPYR
161.8402,'w',released,OTHPYR
161.9986,'w',pressed,OTHPYR
162.1062,'d',released,OTHPYR
162.4670,'a',pressed,OTHPYR
162.6842,'a',released,OTHPYR
162.7101,'d',pressed,OTHPYR
163.1427,'d',released,OTHPYR
163.6749,'a',pressed,OTHPYR
164.1638,'a',released,OTHPYR
164.2110,'d',pressed,OTHPYR
164.3202,Mouse.left,pressed
164.6263,'w',released,OTHPYR
164.6618,'d',released,OTHPYR
165.3509,'s',pressed,OTHPYR
165.5098,'s',released,OTHPYR
165.6268,'s',pressed,OTHPYR
165.7639,'a',pressed,OTHPYR
165.9982,'a',released,OTHPYR
166.1263,'a',pressed,OTHPYR
166.3431,'s',released,OTHPYR
166.5318,'w',pressed,OTHPYR
166.6671,Mouse.left,released
167.0559,Key.shift,pressed,OTHPYR
168.5118,'A',released,OTHPYR
169.2807,'D',pressed,OTHPYR
169.8319,'D',released,OTHPYR
169.8811,'D',pressed,OTHPYR
170.0027,Key.shift,released,OTHPYR
170.2645,'w',released,OTHPYR
170.5119,'s',pressed,OTHPYR
170.8963,'s',released,OTHPYR
171.0859,'w',pressed,OTHPYR
171.1418,'a',released,OTHPYR
171.2098,'d',released,OTHPYR
171.4800,'a',pressed,OTHPYR
171.5631,'a',released,OTHPYR
172.2574,'d',pressed,OTHPYR
172.4784,'d',released,OTHPYR
172.8900,'a',pressed,OTHPYR
173.0411,'a',released,OTHPYR
173.1248,'d',pressed,OTHPYR
173.4729,'w',released,OTHPYR
173.5019,'d',released,OTHPYR
188.4188,Key.cmd,pressed,OTHPYR
188.6339,Key.tab,pressed,OTHPYR
188.7359,Key.cmd,released,OTHPYR
188.7903,Key.tab,released,OTHPYR
188.8993,Key.cmd,pressed,OTHPYR
189.0015,Key.cmd,released,OTHPYR
189.8273,Key.cmd,pressed,OTHPYR
189.9784,Key.tab,pressed,OTHPYR
190.0413,Key.cmd,released,OTHPYR
190.0871,Key.tab,released,OTHPYR
192.2373,Mouse.left,pressed
192.3522,Mouse.left,released
204.8459,'g',pressed,OTHPYR
205.0260,'g',released,OTHPYR
205.9560,'n',pressed,OTHPYR
205.9638,'m',pressed,OTHPYR
206.0659,'n',released,OTHPYR
206.0688,'m',released,OTHPYR
208.5920,Mouse.left,pressed
208.6831,Mouse.left,released
208.9000,Mouse.left,pressed
208.9981,Mouse.left,released
209.2991,Mouse.left,pressed
209.3811,Mouse.left,released
209.7352,Mouse.left,pressed
209.8301,Mouse.left,released
210.5971,Mouse.left,pressed
210.7050,Mouse.left,released
212.0350,'g',pressed,OTHPYR
212.1818,'g',released,OTHPYR
212.5590,'f',pressed,OTHPYR
212.7050,'f',released,OTHPYR
213.4668,'a',pressed,OTHPYR
213.6260,'a',released,OTHPYR
214.0068,Key.esc,pressed,OTHPYR
214.1848,Key.esc,released,OTHPYR
216.8371,Mouse.left,pressed
216.9251,Mouse.left,released
222.4521,Mouse.left,pressed
222.5582,Mouse.left,released
223.3578,Key.esc,pressed,OTHPYR
223.4829,Key.esc,released,OTHPYR
224.5339,Key.comma,pressed,OTHPYR
224.6309,Key.comma,released,OTHPYR
230.4879,Mouse.left,pressed
230.5820,Mouse.left,released
232.0541,Mouse.right,pressed
232.3640,Mouse.right,released
232.9150,'a',pressed,OTHPYR
232.9388,'w',pressed,OTHPYR
233.0503,'a',released,OTHPYR
233.7021,Key.shift,pressed,OTHPYR
234.8353,'A',pressed,OTHPYR
235.6029,'A',released,OTHPYR
235.9689,'D',released,OTHPYR
236.9858,'A',pressed,OTHPYR
238.1959,'A',released,OTHPYR
238.3809,'D',pressed,OTHPYR
238.6748,'D',released,OTHPYR
238.6818,'A',pressed,OTHPYR
239.3078,'A',released,OTHPYR
239.4989,'A',pressed,OTHPYR
239.8183,'W',released,OTHPYR
240.0120,'W',pressed,OTHPYR
240.2081,Mouse.right,pressed
240.3879,'W',released,OTHPYR
241.2402,'W',pressed,OTHPYR
241.9847,'A',released,OTHPYR
244.5760,Mouse.right,released
244.8512,Mouse.right,pressed
245.1001,Mouse.right,released
245.5811,'W',released,OTHPYR
245.6508,Key.shift,released,OTHPYR
246.4188,'a',pressed,OTHPYR
247.0481,'a',released,OTHPYR
247.3161,'d',pressed,OTHPYR
247.4422,'w',released,OTHPYR
247.7629,'w',pressed,OTHPYR
247.9953,'d',released,OTHPYR
248.0368,Key.shift,pressed,OTHPYR
248.2348,'D',pressed,OTHPYR
248.5040,'W',released,OTHPYR
248.9378,'A',pressed,OTHPYR
248.9509,'D',released,OTHPYR
249.7469,'A',released,OTHPYR
249.7479,'D',pressed,OTHPYR
249.8203,'W',pressed,OTHPYR
250.2138,'D',released,OTHPYR
250.6719,'D',pressed,OTHPYR
250.9773,'W',released,OTHPYR
251.4569,'W',pressed,OTHPYR
251.5261,'A',pressed,OTHPYR
251.5715,'D',released,OTHPYR
252.0731,Mouse.right,pressed
252.1313,'W',released,OTHPYR
252.2623,Key.shift,released,OTHPYR
252.4048,Key.shift,pressed,OTHPYR
253.0790,Mouse.left,pressed
253.2038,'A',released,OTHPYR
253.3650,Mouse.left,released
253.4378,'A',pressed,OTHPYR
254.2051,Mouse.left,pressed
254.2628,'A',released,OTHPYR
255.0938,'W',pressed,OTHPYR
255.4231,Mouse.left,released
255.5408,'A',pressed,OTHPYR
255.6688,'W',released,OTHPYR
256.4510,Mouse.left,pressed
256.4589,'A',released,OTHPYR
257.5060,'A',pressed,OTHPYR
258.0119,'A',released,OTHPYR
258.2229,Mouse.left,released
258.3590,'A',pressed,OTHPYR
258.3829,'W',pressed,OTHPYR
258.7368,'W',released,OTHPYR
258.8559,'A',released,OTHPYR
258.9208,'W',pressed,OTHPYR
259.0348,'A',pressed,OTHPYR
259.2067,'A',released,OTHPYR
259.2140,Mouse.left,pressed
259.8230,'W',released,OTHPYR
260.0380,Mouse.left,released
260.1218,Key.shift,released,OTHPYR
260.2260,Mouse.right,released
271.9730,'w',released,OTHPYR
272.2238,'w',pressed,OTHPYR
272.3948,'a',pressed,OTHPYR
272.6288,'w',released,OTHPYR
273.1138,'s',pressed,OTHPYR
273.3009,'s',released,OTHPYR
273.4819,'w',pressed,OTHPYR
273.5108,Key.shift,pressed,OTHPYR
273.6845,'A',released,OTHPYR
274.7978,'A',pressed,OTHPYR
275.1878,'A',released,OTHPYR
275.3971,Mouse.right,pressed
275.7113,Mouse.left,pressed
275.7277,Key.shift,released,OTHPYR
275.7741,'w',released,OTHPYR
277.3549,'s',pressed,OTHPYR
277.7568,'s',released,OTHPYR
278.5580,Mouse.left,released
278.5978,'s',pressed,OTHPYR
278.7451,Mouse.right,released
279.0358,Mouse.right,pressed
279.2409,'s',released,OTHPYR
279.2741,Mouse.left,pressed
279.8240,Mouse.left,released
279.8558,'s',pressed,OTHPYR
280.6611,Mouse.left,pressed
280.7553,'s',released,OTHPYR
281.0260,'s',pressed,OTHPYR
283.0350,Mouse.left,released
283.0919,'s',released,OTHPYR
283.6291,'w',pressed,OTHPYR
284.0527,'w',released,OTHPYR
284.6048,'s',pressed,OTHPYR
285.7549,Mouse.right,released
286.2558,'s',released,OTHPYR
286.3178,'d',pressed,OTHPYR
286.4148,'w',pressed,OTHPYR
286.6468,'d',released,OTHPYR
286.6568,'a',released,OTHPYR
286.6848,Key.shift,pressed,OTHPYR
287.1099,'A',pressed,OTHPYR
287.2221,Mouse.right,pressed
287.4408,'W',released,OTHPYR
287.5392,'W',pressed,OTHPYR
287.8842,Mouse.left,pressed
287.9640,Mouse.left,released
288.1796,'W',released,OTHPYR
289.0142,'W',pressed,OTHPYR
289.2609,'A',released,OTHPYR
289.7520,Mouse.right,released
290.8530,'A',pressed,OTHPYR
290.9992,'A',released,OTHPYR
291.2733,'D',pressed,OTHPYR
291.4559,'D',released,OTHPYR
291.5359,'A',pressed,OTHPYR
291.6011,Mouse.right,pressed
291.7243,'W',released,OTHPYR
291.8631,Mouse.left,pressed
292.4280,'A',released,OTHPYR
292.6511,Mouse.left,released
292.7287,'D',pressed,OTHPYR
293.5190,'D',released,OTHPYR
293.5561,'A',pressed,OTHPYR
293.7282,'A',released,OTHPYR
293.7503,Mouse.left,pressed
294.1330,'A',pressed,OTHPYR
294.1891,Mouse.left,released
294.6969,'A',released,OTHPYR
295.1158,'D',pressed,OTHPYR
295.4978,'A',pressed,OTHPYR
295.5158,'D',released,OTHPYR
296.4430,Mouse.right,released
296.8409,'W',pressed,OTHPYR
297.5461,'W',released,OTHPYR
297.7911,'D',pressed,OTHPYR
297.8560,'A',released,OTHPYR
297.9203,'W',pressed,OTHPYR
298.9532,'W',released,OTHPYR
299.5662,'W',pressed,OTHPYR
299.9670,Mouse.right,pressed
300.2329,'D',released,OTHPYR
300.4389,'A',pressed,OTHPYR
300.5830,'W',released,OTHPYR
300.7958,'W',pressed,OTHPYR
300.9769,Mouse.right,released
301.1234,'A',released,OTHPYR
301.2851,Mouse.right,pressed
301.4769,Mouse.left,pressed
301.5970,'W',released,OTHPYR
301.8128,Key.shift,released,OTHPYR
302.0341,'s',pressed,OTHPYR
303.1348,'s',released,OTHPYR
303.1990,Mouse.left,released
303.3788,'d',pressed,OTHPYR
303.7828,'w',released,OTHPYR
304.0381,Mouse.left,pressed
304.1467,'d',released,OTHPYR
304.1658,'a',pressed,OTHPYR
304.4058,'a',released,OTHPYR
304.7147,'s',pressed,OTHPYR
304.9757,'d',pressed,OTHPYR
305.1278,'d',released,OTHPYR
305.5537,'d',pressed,OTHPYR
305.8339,Mouse.left,released
305.9158,'s',released,OTHPYR
305.9210,Mouse.right,released
305.9388,'d',released,OTHPYR
311.8859,Key.comma,pressed,OTHPYR
312.0139,Key.comma,released,OTHPYR
316.2441,Mouse.left,pressed
316.3251,Mouse.left,released
323.9557,'w',pressed,OTHPYR
324.1008,Key.shift,pressed,OTHPYR
324.4668,'D',pressed,OTHPYR
324.8034,'D',released,OTHPYR
324.9967,Key.shift,released,OTHPYR
325.1040,'a',pressed,OTHPYR
325.1278,'w',released,OTHPYR
325.3789,'s',pressed,OTHPYR
325.5389,'a',released,OTHPYR
325.7079,'s',released,OTHPYR
326.2048,'q',pressed,OTHPYR
326.3308,'q',released,OTHPYR
326.9587,'q',pressed,OTHPYR
327.0769,'q',released,OTHPYR
327.3977,'w',pressed,OTHPYR
327.6797,'a',pressed,OTHPYR
327.7789,'a',released,OTHPYR
327.8798,'a',pressed,OTHPYR
327.9548,Key.shift,pressed,OTHPYR
328.1111,'A',released,OTHPYR
328.3016,'A',pressed,OTHPYR
328.4848,'A',released,OTHPYR
329.2621,'D',pressed,OTHPYR
329.5057,'D',released,OTHPYR
329.7053,'A',pressed,OTHPYR
330.4648,'A',released,OTHPYR
330.6111,Key.shift,released,OTHPYR
330.7029,'d',pressed,OTHPYR
330.9298,Key.shift,pressed,OTHPYR
330.9988,'D',released,OTHPYR
331.6838,'A',pressed,OTHPYR
331.9799,'W',released,OTHPYR
332.1789,'W',pressed,OTHPYR
332.4981,'A',released,OTHPYR
333.1540,'D',pressed,OTHPYR
333.3137,'D',released,OTHPYR
333.8051,'D',pressed,OTHPYR
334.0018,'W',released,OTHPYR
334.3460,'W',pressed,OTHPYR
334.4340,'A',pressed,OTHPYR
334.4370,'D',released,OTHPYR
334.5497,'W',released,OTHPYR
334.9262,'D',pressed,OTHPYR
334.9532,'A',released,OTHPYR
335.1021,'W',pressed,OTHPYR
335.1862,'D',released,OTHPYR
335.7479,'A',pressed,OTHPYR
335.8887,'A',released,OTHPYR
336.1909,'D',pressed,OTHPYR
336.4759,'W',released,OTHPYR
336.6228,'W',pressed,OTHPYR
336.7987,'D',released,OTHPYR
337.1527,'D',pressed,OTHPYR
337.8891,'D',released,OTHPYR
338.3938,'A',pressed,OTHPYR
338.7821,'W',released,OTHPYR
338.9307,'S',pressed,OTHPYR
339.2351,'S',released,OTHPYR
339.3491,'W',pressed,OTHPYR
339.9620,Mouse.left,pressed
340.1383,Mouse.left,released
340.5189,Mouse.left,pressed
340.8980,Mouse.left,released
340.9159,'W',released,OTHPYR
341.0129,'A',released,OTHPYR
341.0347,Key.shift,released,OTHPYR
344.3388,Mouse.left,pressed
344.4460,Mouse.left,released
347.5329,Mouse.left,pressed
347.6619,Mouse.left,released
349.3840,Mouse.left,pressed
349.4769,Mouse.left,released
350.7801,Mouse.left,pressed
350.8520,Mouse.left,released
351.7609,Mouse.left,pressed
351.8760,Mouse.left,released
353.9793,Key.cmd,pressed,OTHPYR
354.1660,Key.tab,pressed,OTHPYR
354.3150,Key.cmd,released,OTHPYR
354.3684,Key.tab,released,OTHPYR
356.0990,Mouse.left,pressed
356.2001,Mouse.left,released
357.8123,Mouse.left,pressed
357.8985,Mouse.left,released
359.0034,Mouse.left,pressed
359.0994,Mouse.left,released
359.4419,Mouse.left,pressed
359.5350,Mouse.left,released
413.6693,'c',pressed,OTHPYR
413.7941,'c',released,OTHPYR
418.1402,Mouse.left,pressed
418.2263,Mouse.left,released
419.9093,Mouse.left,pressed
419.9784,Mouse.left,released
432.8326,Key.shift,pressed,OTHPYR
433.4681,'W',released,OTHPYR
433.6623,'W',pressed,OTHPYR
434.1404,'D',pressed,OTHPYR
434.1865,'W',released,OTHPYR
434.4611,'S',pressed,OTHPYR
434.5641,'D',released,OTHPYR
434.9462,'S',released,OTHPYR
435.0002,'A',pressed,OTHPYR
435.1185,'A',released,OTHPYR
435.6252,'W',pressed,OTHPYR
435.8739,'W',released,OTHPYR
436.6585,'W',pressed,OTHPYR
437.0463,'D',pressed,OTHPYR
437.0789,Key.shift,released,OTHPYR
437.1751,'w',released,OTHPYR
437.4010,'d',released,OTHPYR
437.6393,'s',pressed,OTHPYR
437.8966,'s',released,OTHPYR
438.5291,'w',pressed,OTHPYR
438.6282,Key.shift,pressed,OTHPYR
439.8371,'W',released,OTHPYR
440.1722,'W',pressed,OTHPYR
440.5324,'W',released,OTHPYR
440.7892,'S',pressed,OTHPYR
441.1275,'D',released,OTHPYR
441.1622,'S',released,OTHPYR
441.2132,'A',pressed,OTHPYR
441.3835,'W',pressed,OTHPYR
441.5542,'A',released,OTHPYR
442.8854,'W',released,OTHPYR
443.0173,'W',pressed,OTHPYR
443.2480,'W',released,OTHPYR
443.6160,'D',pressed,OTHPYR
443.9444,'D',released,OTHPYR
444.3212,'W',pressed,OTHPYR
444.7904,'D',pressed,OTHPYR
445.0241,'D',released,OTHPYR
445.5172,'W',released,OTHPYR
445.6652,'W',pressed,OTHPYR
446.1380,'W',released,OTHPYR
446.1722,'A',pressed,OTHPYR
446.4490,'W',pressed,OTHPYR
447.1661,'A',released,OTHPYR
447.3116,'D',pressed,OTHPYR
447.9240,'W',released,OTHPYR
448.1541,'W',pressed,OTHPYR
448.6082,'W',released,OTHPYR
449.1255,'W',pressed,OTHPYR
449.2006,'D',released,OTHPYR
449.5075,'D',pressed,OTHPYR
449.5545,'W',released,OTHPYR
449.6411,'W',pressed,OTHPYR
449.7962,'D',released,OTHPYR
450.7401,'W',released,OTHPYR
450.8781,'A',pressed,OTHPYR
450.9465,'S',pressed,OTHPYR
451.2462,'A',released,OTHPYR
451.4841,'S',released,OTHPYR
451.7521,'A',pressed,OTHPYR
452.7393,'A',released,OTHPYR
453.0482,'D',pressed,OTHPYR
453.1652,'W',pressed,OTHPYR
453.3791,'D',released,OTHPYR
453.6554,'A',pressed,OTHPYR
453.9552,'A',released,OTHPYR
454.2284,'A',pressed,OTHPYR
455.0192,'W',released,OTHPYR
455.4251,'W',pressed,OTHPYR
455.5553,'A',released,OTHPYR
456.1749,'W',released,OTHPYR
456.3852,'W',pressed,OTHPYR
456.5673,'W',released,OTHPYR
456.6349,'A',pressed,OTHPYR
456.7092,'A',released,OTHPYR
456.7656,'D',pressed,OTHPYR
456.8211,'W',pressed,OTHPYR
457.0033,'D',released,OTHPYR
458.0308,'D',pressed,OTHPYR
458.0952,'W',released,OTHPYR
458.5661,'W',pressed,OTHPYR
458.6345,'D',released,OTHPYR
459.2451,'A',pressed,OTHPYR
459.4653,'W',released,OTHPYR
459.7963,'A',released,OTHPYR
460.0551,'S',pressed,OTHPYR
460.4402,'S',released,OTHPYR
460.5524,'A',pressed,OTHPYR
460.7380,'A',released,OTHPYR
461.0462,'W',pressed,OTHPYR
461.6601,'A',pressed,OTHPYR
461.9374,'W',released,OTHPYR
462.2079,'W',pressed,OTHPYR
462.3245,'A',released,OTHPYR
463.4441,'D',pressed,OTHPYR
463.6921,'D',released,OTHPYR
464.3100,'W',released,OTHPYR
464.6654,'D',pressed,OTHPYR
464.7134,'W',pressed,OTHPYR
465.4252,'D',released,OTHPYR
465.7713,'A',pressed,OTHPYR
465.9932,'W',released,OTHPYR
466.5492,'A',released,OTHPYR
466.7222,'D',pressed,OTHPYR
466.9290,'D',released,OTHPYR
467.0095,'A',pressed,OTHPYR
467.2372,'A',released,OTHPYR
467.8363,Mouse.left,pressed
468.6814,Mouse.left,released
469.4803,'A',pressed,OTHPYR
469.9952,'A',released,OTHPYR
470.2062,'D',pressed,OTHPYR
471.2404,'W',pressed,OTHPYR
471.2834,'D',released,OTHPYR
472.6441,'A',pressed,OTHPYR
473.1330,'W',released,OTHPYR
473.5778,'D',pressed,OTHPYR
473.6345,'A',released,OTHPYR
473.6434,'W',pressed,OTHPYR
473.7021,'D',released,OTHPYR
473.9672,Mouse.left,pressed
474.0973,'W',released,OTHPYR
474.2941,'S',pressed,OTHPYR
474.5482,'D',pressed,OTHPYR
474.7392,'D',released,OTHPYR
474.8362,'A',pressed,OTHPYR
474.9731,'A',released,OTHPYR
475.0412,'A',pressed,OTHPYR
475.1131,'S',released,OTHPYR
475.1546,Mouse.left,released
475.1626,'A',released,OTHPYR
475.2520,'W',pressed,OTHPYR
476.0272,'D',pressed,OTHPYR
476.7692,'A',pressed,OTHPYR
476.7831,'D',released,OTHPYR
477.1653,Mouse.left,pressed
477.2242,'A',released,OTHPYR
478.2801,'D',pressed,OTHPYR
478.6240,'D',released,OTHPYR
479.0984,'D',pressed,OTHPYR
479.2902,'D',released,OTHPYR
479.3674,'A',pressed,OTHPYR
479.8763,'A',released,OTHPYR
480.2652,'D',pressed,OTHPYR
480.4701,'D',released,OTHPYR
480.9685,'D',pressed,OTHPYR
481.4411,'D',released,OTHPYR
481.8655,'A',pressed,OTHPYR
482.0663,Mouse.left,released
482.1026,'W',released,OTHPYR
482.2752,'S',pressed,OTHPYR
482.4351,'S',released,OTHPYR
482.7366,'S',pressed,OTHPYR
482.9753,Mouse.left,pressed
483.5336,'A',released,OTHPYR
483.5983,Mouse.left,released
483.8003,'S',released,OTHPYR
483.8637,Mouse.left,pressed
483.9121,'S',pressed,OTHPYR
483.9575,'A',pressed,OTHPYR
484.6594,'D',pressed,OTHPYR
484.6833,'A',released,OTHPYR
485.1563,Mouse.left,released
485.2151,'S',released,OTHPYR
485.3552,'D',released,OTHPYR
485.3658,Key.shift,released,OTHPYR
503.0930,Key.f1,pressed,OTHPYR
503.2020,Key.f1,released,OTHPYR
506.2557,Key.shift,pressed,OTHPYR
506.9740,'D',pressed,OTHPYR
507.3422,'D',released,OTHPYR
507.3572,'W',released,OTHPYR
507.4213,'A',pressed,OTHPYR
507.6293,'A',released,OTHPYR
507.7970,Key.shift,released,OTHPYR
508.1330,'s',pressed,OTHPYR
508.5374,'a',released,OTHPYR
508.6805,'s',released,OTHPYR
509.4741,Key.shift,pressed,OTHPYR
511.4312,'A',pressed,OTHPYR
511.6022,'A',released,OTHPYR
513.9220,'W',released,OTHPYR
514.6461,'W',pressed,OTHPYR
518.0990,'W',released,OTHPYR
518.2440,'A',pressed,OTHPYR
518.6783,'W',pressed,OTHPYR
518.7400,'A',released,OTHPYR
518.7724,'D',pressed,OTHPYR
518.8773,'W',released,OTHPYR
519.4284,'A',pressed,OTHPYR
519.4995,'D',released,OTHPYR
519.8449,'S',pressed,OTHPYR
520.0754,'S',released,OTHPYR
520.1601,Mouse.left,pressed
520.4322,Mouse.left,released
520.4370,'A',released,OTHPYR
520.5170,Key.shift,released,OTHPYR
530.0660,'w',released,OTHPYR
539.1690,'w',pressed,OTHPYR
539.3150,'d',pressed,OTHPYR
539.3940,'w',released,OTHPYR
539.7600,'d',released,OTHPYR
540.8967,'w',pressed,OTHPYR
541.0740,Key.shift,pressed,OTHPYR
541.6282,'W',released,OTHPYR
541.6820,Key.shift,released,OTHPYR
541.9840,Key.shift,pressed,OTHPYR
543.7863,'W',released,OTHPYR
543.8400,Key.shift,released,OTHPYR
544.3579,Key.shift,pressed,OTHPYR
544.5342,'D',pressed,OTHPYR
544.6662,'W',released,OTHPYR
545.0023,'A',pressed,OTHPYR
545.0218,'D',released,OTHPYR
545.6306,'W',pressed,OTHPYR
546.0276,'W',released,OTHPYR
546.1624,'D',pressed,OTHPYR
546.2410,'A',released,OTHPYR
546.5080,'A',pressed,OTHPYR
546.5441,'D',released,OTHPYR
546.8394,'W',pressed,OTHPYR
547.0431,'A',released,OTHPYR
547.1064,'D',pressed,OTHPYR
547.4902,'D',released,OTHPYR
547.5701,'A',pressed,OTHPYR
548.3052,'A',released,OTHPYR
548.5576,'D',pressed,OTHPYR
548.9591,'W',released,OTHPYR
549.8925,'W',pressed,OTHPYR
550.3202,'D',released,OTHPYR
550.4552,'D',pressed,OTHPYR
550.5725,'W',released,OTHPYR
551.1481,'W',pressed,OTHPYR
551.3472,'D',released,OTHPYR
551.8460,'A',pressed,OTHPYR
551.9522,'W',released,OTHPYR
552.0712,'W',pressed,OTHPYR
552.1755,'A',released,OTHPYR
552.3003,'A',pressed,OTHPYR
552.6402,'A',released,OTHPYR
552.9000,'A',pressed,OTHPYR
553.6900,'A',released,OTHPYR
553.9335,'D',pressed,OTHPYR
554.0273,'W',released,OTHPYR
554.4786,'W',pressed,OTHPYR
554.5558,'D',released,OTHPYR
554.6012,'A',pressed,OTHPYR
554.8900,'A',released,OTHPYR
555.1022,'D',pressed,OTHPYR
555.2292,'W',released,OTHPYR
555.8226,'A',pressed,OTHPYR
555.9173,'D',released,OTHPYR
556.2916,'W',pressed,OTHPYR
556.4461,Key.shift,released,OTHPYR
556.4763,Mouse.left,pressed
556.4792,'a',released,OTHPYR
556.9446,'a',pressed,OTHPYR
556.9912,Mouse.left,released
557.4734,'a',released,OTHPYR
557.4931,'d',pressed,OTHPYR
557.6343,'w',released,OTHPYR
558.4380,'s',pressed,OTHPYR
558.4600,'d',released,OTHPYR
558.7394,'s',released,OTHPYR
581.5982,Key.shift,pressed,OTHPYR
582.0852,'D',pressed,OTHPYR
582.2996,'D',released,OTHPYR
582.8120,'W',released,OTHPYR
582.8610,Key.shift,released,OTHPYR
583.1723,'w',pressed,OTHPYR
583.3572,Key.shift,pressed,OTHPYR
585.0833,'A',released,OTHPYR
586.9481,'W',released,OTHPYR
587.4180,'W',pressed,OTHPYR
587.6984,'D',pressed,OTHPYR
588.0360,'W',released,OTHPYR
588.1694,'W',pressed,OTHPYR
588.2801,'D',released,OTHPYR
589.2901,'A',pressed,OTHPYR
589.6784,'W',released,OTHPYR
589.8600,'A',released,OTHPYR
590.3374,'A',pressed,OTHPYR
590.7229,'A',released,OTHPYR
590.8870,'A',pressed,OTHPYR
590.9980,'W',pressed,OTHPYR
591.9120,'D',pressed,OTHPYR
591.9612,'A',released,OTHPYR
591.9690,'W',released,OTHPYR
592.7661,'W',pressed,OTHPYR
592.9046,'W',released,OTHPYR
593.0981,'S',pressed,OTHPYR
593.3631,'D',released,OTHPYR
593.4000,Key.shift,released,OTHPYR
593.5291,'d',pressed,OTHPYR
593.6361,'s',released,OTHPYR
594.8923,'w',released,OTHPYR
595.3036,'s',pressed,OTHPYR
595.4140,'d',released,OTHPYR
595.5840,'a',pressed,OTHPYR
595.7944,'s',released,OTHPYR
595.8160,'a',released,OTHPYR
596.1315,'a',pressed,OTHPYR
596.6371,'a',released,OTHPYR
596.9073,'a',pressed,OTHPYR
597.3470,'a',released,OTHPYR
597.7280,'w',pressed,OTHPYR
598.0831,'w',released,OTHPYR
598.7933,'w',pressed,OTHPYR
598.8084,'a',pressed,OTHPYR
599.0386,'w',released,OTHPYR
599.3281,'a',released,OTHPYR
599.8170,'w',pressed,OTHPYR
599.9851,'d',pressed,OTHPYR
600.0201,'w',released,OTHPYR
600.2440,'a',pressed,OTHPYR
600.3271,'d',released,OTHPYR
600.7508,'w',pressed,OTHPYR
600.9911,'w',released,OTHPYR
601.2905,'w',pressed,OTHPYR
601.3112,'d',pressed,OTHPYR
601.4220,'d',released,OTHPYR
601.4460,'a',released,OTHPYR
602.1160,'a',pressed,OTHPYR
602.3570,'w',released,OTHPYR
602.3801,'a',released,OTHPYR
625.9240,Key.comma,pressed,OTHPYR
626.0170,Key.comma,released,OTHPYR
633.2342,Mouse.left,pressed
633.3001,Mouse.left,released
634.0541,'w',pressed,OTHPYR
634.2450,Key.shift,pressed,OTHPYR
635.1739,Key.shift,released,OTHPYR
635.2111,'w',released,OTHPYR
635.4561,'w',pressed,OTHPYR
635.5970,Key.shift,pressed,OTHPYR
637.0782,'A',pressed,OTHPYR
637.3391,'A',released,OTHPYR
637.3929,Key.shift,released,OTHPYR
637.5182,'w',released,OTHPYR
637.7561,'w',pressed,OTHPYR
638.0133,'d',pressed,OTHPYR
638.1550,'w',released,OTHPYR
638.4971,'a',pressed,OTHPYR
638.5871,'d',released,OTHPYR
638.8341,'w',pressed,OTHPYR
639.1181,'a',released,OTHPYR
639.2496,'a',pressed,OTHPYR
639.6870,'w',released,OTHPYR
640.0162,'w',pressed,OTHPYR
640.0833,'a',released,OTHPYR
641.5787,'d',pressed,OTHPYR
641.6645,'w',released,OTHPYR
641.8609,'w',pressed,OTHPYR
641.9720,'d',released,OTHPYR
642.1169,Key.shift,pressed,OTHPYR
643.2012,'D',pressed,OTHPYR
643.7495,'W',released,OTHPYR
643.9594,'W',pressed,OTHPYR
644.1214,'W',released,OTHPYR
644.6441,'W',pressed,OTHPYR
644.7584,'D',released,OTHPYR
645.4559,'D',pressed,OTHPYR
645.7161,'W',released,OTHPYR
646.3598,'W',pressed,OTHPYR
646.3741,'D',released,OTHPYR
646.9762,'D',pressed,OTHPYR
647.0814,'W',released,OTHPYR
647.8781,'W',pressed,OTHPYR
647.9544,'D',released,OTHPYR
649.5803,'D',pressed,OTHPYR
649.6520,'W',released,OTHPYR
649.9755,'A',pressed,OTHPYR
650.0327,'D',released,OTHPYR
650.9972,'A',released,OTHPYR
651.3961,'W',pressed,OTHPYR
652.8520,'A',pressed,OTHPYR
653.3916,'A',released,OTHPYR
653.8571,'A',pressed,OTHPYR
654.1893,'W',released,OTHPYR
654.4939,'W',pressed,OTHPYR
654.6271,'A',released,OTHPYR
655.3963,'A',pressed,OTHPYR
655.4962,'W',released,OTHPYR
655.9014,'A',released,OTHPYR
656.0974,'W',pressed,OTHPYR
656.1931,'D',pressed,OTHPYR
656.2707,'W',released,OTHPYR
656.7082,'W',pressed,OTHPYR
656.7501,'D',released,OTHPYR
657.8591,'W',released,OTHPYR
658.4942,'S',released,OTHPYR
660.2430,Key.shift,released,OTHPYR
660.6684,'s',pressed,OTHPYR
661.1621,'s',released,OTHPYR
662.6061,Key.shift,pressed,OTHPYR
663.2410,'D',pressed,OTHPYR
663.5769,'W',released,OTHPYR
663.6821,'D',released,OTHPYR
663.9581,'W',pressed,OTHPYR
664.2229,'D',pressed,OTHPYR
664.4719,'D',released,OTHPYR
667.3044,'A',pressed,OTHPYR
667.8704,'A',released,OTHPYR
669.6938,'A',pressed,OTHPYR
670.0864,'A',released,OTHPYR
671.1583,'W',released,OTHPYR
671.3110,'W',pressed,OTHPYR
671.4691,'D',pressed,OTHPYR
671.6503,'W',released,OTHPYR
671.6663,'D',released,OTHPYR
671.6784,'A',pressed,OTHPYR
671.8480,'A',released,OTHPYR
671.8616,'W',pressed,OTHPYR
672.7255,'A',pressed,OTHPYR
673.1502,'W',released,OTHPYR
673.3227,'W',pressed,OTHPYR
673.7450,'A',released,OTHPYR
676.1132,'A',pressed,OTHPYR
676.1411,'W',released,OTHPYR
676.2720,'A',released,OTHPYR
676.3319,'W',pressed,OTHPYR
676.4159,'D',pressed,OTHPYR
676.7654,'D',released,OTHPYR
677.1129,'A',pressed,OTHPYR
677.2334,'A',released,OTHPYR
678.2619,'W',released,OTHPYR
678.7455,'D',pressed,OTHPYR
678.7514,Key.shift,released,OTHPYR
679.2506,'d',pressed,OTHPYR
679.4720,'d',released,OTHPYR
679.5329,Key.shift,pressed,OTHPYR
680.9272,'W',released,OTHPYR
681.4243,'D',released,OTHPYR
681.5919,Key.shift,released,OTHPYR
687.4152,'a',pressed,OTHPYR
687.4441,'w',released,OTHPYR
687.5349,'a',released,OTHPYR
687.9743,'d',pressed,OTHPYR
688.1220,'w',pressed,OTHPYR
688.1945,'d',released,OTHPYR
688.7500,'a',pressed,OTHPYR
688.9033,'w',released,OTHPYR
689.4349,'a',released,OTHPYR
689.6070,'a',pressed,OTHPYR
689.6859,'a',released,OTHPYR
689.8563,Mouse.right,pressed
690.0352,Mouse.right,released
690.2789,'d',pressed,OTHPYR
690.4647,Mouse.right,pressed
690.4760,'d',released,OTHPYR
690.5580,Mouse.right,released
690.9199,'d',pressed,OTHPYR
691.1769,'d',released,OTHPYR
691.5639,'a',pressed,OTHPYR
691.7220,'a',released,OTHPYR
691.8036,Mouse.right,pressed
691.8966,Mouse.right,released
692.8991,Mouse.left,pressed
693.0110,Mouse.left,released
693.7142,Mouse.left,pressed
693.8062,Mouse.left,released
693.8519,'d',pressed,OTHPYR
694.2549,'a',pressed,OTHPYR
694.3161,'d',released,OTHPYR
695.3060,'a',released,OTHPYR
695.6339,'a',pressed,OTHPYR
695.7831,Mouse.right,pressed
695.8520,Mouse.right,released
695.8659,'a',released,OTHPYR
696.1051,'a',pressed,OTHPYR
696.3784,'w',pressed,OTHPYR
696.4011,'d',pressed,OTHPYR
696.4620,'a',released,OTHPYR
696.7500,'a',pressed,OTHPYR
696.8180,'a',released,OTHPYR
697.0059,'d',released,OTHPYR
697.2979,'w',released,OTHPYR
717.5862,'w',pressed,OTHPYR
717.8183,Key.shift,pressed,OTHPYR
722.0835,'W',released,OTHPYR
722.1679,'W',pressed,OTHPYR
723.3930,'W',released,OTHPYR
723.5522,'W',pressed,OTHPYR
723.5851,'D',pressed,OTHPYR
724.0370,'W',released,OTHPYR
724.2959,'D',released,OTHPYR
724.4072,'W',pressed,OTHPYR
724.6530,'A',pressed,OTHPYR
725.0664,'A',released,OTHPYR
725.6550,'W',released,OTHPYR
725.8941,Key.shift,released,OTHPYR
726.0814,'s',pressed,OTHPYR
726.2490,'s',released,OTHPYR
726.5425,'d',pressed,OTHPYR
726.7794,'d',released,OTHPYR
727.0860,'a',pressed,OTHPYR
727.2370,'a',released,OTHPYR
727.3779,'d',pressed,OTHPYR
727.5008,'w',released,OTHPYR
728.0199,'a',pressed,OTHPYR
728.0299,'d',released,OTHPYR
728.3961,'a',released,OTHPYR
728.6951,'a',pressed,OTHPYR
729.0371,'w',pressed,OTHPYR
729.3004,Mouse.right,pressed
729.3170,'a',released,OTHPYR
729.4132,Mouse.right,released
729.6654,Mouse.left,pressed
729.7051,'w',released,OTHPYR
729.7370,'a',pressed,OTHPYR
729.7612,Mouse.left,released
729.8469,'a',released,OTHPYR
742.7938,Key.cmd,pressed,OTHPYR
743.1486,Key.tab,pressed,OTHPYR
743.2973,Key.cmd,released,OTHPYR
743.3640,Key.tab,released,OTHPYR
745.9113,Mouse.left,pressed
