2.7524,Key.esc,pressed,OTHPYR
2.8362,Key.esc,released,OTHPYR
3.8086,'w',pressed,OTHPYR
4.3807,'w',released,OTHPYR
5.2564,'w',pressed,OTHPYR
6.3529,'w',released,OTHPYR
6.9289,'w',pressed,OTHPYR
11.1392,Mouse.left,pressed,OTHPYR
12.8927,'w',released,OTHPYR
13.3333,'w',pressed,OTHPYR
14.8646,'w',released,OTHPYR
14.8907,Mouse.left,released,OTHPYR
15.0767,'w',pressed,OTHPYR
17.4565,'w',released,OTHPYR
20.8128,'w',pressed,OTHPYR
20.9646,'w',released,OTHPYR
21.2886,'a',pressed,OTHPYR
21.7008,'a',released,OTHPYR
21.8126,'w',pressed,OTHPYR
22.1089,'w',released,OTHPYR
22.5169,'d',pressed,OTHPYR
22.5966,'d',released,OTHPYR
22.7927,'w',pressed,OTHPYR
25.5496,Mouse.left,pressed,OTHPYR
26.4026,Mouse.left,released,OTHPYR
26.5087,'w',released,OTHPYR
28.9736,Mouse.right,pressed,OTHPYR
28.9957,Mouse.right,released,OTHPYR
32.3011,'w',pressed,OTHPYR
34.7325,'w',released,OTHPYR
40.1207,'w',pressed,OTHPYR
40.6371,'w',released,OTHPYR
41.1410,'w',pressed,OTHPYR
42.0127,'w',released,OTHPYR
42.3024,'w',pressed,OTHPYR
48.9455,'w',released,OTHPYR
50.4253,'w',pressed,OTHPYR
50.9406,'w',released,OTHPYR
53.2609,'w',pressed,OTHPYR
61.2048,'w',released,OTHPYR
63.4247,'w',pressed,OTHPYR
64.9649,'w',released,OTHPYR
65.7209,'w',pressed,OTHPYR
67.0212,'w',released,OTHPYR
68.3366,'w',pressed,OTHPYR
71.1169,'w',released,OTHPYR
74.3288,'w',pressed,OTHPYR
74.7647,'w',released,OTHPYR
76.7451,'w',pressed,OTHPYR
77.1968,'w',released,OTHPYR
78.0532,'w',pressed,OTHPYR
80.8634,Mouse.left,pressed,OTHPYR
87.3963,Mouse.left,released,OTHPYR
87.5004,'w',released,OTHPYR
91.7845,'w',pressed,OTHPYR
91.9083,'w',released,OTHPYR
95.4487,'w',pressed,OTHPYR
96.3286,'w',released,OTHPYR
105.0966,'w',pressed,OTHPYR
108.2645,'w',released,OTHPYR
109.2729,'w',pressed,OTHPYR
110.0769,'w',released,OTHPYR
110.9526,'w',pressed,OTHPYR
113.0930,'w',released,OTHPYR
114.6775,'w',pressed,OTHPYR
114.7492,Mouse.left,pressed,OTHPYR
122.1884,'w',released,OTHPYR
122.3086,'w',pressed,OTHPYR
126.3766,'w',released,OTHPYR
126.6205,Mouse.left,released,OTHPYR
127.2928,'w',pressed,OTHPYR
128.6286,'w',released,OTHPYR
130.1523,'w',pressed,OTHPYR
132.9584,Mouse.left,pressed,OTHPYR
134.7704,Mouse.left,released,OTHPYR
134.7965,'w',released,OTHPYR
135.5846,'w',pressed,OTHPYR
135.8387,Mouse.left,pressed,OTHPYR
139.4287,'w',released,OTHPYR
140.0884,Mouse.left,released,OTHPYR
141.1567,'w',pressed,OTHPYR
143.8724,Mouse.left,pressed,OTHPYR
147.8405,'w',released,OTHPYR
148.7674,Mouse.left,released,OTHPYR
149.1507,'w',pressed,OTHPYR
151.4764,'w',released,OTHPYR
153.2811,'w',pressed,OTHPYR
158.4726,'w',released,OTHPYR
161.3971,Key.space,pressed,OTHPYR
161.7241,Key.space,released,OTHPYR
162.4854,Mouse.left,pressed,OTHPYR
163.3962,Mouse.left,released,OTHPYR
164.5930,'w',pressed,OTHPYR
168.5925,'w',released,OTHPYR
169.4325,'w',pressed,OTHPYR
170.4008,'w',released,OTHPYR
170.8530,'w',pressed,OTHPYR
170.9701,Mouse.left,pressed,OTHPYR
171.8354,Mouse.left,released,OTHPYR
171.9330,'w',released,OTHPYR
174.8523,'w',pressed,OTHPYR
175.5726,'w',released,OTHPYR
176.9966,'w',pressed,OTHPYR
177.2288,'w',released,OTHPYR
180.7326,'w',pressed,OTHPYR
181.2771,'w',released,OTHPYR
181.8288,'w',pressed,OTHPYR
182.5764,'w',released,OTHPYR
184.2648,'w',pressed,OTHPYR
187.0608,'w',released,OTHPYR
188.1326,'w',pressed,OTHPYR
190.3044,'w',released,OTHPYR
191.5485,'w',pressed,OTHPYR
196.6433,Mouse.left,pressed,OTHPYR
197.6543,Mouse.left,released,OTHPYR
197.6965,'w',released,OTHPYR
199.6805,'w',pressed,OTHPYR
199.8415,'w',released,OTHPYR
201.5367,'w',pressed,OTHPYR
202.0607,'w',released,OTHPYR
202.0846,'w',pressed,OTHPYR
202.1565,'w',released,OTHPYR
202.2887,'w',pressed,OTHPYR
202.3257,'w',released,OTHPYR
210.5645,'a',pressed,OTHPYR
211.3089,'a',released,OTHPYR
211.3884,'d',pressed,OTHPYR
211.8488,'d',released,OTHPYR
212.4445,'w',pressed,OTHPYR
212.9728,'w',released,OTHPYR
214.7884,'w',pressed,OTHPYR
219.5765,'w',released,OTHPYR
221.2131,'w',pressed,OTHPYR
224.9687,'a',pressed,OTHPYR
224.9838,Mouse.left,pressed,OTHPYR
227.6203,'a',released,OTHPYR
227.6618,Mouse.left,released,OTHPYR
227.7326,'w',released,OTHPYR
228.0768,'w',pressed,OTHPYR
229.6564,'w',released,OTHPYR
229.8682,Key.space,pressed,OTHPYR
230.5194,Mouse.left,pressed,OTHPYR
231.1483,Key.space,released,OTHPYR
231.5977,Mouse.left,released,OTHPYR
232.1448,'w',pressed,OTHPYR
237.0084,'w',released,OTHPYR
237.1244,Key.space,pressed,OTHPYR
238.0684,Key.space,released,OTHPYR
238.6567,'w',pressed,OTHPYR
240.3204,'w',released,OTHPYR
264.5125,'w',pressed,OTHPYR
271.5523,'w',released,OTHPYR
272.5969,'w',pressed,OTHPYR
273.5765,Mouse.left,pressed,OTHPYR
278.3051,Mouse.left,released,OTHPYR
278.4283,'w',released,OTHPYR
278.9848,'w',pressed,OTHPYR
279.9884,Mouse.left,pressed,OTHPYR
283.1607,'w',released,OTHPYR
283.8566,'w',pressed,OTHPYR
289.6001,Mouse.left,released,OTHPYR
289.6685,'w',released,OTHPYR
314.7644,'w',pressed,OTHPYR
327.7004,'w',released,OTHPYR
328.1645,'w',pressed,OTHPYR
328.7004,'w',released,OTHPYR
329.3166,'w',pressed,OTHPYR
332.1224,Mouse.left,pressed,OTHPYR
336.6138,Mouse.right,pressed,OTHPYR
336.7421,Mouse.right,released,OTHPYR
336.9289,'w',released,OTHPYR
337.4405,'w',pressed,OTHPYR
338.8523,'w',released,OTHPYR
339.1162,'w',pressed,OTHPYR
339.2603,Mouse.left,released,OTHPYR
340.3614,Mouse.left,pressed,OTHPYR
340.7183,Mouse.left,released,OTHPYR
340.8880,Key.space,pressed,OTHPYR
341.1403,Key.space,released,OTHPYR
348.0688,'w',released,OTHPYR
348.6404,'w',pressed,OTHPYR
349.1528,'w',released,OTHPYR
351.8004,'w',pressed,OTHPYR
354.1163,'w',released,OTHPYR
356.2005,'w',pressed,OTHPYR
356.5330,'w',released,OTHPYR
360.3554,'w',pressed,OTHPYR
370.1609,'w',released,OTHPYR
371.1606,'w',pressed,OTHPYR
372.0923,'w',released,OTHPYR
372.4769,'w',pressed,OTHPYR
377.5804,'w',released,OTHPYR
378.5885,'w',pressed,OTHPYR
384.6924,'w',released,OTHPYR
386.3604,'w',pressed,OTHPYR
390.1524,'w',released,OTHPYR
390.3971,'w',pressed,OTHPYR
391.1407,'w',released,OTHPYR
392.4283,'w',pressed,OTHPYR
394.5484,'w',released,OTHPYR
395.2525,'w',pressed,OTHPYR
395.6830,Mouse.left,pressed,OTHPYR
395.9621,Mouse.left,released,OTHPYR
397.0571,'w',released,OTHPYR
397.8283,'w',pressed,OTHPYR
399.7886,'w',released,OTHPYR
402.4764,'w',pressed,OTHPYR
406.1565,'w',released,OTHPYR
407.7003,'w',pressed,OTHPYR
408.3404,'w',released,OTHPYR
409.7805,'w',pressed,OTHPYR
409.9604,'w',released,OTHPYR
410.0923,'w',pressed,OTHPYR
415.3930,'w',released,OTHPYR
417.1523,'w',pressed,OTHPYR
419.2729,'w',released,OTHPYR
421.6327,'w',pressed,OTHPYR
426.0602,'w',released,OTHPYR
426.6926,'w',pressed,OTHPYR
426.7723,'w',released,OTHPYR
427.5243,'w',pressed,OTHPYR
430.7722,'w',released,OTHPYR
431.3570,'w',pressed,OTHPYR
431.3917,Mouse.left,pressed,OTHPYR
433.5679,Mouse.left,released,OTHPYR
436.3933,Mouse.left,pressed,OTHPYR
437.4412,Mouse.left,released,OTHPYR
449.1411,'w',released,OTHPYR
450.5924,'w',pressed,OTHPYR
451.6762,Mouse.left,pressed,OTHPYR
454.3004,Mouse.left,released,OTHPYR
460.9961,Key.space,pressed,OTHPYR
461.1880,Key.space,released,OTHPYR
461.7200,Key.space,pressed,OTHPYR
461.8640,Key.space,released,OTHPYR
476.1719,Mouse.left,pressed,OTHPYR
480.2923,Mouse.left,released,OTHPYR
483.1904,Mouse.left,pressed,OTHPYR
483.8000,Mouse.left,released,OTHPYR
510.2488,'w',released,OTHPYR
511.5566,'w',pressed,OTHPYR
520.0122,Mouse.left,pressed,OTHPYR
520.2313,Mouse.left,released,OTHPYR
524.8209,'w',released,OTHPYR
525.1051,'w',pressed,OTHPYR
536.1406,'w',released,OTHPYR
537.3485,'w',pressed,OTHPYR
541.1522,'w',released,OTHPYR
541.5682,'w',pressed,OTHPYR
545.0930,'w',released,OTHPYR
545.6484,'w',pressed,OTHPYR
551.1164,'w',released,OTHPYR
552.0688,'w',pressed,OTHPYR
552.1849,Mouse.left,pressed,OTHPYR
554.5196,Mouse.left,released,OTHPYR
554.6605,'w',released,OTHPYR
554.7603,'w',pressed,OTHPYR
554.7790,Mouse.left,pressed,OTHPYR
558.9842,'w',released,OTHPYR
559.0487,'w',pressed,OTHPYR
559.1221,Mouse.left,released,OTHPYR
559.4885,'w',released,OTHPYR
559.5924,'w',pressed,OTHPYR
560.0172,Mouse.left,pressed,OTHPYR
562.4130,'w',released,OTHPYR
562.8209,Mouse.left,released,OTHPYR
562.9323,'w',pressed,OTHPYR
568.5367,'w',released,OTHPYR
570.2563,'w',pressed,OTHPYR
571.3202,'w',released,OTHPYR
572.2809,'w',pressed,OTHPYR
573.7202,'w',released,OTHPYR
575.2533,'w',pressed,OTHPYR
581.8431,Mouse.left,pressed,OTHPYR
582.5218,Mouse.left,released,OTHPYR
589.3304,'w',released,OTHPYR
591.6258,'w',pressed,OTHPYR
595.8190,Mouse.left,pressed,OTHPYR
596.1920,Mouse.left,released,OTHPYR
597.7250,'w',released,OTHPYR
598.4134,'w',pressed,OTHPYR
600.2923,Mouse.left,pressed,OTHPYR
603.5837,Mouse.left,released,OTHPYR
603.7484,'w',released,OTHPYR
625.4162,'w',pressed,OTHPYR
635.2514,Mouse.left,pressed,OTHPYR
638.9039,Mouse.left,released,OTHPYR
638.9322,'w',released,OTHPYR
654.9802,'w',pressed,OTHPYR
673.5603,'w',released,OTHPYR
675.1043,'w',pressed,OTHPYR
679.4887,'w',released,OTHPYR
680.5807,'w',pressed,OTHPYR
686.8410,'w',released,OTHPYR
688.1489,'w',pressed,OTHPYR
690.1565,'w',released,OTHPYR
690.6324,'w',pressed,OTHPYR
694.6528,'w',released,OTHPYR
697.4524,'w',pressed,OTHPYR
704.9802,'w',released,OTHPYR
707.2561,'w',pressed,OTHPYR
708.2399,'w',released,OTHPYR
709.0687,'w',pressed,OTHPYR
709.2140,Mouse.left,pressed,OTHPYR
720.7789,Mouse.left,released,OTHPYR
720.8722,'w',released,OTHPYR
745.6604,'w',pressed,OTHPYR
753.5243,'w',released,OTHPYR
754.1449,'w',pressed,OTHPYR
755.5889,'w',released,OTHPYR
756.5724,'w',pressed,OTHPYR
758.6101,Mouse.left,pressed,OTHPYR
761.7011,Mouse.left,released,OTHPYR
766.1494,Mouse.left,pressed,OTHPYR
766.7873,Mouse.left,released,OTHPYR
767.3522,'w',released,OTHPYR
775.6921,'w',pressed,OTHPYR
775.7360,'w',released,OTHPYR
784.3322,'w',pressed,OTHPYR
799.5962,'w',released,OTHPYR
800.8483,'w',pressed,OTHPYR
802.4512,'w',released,OTHPYR
803.6724,'w',pressed,OTHPYR
810.0082,'w',released,OTHPYR
810.6165,'w',pressed,OTHPYR
811.5321,'w',released,OTHPYR
811.8248,'w',pressed,OTHPYR
812.4488,'w',released,OTHPYR
813.5125,'w',pressed,OTHPYR
818.9922,'w',released,OTHPYR
819.7524,'w',pressed,OTHPYR
830.5122,'w',released,OTHPYR
831.0721,'w',pressed,OTHPYR
833.5921,'w',released,OTHPYR
833.9735,'w',pressed,OTHPYR
835.6893,'w',released,OTHPYR
836.5441,'w',pressed,OTHPYR
840.2362,'w',released,OTHPYR
841.1806,'w',pressed,OTHPYR
854.7082,'w',released,OTHPYR
855.2682,'w',pressed,OTHPYR
855.4043,Mouse.left,pressed,OTHPYR
856.6533,Mouse.left,released,OTHPYR
859.9133,Mouse.left,pressed,OTHPYR
861.8080,Mouse.left,released,OTHPYR
866.1896,Mouse.left,pressed,OTHPYR
870.8123,'w',released,OTHPYR
871.3442,'w',pressed,OTHPYR
871.6278,Mouse.left,released,OTHPYR
878.7680,'w',released,OTHPYR
