1.2865,Mouse.left,pressed,OTHPYR
1.3515,Mouse.left,released,OTHPYR
2.0495,Mouse.left,pressed,OTHPYR
2.1386,Mouse.left,released,OTHPYR
2.4245,Key.esc,pressed,OTHPYR
2.4925,Key.esc,released,OTHPYR
7.6096,'w',pressed,OTHPYR
8.8056,'w',released,OTHPYR
9.3675,Mouse.left,pressed,OTHPYR
9.5026,Mouse.left,released,OTHPYR
10.4537,'w',pressed,OTHPYR
10.7697,'w',released,OTHPYR
10.8926,'a',pressed,OTHPYR
11.4666,'a',released,OTHPYR
11.6226,'a',pressed,OTHPYR
11.9016,'a',released,OTHPYR
12.0976,'w',pressed,OTHPYR
12.3446,'w',released,OTHPYR
12.5287,'w',pressed,OTHPYR
12.5806,'w',released,OTHPYR
12.6926,'a',pressed,OTHPYR
13.4076,'a',released,OTHPYR
13.5596,'w',pressed,OTHPYR
13.6796,'w',released,OTHPYR
13.8146,'w',pressed,OTHPYR
13.9626,'w',released,OTHPYR
15.0988,'a',pressed,OTHPYR
15.1817,'a',released,OTHPYR
15.4586,'w',pressed,OTHPYR
15.7946,'w',released,OTHPYR
18.6786,'w',pressed,OTHPYR
18.9635,'w',released,OTHPYR
19.3636,'w',pressed,OTHPYR
20.8016,'w',released,OTHPYR
21.0676,'w',pressed,OTHPYR
21.8966,'w',released,OTHPYR
22.3656,'a',pressed,OTHPYR
22.6855,'a',released,OTHPYR
22.8266,'w',pressed,OTHPYR
24.7646,'w',released,OTHPYR
25.8905,Key.esc,pressed,OTHPYR
25.9804,Key.esc,released,OTHPYR
29.3025,Mouse.left,pressed,OTHPYR
29.3819,Mouse.left,released,OTHPYR
30.0336,Mouse.left,pressed,OTHPYR
30.0955,Mouse.left,released,OTHPYR
31.4566,Mouse.left,pressed,OTHPYR
31.5285,Mouse.left,released,OTHPYR
32.6175,Mouse.left,pressed,OTHPYR
32.6836,Mouse.left,released,OTHPYR
33.2524,Key.esc,pressed,OTHPYR
33.3345,Key.esc,released,OTHPYR
37.2787,'w',pressed,OTHPYR
41.6069,'w',released,OTHPYR
42.3255,'w',pressed,OTHPYR
43.8045,'w',released,OTHPYR
44.4695,'a',pressed,OTHPYR
44.7627,'a',released,OTHPYR
44.8266,'w',pressed,OTHPYR
45.8296,'d',pressed,OTHPYR
45.9356,'w',released,OTHPYR
46.8125,'d',released,OTHPYR
47.0756,'d',pressed,OTHPYR
47.1597,'d',released,OTHPYR
48.1725,'w',pressed,OTHPYR
48.2846,'w',released,OTHPYR
48.6976,'w',pressed,OTHPYR
49.5326,'w',released,OTHPYR
50.4295,'w',pressed,OTHPYR
50.5936,'w',released,OTHPYR
50.7886,'d',pressed,OTHPYR
51.1085,'d',released,OTHPYR
51.3265,Mouse.left,pressed,OTHPYR
51.4515,Mouse.left,released,OTHPYR
51.7485,Mouse.left,pressed,OTHPYR
51.8875,Mouse.left,released,OTHPYR
52.1225,Mouse.left,pressed,OTHPYR
52.1735,Mouse.left,released,OTHPYR
52.2736,Mouse.left,pressed,OTHPYR
52.3735,Mouse.left,released,OTHPYR
52.4905,Mouse.left,pressed,OTHPYR
52.5736,Mouse.left,released,OTHPYR
52.6835,Mouse.left,pressed,OTHPYR
52.7825,Mouse.left,released,OTHPYR
53.1117,Mouse.left,pressed,OTHPYR
53.2155,Mouse.left,released,OTHPYR
53.3335,Mouse.left,pressed,OTHPYR
53.4335,Mouse.left,released,OTHPYR
53.5445,Mouse.left,pressed,OTHPYR
53.6436,Mouse.left,released,OTHPYR
53.7915,Mouse.left,pressed,OTHPYR
53.8456,Mouse.left,released,OTHPYR
53.9585,Mouse.left,pressed,OTHPYR
54.0436,Mouse.left,released,OTHPYR
54.1535,Mouse.left,pressed,OTHPYR
54.2485,Mouse.left,released,OTHPYR
54.3596,Mouse.left,pressed,OTHPYR
54.4434,Mouse.left,released,OTHPYR
54.5415,Mouse.left,pressed,OTHPYR
54.6305,Mouse.left,released,OTHPYR
54.7605,Mouse.left,pressed,OTHPYR
54.8565,Mouse.left,released,OTHPYR
54.9345,Mouse.left,pressed,OTHPYR
54.9586,'w',pressed,OTHPYR
55.0405,Mouse.left,released,OTHPYR
55.1476,Mouse.left,pressed,OTHPYR
55.2376,Mouse.left,released,OTHPYR
55.3436,Mouse.left,pressed,OTHPYR
55.4304,Mouse.left,released,OTHPYR
55.5404,Mouse.left,pressed,OTHPYR
55.6185,Mouse.left,released,OTHPYR
55.7096,Mouse.left,pressed,OTHPYR
55.7946,Mouse.left,released,OTHPYR
55.9105,Mouse.left,pressed,OTHPYR
56.0005,Mouse.left,released,OTHPYR
56.1065,Mouse.left,pressed,OTHPYR
56.2165,Mouse.left,released,OTHPYR
56.3875,Mouse.left,pressed,OTHPYR
56.4956,Mouse.left,released,OTHPYR
56.6097,Mouse.left,pressed,OTHPYR
56.6975,Mouse.left,released,OTHPYR
56.7957,Mouse.left,pressed,OTHPYR
56.9196,Mouse.left,released,OTHPYR
57.0515,Mouse.left,pressed,OTHPYR
57.1455,Mouse.left,released,OTHPYR
57.2375,Mouse.left,pressed,OTHPYR
57.3536,Mouse.left,released,OTHPYR
57.4626,Mouse.left,pressed,OTHPYR
57.5585,Mouse.left,released,OTHPYR
57.6475,Mouse.left,pressed,OTHPYR
57.7525,Mouse.left,released,OTHPYR
57.8645,Mouse.left,pressed,OTHPYR
57.9415,Mouse.left,released,OTHPYR
58.0345,Mouse.left,pressed,OTHPYR
58.1216,Mouse.left,released,OTHPYR
58.2116,Mouse.left,pressed,OTHPYR
58.3177,Mouse.left,released,OTHPYR
58.4128,Mouse.left,pressed,OTHPYR
59.2875,Mouse.left,released,OTHPYR
59.4175,Mouse.left,pressed,OTHPYR
59.5325,Mouse.left,released,OTHPYR
60.0324,Mouse.left,pressed,OTHPYR
60.1437,Mouse.left,released,OTHPYR
60.2936,Mouse.left,pressed,OTHPYR
60.4045,Mouse.left,released,OTHPYR
60.5325,Mouse.left,pressed,OTHPYR
60.6156,Mouse.left,released,OTHPYR
60.7365,Mouse.left,pressed,OTHPYR
60.8595,Mouse.left,released,OTHPYR
61.0596,Mouse.left,pressed,OTHPYR
61.1675,Mouse.left,released,OTHPYR
61.2994,Mouse.left,pressed,OTHPYR
61.3928,Mouse.left,released,OTHPYR
61.5086,Mouse.left,pressed,OTHPYR
61.5875,Mouse.left,released,OTHPYR
61.7085,Mouse.left,pressed,OTHPYR
61.7865,Mouse.left,released,OTHPYR
61.8948,Mouse.left,pressed,OTHPYR
61.9846,Mouse.left,released,OTHPYR
62.1028,Mouse.left,pressed,OTHPYR
62.1986,Mouse.left,released,OTHPYR
62.3626,Mouse.left,pressed,OTHPYR
62.4575,Mouse.left,released,OTHPYR
62.5846,Mouse.left,pressed,OTHPYR
62.6636,Mouse.left,released,OTHPYR
62.7695,Mouse.left,pressed,OTHPYR
62.8596,Mouse.left,released,OTHPYR
62.9666,Mouse.left,pressed,OTHPYR
63.0416,Mouse.left,released,OTHPYR
63.1465,Mouse.left,pressed,OTHPYR
63.2276,Mouse.left,released,OTHPYR
63.3505,Mouse.left,pressed,OTHPYR
63.4036,Mouse.left,released,OTHPYR
63.5205,Mouse.left,pressed,OTHPYR
63.5297,'w',released,OTHPYR
63.6225,Mouse.left,released,OTHPYR
63.7335,Mouse.left,pressed,OTHPYR
63.7825,Key.shift,pressed,OTHPYR
63.8285,Mouse.left,released,OTHPYR
64.0064,Key.shift,released,OTHPYR
64.1787,Mouse.left,pressed,OTHPYR
64.2795,Mouse.left,released,OTHPYR
64.4125,Mouse.left,pressed,OTHPYR
64.5117,Mouse.left,released,OTHPYR
64.6106,Mouse.left,pressed,OTHPYR
64.7045,Mouse.left,released,OTHPYR
64.8195,Mouse.left,pressed,OTHPYR
64.9165,Mouse.left,released,OTHPYR
65.0449,Mouse.left,pressed,OTHPYR
65.1425,Mouse.left,released,OTHPYR
65.2556,Mouse.left,pressed,OTHPYR
65.3487,Mouse.left,released,OTHPYR
65.5795,Mouse.left,pressed,OTHPYR
65.7085,Mouse.left,released,OTHPYR
66.3956,'w',pressed,OTHPYR
67.3186,'w',released,OTHPYR
69.5808,'w',pressed,OTHPYR
69.9607,'a',pressed,OTHPYR
69.9926,'a',released,OTHPYR
70.1705,'w',released,OTHPYR
70.2876,'a',pressed,OTHPYR
70.9656,'a',released,OTHPYR
71.1527,'w',pressed,OTHPYR
71.6506,'w',released,OTHPYR
71.7956,'a',pressed,OTHPYR
72.6525,'a',released,OTHPYR
72.8726,'w',pressed,OTHPYR
73.3234,'w',released,OTHPYR
73.3916,'a',pressed,OTHPYR
74.3025,'a',released,OTHPYR
74.6975,'w',pressed,OTHPYR
75.0026,Mouse.left,pressed,OTHPYR
75.1636,Mouse.left,released,OTHPYR
75.2755,Mouse.left,pressed,OTHPYR
75.3316,'w',released,OTHPYR
75.3628,Mouse.left,released,OTHPYR
75.4535,Mouse.left,pressed,OTHPYR
75.5546,Mouse.left,released,OTHPYR
75.6465,Mouse.left,pressed,OTHPYR
75.7496,Mouse.left,released,OTHPYR
75.8846,Mouse.left,pressed,OTHPYR
75.9446,Mouse.left,released,OTHPYR
76.0405,Mouse.left,pressed,OTHPYR
76.1395,Mouse.left,released,OTHPYR
77.0457,Mouse.left,pressed,OTHPYR
77.1306,Mouse.left,released,OTHPYR
77.2608,Mouse.left,pressed,OTHPYR
77.3375,Mouse.left,released,OTHPYR
77.4526,Mouse.left,pressed,OTHPYR
77.5284,Mouse.left,released,OTHPYR
77.6536,Mouse.left,pressed,OTHPYR
77.7345,Mouse.left,released,OTHPYR
88.9286,'w',pressed,OTHPYR
89.6676,'w',released,OTHPYR
91.8546,'w',pressed,OTHPYR
93.9296,'w',released,OTHPYR
95.7066,'w',pressed,OTHPYR
96.9236,'w',released,OTHPYR
97.1547,'s',pressed,OTHPYR
97.8715,'s',released,OTHPYR
98.1257,'w',pressed,OTHPYR
98.2476,'w',released,OTHPYR
98.5266,'a',pressed,OTHPYR
98.7726,'a',released,OTHPYR
99.1847,'w',pressed,OTHPYR
99.5016,'w',released,OTHPYR
99.6656,'a',pressed,OTHPYR
100.5006,'a',released,OTHPYR
100.6926,'w',pressed,OTHPYR
101.0356,'w',released,OTHPYR
101.1016,'a',pressed,OTHPYR
102.2036,'a',released,OTHPYR
102.3555,Mouse.left,pressed,OTHPYR
102.8486,Mouse.left,released,OTHPYR
103.1407,'a',pressed,OTHPYR
103.5396,'a',released,OTHPYR
103.7277,'d',pressed,OTHPYR
104.0456,'d',released,OTHPYR
104.7706,'a',pressed,OTHPYR
104.7927,'a',released,OTHPYR
104.9096,'w',pressed,OTHPYR
105.7386,'w',released,OTHPYR
106.9236,'w',pressed,OTHPYR
106.9386,'w',released,OTHPYR
107.2406,'s',pressed,OTHPYR
107.4266,'s',released,OTHPYR
107.5386,'s',pressed,OTHPYR
107.5866,'s',released,OTHPYR
112.2927,'w',pressed,OTHPYR
112.6666,'w',released,OTHPYR
112.8006,'w',pressed,OTHPYR
114.5496,'w',released,OTHPYR
117.5936,'a',pressed,OTHPYR
117.8765,'a',released,OTHPYR
118.0165,'w',pressed,OTHPYR
118.0526,'w',released,OTHPYR
118.1746,'d',pressed,OTHPYR
118.6075,'d',released,OTHPYR
118.6976,'w',pressed,OTHPYR
119.0216,'w',released,OTHPYR
119.1326,'a',pressed,OTHPYR
119.5185,'a',released,OTHPYR
119.7966,'w',pressed,OTHPYR
120.1075,'w',released,OTHPYR
120.2076,'w',pressed,OTHPYR
120.2496,'w',released,OTHPYR
122.5025,'w',pressed,OTHPYR
122.6475,Mouse.left,pressed,OTHPYR
122.7905,Mouse.left,released,OTHPYR
122.8456,'w',released,OTHPYR
122.9175,Mouse.left,pressed,OTHPYR
123.0287,Mouse.left,released,OTHPYR
123.1316,Mouse.left,pressed,OTHPYR
123.2355,Mouse.left,released,OTHPYR
123.3427,Mouse.left,pressed,OTHPYR
123.4646,Mouse.left,released,OTHPYR
140.7886,'w',pressed,OTHPYR
143.3907,'w',released,OTHPYR
144.1456,'w',pressed,OTHPYR
144.5335,'w',released,OTHPYR
144.6396,'a',pressed,OTHPYR
145.1646,'a',released,OTHPYR
145.5155,'a',pressed,OTHPYR
147.3356,'a',released,OTHPYR
147.6296,'w',pressed,OTHPYR
147.9205,'w',released,OTHPYR
148.0046,'a',pressed,OTHPYR
149.3846,'a',released,OTHPYR
149.6186,'w',pressed,OTHPYR
150.0476,'w',released,OTHPYR
153.0985,Mouse.left,pressed,OTHPYR
153.2285,Mouse.left,released,OTHPYR
153.3239,Mouse.left,pressed,OTHPYR
153.4276,Mouse.left,released,OTHPYR
153.5237,Mouse.left,pressed,OTHPYR
153.6226,Mouse.left,released,OTHPYR
153.7355,Mouse.left,pressed,OTHPYR
153.8426,Mouse.left,released,OTHPYR
153.9517,Mouse.left,pressed,OTHPYR
154.0395,Mouse.left,released,OTHPYR
154.1316,Mouse.left,pressed,OTHPYR
154.2396,Mouse.left,released,OTHPYR
154.3456,Mouse.left,pressed,OTHPYR
154.4386,Mouse.left,released,OTHPYR
154.5527,Mouse.left,pressed,OTHPYR
154.6475,Mouse.left,released,OTHPYR
154.7495,Mouse.left,pressed,OTHPYR
154.9085,Mouse.left,released,OTHPYR
157.2656,'w',pressed,OTHPYR
159.0736,'w',released,OTHPYR
159.3526,'w',pressed,OTHPYR
159.6526,'w',released,OTHPYR
171.7097,'w',pressed,OTHPYR
175.3586,'w',released,OTHPYR
175.8036,'w',pressed,OTHPYR
176.1196,'w',released,OTHPYR
177.1276,'w',pressed,OTHPYR
180.5087,'w',released,OTHPYR
184.1776,'w',pressed,OTHPYR
184.8206,'w',released,OTHPYR
185.5916,'w',pressed,OTHPYR
186.1626,'w',released,OTHPYR
186.5286,'w',pressed,OTHPYR
187.3436,'w',released,OTHPYR
189.5097,'w',pressed,OTHPYR
190.6067,'w',released,OTHPYR
193.1886,'w',pressed,OTHPYR
194.4186,'w',released,OTHPYR
195.9146,'w',pressed,OTHPYR
199.3697,'w',released,OTHPYR
200.1408,'w',pressed,OTHPYR
200.7036,'w',released,OTHPYR
200.7416,'a',pressed,OTHPYR
201.5366,'a',released,OTHPYR
201.8746,'w',pressed,OTHPYR
202.6676,'w',released,OTHPYR
202.7145,'a',pressed,OTHPYR
204.6386,'a',released,OTHPYR
205.2777,'w',pressed,OTHPYR
207.7876,'w',released,OTHPYR
207.8236,Mouse.left,pressed,OTHPYR
208.2705,Mouse.left,released,OTHPYR
208.6076,Mouse.left,pressed,OTHPYR
208.8446,Mouse.left,released,OTHPYR
208.9366,Mouse.left,pressed,OTHPYR
209.0616,Mouse.left,released,OTHPYR
209.1626,Mouse.left,pressed,OTHPYR
209.2655,Mouse.left,released,OTHPYR
209.3656,Mouse.left,pressed,OTHPYR
209.4606,Mouse.left,released,OTHPYR
209.5546,Mouse.left,pressed,OTHPYR
209.6745,Mouse.left,released,OTHPYR
209.7695,Mouse.left,pressed,OTHPYR
209.8836,Mouse.left,released,OTHPYR
209.9907,Mouse.left,pressed,OTHPYR
210.1015,Mouse.left,released,OTHPYR
210.2005,Mouse.left,pressed,OTHPYR
210.2825,Mouse.left,released,OTHPYR
210.3797,Mouse.left,pressed,OTHPYR
210.4844,Mouse.left,released,OTHPYR
210.5825,Mouse.left,pressed,OTHPYR
210.6756,Mouse.left,released,OTHPYR
230.7846,'w',pressed,OTHPYR
235.4146,'w',released,OTHPYR
236.0356,'w',pressed,OTHPYR
247.6397,'w',released,OTHPYR
276.4786,'w',pressed,OTHPYR
276.9186,'w',released,OTHPYR
276.9936,'w',pressed,OTHPYR
277.0137,'w',released,OTHPYR
277.1436,'d',pressed,OTHPYR
277.4756,'d',released,OTHPYR
277.9057,'w',pressed,OTHPYR
278.3336,'w',released,OTHPYR
278.3897,'w',pressed,OTHPYR
278.5076,'w',released,OTHPYR
278.6736,'w',pressed,OTHPYR
279.1116,Mouse.left,pressed,OTHPYR
279.2226,Mouse.left,released,OTHPYR
279.3586,Mouse.left,pressed,OTHPYR
279.4766,Mouse.left,released,OTHPYR
279.6176,Mouse.left,pressed,OTHPYR
279.7216,Mouse.left,released,OTHPYR
279.8126,Mouse.left,pressed,OTHPYR
279.9566,Mouse.left,released,OTHPYR
280.1975,Mouse.left,pressed,OTHPYR
280.3485,Mouse.left,released,OTHPYR
280.4558,Mouse.left,pressed,OTHPYR
280.4636,'w',released,OTHPYR
280.6106,Mouse.left,released,OTHPYR
280.6626,'w',pressed,OTHPYR
280.7165,Mouse.left,pressed,OTHPYR
280.8505,Mouse.left,released,OTHPYR
280.9546,Mouse.left,pressed,OTHPYR
281.0696,Mouse.left,released,OTHPYR
281.1686,Mouse.left,pressed,OTHPYR
281.2826,Mouse.left,released,OTHPYR
281.3796,Mouse.left,pressed,OTHPYR
281.4756,Mouse.left,released,OTHPYR
281.5736,Mouse.left,pressed,OTHPYR
281.6785,Mouse.left,released,OTHPYR
281.7688,Mouse.left,pressed,OTHPYR
281.8766,Mouse.left,released,OTHPYR
282.0766,Mouse.left,pressed,OTHPYR
282.2425,Mouse.left,released,OTHPYR
282.3295,Mouse.left,pressed,OTHPYR
282.4627,Mouse.left,released,OTHPYR
282.5405,Mouse.left,pressed,OTHPYR
282.6576,Mouse.left,released,OTHPYR
282.7445,Mouse.left,pressed,OTHPYR
282.8466,Mouse.left,released,OTHPYR
282.9396,Mouse.left,pressed,OTHPYR
283.0665,Mouse.left,released,OTHPYR
283.0876,'w',released,OTHPYR
283.1416,Mouse.left,pressed,OTHPYR
283.2896,Mouse.left,released,OTHPYR
283.3786,Mouse.left,pressed,OTHPYR
283.5435,Mouse.left,released,OTHPYR
283.6575,Mouse.left,pressed,OTHPYR
283.8106,Mouse.left,released,OTHPYR
284.2676,'w',pressed,OTHPYR
285.6435,Mouse.left,pressed,OTHPYR
285.7656,Mouse.left,released,OTHPYR
285.8717,Mouse.left,pressed,OTHPYR
285.9896,Mouse.left,released,OTHPYR
286.1075,Mouse.left,pressed,OTHPYR
286.1855,Mouse.left,released,OTHPYR
286.2956,Mouse.left,pressed,OTHPYR
286.3725,Mouse.left,released,OTHPYR
286.7314,Mouse.left,pressed,OTHPYR
286.8616,Mouse.left,released,OTHPYR
286.9927,Mouse.left,pressed,OTHPYR
287.0855,Mouse.left,released,OTHPYR
287.2076,Mouse.left,pressed,OTHPYR
287.2806,Mouse.left,released,OTHPYR
287.3896,Mouse.left,pressed,OTHPYR
287.4885,Mouse.left,released,OTHPYR
287.6115,Mouse.left,pressed,OTHPYR
287.6836,Mouse.left,released,OTHPYR
287.8206,Mouse.left,pressed,OTHPYR
287.8866,Mouse.left,released,OTHPYR
288.0295,Mouse.left,pressed,OTHPYR
288.0927,Mouse.left,released,OTHPYR
288.2325,Mouse.left,pressed,OTHPYR
288.3076,Mouse.left,released,OTHPYR
288.4245,Mouse.left,pressed,OTHPYR
288.5305,Mouse.left,released,OTHPYR
288.7227,Mouse.left,pressed,OTHPYR
288.8276,Mouse.left,released,OTHPYR
288.9597,Mouse.left,pressed,OTHPYR
289.1036,Mouse.left,released,OTHPYR
289.2506,Mouse.left,pressed,OTHPYR
289.3566,Mouse.left,released,OTHPYR
289.4955,Mouse.left,pressed,OTHPYR
289.5766,Mouse.left,released,OTHPYR
290.9427,Mouse.left,pressed,OTHPYR
291.0406,Mouse.left,released,OTHPYR
291.0645,'w',released,OTHPYR
291.1906,Mouse.left,pressed,OTHPYR
291.3886,Mouse.left,released,OTHPYR
291.6476,'q',pressed,OTHPYR
291.8556,'q',released,OTHPYR
292.7566,'w',pressed,OTHPYR
293.2126,Mouse.left,pressed,OTHPYR
293.2396,'w',released,OTHPYR
293.3398,Mouse.left,released,OTHPYR
295.8826,Mouse.left,pressed,OTHPYR
295.9935,Mouse.left,released,OTHPYR
296.1155,Mouse.left,pressed,OTHPYR
296.2106,Mouse.left,released,OTHPYR
296.3576,Mouse.left,pressed,OTHPYR
296.4206,Mouse.left,released,OTHPYR
296.8015,Mouse.left,pressed,OTHPYR
296.8486,Mouse.left,released,OTHPYR
296.9896,Mouse.left,pressed,OTHPYR
297.0615,Mouse.left,released,OTHPYR
297.1835,Mouse.left,pressed,OTHPYR
297.2616,Mouse.left,released,OTHPYR
297.3787,Mouse.left,pressed,OTHPYR
297.4536,Mouse.left,released,OTHPYR
297.7756,Mouse.left,pressed,OTHPYR
297.8426,Mouse.left,released,OTHPYR
297.9595,Mouse.left,pressed,OTHPYR
298.0416,Mouse.left,released,OTHPYR
298.1586,Mouse.left,pressed,OTHPYR
298.2276,Mouse.left,released,OTHPYR
298.3576,Mouse.left,pressed,OTHPYR
298.4316,Mouse.left,released,OTHPYR
298.5436,Mouse.left,pressed,OTHPYR
298.6246,Mouse.left,released,OTHPYR
298.7496,Mouse.left,pressed,OTHPYR
298.8336,Mouse.left,released,OTHPYR
299.1056,'w',pressed,OTHPYR
299.3096,'w',released,OTHPYR
299.6697,Mouse.left,pressed,OTHPYR
299.7816,Mouse.left,released,OTHPYR
300.4816,'w',pressed,OTHPYR
300.9396,'w',released,OTHPYR
301.4526,'w',pressed,OTHPYR
302.0556,'w',released,OTHPYR
303.5416,'w',pressed,OTHPYR
305.4176,'w',released,OTHPYR
306.7516,'w',pressed,OTHPYR
310.4896,'w',released,OTHPYR
311.0175,'w',pressed,OTHPYR
311.1256,'w',released,OTHPYR
311.3206,'w',pressed,OTHPYR
311.5746,'w',released,OTHPYR
312.2876,'w',pressed,OTHPYR
312.5906,'w',released,OTHPYR
313.3676,'w',pressed,OTHPYR
313.9326,'w',released,OTHPYR
316.8246,'w',pressed,OTHPYR
317.2886,'w',released,OTHPYR
317.7697,'d',pressed,OTHPYR
318.0696,'d',released,OTHPYR
318.2127,'w',pressed,OTHPYR
319.3517,'w',released,OTHPYR
321.7400,'w',pressed,OTHPYR
322.6206,'w',released,OTHPYR
323.1677,'w',pressed,OTHPYR
324.1426,'w',released,OTHPYR
324.9496,'w',pressed,OTHPYR
325.1346,'w',released,OTHPYR
325.9697,'w',pressed,OTHPYR
326.3796,'w',released,OTHPYR
327.1697,'w',pressed,OTHPYR
327.2057,'w',released,OTHPYR
327.3696,'w',pressed,OTHPYR
327.8565,'w',released,OTHPYR
328.0726,'d',pressed,OTHPYR
328.4876,'d',released,OTHPYR
328.5936,'w',pressed,OTHPYR
329.6837,'w',released,OTHPYR
333.6506,'w',pressed,OTHPYR
337.9676,'w',released,OTHPYR
340.7676,'w',pressed,OTHPYR
343.4286,'w',released,OTHPYR
345.2177,'w',pressed,OTHPYR
348.1775,'w',released,OTHPYR
348.6126,'w',pressed,OTHPYR
349.3715,'w',released,OTHPYR
349.8456,'w',pressed,OTHPYR
352.9407,'w',released,OTHPYR
353.4576,'w',pressed,OTHPYR
355.9925,'w',released,OTHPYR
356.1416,'q',pressed,OTHPYR
356.2176,'q',released,OTHPYR
356.4056,'w',pressed,OTHPYR
359.7156,Mouse.left,pressed,OTHPYR
359.8356,Mouse.left,released,OTHPYR
359.9406,Mouse.left,pressed,OTHPYR
360.0426,Mouse.left,released,OTHPYR
360.1486,Mouse.left,pressed,OTHPYR
360.2115,Mouse.left,released,OTHPYR
360.7885,Mouse.left,pressed,OTHPYR
360.9036,Mouse.left,released,OTHPYR
361.0306,Mouse.left,pressed,OTHPYR
361.1336,Mouse.left,released,OTHPYR
361.2377,Mouse.left,pressed,OTHPYR
361.3476,Mouse.left,released,OTHPYR
361.4675,Mouse.left,pressed,OTHPYR
361.5716,Mouse.left,released,OTHPYR
361.6966,Mouse.left,pressed,OTHPYR
361.7846,Mouse.left,released,OTHPYR
362.9606,'w',released,OTHPYR
363.0426,'w',pressed,OTHPYR
364.1425,Mouse.left,pressed,OTHPYR
364.1886,Mouse.left,released,OTHPYR
364.8816,'w',released,OTHPYR
365.5487,'w',pressed,OTHPYR
370.3966,'w',released,OTHPYR
370.9256,'w',pressed,OTHPYR
371.4547,'w',released,OTHPYR
372.1646,Mouse.left,pressed,OTHPYR
372.3036,Mouse.left,released,OTHPYR
372.3946,Mouse.left,pressed,OTHPYR
372.5246,Mouse.left,released,OTHPYR
372.5945,Mouse.left,pressed,OTHPYR
372.5998,'w',pressed,OTHPYR
372.6846,Mouse.left,released,OTHPYR
372.7675,Mouse.left,pressed,OTHPYR
372.8806,Mouse.left,released,OTHPYR
372.9805,Mouse.left,pressed,OTHPYR
373.0657,Mouse.left,released,OTHPYR
373.1746,Mouse.left,pressed,OTHPYR
373.2647,'w',released,OTHPYR
373.3036,Mouse.left,released,OTHPYR
373.6376,Mouse.left,pressed,OTHPYR
373.8066,Mouse.left,released,OTHPYR
373.8885,Mouse.left,pressed,OTHPYR
373.9926,Mouse.left,released,OTHPYR
374.0545,Mouse.left,pressed,OTHPYR
374.1366,Mouse.left,released,OTHPYR
374.2166,Mouse.left,pressed,OTHPYR
374.3205,Mouse.left,released,OTHPYR
374.3976,Mouse.left,pressed,OTHPYR
374.4725,Mouse.left,released,OTHPYR
374.5625,Mouse.left,pressed,OTHPYR
374.6596,Mouse.left,released,OTHPYR
374.7296,Mouse.left,pressed,OTHPYR
374.8046,Mouse.left,released,OTHPYR
374.8796,Mouse.left,pressed,OTHPYR
374.9539,Mouse.left,released,OTHPYR
375.0446,Mouse.left,pressed,OTHPYR
375.1327,Mouse.left,released,OTHPYR
375.2055,Mouse.left,pressed,OTHPYR
375.3306,Mouse.left,released,OTHPYR
375.3615,Mouse.left,pressed,OTHPYR
375.5195,Mouse.left,released,OTHPYR
375.5776,Mouse.left,pressed,OTHPYR
375.7225,Mouse.left,released,OTHPYR
375.7786,Mouse.left,pressed,OTHPYR
375.9166,Mouse.left,released,OTHPYR
375.9686,Mouse.left,pressed,OTHPYR
376.7306,Mouse.left,released,OTHPYR
376.8065,Mouse.left,pressed,OTHPYR
377.8647,Mouse.left,released,OTHPYR
402.8046,'w',pressed,OTHPYR
403.4956,'w',released,OTHPYR
403.8777,'w',pressed,OTHPYR
404.4206,'w',released,OTHPYR
404.9156,'w',pressed,OTHPYR
408.1276,'w',released,OTHPYR
409.3476,'w',pressed,OTHPYR
417.0047,'w',released,OTHPYR
418.2527,'w',pressed,OTHPYR
423.3566,Mouse.left,pressed,OTHPYR
423.4606,Mouse.left,released,OTHPYR
423.5516,Mouse.left,pressed,OTHPYR
423.6117,Mouse.left,released,OTHPYR
423.7156,Mouse.left,pressed,OTHPYR
423.7167,'w',released,OTHPYR
423.7675,Mouse.left,released,OTHPYR
423.8436,Mouse.left,pressed,OTHPYR
423.8487,'w',pressed,OTHPYR
423.9346,Mouse.left,released,OTHPYR
424.0207,Mouse.left,pressed,OTHPYR
424.0436,'w',released,OTHPYR
424.1266,Mouse.left,released,OTHPYR
424.2027,Mouse.left,pressed,OTHPYR
424.3116,Mouse.left,released,OTHPYR
424.3825,Mouse.left,pressed,OTHPYR
424.4926,Mouse.left,released,OTHPYR
424.5796,Mouse.left,pressed,OTHPYR
424.7266,Mouse.left,released,OTHPYR
424.8126,Mouse.left,pressed,OTHPYR
424.9166,Mouse.left,released,OTHPYR
424.9486,'w',pressed,OTHPYR
425.6076,'w',released,OTHPYR
426.7525,Mouse.left,pressed,OTHPYR
426.8606,Mouse.left,released,OTHPYR
426.9716,Mouse.left,pressed,OTHPYR
427.0856,Mouse.left,released,OTHPYR
427.2417,Mouse.left,pressed,OTHPYR
427.3536,Mouse.left,released,OTHPYR
427.4576,Mouse.left,pressed,OTHPYR
427.5726,Mouse.left,released,OTHPYR
427.6766,Mouse.left,pressed,OTHPYR
427.7897,Mouse.left,released,OTHPYR
427.8956,Mouse.left,pressed,OTHPYR
428.0326,Mouse.left,released,OTHPYR
428.1376,Mouse.left,pressed,OTHPYR
428.2457,Mouse.left,released,OTHPYR
428.3556,Mouse.left,pressed,OTHPYR
428.4386,Mouse.left,released,OTHPYR
428.5306,Mouse.left,pressed,OTHPYR
428.6317,Mouse.left,released,OTHPYR
428.7316,Mouse.left,pressed,OTHPYR
428.8286,Mouse.left,released,OTHPYR
429.0556,Mouse.left,pressed,OTHPYR
429.1376,Mouse.left,released,OTHPYR
429.2496,Mouse.left,pressed,OTHPYR
429.3276,Mouse.left,released,OTHPYR
429.4236,Mouse.left,pressed,OTHPYR
429.5106,Mouse.left,released,OTHPYR
429.6506,Mouse.left,pressed,OTHPYR
429.7106,Mouse.left,released,OTHPYR
430.0076,Mouse.left,pressed,OTHPYR
430.1456,Mouse.left,released,OTHPYR
430.2506,Mouse.left,pressed,OTHPYR
430.3855,Mouse.left,released,OTHPYR
430.5066,Mouse.left,pressed,OTHPYR
430.5826,Mouse.left,released,OTHPYR
430.7065,Mouse.left,pressed,OTHPYR
430.8036,Mouse.left,released,OTHPYR
430.9616,Mouse.left,pressed,OTHPYR
431.0915,Mouse.left,released,OTHPYR
431.1796,Mouse.left,pressed,OTHPYR
431.2996,Mouse.left,released,OTHPYR
431.3776,Mouse.left,pressed,OTHPYR
431.4986,Mouse.left,released,OTHPYR
431.5376,Mouse.left,pressed,OTHPYR
431.6876,Mouse.left,released,OTHPYR
450.5096,'w',pressed,OTHPYR
451.0226,'w',released,OTHPYR
451.0366,'a',pressed,OTHPYR
451.6396,'a',released,OTHPYR
451.8616,'a',pressed,OTHPYR
452.3107,'a',released,OTHPYR
452.6127,'a',pressed,OTHPYR
452.9877,'a',released,OTHPYR
453.1236,'w',pressed,OTHPYR
454.4556,'w',released,OTHPYR
455.4006,'w',pressed,OTHPYR
456.9867,'w',released,OTHPYR
458.6457,'w',pressed,OTHPYR
459.0138,'w',released,OTHPYR
459.5106,'w',pressed,OTHPYR
459.9186,'w',released,OTHPYR
460.1696,'w',pressed,OTHPYR
460.5897,'w',released,OTHPYR
461.4327,'w',pressed,OTHPYR
465.3327,'w',released,OTHPYR
467.0067,'w',pressed,OTHPYR
469.2687,Mouse.left,pressed,OTHPYR
469.4216,Mouse.left,released,OTHPYR
469.5036,Mouse.left,pressed,OTHPYR
469.6267,Mouse.left,released,OTHPYR
469.7157,Mouse.left,pressed,OTHPYR
469.8457,Mouse.left,released,OTHPYR
469.9396,Mouse.left,pressed,OTHPYR
470.0556,Mouse.left,released,OTHPYR
470.1477,Mouse.left,pressed,OTHPYR
470.2886,Mouse.left,released,OTHPYR
470.4066,Mouse.left,pressed,OTHPYR
470.5276,Mouse.left,released,OTHPYR
470.6316,Mouse.left,pressed,OTHPYR
470.7557,Mouse.left,released,OTHPYR
470.8696,Mouse.left,pressed,OTHPYR
470.9976,Mouse.left,released,OTHPYR
471.1376,Mouse.left,pressed,OTHPYR
471.6256,Mouse.left,released,OTHPYR
472.7867,Mouse.left,pressed,OTHPYR
472.9266,Mouse.left,released,OTHPYR
474.4156,'w',released,OTHPYR
474.8326,'w',pressed,OTHPYR
476.3656,Mouse.right,pressed,OTHPYR
476.5666,Mouse.right,released,OTHPYR
477.2427,Mouse.left,pressed,OTHPYR
477.3635,Mouse.left,released,OTHPYR
477.4706,Mouse.left,pressed,OTHPYR
477.5806,Mouse.left,released,OTHPYR
477.9795,Mouse.left,pressed,OTHPYR
478.0766,Mouse.left,released,OTHPYR
478.2076,Mouse.left,pressed,OTHPYR
478.3076,Mouse.left,released,OTHPYR
478.4336,Mouse.left,pressed,OTHPYR
478.4886,Mouse.left,released,OTHPYR
478.5956,Mouse.left,pressed,OTHPYR
478.6586,Mouse.left,released,OTHPYR
479.4995,Mouse.left,pressed,OTHPYR
479.6066,Mouse.left,released,OTHPYR
479.7106,Mouse.left,pressed,OTHPYR
479.8207,Mouse.left,released,OTHPYR
480.0066,Mouse.left,pressed,OTHPYR
480.1116,Mouse.left,released,OTHPYR
480.1976,Mouse.left,pressed,OTHPYR
480.3137,Mouse.left,released,OTHPYR
480.4066,'w',released,OTHPYR
480.4155,Mouse.left,pressed,OTHPYR
480.5287,Mouse.left,released,OTHPYR
480.5956,Mouse.left,pressed,OTHPYR
480.7266,Mouse.left,released,OTHPYR
480.7976,Mouse.left,pressed,OTHPYR
480.9166,Mouse.left,released,OTHPYR
480.9969,Mouse.left,pressed,OTHPYR
481.1027,Mouse.left,released,OTHPYR
481.1676,Mouse.left,pressed,OTHPYR
481.3066,Mouse.left,released,OTHPYR
481.4086,Mouse.left,pressed,OTHPYR
481.4636,'q',pressed,OTHPYR
481.4956,Mouse.left,released,OTHPYR
481.5827,Mouse.left,pressed,OTHPYR
481.5856,'q',released,OTHPYR
481.6925,Mouse.left,released,OTHPYR
481.6946,'q',pressed,OTHPYR
481.7916,Mouse.left,pressed,OTHPYR
481.8107,'q',released,OTHPYR
481.8986,Mouse.left,released,OTHPYR
481.9107,'q',pressed,OTHPYR
481.9966,'q',released,OTHPYR
482.0157,Mouse.left,pressed,OTHPYR
482.1267,'q',pressed,OTHPYR
482.1756,Mouse.left,released,OTHPYR
482.1887,'q',released,OTHPYR
482.2777,Mouse.left,pressed,OTHPYR
482.4126,Mouse.left,released,OTHPYR
482.5015,Mouse.left,pressed,OTHPYR
482.6486,Mouse.left,released,OTHPYR
482.7416,Mouse.left,pressed,OTHPYR
482.8676,Mouse.left,released,OTHPYR
482.9957,Mouse.left,pressed,OTHPYR
483.0516,Mouse.left,released,OTHPYR
483.1545,Mouse.left,pressed,OTHPYR
483.2987,Mouse.left,released,OTHPYR
483.3829,Mouse.left,pressed,OTHPYR
484.1936,'q',pressed,OTHPYR
484.5347,'q',released,OTHPYR
486.0026,'q',pressed,OTHPYR
486.3126,'q',released,OTHPYR
486.8755,Mouse.left,released,OTHPYR
487.0797,'w',pressed,OTHPYR
488.0256,'w',released,OTHPYR
488.5637,'w',pressed,OTHPYR
492.4026,Mouse.left,pressed,OTHPYR
492.5267,Mouse.left,released,OTHPYR
492.6126,Mouse.left,pressed,OTHPYR
492.7266,Mouse.left,released,OTHPYR
492.7916,Mouse.left,pressed,OTHPYR
492.9136,Mouse.left,released,OTHPYR
492.9948,Mouse.left,pressed,OTHPYR
493.0866,Mouse.left,released,OTHPYR
493.1797,Mouse.left,pressed,OTHPYR
493.2965,Mouse.left,released,OTHPYR
493.3876,Mouse.left,pressed,OTHPYR
493.5056,Mouse.left,released,OTHPYR
493.6057,Mouse.left,pressed,OTHPYR
493.7347,Mouse.left,released,OTHPYR
493.8365,Mouse.left,pressed,OTHPYR
493.9596,Mouse.left,released,OTHPYR
494.0606,Mouse.left,pressed,OTHPYR
494.1607,Mouse.left,released,OTHPYR
494.2685,Mouse.left,pressed,OTHPYR
494.3777,Mouse.left,released,OTHPYR
494.4906,Mouse.left,pressed,OTHPYR
494.5816,Mouse.left,released,OTHPYR
494.6826,Mouse.left,pressed,OTHPYR
494.7996,Mouse.left,released,OTHPYR
494.9098,Mouse.left,pressed,OTHPYR
495.0136,Mouse.left,released,OTHPYR
495.1376,Mouse.left,pressed,OTHPYR
495.2166,Mouse.left,released,OTHPYR
495.4586,'w',released,OTHPYR
497.7417,'w',pressed,OTHPYR
497.9116,'w',released,OTHPYR
497.9876,'w',pressed,OTHPYR
498.0876,'w',released,OTHPYR
498.3427,'w',pressed,OTHPYR
498.4566,'w',released,OTHPYR
498.5726,'w',pressed,OTHPYR
498.6367,'w',released,OTHPYR
499.5796,'q',pressed,OTHPYR
499.7687,'q',released,OTHPYR
500.3397,'w',pressed,OTHPYR
500.9636,'w',released,OTHPYR
502.3408,'w',pressed,OTHPYR
508.3968,'w',released,OTHPYR
508.8436,'w',pressed,OTHPYR
511.9837,Mouse.left,pressed,OTHPYR
512.1586,Mouse.left,released,OTHPYR
512.2726,Mouse.left,pressed,OTHPYR
512.3537,Mouse.left,released,OTHPYR
512.4096,Mouse.left,pressed,OTHPYR
512.4676,Mouse.left,released,OTHPYR
512.5405,Mouse.left,pressed,OTHPYR
512.5587,'w',released,OTHPYR
512.6576,Mouse.left,released,OTHPYR
512.7016,Mouse.left,pressed,OTHPYR
512.7989,Mouse.left,released,OTHPYR
512.8395,Mouse.left,pressed,OTHPYR
512.9426,Mouse.left,released,OTHPYR
513.0386,Mouse.left,pressed,OTHPYR
513.1157,Mouse.left,released,OTHPYR
513.1876,Mouse.left,pressed,OTHPYR
513.2826,Mouse.left,released,OTHPYR
513.3586,Mouse.left,pressed,OTHPYR
513.4576,Mouse.left,released,OTHPYR
513.5266,Mouse.left,pressed,OTHPYR
513.6326,Mouse.left,released,OTHPYR
513.7046,Mouse.left,pressed,OTHPYR
513.8236,Mouse.left,released,OTHPYR
514.3367,Mouse.left,pressed,OTHPYR
514.4666,Mouse.left,released,OTHPYR
514.6286,Mouse.left,pressed,OTHPYR
514.7596,Mouse.left,released,OTHPYR
514.8506,Mouse.left,pressed,OTHPYR
514.9456,Mouse.left,released,OTHPYR
515.0376,Mouse.left,pressed,OTHPYR
515.4587,Mouse.left,released,OTHPYR
515.5446,Mouse.left,pressed,OTHPYR
515.6757,Mouse.left,released,OTHPYR
515.7506,Mouse.left,pressed,OTHPYR
515.8686,Mouse.left,released,OTHPYR
543.0497,'w',pressed,OTHPYR
544.0516,'w',released,OTHPYR
544.5186,'w',pressed,OTHPYR
548.4947,'w',released,OTHPYR
549.8716,'w',pressed,OTHPYR
550.2087,'w',released,OTHPYR
551.3627,'w',pressed,OTHPYR
551.7967,'w',released,OTHPYR
554.0867,'w',pressed,OTHPYR
556.7776,Mouse.left,pressed,OTHPYR
556.8995,Mouse.left,released,OTHPYR
557.0036,Mouse.left,pressed,OTHPYR
557.1066,Mouse.left,released,OTHPYR
557.1956,Mouse.left,pressed,OTHPYR
557.2727,Mouse.left,released,OTHPYR
557.3606,Mouse.left,pressed,OTHPYR
557.4436,Mouse.left,released,OTHPYR
557.5346,Mouse.left,pressed,OTHPYR
557.6166,Mouse.left,released,OTHPYR
557.7567,Mouse.left,pressed,OTHPYR
557.7986,Mouse.left,released,OTHPYR
557.9086,Mouse.left,pressed,OTHPYR
557.9726,Mouse.left,released,OTHPYR
558.2926,Mouse.left,pressed,OTHPYR
558.4069,Mouse.left,released,OTHPYR
558.5235,Mouse.left,pressed,OTHPYR
558.6626,Mouse.left,released,OTHPYR
558.7506,Mouse.left,pressed,OTHPYR
558.8696,Mouse.left,released,OTHPYR
558.9575,Mouse.left,pressed,OTHPYR
559.0586,Mouse.left,released,OTHPYR
559.5558,'w',released,OTHPYR
559.7687,'w',pressed,OTHPYR
560.2187,'d',pressed,OTHPYR
560.2367,'w',released,OTHPYR
560.5196,'d',released,OTHPYR
560.5937,'w',pressed,OTHPYR
560.9516,'w',released,OTHPYR
560.9736,Mouse.left,pressed,OTHPYR
561.0486,Mouse.left,released,OTHPYR
561.6777,Mouse.left,pressed,OTHPYR
561.8086,Mouse.left,released,OTHPYR
561.9196,Mouse.left,pressed,OTHPYR
562.0316,Mouse.left,released,OTHPYR
562.1786,Mouse.left,pressed,OTHPYR
562.2816,Mouse.left,released,OTHPYR
562.6716,Mouse.left,pressed,OTHPYR
562.7726,Mouse.left,released,OTHPYR
562.8876,Mouse.left,pressed,OTHPYR
562.9606,Mouse.left,released,OTHPYR
563.2496,Mouse.left,pressed,OTHPYR
563.3536,Mouse.left,released,OTHPYR
563.4417,Mouse.left,pressed,OTHPYR
563.5666,Mouse.left,released,OTHPYR
563.6477,Mouse.left,pressed,OTHPYR
563.7596,Mouse.left,released,OTHPYR
563.8667,Mouse.left,pressed,OTHPYR
563.9386,Mouse.left,released,OTHPYR
564.0356,Mouse.left,pressed,OTHPYR
564.1458,Mouse.left,released,OTHPYR
564.2417,Mouse.left,pressed,OTHPYR
564.3346,Mouse.left,released,OTHPYR
564.4277,Mouse.left,pressed,OTHPYR
564.5296,Mouse.left,released,OTHPYR
564.6186,Mouse.left,pressed,OTHPYR
564.7236,Mouse.left,released,OTHPYR
564.7946,Mouse.left,pressed,OTHPYR
565.7066,Mouse.left,released,OTHPYR
565.8405,Mouse.left,pressed,OTHPYR
565.9057,'w',pressed,OTHPYR
566.0406,Mouse.left,released,OTHPYR
566.1466,Mouse.left,pressed,OTHPYR
566.3167,Mouse.left,released,OTHPYR
566.4547,Mouse.left,pressed,OTHPYR
566.5985,Mouse.left,released,OTHPYR
566.6756,Mouse.left,pressed,OTHPYR
566.8296,Mouse.left,released,OTHPYR
566.8987,Mouse.left,pressed,OTHPYR
567.0077,Mouse.left,released,OTHPYR
567.0827,Mouse.left,pressed,OTHPYR
567.2067,Mouse.left,released,OTHPYR
567.2946,Mouse.left,pressed,OTHPYR
567.3767,Mouse.left,released,OTHPYR
567.4876,Mouse.left,pressed,OTHPYR
567.6326,Mouse.left,released,OTHPYR
567.7077,Mouse.left,pressed,OTHPYR
567.8196,Mouse.left,released,OTHPYR
567.9166,Mouse.left,pressed,OTHPYR
568.0866,Mouse.left,released,OTHPYR
568.2126,Mouse.left,pressed,OTHPYR
568.3825,Mouse.left,released,OTHPYR
568.5316,Mouse.left,pressed,OTHPYR
568.6707,Mouse.left,released,OTHPYR
568.7686,Mouse.left,pressed,OTHPYR
568.9206,Mouse.left,released,OTHPYR
569.0298,Mouse.left,pressed,OTHPYR
569.1477,Mouse.left,released,OTHPYR
569.2436,Mouse.left,pressed,OTHPYR
569.3726,Mouse.left,released,OTHPYR
569.4745,Mouse.left,pressed,OTHPYR
569.6007,Mouse.left,released,OTHPYR
569.8207,Mouse.left,pressed,OTHPYR
569.9187,Mouse.left,released,OTHPYR
570.0236,Mouse.left,pressed,OTHPYR
570.1438,Mouse.left,released,OTHPYR
570.2436,Mouse.left,pressed,OTHPYR
570.3816,Mouse.left,released,OTHPYR
570.5006,Mouse.left,pressed,OTHPYR
570.6386,Mouse.left,released,OTHPYR
570.7265,Mouse.left,pressed,OTHPYR
570.8598,Mouse.left,released,OTHPYR
570.9825,Mouse.left,pressed,OTHPYR
571.1006,Mouse.left,released,OTHPYR
571.1867,'w',released,OTHPYR
571.9666,Mouse.left,pressed,OTHPYR
572.1137,Mouse.left,released,OTHPYR
572.2206,Mouse.left,pressed,OTHPYR
572.3486,Mouse.left,released,OTHPYR
572.4426,Mouse.left,pressed,OTHPYR
572.5636,Mouse.left,released,OTHPYR
572.7776,Mouse.left,pressed,OTHPYR
572.9137,Mouse.left,released,OTHPYR
573.0326,Mouse.left,pressed,OTHPYR
573.1286,Mouse.left,released,OTHPYR
573.2256,Mouse.left,pressed,OTHPYR
573.3276,Mouse.left,released,OTHPYR
573.4027,Mouse.left,pressed,OTHPYR
573.4936,Mouse.left,released,OTHPYR
574.8296,Mouse.left,pressed,OTHPYR
574.8947,'w',pressed,OTHPYR
574.9046,'w',released,OTHPYR
574.9757,Mouse.left,released,OTHPYR
575.0536,Mouse.left,pressed,OTHPYR
575.1618,Mouse.left,released,OTHPYR
575.3738,Mouse.left,pressed,OTHPYR
575.4956,Mouse.left,released,OTHPYR
575.5716,Mouse.left,pressed,OTHPYR
575.6876,Mouse.left,released,OTHPYR
575.7587,Mouse.left,pressed,OTHPYR
575.8756,Mouse.left,released,OTHPYR
575.9526,Mouse.left,pressed,OTHPYR
576.0646,Mouse.left,released,OTHPYR
576.1326,Mouse.left,pressed,OTHPYR
576.2457,Mouse.left,released,OTHPYR
576.3046,Mouse.left,pressed,OTHPYR
576.4476,Mouse.left,released,OTHPYR
576.5417,Mouse.left,pressed,OTHPYR
576.5507,'w',pressed,OTHPYR
576.6287,Mouse.left,released,OTHPYR
576.7076,Mouse.left,pressed,OTHPYR
576.8176,Mouse.left,released,OTHPYR
576.8858,Mouse.left,pressed,OTHPYR
577.6646,Mouse.left,released,OTHPYR
577.8286,'w',released,OTHPYR
579.1247,'w',pressed,OTHPYR
579.1816,Mouse.left,pressed,OTHPYR
579.3566,Mouse.left,released,OTHPYR
579.4406,Mouse.left,pressed,OTHPYR
579.6567,Mouse.left,released,OTHPYR
579.7566,Mouse.left,pressed,OTHPYR
579.8775,Mouse.left,released,OTHPYR
579.9556,Mouse.left,pressed,OTHPYR
580.0736,Mouse.left,released,OTHPYR
580.1446,Mouse.left,pressed,OTHPYR
580.2511,'w',released,OTHPYR
580.2936,Mouse.left,released,OTHPYR
581.5378,Mouse.left,pressed,OTHPYR
581.6127,Mouse.left,released,OTHPYR
581.6817,Mouse.left,pressed,OTHPYR
581.7526,Mouse.left,released,OTHPYR
581.8796,Mouse.left,pressed,OTHPYR
581.9386,Mouse.left,released,OTHPYR
582.4997,Mouse.left,pressed,OTHPYR
583.3676,Mouse.left,released,OTHPYR
601.0557,'w',pressed,OTHPYR
621.2146,'w',released,OTHPYR
622.9718,'w',pressed,OTHPYR
623.5636,'w',released,OTHPYR
625.2787,'w',pressed,OTHPYR
625.8278,'w',released,OTHPYR
626.7050,'w',pressed,OTHPYR
636.7947,'w',released,OTHPYR
639.9917,'w',pressed,OTHPYR
644.3647,'w',released,OTHPYR
645.6086,'w',pressed,OTHPYR
655.6058,Mouse.left,pressed,OTHPYR
655.6667,Mouse.left,released,OTHPYR
655.7207,'w',released,OTHPYR
655.7717,Mouse.left,pressed,OTHPYR
655.9035,Mouse.left,released,OTHPYR
655.9567,Mouse.left,pressed,OTHPYR
656.0518,Mouse.left,released,OTHPYR
656.1146,Mouse.left,pressed,OTHPYR
656.2276,Mouse.left,released,OTHPYR
656.2776,Mouse.left,pressed,OTHPYR
656.3777,Mouse.left,released,OTHPYR
656.4496,Mouse.left,pressed,OTHPYR
656.5595,Mouse.left,released,OTHPYR
656.6306,Mouse.left,pressed,OTHPYR
656.7216,Mouse.left,released,OTHPYR
656.7757,Mouse.left,pressed,OTHPYR
656.9057,Mouse.left,released,OTHPYR
656.9787,Mouse.left,pressed,OTHPYR
657.0826,Mouse.left,released,OTHPYR
657.1516,Mouse.left,pressed,OTHPYR
657.2647,Mouse.left,released,OTHPYR
657.3116,Mouse.left,pressed,OTHPYR
658.0127,Mouse.left,released,OTHPYR
658.0806,Mouse.left,pressed,OTHPYR
658.5666,Mouse.left,released,OTHPYR
658.6346,Mouse.left,pressed,OTHPYR
658.7746,Mouse.left,released,OTHPYR
658.8336,Mouse.left,pressed,OTHPYR
658.9757,Mouse.left,released,OTHPYR
659.0186,Mouse.left,pressed,OTHPYR
659.1676,Mouse.left,released,OTHPYR
659.1966,Mouse.left,pressed,OTHPYR
659.3346,Mouse.left,released,OTHPYR
659.3736,Mouse.left,pressed,OTHPYR
659.5078,Mouse.left,released,OTHPYR
659.5445,Mouse.left,pressed,OTHPYR
659.6526,Mouse.left,released,OTHPYR
659.7087,Mouse.left,pressed,OTHPYR
659.8446,Mouse.left,released,OTHPYR
659.9008,Mouse.left,pressed,OTHPYR
659.9687,Mouse.left,released,OTHPYR
660.4156,'q',pressed,OTHPYR
660.5836,'q',released,OTHPYR
663.6117,'w',pressed,OTHPYR
663.9856,'w',released,OTHPYR
664.6697,'w',pressed,OTHPYR
665.1416,'w',released,OTHPYR
668.3787,Mouse.left,pressed,OTHPYR
668.7256,Mouse.left,released,OTHPYR
669.9607,'w',pressed,OTHPYR
670.4297,'w',released,OTHPYR
670.9967,'w',pressed,OTHPYR
673.4216,'w',released,OTHPYR
673.9646,'w',pressed,OTHPYR
674.7576,'w',released,OTHPYR
676.3327,'w',pressed,OTHPYR
677.4477,'w',released,OTHPYR
680.9386,'d',pressed,OTHPYR
681.5447,'d',released,OTHPYR
682.7267,'w',pressed,OTHPYR
684.6756,'w',released,OTHPYR
684.9417,'w',pressed,OTHPYR
687.2647,'w',released,OTHPYR
687.7877,'w',pressed,OTHPYR
692.0907,Mouse.left,pressed,OTHPYR
692.2246,Mouse.left,released,OTHPYR
692.2586,'w',released,OTHPYR
692.2966,Mouse.left,pressed,OTHPYR
692.4046,Mouse.left,released,OTHPYR
692.4557,Mouse.left,pressed,OTHPYR
692.5707,Mouse.left,released,OTHPYR
692.5966,Mouse.left,pressed,OTHPYR
692.7155,Mouse.left,released,OTHPYR
692.7786,Mouse.left,pressed,OTHPYR
692.8836,Mouse.left,released,OTHPYR
692.9466,Mouse.left,pressed,OTHPYR
693.0507,Mouse.left,released,OTHPYR
693.1336,Mouse.left,pressed,OTHPYR
693.2576,Mouse.left,released,OTHPYR
693.3217,Mouse.left,pressed,OTHPYR
693.4266,Mouse.left,released,OTHPYR
693.4987,Mouse.left,pressed,OTHPYR
694.4118,'w',pressed,OTHPYR
694.7066,Mouse.left,released,OTHPYR
694.7357,'w',released,OTHPYR
694.7697,Mouse.left,pressed,OTHPYR
694.8547,Mouse.left,released,OTHPYR
694.9417,Mouse.left,pressed,OTHPYR
695.1166,Mouse.left,released,OTHPYR
695.2287,'q',pressed,OTHPYR
695.3287,'q',released,OTHPYR
695.3496,Mouse.left,pressed,OTHPYR
695.5116,Mouse.left,released,OTHPYR
695.5816,Mouse.left,pressed,OTHPYR
695.8425,Mouse.left,released,OTHPYR
695.9286,Mouse.left,pressed,OTHPYR
696.0736,Mouse.left,released,OTHPYR
696.1356,Mouse.left,pressed,OTHPYR
696.2747,Mouse.left,released,OTHPYR
696.3136,Mouse.left,pressed,OTHPYR
697.5057,'w',pressed,OTHPYR
697.8867,'d',pressed,OTHPYR
698.5956,'d',released,OTHPYR
704.4237,Mouse.left,released,OTHPYR
704.5246,Mouse.left,pressed,OTHPYR
713.3826,Mouse.left,released,OTHPYR
713.5257,'w',released,OTHPYR
714.9676,Mouse.left,pressed,OTHPYR
716.2246,Mouse.left,released,OTHPYR
717.3897,'w',pressed,OTHPYR
723.0417,'w',released,OTHPYR
724.2556,'w',pressed,OTHPYR
724.3837,'w',released,OTHPYR
724.5377,'w',pressed,OTHPYR
725.8937,'w',released,OTHPYR
727.0016,'w',pressed,OTHPYR
728.1317,'w',released,OTHPYR
730.2037,'w',pressed,OTHPYR
730.3467,'w',released,OTHPYR
730.3806,'w',pressed,OTHPYR
732.3067,'w',released,OTHPYR
732.5877,'w',pressed,OTHPYR
735.4976,'w',released,OTHPYR
735.6497,'w',pressed,OTHPYR
749.5456,'w',released,OTHPYR
751.3508,'w',pressed,OTHPYR
752.7397,'w',released,OTHPYR
759.6517,'w',pressed,OTHPYR
760.0786,'w',released,OTHPYR
760.6337,'s',pressed,OTHPYR
761.1987,'s',released,OTHPYR
761.5187,'w',pressed,OTHPYR
768.4287,Mouse.left,pressed,OTHPYR
768.5526,Mouse.left,released,OTHPYR
771.5827,'w',released,OTHPYR
772.8526,'w',pressed,OTHPYR
777.1427,Mouse.left,pressed,OTHPYR
777.5057,Mouse.left,released,OTHPYR
777.5178,'w',released,OTHPYR
777.6047,Mouse.left,pressed,OTHPYR
777.7857,Mouse.left,released,OTHPYR
777.8615,Mouse.left,pressed,OTHPYR
778.0287,Mouse.left,released,OTHPYR
778.0868,Mouse.left,pressed,OTHPYR
780.2977,'w',pressed,OTHPYR
781.8717,'w',released,OTHPYR
782.0019,'w',pressed,OTHPYR
783.7087,Mouse.left,released,OTHPYR
783.7787,'w',released,OTHPYR
801.0186,'w',pressed,OTHPYR
811.9826,Mouse.left,pressed,OTHPYR
821.2407,'w',released,OTHPYR
821.3187,Mouse.left,released,OTHPYR
821.6209,'w',pressed,OTHPYR
832.3647,Mouse.left,pressed,OTHPYR
836.2518,'w',released,OTHPYR
836.5236,Key.space,pressed,OTHPYR
836.6827,'w',pressed,OTHPYR
836.7006,Key.space,released,OTHPYR
837.0627,'w',released,OTHPYR
837.1328,'w',pressed,OTHPYR
837.2226,'w',released,OTHPYR
837.3318,'w',pressed,OTHPYR
837.5157,'w',released,OTHPYR
837.6097,'w',pressed,OTHPYR
837.7018,'w',released,OTHPYR
837.7977,'w',pressed,OTHPYR
837.8937,'w',released,OTHPYR
837.9777,'w',pressed,OTHPYR
838.0207,'w',released,OTHPYR
838.1128,'w',pressed,OTHPYR
838.1867,'w',released,OTHPYR
838.2787,'w',pressed,OTHPYR
838.3588,'w',released,OTHPYR
838.6087,'w',pressed,OTHPYR
838.6957,'w',released,OTHPYR
838.8057,'w',pressed,OTHPYR
838.8918,'w',released,OTHPYR
838.9937,'w',pressed,OTHPYR
839.0397,'w',released,OTHPYR
839.1477,'a',pressed,OTHPYR
839.4627,'a',released,OTHPYR
839.7987,'a',pressed,OTHPYR
839.8827,'a',released,OTHPYR
839.9297,'w',pressed,OTHPYR
840.4177,'w',released,OTHPYR
840.4837,'a',pressed,OTHPYR
840.7726,'a',released,OTHPYR
840.8247,'w',pressed,OTHPYR
841.1067,'w',released,OTHPYR
844.4396,Mouse.left,released,OTHPYR
861.1928,'w',pressed,OTHPYR
865.1057,'w',released,OTHPYR
868.5097,'w',pressed,OTHPYR
869.2607,'w',released,OTHPYR
869.6027,'w',pressed,OTHPYR
870.0198,'w',released,OTHPYR
870.2657,'w',pressed,OTHPYR
870.7087,'w',released,OTHPYR
871.6899,'w',pressed,OTHPYR
872.3787,'w',released,OTHPYR
872.6698,'w',pressed,OTHPYR
874.5056,'w',released,OTHPYR
875.0027,'w',pressed,OTHPYR
880.1606,'w',released,OTHPYR
881.0877,Mouse.left,pressed,OTHPYR
882.9297,Mouse.left,released,OTHPYR
883.6127,Mouse.left,pressed,OTHPYR
883.9396,Mouse.left,released,OTHPYR
900.9567,'w',pressed,OTHPYR
902.0666,'w',released,OTHPYR
902.4987,'w',pressed,OTHPYR
904.4557,'w',released,OTHPYR
904.9427,'w',pressed,OTHPYR
906.8338,Mouse.left,pressed,OTHPYR
906.9508,Mouse.left,released,OTHPYR
907.3196,'w',released,OTHPYR
907.3637,Mouse.left,pressed,OTHPYR
908.1127,Mouse.left,released,OTHPYR
908.2356,Mouse.left,pressed,OTHPYR
909.8147,Mouse.left,released,OTHPYR
910.0499,'w',pressed,OTHPYR
911.5457,'w',released,OTHPYR
912.3149,'w',pressed,OTHPYR
914.1857,Mouse.left,pressed,OTHPYR
914.3527,Mouse.left,released,OTHPYR
918.9028,'w',released,OTHPYR
921.6396,'w',pressed,OTHPYR
923.2767,'w',released,OTHPYR
923.5567,'w',pressed,OTHPYR
924.2238,'w',released,OTHPYR
924.6287,'w',pressed,OTHPYR
925.0617,Mouse.left,pressed,OTHPYR
925.0807,'w',released,OTHPYR
925.1997,Mouse.left,released,OTHPYR
925.5599,'w',pressed,OTHPYR
926.3487,'w',released,OTHPYR
926.4627,'w',pressed,OTHPYR
926.5778,'w',released,OTHPYR
926.6647,'w',pressed,OTHPYR
926.7417,'w',released,OTHPYR
926.8357,'w',pressed,OTHPYR
926.8877,'w',released,OTHPYR
926.9997,'w',pressed,OTHPYR
927.0778,'w',released,OTHPYR
927.1837,'w',pressed,OTHPYR
927.4566,'w',released,OTHPYR
927.7147,'w',pressed,OTHPYR
927.9947,'w',released,OTHPYR
928.1278,'w',pressed,OTHPYR
928.3377,'w',released,OTHPYR
928.4437,'w',pressed,OTHPYR
928.6617,'w',released,OTHPYR
928.7987,'w',pressed,OTHPYR
928.9307,'w',released,OTHPYR
929.0427,'w',pressed,OTHPYR
929.1588,'w',released,OTHPYR
929.2549,'w',pressed,OTHPYR
929.4657,'w',released,OTHPYR
931.4398,'w',pressed,OTHPYR
931.8887,'w',released,OTHPYR
933.0507,'w',pressed,OTHPYR
936.6317,'w',released,OTHPYR
937.4966,Key.esc,pressed,OTHPYR
937.5746,Key.esc,released,OTHPYR
939.3288,Mouse.left,pressed,OTHPYR
939.4341,Mouse.left,released,OTHPYR
